{'project_id': '3130', 'year': '1984', 'x': -1472970, 'y': 2263290, 'plot_id': '24861', 'strata': '41'}
Pandas(Index=0, project_id='3130', plot_id='24861', x=-1472970, y=2263290)
called process_plot
Pandas(Index=0, project_id='3130', plot_id='24861', x=-1472970, y=2263290)
24861
Writing pickle: dev-nlcd-developer timesync/1984/audit/1984_24861_3130.p
..............Failed qa: 1984-04-06T17:35:09.057060Z
..............Failed qa: 1984-04-29T17:40:54.504572Z
Failed qa: 1984-04-29T17:41:18.406575Z
..............Failed qa: 1984-05-08T17:35:23.585069Z
Failed qa: 1984-05-13T17:53:30.1410500Z
............................Failed qa: 1984-05-29T17:53:56.1890690Z
............................Failed qa: 1984-06-09T17:36:12.628547Z
Failed qa: 1984-06-14T17:54:14.4020380Z
..............Failed qa: 1984-06-25T17:36:26.876026Z
Failed qa: 1984-06-30T17:54:26.8880250Z
............................Failed qa: 1984-07-16T17:54:41.9650380Z
Failed qa: 1984-08-26T17:49:47.5280940Z
..............Failed qa: 1984-10-13T17:49:51.0750000Z
Failed qa: 1984-10-13T17:50:38.7360630Z
Failed qa: 1984-10-22T17:43:37.6050440Z
Failed qa: 1984-10-22T17:44:25.4090880Z
Failed qa: 1984-11-21T17:55:49.4710690Z
Failed qa: 1984-11-23T17:43:40.232541Z
Failed qa: 1984-11-23T17:44:04.064047Z
Failed qa: 1984-11-30T17:50:28.3590250Z
Writing pickle: dev-nlcd-developer timesync/1984/audit/1984_24861_3130_qa_rejects.p
Success tracking goes here
