{'project_id': '3130', 'year': '1984', 'x': -818640, 'y': 2131590, 'plot_id': '23351', 'strata': '41'}
Pandas(Index=0, project_id='3130', plot_id='23351', x=-818640, y=2131590)
called process_plot
Pandas(Index=0, project_id='3130', plot_id='23351', x=-818640, y=2131590)
23351
Writing pickle: dev-nlcd-developer timesync/1984/audit/1984_23351_3130.p
Failed qa: 1984-03-15T17:22:51.335515Z
.....................Failed qa: 1984-05-10T17:22:54.0170500Z
............................Failed qa: 1984-06-11T17:23:29.246553Z
..............Failed qa: 1984-06-27T17:23:42.784075Z
..............Failed qa: 1984-07-13T17:23:41.1350880Z
.......Failed qa: 1984-07-29T17:24:39.7130000Z
Failed qa: 1984-08-14T17:24:59.578547Z
..............Failed qa: 1984-09-15T17:25:21.007038Z
Failed qa: 1984-10-17T17:25:06.7460560Z
Failed qa: 1984-11-02T17:25:12.463062Z
Failed qa: 1984-11-04T17:12:38.0780880Z
Failed qa: 1984-11-18T17:25:06.666516Z
Failed qa: 1984-11-20T17:12:33.6140060Z
.......Writing pickle: dev-nlcd-developer timesync/1984/audit/1984_23351_3130_qa_rejects.p
Success tracking goes here
