{'project_id': '3130', 'year': '1984', 'x': -1427550, 'y': 1558620, 'plot_id': '17861', 'strata': '41'}
Pandas(Index=0, project_id='3130', plot_id='17861', x=-1427550, y=1558620)
called process_plot
Pandas(Index=0, project_id='3130', plot_id='17861', x=-1427550, y=1558620)
17861
Writing pickle: dev-nlcd-developer timesync/1984/audit/1984_17861_3130.p
Failed qa: 1984-03-15T17:24:38.6890810Z
Failed qa: 1984-04-06T17:36:08.7050500Z
.......Failed qa: 1984-05-08T17:36:35.220057Z
Failed qa: 1984-05-26T17:24:57.2380000Z
.......Failed qa: 1984-06-09T17:37:24.262541Z
Failed qa: 1984-06-11T17:25:16.6260750Z
Failed qa: 1984-06-18T17:31:34.103025Z
Failed qa: 1984-06-25T17:37:38.509554Z
Failed qa: 1984-06-27T17:25:30.0920630Z
.......Failed qa: 1984-07-13T17:25:40.4280880Z
.......Failed qa: 1984-07-29T17:26:15.1770130Z
Failed qa: 1984-08-05T17:33:04.2290690Z
Failed qa: 1984-08-14T17:26:47.0290130Z
Failed qa: 1984-09-15T17:27:08.3870630Z
.......Failed qa: 1984-10-17T17:27:06.0430250Z
.......Failed qa: 1984-11-02T17:26:59.7750190Z
Writing pickle: dev-nlcd-developer timesync/1984/audit/1984_17861_3130_qa_rejects.p
Success tracking goes here
