{'project_id': '3130', 'year': '1984', 'x': -1039830, 'y': 2260350, 'plot_id': '3086', 'strata': '41'}
Pandas(Index=0, project_id='3130', plot_id='3086', x=-1039830, y=2260350)
called process_plot
Pandas(Index=0, project_id='3130', plot_id='3086', x=-1039830, y=2260350)
3086
Writing pickle: dev-nlcd-developer timesync/1984/audit/1984_3086_3130.p
..............Failed qa: 1984-04-17T17:16:14.267035Z
.......Failed qa: 1984-05-03T17:16:16.688532Z
Failed qa: 1984-05-10T17:22:54.0170500Z
Failed qa: 1984-05-19T17:16:59.8610880Z
.......Failed qa: 1984-06-04T17:17:22.6200630Z
.......Failed qa: 1984-06-18T17:29:58.5670560Z
Failed qa: 1984-06-20T17:17:26.751025Z
..............Failed qa: 1984-07-06T17:17:37.327547Z
..............Failed qa: 1984-07-29T17:24:39.7130000Z
Failed qa: 1984-08-05T17:31:04.7920560Z
.......Failed qa: 1984-09-08T17:19:09.098044Z
.................................................Failed qa: 1984-11-27T17:18:57.520582Z
Writing pickle: dev-nlcd-developer timesync/1984/audit/1984_3086_3130_qa_rejects.p
Success tracking goes here
