{'project_id': '3130', 'year': '1984', 'x': 273570, 'y': 2701530, 'plot_id': '5041', 'strata': '41'}
Pandas(Index=0, project_id='3130', plot_id='5041', x=273570, y=2701530)
called process_plot
Pandas(Index=0, project_id='3130', plot_id='5041', x=273570, y=2701530)
5041
Writing pickle: dev-nlcd-developer timesync/1984/audit/1984_5041_3130.p
..............Failed qa: 1984-04-16T16:31:46.846578Z
Failed qa: 1984-04-18T16:19:25.087522Z
.......Failed qa: 1984-05-04T16:19:29.750557Z
Failed qa: 1984-05-18T16:32:18.833063Z
Failed qa: 1984-05-20T16:20:00.626009Z
.......Failed qa: 1984-06-03T16:32:42.064047Z
Failed qa: 1984-06-05T16:20:10.9380810Z
Failed qa: 1984-06-12T16:26:53.0240440Z
Failed qa: 1984-06-19T16:33:10.4540060Z
Failed qa: 1984-06-21T16:20:38.495562Z
.......Failed qa: 1984-07-05T16:33:09.361016Z
Failed qa: 1984-07-07T16:20:48.719043Z
.......Failed qa: 1984-07-23T16:21:03.1850560Z
.......Failed qa: 1984-08-06T16:33:53.8480380Z
Failed qa: 1984-08-08T16:21:48.072018Z
............................Failed qa: 1984-10-09T16:34:54.1170130Z
.......Failed qa: 1984-11-10T16:34:17.9630440Z
Failed qa: 1984-11-12T16:22:07.192510Z
.......Writing pickle: dev-nlcd-developer timesync/1984/audit/1984_5041_3130_qa_rejects.p
Success tracking goes here
