{'project_id': '3130', 'year': '1984', 'x': 398430, 'y': 2248920, 'plot_id': '16281', 'strata': '41'}
Pandas(Index=0, project_id='3130', plot_id='16281', x=398430, y=2248920)
called process_plot
Pandas(Index=0, project_id='3130', plot_id='16281', x=398430, y=2248920)
16281
Writing pickle: dev-nlcd-developer timesync/1984/audit/1984_16281_3130.p
Failed qa: 1984-03-23T16:08:58.104035Z
.......Failed qa: 1984-04-18T16:20:36.793081Z
Failed qa: 1984-04-20T16:08:14.959091Z
.......Failed qa: 1984-05-04T16:20:29.4700630Z
Failed qa: 1984-05-06T16:08:23.990572Z
.......Failed qa: 1984-05-20T16:21:12.260072Z
.......Failed qa: 1984-06-07T16:09:26.8710440Z
.......Failed qa: 1984-06-21T16:21:50.129537Z
.......Failed qa: 1984-07-07T16:22:00.424047Z
Failed qa: 1984-07-09T16:09:39.759525Z
.......Failed qa: 1984-08-08T16:22:59.705079Z
Failed qa: 1984-08-26T16:11:06.291025Z
Failed qa: 1984-09-11T16:11:10.615559Z
.....................Failed qa: 1984-10-29T16:11:04.470062Z
Failed qa: 1984-11-05T16:17:23.9690940Z
Failed qa: 1984-11-12T16:23:18.828556Z
.......Failed qa: 1984-11-28T16:23:20.279519Z
Writing pickle: dev-nlcd-developer timesync/1984/audit/1984_16281_3130_qa_rejects.p
Success tracking goes here
