{'project_id': '3130', 'year': '1984', 'x': -1877790, 'y': 3090570, 'plot_id': '18731', 'strata': '41'}
Pandas(Index=0, project_id='3130', plot_id='18731', x=-1877790, y=3090570)
called process_plot
Pandas(Index=0, project_id='3130', plot_id='18731', x=-1877790, y=3090570)
18731
Writing pickle: dev-nlcd-developer timesync/1984/audit/1984_18731_3130.p
.......Failed qa: 1984-04-23T18:16:26.114041Z
Failed qa: 1984-05-07T18:28:47.6460810Z
.......Failed qa: 1984-05-23T18:29:16.9590190Z
Failed qa: 1984-05-25T18:17:22.1920630Z
Failed qa: 1984-06-01T18:23:42.5340630Z
Failed qa: 1984-06-08T18:30:01.4690880Z
Failed qa: 1984-06-10T18:17:30.088531Z
.......Failed qa: 1984-06-24T18:30:04.154531Z
Failed qa: 1984-06-26T18:17:43.902054Z
.......Failed qa: 1984-07-10T18:30:13.604563Z
.......Failed qa: 1984-07-26T18:30:33.0340310Z
Failed qa: 1984-07-28T18:18:27.526019Z
.......Failed qa: 1984-08-11T18:31:17.417538Z
Failed qa: 1984-08-29T18:19:19.154029Z
Failed qa: 1984-09-12T18:31:32.2040130Z
Failed qa: 1984-09-14T18:19:22.742041Z
Failed qa: 1984-09-28T18:31:33.1480690Z
Failed qa: 1984-09-30T18:19:23.251047Z
.......Failed qa: 1984-10-16T18:19:08.7530380Z
Failed qa: 1984-10-30T18:31:25.3450000Z
Failed qa: 1984-11-08T18:25:33.8290440Z
Failed qa: 1984-11-24T18:25:32.4470060Z
Failed qa: 1984-12-01T18:31:21.6430440Z
Writing pickle: dev-nlcd-developer timesync/1984/audit/1984_18731_3130_qa_rejects.p
Success tracking goes here
