{'project_id': '3130', 'year': '1984', 'x': 319350, 'y': 2402340, 'plot_id': '11596', 'strata': '41'}
Pandas(Index=0, project_id='3130', plot_id='11596', x=319350, y=2402340)
called process_plot
Pandas(Index=0, project_id='3130', plot_id='11596', x=319350, y=2402340)
11596
Writing pickle: dev-nlcd-developer timesync/1984/audit/1984_11596_3130.p
.......Failed qa: 1984-03-23T16:08:34.273569Z
Failed qa: 1984-04-11T16:14:01.722541Z
.......Failed qa: 1984-04-27T16:14:00.122547Z
.......Failed qa: 1984-05-13T16:14:37.0170440Z
.......Failed qa: 1984-05-29T16:14:51.011022Z
Failed qa: 1984-06-12T16:27:16.8540880Z
Failed qa: 1984-06-14T16:15:09.229084Z
.......Failed qa: 1984-06-28T16:27:30.0740190Z
Failed qa: 1984-06-30T16:15:21.761528Z
.......Failed qa: 1984-07-16T16:15:36.710047Z
Failed qa: 1984-08-08T16:22:47.7900630Z
Failed qa: 1984-08-26T16:10:54.4470440Z
Failed qa: 1984-09-11T16:10:58.7720250Z
Failed qa: 1984-09-18T16:16:58.278028Z
Failed qa: 1984-10-04T16:16:58.138060Z
Failed qa: 1984-10-20T16:16:54.820069Z
Failed qa: 1984-11-03T16:28:58.6890440Z
Failed qa: 1984-11-05T16:16:36.1640750Z
.......Failed qa: 1984-11-19T16:28:53.5340810Z
Failed qa: 1984-11-21T16:16:44.406018Z
Failed qa: 1984-11-28T16:23:08.4350250Z
Writing pickle: dev-nlcd-developer timesync/1984/audit/1984_11596_3130_qa_rejects.p
Success tracking goes here
