{'project_id': '3130', 'year': '1984', 'x': -1229070, 'y': 1943910, 'plot_id': '18501', 'strata': '41'}
Pandas(Index=0, project_id='3130', plot_id='18501', x=-1229070, y=1943910)
called process_plot
Pandas(Index=0, project_id='3130', plot_id='18501', x=-1229070, y=1943910)
18501
Writing pickle: dev-nlcd-developer timesync/1984/audit/1984_18501_3130.p
Failed qa: 1984-03-15T17:23:51.1820940Z
Failed qa: 1984-04-06T17:35:21.0440250Z
.......Failed qa: 1984-05-01T17:29:33.9350880Z
Failed qa: 1984-05-08T17:35:47.630044Z
Failed qa: 1984-05-10T17:23:41.9640380Z
Failed qa: 1984-05-26T17:24:09.7190560Z
.......Failed qa: 1984-06-09T17:36:36.601560Z
Failed qa: 1984-06-11T17:24:29.1080500Z
.......Failed qa: 1984-06-25T17:36:50.920519Z
Failed qa: 1984-06-27T17:24:42.5740630Z
.......Failed qa: 1984-07-13T17:24:52.7680690Z
.......Failed qa: 1984-07-29T17:25:27.5160440Z
.......Failed qa: 1984-08-14T17:25:59.3680630Z
.......Failed qa: 1984-10-17T17:26:18.3810750Z
..............Failed qa: 1984-11-18T17:26:06.5300380Z
Writing pickle: dev-nlcd-developer timesync/1984/audit/1984_18501_3130_qa_rejects.p
Success tracking goes here
