{'project_id': '3130', 'year': '1984', 'x': -1234890, 'y': 1234230, 'plot_id': '10661', 'strata': '41'}
Pandas(Index=0, project_id='3130', plot_id='10661', x=-1234890, y=1234230)
called process_plot
Pandas(Index=0, project_id='3130', plot_id='10661', x=-1234890, y=1234230)
10661
Writing pickle: dev-nlcd-developer timesync/1984/audit/1984_10661_3130.p
Failed qa: 1984-03-15T17:25:14.569513Z
.......Failed qa: 1984-05-03T17:18:28.0430000Z
Failed qa: 1984-05-10T17:25:17.2870250Z
Failed qa: 1984-05-26T17:25:45.0410810Z
.......Failed qa: 1984-06-11T17:25:52.514566Z
.......Failed qa: 1984-06-27T17:26:05.980081Z
.......Failed qa: 1984-07-13T17:26:04.2590000Z
Failed qa: 1984-07-29T17:26:39.1500190Z
Failed qa: 1984-08-14T17:27:22.845538Z
Failed qa: 1984-09-15T17:27:32.3600880Z
Failed qa: 1984-10-17T17:27:41.860531Z
Failed qa: 1984-11-02T17:27:47.5800130Z
Failed qa: 1984-11-18T17:27:29.939556Z
.......Writing pickle: dev-nlcd-developer timesync/1984/audit/1984_10661_3130_qa_rejects.p
Success tracking goes here
