{'project_id': '3130', 'year': '1984', 'x': -1217490, 'y': 2355780, 'plot_id': '17926', 'strata': '41'}
Pandas(Index=0, project_id='3130', plot_id='17926', x=-1217490, y=2355780)
called process_plot
Pandas(Index=0, project_id='3130', plot_id='17926', x=-1217490, y=2355780)
17926
Writing pickle: dev-nlcd-developer timesync/1984/audit/1984_17926_3130.p
Failed qa: 1984-03-15T17:22:51.335515Z
Failed qa: 1984-03-23T17:47:27.2370630Z
..............Failed qa: 1984-04-13T17:40:57.419013Z
Failed qa: 1984-04-13T17:40:45.5750130Z
Failed qa: 1984-04-15T17:28:12.037069Z
Failed qa: 1984-04-29T17:40:42.518056Z
Failed qa: 1984-04-29T17:40:30.602572Z
Failed qa: 1984-05-01T17:28:22.087044Z
Failed qa: 1984-05-06T17:47:05.4160690Z
Failed qa: 1984-05-08T17:35:11.5270630Z
Failed qa: 1984-05-08T17:34:23.8660310Z
Failed qa: 1984-05-15T17:41:12.200569Z
Failed qa: 1984-05-15T17:40:48.2270750Z
Failed qa: 1984-05-22T17:47:23.267081Z
Failed qa: 1984-05-31T17:41:49.177538Z
Failed qa: 1984-05-31T17:41:37.2620630Z
Failed qa: 1984-06-02T17:29:17.962581Z
Failed qa: 1984-06-07T17:47:44.319506Z
Failed qa: 1984-06-09T17:36:00.6420380Z
Failed qa: 1984-06-11T17:23:29.246553Z
Failed qa: 1984-06-18T17:29:34.665531Z
Failed qa: 1984-06-23T17:47:59.265560Z
..............Failed qa: 1984-06-27T17:23:30.9400940Z
Failed qa: 1984-07-02T17:42:06.354562Z
Failed qa: 1984-07-02T17:41:42.4530440Z
Failed qa: 1984-07-04T17:29:45.855031Z
Failed qa: 1984-07-09T17:48:08.982551Z
Failed qa: 1984-07-13T17:23:41.1350880Z
Failed qa: 1984-07-20T17:30:07.348060Z
Failed qa: 1984-07-29T17:24:39.7130000Z
Failed qa: 1984-08-05T17:31:04.7920560Z
Failed qa: 1984-08-05T17:30:40.890543Z
Failed qa: 1984-08-14T17:24:59.578547Z
Failed qa: 1984-08-26T17:49:47.5280940Z
Failed qa: 1984-09-15T17:25:21.007038Z
Failed qa: 1984-09-20T17:43:53.869065Z
Failed qa: 1984-09-22T17:31:32.387028Z
Failed qa: 1984-09-22T17:31:32.387028Z
Failed qa: 1984-10-13T17:49:51.0750000Z
Failed qa: 1984-10-17T17:25:06.7460560Z
Failed qa: 1984-10-22T17:43:25.618069Z
Failed qa: 1984-10-22T17:43:25.618069Z
Failed qa: 1984-10-24T17:31:15.3640310Z
Failed qa: 1984-11-02T17:25:00.6190440Z
Failed qa: 1984-11-09T17:30:55.710000Z
Failed qa: 1984-11-18T17:24:54.7510000Z
Failed qa: 1984-11-23T17:43:28.174041Z
Failed qa: 1984-11-23T17:43:16.329544Z
Writing pickle: dev-nlcd-developer timesync/1984/audit/1984_17926_3130_qa_rejects.p
Success tracking goes here
