{'project_id': '3130', 'year': '1984', 'x': -1389240, 'y': 2980080, 'plot_id': '19251', 'strata': '41'}
Pandas(Index=0, project_id='3130', plot_id='19251', x=-1389240, y=2980080)
called process_plot
Pandas(Index=0, project_id='3130', plot_id='19251', x=-1389240, y=2980080)
19251
Writing pickle: dev-nlcd-developer timesync/1984/audit/1984_19251_3130.p
.......Failed qa: 1984-04-18T17:58:06.3880000Z
Failed qa: 1984-04-25T18:04:03.971557Z
.....................Failed qa: 1984-05-20T17:58:41.9800440Z
Failed qa: 1984-05-27T18:05:03.4060810Z
.......Failed qa: 1984-06-12T18:05:10.475063Z
.......Failed qa: 1984-06-28T18:05:23.655516Z
..............Failed qa: 1984-07-14T18:05:35.525522Z
..............Failed qa: 1984-07-30T18:06:10.094022Z
..............Failed qa: 1984-08-15T18:06:41.706525Z
..............Failed qa: 1984-08-31T18:06:58.082022Z
.......Failed qa: 1984-09-16T18:07:01.238069Z
Failed qa: 1984-10-02T18:07:13.3640190Z
.......Failed qa: 1984-10-18T18:07:10.4960060Z
.......Failed qa: 1984-11-03T18:07:04.0830000Z
..............Writing pickle: dev-nlcd-developer timesync/1984/audit/1984_19251_3130_qa_rejects.p
Success tracking goes here
