{'project_id': '3130', 'year': '1984', 'x': 587370, 'y': 2510010, 'plot_id': '4661', 'strata': '41'}
Pandas(Index=0, project_id='3130', plot_id='4661', x=587370, y=2510010)
called process_plot
Pandas(Index=0, project_id='3130', plot_id='4661', x=587370, y=2510010)
4661
Writing pickle: dev-nlcd-developer timesync/1984/audit/1984_4661_3130.p
..............Failed qa: 1984-04-06T15:54:52.2370560Z
Failed qa: 1984-04-11T16:13:37.820534Z
Failed qa: 1984-04-18T16:19:37.0030060Z
..............Failed qa: 1984-04-22T15:54:53.2440750Z
Failed qa: 1984-04-27T16:13:36.220088Z
Failed qa: 1984-04-29T16:01:13.501563Z
Failed qa: 1984-05-04T16:19:41.6660440Z
..............Failed qa: 1984-05-13T16:13:49.0700750Z
Failed qa: 1984-05-20T16:20:12.4700060Z
..............Failed qa: 1984-05-29T16:14:27.109032Z
Failed qa: 1984-05-31T16:01:56.2340310Z
Failed qa: 1984-06-09T15:55:55.8830440Z
Failed qa: 1984-06-14T16:14:45.327557Z
Failed qa: 1984-06-16T16:02:25.532560Z
Failed qa: 1984-06-21T16:20:50.4110310Z
Failed qa: 1984-06-25T15:56:10.1260810Z
Failed qa: 1984-06-30T16:14:57.859562Z
Failed qa: 1984-07-02T16:02:25.4510630Z
Failed qa: 1984-07-07T16:21:00.6340560Z
..............Failed qa: 1984-07-11T15:56:31.215553Z
Failed qa: 1984-07-16T16:15:12.737037Z
Failed qa: 1984-07-18T16:02:43.6580310Z
Failed qa: 1984-07-27T15:56:52.1860880Z
Failed qa: 1984-08-03T16:03:17.5230940Z
Failed qa: 1984-08-08T16:21:59.9870310Z
Failed qa: 1984-08-12T15:57:24.4170500Z
Failed qa: 1984-08-19T16:03:48.3290560Z
..............Failed qa: 1984-08-28T15:57:57.540041Z
Failed qa: 1984-09-04T16:04:22.4850880Z
Failed qa: 1984-09-04T16:04:10.570069Z
..............Failed qa: 1984-09-13T15:58:01.366522Z
Failed qa: 1984-09-18T16:16:34.376040Z
Failed qa: 1984-09-20T16:04:01.0520190Z
Failed qa: 1984-09-29T15:58:02.142050Z
Failed qa: 1984-10-04T16:16:34.236059Z
Failed qa: 1984-10-06T16:04:24.3500310Z
Failed qa: 1984-10-06T16:04:12.434550Z
..............Failed qa: 1984-10-15T15:58:11.7890310Z
Failed qa: 1984-10-20T16:16:30.918047Z
Failed qa: 1984-10-22T16:04:08.664534Z
..............Failed qa: 1984-10-31T15:57:54.054566Z
Failed qa: 1984-11-05T16:16:24.248566Z
Failed qa: 1984-11-07T16:04:01.560547Z
Failed qa: 1984-11-12T16:22:19.1080190Z
Failed qa: 1984-11-21T16:16:20.503035Z
Failed qa: 1984-11-23T16:03:59.225538Z
Writing pickle: dev-nlcd-developer timesync/1984/audit/1984_4661_3130_qa_rejects.p
Success tracking goes here
