{'project_id': '3130', 'year': '1984', 'x': -2256540, 'y': 2405760, 'plot_id': '7451', 'strata': '41'}
Pandas(Index=0, project_id='3130', plot_id='7451', x=-2256540, y=2405760)
called process_plot
Pandas(Index=0, project_id='3130', plot_id='7451', x=-2256540, y=2405760)
7451
Writing pickle: dev-nlcd-developer timesync/1984/audit/1984_7451_3130.p
.......Failed qa: 1984-04-16T18:12:27.5260380Z
Failed qa: 1984-05-02T18:12:03.8330750Z
.......Failed qa: 1984-05-18T18:12:47.546035Z
Failed qa: 1984-05-25T18:19:21.6300880Z
.......Failed qa: 1984-06-03T18:13:22.7770060Z
Failed qa: 1984-06-10T18:19:29.454566Z
.......Failed qa: 1984-06-26T18:19:43.267553Z
.......Failed qa: 1984-07-05T18:13:37.982550Z
.......Failed qa: 1984-07-28T18:20:26.962559Z
.......Failed qa: 1984-08-06T18:14:34.495519Z
Failed qa: 1984-09-07T18:15:10.143544Z
.......Failed qa: 1984-09-23T18:14:59.9100000Z
.......Failed qa: 1984-10-25T18:15:06.306066Z
Failed qa: 1984-11-17T18:20:55.6760940Z
Writing pickle: dev-nlcd-developer timesync/1984/audit/1984_7451_3130_qa_rejects.p
Success tracking goes here
