{'project_id': '3130', 'year': '1984', 'x': 747630, 'y': 1811460, 'plot_id': '5886', 'strata': '41'}
Pandas(Index=0, project_id='3130', plot_id='5886', x=747630, y=1811460)
called process_plot
Pandas(Index=0, project_id='3130', plot_id='5886', x=747630, y=1811460)
5886
Writing pickle: dev-nlcd-developer timesync/1984/audit/1984_5886_3130.p
Failed qa: 1984-03-15T15:44:57.9920130Z
Failed qa: 1984-03-15T15:45:09.833007Z
..............Failed qa: 1984-04-22T15:57:16.5130940Z
Failed qa: 1984-04-24T15:44:54.3630250Z
Failed qa: 1984-05-01T15:50:28.646544Z
Failed qa: 1984-05-01T15:50:52.477044Z
............................Failed qa: 1984-06-11T15:45:35.8000130Z
Failed qa: 1984-06-11T15:45:47.643551Z
Failed qa: 1984-06-18T15:51:41.326588Z
Failed qa: 1984-06-18T15:52:05.157072Z
Failed qa: 1984-06-27T15:45:49.3690000Z
Failed qa: 1984-06-27T15:46:01.212532Z
..............Failed qa: 1984-07-13T15:46:11.275531Z
Failed qa: 1984-07-29T15:46:34.3190750Z
Failed qa: 1984-07-29T15:46:46.163063Z
......................................................................Failed qa: 1984-10-01T15:47:28.0260560Z
Failed qa: 1984-10-01T15:47:39.870062Z
Failed qa: 1984-10-24T15:53:21.957035Z
Failed qa: 1984-10-24T15:53:33.9440060Z
..............Failed qa: 1984-11-09T15:53:49.9390500Z
Failed qa: 1984-11-25T15:53:13.619010Z
Failed qa: 1984-11-25T15:53:37.450509Z
Writing pickle: dev-nlcd-developer timesync/1984/audit/1984_5886_3130_qa_rejects.p
Success tracking goes here
