{'project_id': '3130', 'year': '1984', 'x': 632490, 'y': 2511660, 'plot_id': '3001', 'strata': '41'}
Pandas(Index=0, project_id='3130', plot_id='3001', x=632490, y=2511660)
called process_plot
Pandas(Index=0, project_id='3130', plot_id='3001', x=632490, y=2511660)
3001
Writing pickle: dev-nlcd-developer timesync/1984/audit/1984_3001_3130.p
.......Failed qa: 1984-04-06T15:54:52.2370560Z
.......Failed qa: 1984-04-22T15:54:53.2440750Z
.....................Failed qa: 1984-05-31T16:01:56.2340310Z
Failed qa: 1984-06-09T15:55:55.8830440Z
.......Failed qa: 1984-06-25T15:56:10.1260810Z
Failed qa: 1984-07-02T16:02:25.4510630Z
.......Failed qa: 1984-07-11T15:56:31.215553Z
Failed qa: 1984-07-18T16:02:43.6580310Z
Failed qa: 1984-07-27T15:56:52.1860880Z
Failed qa: 1984-08-03T16:03:17.5230940Z
Failed qa: 1984-08-12T15:57:24.4170500Z
Failed qa: 1984-08-19T16:03:48.3290560Z
.......Failed qa: 1984-08-28T15:57:57.540041Z
..............Failed qa: 1984-09-13T15:58:01.366522Z
Failed qa: 1984-09-20T16:04:01.0520190Z
Failed qa: 1984-09-29T15:58:02.142050Z
..............Failed qa: 1984-10-15T15:58:11.7890310Z
..............Failed qa: 1984-10-31T15:57:54.054566Z
..............Writing pickle: dev-nlcd-developer timesync/1984/audit/1984_3001_3130_qa_rejects.p
Success tracking goes here
