{'project_id': '3130', 'year': '1984', 'x': -1279260, 'y': 2583330, 'plot_id': '16111', 'strata': '41'}
Pandas(Index=0, project_id='3130', plot_id='16111', x=-1279260, y=2583330)
called process_plot
Pandas(Index=0, project_id='3130', plot_id='16111', x=-1279260, y=2583330)
16111
Writing pickle: dev-nlcd-developer timesync/1984/audit/1984_16111_3130.p
Failed qa: 1984-03-23T17:46:51.349069Z
Failed qa: 1984-04-06T17:34:09.2670000Z
Failed qa: 1984-04-27T17:52:17.4310880Z
..............Failed qa: 1984-05-13T17:52:42.3370440Z
..............Failed qa: 1984-05-29T17:53:08.3850880Z
Failed qa: 1984-05-31T17:40:49.4590060Z
.......Failed qa: 1984-06-14T17:53:26.5980810Z
.......Failed qa: 1984-06-30T17:53:39.0850000Z
..............Failed qa: 1984-07-16T17:53:54.1610880Z
Failed qa: 1984-07-18T17:41:36.9640880Z
Failed qa: 1984-07-25T17:47:39.1030130Z
............................Failed qa: 1984-11-30T17:48:29.0590310Z
Writing pickle: dev-nlcd-developer timesync/1984/audit/1984_16111_3130_qa_rejects.p
Success tracking goes here
