{'project_id': '3130', 'year': '1984', 'x': 427560, 'y': 1350570, 'plot_id': '21881', 'strata': '41'}
Pandas(Index=0, project_id='3130', plot_id='21881', x=427560, y=1350570)
called process_plot
Pandas(Index=0, project_id='3130', plot_id='21881', x=427560, y=1350570)
21881
Writing pickle: dev-nlcd-developer timesync/1984/audit/1984_21881_3130.p
Failed qa: 1984-04-11T16:16:36.9790060Z
Failed qa: 1984-04-20T16:10:50.2160500Z
Failed qa: 1984-04-27T16:16:23.463553Z
.......Failed qa: 1984-05-13T16:16:48.228551Z
.......Failed qa: 1984-05-29T16:17:14.279569Z
.......Failed qa: 1984-06-14T16:17:32.497535Z
..............Failed qa: 1984-06-30T16:17:45.028566Z
.......Failed qa: 1984-07-16T16:17:59.978037Z
.......Failed qa: 1984-09-02T16:19:30.7500940Z
..............Failed qa: 1984-09-18T16:19:21.546569Z
Failed qa: 1984-10-04T16:19:21.479047Z
..............Failed qa: 1984-11-05T16:19:11.424044Z
.......Failed qa: 1984-11-21T16:19:07.680025Z
..............Writing pickle: dev-nlcd-developer timesync/1984/audit/1984_21881_3130_qa_rejects.p
Success tracking goes here
