{'project_id': '3130', 'year': '1984', 'x': -692160, 'y': 1184490, 'plot_id': '15951', 'strata': '41'}
Pandas(Index=0, project_id='3130', plot_id='15951', x=-692160, y=1184490)
called process_plot
Pandas(Index=0, project_id='3130', plot_id='15951', x=-692160, y=1184490)
15951
Writing pickle: dev-nlcd-developer timesync/1984/audit/1984_15951_3130.p
Failed qa: 1984-04-14T16:48:07.240569Z
Failed qa: 1984-05-16T16:48:23.8860750Z
Failed qa: 1984-05-23T16:55:10.3740250Z
Failed qa: 1984-06-01T16:49:00.058025Z
.......Failed qa: 1984-06-15T17:01:36.937035Z
Failed qa: 1984-06-17T16:49:17.227531Z
.......Failed qa: 1984-07-01T17:01:25.284079Z
Failed qa: 1984-07-10T16:55:07.2630060Z
Failed qa: 1984-07-17T17:01:41.909569Z
Failed qa: 1984-09-03T17:03:10.650035Z
Failed qa: 1984-09-19T17:03:01.302054Z
.......Failed qa: 1984-10-21T17:03:33.1250380Z
.......Failed qa: 1984-11-06T17:02:50.525016Z
Failed qa: 1984-11-08T16:50:51.572550Z
.......Writing pickle: dev-nlcd-developer timesync/1984/audit/1984_15951_3130_qa_rejects.p
Success tracking goes here
