{'project_id': '3130', 'year': '1984', 'x': -1662690, 'y': 1511550, 'plot_id': '19106', 'strata': '41'}
Pandas(Index=0, project_id='3130', plot_id='19106', x=-1662690, y=1511550)
called process_plot
Pandas(Index=0, project_id='3130', plot_id='19106', x=-1662690, y=1511550)
19106
Writing pickle: dev-nlcd-developer timesync/1984/audit/1984_19106_3130.p
Failed qa: 1984-03-23T17:49:38.017550Z
Failed qa: 1984-03-23T17:49:49.9330060Z
....................................................................................Failed qa: 1984-05-06T17:49:16.628047Z
Failed qa: 1984-05-06T17:49:28.5430880Z
Failed qa: 1984-05-08T17:37:34.9400130Z
Failed qa: 1984-05-08T17:36:35.220057Z
Failed qa: 1984-05-08T17:37:11.037554Z
............................Failed qa: 1984-05-22T17:49:46.536540Z
Failed qa: 1984-05-22T17:49:58.4520250Z
............................Failed qa: 1984-06-02T17:31:17.4010190Z
Failed qa: 1984-06-02T17:31:41.303009Z
Failed qa: 1984-06-07T17:50:07.587054Z
Failed qa: 1984-06-07T17:50:19.5740130Z
Failed qa: 1984-06-09T17:38:23.9100380Z
Failed qa: 1984-06-09T17:37:24.262541Z
Failed qa: 1984-06-09T17:38:00.079544Z
............................Failed qa: 1984-06-18T17:31:58.0050000Z
Failed qa: 1984-06-18T17:32:09.991506Z
Failed qa: 1984-06-23T17:50:22.533050Z
Failed qa: 1984-06-23T17:50:34.5200060Z
.................................................Failed qa: 1984-07-04T17:31:45.3640000Z
Failed qa: 1984-07-09T17:50:32.250053Z
Failed qa: 1984-07-09T17:50:44.1650750Z
Failed qa: 1984-07-20T17:32:18.772031Z
Failed qa: 1984-07-20T17:32:30.758535Z
Failed qa: 1984-08-05T17:33:04.2290690Z
Failed qa: 1984-08-05T17:33:04.2290690Z
Failed qa: 1984-08-26T17:51:58.809535Z
Failed qa: 1984-08-26T17:52:10.7960380Z
............................Failed qa: 1984-09-22T17:33:31.754032Z
Failed qa: 1984-09-22T17:33:43.741000Z
Failed qa: 1984-10-13T17:52:02.215044Z
Failed qa: 1984-10-13T17:52:14.2020130Z
............................Failed qa: 1984-10-24T17:33:26.576519Z
Failed qa: 1984-10-24T17:33:38.563044Z
............................Failed qa: 1984-11-30T17:51:51.983050Z
Failed qa: 1984-11-30T17:52:03.9700560Z
Writing pickle: dev-nlcd-developer timesync/1984/audit/1984_19106_3130_qa_rejects.p
Success tracking goes here
