{'project_id': '3130', 'year': '1984', 'x': 137700, 'y': 2489700, 'plot_id': '10031', 'strata': '41'}
Pandas(Index=0, project_id='3130', plot_id='10031', x=137700, y=2489700)
called process_plot
Pandas(Index=0, project_id='3130', plot_id='10031', x=137700, y=2489700)
10031
Writing pickle: dev-nlcd-developer timesync/1984/audit/1984_10031_3130.p
Failed qa: 1984-03-16T16:22:59.448091Z
Failed qa: 1984-04-07T16:38:20.306040Z
..............Failed qa: 1984-04-18T16:19:48.918044Z
..............Failed qa: 1984-05-04T16:19:53.581532Z
..............Failed qa: 1984-05-20T16:20:24.385040Z
Failed qa: 1984-05-25T16:38:52.8840190Z
........................................................Failed qa: 1984-06-21T16:21:02.326050Z
Failed qa: 1984-06-26T16:39:38.473072Z
............................Failed qa: 1984-07-07T16:21:12.549072Z
..............Failed qa: 1984-08-08T16:21:59.9870310Z
Failed qa: 1984-08-29T16:41:13.663078Z
..............Failed qa: 1984-09-07T16:35:17.2270190Z
Failed qa: 1984-09-07T16:35:17.2270190Z
..............Failed qa: 1984-11-01T16:41:09.341506Z
..............Failed qa: 1984-11-12T16:22:31.023535Z
..............Writing pickle: dev-nlcd-developer timesync/1984/audit/1984_10031_3130_qa_rejects.p
Success tracking goes here
