{'project_id': '3130', 'year': '1984', 'x': -2055060, 'y': 2260620, 'plot_id': '846', 'strata': '41'}
Pandas(Index=0, project_id='3130', plot_id='846', x=-2055060, y=2260620)
called process_plot
Pandas(Index=0, project_id='3130', plot_id='846', x=-2055060, y=2260620)
846
Writing pickle: dev-nlcd-developer timesync/1984/audit/1984_0846_3130.p
.......Failed qa: 1984-04-25T18:06:15.326522Z
Failed qa: 1984-05-02T18:12:27.878053Z
Failed qa: 1984-05-11T18:06:23.773569Z
.......Failed qa: 1984-05-25T18:19:21.6300880Z
Failed qa: 1984-05-27T18:07:14.831037Z
.......Failed qa: 1984-06-10T18:19:29.454566Z
Failed qa: 1984-06-12T18:07:09.841547Z
Failed qa: 1984-06-19T18:14:03.0900190Z
Failed qa: 1984-06-26T18:19:43.267553Z
Failed qa: 1984-06-28T18:07:35.007060Z
.......Failed qa: 1984-07-14T18:07:46.9490060Z
Failed qa: 1984-07-23T18:01:55.8200810Z
Failed qa: 1984-07-28T18:20:39.0200940Z
.......Failed qa: 1984-08-08T18:02:40.800588Z
.......Failed qa: 1984-09-16T18:09:12.591062Z
Failed qa: 1984-09-23T18:15:23.954510Z
Failed qa: 1984-10-02T18:09:12.802563Z
Failed qa: 1984-10-18T18:09:09.934566Z
.......Failed qa: 1984-11-17T18:20:55.6760940Z
Failed qa: 1984-11-19T18:08:46.453575Z
Writing pickle: dev-nlcd-developer timesync/1984/audit/1984_0846_3130_qa_rejects.p
Success tracking goes here
