{'project_id': '3130', 'year': '1984', 'x': -1181430, 'y': 1955250, 'plot_id': '7821', 'strata': '41'}
Pandas(Index=0, project_id='3130', plot_id='7821', x=-1181430, y=1955250)
called process_plot
Pandas(Index=0, project_id='3130', plot_id='7821', x=-1181430, y=1955250)
7821
Writing pickle: dev-nlcd-developer timesync/1984/audit/1984_7821_3130.p
..............Failed qa: 1984-04-17T17:17:02.142544Z
Failed qa: 1984-05-01T17:29:33.9350880Z
Failed qa: 1984-05-03T17:17:16.5510000Z
.......Failed qa: 1984-05-19T17:17:35.892578Z
..............Failed qa: 1984-06-04T17:17:58.579587Z
Failed qa: 1984-06-11T17:24:29.1080500Z
.......Failed qa: 1984-06-20T17:18:14.554062Z
..............Failed qa: 1984-07-06T17:18:25.202522Z
Failed qa: 1984-07-13T17:24:52.7680690Z
............................Failed qa: 1984-09-08T17:19:44.9860750Z
..............Failed qa: 1984-10-17T17:26:18.3810750Z
............................Failed qa: 1984-11-27T17:19:45.398053Z
Writing pickle: dev-nlcd-developer timesync/1984/audit/1984_7821_3130_qa_rejects.p
Success tracking goes here
