{'project_id': '3130', 'year': '1984', 'x': -992160, 'y': 2278020, 'plot_id': '14281', 'strata': '41'}
Pandas(Index=0, project_id='3130', plot_id='14281', x=-992160, y=2278020)
called process_plot
Pandas(Index=0, project_id='3130', plot_id='14281', x=-992160, y=2278020)
14281
Writing pickle: dev-nlcd-developer timesync/1984/audit/1984_14281_3130.p
.......Failed qa: 1984-04-15T17:28:12.037069Z
Failed qa: 1984-04-17T17:16:02.4230310Z
.......Failed qa: 1984-05-03T17:16:04.7730440Z
Failed qa: 1984-05-10T17:22:06.2130380Z
Failed qa: 1984-05-26T17:22:33.9690380Z
Failed qa: 1984-06-02T17:29:06.119043Z
.......Failed qa: 1984-06-18T17:29:10.7640060Z
Failed qa: 1984-06-20T17:17:14.8360060Z
.......Failed qa: 1984-07-04T17:29:34.011051Z
Failed qa: 1984-07-06T17:17:25.4120810Z
.......Failed qa: 1984-07-20T17:29:55.504078Z
Failed qa: 1984-07-29T17:23:51.7660940Z
Failed qa: 1984-08-05T17:30:16.9890310Z
.......Failed qa: 1984-09-08T17:18:57.1830250Z
.......Failed qa: 1984-09-22T17:31:20.5430380Z
.......Failed qa: 1984-10-24T17:31:15.3640310Z
.......Failed qa: 1984-11-09T17:30:55.710000Z
.......Failed qa: 1984-11-27T17:18:45.6760880Z
Writing pickle: dev-nlcd-developer timesync/1984/audit/1984_14281_3130_qa_rejects.p
Success tracking goes here
