{'project_id': '3130', 'year': '1984', 'x': 1468920, 'y': 703470, 'plot_id': '22021', 'strata': '41'}
Pandas(Index=0, project_id='3130', plot_id='22021', x=1468920, y=703470)
called process_plot
Pandas(Index=0, project_id='3130', plot_id='22021', x=1468920, y=703470)
22021
Writing pickle: dev-nlcd-developer timesync/1984/audit/1984_22021_3130.p
.......Failed qa: 1984-04-19T15:28:58.227032Z
Failed qa: 1984-05-05T15:29:04.996513Z
.......Failed qa: 1984-05-21T15:29:35.329576Z
Failed qa: 1984-05-23T15:17:28.7840000Z
Failed qa: 1984-06-06T15:29:57.021050Z
Failed qa: 1984-06-08T15:17:49.4520810Z
.......Failed qa: 1984-06-22T15:30:12.350566Z
Failed qa: 1984-06-24T15:18:04.0820250Z
.......Failed qa: 1984-07-08T15:30:22.365535Z
.......Failed qa: 1984-08-27T15:19:28.166031Z
.......Failed qa: 1984-09-26T15:32:06.7300630Z
.......Failed qa: 1984-10-12T15:31:53.121507Z
..............Failed qa: 1984-11-13T15:31:39.775550Z
Writing pickle: dev-nlcd-developer timesync/1984/audit/1984_22021_3130_qa_rejects.p
Success tracking goes here
