{'project_id': '3130', 'year': '1984', 'x': -766890, 'y': 2226690, 'plot_id': '2646', 'strata': '41'}
Pandas(Index=0, project_id='3130', plot_id='2646', x=-766890, y=2226690)
called process_plot
Pandas(Index=0, project_id='3130', plot_id='2646', x=-766890, y=2226690)
2646
Writing pickle: dev-nlcd-developer timesync/1984/audit/1984_2646_3130.p
Failed qa: 1984-03-15T17:22:51.335515Z
..........................................Failed qa: 1984-05-05T17:04:11.2310440Z
Failed qa: 1984-05-10T17:22:54.0170500Z
..............Failed qa: 1984-05-19T17:16:59.8610880Z
Failed qa: 1984-05-21T17:04:29.791532Z
..............Failed qa: 1984-06-04T17:17:22.6200630Z
Failed qa: 1984-06-06T17:04:51.352035Z
Failed qa: 1984-06-11T17:23:29.246553Z
............................Failed qa: 1984-06-22T17:05:06.671547Z
Failed qa: 1984-06-27T17:23:42.784075Z
............................Failed qa: 1984-07-08T17:05:16.687041Z
Failed qa: 1984-07-13T17:23:41.1350880Z
..............Failed qa: 1984-07-24T17:05:44.693540Z
Failed qa: 1984-07-29T17:24:39.7130000Z
Failed qa: 1984-08-14T17:24:59.578547Z
Failed qa: 1984-08-18T17:00:35.5850250Z
Failed qa: 1984-08-25T17:06:31.4630560Z
..............Failed qa: 1984-09-03T17:00:47.3110250Z
Failed qa: 1984-09-08T17:19:09.098044Z
Failed qa: 1984-09-08T17:18:57.1830250Z
Failed qa: 1984-09-10T17:06:47.831015Z
Failed qa: 1984-09-15T17:25:21.007038Z
Failed qa: 1984-09-19T17:00:49.8770750Z
Failed qa: 1984-09-26T17:06:49.131557Z
Failed qa: 1984-10-17T17:25:06.7460560Z
Failed qa: 1984-11-02T17:25:12.463062Z
..............Failed qa: 1984-11-13T17:06:33.950038Z
Failed qa: 1984-11-18T17:25:06.666516Z
............................Writing pickle: dev-nlcd-developer timesync/1984/audit/1984_2646_3130_qa_rejects.p
Success tracking goes here
