{'project_id': '3130', 'year': '1984', 'x': 222180, 'y': 2391180, 'plot_id': '4366', 'strata': '41'}
Pandas(Index=0, project_id='3130', plot_id='4366', x=222180, y=2391180)
called process_plot
Pandas(Index=0, project_id='3130', plot_id='4366', x=222180, y=2391180)
4366
Writing pickle: dev-nlcd-developer timesync/1984/audit/1984_4366_3130.p
.......Failed qa: 1984-04-16T16:32:34.579556Z
.......Failed qa: 1984-05-04T16:20:17.483541Z
Failed qa: 1984-05-18T16:32:54.5790560Z
.......Failed qa: 1984-06-03T16:33:29.867551Z
.......Failed qa: 1984-06-19T16:33:46.270547Z
..............Failed qa: 1984-07-05T16:33:57.092566Z
.......Failed qa: 1984-08-08T16:22:47.7900630Z
.......Failed qa: 1984-09-07T16:35:29.285009Z
Failed qa: 1984-09-23T16:35:43.1650500Z
.......Failed qa: 1984-11-10T16:35:29.7420560Z
Failed qa: 1984-11-12T16:22:54.926050Z
.......Failed qa: 1984-11-28T16:23:08.4350250Z
Writing pickle: dev-nlcd-developer timesync/1984/audit/1984_4366_3130_qa_rejects.p
Success tracking goes here
