{'project_id': '3130', 'year': '1984', 'x': -1053060, 'y': 1851180, 'plot_id': '2076', 'strata': '41'}
Pandas(Index=0, project_id='3130', plot_id='2076', x=-1053060, y=1851180)
called process_plot
Pandas(Index=0, project_id='3130', plot_id='2076', x=-1053060, y=1851180)
2076
Writing pickle: dev-nlcd-developer timesync/1984/audit/1984_2076_3130.p
.......Failed qa: 1984-04-10T17:10:50.779572Z
.....................Failed qa: 1984-05-12T17:11:12.180547Z
..............Failed qa: 1984-05-28T17:11:26.9460690Z
..............Failed qa: 1984-06-13T17:11:57.480581Z
..............Failed qa: 1984-06-29T17:12:10.228503Z
..............Failed qa: 1984-07-15T17:12:23.694541Z
.......Failed qa: 1984-08-14T17:25:47.381569Z
Failed qa: 1984-09-01T17:13:32.3590190Z
Failed qa: 1984-09-08T17:19:44.9860750Z
Failed qa: 1984-09-15T17:25:56.7530250Z
.......Failed qa: 1984-11-02T17:25:48.2810630Z
Failed qa: 1984-11-04T17:13:37.728013Z
.......Failed qa: 1984-11-20T17:13:33.263550Z
.......Writing pickle: dev-nlcd-developer timesync/1984/audit/1984_2076_3130_qa_rejects.p
Success tracking goes here
