{'project_id': '3130', 'year': '1984', 'x': -1197750, 'y': 2336580, 'plot_id': '23496', 'strata': '41'}
Pandas(Index=0, project_id='3130', plot_id='23496', x=-1197750, y=2336580)
called process_plot
Pandas(Index=0, project_id='3130', plot_id='23496', x=-1197750, y=2336580)
23496
Writing pickle: dev-nlcd-developer timesync/1984/audit/1984_23496_3130.p
Failed qa: 1984-03-15T17:22:51.335515Z
.......Failed qa: 1984-04-13T17:40:45.5750130Z
Failed qa: 1984-04-15T17:28:12.037069Z
Failed qa: 1984-04-29T17:40:30.602572Z
Failed qa: 1984-05-01T17:28:22.087044Z
Failed qa: 1984-05-08T17:34:23.8660310Z
Failed qa: 1984-05-15T17:40:48.2270750Z
Failed qa: 1984-05-31T17:41:37.2620630Z
Failed qa: 1984-06-02T17:29:17.962581Z
Failed qa: 1984-06-11T17:23:29.246553Z
Failed qa: 1984-06-18T17:29:34.665531Z
.......Failed qa: 1984-06-27T17:23:30.9400940Z
Failed qa: 1984-07-02T17:41:42.4530440Z
Failed qa: 1984-07-04T17:29:45.855031Z
Failed qa: 1984-07-13T17:23:41.1350880Z
Failed qa: 1984-07-20T17:30:07.348060Z
Failed qa: 1984-07-29T17:24:39.7130000Z
Failed qa: 1984-08-05T17:30:40.890543Z
Failed qa: 1984-08-14T17:24:59.578547Z
Failed qa: 1984-09-15T17:25:21.007038Z
Failed qa: 1984-09-22T17:31:32.387028Z
Failed qa: 1984-10-17T17:25:06.7460560Z
Failed qa: 1984-10-22T17:43:25.618069Z
Failed qa: 1984-10-24T17:31:15.3640310Z
Failed qa: 1984-11-02T17:25:00.6190440Z
Failed qa: 1984-11-09T17:30:55.710000Z
Failed qa: 1984-11-18T17:24:54.7510000Z
Failed qa: 1984-11-23T17:43:16.329544Z
Writing pickle: dev-nlcd-developer timesync/1984/audit/1984_23496_3130_qa_rejects.p
Success tracking goes here
