{'project_id': '3130', 'year': '1984', 'x': -763410, 'y': 1258590, 'plot_id': '3496', 'strata': '41'}
Pandas(Index=0, project_id='3130', plot_id='3496', x=-763410, y=1258590)
called process_plot
Pandas(Index=0, project_id='3130', plot_id='3496', x=-763410, y=1258590)
3496
Writing pickle: dev-nlcd-developer timesync/1984/audit/1984_3496_3130.p
Failed qa: 1984-03-22T17:09:41.5690130Z
Failed qa: 1984-05-05T17:06:22.657056Z
Failed qa: 1984-05-14T16:59:53.9510310Z
Failed qa: 1984-05-21T17:06:53.060565Z
Failed qa: 1984-06-06T17:07:14.620053Z
Failed qa: 1984-06-08T16:54:55.196531Z
Failed qa: 1984-06-15T17:01:25.0220130Z
Failed qa: 1984-06-15T17:01:01.191522Z
Failed qa: 1984-06-22T17:07:29.939029Z
Failed qa: 1984-06-24T16:55:09.759556Z
..............Failed qa: 1984-07-08T17:07:39.954062Z
Failed qa: 1984-07-10T16:55:07.2630060Z
..............Failed qa: 1984-07-24T17:07:55.9750000Z
............................Failed qa: 1984-10-14T16:56:48.520538Z
Failed qa: 1984-10-30T16:56:42.942594Z
..............Failed qa: 1984-11-13T17:08:57.224031Z
Failed qa: 1984-11-22T17:02:11.7010250Z
Failed qa: 1984-12-01T16:56:39.249053Z
Writing pickle: dev-nlcd-developer timesync/1984/audit/1984_3496_3130_qa_rejects.p
Success tracking goes here
