{'project_id': '3130', 'year': '1984', 'x': -1767060, 'y': 2262210, 'plot_id': '11711', 'strata': '41'}
Pandas(Index=0, project_id='3130', plot_id='11711', x=-1767060, y=2262210)
called process_plot
Pandas(Index=0, project_id='3130', plot_id='11711', x=-1767060, y=2262210)
11711
Writing pickle: dev-nlcd-developer timesync/1984/audit/1984_11711_3130.p
Failed qa: 1984-03-23T17:48:02.768528Z
Failed qa: 1984-04-25T18:05:39.509022Z
Failed qa: 1984-04-27T17:53:29.0660810Z
Failed qa: 1984-04-27T17:53:41.053053Z
Failed qa: 1984-05-04T17:59:22.6950630Z
Failed qa: 1984-05-04T18:00:10.4990750Z
Failed qa: 1984-05-06T17:47:53.0780190Z
Failed qa: 1984-05-11T18:06:11.7870500Z
Failed qa: 1984-05-13T17:53:42.056534Z
Failed qa: 1984-05-13T17:53:53.9720190Z
..............Failed qa: 1984-05-27T18:06:15.1830690Z
Failed qa: 1984-05-29T17:54:08.104547Z
Failed qa: 1984-05-29T17:54:20.0200250Z
..............Failed qa: 1984-06-07T17:48:44.1090630Z
Failed qa: 1984-06-12T18:06:45.940022Z
Failed qa: 1984-06-14T17:54:26.317060Z
Failed qa: 1984-06-14T17:54:38.2320810Z
..............Failed qa: 1984-06-23T17:48:59.0550880Z
Failed qa: 1984-06-28T18:06:59.190079Z
Failed qa: 1984-06-30T17:54:38.803044Z
Failed qa: 1984-06-30T17:55:02.704559Z
..............Failed qa: 1984-07-09T17:49:08.7010630Z
Failed qa: 1984-07-16T17:54:53.880056Z
Failed qa: 1984-07-16T17:55:05.7950750Z
............................Failed qa: 1984-09-16T18:08:36.774059Z
Failed qa: 1984-10-02T18:08:36.985066Z
Failed qa: 1984-10-04T17:56:51.0540630Z
Failed qa: 1984-10-13T17:50:38.7360630Z
Failed qa: 1984-10-18T18:08:34.045578Z
..............Failed qa: 1984-11-12T18:01:59.9690690Z
Failed qa: 1984-11-19T18:08:22.622543Z
Failed qa: 1984-11-21T17:56:01.386581Z
Failed qa: 1984-11-21T17:56:25.289094Z
Failed qa: 1984-11-28T18:02:49.2950690Z
Failed qa: 1984-11-30T17:50:28.3590250Z
Writing pickle: dev-nlcd-developer timesync/1984/audit/1984_11711_3130_qa_rejects.p
Success tracking goes here
