{'project_id': '3130', 'year': '1984', 'x': -921330, 'y': 2214390, 'plot_id': '17196', 'strata': '41'}
Pandas(Index=0, project_id='3130', plot_id='17196', x=-921330, y=2214390)
called process_plot
Pandas(Index=0, project_id='3130', plot_id='17196', x=-921330, y=2214390)
17196
Writing pickle: dev-nlcd-developer timesync/1984/audit/1984_17196_3130.p
.......Failed qa: 1984-04-15T17:28:24.0950750Z
.......Failed qa: 1984-05-01T17:28:34.073559Z
.......Failed qa: 1984-05-10T17:22:54.0170500Z
.......Failed qa: 1984-06-02T17:29:29.949544Z
..............Failed qa: 1984-06-18T17:29:58.5670560Z
..............Failed qa: 1984-07-04T17:29:57.913019Z
..............Failed qa: 1984-07-20T17:30:19.406044Z
Failed qa: 1984-07-29T17:24:39.7130000Z
Failed qa: 1984-08-05T17:31:04.7920560Z
.....................Failed qa: 1984-09-22T17:31:32.387028Z
.......Failed qa: 1984-10-24T17:31:15.3640310Z
.......Failed qa: 1984-11-09T17:31:07.6970000Z
..............Writing pickle: dev-nlcd-developer timesync/1984/audit/1984_17196_3130_qa_rejects.p
Success tracking goes here
