{'project_id': '3130', 'year': '1984', 'x': -2280930, 'y': 1864800, 'plot_id': '4616', 'strata': '41'}
Pandas(Index=0, project_id='3130', plot_id='4616', x=-2280930, y=1864800)
called process_plot
Pandas(Index=0, project_id='3130', plot_id='4616', x=-2280930, y=1864800)
4616
Writing pickle: dev-nlcd-developer timesync/1984/audit/1984_4616_3130.p
..............Failed qa: 1984-05-27T18:08:14.4790190Z
.......Failed qa: 1984-06-10T18:20:29.1020750Z
Failed qa: 1984-06-12T18:08:33.3190880Z
Failed qa: 1984-06-26T18:20:42.9150190Z
Failed qa: 1984-06-28T18:08:46.5690880Z
.......Failed qa: 1984-07-14T18:08:58.4400000Z
Failed qa: 1984-07-28T18:21:26.5380940Z
Failed qa: 1984-08-06T18:15:57.9730060Z
.......Failed qa: 1984-09-16T18:10:24.2250810Z
.......Failed qa: 1984-10-02T18:10:24.4380000Z
Failed qa: 1984-10-18T18:10:21.4270500Z
.......Failed qa: 1984-11-17T18:22:07.1700630Z
Writing pickle: dev-nlcd-developer timesync/1984/audit/1984_4616_3130_qa_rejects.p
Success tracking goes here
