{'project_id': '3130', 'year': '1984', 'x': -193920, 'y': 1284390, 'plot_id': '4116', 'strata': '41'}
Pandas(Index=0, project_id='3130', plot_id='4116', x=-193920, y=1284390)
called process_plot
Pandas(Index=0, project_id='3130', plot_id='4116', x=-193920, y=1284390)
4116
Writing pickle: dev-nlcd-developer timesync/1984/audit/1984_4116_3130.p
Failed qa: 1984-04-09T16:29:10.335525Z
.......Failed qa: 1984-05-25T16:41:51.970056Z
Failed qa: 1984-05-27T16:29:57.079562Z
.......Failed qa: 1984-06-10T16:42:11.774562Z
Failed qa: 1984-06-12T16:30:16.082506Z
.......Failed qa: 1984-06-26T16:42:25.642519Z
Failed qa: 1984-06-28T16:30:29.300547Z
Failed qa: 1984-07-05T16:36:08.3730940Z
Failed qa: 1984-07-14T16:30:41.057500Z
Failed qa: 1984-08-29T16:44:00.832069Z
Failed qa: 1984-08-31T16:32:03.756062Z
.....................Failed qa: 1984-10-16T16:44:02.446569Z
Failed qa: 1984-10-18T16:32:04.258538Z
Failed qa: 1984-11-03T16:31:57.850510Z
.......Writing pickle: dev-nlcd-developer timesync/1984/audit/1984_4116_3130_qa_rejects.p
Success tracking goes here
