{'project_id': '3130', 'year': '1984', 'x': 2088000, 'y': 2977410, 'plot_id': '18391', 'strata': '41'}
Pandas(Index=0, project_id='3130', plot_id='18391', x=2088000, y=2977410)
called process_plot
Pandas(Index=0, project_id='3130', plot_id='18391', x=2088000, y=2977410)
18391
Writing pickle: dev-nlcd-developer timesync/1984/audit/1984_18391_3130.p
..............Failed qa: 1984-05-18T14:53:37.4210000Z
Failed qa: 1984-05-18T14:53:37.4210000Z
............................Failed qa: 1984-06-05T14:41:41.5000130Z
Failed qa: 1984-06-10T15:00:07.505528Z
............................Failed qa: 1984-06-21T14:41:57.2030560Z
Failed qa: 1984-06-26T15:00:09.4970060Z
..........................................Failed qa: 1984-07-28T15:01:04.958554Z
Failed qa: 1984-08-06T14:55:24.3390060Z
Failed qa: 1984-08-06T14:55:24.3390060Z
Failed qa: 1984-08-13T15:01:36.881062Z
Failed qa: 1984-08-29T15:01:56.591025Z
Failed qa: 1984-09-09T14:43:39.0380310Z
Failed qa: 1984-09-14T15:01:48.3810060Z
..............Failed qa: 1984-09-23T14:55:50.247572Z
Failed qa: 1984-09-23T14:55:50.247572Z
Failed qa: 1984-09-25T14:43:28.639056Z
Failed qa: 1984-09-30T15:02:00.885013Z
..............Failed qa: 1984-10-11T14:43:27.109515Z
Failed qa: 1984-10-16T15:01:58.389525Z
............................Failed qa: 1984-11-01T15:01:40.5360630Z
..........................................Failed qa: 1984-11-28T14:43:15.444566Z
Writing pickle: dev-nlcd-developer timesync/1984/audit/1984_18391_3130_qa_rejects.p
Success tracking goes here
