{'project_id': '3130', 'year': '1984', 'x': -1402650, 'y': 2509770, 'plot_id': '501', 'strata': '41'}
Pandas(Index=0, project_id='3130', plot_id='501', x=-1402650, y=2509770)
called process_plot
Pandas(Index=0, project_id='3130', plot_id='501', x=-1402650, y=2509770)
501
Writing pickle: dev-nlcd-developer timesync/1984/audit/1984_0501_3130.p
.......Failed qa: 1984-04-13T17:40:45.5750130Z
Failed qa: 1984-04-27T17:52:41.2620560Z
Failed qa: 1984-04-29T17:40:30.602572Z
Failed qa: 1984-05-06T17:47:05.4160690Z
Failed qa: 1984-05-13T17:53:18.154531Z
Failed qa: 1984-05-15T17:40:48.2270750Z
.......Failed qa: 1984-05-29T17:53:44.202556Z
Failed qa: 1984-05-31T17:41:37.2620630Z
.......Failed qa: 1984-06-14T17:54:02.415529Z
.......Failed qa: 1984-06-30T17:54:14.901528Z
Failed qa: 1984-07-02T17:41:54.439544Z
.......Failed qa: 1984-07-16T17:54:41.9650380Z
.......Failed qa: 1984-09-20T17:43:42.0250810Z
.......Failed qa: 1984-10-22T17:43:25.618069Z
Failed qa: 1984-11-21T17:55:49.4710690Z
Failed qa: 1984-11-23T17:43:16.329544Z
Writing pickle: dev-nlcd-developer timesync/1984/audit/1984_0501_3130_qa_rejects.p
Success tracking goes here
