{'project_id': '3130', 'year': '1984', 'x': -594900, 'y': 2414940, 'plot_id': '23886', 'strata': '41'}
Pandas(Index=0, project_id='3130', plot_id='23886', x=-594900, y=2414940)
called process_plot
Pandas(Index=0, project_id='3130', plot_id='23886', x=-594900, y=2414940)
23886
Writing pickle: dev-nlcd-developer timesync/1984/audit/1984_23886_3130.p
Failed qa: 1984-03-22T17:06:30.9280380Z
..............Failed qa: 1984-04-12T16:57:05.6160190Z
Failed qa: 1984-04-12T16:57:17.674022Z
............................Failed qa: 1984-05-14T16:57:06.7080250Z
Failed qa: 1984-05-14T16:57:54.6550060Z
Failed qa: 1984-05-21T17:04:17.8760440Z
............................Failed qa: 1984-06-13T17:10:09.8870630Z
Failed qa: 1984-06-13T17:10:57.6910130Z
Failed qa: 1984-06-15T16:58:37.9230940Z
............................Failed qa: 1984-07-01T16:58:14.213556Z
Failed qa: 1984-07-01T16:58:38.115525Z
............................Failed qa: 1984-07-17T16:58:30.767075Z
Failed qa: 1984-07-17T16:58:54.740082Z
..........................................Failed qa: 1984-09-03T16:59:47.663553Z
Failed qa: 1984-09-03T17:00:11.565069Z
..............Failed qa: 1984-09-19T16:59:38.3860250Z
..............Failed qa: 1984-10-05T17:00:25.8230440Z
Failed qa: 1984-10-21T17:00:22.3360310Z
..............Failed qa: 1984-11-06T17:00:15.4080310Z
............................Failed qa: 1984-11-22T16:59:36.368535Z
Failed qa: 1984-11-22T17:00:00.342547Z
Writing pickle: dev-nlcd-developer timesync/1984/audit/1984_23886_3130_qa_rejects.p
Success tracking goes here
