{'project_id': '3130', 'year': '1984', 'x': -1911540, 'y': 2589690, 'plot_id': '1861', 'strata': '41'}
Pandas(Index=0, project_id='3130', plot_id='1861', x=-1911540, y=2589690)
called process_plot
Pandas(Index=0, project_id='3130', plot_id='1861', x=-1911540, y=2589690)
1861
Writing pickle: dev-nlcd-developer timesync/1984/audit/1984_1861_3130.p
.......Failed qa: 1984-04-25T18:05:27.6650190Z
..............Failed qa: 1984-05-27T18:06:03.125075Z
.......Failed qa: 1984-06-10T18:18:17.749072Z
Failed qa: 1984-06-12T18:06:22.038037Z
Failed qa: 1984-06-19T18:12:03.5100250Z
Failed qa: 1984-06-26T18:18:43.4780190Z
Failed qa: 1984-06-28T18:06:35.217078Z
.......Failed qa: 1984-07-28T18:19:15.329054Z
Failed qa: 1984-08-06T18:13:58.8210690Z
Failed qa: 1984-09-07T18:14:34.3980250Z
Failed qa: 1984-09-16T18:08:12.872082Z
Failed qa: 1984-09-23T18:14:12.320022Z
Failed qa: 1984-10-02T18:08:25.1410630Z
Failed qa: 1984-10-18T18:08:10.143569Z
Failed qa: 1984-10-25T18:14:30.6310690Z
Failed qa: 1984-11-17T18:20:07.8710880Z
Failed qa: 1984-11-19T18:08:10.7070310Z
Writing pickle: dev-nlcd-developer timesync/1984/audit/1984_1861_3130_qa_rejects.p
Success tracking goes here
