{'project_id': '3130', 'year': '1984', 'x': 665580, 'y': 1516860, 'plot_id': '17456', 'strata': '41'}
Pandas(Index=0, project_id='3130', plot_id='17456', x=665580, y=1516860)
called process_plot
Pandas(Index=0, project_id='3130', plot_id='17456', x=665580, y=1516860)
17456
Writing pickle: dev-nlcd-developer timesync/1984/audit/1984_17456_3130.p
............................Failed qa: 1984-05-01T15:51:16.236510Z
Failed qa: 1984-05-01T15:51:40.138044Z
..............Failed qa: 1984-05-24T15:57:58.8610250Z
Failed qa: 1984-05-24T15:58:46.6650190Z
Failed qa: 1984-06-16T16:04:48.800553Z
Failed qa: 1984-06-16T16:05:12.702528Z
Failed qa: 1984-06-18T15:52:28.987560Z
Failed qa: 1984-06-18T15:52:52.889531Z
Failed qa: 1984-07-04T15:52:52.1990880Z
Failed qa: 1984-07-04T15:53:04.114556Z
............................Failed qa: 1984-09-04T16:06:33.767041Z
Failed qa: 1984-09-04T16:06:57.740503Z
Failed qa: 1984-09-06T15:54:12.724547Z
Failed qa: 1984-09-06T15:54:36.555041Z
..............Failed qa: 1984-09-22T15:54:14.695063Z
Failed qa: 1984-09-22T15:54:26.6100880Z
..............Failed qa: 1984-10-08T15:54:49.6240750Z
..............Failed qa: 1984-10-22T16:06:31.864022Z
Failed qa: 1984-10-22T16:06:43.8510060Z
..............Failed qa: 1984-11-07T16:06:24.762006Z
Failed qa: 1984-11-07T16:06:48.735550Z
Failed qa: 1984-11-09T15:54:01.926047Z
Failed qa: 1984-11-09T15:54:25.828550Z
Failed qa: 1984-11-23T16:06:22.500022Z
Failed qa: 1984-11-23T16:06:46.474047Z
Failed qa: 1984-11-25T15:54:01.210528Z
Failed qa: 1984-11-25T15:54:25.113072Z
Writing pickle: dev-nlcd-developer timesync/1984/audit/1984_17456_3130_qa_rejects.p
Success tracking goes here
