{'project_id': '3130', 'year': '1984', 'x': 4500, 'y': 2714130, 'plot_id': '2861', 'strata': '41'}
Pandas(Index=0, project_id='3130', plot_id='2861', x=4500, y=2714130)
called process_plot
Pandas(Index=0, project_id='3130', plot_id='2861', x=4500, y=2714130)
2861
Writing pickle: dev-nlcd-developer timesync/1984/audit/1984_2861_3130.p
............................Failed qa: 1984-04-16T16:31:23.016063Z
Failed qa: 1984-04-16T16:31:46.846578Z
..............Failed qa: 1984-05-02T16:31:11.3110630Z
............................Failed qa: 1984-05-18T16:31:55.002550Z
Failed qa: 1984-05-18T16:32:18.833063Z
Failed qa: 1984-05-25T16:38:52.8840190Z
..............Failed qa: 1984-06-03T16:32:18.233550Z
Failed qa: 1984-06-03T16:32:42.064047Z
............................Failed qa: 1984-06-19T16:32:22.6500630Z
Failed qa: 1984-06-19T16:33:10.4540060Z
Failed qa: 1984-06-26T16:39:26.5580560Z
..............Failed qa: 1984-07-05T16:32:45.530531Z
Failed qa: 1984-07-05T16:33:09.361016Z
..............Failed qa: 1984-07-21T16:32:56.6460690Z
Failed qa: 1984-08-04T16:45:47.6070190Z
Failed qa: 1984-08-06T16:33:41.933022Z
Failed qa: 1984-08-06T16:33:53.8480380Z
..............Failed qa: 1984-08-29T16:40:14.0160690Z
Failed qa: 1984-08-29T16:41:01.8190940Z
Failed qa: 1984-09-05T16:46:38.893056Z
Failed qa: 1984-09-05T16:46:50.8080750Z
..............Failed qa: 1984-09-21T16:46:41.120047Z
Failed qa: 1984-09-21T16:46:53.0350690Z
..............Failed qa: 1984-10-07T16:46:28.4140750Z
Failed qa: 1984-10-09T16:34:06.4550750Z
Failed qa: 1984-10-09T16:34:54.1170130Z
..........................................Failed qa: 1984-11-10T16:34:06.047535Z
Failed qa: 1984-11-10T16:34:17.9630440Z
..............Writing pickle: dev-nlcd-developer timesync/1984/audit/1984_2861_3130_qa_rejects.p
Success tracking goes here
