{'project_id': '3130', 'year': '1984', 'x': 955590, 'y': 1925250, 'plot_id': '19341', 'strata': '41'}
Pandas(Index=0, project_id='3130', plot_id='19341', x=955590, y=1925250)
called process_plot
Pandas(Index=0, project_id='3130', plot_id='19341', x=955590, y=1925250)
19341
Writing pickle: dev-nlcd-developer timesync/1984/audit/1984_19341_3130.p
Failed qa: 1984-03-15T15:44:57.9920130Z
..............Failed qa: 1984-05-19T15:38:42.555547Z
.......Failed qa: 1984-06-04T15:39:05.314535Z
.......Failed qa: 1984-06-18T15:51:41.326588Z
Failed qa: 1984-06-20T15:39:21.285587Z
.......Failed qa: 1984-07-06T15:39:31.971541Z
..............Failed qa: 1984-09-06T15:53:25.134575Z
Failed qa: 1984-09-08T15:41:03.773554Z
Failed qa: 1984-09-22T15:53:39.0920500Z
Failed qa: 1984-09-24T15:40:53.4450880Z
.......Failed qa: 1984-10-10T15:41:04.047060Z
.......Failed qa: 1984-10-24T15:53:21.957035Z
Failed qa: 1984-10-26T15:40:59.416034Z
.......Failed qa: 1984-11-27T15:40:52.244066Z
Writing pickle: dev-nlcd-developer timesync/1984/audit/1984_19341_3130_qa_rejects.p
Success tracking goes here
