{'project_id': '3130', 'year': '1984', 'x': 1330890, 'y': 1875480, 'plot_id': '22211', 'strata': '41'}
Pandas(Index=0, project_id='3130', plot_id='22211', x=1330890, y=1875480)
called process_plot
Pandas(Index=0, project_id='3130', plot_id='22211', x=1330890, y=1875480)
22211
Writing pickle: dev-nlcd-developer timesync/1984/audit/1984_22211_3130.p
Failed qa: 1984-03-27T15:33:05.880535Z
..............Failed qa: 1984-04-12T15:20:00.058022Z
............................Failed qa: 1984-05-14T15:20:24.842078Z
Failed qa: 1984-05-19T15:38:42.555547Z
..............Failed qa: 1984-06-04T15:39:05.314535Z
............................Failed qa: 1984-06-15T15:21:08.320034Z
Failed qa: 1984-06-20T15:39:21.285587Z
............................Failed qa: 1984-07-01T15:21:32.3350130Z
Failed qa: 1984-07-06T15:39:31.971541Z
............................Failed qa: 1984-08-18T15:22:30.1650500Z
..............Failed qa: 1984-09-01T15:34:51.149572Z
Failed qa: 1984-09-03T15:22:53.904013Z
Failed qa: 1984-09-08T15:41:03.773554Z
Failed qa: 1984-09-17T15:34:54.167572Z
Failed qa: 1984-09-19T15:22:56.470069Z
Failed qa: 1984-09-24T15:40:53.4450880Z
Failed qa: 1984-09-26T15:28:31.8260380Z
Failed qa: 1984-09-26T15:28:31.8260380Z
Failed qa: 1984-10-03T15:34:54.208035Z
Failed qa: 1984-10-05T15:22:56.177056Z
Failed qa: 1984-10-10T15:41:04.047060Z
..............Failed qa: 1984-10-19T15:34:51.126534Z
Failed qa: 1984-10-19T15:34:51.126534Z
Failed qa: 1984-10-21T15:22:52.618554Z
Failed qa: 1984-10-26T15:40:59.416034Z
..............Failed qa: 1984-11-06T15:22:45.830525Z
............................Failed qa: 1984-11-22T15:22:42.683557Z
Failed qa: 1984-11-27T15:40:52.244066Z
Writing pickle: dev-nlcd-developer timesync/1984/audit/1984_22211_3130_qa_rejects.p
Success tracking goes here
