{'project_id': '3130', 'year': '1984', 'x': -299670, 'y': 2626740, 'plot_id': '9781', 'strata': '41'}
Pandas(Index=0, project_id='3130', plot_id='9781', x=-299670, y=2626740)
called process_plot
Pandas(Index=0, project_id='3130', plot_id='9781', x=-299670, y=2626740)
9781
Writing pickle: dev-nlcd-developer timesync/1984/audit/1984_9781_3130.p
Failed qa: 1984-04-14T16:44:08.506032Z
.....................Failed qa: 1984-05-16T16:44:36.923572Z
Failed qa: 1984-05-23T16:50:47.6670000Z
Failed qa: 1984-06-01T16:44:49.4100440Z
..............Failed qa: 1984-06-17T16:45:18.424025Z
..............Failed qa: 1984-07-03T16:45:29.938554Z
..............Failed qa: 1984-07-19T16:45:49.790528Z
Failed qa: 1984-07-26T16:52:03.6660190Z
.......Failed qa: 1984-08-04T16:46:35.2670810Z
Failed qa: 1984-08-11T16:52:36.0640690Z
.....................Failed qa: 1984-09-05T16:47:02.723550Z
..............Failed qa: 1984-09-21T16:47:04.950541Z
.....................Failed qa: 1984-10-23T16:46:48.3250250Z
Failed qa: 1984-10-30T16:52:56.1200690Z
.......Failed qa: 1984-11-08T16:46:52.832569Z
.......Failed qa: 1984-11-24T16:46:51.308550Z
Writing pickle: dev-nlcd-developer timesync/1984/audit/1984_9781_3130_qa_rejects.p
Success tracking goes here
