{'project_id': '3130', 'year': '1984', 'x': 1186560, 'y': 1761900, 'plot_id': '6846', 'strata': '41'}
Pandas(Index=0, project_id='3130', plot_id='6846', x=1186560, y=1761900)
called process_plot
Pandas(Index=0, project_id='3130', plot_id='6846', x=1186560, y=1761900)
6846
Writing pickle: dev-nlcd-developer timesync/1984/audit/1984_6846_3130.p
Failed qa: 1984-03-15T15:45:09.833007Z
............................Failed qa: 1984-04-19T15:26:11.055081Z
Failed qa: 1984-04-24T15:44:54.3630250Z
Failed qa: 1984-05-05T15:26:29.5250190Z
Failed qa: 1984-05-12T15:32:30.7890940Z
Failed qa: 1984-05-12T15:32:30.7890940Z
..............Failed qa: 1984-05-21T15:26:48.158041Z
..............Failed qa: 1984-06-06T15:27:09.851022Z
Failed qa: 1984-06-11T15:45:47.643551Z
............................Failed qa: 1984-06-22T15:27:25.038534Z
Failed qa: 1984-06-27T15:46:01.212532Z
Failed qa: 1984-06-29T15:33:29.0160500Z
Failed qa: 1984-06-29T15:33:29.0160500Z
..............Failed qa: 1984-07-08T15:27:35.196057Z
Failed qa: 1984-07-13T15:46:11.275531Z
..............Failed qa: 1984-07-29T15:46:46.163063Z
Failed qa: 1984-08-25T15:29:01.740532Z
..............Failed qa: 1984-09-08T15:41:27.604057Z
Failed qa: 1984-09-08T15:41:15.7600630Z
..............Failed qa: 1984-09-24T15:41:41.1070060Z
Failed qa: 1984-09-26T15:29:19.4870750Z
Failed qa: 1984-10-01T15:47:39.870062Z
............................Failed qa: 1984-10-12T15:29:05.877025Z
............................Failed qa: 1984-10-28T15:29:00.722025Z
Failed qa: 1984-11-13T15:28:52.456563Z
............................Writing pickle: dev-nlcd-developer timesync/1984/audit/1984_6846_3130_qa_rejects.p
Success tracking goes here
