{'project_id': '3130', 'year': '1984', 'x': 269130, 'y': 1704300, 'plot_id': '17016', 'strata': '41'}
Pandas(Index=0, project_id='3130', plot_id='17016', x=269130, y=1704300)
called process_plot
Pandas(Index=0, project_id='3130', plot_id='17016', x=269130, y=1704300)
17016
Writing pickle: dev-nlcd-developer timesync/1984/audit/1984_17016_3130.p
Failed qa: 1984-04-18T16:21:48.428056Z
.......Failed qa: 1984-05-13T16:16:12.3400190Z
.......Failed qa: 1984-06-12T16:28:52.6040690Z
.......Failed qa: 1984-06-21T16:23:13.5360060Z
Failed qa: 1984-06-28T16:29:05.8230630Z
.......Failed qa: 1984-07-07T16:23:00.2140380Z
Failed qa: 1984-07-14T16:29:17.5790940Z
.......Failed qa: 1984-08-08T16:24:11.339044Z
Failed qa: 1984-08-31T16:30:40.3500560Z
..............Failed qa: 1984-10-11T16:24:55.2750500Z
Failed qa: 1984-11-03T16:30:34.4410750Z
.......Failed qa: 1984-11-12T16:24:30.393569Z
Failed qa: 1984-11-19T16:30:29.2880310Z
..............Writing pickle: dev-nlcd-developer timesync/1984/audit/1984_17016_3130_qa_rejects.p
Success tracking goes here
