{'project_id': '3130', 'year': '1984', 'x': -756840, 'y': 2304480, 'plot_id': '5226', 'strata': '41'}
Pandas(Index=0, project_id='3130', plot_id='5226', x=-756840, y=2304480)
called process_plot
Pandas(Index=0, project_id='3130', plot_id='5226', x=-756840, y=2304480)
5226
Writing pickle: dev-nlcd-developer timesync/1984/audit/1984_5226_3130.p
.....................Failed qa: 1984-05-05T17:03:23.4270130Z
.......Failed qa: 1984-05-19T17:16:12.0570880Z
Failed qa: 1984-05-21T17:04:17.8760440Z
.......Failed qa: 1984-06-04T17:16:34.8160880Z
Failed qa: 1984-06-06T17:04:27.450510Z
..............Failed qa: 1984-06-22T17:04:42.769581Z
..............Failed qa: 1984-07-08T17:04:52.785525Z
.......Failed qa: 1984-07-24T17:05:20.792019Z
Failed qa: 1984-08-25T17:06:19.405069Z
..............Failed qa: 1984-09-10T17:06:23.929044Z
Failed qa: 1984-09-26T17:06:25.229562Z
.......Failed qa: 1984-11-13T17:06:10.047519Z
..............Writing pickle: dev-nlcd-developer timesync/1984/audit/1984_5226_3130_qa_rejects.p
Success tracking goes here
