{'project_id': '3130', 'year': '1984', 'x': 183630, 'y': 914580, 'plot_id': '8966', 'strata': '41'}
Pandas(Index=0, project_id='3130', plot_id='8966', x=183630, y=914580)
called process_plot
Pandas(Index=0, project_id='3130', plot_id='8966', x=183630, y=914580)
8966
Writing pickle: dev-nlcd-developer timesync/1984/audit/1984_8966_3130.p
Failed qa: 1984-03-28T16:15:53.3580500Z
..............Failed qa: 1984-04-20T16:11:02.131538Z
Failed qa: 1984-04-20T16:11:26.105028Z
..............Failed qa: 1984-05-06T16:11:11.091572Z
Failed qa: 1984-05-06T16:11:35.065072Z
Failed qa: 1984-05-22T16:11:41.000575Z
Failed qa: 1984-05-22T16:11:52.9160560Z
..............Failed qa: 1984-06-07T16:12:02.125560Z
Failed qa: 1984-06-07T16:12:26.170057Z
..............Failed qa: 1984-06-23T16:12:17.104535Z
Failed qa: 1984-06-23T16:12:41.149028Z
..............Failed qa: 1984-07-09T16:12:26.858031Z
Failed qa: 1984-07-09T16:12:50.831050Z
....................................................................................Failed qa: 1984-10-13T16:13:56.892584Z
Failed qa: 1984-10-13T16:14:20.866081Z
..............Failed qa: 1984-10-29T16:13:39.5860130Z
Failed qa: 1984-10-29T16:14:27.6760250Z
............................Failed qa: 1984-11-30T16:13:46.514025Z
Failed qa: 1984-11-30T16:14:10.488040Z
Writing pickle: dev-nlcd-developer timesync/1984/audit/1984_8966_3130_qa_rejects.p
Success tracking goes here
