{'project_id': '3130', 'year': '1984', 'x': -701280, 'y': 2112360, 'plot_id': '18471', 'strata': '41'}
Pandas(Index=0, project_id='3130', plot_id='18471', x=-701280, y=2112360)
called process_plot
Pandas(Index=0, project_id='3130', plot_id='18471', x=-701280, y=2112360)
18471
Writing pickle: dev-nlcd-developer timesync/1984/audit/1984_18471_3130.p
..............Failed qa: 1984-04-12T16:58:05.406544Z
Failed qa: 1984-04-17T17:16:02.4230310Z
Failed qa: 1984-05-03T17:16:04.7730440Z
............................Failed qa: 1984-05-14T16:58:30.329522Z
........................................................Failed qa: 1984-06-15T16:59:13.740535Z
Failed qa: 1984-06-20T17:17:14.8360060Z
............................Failed qa: 1984-07-01T16:59:37.9050630Z
Failed qa: 1984-07-06T17:17:25.4120810Z
............................Failed qa: 1984-07-17T16:59:42.472544Z
..............Failed qa: 1984-08-18T17:00:35.5850250Z
Failed qa: 1984-08-18T17:00:47.571525Z
Failed qa: 1984-08-25T17:06:31.4630560Z
Failed qa: 1984-08-25T17:07:19.1240190Z
..............Failed qa: 1984-09-03T17:00:47.3110250Z
Failed qa: 1984-09-03T17:00:59.369015Z
Failed qa: 1984-09-08T17:18:57.1830250Z
..............Failed qa: 1984-09-19T17:00:49.8770750Z
Failed qa: 1984-09-19T17:01:01.935075Z
..............Failed qa: 1984-10-21T17:00:46.0240380Z
Failed qa: 1984-11-04T17:12:38.0780880Z
Failed qa: 1984-11-04T17:13:25.7410190Z
Failed qa: 1984-11-06T17:00:39.0960690Z
..............Failed qa: 1984-11-20T17:12:33.6140060Z
Failed qa: 1984-11-20T17:13:21.2760940Z
Failed qa: 1984-11-22T17:00:48.148507Z
Failed qa: 1984-11-27T17:18:45.6760880Z
Writing pickle: dev-nlcd-developer timesync/1984/audit/1984_18471_3130_qa_rejects.p
Success tracking goes here
