{'project_id': '3130', 'year': '1984', 'x': 459630, 'y': 2464470, 'plot_id': '17731', 'strata': '41'}
Pandas(Index=0, project_id='3130', plot_id='17731', x=459630, y=2464470)
called process_plot
Pandas(Index=0, project_id='3130', plot_id='17731', x=459630, y=2464470)
17731
Writing pickle: dev-nlcd-developer timesync/1984/audit/1984_17731_3130.p
..............Failed qa: 1984-04-18T16:19:37.0030060Z
Failed qa: 1984-04-20T16:07:27.226563Z
.......Failed qa: 1984-05-04T16:19:41.6660440Z
Failed qa: 1984-05-06T16:07:36.186547Z
Failed qa: 1984-05-13T16:13:49.0700750Z
Failed qa: 1984-05-20T16:20:12.4700060Z
Failed qa: 1984-05-22T16:07:54.1820190Z
..............Failed qa: 1984-06-21T16:20:50.4110310Z
.......Failed qa: 1984-07-07T16:21:00.6340560Z
Failed qa: 1984-07-09T16:08:40.0400880Z
.......Failed qa: 1984-08-08T16:21:59.9870310Z
Failed qa: 1984-08-26T16:10:18.416062Z
Failed qa: 1984-09-04T16:04:22.4850880Z
Failed qa: 1984-09-11T16:10:22.741029Z
..............Failed qa: 1984-10-06T16:04:24.3500310Z
Failed qa: 1984-10-13T16:10:10.0730060Z
.......Failed qa: 1984-10-29T16:10:16.594525Z
.......Failed qa: 1984-11-12T16:22:19.1080190Z
.......Writing pickle: dev-nlcd-developer timesync/1984/audit/1984_17731_3130_qa_rejects.p
Success tracking goes here
