{'project_id': '3130', 'year': '1984', 'x': 1182660, 'y': 1093980, 'plot_id': '12781', 'strata': '41'}
Pandas(Index=0, project_id='3130', plot_id='12781', x=1182660, y=1093980)
called process_plot
Pandas(Index=0, project_id='3130', plot_id='12781', x=1182660, y=1093980)
12781
Writing pickle: dev-nlcd-developer timesync/1984/audit/1984_12781_3130.p
Failed qa: 1984-03-27T15:34:52.8310880Z
Failed qa: 1984-03-27T15:34:52.8310880Z
Failed qa: 1984-04-17T15:40:08.292057Z
Failed qa: 1984-04-19T15:27:46.449534Z
Failed qa: 1984-05-05T15:27:53.218509Z
Failed qa: 1984-05-12T15:34:06.2550440Z
Failed qa: 1984-05-12T15:34:06.2550440Z
Failed qa: 1984-05-19T15:40:41.923057Z
Failed qa: 1984-05-21T15:28:23.552513Z
Failed qa: 1984-06-04T15:41:04.681056Z
Failed qa: 1984-06-06T15:28:45.244063Z
..............Failed qa: 1984-06-20T15:41:20.652063Z
..............Failed qa: 1984-07-06T15:41:31.195028Z
Failed qa: 1984-07-08T15:29:10.589037Z
............................Failed qa: 1984-09-08T15:43:03.068562Z
Failed qa: 1984-09-17T15:36:41.4770250Z
Failed qa: 1984-09-17T15:36:41.4770250Z
Failed qa: 1984-09-24T15:43:04.799047Z
Failed qa: 1984-09-26T15:30:43.108575Z
..............Failed qa: 1984-10-10T15:43:15.3310060Z
Failed qa: 1984-10-12T15:30:41.343050Z
..............Failed qa: 1984-10-26T15:42:58.784569Z
Failed qa: 1984-10-28T15:30:36.188053Z
Failed qa: 1984-11-11T15:43:02.7470500Z
Failed qa: 1984-11-13T15:30:27.925016Z
Failed qa: 1984-11-20T15:36:27.5150130Z
Failed qa: 1984-11-20T15:36:27.5150130Z
Failed qa: 1984-11-27T15:42:51.545031Z
Writing pickle: dev-nlcd-developer timesync/1984/audit/1984_12781_3130_qa_rejects.p
Success tracking goes here
