{'project_id': '3130', 'year': '1984', 'x': -22350, 'y': 2874180, 'plot_id': '1721', 'strata': '41'}
Pandas(Index=0, project_id='3130', plot_id='1721', x=-22350, y=2874180)
called process_plot
Pandas(Index=0, project_id='3130', plot_id='1721', x=-22350, y=2874180)
1721
Writing pickle: dev-nlcd-developer timesync/1984/audit/1984_1721_3130.p
..............Failed qa: 1984-04-21T16:49:43.1440190Z
Failed qa: 1984-04-23T16:37:21.0980750Z
Failed qa: 1984-05-07T16:49:54.4060060Z
Failed qa: 1984-05-09T16:37:36.8190060Z
Failed qa: 1984-05-14T16:56:19.0460880Z
.......Failed qa: 1984-05-23T16:50:23.8360380Z
..............Failed qa: 1984-06-15T16:57:02.4590690Z
.......Failed qa: 1984-07-01T16:57:14.4950500Z
.......Failed qa: 1984-07-10T16:51:08.5300940Z
Failed qa: 1984-07-17T16:57:31.1910880Z
.......Failed qa: 1984-07-26T16:51:39.8350940Z
Failed qa: 1984-08-02T16:58:05.1590190Z
.......Failed qa: 1984-08-11T16:52:12.2340500Z
.......Failed qa: 1984-08-18T16:58:36.2900630Z
Failed qa: 1984-08-27T16:52:34.9640060Z
.......Failed qa: 1984-09-03T16:58:48.0160810Z
.......Failed qa: 1984-09-19T16:58:50.5820690Z
.......Failed qa: 1984-09-28T16:52:40.0940060Z
Failed qa: 1984-10-05T16:58:50.2150630Z
..............Failed qa: 1984-10-30T16:52:32.2890810Z
Failed qa: 1984-11-01T16:40:09.7630880Z
Failed qa: 1984-11-06T16:58:39.7980310Z
Failed qa: 1984-11-22T16:58:36.7900310Z
.......Writing pickle: dev-nlcd-developer timesync/1984/audit/1984_1721_3130_qa_rejects.p
Success tracking goes here
