{'project_id': '3130', 'year': '1984', 'x': -1216800, 'y': 1520520, 'plot_id': '2161', 'strata': '41'}
Pandas(Index=0, project_id='3130', plot_id='2161', x=-1216800, y=1520520)
called process_plot
Pandas(Index=0, project_id='3130', plot_id='2161', x=-1216800, y=1520520)
2161
Writing pickle: dev-nlcd-developer timesync/1984/audit/1984_2161_3130.p
..............Failed qa: 1984-04-17T17:17:37.7460380Z
Failed qa: 1984-05-01T17:30:09.538547Z
Failed qa: 1984-05-03T17:18:04.2120380Z
Failed qa: 1984-05-03T17:17:52.225519Z
..........................................Failed qa: 1984-05-28T17:12:38.4380190Z
Failed qa: 1984-06-02T17:31:05.414510Z
............................Failed qa: 1984-06-18T17:31:10.2010500Z
............................Failed qa: 1984-06-29T17:13:09.8750750Z
Failed qa: 1984-07-04T17:31:33.377044Z
............................Failed qa: 1984-07-20T17:31:54.870510Z
..........................................Failed qa: 1984-09-22T17:33:07.852035Z
..............Failed qa: 1984-10-24T17:33:14.6610250Z
..............Failed qa: 1984-11-04T17:14:37.3770500Z
..............Failed qa: 1984-11-20T17:14:32.9130940Z
Failed qa: 1984-11-27T17:20:44.9770630Z
Failed qa: 1984-11-27T17:20:44.9770630Z
Writing pickle: dev-nlcd-developer timesync/1984/audit/1984_2161_3130_qa_rejects.p
Success tracking goes here
