{'project_id': '3130', 'year': '1984', 'x': -1617360, 'y': 2907060, 'plot_id': '3596', 'strata': '41'}
Pandas(Index=0, project_id='3130', plot_id='3596', x=-1617360, y=2907060)
called process_plot
Pandas(Index=0, project_id='3130', plot_id='3596', x=-1617360, y=2907060)
3596
Writing pickle: dev-nlcd-developer timesync/1984/audit/1984_3596_3130.p
.......Failed qa: 1984-04-18T17:58:06.3880000Z
.......Failed qa: 1984-05-02T18:10:04.5370500Z
Failed qa: 1984-05-04T17:57:59.145040Z
Failed qa: 1984-05-18T18:10:36.2630190Z
Failed qa: 1984-05-20T17:58:41.9800440Z
..........................................Failed qa: 1984-07-07T17:59:06.1120880Z
.......Failed qa: 1984-07-23T17:59:44.468072Z
.......Failed qa: 1984-08-06T18:12:35.130035Z
Failed qa: 1984-08-08T18:00:17.463018Z
.......Failed qa: 1984-08-24T18:00:44.791550Z
.......Failed qa: 1984-09-07T18:12:58.9330810Z
.......Failed qa: 1984-09-23T18:13:00.7570310Z
.....................Failed qa: 1984-10-27T18:00:32.6220440Z
.......Writing pickle: dev-nlcd-developer timesync/1984/audit/1984_3596_3130_qa_rejects.p
Success tracking goes here
