{'project_id': '3130', 'year': '1984', 'x': -1064970, 'y': 1198320, 'plot_id': '14416', 'strata': '41'}
Pandas(Index=0, project_id='3130', plot_id='14416', x=-1064970, y=1198320)
called process_plot
Pandas(Index=0, project_id='3130', plot_id='14416', x=-1064970, y=1198320)
14416
Writing pickle: dev-nlcd-developer timesync/1984/audit/1984_14416_3130.p
..............Failed qa: 1984-04-17T17:19:01.439047Z
Failed qa: 1984-05-03T17:19:15.8470250Z
Failed qa: 1984-05-05T17:06:34.6440310Z
Failed qa: 1984-05-05T17:06:34.6440310Z
..............Failed qa: 1984-05-21T17:07:04.9760500Z
Failed qa: 1984-05-21T17:07:04.9760500Z
..............Failed qa: 1984-06-04T17:19:57.875043Z
Failed qa: 1984-06-06T17:07:38.450547Z
Failed qa: 1984-06-06T17:07:38.450547Z
..............Failed qa: 1984-06-15T17:01:36.937035Z
Failed qa: 1984-06-20T17:20:13.849028Z
Failed qa: 1984-06-22T17:07:53.769060Z
Failed qa: 1984-06-22T17:07:53.769060Z
Failed qa: 1984-07-01T17:01:49.114562Z
Failed qa: 1984-07-06T17:20:24.496575Z
Failed qa: 1984-07-08T17:08:03.784550Z
Failed qa: 1984-07-08T17:08:03.784550Z
Failed qa: 1984-07-17T17:01:53.8960690Z
Failed qa: 1984-09-03T17:03:34.5520060Z
Failed qa: 1984-09-19T17:03:25.204041Z
Failed qa: 1984-09-26T17:09:48.1470000Z
Failed qa: 1984-09-26T17:09:48.1470000Z
Failed qa: 1984-10-21T17:03:33.1250380Z
Failed qa: 1984-11-04T17:15:49.0130560Z
Failed qa: 1984-11-04T17:15:49.0130560Z
Failed qa: 1984-11-06T17:03:14.427522Z
Failed qa: 1984-11-13T17:09:21.055522Z
Failed qa: 1984-11-13T17:09:21.055522Z
Failed qa: 1984-11-20T17:15:44.5500880Z
Failed qa: 1984-11-20T17:15:44.5500880Z
Failed qa: 1984-11-27T17:21:44.699040Z
Writing pickle: dev-nlcd-developer timesync/1984/audit/1984_14416_3130_qa_rejects.p
Success tracking goes here
