{'project_id': '3130', 'year': '1984', 'x': -744780, 'y': 1497690, 'plot_id': '23521', 'strata': '41'}
Pandas(Index=0, project_id='3130', plot_id='23521', x=-744780, y=1497690)
called process_plot
Pandas(Index=0, project_id='3130', plot_id='23521', x=-744780, y=1497690)
23521
Writing pickle: dev-nlcd-developer timesync/1984/audit/1984_23521_3130.p
.......Failed qa: 1984-05-07T16:53:29.3110250Z
.......Failed qa: 1984-05-21T17:06:17.1720440Z
Failed qa: 1984-05-23T16:53:58.7390690Z
Failed qa: 1984-06-06T17:06:38.7320130Z
Failed qa: 1984-06-08T16:54:31.294553Z
.......Failed qa: 1984-06-22T17:06:54.0510130Z
Failed qa: 1984-06-24T16:54:57.8440880Z
.......Failed qa: 1984-07-08T17:07:04.0660440Z
Failed qa: 1984-07-10T16:54:55.347535Z
.......Failed qa: 1984-07-24T17:07:32.1440630Z
Failed qa: 1984-08-25T17:08:30.7570750Z
.......Failed qa: 1984-09-19T17:02:49.3150940Z
Failed qa: 1984-10-14T16:56:24.618526Z
Failed qa: 1984-10-30T16:56:19.111591Z
Failed qa: 1984-11-06T17:02:38.5380190Z
Failed qa: 1984-11-13T17:08:21.3340380Z
.......Failed qa: 1984-12-01T16:56:15.346056Z
Writing pickle: dev-nlcd-developer timesync/1984/audit/1984_23521_3130_qa_rejects.p
Success tracking goes here
