{'project_id': '3130', 'year': '1984', 'x': 1497210, 'y': 1668480, 'plot_id': '14146', 'strata': '41'}
Pandas(Index=0, project_id='3130', plot_id='14146', x=1497210, y=1668480)
called process_plot
Pandas(Index=0, project_id='3130', plot_id='14146', x=1497210, y=1668480)
14146
Writing pickle: dev-nlcd-developer timesync/1984/audit/1984_14146_3130.p
Failed qa: 1984-03-24T15:12:05.084075Z
Failed qa: 1984-03-24T15:12:28.914562Z
..............Failed qa: 1984-05-07T15:14:24.014544Z
Failed qa: 1984-05-07T15:14:47.916566Z
..............Failed qa: 1984-05-23T15:15:05.3720310Z
Failed qa: 1984-05-23T15:15:17.287063Z
Failed qa: 1984-06-08T15:15:14.126535Z
Failed qa: 1984-06-08T15:15:38.028512Z
..............Failed qa: 1984-06-24T15:15:28.684562Z
Failed qa: 1984-06-24T15:15:52.657575Z
..............Failed qa: 1984-07-10T15:15:50.2330880Z
Failed qa: 1984-07-10T15:16:02.148560Z
Failed qa: 1984-08-18T15:22:53.995540Z
Failed qa: 1984-08-18T15:23:17.8260310Z
Failed qa: 1984-08-27T15:17:04.684503Z
Failed qa: 1984-08-27T15:17:28.586022Z
..........................................Failed qa: 1984-10-14T15:16:55.5930940Z
..........................................Failed qa: 1984-12-01T15:16:58.216013Z
Failed qa: 1984-12-01T15:17:22.119019Z
Writing pickle: dev-nlcd-developer timesync/1984/audit/1984_14146_3130_qa_rejects.p
Success tracking goes here
