{'project_id': '3130', 'year': '1984', 'x': 199560, 'y': 2262000, 'plot_id': '4841', 'strata': '41'}
Pandas(Index=0, project_id='3130', plot_id='4841', x=199560, y=2262000)
called process_plot
Pandas(Index=0, project_id='3130', plot_id='4841', x=199560, y=2262000)
4841
Writing pickle: dev-nlcd-developer timesync/1984/audit/1984_4841_3130.p
Failed qa: 1984-03-16T16:23:11.3630880Z
Failed qa: 1984-04-16T16:32:34.579556Z
Failed qa: 1984-04-16T16:32:46.5660750Z
..............Failed qa: 1984-04-25T16:26:58.2950880Z
Failed qa: 1984-05-04T16:20:17.483541Z
Failed qa: 1984-05-04T16:20:29.4700630Z
Failed qa: 1984-05-18T16:32:54.5790560Z
..............Failed qa: 1984-06-03T16:33:29.867551Z
..............Failed qa: 1984-06-19T16:33:46.270547Z
............................Failed qa: 1984-07-05T16:33:57.092566Z
Failed qa: 1984-07-05T16:34:09.0790690Z
..............Failed qa: 1984-07-14T16:28:29.6330940Z
............................Failed qa: 1984-09-07T16:35:29.285009Z
Failed qa: 1984-09-18T16:17:34.0240190Z
Failed qa: 1984-09-23T16:35:43.1650500Z
Failed qa: 1984-10-04T16:17:33.9550940Z
..............Failed qa: 1984-11-10T16:35:29.7420560Z
Failed qa: 1984-11-10T16:35:29.7420560Z
..........................................Writing pickle: dev-nlcd-developer timesync/1984/audit/1984_4841_3130_qa_rejects.p
Success tracking goes here
