{'project_id': '3130', 'year': '1984', 'x': -707250, 'y': 2017800, 'plot_id': '5736', 'strata': '41'}
Pandas(Index=0, project_id='3130', plot_id='5736', x=-707250, y=2017800)
called process_plot
Pandas(Index=0, project_id='3130', plot_id='5736', x=-707250, y=2017800)
5736
Writing pickle: dev-nlcd-developer timesync/1984/audit/1984_5736_3130.p
Failed qa: 1984-04-10T17:10:26.806535Z
Failed qa: 1984-04-12T16:58:05.406544Z
..............Failed qa: 1984-05-14T16:58:30.329522Z
.......Failed qa: 1984-05-28T17:11:14.888072Z
.......Failed qa: 1984-06-13T17:11:33.436082Z
Failed qa: 1984-06-15T16:59:13.740535Z
.......Failed qa: 1984-06-29T17:11:46.255050Z
Failed qa: 1984-07-01T16:59:37.9050630Z
.......Failed qa: 1984-07-15T17:11:59.721535Z
Failed qa: 1984-07-17T16:59:42.472544Z
.......Failed qa: 1984-08-18T17:00:47.571525Z
.......Failed qa: 1984-09-01T17:13:20.372525Z
Failed qa: 1984-09-03T17:00:59.369015Z
.......Failed qa: 1984-09-19T17:01:01.935075Z
.......Failed qa: 1984-10-21T17:00:46.0240380Z
.......Failed qa: 1984-11-06T17:00:39.0960690Z
..............Failed qa: 1984-11-22T17:00:48.148507Z
Writing pickle: dev-nlcd-developer timesync/1984/audit/1984_5736_3130_qa_rejects.p
Success tracking goes here
