{'project_id': '3130', 'year': '1984', 'x': -1958670, 'y': 2402910, 'plot_id': '17061', 'strata': '41'}
Pandas(Index=0, project_id='3130', plot_id='17061', x=-1958670, y=2402910)
called process_plot
Pandas(Index=0, project_id='3130', plot_id='17061', x=-1958670, y=2402910)
17061
Writing pickle: dev-nlcd-developer timesync/1984/audit/1984_17061_3130.p
.......Failed qa: 1984-04-25T18:05:39.509022Z
.......Failed qa: 1984-05-04T17:59:22.6950630Z
Failed qa: 1984-05-11T18:06:11.7870500Z
.......Failed qa: 1984-05-20T18:00:17.4450630Z
Failed qa: 1984-05-27T18:06:39.013572Z
.......Failed qa: 1984-06-05T18:00:27.614082Z
Failed qa: 1984-06-12T18:06:45.940022Z
Failed qa: 1984-06-21T18:00:43.275047Z
Failed qa: 1984-06-28T18:06:59.190079Z
.......Failed qa: 1984-07-07T18:00:53.562541Z
Failed qa: 1984-07-14T18:07:46.9490060Z
Failed qa: 1984-07-23T18:01:19.932072Z
.......Failed qa: 1984-08-08T18:01:52.926079Z
..........................................Failed qa: 1984-10-27T18:02:20.003528Z
Failed qa: 1984-11-12T18:01:59.9690690Z
Failed qa: 1984-11-19T18:08:22.622543Z
Writing pickle: dev-nlcd-developer timesync/1984/audit/1984_17061_3130_qa_rejects.p
Success tracking goes here
