{'project_id': '3130', 'year': '1984', 'x': 1485810, 'y': 2271210, 'plot_id': '9541', 'strata': '41'}
Pandas(Index=0, project_id='3130', plot_id='9541', x=1485810, y=2271210)
called process_plot
Pandas(Index=0, project_id='3130', plot_id='9541', x=1485810, y=2271210)
9541
Writing pickle: dev-nlcd-developer timesync/1984/audit/1984_9541_3130.p
Failed qa: 1984-03-24T15:10:29.906025Z
Failed qa: 1984-03-27T15:32:06.4470880Z
Failed qa: 1984-04-10T15:30:57.8160560Z
..............Failed qa: 1984-04-26T15:30:56.7930500Z
Failed qa: 1984-05-07T15:12:48.548519Z
Failed qa: 1984-05-12T15:31:19.1550190Z
............................Failed qa: 1984-05-23T15:13:29.9070250Z
..............Failed qa: 1984-06-08T15:13:38.662062Z
Failed qa: 1984-06-13T15:32:04.4680310Z
............................Failed qa: 1984-06-24T15:13:41.3770130Z
Failed qa: 1984-06-29T15:32:29.226053Z
Failed qa: 1984-07-01T15:19:56.8700810Z
Failed qa: 1984-07-01T15:19:56.8700810Z
..............Failed qa: 1984-07-10T15:14:02.782076Z
Failed qa: 1984-07-15T15:32:42.479031Z
Failed qa: 1984-07-24T15:26:39.5090630Z
Failed qa: 1984-07-24T15:26:39.5090630Z
Failed qa: 1984-07-31T15:33:16.931541Z
Failed qa: 1984-08-16T15:33:36.5100130Z
..............Failed qa: 1984-08-25T15:27:50.106557Z
Failed qa: 1984-08-27T15:15:29.220028Z
Failed qa: 1984-09-01T15:34:03.346069Z
Failed qa: 1984-09-17T15:33:54.5200500Z
..............Failed qa: 1984-09-26T15:27:56.009007Z
Failed qa: 1984-09-26T15:27:44.1650130Z
Failed qa: 1984-09-28T15:15:34.252519Z
Failed qa: 1984-10-03T15:34:06.404013Z
..............Failed qa: 1984-10-12T15:27:42.3250880Z
Failed qa: 1984-10-12T15:27:42.3250880Z
Failed qa: 1984-10-14T15:15:32.115006Z
Failed qa: 1984-10-19T15:34:15.0950130Z
..............Failed qa: 1984-11-13T15:27:28.9760190Z
Failed qa: 1984-11-13T15:27:28.9760190Z
Failed qa: 1984-11-20T15:33:52.253578Z
..............Failed qa: 1984-12-01T15:15:34.6620750Z
Writing pickle: dev-nlcd-developer timesync/1984/audit/1984_9541_3130_qa_rejects.p
Success tracking goes here
