{'project_id': '3130', 'year': '1984', 'x': 814650, 'y': 2470920, 'plot_id': '4316', 'strata': '41'}
Pandas(Index=0, project_id='3130', plot_id='4316', x=814650, y=2470920)
called process_plot
Pandas(Index=0, project_id='3130', plot_id='4316', x=814650, y=2470920)
4316
Writing pickle: dev-nlcd-developer timesync/1984/audit/1984_4316_3130.p
.......Failed qa: 1984-04-06T15:54:52.2370560Z
Failed qa: 1984-04-22T15:54:53.2440750Z
Failed qa: 1984-04-29T16:01:13.501563Z
Failed qa: 1984-05-31T16:01:56.2340310Z
Failed qa: 1984-06-02T15:49:48.989560Z
Failed qa: 1984-06-09T15:55:55.8830440Z
Failed qa: 1984-06-16T16:02:25.532560Z
Failed qa: 1984-06-25T15:56:10.1260810Z
Failed qa: 1984-07-02T16:02:25.4510630Z
Failed qa: 1984-07-04T15:50:16.874031Z
.......Failed qa: 1984-07-18T16:02:43.6580310Z
Failed qa: 1984-07-20T15:50:38.264038Z
Failed qa: 1984-07-27T15:56:52.1860880Z
Failed qa: 1984-08-03T16:03:17.5230940Z
Failed qa: 1984-08-05T15:51:11.779532Z
Failed qa: 1984-08-12T15:57:24.4170500Z
Failed qa: 1984-08-19T16:03:48.3290560Z
Failed qa: 1984-08-21T15:51:30.3270310Z
.......Failed qa: 1984-09-04T16:04:10.570069Z
Failed qa: 1984-09-06T15:51:49.456060Z
.......Failed qa: 1984-09-20T16:04:01.0520190Z
Failed qa: 1984-09-22T15:51:51.426534Z
.......Failed qa: 1984-10-06T16:04:12.434550Z
.......Failed qa: 1984-10-22T16:04:08.664534Z
Failed qa: 1984-10-24T15:51:58.1920750Z
.......Failed qa: 1984-11-07T16:04:01.560547Z
Failed qa: 1984-11-09T15:51:38.724572Z
Failed qa: 1984-11-23T16:03:59.225538Z
Failed qa: 1984-11-25T15:51:37.936031Z
Writing pickle: dev-nlcd-developer timesync/1984/audit/1984_4316_3130_qa_rejects.p
Success tracking goes here
