{'project_id': '3130', 'year': '1984', 'x': -1184070, 'y': 2819190, 'plot_id': '5196', 'strata': '41'}
Pandas(Index=0, project_id='3130', plot_id='5196', x=-1184070, y=2819190)
called process_plot
Pandas(Index=0, project_id='3130', plot_id='5196', x=-1184070, y=2819190)
5196
Writing pickle: dev-nlcd-developer timesync/1984/audit/1984_5196_3130.p
.......Failed qa: 1984-04-06T17:33:33.520563Z
.......Failed qa: 1984-04-22T17:33:22.5800690Z
Failed qa: 1984-04-29T17:39:30.883085Z
Failed qa: 1984-05-06T17:46:17.4690810Z
Failed qa: 1984-05-08T17:33:48.048541Z
............................Failed qa: 1984-06-09T17:34:37.093028Z
.......Failed qa: 1984-06-25T17:34:51.340528Z
..............Failed qa: 1984-07-11T17:35:00.516585Z
..............Failed qa: 1984-07-27T17:35:21.6970000Z
..............Failed qa: 1984-08-12T17:35:53.7860310Z
..............Failed qa: 1984-09-13T17:36:18.8170630Z
.......Failed qa: 1984-10-06T17:42:05.8890190Z
..............Failed qa: 1984-10-31T17:36:11.3640310Z
Failed qa: 1984-11-07T17:41:55.0410630Z
..............Writing pickle: dev-nlcd-developer timesync/1984/audit/1984_5196_3130_qa_rejects.p
Success tracking goes here
