{'project_id': '3130', 'year': '1984', 'x': 276750, 'y': 2622750, 'plot_id': '4481', 'strata': '41'}
Pandas(Index=0, project_id='3130', plot_id='4481', x=276750, y=2622750)
called process_plot
Pandas(Index=0, project_id='3130', plot_id='4481', x=276750, y=2622750)
4481
Writing pickle: dev-nlcd-developer timesync/1984/audit/1984_4481_3130.p
.......Failed qa: 1984-04-09T16:25:23.4440940Z
Failed qa: 1984-04-16T16:31:46.846578Z
.....................Failed qa: 1984-05-18T16:32:18.833063Z
..............Failed qa: 1984-06-03T16:32:42.064047Z
Failed qa: 1984-06-05T16:20:10.9380810Z
.......Failed qa: 1984-06-19T16:33:10.4540060Z
..............Failed qa: 1984-07-05T16:33:09.361016Z
..............Failed qa: 1984-07-23T16:21:03.1850560Z
Failed qa: 1984-07-30T16:27:28.8080940Z
Failed qa: 1984-08-06T16:33:53.8480380Z
.......Failed qa: 1984-08-15T16:28:00.3510500Z
Failed qa: 1984-08-31T16:28:16.9400690Z
Failed qa: 1984-09-16T16:28:20.0980880Z
Failed qa: 1984-10-02T16:28:20.3080940Z
Failed qa: 1984-10-09T16:34:54.1170130Z
.......Failed qa: 1984-11-10T16:34:17.9630440Z
..............Writing pickle: dev-nlcd-developer timesync/1984/audit/1984_4481_3130_qa_rejects.p
Success tracking goes here
