{'project_id': '3130', 'year': '1984', 'x': -289230, 'y': 1047690, 'plot_id': '6836', 'strata': '41'}
Pandas(Index=0, project_id='3130', plot_id='6836', x=-289230, y=1047690)
called process_plot
Pandas(Index=0, project_id='3130', plot_id='6836', x=-289230, y=1047690)
6836
Writing pickle: dev-nlcd-developer timesync/1984/audit/1984_6836_3130.p
Failed qa: 1984-04-07T16:41:43.2950130Z
Failed qa: 1984-04-09T16:29:34.237528Z
.......Failed qa: 1984-05-27T16:30:20.981550Z
.......Failed qa: 1984-06-12T16:30:39.984035Z
.......Failed qa: 1984-06-26T16:43:01.4590500Z
Failed qa: 1984-06-28T16:30:53.202069Z
Failed qa: 1984-07-14T16:31:16.018022Z
Failed qa: 1984-08-31T16:32:27.586541Z
.....................Failed qa: 1984-10-16T16:44:38.2640690Z
Failed qa: 1984-10-18T16:32:28.089059Z
Failed qa: 1984-11-01T16:44:44.248591Z
Failed qa: 1984-11-03T16:32:21.681519Z
.......Writing pickle: dev-nlcd-developer timesync/1984/audit/1984_6836_3130_qa_rejects.p
Success tracking goes here
