{'project_id': '3130', 'year': '1984', 'x': -1799940, 'y': 2229870, 'plot_id': '17871', 'strata': '41'}
Pandas(Index=0, project_id='3130', plot_id='17871', x=-1799940, y=2229870)
called process_plot
Pandas(Index=0, project_id='3130', plot_id='17871', x=-1799940, y=2229870)
17871
Writing pickle: dev-nlcd-developer timesync/1984/audit/1984_17871_3130.p
Failed qa: 1984-03-23T17:48:02.768528Z
Failed qa: 1984-04-27T17:53:41.053053Z
Failed qa: 1984-05-04T18:00:10.4990750Z
Failed qa: 1984-05-06T17:47:53.0780190Z
Failed qa: 1984-05-13T17:53:53.9720190Z
.......Failed qa: 1984-05-29T17:54:20.0200250Z
.......Failed qa: 1984-06-07T17:48:44.1090630Z
Failed qa: 1984-06-14T17:54:38.2320810Z
.......Failed qa: 1984-06-23T17:48:59.0550880Z
Failed qa: 1984-06-30T17:55:02.704559Z
.......Failed qa: 1984-07-09T17:49:08.7010630Z
Failed qa: 1984-07-16T17:55:05.7950750Z
..............Failed qa: 1984-10-04T17:56:51.0540630Z
Failed qa: 1984-10-13T17:50:38.7360630Z
.......Failed qa: 1984-11-21T17:56:25.289094Z
Failed qa: 1984-11-28T18:02:49.2950690Z
Failed qa: 1984-11-30T17:50:28.3590250Z
Writing pickle: dev-nlcd-developer timesync/1984/audit/1984_17871_3130_qa_rejects.p
Success tracking goes here
