{'project_id': '3130', 'year': '1984', 'x': -1243380, 'y': 1213740, 'plot_id': '3411', 'strata': '41'}
Pandas(Index=0, project_id='3130', plot_id='3411', x=-1243380, y=1213740)
called process_plot
Pandas(Index=0, project_id='3130', plot_id='3411', x=-1243380, y=1213740)
3411
Writing pickle: dev-nlcd-developer timesync/1984/audit/1984_3411_3130.p
Failed qa: 1984-03-15T17:25:14.569513Z
Failed qa: 1984-03-15T17:25:38.394038Z
..............Failed qa: 1984-05-03T17:18:28.0430000Z
Failed qa: 1984-05-03T17:19:15.8470250Z
Failed qa: 1984-05-10T17:25:17.2870250Z
Failed qa: 1984-05-10T17:25:29.202513Z
Failed qa: 1984-05-12T17:13:23.4640130Z
Failed qa: 1984-05-26T17:25:45.0410810Z
Failed qa: 1984-05-26T17:25:56.956563Z
Failed qa: 1984-05-28T17:13:26.2420060Z
..............Failed qa: 1984-06-11T17:25:52.514566Z
Failed qa: 1984-06-11T17:26:04.4300380Z
Failed qa: 1984-06-13T17:13:56.704541Z
..............Failed qa: 1984-06-27T17:26:05.980081Z
Failed qa: 1984-06-27T17:26:29.882047Z
..............Failed qa: 1984-07-13T17:26:04.2590000Z
Failed qa: 1984-07-29T17:26:39.1500190Z
Failed qa: 1984-08-14T17:27:22.845538Z
Failed qa: 1984-08-14T17:27:46.747047Z
Failed qa: 1984-09-15T17:27:32.3600880Z
Failed qa: 1984-10-17T17:27:41.860531Z
Failed qa: 1984-10-17T17:28:05.762550Z
Failed qa: 1984-11-02T17:27:47.5800130Z
Failed qa: 1984-11-02T17:27:59.566553Z
Failed qa: 1984-11-04T17:15:49.0130560Z
Failed qa: 1984-11-18T17:27:29.939556Z
Failed qa: 1984-11-18T17:27:53.771044Z
Failed qa: 1984-11-20T17:15:44.5500880Z
..............Writing pickle: dev-nlcd-developer timesync/1984/audit/1984_3411_3130_qa_rejects.p
Success tracking goes here
