{'project_id': '3130', 'year': '1984', 'x': 1182810, 'y': 2019900, 'plot_id': '21756', 'strata': '41'}
Pandas(Index=0, project_id='3130', plot_id='21756', x=1182810, y=2019900)
called process_plot
Pandas(Index=0, project_id='3130', plot_id='21756', x=1182810, y=2019900)
21756
Writing pickle: dev-nlcd-developer timesync/1984/audit/1984_21756_3130.p
..............Failed qa: 1984-04-08T15:43:54.842037Z
..............Failed qa: 1984-04-19T15:25:59.2110810Z
Failed qa: 1984-05-10T15:44:00.6970310Z
............................Failed qa: 1984-05-21T15:26:24.327066Z
Failed qa: 1984-05-26T15:44:40.510547Z
..............Failed qa: 1984-06-06T15:26:46.020518Z
Failed qa: 1984-06-11T15:44:59.840041Z
............................Failed qa: 1984-06-22T15:27:01.208500Z
Failed qa: 1984-06-27T15:45:13.409500Z
............................Failed qa: 1984-07-08T15:27:11.365566Z
Failed qa: 1984-07-13T15:45:23.472551Z
..............Failed qa: 1984-07-22T15:39:20.6210060Z
Failed qa: 1984-07-22T15:39:20.6210060Z
Failed qa: 1984-07-29T15:45:58.359562Z
Failed qa: 1984-07-31T15:33:28.8470060Z
Failed qa: 1984-07-31T15:33:28.8470060Z
Failed qa: 1984-08-07T15:39:53.7590560Z
Failed qa: 1984-08-07T15:39:53.7590560Z
Failed qa: 1984-08-14T15:46:18.2000130Z
Failed qa: 1984-08-25T15:28:37.910500Z
........................................................Failed qa: 1984-09-26T15:28:31.8260380Z
Failed qa: 1984-10-01T15:46:52.066034Z
............................Failed qa: 1984-10-12T15:28:42.117528Z
Failed qa: 1984-10-17T15:46:49.364044Z
............................Failed qa: 1984-10-28T15:28:36.891038Z
Failed qa: 1984-11-02T15:46:31.1090190Z
Failed qa: 1984-11-13T15:28:40.6120810Z
............................Writing pickle: dev-nlcd-developer timesync/1984/audit/1984_21756_3130_qa_rejects.p
Success tracking goes here
