{'project_id': '3130', 'year': '1984', 'x': 578520, 'y': 2639070, 'plot_id': '4276', 'strata': '41'}
Pandas(Index=0, project_id='3130', plot_id='4276', x=578520, y=2639070)
called process_plot
Pandas(Index=0, project_id='3130', plot_id='4276', x=578520, y=2639070)
4276
Writing pickle: dev-nlcd-developer timesync/1984/audit/1984_4276_3130.p
.......Failed qa: 1984-04-11T16:13:13.989569Z
Failed qa: 1984-04-18T16:19:25.087522Z
..............Failed qa: 1984-05-04T16:19:29.750557Z
..............Failed qa: 1984-05-20T16:20:00.626009Z
.......Failed qa: 1984-05-29T16:14:03.278525Z
Failed qa: 1984-06-05T16:20:10.9380810Z
Failed qa: 1984-06-07T16:07:51.5490630Z
Failed qa: 1984-06-14T16:14:21.497512Z
Failed qa: 1984-06-21T16:20:38.495562Z
Failed qa: 1984-06-30T16:14:34.029075Z
Failed qa: 1984-07-07T16:20:48.719043Z
.......Failed qa: 1984-07-16T16:14:48.906547Z
Failed qa: 1984-07-23T16:21:03.1850560Z
Failed qa: 1984-08-01T16:15:11.2420750Z
Failed qa: 1984-08-08T16:21:48.072018Z
..............Failed qa: 1984-09-18T16:16:10.617025Z
Failed qa: 1984-09-27T16:09:48.2230560Z
Failed qa: 1984-10-04T16:16:10.405550Z
.......Failed qa: 1984-10-20T16:16:07.087515Z
..............Failed qa: 1984-11-12T16:22:07.192510Z
.......Writing pickle: dev-nlcd-developer timesync/1984/audit/1984_4276_3130_qa_rejects.p
Success tracking goes here
