{'project_id': '3130', 'year': '1984', 'x': -477060, 'y': 1526010, 'plot_id': '18201', 'strata': '41'}
Pandas(Index=0, project_id='3130', plot_id='18201', x=-477060, y=1526010)
called process_plot
Pandas(Index=0, project_id='3130', plot_id='18201', x=-477060, y=1526010)
18201
Writing pickle: dev-nlcd-developer timesync/1984/audit/1984_18201_3130.p
..............Failed qa: 1984-05-14T16:59:41.964060Z
............................Failed qa: 1984-06-15T17:00:25.374525Z
.......Failed qa: 1984-07-01T17:00:37.481037Z
Failed qa: 1984-07-03T16:48:05.1210810Z
.......Failed qa: 1984-07-17T17:00:54.106522Z
..............Failed qa: 1984-08-20T16:49:29.1990630Z
Failed qa: 1984-08-27T16:55:45.8910810Z
Failed qa: 1984-09-03T17:02:22.9180250Z
..............Failed qa: 1984-09-19T17:02:01.5120190Z
.......Failed qa: 1984-10-05T17:02:01.1460190Z
..............Failed qa: 1984-10-21T17:01:57.6590500Z
.......Failed qa: 1984-11-06T17:01:50.7330130Z
.......Failed qa: 1984-11-22T17:01:59.714019Z
.......Writing pickle: dev-nlcd-developer timesync/1984/audit/1984_18201_3130_qa_rejects.p
Success tracking goes here
