{'project_id': '3130', 'year': '1984', 'x': 400350, 'y': 1686420, 'plot_id': '23196', 'strata': '41'}
Pandas(Index=0, project_id='3130', plot_id='23196', x=400350, y=1686420)
called process_plot
Pandas(Index=0, project_id='3130', plot_id='23196', x=400350, y=1686420)
23196
Writing pickle: dev-nlcd-developer timesync/1984/audit/1984_23196_3130.p
.......Failed qa: 1984-04-18T16:21:36.5840560Z
Failed qa: 1984-04-20T16:09:14.8930500Z
Failed qa: 1984-04-27T16:15:35.659088Z
Failed qa: 1984-05-13T16:16:12.3400190Z
.......Failed qa: 1984-05-29T16:16:26.547063Z
.......Failed qa: 1984-06-14T16:16:44.765057Z
Failed qa: 1984-06-23T16:10:29.7960810Z
Failed qa: 1984-06-30T16:16:57.225532Z
Failed qa: 1984-07-07T16:23:00.2140380Z
.......Failed qa: 1984-07-16T16:17:12.246022Z
..............Failed qa: 1984-09-18T16:18:33.814075Z
Failed qa: 1984-10-04T16:18:33.746075Z
.......Failed qa: 1984-10-29T16:12:04.2620130Z
Failed qa: 1984-11-05T16:18:23.761547Z
Failed qa: 1984-11-12T16:24:18.5490880Z
Failed qa: 1984-11-21T16:18:19.945547Z
Failed qa: 1984-11-28T16:24:20.0720750Z
.......Writing pickle: dev-nlcd-developer timesync/1984/audit/1984_23196_3130_qa_rejects.p
Success tracking goes here
