{'project_id': '3130', 'year': '1984', 'x': 360120, 'y': 1873500, 'plot_id': '23856', 'strata': '41'}
Pandas(Index=0, project_id='3130', plot_id='23856', x=360120, y=1873500)
called process_plot
Pandas(Index=0, project_id='3130', plot_id='23856', x=360120, y=1873500)
23856
Writing pickle: dev-nlcd-developer timesync/1984/audit/1984_23856_3130.p
..............Failed qa: 1984-04-18T16:21:24.597541Z
Failed qa: 1984-04-20T16:09:02.906525Z
.......Failed qa: 1984-05-06T16:08:59.8800190Z
Failed qa: 1984-05-20T16:21:48.0780000Z
Failed qa: 1984-05-22T16:09:53.7630440Z
.......Failed qa: 1984-06-07T16:09:50.8440560Z
.......Failed qa: 1984-06-21T16:22:25.8750440Z
Failed qa: 1984-06-23T16:10:17.809578Z
.......Failed qa: 1984-07-07T16:22:48.227535Z
Failed qa: 1984-07-09T16:10:27.634519Z
.......Failed qa: 1984-08-08T16:23:35.5940000Z
...................................Failed qa: 1984-10-29T16:11:52.275032Z
.......Failed qa: 1984-11-12T16:24:06.562088Z
.......Failed qa: 1984-11-28T16:24:08.085062Z
Writing pickle: dev-nlcd-developer timesync/1984/audit/1984_23856_3130_qa_rejects.p
Success tracking goes here
