{'project_id': '3130', 'year': '1984', 'x': -927960, 'y': 2138790, 'plot_id': '13856', 'strata': '41'}
Pandas(Index=0, project_id='3130', plot_id='13856', x=-927960, y=2138790)
called process_plot
Pandas(Index=0, project_id='3130', plot_id='13856', x=-927960, y=2138790)
13856
Writing pickle: dev-nlcd-developer timesync/1984/audit/1984_13856_3130.p
Failed qa: 1984-03-15T17:22:51.335515Z
Failed qa: 1984-04-15T17:28:24.0950750Z
.......Failed qa: 1984-05-01T17:28:34.073559Z
.....................Failed qa: 1984-06-02T17:29:29.949544Z
.......Failed qa: 1984-06-11T17:23:29.246553Z
Failed qa: 1984-06-18T17:29:58.5670560Z
.......Failed qa: 1984-06-27T17:23:42.784075Z
Failed qa: 1984-07-04T17:29:57.913019Z
.......Failed qa: 1984-07-13T17:23:41.1350880Z
Failed qa: 1984-07-20T17:30:19.406044Z
Failed qa: 1984-07-29T17:24:39.7130000Z
Failed qa: 1984-08-05T17:31:04.7920560Z
Failed qa: 1984-08-14T17:24:59.578547Z
.......Failed qa: 1984-09-15T17:25:21.007038Z
Failed qa: 1984-09-22T17:31:32.387028Z
Failed qa: 1984-10-17T17:25:06.7460560Z
Failed qa: 1984-10-24T17:31:15.3640310Z
.......Failed qa: 1984-11-09T17:31:07.6970000Z
..............Writing pickle: dev-nlcd-developer timesync/1984/audit/1984_13856_3130_qa_rejects.p
Success tracking goes here
