{'project_id': '3130', 'year': '1984', 'x': -1856580, 'y': 2139030, 'plot_id': '11206', 'strata': '41'}
Pandas(Index=0, project_id='3130', plot_id='11206', x=-1856580, y=2139030)
called process_plot
Pandas(Index=0, project_id='3130', plot_id='11206', x=-1856580, y=2139030)
11206
Writing pickle: dev-nlcd-developer timesync/1984/audit/1984_11206_3130.p
Failed qa: 1984-04-25T18:06:03.339547Z
Failed qa: 1984-05-02T18:12:03.8330750Z
.......Failed qa: 1984-05-11T18:06:23.773569Z
Failed qa: 1984-05-18T18:12:35.5590630Z
.......Failed qa: 1984-05-27T18:07:02.8440750Z
.......Failed qa: 1984-06-12T18:07:09.841547Z
.......Failed qa: 1984-06-28T18:07:23.020556Z
Failed qa: 1984-06-30T17:55:14.6910560Z
Failed qa: 1984-07-05T18:13:25.9960500Z
.......Failed qa: 1984-07-14T18:07:46.9490060Z
..............Failed qa: 1984-09-16T18:09:00.604550Z
Failed qa: 1984-10-02T18:09:00.816044Z
Failed qa: 1984-10-04T17:56:51.0540630Z
Failed qa: 1984-10-18T18:08:57.948044Z
Failed qa: 1984-10-25T18:14:54.3190880Z
Failed qa: 1984-10-27T18:02:31.9190250Z
Failed qa: 1984-11-19T18:08:46.453575Z
Failed qa: 1984-11-21T17:56:37.2760940Z
.......Writing pickle: dev-nlcd-developer timesync/1984/audit/1984_11206_3130_qa_rejects.p
Success tracking goes here
