{'project_id': '3130', 'year': '1984', 'x': -1820760, 'y': 1763100, 'plot_id': '20376', 'strata': '41'}
Pandas(Index=0, project_id='3130', plot_id='20376', x=-1820760, y=1763100)
called process_plot
Pandas(Index=0, project_id='3130', plot_id='20376', x=-1820760, y=1763100)
20376
Writing pickle: dev-nlcd-developer timesync/1984/audit/1984_20376_3130.p
.......Failed qa: 1984-04-18T18:01:05.331566Z
.......Failed qa: 1984-05-04T18:01:22.1340560Z
Failed qa: 1984-05-06T17:49:04.7130060Z
.......Failed qa: 1984-05-20T18:01:28.9370630Z
..............Failed qa: 1984-06-05T18:02:03.078579Z
..............Failed qa: 1984-06-21T18:02:18.739500Z
..............Failed qa: 1984-07-07T18:02:29.026528Z
Failed qa: 1984-07-09T17:50:20.3350310Z
.......Failed qa: 1984-08-08T18:03:28.390066Z
.....................Failed qa: 1984-10-27T18:03:55.469538Z
Failed qa: 1984-11-28T18:03:36.8160060Z
Failed qa: 1984-11-30T17:51:39.9960440Z
Writing pickle: dev-nlcd-developer timesync/1984/audit/1984_20376_3130_qa_rejects.p
Success tracking goes here
