{'project_id': '3130', 'year': '1984', 'x': 101400, 'y': 2611260, 'plot_id': '23396', 'strata': '41'}
Pandas(Index=0, project_id='3130', plot_id='23396', x=101400, y=2611260)
called process_plot
Pandas(Index=0, project_id='3130', plot_id='23396', x=101400, y=2611260)
23396
Writing pickle: dev-nlcd-developer timesync/1984/audit/1984_23396_3130.p
Failed qa: 1984-04-07T16:37:56.475522Z
Failed qa: 1984-04-14T16:44:08.506032Z
.....................Failed qa: 1984-05-16T16:44:36.923572Z
..............Failed qa: 1984-06-01T16:44:49.4100440Z
.......Failed qa: 1984-06-10T16:38:48.7880750Z
Failed qa: 1984-06-17T16:45:18.424025Z
.......Failed qa: 1984-06-26T16:39:26.5580560Z
Failed qa: 1984-07-03T16:45:29.938554Z
.......Failed qa: 1984-07-19T16:45:49.790528Z
Failed qa: 1984-08-06T16:33:53.8480380Z
Failed qa: 1984-08-13T16:40:18.3300440Z
Failed qa: 1984-08-29T16:41:01.8190940Z
Failed qa: 1984-09-05T16:46:50.8080750Z
Failed qa: 1984-09-14T16:40:41.5780560Z
Failed qa: 1984-09-21T16:46:53.0350690Z
Failed qa: 1984-09-30T16:40:42.1110750Z
.......Failed qa: 1984-10-23T16:46:48.3250250Z
.......Failed qa: 1984-11-08T16:46:52.832569Z
Failed qa: 1984-11-10T16:34:17.9630440Z
Failed qa: 1984-11-24T16:46:51.308550Z
Writing pickle: dev-nlcd-developer timesync/1984/audit/1984_23396_3130_qa_rejects.p
Success tracking goes here
