{'project_id': '3130', 'year': '1984', 'x': -1466010, 'y': 2400270, 'plot_id': '12151', 'strata': '41'}
Pandas(Index=0, project_id='3130', plot_id='12151', x=-1466010, y=2400270)
called process_plot
Pandas(Index=0, project_id='3130', plot_id='12151', x=-1466010, y=2400270)
12151
Writing pickle: dev-nlcd-developer timesync/1984/audit/1984_12151_3130.p
.......Failed qa: 1984-04-13T17:40:57.419013Z
Failed qa: 1984-04-29T17:40:54.504572Z
.......Failed qa: 1984-05-13T17:53:30.1410500Z
Failed qa: 1984-05-15T17:41:36.1740630Z
.......Failed qa: 1984-05-29T17:53:56.1890690Z
Failed qa: 1984-05-31T17:41:49.177538Z
.......Failed qa: 1984-06-14T17:54:14.4020380Z
.......Failed qa: 1984-06-30T17:54:26.8880250Z
Failed qa: 1984-07-02T17:42:18.341062Z
.......Failed qa: 1984-07-16T17:54:41.9650380Z
.......Failed qa: 1984-09-20T17:43:53.869065Z
.......Failed qa: 1984-10-22T17:43:37.6050440Z
Failed qa: 1984-11-21T17:55:49.4710690Z
Failed qa: 1984-11-23T17:43:40.232541Z
Writing pickle: dev-nlcd-developer timesync/1984/audit/1984_12151_3130_qa_rejects.p
Success tracking goes here
