{'project_id': '3130', 'year': '1984', 'x': -15990, 'y': 711150, 'plot_id': '10701', 'strata': '41'}
Pandas(Index=0, project_id='3130', plot_id='10701', x=-15990, y=711150)
called process_plot
Pandas(Index=0, project_id='3130', plot_id='10701', x=-15990, y=711150)
10701
Writing pickle: dev-nlcd-developer timesync/1984/audit/1984_10701_3130.p
Failed qa: 1984-03-28T16:16:05.273060Z
Failed qa: 1984-04-09T16:30:22.184513Z
Failed qa: 1984-04-11T16:18:12.7300060Z
Failed qa: 1984-04-11T16:18:00.743035Z
............................Failed qa: 1984-05-27T16:30:57.0130250Z
Failed qa: 1984-05-29T16:19:01.9460000Z
Failed qa: 1984-05-29T16:18:50.030522Z
Failed qa: 1984-06-12T16:31:16.0150440Z
Failed qa: 1984-06-14T16:19:20.1620940Z
Failed qa: 1984-06-14T16:19:08.247075Z
..............Failed qa: 1984-06-23T16:13:17.0370560Z
Failed qa: 1984-06-28T16:31:29.2330630Z
..............Failed qa: 1984-07-14T16:31:38.9920440Z
Failed qa: 1984-07-16T16:19:47.6430440Z
Failed qa: 1984-07-16T16:19:35.728022Z
Failed qa: 1984-08-26T16:14:53.3210000Z
Failed qa: 1984-08-31T16:33:03.6170750Z
..............Failed qa: 1984-09-11T16:14:57.6470310Z
Failed qa: 1984-09-18T16:21:09.2120940Z
Failed qa: 1984-09-18T16:20:57.297063Z
Failed qa: 1984-10-04T16:21:09.0030130Z
Failed qa: 1984-10-04T16:20:57.087522Z
..............Failed qa: 1984-10-13T16:14:56.7550630Z
Failed qa: 1984-10-18T16:33:04.1210060Z
Failed qa: 1984-10-20T16:21:05.8290690Z
Failed qa: 1984-10-20T16:20:53.842538Z
Failed qa: 1984-10-29T16:14:51.5070190Z
Failed qa: 1984-11-03T16:32:57.7130690Z
Failed qa: 1984-11-05T16:20:47.177050Z
..............Failed qa: 1984-11-19T16:33:04.620028Z
Failed qa: 1984-11-21T16:20:43.434043Z
..............Writing pickle: dev-nlcd-developer timesync/1984/audit/1984_10701_3130_qa_rejects.p
Success tracking goes here
