{'project_id': '3130', 'year': '1984', 'x': -609750, 'y': 2773290, 'plot_id': '2606', 'strata': '41'}
Pandas(Index=0, project_id='3130', plot_id='2606', x=-609750, y=2773290)
called process_plot
Pandas(Index=0, project_id='3130', plot_id='2606', x=-609750, y=2773290)
2606
Writing pickle: dev-nlcd-developer timesync/1984/audit/1984_2606_3130.p
Failed qa: 1984-03-22T17:06:07.2410000Z
..............Failed qa: 1984-04-19T17:02:05.0590500Z
.......Failed qa: 1984-05-05T17:02:23.849569Z
..............Failed qa: 1984-05-21T17:02:42.2680500Z
............................Failed qa: 1984-06-22T17:03:31.136528Z
..............Failed qa: 1984-07-08T17:03:41.151563Z
..............Failed qa: 1984-07-24T17:03:57.2430130Z
Failed qa: 1984-08-07T17:16:47.8050060Z
Failed qa: 1984-08-25T17:05:07.771556Z
..............Failed qa: 1984-09-26T17:05:01.7510880Z
..............Failed qa: 1984-10-28T17:05:06.747532Z
.......Failed qa: 1984-11-13T17:04:58.410528Z
Failed qa: 1984-11-20T17:10:58.0030190Z
.......Writing pickle: dev-nlcd-developer timesync/1984/audit/1984_2606_3130_qa_rejects.p
Success tracking goes here
