{'project_id': '3130', 'year': '1984', 'x': -2182590, 'y': 1851180, 'plot_id': '1196', 'strata': '41'}
Pandas(Index=0, project_id='3130', plot_id='1196', x=-2182590, y=1851180)
called process_plot
Pandas(Index=0, project_id='3130', plot_id='1196', x=-2182590, y=1851180)
1196
Writing pickle: dev-nlcd-developer timesync/1984/audit/1984_1196_3130.p
.....................Failed qa: 1984-05-18T18:13:59.181031Z
Failed qa: 1984-05-20T18:01:28.9370630Z
.......Failed qa: 1984-06-03T18:14:10.580519Z
Failed qa: 1984-06-05T18:02:03.078579Z
.......Failed qa: 1984-06-19T18:14:03.0900190Z
Failed qa: 1984-06-21T18:02:06.7530000Z
Failed qa: 1984-06-28T18:08:22.739057Z
Failed qa: 1984-07-05T18:14:37.772534Z
Failed qa: 1984-07-07T18:02:29.026528Z
.......Failed qa: 1984-08-06T18:15:34.214013Z
Failed qa: 1984-08-08T18:03:16.4750500Z
Failed qa: 1984-09-07T18:15:57.947050Z
Failed qa: 1984-09-16T18:10:00.394581Z
Failed qa: 1984-09-23T18:16:11.758037Z
Failed qa: 1984-10-02T18:10:00.607028Z
.......Failed qa: 1984-10-25T18:15:54.111003Z
Failed qa: 1984-10-27T18:03:55.469538Z
.......Writing pickle: dev-nlcd-developer timesync/1984/audit/1984_1196_3130_qa_rejects.p
Success tracking goes here
