{'project_id': '3130', 'year': '1984', 'x': -1478040, 'y': 1368360, 'plot_id': '3141', 'strata': '41'}
Pandas(Index=0, project_id='3130', plot_id='3141', x=-1478040, y=1368360)
called process_plot
Pandas(Index=0, project_id='3130', plot_id='3141', x=-1478040, y=1368360)
3141
Writing pickle: dev-nlcd-developer timesync/1984/audit/1984_3141_3130.p
Failed qa: 1984-03-15T17:24:50.673053Z
Failed qa: 1984-03-15T17:25:14.569513Z
Failed qa: 1984-04-06T17:36:56.5090560Z
Failed qa: 1984-05-01T17:30:21.4540250Z
Failed qa: 1984-05-08T17:36:47.1350940Z
Failed qa: 1984-05-10T17:24:29.4830060Z
Failed qa: 1984-05-10T17:25:17.2870250Z
Failed qa: 1984-05-26T17:24:57.2380000Z
Failed qa: 1984-05-26T17:25:45.0410810Z
..............Failed qa: 1984-06-09T17:37:36.2490500Z
Failed qa: 1984-06-11T17:25:28.612585Z
Failed qa: 1984-06-11T17:25:52.514566Z
..............Failed qa: 1984-06-25T17:38:02.340035Z
Failed qa: 1984-06-27T17:25:42.078566Z
Failed qa: 1984-06-27T17:26:05.980081Z
Failed qa: 1984-07-04T17:31:45.3640000Z
Failed qa: 1984-07-13T17:25:52.343544Z
Failed qa: 1984-07-13T17:26:04.2590000Z
..............Failed qa: 1984-07-29T17:26:27.163516Z
Failed qa: 1984-07-29T17:26:39.1500190Z
..............Failed qa: 1984-08-14T17:26:58.944029Z
Failed qa: 1984-08-14T17:27:22.845538Z
Failed qa: 1984-09-15T17:27:20.373575Z
Failed qa: 1984-09-15T17:27:32.3600880Z
..............Failed qa: 1984-10-17T17:27:17.958515Z
Failed qa: 1984-10-17T17:27:41.860531Z
..............Failed qa: 1984-11-02T17:26:59.7750190Z
Failed qa: 1984-11-02T17:27:47.5800130Z
Failed qa: 1984-11-18T17:27:06.037035Z
Failed qa: 1984-11-18T17:27:29.939556Z
Writing pickle: dev-nlcd-developer timesync/1984/audit/1984_3141_3130_qa_rejects.p
Success tracking goes here
