{'project_id': '3130', 'year': '1984', 'x': -1048890, 'y': 1931250, 'plot_id': '22616', 'strata': '41'}
Pandas(Index=0, project_id='3130', plot_id='22616', x=-1048890, y=1931250)
called process_plot
Pandas(Index=0, project_id='3130', plot_id='22616', x=-1048890, y=1931250)
22616
Writing pickle: dev-nlcd-developer timesync/1984/audit/1984_22616_3130.p
.......Failed qa: 1984-04-10T17:10:50.779572Z
.....................Failed qa: 1984-05-12T17:11:12.180547Z
..............Failed qa: 1984-05-28T17:11:26.9460690Z
.......Failed qa: 1984-06-11T17:24:29.1080500Z
Failed qa: 1984-06-13T17:11:57.480581Z
..............Failed qa: 1984-06-29T17:12:10.228503Z
.......Failed qa: 1984-07-13T17:24:52.7680690Z
Failed qa: 1984-07-15T17:12:23.694541Z
..............Failed qa: 1984-09-01T17:13:32.3590190Z
..............Failed qa: 1984-10-17T17:26:18.3810750Z
.......Failed qa: 1984-11-04T17:13:37.728013Z
.......Failed qa: 1984-11-20T17:13:33.263550Z
.......Writing pickle: dev-nlcd-developer timesync/1984/audit/1984_22616_3130_qa_rejects.p
Success tracking goes here
