{'project_id': '3130', 'year': '1984', 'x': -870900, 'y': 2369160, 'plot_id': '13306', 'strata': '41'}
Pandas(Index=0, project_id='3130', plot_id='13306', x=-870900, y=2369160)
called process_plot
Pandas(Index=0, project_id='3130', plot_id='13306', x=-870900, y=2369160)
13306
Writing pickle: dev-nlcd-developer timesync/1984/audit/1984_13306_3130.p
.......Failed qa: 1984-04-10T17:09:39.074012Z
.....................Failed qa: 1984-05-12T17:10:00.474066Z
Failed qa: 1984-05-19T17:16:12.0570880Z
.......Failed qa: 1984-05-28T17:10:27.156041Z
Failed qa: 1984-06-04T17:16:34.8160880Z
.......Failed qa: 1984-06-13T17:10:57.6910130Z
..............Failed qa: 1984-06-29T17:10:58.594534Z
..............Failed qa: 1984-07-15T17:11:11.989072Z
..............Failed qa: 1984-09-01T17:12:32.640076Z
.....................Failed qa: 1984-11-02T17:25:00.6190440Z
Failed qa: 1984-11-04T17:12:26.020063Z
.......Failed qa: 1984-11-20T17:12:21.555519Z
.......Writing pickle: dev-nlcd-developer timesync/1984/audit/1984_13306_3130_qa_rejects.p
Success tracking goes here
