{'project_id': '3130', 'year': '1984', 'x': -1005660, 'y': 1079370, 'plot_id': '22981', 'strata': '41'}
Pandas(Index=0, project_id='3130', plot_id='22981', x=-1005660, y=1079370)
called process_plot
Pandas(Index=0, project_id='3130', plot_id='22981', x=-1005660, y=1079370)
22981
Writing pickle: dev-nlcd-developer timesync/1984/audit/1984_22981_3130.p
.......Failed qa: 1984-05-05T17:06:34.6440310Z
Failed qa: 1984-05-12T17:13:11.477041Z
Failed qa: 1984-05-21T17:07:04.9760500Z
Failed qa: 1984-05-28T17:13:26.2420060Z
.......Failed qa: 1984-06-13T17:13:56.704541Z
Failed qa: 1984-06-15T17:01:36.937035Z
.......Failed qa: 1984-07-01T17:01:49.114562Z
.......Failed qa: 1984-07-17T17:01:53.8960690Z
Failed qa: 1984-09-03T17:03:34.5520060Z
Failed qa: 1984-09-19T17:03:25.204041Z
.......Failed qa: 1984-10-21T17:03:33.1250380Z
Failed qa: 1984-11-04T17:15:49.0130560Z
Failed qa: 1984-11-06T17:03:14.427522Z
.......Failed qa: 1984-11-20T17:15:44.5500880Z
Writing pickle: dev-nlcd-developer timesync/1984/audit/1984_22981_3130_qa_rejects.p
Success tracking goes here
