{'project_id': '3130', 'year': '1984', 'x': -1966950, 'y': 2704170, 'plot_id': '11526', 'strata': '41'}
Pandas(Index=0, project_id='3130', plot_id='11526', x=-1966950, y=2704170)
called process_plot
Pandas(Index=0, project_id='3130', plot_id='11526', x=-1966950, y=2704170)
11526
Writing pickle: dev-nlcd-developer timesync/1984/audit/1984_11526_3130.p
Failed qa: 1984-04-14T18:23:49.296575Z
Failed qa: 1984-04-16T18:11:27.735041Z
Failed qa: 1984-04-16T18:11:15.819554Z
Failed qa: 1984-04-25T18:05:27.6650190Z
Failed qa: 1984-05-02T18:11:28.158547Z
Failed qa: 1984-05-02T18:11:16.243062Z
Failed qa: 1984-05-16T18:24:17.961010Z
Failed qa: 1984-05-18T18:11:59.813054Z
Failed qa: 1984-05-18T18:11:47.969050Z
Failed qa: 1984-05-27T18:06:03.125075Z
Failed qa: 1984-06-01T18:24:42.253050Z
Failed qa: 1984-06-03T18:12:23.058022Z
Failed qa: 1984-06-03T18:12:11.142550Z
..............Failed qa: 1984-06-12T18:06:22.038037Z
Failed qa: 1984-06-17T18:24:59.306575Z
Failed qa: 1984-06-19T18:12:03.5100250Z
..............Failed qa: 1984-06-28T18:06:35.217078Z
Failed qa: 1984-07-03T18:25:10.758591Z
Failed qa: 1984-07-05T18:12:50.250557Z
Failed qa: 1984-07-05T18:12:38.335091Z
Failed qa: 1984-07-19T18:25:30.720556Z
..............Failed qa: 1984-08-04T18:26:04.356047Z
Failed qa: 1984-08-06T18:13:58.8210690Z
Failed qa: 1984-08-06T18:13:58.8210690Z
Failed qa: 1984-09-07T18:14:34.3980250Z
Failed qa: 1984-09-07T18:14:34.3980250Z
Failed qa: 1984-09-16T18:08:12.872082Z
Failed qa: 1984-09-23T18:14:36.2220130Z
Failed qa: 1984-09-23T18:14:12.320022Z
Failed qa: 1984-10-02T18:08:25.1410630Z
Failed qa: 1984-10-18T18:08:10.143569Z
Failed qa: 1984-10-23T18:26:40.959054Z
Failed qa: 1984-10-25T18:14:30.6310690Z
Failed qa: 1984-10-25T18:14:30.6310690Z
..............Failed qa: 1984-11-19T18:08:10.7070310Z
Writing pickle: dev-nlcd-developer timesync/1984/audit/1984_11526_3130_qa_rejects.p
Success tracking goes here
