{'project_id': '3130', 'year': '1984', 'x': -61350, 'y': 2023170, 'plot_id': '22771', 'strata': '41'}
Pandas(Index=0, project_id='3130', plot_id='22771', x=-61350, y=2023170)
called process_plot
Pandas(Index=0, project_id='3130', plot_id='22771', x=-61350, y=2023170)
22771
Writing pickle: dev-nlcd-developer timesync/1984/audit/1984_22771_3130.p
.......Failed qa: 1984-05-16T16:46:00.4740380Z
Failed qa: 1984-05-18T16:34:06.3560810Z
.......Failed qa: 1984-06-01T16:46:24.8740880Z
..............Failed qa: 1984-06-17T16:46:41.9730380Z
..............Failed qa: 1984-07-03T16:46:53.4880000Z
.......Failed qa: 1984-07-19T16:47:13.1970130Z
Failed qa: 1984-08-04T16:47:46.9010440Z
Failed qa: 1984-08-29T16:42:25.297047Z
..............Failed qa: 1984-10-07T16:48:27.7100940Z
Failed qa: 1984-10-09T16:36:29.7250250Z
.......Failed qa: 1984-11-08T16:48:16.2420190Z
Failed qa: 1984-11-10T16:36:17.5470750Z
Failed qa: 1984-11-24T16:48:14.8620060Z
Failed qa: 1984-11-26T16:36:17.4720880Z
Writing pickle: dev-nlcd-developer timesync/1984/audit/1984_22771_3130_qa_rejects.p
Success tracking goes here
