{'project_id': '3130', 'year': '1984', 'x': -1213710, 'y': 1934850, 'plot_id': '3681', 'strata': '41'}
Pandas(Index=0, project_id='3130', plot_id='3681', x=-1213710, y=1934850)
called process_plot
Pandas(Index=0, project_id='3130', plot_id='3681', x=-1213710, y=1934850)
3681
Writing pickle: dev-nlcd-developer timesync/1984/audit/1984_3681_3130.p
Failed qa: 1984-03-15T17:23:51.1820940Z
Failed qa: 1984-03-15T17:23:39.127087Z
Failed qa: 1984-04-06T17:35:21.0440250Z
..............Failed qa: 1984-04-17T17:17:02.142544Z
..............Failed qa: 1984-05-03T17:17:16.5510000Z
Failed qa: 1984-05-08T17:35:47.630044Z
Failed qa: 1984-05-10T17:23:41.9640380Z
Failed qa: 1984-05-10T17:23:29.977063Z
Failed qa: 1984-05-19T17:17:35.892578Z
Failed qa: 1984-05-26T17:24:09.7190560Z
Failed qa: 1984-05-26T17:23:57.732547Z
..............Failed qa: 1984-06-04T17:17:58.579587Z
Failed qa: 1984-06-09T17:36:36.601560Z
Failed qa: 1984-06-11T17:24:29.1080500Z
Failed qa: 1984-06-11T17:24:29.1080500Z
..............Failed qa: 1984-06-20T17:18:14.554062Z
Failed qa: 1984-06-25T17:36:50.920519Z
Failed qa: 1984-06-27T17:24:42.5740630Z
Failed qa: 1984-06-27T17:24:30.587563Z
..............Failed qa: 1984-07-06T17:18:25.202522Z
Failed qa: 1984-07-13T17:24:52.7680690Z
Failed qa: 1984-07-13T17:24:52.7680690Z
..............Failed qa: 1984-07-29T17:25:27.5160440Z
Failed qa: 1984-07-29T17:25:15.529541Z
............................Failed qa: 1984-09-08T17:19:44.9860750Z
Failed qa: 1984-09-15T17:25:56.7530250Z
..............Failed qa: 1984-10-17T17:26:18.3810750Z
Failed qa: 1984-10-17T17:26:18.3810750Z
..............Failed qa: 1984-11-02T17:25:48.2810630Z
..............Failed qa: 1984-11-18T17:26:06.5300380Z
Failed qa: 1984-11-18T17:25:54.543031Z
Failed qa: 1984-11-27T17:19:45.398053Z
Writing pickle: dev-nlcd-developer timesync/1984/audit/1984_3681_3130_qa_rejects.p
Success tracking goes here
