{'project_id': '3130', 'year': '1984', 'x': -901380, 'y': 2816760, 'plot_id': '7511', 'strata': '41'}
Pandas(Index=0, project_id='3130', plot_id='7511', x=-901380, y=2816760)
called process_plot
Pandas(Index=0, project_id='3130', plot_id='7511', x=-901380, y=2816760)
7511
Writing pickle: dev-nlcd-developer timesync/1984/audit/1984_7511_3130.p
Failed qa: 1984-03-15T17:21:39.718534Z
Failed qa: 1984-04-06T17:33:21.6050810Z
.......Failed qa: 1984-04-17T17:14:50.6450690Z
Failed qa: 1984-04-22T17:33:10.665034Z
Failed qa: 1984-04-24T17:20:48.544528Z
Failed qa: 1984-05-01T17:26:46.6930750Z
Failed qa: 1984-05-03T17:14:53.1380630Z
.......Failed qa: 1984-05-10T17:21:18.480060Z
Failed qa: 1984-05-19T17:15:24.5390190Z
Failed qa: 1984-05-26T17:21:46.307575Z
Failed qa: 1984-06-02T17:27:42.4980630Z
Failed qa: 1984-06-04T17:15:47.1550940Z
Failed qa: 1984-06-09T17:34:13.262541Z
Failed qa: 1984-06-11T17:22:17.612560Z
.......Failed qa: 1984-06-20T17:16:03.2020310Z
Failed qa: 1984-06-25T17:34:27.439012Z
Failed qa: 1984-06-27T17:22:19.164525Z
.......Failed qa: 1984-07-06T17:16:13.7790190Z
Failed qa: 1984-07-11T17:34:36.615056Z
Failed qa: 1984-07-13T17:22:29.360037Z
.......Failed qa: 1984-07-22T17:16:38.5210880Z
Failed qa: 1984-07-27T17:35:09.710500Z
Failed qa: 1984-07-29T17:23:04.177522Z
.......Failed qa: 1984-08-12T17:35:41.871016Z
Failed qa: 1984-08-14T17:23:35.958550Z
.......Failed qa: 1984-08-30T17:23:42.097050Z
Failed qa: 1984-09-08T17:17:45.5490310Z
Failed qa: 1984-09-13T17:36:06.902044Z
Failed qa: 1984-09-15T17:23:45.471041Z
Failed qa: 1984-09-29T17:35:55.7630250Z
Failed qa: 1984-10-01T17:23:33.9770940Z
Failed qa: 1984-10-08T17:29:43.9430630Z
Failed qa: 1984-10-15T17:35:53.3530560Z
Failed qa: 1984-10-17T17:24:07.026540Z
.......Failed qa: 1984-10-31T17:35:59.448538Z
Failed qa: 1984-11-02T17:23:48.840079Z
.......Failed qa: 1984-11-18T17:23:31.127047Z
Failed qa: 1984-11-27T17:17:33.8960690Z
Writing pickle: dev-nlcd-developer timesync/1984/audit/1984_7511_3130_qa_rejects.p
Success tracking goes here
