{'project_id': '3130', 'year': '1984', 'x': -58200, 'y': 2267640, 'plot_id': '9226', 'strata': '41'}
Pandas(Index=0, project_id='3130', plot_id='9226', x=-58200, y=2267640)
called process_plot
Pandas(Index=0, project_id='3130', plot_id='9226', x=-58200, y=2267640)
9226
Writing pickle: dev-nlcd-developer timesync/1984/audit/1984_9226_3130.p
Failed qa: 1984-04-07T16:38:32.2210750Z
Failed qa: 1984-04-14T16:44:56.167063Z
Failed qa: 1984-04-14T16:45:08.2250630Z
Failed qa: 1984-04-16T16:32:34.579556Z
Failed qa: 1984-04-16T16:32:58.481563Z
Failed qa: 1984-05-16T16:45:12.6700250Z
Failed qa: 1984-05-16T16:46:00.4740380Z
Failed qa: 1984-05-18T16:32:54.5790560Z
..............Failed qa: 1984-06-01T16:46:24.8740880Z
Failed qa: 1984-06-03T16:33:29.867551Z
Failed qa: 1984-06-03T16:33:53.769078Z
..............Failed qa: 1984-06-17T16:46:06.227075Z
Failed qa: 1984-06-17T16:46:30.129053Z
Failed qa: 1984-06-19T16:33:46.270547Z
Failed qa: 1984-06-19T16:34:10.101034Z
..............Failed qa: 1984-07-03T16:46:17.670556Z
Failed qa: 1984-07-03T16:46:41.572531Z
Failed qa: 1984-07-05T16:33:57.092566Z
Failed qa: 1984-07-05T16:34:20.994081Z
Failed qa: 1984-07-19T16:46:49.5090500Z
Failed qa: 1984-07-19T16:47:01.353032Z
Failed qa: 1984-08-04T16:46:59.0980130Z
Failed qa: 1984-08-04T16:47:46.9010440Z
Failed qa: 1984-08-20T16:48:17.5650940Z
..............Failed qa: 1984-09-05T16:47:50.527053Z
Failed qa: 1984-09-05T16:48:14.429032Z
..............Failed qa: 1984-09-21T16:47:52.682566Z
Failed qa: 1984-09-21T16:48:16.584547Z
..............Failed qa: 1984-10-07T16:48:04.0230000Z
Failed qa: 1984-10-07T16:48:15.866547Z
..............Failed qa: 1984-11-08T16:47:40.495044Z
Failed qa: 1984-11-08T16:48:04.397544Z
Failed qa: 1984-11-10T16:35:29.7420560Z
Failed qa: 1984-11-10T16:35:29.7420560Z
Failed qa: 1984-11-24T16:47:39.114528Z
Failed qa: 1984-11-24T16:48:03.017515Z
Writing pickle: dev-nlcd-developer timesync/1984/audit/1984_9226_3130_qa_rejects.p
Success tracking goes here
