{'project_id': '3130', 'year': '1984', 'x': 714870, 'y': 2659920, 'plot_id': '20916', 'strata': '41'}
Pandas(Index=0, project_id='3130', plot_id='20916', x=714870, y=2659920)
called process_plot
Pandas(Index=0, project_id='3130', plot_id='20916', x=714870, y=2659920)
20916
Writing pickle: dev-nlcd-developer timesync/1984/audit/1984_20916_3130.p
Failed qa: 1984-03-23T16:07:46.685029Z
Failed qa: 1984-04-06T15:54:52.2370560Z
Failed qa: 1984-04-11T16:13:02.0740880Z
Failed qa: 1984-04-20T16:07:03.396038Z
Failed qa: 1984-04-22T15:54:53.2440750Z
Failed qa: 1984-04-27T16:13:12.461051Z
.......Failed qa: 1984-05-06T16:07:12.355565Z
Failed qa: 1984-05-15T16:01:07.4390440Z
Failed qa: 1984-05-22T16:07:42.266544Z
Failed qa: 1984-05-29T16:13:51.2920130Z
.......Failed qa: 1984-06-07T16:07:51.5490630Z
Failed qa: 1984-06-09T15:55:55.8830440Z
Failed qa: 1984-06-14T16:14:09.5110060Z
.......Failed qa: 1984-06-25T15:56:10.1260810Z
Failed qa: 1984-06-30T16:14:22.1140560Z
.......Failed qa: 1984-07-09T16:08:28.125066Z
Failed qa: 1984-07-11T15:56:19.3000810Z
Failed qa: 1984-07-16T16:14:36.9910750Z
.......Failed qa: 1984-07-27T15:56:52.1860880Z
Failed qa: 1984-08-01T16:15:11.2420750Z
.......Failed qa: 1984-08-12T15:57:24.4170500Z
.......Failed qa: 1984-08-26T16:09:54.657525Z
Failed qa: 1984-08-28T15:57:33.781041Z
.......Failed qa: 1984-09-11T16:09:58.982028Z
Failed qa: 1984-09-13T15:57:49.4510440Z
.......Failed qa: 1984-09-27T16:09:48.2230560Z
Failed qa: 1984-09-29T15:57:50.2270190Z
Failed qa: 1984-10-04T16:15:58.4900690Z
.......Failed qa: 1984-10-13T16:09:58.157515Z
Failed qa: 1984-10-20T16:15:55.1720250Z
.......Failed qa: 1984-10-29T16:09:52.763525Z
Failed qa: 1984-10-31T15:57:42.1390690Z
.......Failed qa: 1984-11-21T16:15:56.671541Z
.......Writing pickle: dev-nlcd-developer timesync/1984/audit/1984_20916_3130_qa_rejects.p
Success tracking goes here
