{'project_id': '3130', 'year': '1984', 'x': -2121150, 'y': 2896320, 'plot_id': '14556', 'strata': '41'}
Pandas(Index=0, project_id='3130', plot_id='14556', x=-2121150, y=2896320)
called process_plot
Pandas(Index=0, project_id='3130', plot_id='14556', x=-2121150, y=2896320)
14556
Writing pickle: dev-nlcd-developer timesync/1984/audit/1984_14556_3130.p
..............Failed qa: 1984-05-30T18:36:01.5790000Z
Failed qa: 1984-06-08T18:30:01.4690880Z
Failed qa: 1984-06-15T18:36:19.4880190Z
..............Failed qa: 1984-07-17T18:36:48.2200380Z
Failed qa: 1984-08-02T18:37:22.3300500Z
Failed qa: 1984-08-04T18:25:28.4680380Z
Failed qa: 1984-08-11T18:31:29.4040380Z
Failed qa: 1984-08-18T18:37:53.3180500Z
Failed qa: 1984-09-03T18:38:05.0470060Z
Failed qa: 1984-09-19T18:38:07.6090310Z
Failed qa: 1984-10-05T18:38:07.2430060Z
Failed qa: 1984-10-21T18:38:03.6140940Z
.......Writing pickle: dev-nlcd-developer timesync/1984/audit/1984_14556_3130_qa_rejects.p
Success tracking goes here
