{'project_id': '3130', 'year': '1984', 'x': -1076850, 'y': 2904690, 'plot_id': '16431', 'strata': '41'}
Pandas(Index=0, project_id='3130', plot_id='16431', x=-1076850, y=2904690)
called process_plot
Pandas(Index=0, project_id='3130', plot_id='16431', x=-1076850, y=2904690)
16431
Writing pickle: dev-nlcd-developer timesync/1984/audit/1984_16431_3130.p
Failed qa: 1984-03-23T17:46:15.7470250Z
Failed qa: 1984-04-06T17:33:21.6050810Z
Failed qa: 1984-04-11T17:51:31.3590750Z
.......Failed qa: 1984-04-22T17:33:10.665034Z
Failed qa: 1984-04-27T17:51:29.7700440Z
.......Failed qa: 1984-05-08T17:33:24.146534Z
Failed qa: 1984-05-13T17:51:54.6760060Z
Failed qa: 1984-05-15T17:40:00.7080940Z
Failed qa: 1984-05-22T17:46:11.632572Z
Failed qa: 1984-05-29T17:52:20.7240940Z
.......Failed qa: 1984-06-07T17:46:32.756541Z
Failed qa: 1984-06-09T17:34:13.262541Z
Failed qa: 1984-06-14T17:52:38.9380060Z
Failed qa: 1984-06-23T17:46:47.703069Z
Failed qa: 1984-06-25T17:34:27.439012Z
Failed qa: 1984-06-30T17:52:51.4240440Z
.......Failed qa: 1984-07-09T17:46:57.420516Z
Failed qa: 1984-07-11T17:34:36.615056Z
Failed qa: 1984-07-16T17:53:06.5010190Z
.......Failed qa: 1984-07-25T17:47:27.116510Z
Failed qa: 1984-07-27T17:35:09.710500Z
Failed qa: 1984-08-01T17:53:40.6360750Z
.......Failed qa: 1984-08-10T17:47:59.730037Z
.......Failed qa: 1984-08-17T17:54:11.8440190Z
Failed qa: 1984-08-19T17:42:17.6980250Z
Failed qa: 1984-08-26T17:48:35.8950130Z
Failed qa: 1984-09-02T17:54:25.2190000Z
.......Failed qa: 1984-09-27T17:48:29.364553Z
.......Failed qa: 1984-10-04T17:54:27.7140190Z
.......Failed qa: 1984-10-13T17:48:27.381563Z
Failed qa: 1984-10-15T17:35:53.3530560Z
Failed qa: 1984-10-22T17:42:25.9700250Z
Failed qa: 1984-10-31T17:35:59.448538Z
Failed qa: 1984-11-05T17:54:17.7250690Z
.......Failed qa: 1984-11-21T17:54:14.0030630Z
.......Failed qa: 1984-11-30T17:48:17.072025Z
Writing pickle: dev-nlcd-developer timesync/1984/audit/1984_16431_3130_qa_rejects.p
Success tracking goes here
