{'project_id': '3130', 'year': '1984', 'x': -2106150, 'y': 2918220, 'plot_id': '24826', 'strata': '41'}
Pandas(Index=0, project_id='3130', plot_id='24826', x=-2106150, y=2918220)
called process_plot
Pandas(Index=0, project_id='3130', plot_id='24826', x=-2106150, y=2918220)
24826
Writing pickle: dev-nlcd-developer timesync/1984/audit/1984_24826_3130.p
Failed qa: 1984-04-14T18:22:49.6490310Z
.......Failed qa: 1984-05-16T18:23:42.0720380Z
.......Failed qa: 1984-05-30T18:36:01.5790000Z
Failed qa: 1984-06-01T18:23:54.449535Z
Failed qa: 1984-06-08T18:30:01.4690880Z
Failed qa: 1984-06-10T18:18:05.8340500Z
Failed qa: 1984-06-15T18:36:19.4880190Z
Failed qa: 1984-06-17T18:24:23.4900190Z
.......Failed qa: 1984-07-03T18:24:34.9420630Z
.......Failed qa: 1984-07-17T18:36:48.2200380Z
Failed qa: 1984-07-19T18:24:42.988541Z
Failed qa: 1984-07-28T18:19:03.4140380Z
Failed qa: 1984-08-02T18:37:22.3300500Z
Failed qa: 1984-08-04T18:25:16.553022Z
Failed qa: 1984-08-11T18:31:29.4040380Z
Failed qa: 1984-08-18T18:37:53.3180500Z
Failed qa: 1984-09-03T18:38:05.0470060Z
Failed qa: 1984-09-19T18:38:07.6090310Z
Failed qa: 1984-10-05T18:38:07.2430060Z
Failed qa: 1984-10-07T18:25:45.2990130Z
Failed qa: 1984-10-21T18:38:03.6140940Z
Failed qa: 1984-11-08T18:25:33.8290440Z
Failed qa: 1984-11-24T18:25:32.4470060Z
.......Writing pickle: dev-nlcd-developer timesync/1984/audit/1984_24826_3130_qa_rejects.p
Success tracking goes here
