{'project_id': '3130', 'year': '1984', 'x': -744600, 'y': 2592240, 'plot_id': '18766', 'strata': '41'}
Pandas(Index=0, project_id='3130', plot_id='18766', x=-744600, y=2592240)
called process_plot
Pandas(Index=0, project_id='3130', plot_id='18766', x=-744600, y=2592240)
18766
Writing pickle: dev-nlcd-developer timesync/1984/audit/1984_18766_3130.p
Failed qa: 1984-03-15T17:21:39.718534Z
Failed qa: 1984-03-22T17:06:19.084519Z
Failed qa: 1984-04-10T17:08:51.269559Z
.......Failed qa: 1984-04-24T17:21:00.4600190Z
.......Failed qa: 1984-05-10T17:21:30.466576Z
Failed qa: 1984-05-12T17:09:00.7550060Z
.......Failed qa: 1984-05-26T17:21:58.223053Z
Failed qa: 1984-05-28T17:09:27.5080750Z
.......Failed qa: 1984-06-11T17:22:17.612560Z
Failed qa: 1984-06-13T17:09:57.972041Z
.......Failed qa: 1984-06-27T17:22:31.079537Z
Failed qa: 1984-06-29T17:10:10.862541Z
.......Failed qa: 1984-07-13T17:22:41.275041Z
Failed qa: 1984-07-15T17:10:24.186029Z
Failed qa: 1984-07-22T17:16:38.5210880Z
Failed qa: 1984-07-29T17:23:28.0790310Z
Failed qa: 1984-08-14T17:23:47.874012Z
Failed qa: 1984-08-30T17:23:54.0120690Z
Failed qa: 1984-09-01T17:11:44.979554Z
.......Failed qa: 1984-09-15T17:23:57.4580000Z
Failed qa: 1984-10-03T17:11:36.0070560Z
.......Failed qa: 1984-10-17T17:24:07.026540Z
Failed qa: 1984-10-19T17:11:32.8290880Z
Failed qa: 1984-11-02T17:24:12.6710880Z
Failed qa: 1984-11-04T17:11:38.215519Z
Failed qa: 1984-11-18T17:23:43.1140440Z
Failed qa: 1984-11-20T17:11:45.8080630Z
Failed qa: 1984-11-27T17:17:33.8960690Z
Writing pickle: dev-nlcd-developer timesync/1984/audit/1984_18766_3130_qa_rejects.p
Success tracking goes here
