{'project_id': '3130', 'year': '1984', 'x': 1428870, 'y': 1975380, 'plot_id': '24501', 'strata': '41'}
Pandas(Index=0, project_id='3130', plot_id='24501', x=1428870, y=1975380)
called process_plot
Pandas(Index=0, project_id='3130', plot_id='24501', x=1428870, y=1975380)
24501
Writing pickle: dev-nlcd-developer timesync/1984/audit/1984_24501_3130.p
Failed qa: 1984-04-10T15:31:33.633544Z
.......Failed qa: 1984-04-19T15:25:59.2110810Z
Failed qa: 1984-05-12T15:31:54.901022Z
.....................Failed qa: 1984-06-13T15:32:40.213547Z
..............Failed qa: 1984-06-29T15:32:53.056541Z
.......Failed qa: 1984-07-15T15:33:06.380550Z
Failed qa: 1984-07-31T15:33:28.8470060Z
..............Failed qa: 1984-09-01T15:34:27.176562Z
.......Failed qa: 1984-09-17T15:34:30.194543Z
..............Failed qa: 1984-10-03T15:34:30.234538Z
..............Failed qa: 1984-10-19T15:34:27.153029Z
.....................Failed qa: 1984-11-13T15:28:40.6120810Z
Failed qa: 1984-11-20T15:34:16.156553Z
.......Writing pickle: dev-nlcd-developer timesync/1984/audit/1984_24501_3130_qa_rejects.p
Success tracking goes here
