{'project_id': '3130', 'year': '1984', 'x': -1538970, 'y': 1371780, 'plot_id': '21336', 'strata': '41'}
Pandas(Index=0, project_id='3130', plot_id='21336', x=-1538970, y=1371780)
called process_plot
Pandas(Index=0, project_id='3130', plot_id='21336', x=-1538970, y=1371780)
21336
Writing pickle: dev-nlcd-developer timesync/1984/audit/1984_21336_3130.p
.......Failed qa: 1984-04-13T17:43:08.7020190Z
Failed qa: 1984-04-29T17:42:53.872066Z
Failed qa: 1984-05-08T17:37:11.037554Z
Failed qa: 1984-05-15T17:43:23.555532Z
Failed qa: 1984-05-31T17:44:00.3880250Z
.......Failed qa: 1984-06-09T17:38:00.079544Z
Failed qa: 1984-06-16T17:44:17.8890940Z
..............Failed qa: 1984-07-02T17:44:17.707525Z
Failed qa: 1984-07-04T17:31:45.3640000Z
..............Failed qa: 1984-09-20T17:45:53.236025Z
.......Failed qa: 1984-10-22T17:45:48.888553Z
.......Failed qa: 1984-11-23T17:45:51.5200500Z
Writing pickle: dev-nlcd-developer timesync/1984/audit/1984_21336_3130_qa_rejects.p
Success tracking goes here
