{'project_id': '3130', 'year': '1984', 'x': 963570, 'y': 1761360, 'plot_id': '3926', 'strata': '41'}
Pandas(Index=0, project_id='3130', plot_id='3926', x=963570, y=1761360)
called process_plot
Pandas(Index=0, project_id='3130', plot_id='3926', x=963570, y=1761360)
3926
Writing pickle: dev-nlcd-developer timesync/1984/audit/1984_3926_3130.p
.......Failed qa: 1984-04-24T15:44:54.3630250Z
Failed qa: 1984-05-01T15:50:52.477044Z
Failed qa: 1984-05-19T15:39:06.386069Z
Failed qa: 1984-06-04T15:39:29.145038Z
.......Failed qa: 1984-06-18T15:52:05.157072Z
Failed qa: 1984-06-20T15:39:45.116078Z
.......Failed qa: 1984-07-06T15:39:43.9580440Z
..............Failed qa: 1984-09-06T15:53:48.965082Z
Failed qa: 1984-09-08T15:41:27.604057Z
Failed qa: 1984-09-22T15:53:50.936044Z
Failed qa: 1984-09-24T15:41:41.1070060Z
.......Failed qa: 1984-10-10T15:41:27.878037Z
Failed qa: 1984-10-24T15:53:33.9440060Z
Failed qa: 1984-10-26T15:41:23.247031Z
Failed qa: 1984-11-09T15:53:49.9390500Z
Failed qa: 1984-11-25T15:53:37.450509Z
Failed qa: 1984-11-27T15:41:16.075575Z
Writing pickle: dev-nlcd-developer timesync/1984/audit/1984_3926_3130_qa_rejects.p
Success tracking goes here
