{'project_id': '3130', 'year': '1984', 'x': 434430, 'y': 793200, 'plot_id': '16611', 'strata': '41'}
Pandas(Index=0, project_id='3130', plot_id='16611', x=434430, y=793200)
called process_plot
Pandas(Index=0, project_id='3130', plot_id='16611', x=434430, y=793200)
16611
Writing pickle: dev-nlcd-developer timesync/1984/audit/1984_16611_3130.p
Failed qa: 1984-03-25T15:54:12.632069Z
Failed qa: 1984-04-06T15:59:03.172056Z
..............Failed qa: 1984-04-20T16:11:26.105028Z
Failed qa: 1984-04-22T15:59:04.179547Z
..............Failed qa: 1984-05-06T16:11:35.065072Z
Failed qa: 1984-05-08T15:59:29.5440880Z
Failed qa: 1984-05-22T16:11:52.9160560Z
Failed qa: 1984-05-24T15:59:46.384035Z
Failed qa: 1984-06-07T16:12:26.170057Z
Failed qa: 1984-06-16T16:06:12.4920940Z
Failed qa: 1984-06-16T16:06:12.4920940Z
Failed qa: 1984-06-23T16:12:41.149028Z
Failed qa: 1984-07-09T16:12:50.831050Z
Failed qa: 1984-07-11T16:00:30.090538Z
Failed qa: 1984-08-26T16:14:17.432534Z
Failed qa: 1984-08-28T16:01:56.485076Z
Failed qa: 1984-09-04T16:07:57.3870940Z
Failed qa: 1984-09-04T16:07:57.3870940Z
Failed qa: 1984-09-11T16:14:21.758544Z
Failed qa: 1984-09-13T16:02:00.385044Z
Failed qa: 1984-09-29T16:02:01.019072Z
..............Failed qa: 1984-10-13T16:14:20.866081Z
Failed qa: 1984-10-15T16:02:10.8100880Z
Failed qa: 1984-10-29T16:14:27.6760250Z
Failed qa: 1984-10-31T16:01:52.935541Z
............................Failed qa: 1984-11-30T16:14:10.488040Z
Writing pickle: dev-nlcd-developer timesync/1984/audit/1984_16611_3130_qa_rejects.p
Success tracking goes here
