{'project_id': '3130', 'year': '1984', 'x': 1634700, 'y': 2066340, 'plot_id': '11506', 'strata': '41'}
Pandas(Index=0, project_id='3130', plot_id='11506', x=1634700, y=2066340)
called process_plot
Pandas(Index=0, project_id='3130', plot_id='11506', x=1634700, y=2066340)
11506
Writing pickle: dev-nlcd-developer timesync/1984/audit/1984_11506_3130.p
..............Failed qa: 1984-04-12T15:19:36.227050Z
Failed qa: 1984-05-14T15:20:12.9980750Z
............................Failed qa: 1984-06-15T15:20:44.489535Z
Failed qa: 1984-07-03T15:08:36.226516Z
Failed qa: 1984-07-19T15:09:07.8270750Z
Failed qa: 1984-08-18T15:22:18.178547Z
Failed qa: 1984-08-20T15:10:00.229566Z
..............Failed qa: 1984-09-03T15:22:30.073512Z
Failed qa: 1984-09-05T15:10:09.008516Z
Failed qa: 1984-09-19T15:22:32.639556Z
Failed qa: 1984-09-21T15:10:11.263512Z
Failed qa: 1984-10-05T15:22:32.417563Z
Failed qa: 1984-10-07T15:10:10.470547Z
..............Failed qa: 1984-10-21T15:22:28.787563Z
Failed qa: 1984-11-06T15:22:21.999059Z
Failed qa: 1984-11-08T15:09:59.146009Z
Failed qa: 1984-11-22T15:22:18.852056Z
Failed qa: 1984-11-24T15:09:57.622054Z
..............Writing pickle: dev-nlcd-developer timesync/1984/audit/1984_11506_3130_qa_rejects.p
Success tracking goes here
