{'project_id': '3130', 'year': '1984', 'x': -2151720, 'y': 2392740, 'plot_id': '7456', 'strata': '41'}
Pandas(Index=0, project_id='3130', plot_id='7456', x=-2151720, y=2392740)
called process_plot
Pandas(Index=0, project_id='3130', plot_id='7456', x=-2151720, y=2392740)
7456
Writing pickle: dev-nlcd-developer timesync/1984/audit/1984_7456_3130.p
Failed qa: 1984-04-14T18:24:37.101031Z
Failed qa: 1984-04-16T18:12:27.5260380Z
Failed qa: 1984-05-02T18:12:03.8330750Z
Failed qa: 1984-05-16T18:25:05.693528Z
Failed qa: 1984-05-18T18:12:47.546035Z
Failed qa: 1984-05-25T18:19:21.6300880Z
Failed qa: 1984-06-01T18:25:17.9990190Z
Failed qa: 1984-06-03T18:13:22.7770060Z
.......Failed qa: 1984-06-17T18:25:47.110535Z
.......Failed qa: 1984-07-03T18:25:58.562528Z
Failed qa: 1984-07-05T18:13:37.982550Z
Failed qa: 1984-07-19T18:26:18.524044Z
.......Failed qa: 1984-08-04T18:26:52.087588Z
Failed qa: 1984-08-06T18:14:34.495519Z
Failed qa: 1984-09-07T18:15:10.143544Z
Failed qa: 1984-09-21T18:27:33.566575Z
Failed qa: 1984-09-23T18:14:59.9100000Z
Failed qa: 1984-10-23T18:27:28.692053Z
Failed qa: 1984-10-25T18:15:06.306066Z
.......Writing pickle: dev-nlcd-developer timesync/1984/audit/1984_7456_3130_qa_rejects.p
Success tracking goes here
