{'project_id': '3130', 'year': '1984', 'x': 269340, 'y': 1122600, 'plot_id': '2836', 'strata': '41'}
Pandas(Index=0, project_id='3130', plot_id='2836', x=269340, y=1122600)
called process_plot
Pandas(Index=0, project_id='3130', plot_id='2836', x=269340, y=1122600)
2836
Writing pickle: dev-nlcd-developer timesync/1984/audit/1984_2836_3130.p
.......Failed qa: 1984-04-18T16:23:00.063041Z
.....................Failed qa: 1984-05-13T16:17:00.1440380Z
Failed qa: 1984-05-20T16:23:35.529556Z
............................Failed qa: 1984-06-21T16:24:13.397037Z
..............Failed qa: 1984-07-07T16:24:23.691544Z
..............Failed qa: 1984-08-08T16:25:11.0570810Z
.......Failed qa: 1984-09-02T16:19:42.665562Z
Failed qa: 1984-09-09T16:25:55.172560Z
.......Failed qa: 1984-09-18T16:19:45.448562Z
.......Failed qa: 1984-10-11T16:25:55.066050Z
............................Failed qa: 1984-11-12T16:25:42.101579Z
.......Failed qa: 1984-11-28T16:25:43.554075Z
.......Writing pickle: dev-nlcd-developer timesync/1984/audit/1984_2836_3130_qa_rejects.p
Success tracking goes here
