{'project_id': '3130', 'year': '1984', 'x': 1076040, 'y': 2393370, 'plot_id': '22366', 'strata': '41'}
Pandas(Index=0, project_id='3130', plot_id='22366', x=1076040, y=2393370)
called process_plot
Pandas(Index=0, project_id='3130', plot_id='22366', x=1076040, y=2393370)
22366
Writing pickle: dev-nlcd-developer timesync/1984/audit/1984_22366_3130.p
Failed qa: 1984-03-27T15:32:18.219582Z
.......Failed qa: 1984-04-10T15:31:09.731540Z
..............Failed qa: 1984-05-12T15:31:30.999019Z
............................Failed qa: 1984-06-13T15:32:16.312019Z
..............Failed qa: 1984-06-29T15:32:29.226053Z
.......Failed qa: 1984-07-15T15:32:42.479031Z
..............Failed qa: 1984-07-31T15:33:16.931541Z
..............Failed qa: 1984-08-16T15:33:36.5100130Z
.......Failed qa: 1984-09-01T15:34:03.346069Z
.......Failed qa: 1984-09-17T15:34:06.364040Z
.......Failed qa: 1984-10-03T15:34:06.404013Z
..............Failed qa: 1984-10-19T15:34:15.0950130Z
.....................Writing pickle: dev-nlcd-developer timesync/1984/audit/1984_22366_3130_qa_rejects.p
Success tracking goes here
