{'project_id': '3130', 'year': '1984', 'x': -1812270, 'y': 2846640, 'plot_id': '17516', 'strata': '41'}
Pandas(Index=0, project_id='3130', plot_id='17516', x=-1812270, y=2846640)
called process_plot
Pandas(Index=0, project_id='3130', plot_id='17516', x=-1812270, y=2846640)
17516
Writing pickle: dev-nlcd-developer timesync/1984/audit/1984_17516_3130.p
Failed qa: 1984-04-14T18:22:49.6490310Z
............................Failed qa: 1984-04-25T18:04:27.802532Z
..............Failed qa: 1984-05-16T18:23:42.0720380Z
............................Failed qa: 1984-05-27T18:05:27.236581Z
Failed qa: 1984-06-01T18:23:54.449535Z
............................Failed qa: 1984-06-12T18:05:46.220582Z
Failed qa: 1984-06-17T18:24:23.4900190Z
............................Failed qa: 1984-06-28T18:05:59.400553Z
Failed qa: 1984-07-03T18:24:34.9420630Z
..............Failed qa: 1984-07-14T18:05:59.427035Z
Failed qa: 1984-07-19T18:24:42.988541Z
Failed qa: 1984-07-23T18:00:20.2140130Z
..............Failed qa: 1984-07-30T18:06:22.0090310Z
Failed qa: 1984-08-04T18:25:28.4680380Z
Failed qa: 1984-08-06T18:12:47.0450440Z
Failed qa: 1984-08-08T18:00:53.2080500Z
Failed qa: 1984-08-15T18:06:53.6930250Z
..............Failed qa: 1984-08-31T18:07:09.9970380Z
..............Failed qa: 1984-09-16T18:07:36.983591Z
............................Failed qa: 1984-10-02T18:07:25.279053Z
Failed qa: 1984-10-07T18:25:45.2990130Z
Failed qa: 1984-10-18T18:07:34.326528Z
Failed qa: 1984-10-25T18:13:18.9960560Z
Failed qa: 1984-11-03T18:07:04.0830000Z
Failed qa: 1984-11-08T18:25:33.8290440Z
Failed qa: 1984-11-17T18:20:07.8710880Z
Failed qa: 1984-11-24T18:25:32.4470060Z
Writing pickle: dev-nlcd-developer timesync/1984/audit/1984_17516_3130_qa_rejects.p
Success tracking goes here
