{'project_id': '3130', 'year': '1984', 'x': -785910, 'y': 2802180, 'plot_id': '11751', 'strata': '41'}
Pandas(Index=0, project_id='3130', plot_id='11751', x=-785910, y=2802180)
called process_plot
Pandas(Index=0, project_id='3130', plot_id='11751', x=-785910, y=2802180)
11751
Writing pickle: dev-nlcd-developer timesync/1984/audit/1984_11751_3130.p
.......Failed qa: 1984-04-06T17:33:21.6050810Z
Failed qa: 1984-04-15T17:27:12.3180250Z
Failed qa: 1984-04-17T17:14:50.6450690Z
Failed qa: 1984-04-22T17:33:10.665034Z
..............Failed qa: 1984-05-03T17:14:53.1380630Z
Failed qa: 1984-05-08T17:33:24.146534Z
.......Failed qa: 1984-05-19T17:15:24.5390190Z
.......Failed qa: 1984-06-02T17:27:42.4980630Z
Failed qa: 1984-06-04T17:15:47.1550940Z
Failed qa: 1984-06-09T17:34:13.262541Z
.......Failed qa: 1984-06-18T17:28:11.188022Z
Failed qa: 1984-06-20T17:16:03.2020310Z
Failed qa: 1984-06-25T17:34:27.439012Z
.......Failed qa: 1984-07-04T17:28:22.377531Z
Failed qa: 1984-07-06T17:16:13.7790190Z
Failed qa: 1984-07-11T17:34:36.615056Z
.......Failed qa: 1984-07-20T17:28:43.871025Z
Failed qa: 1984-07-22T17:16:38.5210880Z
Failed qa: 1984-07-27T17:35:09.710500Z
Failed qa: 1984-07-29T17:23:04.177522Z
Failed qa: 1984-08-05T17:29:17.413056Z
Failed qa: 1984-08-12T17:35:41.871016Z
.......Failed qa: 1984-08-21T17:29:47.849575Z
.......Failed qa: 1984-09-08T17:17:45.5490310Z
Failed qa: 1984-09-13T17:36:06.902044Z
.......Failed qa: 1984-09-29T17:35:55.7630250Z
Failed qa: 1984-10-01T17:23:33.9770940Z
Failed qa: 1984-10-08T17:29:43.9430630Z
Failed qa: 1984-10-15T17:35:53.3530560Z
.......Failed qa: 1984-10-24T17:30:03.5860440Z
Failed qa: 1984-10-31T17:35:59.448538Z
Failed qa: 1984-11-02T17:23:48.840079Z
Failed qa: 1984-11-09T17:29:56.0600630Z
.......Failed qa: 1984-11-27T17:17:33.8960690Z
Writing pickle: dev-nlcd-developer timesync/1984/audit/1984_11751_3130_qa_rejects.p
Success tracking goes here
