{'project_id': '3130', 'year': '1984', 'x': 1848510, 'y': 2264490, 'plot_id': '4446', 'strata': '41'}
Pandas(Index=0, project_id='3130', plot_id='4446', x=1848510, y=2264490)
called process_plot
Pandas(Index=0, project_id='3130', plot_id='4446', x=1848510, y=2264490)
4446
Writing pickle: dev-nlcd-developer timesync/1984/audit/1984_4446_3130.p
Failed qa: 1984-05-02T14:54:17.407522Z
Failed qa: 1984-05-02T14:54:29.322557Z
Failed qa: 1984-06-01T15:07:07.8720440Z
Failed qa: 1984-06-03T14:55:12.459032Z
Failed qa: 1984-06-03T14:55:24.374054Z
..............Failed qa: 1984-06-17T15:07:24.9380060Z
Failed qa: 1984-06-19T14:55:28.888522Z
Failed qa: 1984-06-19T14:55:40.732506Z
..............Failed qa: 1984-07-05T14:56:03.6500310Z
Failed qa: 1984-07-05T14:56:03.6500310Z
..............Failed qa: 1984-08-20T15:09:12.355040Z
Failed qa: 1984-08-20T15:09:36.256559Z
Failed qa: 1984-09-05T15:09:21.205015Z
Failed qa: 1984-09-05T15:09:45.035503Z
Failed qa: 1984-09-21T15:09:23.388053Z
Failed qa: 1984-09-21T15:09:47.290041Z
Failed qa: 1984-09-23T14:57:13.797547Z
Failed qa: 1984-09-23T14:57:25.641537Z
............................Failed qa: 1984-10-09T14:57:12.697034Z
Failed qa: 1984-10-09T14:57:24.541038Z
..............Failed qa: 1984-10-25T14:57:08.188063Z
Failed qa: 1984-10-25T14:57:20.103556Z
............................Failed qa: 1984-11-10T14:57:12.334007Z
Failed qa: 1984-11-10T14:57:12.334007Z
............................Failed qa: 1984-11-26T14:57:00.443535Z
Failed qa: 1984-11-26T14:57:12.288031Z
Writing pickle: dev-nlcd-developer timesync/1984/audit/1984_4446_3130_qa_rejects.p
Success tracking goes here
