{'project_id': '3130', 'year': '1984', 'x': 205920, 'y': 2838750, 'plot_id': '14441', 'strata': '41'}
Pandas(Index=0, project_id='3130', plot_id='14441', x=205920, y=2838750)
called process_plot
Pandas(Index=0, project_id='3130', plot_id='14441', x=205920, y=2838750)
14441
Writing pickle: dev-nlcd-developer timesync/1984/audit/1984_14441_3130.p
Failed qa: 1984-03-16T16:22:11.789009Z
Failed qa: 1984-04-07T16:37:32.573522Z
..............Failed qa: 1984-04-23T16:37:33.013559Z
..............Failed qa: 1984-05-09T16:37:48.734044Z
.....................Failed qa: 1984-06-10T16:38:36.873056Z
...................................Failed qa: 1984-07-23T16:21:03.1850560Z
..............Failed qa: 1984-08-08T16:21:36.1570060Z
Failed qa: 1984-08-13T16:40:06.343547Z
Failed qa: 1984-08-15T16:28:00.3510500Z
Failed qa: 1984-08-29T16:40:14.0160690Z
.......Failed qa: 1984-09-14T16:40:41.5780560Z
Failed qa: 1984-09-16T16:28:20.0980880Z
Failed qa: 1984-09-30T16:40:42.1110750Z
..............Failed qa: 1984-11-01T16:40:21.678591Z
.....................Writing pickle: dev-nlcd-developer timesync/1984/audit/1984_14441_3130_qa_rejects.p
Success tracking goes here
