{'project_id': '3130', 'year': '1984', 'x': 570870, 'y': 2468640, 'plot_id': '6256', 'strata': '41'}
Pandas(Index=0, project_id='3130', plot_id='6256', x=570870, y=2468640)
called process_plot
Pandas(Index=0, project_id='3130', plot_id='6256', x=570870, y=2468640)
6256
Writing pickle: dev-nlcd-developer timesync/1984/audit/1984_6256_3130.p
.......Failed qa: 1984-04-11T16:13:37.820534Z
Failed qa: 1984-04-18T16:19:37.0030060Z
.......Failed qa: 1984-04-27T16:13:36.220088Z
Failed qa: 1984-05-04T16:19:41.6660440Z
.......Failed qa: 1984-05-13T16:13:49.0700750Z
Failed qa: 1984-05-20T16:20:12.4700060Z
Failed qa: 1984-05-22T16:07:54.1820190Z
Failed qa: 1984-05-29T16:14:27.109032Z
Failed qa: 1984-06-14T16:14:45.327557Z
Failed qa: 1984-06-21T16:20:50.4110310Z
Failed qa: 1984-06-30T16:14:57.859562Z
Failed qa: 1984-07-07T16:21:00.6340560Z
Failed qa: 1984-07-09T16:08:40.0400880Z
Failed qa: 1984-07-16T16:15:12.737037Z
Failed qa: 1984-08-08T16:21:59.9870310Z
.......Failed qa: 1984-09-04T16:04:22.4850880Z
.......Failed qa: 1984-09-18T16:16:34.376040Z
Failed qa: 1984-10-04T16:16:34.236059Z
Failed qa: 1984-10-06T16:04:24.3500310Z
Failed qa: 1984-10-13T16:10:10.0730060Z
Failed qa: 1984-10-20T16:16:30.918047Z
.......Failed qa: 1984-11-05T16:16:24.248566Z
Failed qa: 1984-11-12T16:22:19.1080190Z
Failed qa: 1984-11-21T16:16:20.503035Z
Writing pickle: dev-nlcd-developer timesync/1984/audit/1984_6256_3130_qa_rejects.p
Success tracking goes here
