{'project_id': '3130', 'year': '1984', 'x': -315450, 'y': 2810070, 'plot_id': '21761', 'strata': '41'}
Pandas(Index=0, project_id='3130', plot_id='21761', x=-315450, y=2810070)
called process_plot
Pandas(Index=0, project_id='3130', plot_id='21761', x=-315450, y=2810070)
21761
Writing pickle: dev-nlcd-developer timesync/1984/audit/1984_21761_3130.p
Failed qa: 1984-03-22T17:06:07.2410000Z
Failed qa: 1984-04-10T17:08:27.439040Z
Failed qa: 1984-04-14T16:43:56.5910000Z
..............Failed qa: 1984-04-21T16:49:55.059053Z
..............Failed qa: 1984-05-07T16:50:06.321044Z
Failed qa: 1984-05-12T17:08:48.839522Z
..............Failed qa: 1984-05-16T16:44:25.0080880Z
..............Failed qa: 1984-05-23T16:50:35.751519Z
Failed qa: 1984-05-28T17:09:15.521566Z
Failed qa: 1984-06-01T16:44:49.4100440Z
Failed qa: 1984-06-13T17:09:34.141547Z
..............Failed qa: 1984-06-17T16:45:06.5090060Z
..............Failed qa: 1984-06-24T16:51:22.9430440Z
Failed qa: 1984-06-29T17:09:46.960572Z
..............Failed qa: 1984-07-03T16:45:18.0230880Z
..............Failed qa: 1984-07-10T16:51:08.5300940Z
Failed qa: 1984-07-15T17:10:00.355544Z
..............Failed qa: 1984-07-19T16:45:37.8750560Z
..............Failed qa: 1984-07-26T16:51:51.750556Z
..............Failed qa: 1984-08-11T16:52:24.149060Z
..............Failed qa: 1984-08-25T17:05:07.771556Z
Failed qa: 1984-08-25T17:04:55.8560940Z
Failed qa: 1984-08-27T16:52:46.879022Z
Failed qa: 1984-09-01T17:11:33.0640880Z
..............Failed qa: 1984-09-05T16:46:38.893056Z
..............Failed qa: 1984-09-21T16:46:53.0350690Z
Failed qa: 1984-09-26T17:05:01.7510880Z
Failed qa: 1984-09-26T17:05:01.7510880Z
Failed qa: 1984-09-28T16:52:52.009038Z
Failed qa: 1984-10-03T17:11:24.091572Z
..............Failed qa: 1984-10-19T17:11:32.8290880Z
..............Failed qa: 1984-10-23T16:46:48.3250250Z
..............Failed qa: 1984-10-30T16:52:44.204575Z
Failed qa: 1984-11-04T17:11:26.3000130Z
..............Failed qa: 1984-11-08T16:46:40.9170630Z
..............Failed qa: 1984-11-20T17:10:58.0030190Z
..............Failed qa: 1984-11-24T16:46:39.3930250Z
Writing pickle: dev-nlcd-developer timesync/1984/audit/1984_21761_3130_qa_rejects.p
Success tracking goes here
