{'project_id': '3130', 'year': '1984', 'x': -1719660, 'y': 2394840, 'plot_id': '22836', 'strata': '41'}
Pandas(Index=0, project_id='3130', plot_id='22836', x=-1719660, y=2394840)
called process_plot
Pandas(Index=0, project_id='3130', plot_id='22836', x=-1719660, y=2394840)
22836
Writing pickle: dev-nlcd-developer timesync/1984/audit/1984_22836_3130.p
Failed qa: 1984-04-25T18:05:39.509022Z
Failed qa: 1984-04-27T17:53:29.0660810Z
.......Failed qa: 1984-05-11T18:06:11.7870500Z
Failed qa: 1984-05-13T17:53:42.056534Z
Failed qa: 1984-05-20T18:00:17.4450630Z
Failed qa: 1984-05-27T18:06:15.1830690Z
Failed qa: 1984-05-29T17:54:08.104547Z
.......Failed qa: 1984-06-12T18:06:45.940022Z
Failed qa: 1984-06-14T17:54:26.317060Z
.......Failed qa: 1984-06-28T18:06:59.190079Z
Failed qa: 1984-06-30T17:54:38.803044Z
.......Failed qa: 1984-07-16T17:54:53.880056Z
..............Failed qa: 1984-09-16T18:08:36.774059Z
Failed qa: 1984-10-02T18:08:36.985066Z
Failed qa: 1984-10-18T18:08:34.045578Z
..............Failed qa: 1984-11-19T18:08:22.622543Z
Failed qa: 1984-11-21T17:56:01.386581Z
Writing pickle: dev-nlcd-developer timesync/1984/audit/1984_22836_3130_qa_rejects.p
Success tracking goes here
