{'project_id': '3130', 'year': '1984', 'x': -767190, 'y': 2769480, 'plot_id': '3176', 'strata': '41'}
Pandas(Index=0, project_id='3130', plot_id='3176', x=-767190, y=2769480)
called process_plot
Pandas(Index=0, project_id='3130', plot_id='3176', x=-767190, y=2769480)
3176
Writing pickle: dev-nlcd-developer timesync/1984/audit/1984_3176_3130.p
..............Failed qa: 1984-03-22T17:06:07.2410000Z
Failed qa: 1984-04-06T17:33:21.6050810Z
Failed qa: 1984-04-10T17:08:27.439040Z
Failed qa: 1984-04-15T17:27:12.3180250Z
Failed qa: 1984-04-17T17:14:50.6450690Z
Failed qa: 1984-04-17T17:14:38.730034Z
Failed qa: 1984-04-22T17:33:10.665034Z
..............Failed qa: 1984-05-01T17:26:46.6930750Z
Failed qa: 1984-05-01T17:26:46.6930750Z
Failed qa: 1984-05-03T17:14:53.1380630Z
Failed qa: 1984-05-03T17:14:53.1380630Z
Failed qa: 1984-05-08T17:33:24.146534Z
..............Failed qa: 1984-05-12T17:09:00.7550060Z
Failed qa: 1984-05-19T17:15:24.5390190Z
Failed qa: 1984-05-19T17:15:12.552050Z
..............Failed qa: 1984-05-28T17:09:15.521566Z
Failed qa: 1984-06-02T17:27:42.4980630Z
Failed qa: 1984-06-02T17:27:42.4980630Z
Failed qa: 1984-06-04T17:15:47.1550940Z
Failed qa: 1984-06-04T17:15:35.240072Z
Failed qa: 1984-06-09T17:34:13.262541Z
..............Failed qa: 1984-06-13T17:09:34.141547Z
Failed qa: 1984-06-18T17:28:11.188022Z
Failed qa: 1984-06-18T17:27:59.2730060Z
Failed qa: 1984-06-20T17:16:03.2020310Z
Failed qa: 1984-06-20T17:15:51.286560Z
Failed qa: 1984-06-25T17:34:27.439012Z
..............Failed qa: 1984-06-29T17:09:46.960572Z
Failed qa: 1984-07-04T17:28:22.377531Z
Failed qa: 1984-07-04T17:28:10.4620630Z
Failed qa: 1984-07-06T17:16:13.7790190Z
Failed qa: 1984-07-06T17:16:01.863556Z
Failed qa: 1984-07-11T17:34:36.615056Z
..............Failed qa: 1984-07-15T17:10:00.355544Z
Failed qa: 1984-07-20T17:28:43.871025Z
Failed qa: 1984-07-22T17:16:38.5210880Z
Failed qa: 1984-07-22T17:16:26.606075Z
Failed qa: 1984-07-27T17:35:09.710500Z
Failed qa: 1984-07-29T17:23:04.177522Z
Failed qa: 1984-07-29T17:22:40.2760130Z
Failed qa: 1984-08-05T17:29:17.413056Z
Failed qa: 1984-08-07T17:16:47.8050060Z
Failed qa: 1984-08-12T17:35:41.871016Z
..............Failed qa: 1984-08-21T17:29:47.849575Z
..............Failed qa: 1984-09-01T17:11:33.0640880Z
..............Failed qa: 1984-09-13T17:36:06.902044Z
..............Failed qa: 1984-09-29T17:35:55.7630250Z
Failed qa: 1984-10-01T17:23:33.9770940Z
Failed qa: 1984-10-01T17:23:33.9770940Z
Failed qa: 1984-10-03T17:11:24.091572Z
Failed qa: 1984-10-08T17:29:43.9430630Z
Failed qa: 1984-10-15T17:35:53.3530560Z
..............Failed qa: 1984-10-19T17:11:32.8290880Z
Failed qa: 1984-10-24T17:30:03.5860440Z
Failed qa: 1984-10-31T17:35:59.448538Z
Failed qa: 1984-11-02T17:23:48.840079Z
Failed qa: 1984-11-02T17:23:25.0090690Z
Failed qa: 1984-11-04T17:11:26.3000130Z
Failed qa: 1984-11-09T17:29:56.0600630Z
..............Failed qa: 1984-11-27T17:17:33.8960690Z
Failed qa: 1984-11-27T17:17:21.980538Z
Writing pickle: dev-nlcd-developer timesync/1984/audit/1984_3176_3130_qa_rejects.p
Success tracking goes here
