{'project_id': '3130', 'year': '1984', 'x': -552570, 'y': 1950270, 'plot_id': '8326', 'strata': '41'}
Pandas(Index=0, project_id='3130', plot_id='8326', x=-552570, y=1950270)
called process_plot
Pandas(Index=0, project_id='3130', plot_id='8326', x=-552570, y=1950270)
8326
Writing pickle: dev-nlcd-developer timesync/1984/audit/1984_8326_3130.p
.......Failed qa: 1984-05-05T17:04:35.2040940Z
Failed qa: 1984-05-07T16:52:17.6760130Z
.......Failed qa: 1984-05-21T17:05:05.5370810Z
Failed qa: 1984-05-23T16:52:47.1050250Z
Failed qa: 1984-06-06T17:05:27.2400690Z
Failed qa: 1984-06-08T16:53:19.803522Z
.......Failed qa: 1984-06-22T17:05:42.4170440Z
.......Failed qa: 1984-07-08T17:05:52.5750560Z
Failed qa: 1984-07-10T16:53:43.784585Z
.......Failed qa: 1984-07-24T17:06:20.5100750Z
.......Failed qa: 1984-08-25T17:07:19.1240190Z
Failed qa: 1984-08-27T16:55:10.217528Z
.......Failed qa: 1984-09-10T17:07:23.6480130Z
Failed qa: 1984-09-12T16:55:14.401529Z
.......Failed qa: 1984-09-26T17:07:25.0200690Z
Failed qa: 1984-09-28T16:55:03.3630130Z
Failed qa: 1984-10-05T17:01:37.4580250Z
Failed qa: 1984-11-06T17:01:27.0440560Z
Failed qa: 1984-11-13T17:07:09.7680750Z
.......Failed qa: 1984-12-01T16:55:03.851056Z
Writing pickle: dev-nlcd-developer timesync/1984/audit/1984_8326_3130_qa_rejects.p
Success tracking goes here
