{'project_id': '3130', 'year': '1984', 'x': -1425000, 'y': 2915040, 'plot_id': '4676', 'strata': '41'}
Pandas(Index=0, project_id='3130', plot_id='4676', x=-1425000, y=2915040)
called process_plot
Pandas(Index=0, project_id='3130', plot_id='4676', x=-1425000, y=2915040)
4676
Writing pickle: dev-nlcd-developer timesync/1984/audit/1984_4676_3130.p
Failed qa: 1984-04-11T17:51:31.3590750Z
.......Failed qa: 1984-04-25T18:04:03.971557Z
..............Failed qa: 1984-05-13T17:51:54.6760060Z
.......Failed qa: 1984-05-27T18:05:03.4060810Z
Failed qa: 1984-05-29T17:52:20.7240940Z
Failed qa: 1984-06-12T18:05:10.475063Z
Failed qa: 1984-06-14T17:52:38.9380060Z
Failed qa: 1984-06-28T18:05:23.655516Z
.......Failed qa: 1984-07-07T17:59:06.1120880Z
Failed qa: 1984-07-14T18:05:35.525522Z
..............Failed qa: 1984-07-30T18:06:10.094022Z
..............Failed qa: 1984-08-15T18:06:41.706525Z
Failed qa: 1984-08-17T17:54:11.8440190Z
.......Failed qa: 1984-08-31T18:06:58.082022Z
Failed qa: 1984-09-02T17:54:25.2190000Z
Failed qa: 1984-09-16T18:07:01.238069Z
Failed qa: 1984-10-02T18:07:13.3640190Z
.......Failed qa: 1984-10-18T18:07:10.4960060Z
Failed qa: 1984-10-27T18:00:32.6220440Z
Failed qa: 1984-11-03T18:07:04.0830000Z
.......Failed qa: 1984-11-21T17:54:14.0030630Z
Writing pickle: dev-nlcd-developer timesync/1984/audit/1984_4676_3130_qa_rejects.p
Success tracking goes here
