{'project_id': '3130', 'year': '1984', 'x': 603870, 'y': 2727960, 'plot_id': '10296', 'strata': '41'}
Pandas(Index=0, project_id='3130', plot_id='10296', x=603870, y=2727960)
called process_plot
Pandas(Index=0, project_id='3130', plot_id='10296', x=603870, y=2727960)
10296
Writing pickle: dev-nlcd-developer timesync/1984/audit/1984_10296_3130.p
.......Failed qa: 1984-04-11T16:12:50.159057Z
.......Failed qa: 1984-04-27T16:13:00.5460130Z
Failed qa: 1984-04-29T16:00:25.840538Z
.......Failed qa: 1984-05-13T16:13:01.4090310Z
Failed qa: 1984-05-15T16:01:07.4390440Z
.......Failed qa: 1984-05-29T16:13:39.376534Z
Failed qa: 1984-05-31T16:01:20.416568Z
.......Failed qa: 1984-06-14T16:13:57.595535Z
Failed qa: 1984-06-16T16:01:49.7870500Z
Failed qa: 1984-06-30T16:14:10.199041Z
Failed qa: 1984-07-02T16:01:49.706016Z
.......Failed qa: 1984-07-16T16:14:25.076056Z
Failed qa: 1984-07-18T16:02:07.840587Z
Failed qa: 1984-07-25T16:08:21.9330940Z
Failed qa: 1984-08-01T16:14:59.327060Z
Failed qa: 1984-08-03T16:02:41.706566Z
Failed qa: 1984-08-17T16:15:18.6700940Z
Failed qa: 1984-08-19T16:03:12.584025Z
.......Failed qa: 1984-09-02T16:15:32.0190940Z
Failed qa: 1984-09-04T16:03:22.909531Z
.......Failed qa: 1984-09-18T16:15:46.786522Z
Failed qa: 1984-09-20T16:03:25.234550Z
.......Failed qa: 1984-10-04T16:15:58.4900690Z
Failed qa: 1984-10-06T16:03:24.702028Z
.......Failed qa: 1984-10-20T16:15:55.1720250Z
.......Failed qa: 1984-11-07T16:03:13.827034Z
Failed qa: 1984-11-21T16:15:32.840050Z
Writing pickle: dev-nlcd-developer timesync/1984/audit/1984_10296_3130_qa_rejects.p
Success tracking goes here
