{'project_id': '3130', 'year': '1984', 'x': 292860, 'y': 913740, 'plot_id': '18361', 'strata': '41'}
Pandas(Index=0, project_id='3130', plot_id='18361', x=292860, y=913740)
called process_plot
Pandas(Index=0, project_id='3130', plot_id='18361', x=292860, y=913740)
18361
Writing pickle: dev-nlcd-developer timesync/1984/audit/1984_18361_3130.p
Failed qa: 1984-04-13T16:05:03.2880380Z
Failed qa: 1984-04-13T16:05:15.346047Z
..............Failed qa: 1984-04-29T16:05:24.5800130Z
..........................................Failed qa: 1984-06-16T16:06:00.505587Z
Failed qa: 1984-06-16T16:06:12.4920940Z
..........................................Failed qa: 1984-09-04T16:07:45.472075Z
Failed qa: 1984-09-04T16:07:57.3870940Z
..............Failed qa: 1984-10-06T16:07:59.2540630Z
Failed qa: 1984-10-06T16:08:11.312066Z
..............Failed qa: 1984-10-29T16:13:39.5860130Z
Failed qa: 1984-10-29T16:14:27.6760250Z
Failed qa: 1984-11-07T16:07:36.469529Z
Failed qa: 1984-11-07T16:08:00.443066Z
Failed qa: 1984-11-23T16:07:34.208544Z
Failed qa: 1984-11-23T16:07:58.182572Z
..............Writing pickle: dev-nlcd-developer timesync/1984/audit/1984_18361_3130_qa_rejects.p
Success tracking goes here
