{'project_id': '3130', 'year': '1984', 'x': 2114730, 'y': 2897490, 'plot_id': '12506', 'strata': '41'}
Pandas(Index=0, project_id='3130', plot_id='12506', x=2114730, y=2897490)
called process_plot
Pandas(Index=0, project_id='3130', plot_id='12506', x=2114730, y=2897490)
12506
Writing pickle: dev-nlcd-developer timesync/1984/audit/1984_12506_3130.p
Failed qa: 1984-05-02T14:52:53.857532Z
Failed qa: 1984-05-18T14:53:37.4210000Z
.......Failed qa: 1984-06-03T14:53:48.838066Z
Failed qa: 1984-06-05T14:41:41.5000130Z
.......Failed qa: 1984-06-19T14:54:05.196550Z
Failed qa: 1984-06-21T14:41:57.2030560Z
.......Failed qa: 1984-07-05T14:54:04.2130190Z
Failed qa: 1984-07-21T14:54:39.095053Z
Failed qa: 1984-08-06T14:55:24.3390060Z
Failed qa: 1984-09-09T14:43:39.0380310Z
.......Failed qa: 1984-09-23T14:55:50.247572Z
Failed qa: 1984-09-25T14:43:28.639056Z
Failed qa: 1984-10-09T14:55:49.004040Z
Failed qa: 1984-10-11T14:43:27.109515Z
.......Failed qa: 1984-10-25T14:55:44.637534Z
..............Failed qa: 1984-11-26T14:55:36.747528Z
Failed qa: 1984-11-28T14:43:15.444566Z
Writing pickle: dev-nlcd-developer timesync/1984/audit/1984_12506_3130_qa_rejects.p
Success tracking goes here
