{'project_id': '3130', 'year': '1984', 'x': -420540, 'y': 2460330, 'plot_id': '14426', 'strata': '41'}
Pandas(Index=0, project_id='3130', plot_id='14426', x=-420540, y=2460330)
called process_plot
Pandas(Index=0, project_id='3130', plot_id='14426', x=-420540, y=2460330)
14426
Writing pickle: dev-nlcd-developer timesync/1984/audit/1984_14426_3130.p
.......Failed qa: 1984-04-21T16:50:42.792031Z
Failed qa: 1984-05-05T17:03:23.4270130Z
Failed qa: 1984-05-07T16:50:54.054031Z
Failed qa: 1984-05-14T16:57:06.7080250Z
Failed qa: 1984-05-23T16:51:35.3280130Z
Failed qa: 1984-06-06T17:04:03.548535Z
Failed qa: 1984-06-08T16:51:44.125037Z
Failed qa: 1984-06-22T17:04:18.868066Z
Failed qa: 1984-06-24T16:51:46.7730880Z
.......Failed qa: 1984-07-08T17:04:28.883560Z
Failed qa: 1984-07-10T16:52:08.106544Z
.......Failed qa: 1984-07-24T17:04:56.819016Z
Failed qa: 1984-08-25T17:05:55.432068Z
Failed qa: 1984-08-27T16:53:34.611022Z
.......Failed qa: 1984-09-10T17:06:00.027075Z
Failed qa: 1984-09-12T16:53:38.723025Z
Failed qa: 1984-09-19T16:59:38.3860250Z
Failed qa: 1984-09-26T17:06:13.2430500Z
Failed qa: 1984-09-28T16:53:39.670059Z
Failed qa: 1984-10-30T16:53:43.7820750Z
Failed qa: 1984-11-13T17:05:46.073060Z
.......Writing pickle: dev-nlcd-developer timesync/1984/audit/1984_14426_3130_qa_rejects.p
Success tracking goes here
