{'project_id': '3130', 'year': '1984', 'x': 188520, 'y': 1814040, 'plot_id': '7611', 'strata': '41'}
Pandas(Index=0, project_id='3130', plot_id='7611', x=188520, y=1814040)
called process_plot
Pandas(Index=0, project_id='3130', plot_id='7611', x=188520, y=1814040)
7611
Writing pickle: dev-nlcd-developer timesync/1984/audit/1984_7611_3130.p
Failed qa: 1984-04-11T16:15:01.5130630Z
..............Failed qa: 1984-04-27T16:15:11.900051Z
Failed qa: 1984-04-27T16:15:35.659088Z
Failed qa: 1984-05-13T16:16:12.3400190Z
Failed qa: 1984-05-20T16:21:48.0780000Z
Failed qa: 1984-05-29T16:16:02.716554Z
Failed qa: 1984-05-29T16:16:26.547063Z
Failed qa: 1984-06-12T16:28:40.617562Z
Failed qa: 1984-06-12T16:28:52.6040690Z
Failed qa: 1984-06-14T16:16:20.934562Z
Failed qa: 1984-06-14T16:16:44.765057Z
Failed qa: 1984-06-21T16:22:25.8750440Z
Failed qa: 1984-06-21T16:23:13.5360060Z
Failed qa: 1984-06-28T16:28:53.836560Z
Failed qa: 1984-06-28T16:29:05.8230630Z
Failed qa: 1984-06-30T16:16:33.466537Z
Failed qa: 1984-06-30T16:16:57.225532Z
..............Failed qa: 1984-07-14T16:29:05.593047Z
Failed qa: 1984-07-14T16:29:17.5790940Z
Failed qa: 1984-07-16T16:16:48.415535Z
Failed qa: 1984-07-16T16:17:12.246022Z
..............Failed qa: 1984-08-31T16:30:28.363553Z
Failed qa: 1984-08-31T16:30:40.3500560Z
Failed qa: 1984-09-18T16:18:10.055047Z
Failed qa: 1984-09-18T16:18:33.814075Z
Failed qa: 1984-10-04T16:18:09.915553Z
Failed qa: 1984-10-04T16:18:33.746075Z
Failed qa: 1984-10-11T16:24:55.2750500Z
Failed qa: 1984-10-20T16:17:54.6110880Z
Failed qa: 1984-11-03T16:30:22.454084Z
Failed qa: 1984-11-03T16:30:34.4410750Z
Failed qa: 1984-11-05T16:17:59.930075Z
Failed qa: 1984-11-05T16:18:23.761547Z
..............Failed qa: 1984-11-19T16:30:17.301028Z
Failed qa: 1984-11-19T16:30:29.2880310Z
Failed qa: 1984-11-21T16:17:56.185087Z
Failed qa: 1984-11-21T16:18:19.945547Z
..............Writing pickle: dev-nlcd-developer timesync/1984/audit/1984_7611_3130_qa_rejects.p
Success tracking goes here
