{'project_id': '3130', 'year': '1984', 'x': -1247940, 'y': 1815090, 'plot_id': '17961', 'strata': '41'}
Pandas(Index=0, project_id='3130', plot_id='17961', x=-1247940, y=1815090)
called process_plot
Pandas(Index=0, project_id='3130', plot_id='17961', x=-1247940, y=1815090)
17961
Writing pickle: dev-nlcd-developer timesync/1984/audit/1984_17961_3130.p
..............Failed qa: 1984-04-06T17:35:21.0440250Z
Failed qa: 1984-04-06T17:36:08.7050500Z
Failed qa: 1984-04-15T17:29:11.7570190Z
..............Failed qa: 1984-05-08T17:35:47.630044Z
Failed qa: 1984-05-08T17:36:11.461016Z
Failed qa: 1984-05-10T17:23:41.9640380Z
Failed qa: 1984-05-10T17:23:53.736550Z
..............Failed qa: 1984-06-02T17:30:29.668535Z
Failed qa: 1984-06-02T17:30:53.4280000Z
Failed qa: 1984-06-09T17:36:36.601560Z
Failed qa: 1984-06-09T17:37:00.432047Z
............................Failed qa: 1984-06-25T17:36:50.920519Z
Failed qa: 1984-06-25T17:37:14.750557Z
......................................................................Failed qa: 1984-08-05T17:31:28.7650630Z
........................................................Failed qa: 1984-11-02T17:26:35.9440000Z
..............Failed qa: 1984-11-18T17:26:06.5300380Z
Failed qa: 1984-11-18T17:26:06.5300380Z
Writing pickle: dev-nlcd-developer timesync/1984/audit/1984_17961_3130_qa_rejects.p
Success tracking goes here
