{'project_id': '3130', 'year': '1984', 'x': -1849020, 'y': 1377420, 'plot_id': '16801', 'strata': '41'}
Pandas(Index=0, project_id='3130', plot_id='16801', x=-1849020, y=1377420)
called process_plot
Pandas(Index=0, project_id='3130', plot_id='16801', x=-1849020, y=1377420)
16801
Writing pickle: dev-nlcd-developer timesync/1984/audit/1984_16801_3130.p
Failed qa: 1984-03-23T17:50:01.848018Z
.......Failed qa: 1984-04-27T17:55:40.421040Z
..............Failed qa: 1984-05-13T17:55:53.4110130Z
Failed qa: 1984-05-15T17:43:35.4710190Z
Failed qa: 1984-05-22T17:49:58.4520250Z
Failed qa: 1984-05-29T17:56:31.373047Z
..............Failed qa: 1984-06-14T17:56:49.585056Z
Failed qa: 1984-06-16T17:44:17.8890940Z
.......Failed qa: 1984-06-30T17:57:02.070054Z
.......Failed qa: 1984-07-09T17:50:44.1650750Z
Failed qa: 1984-07-16T17:57:29.0630310Z
..............Failed qa: 1984-10-04T17:58:26.5190880Z
.......Failed qa: 1984-10-22T17:46:00.8750810Z
Failed qa: 1984-11-21T17:58:24.660541Z
.......Failed qa: 1984-11-30T17:52:03.9700560Z
Writing pickle: dev-nlcd-developer timesync/1984/audit/1984_16801_3130_qa_rejects.p
Success tracking goes here
