{'project_id': '3130', 'year': '1984', 'x': -15360, 'y': 1547130, 'plot_id': '7116', 'strata': '41'}
Pandas(Index=0, project_id='3130', plot_id='7116', x=-15360, y=1547130)
called process_plot
Pandas(Index=0, project_id='3130', plot_id='7116', x=-15360, y=1547130)
7116
Writing pickle: dev-nlcd-developer timesync/1984/audit/1984_7116_3130.p
Failed qa: 1984-04-18T16:22:12.259028Z
Failed qa: 1984-05-18T16:34:54.160529Z
Failed qa: 1984-05-18T16:34:42.174009Z
Failed qa: 1984-05-20T16:22:59.7120690Z
Failed qa: 1984-05-25T16:41:04.309034Z
Failed qa: 1984-05-27T16:29:21.2630000Z
Failed qa: 1984-05-27T16:29:21.2630000Z
Failed qa: 1984-06-03T16:35:17.390047Z
Failed qa: 1984-06-03T16:34:53.5590940Z
Failed qa: 1984-06-10T16:41:24.042563Z
..............Failed qa: 1984-06-19T16:35:33.793003Z
Failed qa: 1984-06-19T16:35:10.0340000Z
Failed qa: 1984-06-21T16:23:25.522506Z
Failed qa: 1984-06-26T16:41:37.981557Z
..............Failed qa: 1984-07-05T16:35:44.614094Z
Failed qa: 1984-07-05T16:35:32.699078Z
Failed qa: 1984-07-07T16:23:47.8750130Z
..............Failed qa: 1984-08-08T16:24:35.097591Z
Failed qa: 1984-08-29T16:43:13.100072Z
..............Failed qa: 1984-09-07T16:37:16.806584Z
Failed qa: 1984-09-09T16:25:19.2840940Z
Failed qa: 1984-09-23T16:37:18.629585Z
Failed qa: 1984-10-09T16:37:41.2170500Z
Failed qa: 1984-10-11T16:25:07.262025Z
Failed qa: 1984-10-16T16:43:26.6290690Z
Failed qa: 1984-10-18T16:31:28.3690940Z
Failed qa: 1984-10-18T16:31:28.3690940Z
Failed qa: 1984-11-01T16:43:08.853066Z
..............Failed qa: 1984-11-10T16:37:05.281057Z
Failed qa: 1984-11-10T16:36:53.294057Z
Failed qa: 1984-11-12T16:24:54.225050Z
Failed qa: 1984-11-19T16:30:29.2880310Z
Failed qa: 1984-11-26T16:36:41.4470190Z
Failed qa: 1984-11-26T16:36:41.4470190Z
Failed qa: 1984-11-28T16:24:55.748079Z
Writing pickle: dev-nlcd-developer timesync/1984/audit/1984_7116_3130_qa_rejects.p
Success tracking goes here
