{'project_id': '3130', 'year': '1984', 'x': 1440600, 'y': 1214850, 'plot_id': '20846', 'strata': '41'}
Pandas(Index=0, project_id='3130', plot_id='20846', x=1440600, y=1214850)
called process_plot
Pandas(Index=0, project_id='3130', plot_id='20846', x=1440600, y=1214850)
20846
Writing pickle: dev-nlcd-developer timesync/1984/audit/1984_20846_3130.p
..............Failed qa: 1984-04-19T15:27:22.618565Z
Failed qa: 1984-04-19T15:27:46.449534Z
Failed qa: 1984-05-05T15:27:29.387525Z
Failed qa: 1984-05-05T15:27:53.218509Z
..............Failed qa: 1984-05-21T15:27:59.721544Z
Failed qa: 1984-05-21T15:28:23.552513Z
Failed qa: 1984-06-06T15:28:21.413559Z
Failed qa: 1984-06-06T15:28:45.244063Z
............................Failed qa: 1984-07-08T15:28:46.758550Z
Failed qa: 1984-07-08T15:29:10.589037Z
..........................................Failed qa: 1984-09-26T15:30:19.206572Z
Failed qa: 1984-09-26T15:30:43.108575Z
..............Failed qa: 1984-10-12T15:30:17.512513Z
Failed qa: 1984-10-12T15:30:41.343050Z
..............Failed qa: 1984-10-28T15:30:12.285578Z
Failed qa: 1984-10-28T15:30:36.188053Z
..............Failed qa: 1984-11-13T15:30:04.022044Z
Failed qa: 1984-11-13T15:30:27.925016Z
Failed qa: 1984-11-22T15:23:42.3340060Z
Writing pickle: dev-nlcd-developer timesync/1984/audit/1984_20846_3130_qa_rejects.p
Success tracking goes here
