{'project_id': '3130', 'year': '1984', 'x': 556560, 'y': 1302660, 'plot_id': '2761', 'strata': '41'}
Pandas(Index=0, project_id='3130', plot_id='2761', x=556560, y=1302660)
called process_plot
Pandas(Index=0, project_id='3130', plot_id='2761', x=556560, y=1302660)
2761
Writing pickle: dev-nlcd-developer timesync/1984/audit/1984_2761_3130.p
..............Failed qa: 1984-05-06T16:10:35.3460060Z
.......Failed qa: 1984-05-22T16:10:53.268516Z
.......Failed qa: 1984-06-07T16:11:14.393541Z
.......Failed qa: 1984-06-23T16:11:29.372079Z
Failed qa: 1984-07-09T16:11:39.054063Z
.......Failed qa: 1984-08-26T16:13:05.656056Z
Failed qa: 1984-08-28T16:01:20.5970560Z
.......Failed qa: 1984-09-11T16:13:09.982035Z
..............Failed qa: 1984-10-13T16:13:09.088551Z
Failed qa: 1984-10-15T16:01:22.8630750Z
Failed qa: 1984-10-22T16:06:43.8510060Z
Failed qa: 1984-10-29T16:13:03.839516Z
.....................Failed qa: 1984-11-30T16:12:58.708062Z
Writing pickle: dev-nlcd-developer timesync/1984/audit/1984_2761_3130_qa_rejects.p
Success tracking goes here
