{'project_id': '3130', 'year': '1984', 'x': -1094940, 'y': 1834920, 'plot_id': '13436', 'strata': '41'}
Pandas(Index=0, project_id='3130', plot_id='13436', x=-1094940, y=1834920)
called process_plot
Pandas(Index=0, project_id='3130', plot_id='13436', x=-1094940, y=1834920)
13436
Writing pickle: dev-nlcd-developer timesync/1984/audit/1984_13436_3130.p
.......Failed qa: 1984-04-15T17:29:11.7570190Z
.......Failed qa: 1984-05-01T17:29:33.9350880Z
............................Failed qa: 1984-06-02T17:30:05.9090690Z
..............Failed qa: 1984-06-18T17:30:34.526572Z
..............Failed qa: 1984-07-04T17:30:45.716516Z
..............Failed qa: 1984-07-20T17:31:07.209537Z
.......Failed qa: 1984-08-05T17:31:28.7650630Z
.......Failed qa: 1984-09-08T17:19:44.9860750Z
Failed qa: 1984-09-15T17:25:56.7530250Z
Failed qa: 1984-09-22T17:32:20.190560Z
.......Failed qa: 1984-10-24T17:32:15.012531Z
Failed qa: 1984-11-02T17:25:48.2810630Z
Failed qa: 1984-11-09T17:32:07.489013Z
..............Writing pickle: dev-nlcd-developer timesync/1984/audit/1984_13436_3130_qa_rejects.p
Success tracking goes here
