{'project_id': '3130', 'year': '1984', 'x': 575340, 'y': 1207140, 'plot_id': '8881', 'strata': '41'}
Pandas(Index=0, project_id='3130', plot_id='8881', x=575340, y=1207140)
called process_plot
Pandas(Index=0, project_id='3130', plot_id='8881', x=575340, y=1207140)
8881
Writing pickle: dev-nlcd-developer timesync/1984/audit/1984_8881_3130.p
.......Failed qa: 1984-04-13T16:05:03.2880380Z
Failed qa: 1984-04-20T16:10:50.2160500Z
.......Failed qa: 1984-05-06T16:10:47.261044Z
Failed qa: 1984-05-22T16:11:17.170063Z
Failed qa: 1984-05-24T15:59:34.3260310Z
Failed qa: 1984-06-07T16:11:38.224035Z
.......Failed qa: 1984-06-23T16:11:53.202562Z
Failed qa: 1984-07-09T16:12:02.956047Z
..............Failed qa: 1984-09-04T16:07:21.642031Z
..............Failed qa: 1984-10-06T16:07:59.2540630Z
.......Failed qa: 1984-10-29T16:13:27.670516Z
.....................Failed qa: 1984-11-30T16:13:22.611041Z
Writing pickle: dev-nlcd-developer timesync/1984/audit/1984_8881_3130_qa_rejects.p
Success tracking goes here
