{'project_id': '3130', 'year': '1984', 'x': -1362600, 'y': 2193660, 'plot_id': '4761', 'strata': '41'}
Pandas(Index=0, project_id='3130', plot_id='4761', x=-1362600, y=2193660)
called process_plot
Pandas(Index=0, project_id='3130', plot_id='4761', x=-1362600, y=2193660)
4761
Writing pickle: dev-nlcd-developer timesync/1984/audit/1984_4761_3130.p
Failed qa: 1984-03-23T17:48:02.768528Z
............................Failed qa: 1984-04-15T17:29:11.7570190Z
..............Failed qa: 1984-05-01T17:28:45.9890380Z
Failed qa: 1984-05-06T17:47:29.247044Z
............................Failed qa: 1984-05-22T17:47:47.169078Z
..............Failed qa: 1984-06-02T17:29:53.851075Z
Failed qa: 1984-06-07T17:48:32.122556Z
..............Failed qa: 1984-06-18T17:30:10.553560Z
Failed qa: 1984-06-23T17:48:47.068588Z
............................Failed qa: 1984-07-04T17:30:21.743506Z
Failed qa: 1984-07-09T17:48:44.870576Z
Failed qa: 1984-07-20T17:30:43.236528Z
Failed qa: 1984-08-05T17:31:16.778560Z
..............Failed qa: 1984-09-22T17:31:56.217531Z
Failed qa: 1984-10-13T17:50:38.7360630Z
Failed qa: 1984-10-22T17:44:25.4090880Z
Failed qa: 1984-10-22T17:44:01.507066Z
Failed qa: 1984-10-24T17:32:03.0260060Z
Failed qa: 1984-11-09T17:31:55.5020130Z
..............Failed qa: 1984-11-30T17:50:28.3590250Z
Writing pickle: dev-nlcd-developer timesync/1984/audit/1984_4761_3130_qa_rejects.p
Success tracking goes here
