{'project_id': '3130', 'year': '1984', 'x': 1463460, 'y': 2116440, 'plot_id': '3091', 'strata': '41'}
Pandas(Index=0, project_id='3130', plot_id='3091', x=1463460, y=2116440)
called process_plot
Pandas(Index=0, project_id='3130', plot_id='3091', x=1463460, y=2116440)
3091
Writing pickle: dev-nlcd-developer timesync/1984/audit/1984_3091_3130.p
Failed qa: 1984-04-10T15:31:09.731540Z
Failed qa: 1984-04-10T15:31:33.633544Z
..............Failed qa: 1984-04-19T15:25:59.2110810Z
Failed qa: 1984-04-26T15:30:56.7930500Z
Failed qa: 1984-05-12T15:31:30.999019Z
Failed qa: 1984-05-12T15:31:54.901022Z
Failed qa: 1984-05-14T15:19:25.0510940Z
Failed qa: 1984-05-14T15:20:12.9980750Z
............................Failed qa: 1984-06-13T15:32:16.312019Z
Failed qa: 1984-06-13T15:32:40.213547Z
............................Failed qa: 1984-06-29T15:32:29.226053Z
Failed qa: 1984-06-29T15:32:53.056541Z
..............Failed qa: 1984-07-15T15:32:42.479031Z
Failed qa: 1984-07-15T15:33:06.380550Z
Failed qa: 1984-07-31T15:33:16.931541Z
Failed qa: 1984-07-31T15:33:28.8470060Z
Failed qa: 1984-08-16T15:33:36.5100130Z
..............Failed qa: 1984-08-25T15:28:13.937044Z
Failed qa: 1984-08-25T15:28:25.9240000Z
Failed qa: 1984-09-01T15:34:03.346069Z
Failed qa: 1984-09-01T15:34:27.176562Z
..............Failed qa: 1984-09-17T15:34:06.364040Z
Failed qa: 1984-09-17T15:34:30.194543Z
............................Failed qa: 1984-10-03T15:34:06.404013Z
Failed qa: 1984-10-03T15:34:30.234538Z
............................Failed qa: 1984-10-19T15:34:15.0950130Z
Failed qa: 1984-10-19T15:34:27.153029Z
..........................................Failed qa: 1984-11-13T15:28:40.6120810Z
Failed qa: 1984-11-20T15:33:52.253578Z
Failed qa: 1984-11-20T15:34:16.156553Z
..............Writing pickle: dev-nlcd-developer timesync/1984/audit/1984_3091_3130_qa_rejects.p
Success tracking goes here
