{'project_id': '3130', 'year': '1984', 'x': -2117880, 'y': 3004680, 'plot_id': '4706', 'strata': '41'}
Pandas(Index=0, project_id='3130', plot_id='4706', x=-2117880, y=3004680)
called process_plot
Pandas(Index=0, project_id='3130', plot_id='4706', x=-2117880, y=3004680)
4706
Writing pickle: dev-nlcd-developer timesync/1984/audit/1984_4706_3130.p
Failed qa: 1984-04-14T18:22:49.6490310Z
Failed qa: 1984-05-07T18:29:35.3080380Z
Failed qa: 1984-05-07T18:29:35.3080380Z
Failed qa: 1984-05-16T18:23:42.0720380Z
Failed qa: 1984-05-23T18:30:04.7630000Z
Failed qa: 1984-05-23T18:30:04.7630000Z
..............Failed qa: 1984-06-01T18:23:54.449535Z
..............Failed qa: 1984-06-10T18:18:05.8340500Z
..............Failed qa: 1984-06-17T18:24:23.4900190Z
..............Failed qa: 1984-07-03T18:24:34.9420630Z
............................Failed qa: 1984-07-19T18:24:42.988541Z
Failed qa: 1984-07-28T18:19:03.4140380Z
..............Failed qa: 1984-08-04T18:25:28.4680380Z
Failed qa: 1984-08-04T18:25:16.553022Z
......................................................................Failed qa: 1984-10-07T18:25:45.2990130Z
..............Failed qa: 1984-11-08T18:25:33.8290440Z
Failed qa: 1984-11-24T18:25:32.4470060Z
Failed qa: 1984-12-01T18:32:09.4490310Z
Failed qa: 1984-12-01T18:32:09.4490310Z
Writing pickle: dev-nlcd-developer timesync/1984/audit/1984_4706_3130_qa_rejects.p
Success tracking goes here
