{'project_id': '3130', 'year': '1984', 'x': 1653240, 'y': 2484840, 'plot_id': '936', 'strata': '41'}
Pandas(Index=0, project_id='3130', plot_id='936', x=1653240, y=2484840)
called process_plot
Pandas(Index=0, project_id='3130', plot_id='936', x=1653240, y=2484840)
936
Writing pickle: dev-nlcd-developer timesync/1984/audit/1984_0936_3130.p
.......Failed qa: 1984-04-14T15:05:50.9610310Z
.......Failed qa: 1984-05-16T15:06:19.4050190Z
Failed qa: 1984-06-01T15:06:55.814047Z
.......Failed qa: 1984-06-17T15:07:12.951050Z
.......Failed qa: 1984-07-03T15:07:24.449560Z
.......Failed qa: 1984-07-26T15:13:58.1030500Z
Failed qa: 1984-08-11T15:14:30.3840880Z
Failed qa: 1984-08-20T15:08:48.524550Z
.......Failed qa: 1984-08-29T15:02:32.3360880Z
Failed qa: 1984-09-05T15:08:57.303038Z
Failed qa: 1984-09-12T15:14:57.4410060Z
Failed qa: 1984-09-21T15:08:59.486512Z
.......Failed qa: 1984-10-07T15:08:58.764085Z
.......Failed qa: 1984-10-30T15:14:50.5850500Z
Failed qa: 1984-11-08T15:08:47.367026Z
Failed qa: 1984-11-24T15:08:45.842060Z
Writing pickle: dev-nlcd-developer timesync/1984/audit/1984_0936_3130_qa_rejects.p
Success tracking goes here
