{'project_id': '3130', 'year': '1984', 'x': -4920, 'y': 1359120, 'plot_id': '20611', 'strata': '41'}
Pandas(Index=0, project_id='3130', plot_id='20611', x=-4920, y=1359120)
called process_plot
Pandas(Index=0, project_id='3130', plot_id='20611', x=-4920, y=1359120)
20611
Writing pickle: dev-nlcd-developer timesync/1984/audit/1984_20611_3130.p
.......Failed qa: 1984-04-11T16:16:48.894040Z
Failed qa: 1984-04-18T16:22:36.161034Z
Failed qa: 1984-04-27T16:16:47.365565Z
Failed qa: 1984-05-13T16:17:00.1440380Z
Failed qa: 1984-05-20T16:23:11.627553Z
.......Failed qa: 1984-05-29T16:17:38.181566Z
.......Failed qa: 1984-06-14T16:17:56.399516Z
Failed qa: 1984-06-21T16:23:49.495512Z
.......Failed qa: 1984-06-30T16:18:08.930537Z
Failed qa: 1984-07-07T16:23:59.790029Z
.......Failed qa: 1984-07-16T16:18:23.879562Z
..............Failed qa: 1984-09-02T16:19:42.665562Z
.......Failed qa: 1984-09-18T16:19:45.448562Z
Failed qa: 1984-10-04T16:19:45.309565Z
..............Failed qa: 1984-10-20T16:19:53.9080940Z
.......Failed qa: 1984-11-05T16:19:35.326547Z
Failed qa: 1984-11-12T16:25:18.199056Z
Failed qa: 1984-11-21T16:19:31.582566Z
Failed qa: 1984-11-28T16:25:19.651075Z
Writing pickle: dev-nlcd-developer timesync/1984/audit/1984_20611_3130_qa_rejects.p
Success tracking goes here
