{'project_id': '3130', 'year': '1984', 'x': -1641150, 'y': 3024240, 'plot_id': '2116', 'strata': '41'}
Pandas(Index=0, project_id='3130', plot_id='2116', x=-1641150, y=3024240)
called process_plot
Pandas(Index=0, project_id='3130', plot_id='2116', x=-1641150, y=3024240)
2116
Writing pickle: dev-nlcd-developer timesync/1984/audit/1984_2116_3130.p
.......Failed qa: 1984-04-23T18:16:14.1270690Z
Failed qa: 1984-04-25T18:03:52.0560690Z
.....................Failed qa: 1984-06-10T18:17:18.1730560Z
Failed qa: 1984-06-12T18:04:58.5600380Z
Failed qa: 1984-06-26T18:17:31.9870380Z
Failed qa: 1984-06-28T18:05:11.6690190Z
.......Failed qa: 1984-07-14T18:05:23.5390250Z
Failed qa: 1984-07-23T17:59:32.5530560Z
Failed qa: 1984-07-28T18:18:15.6110000Z
Failed qa: 1984-07-30T18:06:10.094022Z
.......Failed qa: 1984-08-08T18:00:05.5480060Z
.......Failed qa: 1984-08-24T18:00:32.8760880Z
Failed qa: 1984-08-29T18:19:07.2390130Z
..............Failed qa: 1984-09-14T18:19:10.8270190Z
..............Failed qa: 1984-09-30T18:19:11.3360130Z
Failed qa: 1984-10-02T18:07:13.3640190Z
Failed qa: 1984-10-16T18:19:08.7530380Z
Failed qa: 1984-10-18T18:07:10.4960060Z
.......Writing pickle: dev-nlcd-developer timesync/1984/audit/1984_2116_3130_qa_rejects.p
Success tracking goes here
