{'project_id': '3130', 'year': '1984', 'x': -1965540, 'y': 3017250, 'plot_id': '4716', 'strata': '41'}
Pandas(Index=0, project_id='3130', plot_id='4716', x=-1965540, y=3017250)
called process_plot
Pandas(Index=0, project_id='3130', plot_id='4716', x=-1965540, y=3017250)
4716
Writing pickle: dev-nlcd-developer timesync/1984/audit/1984_4716_3130.p
Failed qa: 1984-04-12T18:34:47.1780130Z
............................Failed qa: 1984-04-16T18:10:40.002053Z
Failed qa: 1984-04-23T18:16:26.114041Z
Failed qa: 1984-04-23T18:16:38.1010130Z
Failed qa: 1984-04-28T18:34:44.8950810Z
Failed qa: 1984-05-02T18:10:52.3410560Z
Failed qa: 1984-05-07T18:28:47.6460810Z
Failed qa: 1984-05-07T18:29:35.3080380Z
Failed qa: 1984-05-07T18:28:47.6460810Z
Failed qa: 1984-05-14T18:35:12.3120750Z
Failed qa: 1984-05-16T18:22:54.4110130Z
Failed qa: 1984-05-16T18:23:42.0720380Z
Failed qa: 1984-05-16T18:22:54.4110130Z
Failed qa: 1984-05-16T18:23:18.241525Z
Failed qa: 1984-05-18T18:11:24.0670380Z
Failed qa: 1984-05-21T18:41:35.4680630Z
Failed qa: 1984-05-23T18:29:16.9590190Z
Failed qa: 1984-05-23T18:30:04.7630000Z
Failed qa: 1984-05-23T18:29:16.9590190Z
Failed qa: 1984-05-25T18:17:22.1920630Z
Failed qa: 1984-05-25T18:17:22.1920630Z
Failed qa: 1984-05-30T18:35:49.663525Z
Failed qa: 1984-05-30T18:36:01.5790000Z
............................Failed qa: 1984-06-03T18:11:35.254063Z
Failed qa: 1984-06-06T18:41:57.0950880Z
............................Failed qa: 1984-06-10T18:18:05.8340500Z
Failed qa: 1984-06-10T18:17:30.088531Z
Failed qa: 1984-06-10T18:17:53.919028Z
Failed qa: 1984-06-15T18:36:07.572554Z
Failed qa: 1984-06-15T18:36:19.4880190Z
Failed qa: 1984-06-17T18:23:35.8290310Z
Failed qa: 1984-06-17T18:24:23.4900190Z
Failed qa: 1984-06-17T18:23:35.8290310Z
Failed qa: 1984-06-17T18:23:59.659525Z
Failed qa: 1984-06-19T18:11:51.594556Z
............................Failed qa: 1984-06-26T18:17:43.902054Z
Failed qa: 1984-06-26T18:17:55.8170690Z
Failed qa: 1984-07-03T18:23:47.2820000Z
Failed qa: 1984-07-03T18:24:34.9420630Z
Failed qa: 1984-07-03T18:23:47.2820000Z
Failed qa: 1984-07-03T18:24:11.112032Z
Failed qa: 1984-07-05T18:12:02.447079Z
Failed qa: 1984-07-08T18:42:22.3640380Z
............................Failed qa: 1984-07-17T18:36:36.305022Z
Failed qa: 1984-07-17T18:36:48.2200380Z
............................Failed qa: 1984-07-24T18:42:50.4420630Z
Failed qa: 1984-07-26T18:30:33.0340310Z
Failed qa: 1984-07-26T18:30:33.0340310Z
Failed qa: 1984-07-28T18:19:03.4140380Z
Failed qa: 1984-07-28T18:18:27.526019Z
Failed qa: 1984-07-28T18:18:51.427538Z
Failed qa: 1984-08-02T18:37:10.415035Z
Failed qa: 1984-08-02T18:37:22.3300500Z
............................Failed qa: 1984-08-06T18:12:47.0450440Z
............................Failed qa: 1984-08-18T18:37:53.3180500Z
Failed qa: 1984-08-18T18:37:53.3180500Z
Failed qa: 1984-08-29T18:19:19.154029Z
Failed qa: 1984-08-29T18:19:31.0690440Z
Failed qa: 1984-09-03T18:38:05.0470060Z
Failed qa: 1984-09-03T18:38:05.0470060Z
Failed qa: 1984-09-12T18:31:32.2040130Z
Failed qa: 1984-09-12T18:31:32.2040130Z
Failed qa: 1984-09-14T18:19:22.742041Z
Failed qa: 1984-09-14T18:19:34.6570630Z
Failed qa: 1984-09-19T18:37:55.693560Z
Failed qa: 1984-09-19T18:38:07.6090310Z
Failed qa: 1984-09-23T18:13:48.4180310Z
Failed qa: 1984-09-28T18:31:33.1480690Z
Failed qa: 1984-09-28T18:31:33.1480690Z
Failed qa: 1984-09-30T18:19:23.251047Z
Failed qa: 1984-09-30T18:19:35.1660810Z
Failed qa: 1984-10-05T18:37:55.327525Z
Failed qa: 1984-10-05T18:38:07.2430060Z
............................Failed qa: 1984-10-16T18:19:08.7530380Z
Failed qa: 1984-10-21T18:37:51.699057Z
Failed qa: 1984-10-21T18:38:03.6140940Z
Failed qa: 1984-10-25T18:13:18.9960560Z
Failed qa: 1984-10-30T18:31:25.3450000Z
Failed qa: 1984-10-30T18:31:25.3450000Z
........................................................Failed qa: 1984-12-01T18:31:21.6430440Z
Failed qa: 1984-12-01T18:32:09.4490310Z
Failed qa: 1984-12-01T18:31:21.6430440Z
Writing pickle: dev-nlcd-developer timesync/1984/audit/1984_4716_3130_qa_rejects.p
Success tracking goes here
