{'project_id': '3130', 'year': '1984', 'x': 818250, 'y': 1961730, 'plot_id': '8836', 'strata': '41'}
Pandas(Index=0, project_id='3130', plot_id='8836', x=818250, y=1961730)
called process_plot
Pandas(Index=0, project_id='3130', plot_id='8836', x=818250, y=1961730)
8836
Writing pickle: dev-nlcd-developer timesync/1984/audit/1984_8836_3130.p
Failed qa: 1984-03-15T15:44:57.9920130Z
..........................................Failed qa: 1984-05-24T15:57:35.1730440Z
Failed qa: 1984-06-11T15:45:35.8000130Z
..............Failed qa: 1984-06-27T15:45:49.3690000Z
Failed qa: 1984-07-04T15:51:16.5920940Z
Failed qa: 1984-07-11T15:57:30.9340750Z
Failed qa: 1984-07-11T15:58:18.8810000Z
Failed qa: 1984-07-29T15:46:34.3190750Z
Failed qa: 1984-08-28T15:59:09.173547Z
Failed qa: 1984-08-28T15:59:33.146550Z
..............Failed qa: 1984-09-13T15:59:25.0590000Z
Failed qa: 1984-09-13T15:59:37.045510Z
Failed qa: 1984-09-22T15:52:51.1460000Z
Failed qa: 1984-09-22T15:53:39.0920500Z
..............Failed qa: 1984-10-01T15:47:28.0260560Z
..........................................Writing pickle: dev-nlcd-developer timesync/1984/audit/1984_8836_3130_qa_rejects.p
Success tracking goes here
