{'project_id': '3130', 'year': '1984', 'x': -1696110, 'y': 1847640, 'plot_id': '22331', 'strata': '41'}
Pandas(Index=0, project_id='3130', plot_id='22331', x=-1696110, y=1847640)
called process_plot
Pandas(Index=0, project_id='3130', plot_id='22331', x=-1696110, y=1847640)
22331
Writing pickle: dev-nlcd-developer timesync/1984/audit/1984_22331_3130.p
.......Failed qa: 1984-04-13T17:42:20.8980000Z
Failed qa: 1984-04-27T17:54:28.857075Z
Failed qa: 1984-04-29T17:42:17.9120630Z
Failed qa: 1984-05-06T17:48:17.0510560Z
Failed qa: 1984-05-13T17:54:53.762547Z
.......Failed qa: 1984-05-29T17:55:31.6540440Z
Failed qa: 1984-05-31T17:43:12.5840560Z
.......Failed qa: 1984-06-14T17:55:38.022551Z
.......Failed qa: 1984-06-30T17:55:50.508028Z
Failed qa: 1984-07-02T17:43:41.8900810Z
Failed qa: 1984-07-09T17:49:32.6740690Z
Failed qa: 1984-07-16T17:56:05.585065Z
.......Failed qa: 1984-09-20T17:44:53.6590940Z
Failed qa: 1984-10-04T17:57:26.871547Z
.......Failed qa: 1984-10-22T17:45:13.0710380Z
Failed qa: 1984-11-30T17:50:52.3330440Z
Writing pickle: dev-nlcd-developer timesync/1984/audit/1984_22331_3130_qa_rejects.p
Success tracking goes here
