{'project_id': '3130', 'year': '1984', 'x': 1022790, 'y': 1467570, 'plot_id': '19491', 'strata': '41'}
Pandas(Index=0, project_id='3130', plot_id='19491', x=1022790, y=1467570)
called process_plot
Pandas(Index=0, project_id='3130', plot_id='19491', x=1022790, y=1467570)
19491
Writing pickle: dev-nlcd-developer timesync/1984/audit/1984_19491_3130.p
Failed qa: 1984-03-15T15:45:57.624522Z
.......Failed qa: 1984-04-17T15:39:32.4030810Z
.......Failed qa: 1984-05-01T15:51:40.138044Z
..............Failed qa: 1984-05-26T15:46:27.9620690Z
..............Failed qa: 1984-06-18T15:52:40.9740630Z
..............Failed qa: 1984-07-04T15:52:52.1990880Z
..............Failed qa: 1984-07-29T15:47:33.823591Z
Failed qa: 1984-09-06T15:54:24.6400190Z
.......Failed qa: 1984-09-22T15:54:26.6100880Z
.......Failed qa: 1984-10-01T15:48:27.603057Z
.....................Failed qa: 1984-11-09T15:54:25.828550Z
Failed qa: 1984-11-11T15:42:14.9420250Z
Failed qa: 1984-11-18T15:48:24.8230130Z
Failed qa: 1984-11-25T15:54:25.113072Z
.......Writing pickle: dev-nlcd-developer timesync/1984/audit/1984_19491_3130_qa_rejects.p
Success tracking goes here
