{'project_id': '3130', 'year': '1984', 'x': -2185650, 'y': 1497390, 'plot_id': '24516', 'strata': '41'}
Pandas(Index=0, project_id='3130', plot_id='24516', x=-2185650, y=1497390)
called process_plot
Pandas(Index=0, project_id='3130', plot_id='24516', x=-2185650, y=1497390)
24516
Writing pickle: dev-nlcd-developer timesync/1984/audit/1984_24516_3130.p
.......Failed qa: 1984-04-27T17:55:40.421040Z
.......Failed qa: 1984-05-11T18:08:11.2260250Z
Failed qa: 1984-05-13T17:55:53.4110130Z
.......Failed qa: 1984-05-29T17:56:31.373047Z
.......Failed qa: 1984-06-12T18:08:57.2930000Z
Failed qa: 1984-06-14T17:56:49.585056Z
.......Failed qa: 1984-06-28T18:09:10.5420810Z
Failed qa: 1984-06-30T17:57:02.070054Z
.......Failed qa: 1984-07-14T18:09:22.4130060Z
Failed qa: 1984-07-16T17:57:29.0630310Z
Failed qa: 1984-10-02T18:10:48.2680690Z
Failed qa: 1984-10-04T17:58:38.434572Z
Failed qa: 1984-10-18T18:10:45.4010000Z
..............Failed qa: 1984-11-19T18:10:33.9800750Z
Failed qa: 1984-11-21T17:58:24.660541Z
.......Writing pickle: dev-nlcd-developer timesync/1984/audit/1984_24516_3130_qa_rejects.p
Success tracking goes here
