{'project_id': '3130', 'year': '1984', 'x': -574020, 'y': 2386920, 'plot_id': '20596', 'strata': '41'}
Pandas(Index=0, project_id='3130', plot_id='20596', x=-574020, y=2386920)
called process_plot
Pandas(Index=0, project_id='3130', plot_id='20596', x=-574020, y=2386920)
20596
Writing pickle: dev-nlcd-developer timesync/1984/audit/1984_20596_3130.p
Failed qa: 1984-04-10T17:09:39.074012Z
Failed qa: 1984-04-12T16:57:17.674022Z
..............Failed qa: 1984-05-14T16:57:54.6550060Z
Failed qa: 1984-05-21T17:04:17.8760440Z
Failed qa: 1984-05-28T17:10:27.156041Z
.......Failed qa: 1984-06-13T17:10:57.6910130Z
Failed qa: 1984-06-15T16:58:37.9230940Z
.......Failed qa: 1984-06-29T17:10:58.594534Z
Failed qa: 1984-07-01T16:58:38.115525Z
.......Failed qa: 1984-07-15T17:11:11.989072Z
Failed qa: 1984-07-17T16:58:54.740082Z
..............Failed qa: 1984-09-01T17:12:32.640076Z
Failed qa: 1984-09-03T17:00:11.565069Z
..............Failed qa: 1984-10-05T17:00:25.8230440Z
Failed qa: 1984-10-21T17:00:22.3360310Z
Failed qa: 1984-11-04T17:12:26.020063Z
Failed qa: 1984-11-06T17:00:15.4080310Z
..............Failed qa: 1984-11-22T17:00:00.342547Z
Writing pickle: dev-nlcd-developer timesync/1984/audit/1984_20596_3130_qa_rejects.p
Success tracking goes here
