{'project_id': '3130', 'year': '1984', 'x': -1145490, 'y': 1817550, 'plot_id': '20686', 'strata': '41'}
Pandas(Index=0, project_id='3130', plot_id='20686', x=-1145490, y=1817550)
called process_plot
Pandas(Index=0, project_id='3130', plot_id='20686', x=-1145490, y=1817550)
20686
Writing pickle: dev-nlcd-developer timesync/1984/audit/1984_20686_3130.p
..............Failed qa: 1984-04-15T17:29:11.7570190Z
Failed qa: 1984-04-17T17:17:02.142544Z
Failed qa: 1984-04-17T17:17:25.902035Z
Failed qa: 1984-05-01T17:29:33.9350880Z
Failed qa: 1984-05-01T17:29:45.779078Z
Failed qa: 1984-05-03T17:17:16.5510000Z
Failed qa: 1984-05-03T17:17:28.395000Z
..............Failed qa: 1984-05-19T17:17:35.892578Z
Failed qa: 1984-05-19T17:17:59.652063Z
..............Failed qa: 1984-06-02T17:30:05.9090690Z
Failed qa: 1984-06-02T17:30:53.4280000Z
Failed qa: 1984-06-04T17:17:58.579587Z
Failed qa: 1984-06-04T17:18:22.410082Z
..............Failed qa: 1984-06-18T17:30:34.526572Z
Failed qa: 1984-06-18T17:30:58.357065Z
Failed qa: 1984-06-20T17:18:14.554062Z
Failed qa: 1984-06-20T17:18:38.313065Z
..............Failed qa: 1984-07-04T17:30:45.716516Z
Failed qa: 1984-07-04T17:31:09.546553Z
Failed qa: 1984-07-06T17:18:25.202522Z
Failed qa: 1984-07-06T17:18:48.961522Z
..............Failed qa: 1984-07-20T17:31:07.209537Z
Failed qa: 1984-07-20T17:31:19.1960440Z
..............Failed qa: 1984-08-05T17:31:28.7650630Z
..............Failed qa: 1984-09-08T17:19:44.9860750Z
Failed qa: 1984-09-15T17:25:56.7530250Z
Failed qa: 1984-09-22T17:32:20.190560Z
Failed qa: 1984-09-22T17:32:32.1770750Z
..............Failed qa: 1984-10-24T17:32:15.012531Z
Failed qa: 1984-10-24T17:32:26.9990560Z
Failed qa: 1984-11-02T17:25:48.2810630Z
Failed qa: 1984-11-02T17:26:35.9440000Z
Failed qa: 1984-11-09T17:32:07.489013Z
Failed qa: 1984-11-09T17:32:19.4760130Z
..............Failed qa: 1984-11-27T17:19:45.398053Z
Failed qa: 1984-11-27T17:19:57.3140310Z
Writing pickle: dev-nlcd-developer timesync/1984/audit/1984_20686_3130_qa_rejects.p
Success tracking goes here
