{'project_id': '3130', 'year': '1984', 'x': 1504800, 'y': 2267580, 'plot_id': '17811', 'strata': '41'}
Pandas(Index=0, project_id='3130', plot_id='17811', x=1504800, y=2267580)
called process_plot
Pandas(Index=0, project_id='3130', plot_id='17811', x=1504800, y=2267580)
17811
Writing pickle: dev-nlcd-developer timesync/1984/audit/1984_17811_3130.p
Failed qa: 1984-03-24T15:10:29.906025Z
Failed qa: 1984-03-24T15:10:53.736054Z
..............Failed qa: 1984-05-07T15:12:48.548519Z
Failed qa: 1984-05-07T15:13:00.4640130Z
..............Failed qa: 1984-05-21T15:25:36.451563Z
Failed qa: 1984-05-21T15:25:48.3670500Z
Failed qa: 1984-05-23T15:13:29.9070250Z
Failed qa: 1984-05-23T15:13:41.893541Z
Failed qa: 1984-06-06T15:25:58.074038Z
Failed qa: 1984-06-06T15:26:09.9180250Z
Failed qa: 1984-06-08T15:13:38.662062Z
Failed qa: 1984-06-08T15:14:02.563585Z
..............Failed qa: 1984-06-22T15:26:13.404547Z
Failed qa: 1984-06-22T15:26:25.2480810Z
Failed qa: 1984-06-24T15:13:41.3770130Z
Failed qa: 1984-07-01T15:19:56.8700810Z
Failed qa: 1984-07-08T15:26:23.419557Z
Failed qa: 1984-07-08T15:26:35.2630880Z
Failed qa: 1984-07-10T15:14:02.782076Z
Failed qa: 1984-07-10T15:14:14.6260630Z
Failed qa: 1984-07-24T15:26:39.5090630Z
..............Failed qa: 1984-08-27T15:15:29.220028Z
Failed qa: 1984-08-27T15:15:53.050519Z
Failed qa: 1984-09-03T15:22:18.0870000Z
..............Failed qa: 1984-09-26T15:27:44.1650130Z
Failed qa: 1984-09-28T15:15:34.252519Z
Failed qa: 1984-09-28T15:15:46.1680000Z
..............Failed qa: 1984-10-12T15:27:42.3250880Z
Failed qa: 1984-10-14T15:15:32.115006Z
Failed qa: 1984-10-14T15:15:56.017010Z
Failed qa: 1984-10-21T15:22:16.8010310Z
Failed qa: 1984-10-28T15:27:49.086541Z
Failed qa: 1984-10-28T15:28:00.9310000Z
Failed qa: 1984-11-06T15:22:10.0120690Z
Failed qa: 1984-11-13T15:27:28.9760190Z
..............Failed qa: 1984-12-01T15:15:34.6620750Z
Failed qa: 1984-12-01T15:15:46.649537Z
Writing pickle: dev-nlcd-developer timesync/1984/audit/1984_17811_3130_qa_rejects.p
Success tracking goes here
