{'project_id': '3130', 'year': '1984', 'x': -2169420, 'y': 1752360, 'plot_id': '17786', 'strata': '41'}
Pandas(Index=0, project_id='3130', plot_id='17786', x=-2169420, y=1752360)
called process_plot
Pandas(Index=0, project_id='3130', plot_id='17786', x=-2169420, y=1752360)
17786
Writing pickle: dev-nlcd-developer timesync/1984/audit/1984_17786_3130.p
Failed qa: 1984-04-18T18:01:17.318538Z
Failed qa: 1984-04-25T18:07:02.9880250Z
Failed qa: 1984-05-02T18:13:27.526526Z
Failed qa: 1984-05-04T18:01:34.049544Z
.......Failed qa: 1984-05-18T18:13:59.181031Z
Failed qa: 1984-05-20T18:01:52.839066Z
.......Failed qa: 1984-06-03T18:14:22.424510Z
Failed qa: 1984-06-05T18:02:14.994053Z
.......Failed qa: 1984-06-21T18:02:30.654516Z
.......Failed qa: 1984-07-05T18:14:49.616519Z
Failed qa: 1984-07-07T18:02:40.941541Z
.......Failed qa: 1984-08-06T18:15:57.9730060Z
Failed qa: 1984-08-08T18:03:28.390066Z
Failed qa: 1984-09-07T18:16:09.7200060Z
.......Failed qa: 1984-09-23T18:16:23.530541Z
..............Failed qa: 1984-10-25T18:16:05.9550060Z
Failed qa: 1984-10-27T18:04:07.456062Z
Failed qa: 1984-11-12T18:04:23.2420630Z
.......Failed qa: 1984-11-28T18:04:00.790034Z
Writing pickle: dev-nlcd-developer timesync/1984/audit/1984_17786_3130_qa_rejects.p
Success tracking goes here
