{'project_id': '3130', 'year': '1984', 'x': -1518030, 'y': 1756980, 'plot_id': '24536', 'strata': '41'}
Pandas(Index=0, project_id='3130', plot_id='24536', x=-1518030, y=1756980)
called process_plot
Pandas(Index=0, project_id='3130', plot_id='24536', x=-1518030, y=1756980)
24536
Writing pickle: dev-nlcd-developer timesync/1984/audit/1984_24536_3130.p
Failed qa: 1984-03-23T17:49:02.2720750Z
..........................................Failed qa: 1984-05-01T17:29:57.694556Z
Failed qa: 1984-05-06T17:48:17.0510560Z
..............Failed qa: 1984-05-15T17:43:11.6400440Z
Failed qa: 1984-05-22T17:49:10.6480250Z
..............Failed qa: 1984-06-02T17:31:05.414510Z
Failed qa: 1984-06-07T17:49:31.7700500Z
..............Failed qa: 1984-06-18T17:30:58.357065Z
Failed qa: 1984-06-23T17:49:46.7160630Z
............................Failed qa: 1984-07-04T17:31:21.533509Z
Failed qa: 1984-07-20T17:31:43.026528Z
Failed qa: 1984-08-26T17:51:22.8500250Z
Failed qa: 1984-09-20T17:45:17.490047Z
Failed qa: 1984-09-20T17:44:53.6590940Z
Failed qa: 1984-09-22T17:32:56.008037Z
Failed qa: 1984-10-13T17:51:26.3980000Z
..............Failed qa: 1984-10-24T17:32:50.830040Z
Failed qa: 1984-11-09T17:32:19.4760130Z
Failed qa: 1984-11-23T17:44:40.0250880Z
Failed qa: 1984-11-23T17:44:40.0250880Z
Failed qa: 1984-11-30T17:50:52.3330440Z
Writing pickle: dev-nlcd-developer timesync/1984/audit/1984_24536_3130_qa_rejects.p
Success tracking goes here
