{'project_id': '3130', 'year': '1984', 'x': -1968420, 'y': 3097890, 'plot_id': '11311', 'strata': '41'}
Pandas(Index=0, project_id='3130', plot_id='11311', x=-1968420, y=3097890)
called process_plot
Pandas(Index=0, project_id='3130', plot_id='11311', x=-1968420, y=3097890)
11311
Writing pickle: dev-nlcd-developer timesync/1984/audit/1984_11311_3130.p
Failed qa: 1984-04-12T18:34:47.1780130Z
..............Failed qa: 1984-04-23T18:16:26.114041Z
Failed qa: 1984-04-28T18:34:44.8950810Z
..............Failed qa: 1984-05-14T18:35:12.3120750Z
..............Failed qa: 1984-05-21T18:41:35.4680630Z
..............Failed qa: 1984-05-25T18:17:22.1920630Z
Failed qa: 1984-05-30T18:35:49.663525Z
..............Failed qa: 1984-06-06T18:41:57.0950880Z
Failed qa: 1984-06-08T18:30:01.4690880Z
Failed qa: 1984-06-08T18:30:01.4690880Z
Failed qa: 1984-06-10T18:17:30.088531Z
Failed qa: 1984-06-15T18:36:07.572554Z
............................Failed qa: 1984-06-26T18:17:43.902054Z
..............Failed qa: 1984-07-08T18:42:22.3640380Z
..............Failed qa: 1984-07-17T18:36:36.305022Z
..............Failed qa: 1984-07-24T18:42:50.4420630Z
..............Failed qa: 1984-07-28T18:18:27.526019Z
Failed qa: 1984-08-02T18:37:10.415035Z
............................Failed qa: 1984-08-18T18:37:53.3180500Z
Failed qa: 1984-08-29T18:19:19.154029Z
Failed qa: 1984-09-03T18:38:05.0470060Z
..............Failed qa: 1984-09-14T18:19:22.742041Z
Failed qa: 1984-09-19T18:37:55.693560Z
..............Failed qa: 1984-09-30T18:19:23.251047Z
Failed qa: 1984-10-05T18:37:55.327525Z
..............Failed qa: 1984-10-16T18:19:08.7530380Z
Failed qa: 1984-10-21T18:37:51.699057Z
........................................................Writing pickle: dev-nlcd-developer timesync/1984/audit/1984_11311_3130_qa_rejects.p
Success tracking goes here
