{'project_id': '3130', 'year': '1984', 'x': -1611120, 'y': 2819520, 'plot_id': '20581', 'strata': '41'}
Pandas(Index=0, project_id='3130', plot_id='20581', x=-1611120, y=2819520)
called process_plot
Pandas(Index=0, project_id='3130', plot_id='20581', x=-1611120, y=2819520)
20581
Writing pickle: dev-nlcd-developer timesync/1984/audit/1984_20581_3130.p
Failed qa: 1984-04-16T18:10:40.002053Z
Failed qa: 1984-04-18T17:58:18.303034Z
.......Failed qa: 1984-04-27T17:52:17.4310880Z
Failed qa: 1984-05-02T18:10:52.3410560Z
Failed qa: 1984-05-04T17:58:11.0600750Z
Failed qa: 1984-05-13T17:52:42.3370440Z
Failed qa: 1984-05-18T18:11:24.0670380Z
Failed qa: 1984-05-20T17:58:53.895522Z
.......Failed qa: 1984-05-29T17:53:08.3850880Z
Failed qa: 1984-06-03T18:11:35.254063Z
Failed qa: 1984-06-05T17:59:27.9670440Z
.......Failed qa: 1984-06-14T17:53:26.5980810Z
Failed qa: 1984-06-19T18:11:51.594556Z
Failed qa: 1984-06-21T17:59:43.4850630Z
.......Failed qa: 1984-06-30T17:53:39.0850000Z
Failed qa: 1984-07-05T18:12:02.447079Z
.......Failed qa: 1984-07-16T17:53:54.1610880Z
..............Failed qa: 1984-08-06T18:12:47.0450440Z
..............Failed qa: 1984-08-24T18:00:56.7070130Z
............................Failed qa: 1984-10-25T18:13:18.9960560Z
..............Writing pickle: dev-nlcd-developer timesync/1984/audit/1984_20581_3130_qa_rejects.p
Success tracking goes here
