{'project_id': '3130', 'year': '1984', 'x': -1383000, 'y': 2863290, 'plot_id': '621', 'strata': '41'}
Pandas(Index=0, project_id='3130', plot_id='621', x=-1383000, y=2863290)
called process_plot
Pandas(Index=0, project_id='3130', plot_id='621', x=-1383000, y=2863290)
621
Writing pickle: dev-nlcd-developer timesync/1984/audit/1984_0621_3130.p
Failed qa: 1984-03-23T17:46:27.590544Z
Failed qa: 1984-04-11T17:51:31.3590750Z
..............Failed qa: 1984-04-25T18:04:03.971557Z
Failed qa: 1984-04-25T18:04:15.8870440Z
............................Failed qa: 1984-05-06T17:46:17.4690810Z
Failed qa: 1984-05-13T17:51:54.6760060Z
Failed qa: 1984-05-13T17:52:42.3370440Z
..............Failed qa: 1984-05-22T17:46:35.463534Z
Failed qa: 1984-05-27T18:05:03.4060810Z
Failed qa: 1984-05-27T18:05:03.4060810Z
Failed qa: 1984-05-29T17:52:20.7240940Z
Failed qa: 1984-05-29T17:53:08.3850880Z
Failed qa: 1984-06-05T17:59:27.9670440Z
Failed qa: 1984-06-07T17:46:44.6720130Z
Failed qa: 1984-06-12T18:05:10.475063Z
Failed qa: 1984-06-12T18:05:22.3900880Z
Failed qa: 1984-06-14T17:52:38.9380060Z
Failed qa: 1984-06-14T17:53:26.5980810Z
Failed qa: 1984-06-21T17:59:43.4850630Z
Failed qa: 1984-06-23T17:47:11.533554Z
Failed qa: 1984-06-28T18:05:23.655516Z
Failed qa: 1984-06-28T18:05:35.6420130Z
..............Failed qa: 1984-07-07T17:59:06.1120880Z
Failed qa: 1984-07-09T17:47:21.322031Z
Failed qa: 1984-07-14T18:05:35.525522Z
Failed qa: 1984-07-14T18:05:47.5120190Z
..............Failed qa: 1984-07-23T17:59:44.468072Z
Failed qa: 1984-07-23T18:00:08.298550Z
Failed qa: 1984-07-25T17:47:39.1030130Z
Failed qa: 1984-07-30T18:06:10.094022Z
Failed qa: 1984-07-30T18:06:22.0090310Z
..............Failed qa: 1984-08-08T18:00:17.463018Z
Failed qa: 1984-08-08T18:00:41.293041Z
Failed qa: 1984-08-10T17:48:11.6450500Z
Failed qa: 1984-08-15T18:06:41.706525Z
Failed qa: 1984-08-17T17:54:11.8440190Z
Failed qa: 1984-08-24T18:00:44.791550Z
Failed qa: 1984-08-24T18:00:56.7070130Z
Failed qa: 1984-08-26T17:48:47.810029Z
Failed qa: 1984-08-31T18:06:58.082022Z
Failed qa: 1984-09-02T17:54:25.2190000Z
Failed qa: 1984-09-16T18:07:01.238069Z
Failed qa: 1984-09-27T17:48:41.2800310Z
Failed qa: 1984-10-02T18:07:13.3640190Z
Failed qa: 1984-10-02T18:07:13.3640190Z
..............Failed qa: 1984-10-13T17:48:51.212532Z
Failed qa: 1984-10-18T18:07:10.4960060Z
Failed qa: 1984-10-18T18:07:10.4960060Z
Failed qa: 1984-10-27T18:00:32.6220440Z
Failed qa: 1984-10-27T18:01:20.2840000Z
Failed qa: 1984-11-03T18:07:04.0830000Z
Failed qa: 1984-11-03T18:07:04.0830000Z
..............Failed qa: 1984-11-21T17:54:14.0030630Z
Failed qa: 1984-11-30T17:48:29.0590310Z
Writing pickle: dev-nlcd-developer timesync/1984/audit/1984_0621_3130_qa_rejects.p
Success tracking goes here
