{'project_id': '3130', 'year': '1984', 'x': -215460, 'y': 2354880, 'plot_id': '4271', 'strata': '41'}
Pandas(Index=0, project_id='3130', plot_id='4271', x=-215460, y=2354880)
called process_plot
Pandas(Index=0, project_id='3130', plot_id='4271', x=-215460, y=2354880)
4271
Writing pickle: dev-nlcd-developer timesync/1984/audit/1984_4271_3130.p
...................................Failed qa: 1984-05-25T16:39:40.6880060Z
.......Failed qa: 1984-06-10T16:40:00.5650380Z
.......Failed qa: 1984-06-26T16:40:14.3610880Z
..............Failed qa: 1984-07-19T16:46:49.5090500Z
.......Failed qa: 1984-08-27T16:53:58.512538Z
Failed qa: 1984-08-29T16:41:37.565047Z
.......Failed qa: 1984-09-12T16:54:02.624554Z
.......Failed qa: 1984-09-28T16:53:51.5850880Z
Failed qa: 1984-10-07T16:48:04.0230000Z
.......Failed qa: 1984-11-01T16:41:45.2300750Z
.......Failed qa: 1984-11-22T16:59:48.2840560Z
.......Failed qa: 1984-12-01T16:54:04.0580310Z
Writing pickle: dev-nlcd-developer timesync/1984/audit/1984_4271_3130_qa_rejects.p
Success tracking goes here
