{'project_id': '3130', 'year': '1984', 'x': 88380, 'y': 1301400, 'plot_id': '16141', 'strata': '41'}
Pandas(Index=0, project_id='3130', plot_id='16141', x=88380, y=1301400)
called process_plot
Pandas(Index=0, project_id='3130', plot_id='16141', x=88380, y=1301400)
16141
Writing pickle: dev-nlcd-developer timesync/1984/audit/1984_16141_3130.p
Failed qa: 1984-04-09T16:28:58.3490060Z
Failed qa: 1984-04-11T16:16:48.894040Z
.......Failed qa: 1984-04-27T16:16:47.365565Z
Failed qa: 1984-05-13T16:17:00.1440380Z
.......Failed qa: 1984-05-27T16:29:33.178025Z
Failed qa: 1984-05-29T16:17:38.181566Z
Failed qa: 1984-06-12T16:29:52.180528Z
Failed qa: 1984-06-14T16:17:56.399516Z
.......Failed qa: 1984-06-28T16:30:05.399031Z
Failed qa: 1984-06-30T16:18:08.930537Z
.......Failed qa: 1984-07-14T16:30:17.155531Z
Failed qa: 1984-07-16T16:18:23.879562Z
.......Failed qa: 1984-08-31T16:31:39.854550Z
Failed qa: 1984-09-02T16:19:42.665562Z
.......Failed qa: 1984-09-18T16:19:45.448562Z
Failed qa: 1984-10-04T16:19:45.309565Z
.......Failed qa: 1984-10-18T16:31:40.356072Z
Failed qa: 1984-10-20T16:19:53.9080940Z
Failed qa: 1984-11-03T16:31:33.948019Z
Failed qa: 1984-11-05T16:19:35.326547Z
.......Failed qa: 1984-11-21T16:19:31.582566Z
.......Writing pickle: dev-nlcd-developer timesync/1984/audit/1984_16141_3130_qa_rejects.p
Success tracking goes here
