{'project_id': '3130', 'year': '1984', 'x': -1039980, 'y': 1994250, 'plot_id': '16181', 'strata': '41'}
Pandas(Index=0, project_id='3130', plot_id='16181', x=-1039980, y=1994250)
called process_plot
Pandas(Index=0, project_id='3130', plot_id='16181', x=-1039980, y=1994250)
16181
Writing pickle: dev-nlcd-developer timesync/1984/audit/1984_16181_3130.p
.......Failed qa: 1984-04-10T17:10:38.7930560Z
.......Failed qa: 1984-05-01T17:28:45.9890380Z
Failed qa: 1984-05-03T17:16:28.6040190Z
.......Failed qa: 1984-05-12T17:11:00.1940250Z
..............Failed qa: 1984-05-28T17:11:26.9460690Z
.......Failed qa: 1984-06-11T17:23:41.1620250Z
Failed qa: 1984-06-13T17:11:45.4940750Z
..............Failed qa: 1984-06-29T17:11:58.2420060Z
.......Failed qa: 1984-07-15T17:12:11.7080380Z
..............Failed qa: 1984-09-01T17:13:32.3590190Z
.....................Failed qa: 1984-11-04T17:13:25.7410190Z
.......Failed qa: 1984-11-27T17:19:21.423575Z
Writing pickle: dev-nlcd-developer timesync/1984/audit/1984_16181_3130_qa_rejects.p
Success tracking goes here
