{'project_id': '3130', 'year': '1984', 'x': -31830, 'y': 2866860, 'plot_id': '5011', 'strata': '41'}
Pandas(Index=0, project_id='3130', plot_id='5011', x=-31830, y=2866860)
called process_plot
Pandas(Index=0, project_id='3130', plot_id='5011', x=-31830, y=2866860)
5011
Writing pickle: dev-nlcd-developer timesync/1984/audit/1984_5011_3130.p
Failed qa: 1984-04-07T16:37:20.5870060Z
Failed qa: 1984-04-07T16:37:32.573522Z
..............Failed qa: 1984-04-21T16:49:43.1440190Z
Failed qa: 1984-04-21T16:49:55.059053Z
Failed qa: 1984-04-23T16:37:21.0980750Z
Failed qa: 1984-04-23T16:37:33.013559Z
Failed qa: 1984-05-07T16:49:54.4060060Z
Failed qa: 1984-05-07T16:50:06.321044Z
Failed qa: 1984-05-09T16:37:36.8190060Z
Failed qa: 1984-05-09T16:37:48.734044Z
Failed qa: 1984-05-14T16:56:19.0460880Z
..............Failed qa: 1984-05-23T16:50:23.8360380Z
Failed qa: 1984-05-23T16:50:35.751519Z
..............Failed qa: 1984-06-10T16:38:24.9580380Z
Failed qa: 1984-06-10T16:38:36.873056Z
Failed qa: 1984-06-15T16:57:02.4590690Z
..............Failed qa: 1984-06-24T16:51:22.9430440Z
Failed qa: 1984-07-01T16:57:14.4950500Z
..............Failed qa: 1984-07-10T16:51:08.5300940Z
Failed qa: 1984-07-10T16:51:08.5300940Z
Failed qa: 1984-07-17T16:57:31.1910880Z
..............Failed qa: 1984-07-26T16:51:39.8350940Z
Failed qa: 1984-07-26T16:51:51.750556Z
Failed qa: 1984-08-02T16:58:05.1590190Z
..............Failed qa: 1984-08-11T16:52:12.2340500Z
Failed qa: 1984-08-11T16:52:24.149060Z
..............Failed qa: 1984-08-18T16:58:36.2900630Z
Failed qa: 1984-08-27T16:52:34.9640060Z
Failed qa: 1984-08-27T16:52:46.879022Z
..............Failed qa: 1984-09-03T16:58:48.0160810Z
..............Failed qa: 1984-09-14T16:40:41.5780560Z
Failed qa: 1984-09-19T16:58:50.5820690Z
..............Failed qa: 1984-09-28T16:52:40.0940060Z
Failed qa: 1984-09-28T16:52:52.009038Z
Failed qa: 1984-09-30T16:40:42.1110750Z
Failed qa: 1984-10-05T16:58:50.2150630Z
............................Failed qa: 1984-10-30T16:52:32.2890810Z
Failed qa: 1984-10-30T16:52:44.204575Z
Failed qa: 1984-11-01T16:40:09.7630880Z
Failed qa: 1984-11-01T16:40:21.678591Z
Failed qa: 1984-11-06T16:58:39.7980310Z
Failed qa: 1984-11-08T16:46:40.9170630Z
Failed qa: 1984-11-22T16:58:36.7900310Z
..............Writing pickle: dev-nlcd-developer timesync/1984/audit/1984_5011_3130_qa_rejects.p
Success tracking goes here
