{'project_id': '3130', 'year': '1984', 'x': 0, 'y': 2516910, 'plot_id': '3511', 'strata': '41'}
Pandas(Index=0, project_id='3130', plot_id='3511', x=0, y=2516910)
called process_plot
Pandas(Index=0, project_id='3130', plot_id='3511', x=0, y=2516910)
3511
Writing pickle: dev-nlcd-developer timesync/1984/audit/1984_3511_3130.p
.......Failed qa: 1984-04-16T16:32:10.677551Z
Failed qa: 1984-04-25T16:25:46.6610000Z
Failed qa: 1984-05-18T16:32:42.663575Z
.......Failed qa: 1984-05-27T16:26:34.1640000Z
Failed qa: 1984-06-03T16:33:05.894541Z
Failed qa: 1984-06-12T16:27:04.939066Z
Failed qa: 1984-06-19T16:33:22.369025Z
.......Failed qa: 1984-06-28T16:27:18.158556Z
Failed qa: 1984-07-05T16:33:33.191047Z
Failed qa: 1984-07-14T16:27:18.1270940Z
.......Failed qa: 1984-08-31T16:29:04.6010190Z
Failed qa: 1984-09-07T16:35:17.2270190Z
Failed qa: 1984-10-09T16:34:54.1170130Z
.......Failed qa: 1984-11-03T16:28:46.773541Z
Failed qa: 1984-11-19T16:28:41.618566Z
Writing pickle: dev-nlcd-developer timesync/1984/audit/1984_3511_3130_qa_rejects.p
Success tracking goes here
