{'project_id': '3130', 'year': '1984', 'x': -424890, 'y': 2553660, 'plot_id': '18846', 'strata': '41'}
Pandas(Index=0, project_id='3130', plot_id='18846', x=-424890, y=2553660)
called process_plot
Pandas(Index=0, project_id='3130', plot_id='18846', x=-424890, y=2553660)
18846
Writing pickle: dev-nlcd-developer timesync/1984/audit/1984_18846_3130.p
Failed qa: 1984-04-12T16:57:05.6160190Z
Failed qa: 1984-04-21T16:50:42.792031Z
Failed qa: 1984-05-05T17:03:23.4270130Z
Failed qa: 1984-05-07T16:50:54.054031Z
.......Failed qa: 1984-05-23T16:51:35.3280130Z
.......Failed qa: 1984-06-08T16:51:44.125037Z
.......Failed qa: 1984-06-24T16:51:46.7730880Z
..............Failed qa: 1984-07-10T16:52:08.106544Z
.....................Failed qa: 1984-08-27T16:53:34.611022Z
..............Failed qa: 1984-09-12T16:53:38.723025Z
.......Failed qa: 1984-09-26T17:06:13.2430500Z
Failed qa: 1984-09-28T16:53:39.670059Z
Failed qa: 1984-10-30T16:53:43.7820750Z
..............Writing pickle: dev-nlcd-developer timesync/1984/audit/1984_18846_3130_qa_rejects.p
Success tracking goes here
