{'project_id': '3130', 'year': '1984', 'x': 945600, 'y': 1418940, 'plot_id': '16366', 'strata': '41'}
Pandas(Index=0, project_id='3130', plot_id='16366', x=945600, y=1418940)
called process_plot
Pandas(Index=0, project_id='3130', plot_id='16366', x=945600, y=1418940)
16366
Writing pickle: dev-nlcd-developer timesync/1984/audit/1984_16366_3130.p
..............Failed qa: 1984-04-17T15:39:32.4030810Z
.......Failed qa: 1984-05-01T15:51:40.138044Z
Failed qa: 1984-05-03T15:39:22.812044Z
Failed qa: 1984-05-19T15:39:54.119047Z
.......Failed qa: 1984-06-04T15:40:16.877532Z
.......Failed qa: 1984-06-18T15:52:40.9740630Z
Failed qa: 1984-06-20T15:40:32.848553Z
.......Failed qa: 1984-07-04T15:52:52.1990880Z
Failed qa: 1984-07-06T15:40:43.462560Z
..............Failed qa: 1984-09-06T15:54:24.6400190Z
Failed qa: 1984-09-08T15:42:15.265050Z
Failed qa: 1984-09-22T15:54:26.6100880Z
Failed qa: 1984-09-24T15:42:16.995059Z
.......Failed qa: 1984-10-10T15:42:15.611040Z
.......Failed qa: 1984-10-26T15:42:10.980047Z
Failed qa: 1984-11-09T15:54:25.828550Z
Failed qa: 1984-11-11T15:42:14.9420250Z
.......Failed qa: 1984-11-25T15:54:25.113072Z
Failed qa: 1984-11-27T15:42:03.739037Z
Writing pickle: dev-nlcd-developer timesync/1984/audit/1984_16366_3130_qa_rejects.p
Success tracking goes here
