{'project_id': '3130', 'year': '1984', 'x': -475830, 'y': 2804400, 'plot_id': '2776', 'strata': '41'}
Pandas(Index=0, project_id='3130', plot_id='2776', x=-475830, y=2804400)
called process_plot
Pandas(Index=0, project_id='3130', plot_id='2776', x=-475830, y=2804400)
2776
Writing pickle: dev-nlcd-developer timesync/1984/audit/1984_2776_3130.p
..............Failed qa: 1984-04-17T17:14:38.730034Z
Failed qa: 1984-04-19T17:02:05.0590500Z
Failed qa: 1984-05-03T17:14:53.1380630Z
..............Failed qa: 1984-05-19T17:15:12.552050Z
Failed qa: 1984-05-21T17:02:42.2680500Z
.......Failed qa: 1984-06-04T17:15:35.240072Z
.......Failed qa: 1984-06-20T17:15:51.286560Z
..............Failed qa: 1984-07-06T17:16:01.863556Z
..............Failed qa: 1984-07-22T17:16:26.606075Z
Failed qa: 1984-07-24T17:03:57.2430130Z
Failed qa: 1984-08-07T17:16:47.8050060Z
..............Failed qa: 1984-09-08T17:17:45.5490310Z
Failed qa: 1984-09-26T17:05:01.7510880Z
..........................................Failed qa: 1984-11-27T17:17:21.980538Z
Writing pickle: dev-nlcd-developer timesync/1984/audit/1984_2776_3130_qa_rejects.p
Success tracking goes here
