{'project_id': '3130', 'year': '1984', 'x': -1537200, 'y': 2733090, 'plot_id': '24946', 'strata': '41'}
Pandas(Index=0, project_id='3130', plot_id='24946', x=-1537200, y=2733090)
called process_plot
Pandas(Index=0, project_id='3130', plot_id='24946', x=-1537200, y=2733090)
24946
Writing pickle: dev-nlcd-developer timesync/1984/audit/1984_24946_3130.p
Failed qa: 1984-04-16T18:10:40.002053Z
.......Failed qa: 1984-04-25T18:04:27.802532Z
Failed qa: 1984-04-27T17:52:17.4310880Z
Failed qa: 1984-05-02T18:10:52.3410560Z
Failed qa: 1984-05-04T17:58:11.0600750Z
Failed qa: 1984-05-13T17:52:42.3370440Z
Failed qa: 1984-05-18T18:11:24.0670380Z
.......Failed qa: 1984-05-27T18:05:15.321556Z
Failed qa: 1984-05-29T17:53:08.3850880Z
Failed qa: 1984-06-03T18:11:35.254063Z
.......Failed qa: 1984-06-12T18:05:22.3900880Z
Failed qa: 1984-06-14T17:53:26.5980810Z
Failed qa: 1984-06-19T18:11:51.594556Z
.......Failed qa: 1984-06-28T18:05:47.557025Z
Failed qa: 1984-06-30T17:53:39.0850000Z
Failed qa: 1984-07-05T18:12:02.447079Z
Failed qa: 1984-07-14T18:05:59.427035Z
Failed qa: 1984-07-16T17:53:54.1610880Z
.......Failed qa: 1984-07-30T18:06:22.0090310Z
Failed qa: 1984-08-06T18:12:47.0450440Z
.......Failed qa: 1984-08-15T18:06:53.6930250Z
Failed qa: 1984-08-24T18:00:56.7070130Z
Failed qa: 1984-08-31T18:07:09.9970380Z
Failed qa: 1984-09-16T18:07:13.1530940Z
Failed qa: 1984-10-02T18:07:25.279053Z
Failed qa: 1984-10-18T18:07:22.411044Z
Failed qa: 1984-10-25T18:13:18.9960560Z
.......Failed qa: 1984-11-03T18:07:04.0830000Z
Writing pickle: dev-nlcd-developer timesync/1984/audit/1984_24946_3130_qa_rejects.p
Success tracking goes here
