{'project_id': '3130', 'year': '1984', 'x': 49500, 'y': 1106430, 'plot_id': '3161', 'strata': '41'}
Pandas(Index=0, project_id='3130', plot_id='3161', x=49500, y=1106430)
called process_plot
Pandas(Index=0, project_id='3130', plot_id='3161', x=49500, y=1106430)
3161
Writing pickle: dev-nlcd-developer timesync/1984/audit/1984_3161_3130.p
Failed qa: 1984-04-09T16:29:10.335525Z
Failed qa: 1984-04-11T16:17:00.809525Z
.......Failed qa: 1984-04-27T16:16:59.281053Z
Failed qa: 1984-05-13T16:17:00.1440380Z
.......Failed qa: 1984-05-27T16:29:57.079562Z
Failed qa: 1984-05-29T16:17:50.097047Z
Failed qa: 1984-06-12T16:30:16.082506Z
Failed qa: 1984-06-14T16:18:08.314540Z
.......Failed qa: 1984-06-28T16:30:29.300547Z
Failed qa: 1984-06-30T16:18:20.845559Z
.......Failed qa: 1984-07-14T16:30:41.057500Z
Failed qa: 1984-07-16T16:18:23.879562Z
Failed qa: 1984-08-08T16:25:11.0570810Z
Failed qa: 1984-08-31T16:32:03.756062Z
Failed qa: 1984-09-02T16:19:54.580575Z
.......Failed qa: 1984-09-18T16:19:45.448562Z
Failed qa: 1984-10-04T16:19:57.225047Z
.......Failed qa: 1984-10-18T16:32:04.258538Z
Failed qa: 1984-10-20T16:20:05.823584Z
Failed qa: 1984-11-03T16:31:57.850510Z
Failed qa: 1984-11-05T16:19:47.242063Z
.......Failed qa: 1984-11-21T16:19:43.498541Z
.......Writing pickle: dev-nlcd-developer timesync/1984/audit/1984_3161_3130_qa_rejects.p
Success tracking goes here
