{'project_id': '3130', 'year': '1984', 'x': 1481190, 'y': 1865070, 'plot_id': '8611', 'strata': '41'}
Pandas(Index=0, project_id='3130', plot_id='8611', x=1481190, y=1865070)
called process_plot
Pandas(Index=0, project_id='3130', plot_id='8611', x=1481190, y=1865070)
8611
Writing pickle: dev-nlcd-developer timesync/1984/audit/1984_8611_3130.p
Failed qa: 1984-03-24T15:11:41.396563Z
Failed qa: 1984-04-10T15:31:57.607031Z
..............Failed qa: 1984-04-19T15:25:59.2110810Z
Failed qa: 1984-05-07T15:14:12.0990500Z
Failed qa: 1984-05-12T15:32:18.874059Z
..............Failed qa: 1984-05-21T15:26:24.327066Z
Failed qa: 1984-05-23T15:14:17.7110130Z
Failed qa: 1984-06-06T15:26:46.020518Z
Failed qa: 1984-06-08T15:14:50.367078Z
Failed qa: 1984-06-13T15:33:04.186563Z
..............Failed qa: 1984-06-22T15:27:01.208500Z
Failed qa: 1984-06-24T15:15:16.6980560Z
Failed qa: 1984-06-29T15:33:17.029547Z
Failed qa: 1984-07-01T15:21:32.3350130Z
Failed qa: 1984-07-01T15:21:32.3350130Z
Failed qa: 1984-07-08T15:27:11.365566Z
Failed qa: 1984-07-15T15:33:30.353553Z
..............Failed qa: 1984-08-25T15:28:37.910500Z
Failed qa: 1984-08-27T15:16:40.854013Z
............................Failed qa: 1984-09-26T15:28:31.8260380Z
..............Failed qa: 1984-10-12T15:28:42.117528Z
Failed qa: 1984-10-14T15:16:43.749094Z
Failed qa: 1984-10-19T15:34:51.126534Z
..............Failed qa: 1984-10-28T15:28:36.891038Z
..............Failed qa: 1984-11-13T15:28:40.6120810Z
Failed qa: 1984-11-20T15:34:40.130562Z
..............Failed qa: 1984-12-01T15:16:34.455528Z
Writing pickle: dev-nlcd-developer timesync/1984/audit/1984_8611_3130_qa_rejects.p
Success tracking goes here
