{'project_id': '3130', 'year': '1984', 'x': -154950, 'y': 1903800, 'plot_id': '12196', 'strata': '41'}
Pandas(Index=0, project_id='3130', plot_id='12196', x=-154950, y=1903800)
called process_plot
Pandas(Index=0, project_id='3130', plot_id='12196', x=-154950, y=1903800)
12196
Writing pickle: dev-nlcd-developer timesync/1984/audit/1984_12196_3130.p
Failed qa: 1984-05-18T16:34:18.343047Z
Failed qa: 1984-05-25T16:40:52.4650380Z
Failed qa: 1984-06-03T16:34:41.572591Z
.......Failed qa: 1984-06-12T16:28:40.617562Z
Failed qa: 1984-06-19T16:34:58.047500Z
.......Failed qa: 1984-06-28T16:28:53.836560Z
Failed qa: 1984-07-05T16:35:08.868594Z
Failed qa: 1984-07-14T16:29:05.593047Z
.......Failed qa: 1984-08-31T16:30:28.363553Z
.......Failed qa: 1984-09-23T16:36:42.812566Z
Failed qa: 1984-10-09T16:36:29.7250250Z
.......Failed qa: 1984-11-03T16:30:22.454084Z
Failed qa: 1984-11-10T16:36:29.534069Z
Failed qa: 1984-11-19T16:30:17.301028Z
Failed qa: 1984-11-26T16:36:29.459554Z
Writing pickle: dev-nlcd-developer timesync/1984/audit/1984_12196_3130_qa_rejects.p
Success tracking goes here
