{'project_id': '3130', 'year': '1984', 'x': -758580, 'y': 2876370, 'plot_id': '19161', 'strata': '41'}
Pandas(Index=0, project_id='3130', plot_id='19161', x=-758580, y=2876370)
called process_plot
Pandas(Index=0, project_id='3130', plot_id='19161', x=-758580, y=2876370)
19161
Writing pickle: dev-nlcd-developer timesync/1984/audit/1984_19161_3130.p
Failed qa: 1984-04-17T17:14:26.8150000Z
.....................Failed qa: 1984-05-19T17:15:00.5650810Z
.......Failed qa: 1984-06-02T17:27:42.4980630Z
Failed qa: 1984-06-04T17:15:23.3250500Z
Failed qa: 1984-06-18T17:27:59.2730060Z
Failed qa: 1984-06-20T17:15:39.3710880Z
.......Failed qa: 1984-07-04T17:28:10.4620630Z
Failed qa: 1984-07-06T17:15:49.9480940Z
.......Failed qa: 1984-07-20T17:28:31.9560130Z
Failed qa: 1984-07-22T17:16:14.6910630Z
.......Failed qa: 1984-08-05T17:29:05.4980440Z
Failed qa: 1984-08-07T17:16:47.8050060Z
.......Failed qa: 1984-08-21T17:29:35.8630750Z
.....................Failed qa: 1984-10-08T17:29:43.9430630Z
..............Failed qa: 1984-11-27T17:17:10.0650060Z
Writing pickle: dev-nlcd-developer timesync/1984/audit/1984_19161_3130_qa_rejects.p
Success tracking goes here
