{'project_id': '3130', 'year': '1984', 'x': -313140, 'y': 1184070, 'plot_id': '18001', 'strata': '41'}
Pandas(Index=0, project_id='3130', plot_id='18001', x=-313140, y=1184070)
called process_plot
Pandas(Index=0, project_id='3130', plot_id='18001', x=-313140, y=1184070)
18001
Writing pickle: dev-nlcd-developer timesync/1984/audit/1984_18001_3130.p
..............Failed qa: 1984-04-09T16:29:22.251010Z
Failed qa: 1984-04-14T16:47:43.410047Z
Failed qa: 1984-05-16T16:48:23.8860750Z
..............Failed qa: 1984-05-25T16:42:03.9570190Z
Failed qa: 1984-05-25T16:42:03.9570190Z
Failed qa: 1984-05-27T16:30:08.995038Z
Failed qa: 1984-06-01T16:48:48.1430000Z
..............Failed qa: 1984-06-10T16:42:23.6900310Z
Failed qa: 1984-06-10T16:42:23.6900310Z
Failed qa: 1984-06-12T16:30:16.082506Z
Failed qa: 1984-06-17T16:48:53.325553Z
............................Failed qa: 1984-06-28T16:30:41.215566Z
Failed qa: 1984-07-03T16:48:52.9250190Z
Failed qa: 1984-07-14T16:30:51.973532Z
Failed qa: 1984-07-19T16:49:12.7770250Z
Failed qa: 1984-08-29T16:44:12.7470880Z
Failed qa: 1984-08-29T16:44:12.7470880Z
Failed qa: 1984-08-31T16:32:15.671528Z
........................................................Failed qa: 1984-10-18T16:32:16.173572Z
..............Failed qa: 1984-11-03T16:32:09.766016Z
Failed qa: 1984-11-08T16:50:27.670041Z
..............Writing pickle: dev-nlcd-developer timesync/1984/audit/1984_18001_3130_qa_rejects.p
Success tracking goes here
