{'project_id': '3130', 'year': '1984', 'x': -1229880, 'y': 2604900, 'plot_id': '6916', 'strata': '41'}
Pandas(Index=0, project_id='3130', plot_id='6916', x=-1229880, y=2604900)
called process_plot
Pandas(Index=0, project_id='3130', plot_id='6916', x=-1229880, y=2604900)
6916
Writing pickle: dev-nlcd-developer timesync/1984/audit/1984_6916_3130.p
Failed qa: 1984-03-23T17:46:51.349069Z
Failed qa: 1984-04-06T17:34:09.2670000Z
Failed qa: 1984-04-27T17:52:17.4310880Z
.......Failed qa: 1984-05-06T17:46:17.4690810Z
Failed qa: 1984-05-13T17:52:42.3370440Z
.......Failed qa: 1984-05-22T17:46:47.378566Z
Failed qa: 1984-05-29T17:53:08.3850880Z
.......Failed qa: 1984-06-07T17:47:32.3330060Z
Failed qa: 1984-06-14T17:53:26.5980810Z
Failed qa: 1984-06-23T17:47:35.364037Z
Failed qa: 1984-06-30T17:53:39.0850000Z
.......Failed qa: 1984-07-09T17:47:33.166013Z
Failed qa: 1984-07-16T17:53:54.1610880Z
.......Failed qa: 1984-07-25T17:47:39.1030130Z
Failed qa: 1984-08-26T17:49:11.640062Z
Failed qa: 1984-10-13T17:49:15.043057Z
.......Failed qa: 1984-11-23T17:43:04.2710440Z
Failed qa: 1984-11-30T17:48:29.0590310Z
Writing pickle: dev-nlcd-developer timesync/1984/audit/1984_6916_3130_qa_rejects.p
Success tracking goes here
