{'project_id': '3130', 'year': '1984', 'x': 1041870, 'y': 1701150, 'plot_id': '4626', 'strata': '41'}
Pandas(Index=0, project_id='3130', plot_id='4626', x=1041870, y=1701150)
called process_plot
Pandas(Index=0, project_id='3130', plot_id='4626', x=1041870, y=1701150)
4626
Writing pickle: dev-nlcd-developer timesync/1984/audit/1984_4626_3130.p
.......Failed qa: 1984-03-27T15:33:29.568044Z
Failed qa: 1984-04-10T15:32:21.437547Z
.......Failed qa: 1984-05-12T15:32:30.7890940Z
.....................Failed qa: 1984-06-13T15:33:27.946028Z
..............Failed qa: 1984-06-29T15:33:29.0160500Z
Failed qa: 1984-07-06T15:39:43.9580440Z
.......Failed qa: 1984-07-15T15:33:54.184034Z
.......Failed qa: 1984-09-01T15:35:14.980065Z
.......Failed qa: 1984-09-17T15:35:17.998084Z
..............Failed qa: 1984-10-03T15:35:18.039016Z
.......Failed qa: 1984-10-19T15:35:14.886031Z
.......Failed qa: 1984-11-20T15:35:03.890565Z
.......Writing pickle: dev-nlcd-developer timesync/1984/audit/1984_4626_3130_qa_rejects.p
Success tracking goes here
