{'project_id': '3130', 'year': '1984', 'x': -679620, 'y': 2819340, 'plot_id': '1506', 'strata': '41'}
Pandas(Index=0, project_id='3130', plot_id='1506', x=-679620, y=2819340)
called process_plot
Pandas(Index=0, project_id='3130', plot_id='1506', x=-679620, y=2819340)
1506
Writing pickle: dev-nlcd-developer timesync/1984/audit/1984_1506_3130.p
Failed qa: 1984-03-15T17:21:27.8060500Z
Failed qa: 1984-03-22T17:06:07.2410000Z
Failed qa: 1984-04-10T17:08:27.439040Z
..............Failed qa: 1984-05-01T17:26:46.6930750Z
..............Failed qa: 1984-05-12T17:09:00.7550060Z
..............Failed qa: 1984-05-28T17:09:15.521566Z
Failed qa: 1984-06-02T17:27:42.4980630Z
.......Failed qa: 1984-06-11T17:22:05.6970880Z
Failed qa: 1984-06-13T17:09:34.141547Z
Failed qa: 1984-06-18T17:27:59.2730060Z
..............Failed qa: 1984-06-29T17:09:46.960572Z
Failed qa: 1984-07-04T17:28:10.4620630Z
..............Failed qa: 1984-07-15T17:10:00.355544Z
..............Failed qa: 1984-08-07T17:16:47.8050060Z
..............Failed qa: 1984-09-01T17:11:33.0640880Z
.....................Failed qa: 1984-10-03T17:11:24.091572Z
Failed qa: 1984-10-17T17:23:55.1110500Z
Failed qa: 1984-10-19T17:11:32.8290880Z
.......Failed qa: 1984-11-04T17:11:26.3000130Z
..............Writing pickle: dev-nlcd-developer timesync/1984/audit/1984_1506_3130_qa_rejects.p
Success tracking goes here
