{'project_id': '3130', 'year': '1984', 'x': -480210, 'y': 2867640, 'plot_id': '9241', 'strata': '41'}
Pandas(Index=0, project_id='3130', plot_id='9241', x=-480210, y=2867640)
called process_plot
Pandas(Index=0, project_id='3130', plot_id='9241', x=-480210, y=2867640)
9241
Writing pickle: dev-nlcd-developer timesync/1984/audit/1984_9241_3130.p
Failed qa: 1984-03-22T17:06:07.2410000Z
..............Failed qa: 1984-04-17T17:14:26.8150000Z
Failed qa: 1984-04-17T17:14:38.730034Z
..............Failed qa: 1984-04-24T17:20:36.6290380Z
Failed qa: 1984-05-03T17:14:53.1380630Z
..............Failed qa: 1984-05-10T17:20:54.5780560Z
..............Failed qa: 1984-05-19T17:15:00.5650810Z
Failed qa: 1984-05-19T17:15:12.552050Z
..............Failed qa: 1984-05-26T17:21:22.4770690Z
..............Failed qa: 1984-06-04T17:15:23.3250500Z
Failed qa: 1984-06-04T17:15:35.240072Z
..............Failed qa: 1984-06-20T17:15:39.3710880Z
Failed qa: 1984-06-20T17:15:51.286560Z
..............Failed qa: 1984-06-27T17:21:55.3340500Z
..............Failed qa: 1984-07-06T17:15:49.9480940Z
Failed qa: 1984-07-06T17:16:01.863556Z
..............Failed qa: 1984-07-13T17:22:05.5300310Z
..............Failed qa: 1984-07-22T17:16:14.6910630Z
Failed qa: 1984-07-22T17:16:26.606075Z
..............Failed qa: 1984-07-29T17:22:40.2760130Z
Failed qa: 1984-08-07T17:16:47.8050060Z
Failed qa: 1984-08-07T17:16:47.8050060Z
..............Failed qa: 1984-09-01T17:11:33.0640880Z
Failed qa: 1984-09-08T17:17:45.5490310Z
Failed qa: 1984-09-15T17:23:33.4840810Z
..............Failed qa: 1984-10-01T17:23:33.9770940Z
..............Failed qa: 1984-10-19T17:11:32.8290880Z
..............Failed qa: 1984-11-02T17:23:25.0090690Z
Failed qa: 1984-11-04T17:11:26.3000130Z
..............Failed qa: 1984-11-18T17:23:19.1400500Z
..............Failed qa: 1984-11-27T17:17:10.0650060Z
Failed qa: 1984-11-27T17:17:21.980538Z
Writing pickle: dev-nlcd-developer timesync/1984/audit/1984_9241_3130_qa_rejects.p
Success tracking goes here
