{'project_id': '3130', 'year': '1984', 'x': 1797990, 'y': 2565720, 'plot_id': '23611', 'strata': '41'}
Pandas(Index=0, project_id='3130', plot_id='23611', x=1797990, y=2565720)
called process_plot
Pandas(Index=0, project_id='3130', plot_id='23611', x=1797990, y=2565720)
23611
Writing pickle: dev-nlcd-developer timesync/1984/audit/1984_23611_3130.p
..............Failed qa: 1984-05-02T14:53:41.519006Z
Failed qa: 1984-05-02T14:54:05.492040Z
..............Failed qa: 1984-05-18T14:54:01.2510690Z
..............Failed qa: 1984-06-03T14:54:36.570541Z
Failed qa: 1984-06-03T14:55:00.472072Z
............................Failed qa: 1984-06-19T14:54:53.000044Z
Failed qa: 1984-06-19T14:55:16.902015Z
............................Failed qa: 1984-07-21T14:55:14.7690810Z
..............Failed qa: 1984-08-04T15:07:42.0720500Z
Failed qa: 1984-08-13T15:01:48.7960750Z
......................................................................Failed qa: 1984-09-23T14:56:37.909044Z
Failed qa: 1984-09-23T14:57:01.811034Z
............................Failed qa: 1984-10-09T14:56:48.8660560Z
Failed qa: 1984-10-09T14:57:00.710060Z
..............Failed qa: 1984-10-25T14:56:32.370541Z
Failed qa: 1984-10-25T14:56:56.272563Z
............................Failed qa: 1984-11-10T14:57:00.3470130Z
Failed qa: 1984-11-17T15:02:21.4710750Z
Failed qa: 1984-11-17T15:02:33.529550Z
..............Failed qa: 1984-11-26T14:56:24.553519Z
Failed qa: 1984-11-26T14:56:48.456516Z
Writing pickle: dev-nlcd-developer timesync/1984/audit/1984_23611_3130_qa_rejects.p
Success tracking goes here
