{'project_id': '3130', 'year': '1984', 'x': 435180, 'y': 2239440, 'plot_id': '21941', 'strata': '41'}
Pandas(Index=0, project_id='3130', plot_id='21941', x=435180, y=2239440)
called process_plot
Pandas(Index=0, project_id='3130', plot_id='21941', x=435180, y=2239440)
21941
Writing pickle: dev-nlcd-developer timesync/1984/audit/1984_21941_3130.p
............................Failed qa: 1984-04-18T16:20:36.793081Z
Failed qa: 1984-04-20T16:08:14.959091Z
Failed qa: 1984-04-20T16:08:14.959091Z
..............Failed qa: 1984-04-29T16:02:01.377050Z
Failed qa: 1984-05-04T16:20:29.4700630Z
Failed qa: 1984-05-06T16:08:23.990572Z
Failed qa: 1984-05-06T16:08:23.990572Z
..............Failed qa: 1984-05-20T16:21:12.260072Z
..............Failed qa: 1984-06-07T16:09:26.8710440Z
Failed qa: 1984-06-07T16:09:26.8710440Z
..............Failed qa: 1984-06-16T16:03:25.2510940Z
Failed qa: 1984-06-21T16:21:50.129537Z
..............Failed qa: 1984-07-07T16:22:00.424047Z
Failed qa: 1984-07-09T16:09:39.759525Z
Failed qa: 1984-07-09T16:09:39.759525Z
..............Failed qa: 1984-08-08T16:22:59.705079Z
..............Failed qa: 1984-09-04T16:04:58.302538Z
..........................................Failed qa: 1984-10-06T16:05:00.167063Z
..............Failed qa: 1984-10-22T16:04:56.397547Z
Failed qa: 1984-10-29T16:11:04.470062Z
Failed qa: 1984-10-29T16:11:04.470062Z
Failed qa: 1984-11-05T16:17:23.9690940Z
Failed qa: 1984-11-05T16:17:23.9690940Z
Failed qa: 1984-11-07T16:05:01.1380810Z
Failed qa: 1984-11-12T16:23:18.828556Z
..............Failed qa: 1984-11-23T16:04:47.031051Z
Failed qa: 1984-11-28T16:23:20.279519Z
Writing pickle: dev-nlcd-developer timesync/1984/audit/1984_21941_3130_qa_rejects.p
Success tracking goes here
