{'project_id': '3130', 'year': '1984', 'x': 1464390, 'y': 1730400, 'plot_id': '17406', 'strata': '41'}
Pandas(Index=0, project_id='3130', plot_id='17406', x=1464390, y=1730400)
called process_plot
Pandas(Index=0, project_id='3130', plot_id='17406', x=1464390, y=1730400)
17406
Writing pickle: dev-nlcd-developer timesync/1984/audit/1984_17406_3130.p
.......Failed qa: 1984-04-19T15:26:11.055081Z
Failed qa: 1984-05-05T15:26:29.5250190Z
.......Failed qa: 1984-05-21T15:26:48.158041Z
Failed qa: 1984-06-06T15:27:09.851022Z
.......Failed qa: 1984-06-22T15:27:25.038534Z
.......Failed qa: 1984-07-08T15:27:35.196057Z
Failed qa: 1984-08-18T15:22:53.995540Z
Failed qa: 1984-08-25T15:29:01.740532Z
..............Failed qa: 1984-09-26T15:29:19.4870750Z
.......Failed qa: 1984-10-12T15:29:05.877025Z
.......Failed qa: 1984-10-28T15:29:00.722025Z
.......Failed qa: 1984-11-13T15:28:52.456563Z
.......Writing pickle: dev-nlcd-developer timesync/1984/audit/1984_17406_3130_qa_rejects.p
Success tracking goes here
