{'project_id': '3130', 'year': '1984', 'x': 1789350, 'y': 2363730, 'plot_id': '10471', 'strata': '41'}
Pandas(Index=0, project_id='3130', plot_id='10471', x=1789350, y=2363730)
called process_plot
Pandas(Index=0, project_id='3130', plot_id='10471', x=1789350, y=2363730)
10471
Writing pickle: dev-nlcd-developer timesync/1984/audit/1984_10471_3130.p
Failed qa: 1984-05-02T14:54:17.407522Z
.......Failed qa: 1984-06-03T14:55:12.459032Z
Failed qa: 1984-06-10T15:01:19.139066Z
.......Failed qa: 1984-06-19T14:55:28.888522Z
.......Failed qa: 1984-07-05T14:56:03.6500310Z
Failed qa: 1984-07-28T15:02:16.521044Z
.....................Failed qa: 1984-09-23T14:57:13.797547Z
Failed qa: 1984-09-30T15:03:12.519072Z
.......Failed qa: 1984-10-09T14:57:12.697034Z
Failed qa: 1984-10-16T15:03:09.953060Z
Failed qa: 1984-10-25T14:57:08.188063Z
Failed qa: 1984-11-01T15:03:04.016047Z
.......Failed qa: 1984-11-10T14:57:12.334007Z
Failed qa: 1984-11-17T15:02:57.432047Z
.......Failed qa: 1984-11-26T14:57:00.443535Z
Writing pickle: dev-nlcd-developer timesync/1984/audit/1984_10471_3130_qa_rejects.p
Success tracking goes here
