{'project_id': '3130', 'year': '1984', 'x': 857580, 'y': 1904040, 'plot_id': '15431', 'strata': '41'}
Pandas(Index=0, project_id='3130', plot_id='15431', x=857580, y=1904040)
called process_plot
Pandas(Index=0, project_id='3130', plot_id='15431', x=857580, y=1904040)
15431
Writing pickle: dev-nlcd-developer timesync/1984/audit/1984_15431_3130.p
Failed qa: 1984-03-15T15:44:57.9920130Z
Failed qa: 1984-04-06T15:56:39.831550Z
.......Failed qa: 1984-05-08T15:56:54.288050Z
Failed qa: 1984-05-24T15:57:35.1730440Z
Failed qa: 1984-06-11T15:45:35.8000130Z
.......Failed qa: 1984-06-27T15:45:49.3690000Z
Failed qa: 1984-07-11T15:58:18.8810000Z
Failed qa: 1984-07-29T15:46:34.3190750Z
Failed qa: 1984-08-28T15:59:33.146550Z
.......Failed qa: 1984-09-13T15:59:37.045510Z
Failed qa: 1984-09-22T15:53:39.0920500Z
Failed qa: 1984-09-29T15:59:37.821525Z
Failed qa: 1984-10-01T15:47:28.0260560Z
.......Failed qa: 1984-10-31T15:59:29.735082Z
.......Writing pickle: dev-nlcd-developer timesync/1984/audit/1984_15431_3130_qa_rejects.p
Success tracking goes here
