{'project_id': '3130', 'year': '1984', 'x': -2115270, 'y': 2303550, 'plot_id': '19746', 'strata': '41'}
Pandas(Index=0, project_id='3130', plot_id='19746', x=-2115270, y=2303550)
called process_plot
Pandas(Index=0, project_id='3130', plot_id='19746', x=-2115270, y=2303550)
19746
Writing pickle: dev-nlcd-developer timesync/1984/audit/1984_19746_3130.p
Failed qa: 1984-04-14T18:24:37.101031Z
..............Failed qa: 1984-04-25T18:06:03.339547Z
..............Failed qa: 1984-05-11T18:06:23.773569Z
Failed qa: 1984-05-16T18:25:05.693528Z
..............Failed qa: 1984-05-25T18:19:21.6300880Z
Failed qa: 1984-05-25T18:19:21.6300880Z
Failed qa: 1984-05-27T18:07:02.8440750Z
Failed qa: 1984-06-01T18:25:17.9990190Z
............................Failed qa: 1984-06-12T18:07:09.841547Z
Failed qa: 1984-06-17T18:25:47.110535Z
..............Failed qa: 1984-06-28T18:07:23.020556Z
Failed qa: 1984-07-03T18:25:58.562528Z
..............Failed qa: 1984-07-14T18:07:46.9490060Z
Failed qa: 1984-07-19T18:26:18.524044Z
..............Failed qa: 1984-08-04T18:26:52.087588Z
............................Failed qa: 1984-09-16T18:09:00.604550Z
Failed qa: 1984-09-21T18:27:33.566575Z
..............Failed qa: 1984-10-02T18:09:00.816044Z
Failed qa: 1984-10-18T18:08:57.948044Z
Failed qa: 1984-10-23T18:27:28.692053Z
............................Failed qa: 1984-11-19T18:08:46.453575Z
Writing pickle: dev-nlcd-developer timesync/1984/audit/1984_19746_3130_qa_rejects.p
Success tracking goes here
