{'project_id': '3130', 'year': '1984', 'x': 294840, 'y': 1215120, 'plot_id': '24846', 'strata': '41'}
Pandas(Index=0, project_id='3130', plot_id='24846', x=294840, y=1215120)
called process_plot
Pandas(Index=0, project_id='3130', plot_id='24846', x=294840, y=1215120)
24846
Writing pickle: dev-nlcd-developer timesync/1984/audit/1984_24846_3130.p
..............Failed qa: 1984-04-13T16:05:03.2880380Z
................................................................................................................Failed qa: 1984-06-16T16:05:36.604056Z
Failed qa: 1984-06-16T16:05:48.590563Z
......................................................................Failed qa: 1984-09-02T16:19:30.7500940Z
Failed qa: 1984-09-04T16:07:21.642031Z
Failed qa: 1984-09-04T16:07:33.557050Z
..............Failed qa: 1984-09-18T16:19:21.546569Z
Failed qa: 1984-09-18T16:19:33.4620440Z
Failed qa: 1984-10-04T16:19:21.479047Z
Failed qa: 1984-10-04T16:19:45.309565Z
Failed qa: 1984-10-06T16:07:59.2540630Z
..............Failed qa: 1984-10-20T16:19:53.9080940Z
............................Failed qa: 1984-11-07T16:07:12.638056Z
Failed qa: 1984-11-07T16:07:24.553566Z
..............Failed qa: 1984-11-23T16:07:10.377034Z
Failed qa: 1984-11-23T16:07:22.292566Z
..............Writing pickle: dev-nlcd-developer timesync/1984/audit/1984_24846_3130_qa_rejects.p
Success tracking goes here
