{'project_id': '3130', 'year': '1984', 'x': -521460, 'y': 2507100, 'plot_id': '19351', 'strata': '41'}
Pandas(Index=0, project_id='3130', plot_id='19351', x=-521460, y=2507100)
called process_plot
Pandas(Index=0, project_id='3130', plot_id='19351', x=-521460, y=2507100)
19351
Writing pickle: dev-nlcd-developer timesync/1984/audit/1984_19351_3130.p
.......Failed qa: 1984-04-10T17:09:15.100525Z
Failed qa: 1984-04-12T16:57:05.6160190Z
.......Failed qa: 1984-05-12T17:09:48.4160560Z
Failed qa: 1984-05-14T16:57:06.7080250Z
Failed qa: 1984-05-28T17:10:15.1690810Z
.......Failed qa: 1984-06-13T17:10:09.8870630Z
.......Failed qa: 1984-06-29T17:10:34.693022Z
Failed qa: 1984-07-01T16:58:14.213556Z
.......Failed qa: 1984-07-15T17:10:48.016062Z
Failed qa: 1984-07-17T16:58:30.767075Z
..............Failed qa: 1984-09-01T17:12:08.738553Z
Failed qa: 1984-09-03T16:59:47.663553Z
.......Failed qa: 1984-09-19T16:59:38.3860250Z
.......Failed qa: 1984-11-04T17:12:02.046531Z
.......Failed qa: 1984-11-20T17:11:57.652547Z
Failed qa: 1984-11-22T16:59:36.368535Z
Writing pickle: dev-nlcd-developer timesync/1984/audit/1984_19351_3130_qa_rejects.p
Success tracking goes here
