{'project_id': '3130', 'year': '1984', 'x': 389160, 'y': 2568300, 'plot_id': '3346', 'strata': '41'}
Pandas(Index=0, project_id='3130', plot_id='3346', x=389160, y=2568300)
called process_plot
Pandas(Index=0, project_id='3130', plot_id='3346', x=389160, y=2568300)
3346
Writing pickle: dev-nlcd-developer timesync/1984/audit/1984_3346_3130.p
Failed qa: 1984-03-16T16:22:35.618550Z
Failed qa: 1984-03-16T16:22:59.448091Z
Failed qa: 1984-04-09T16:25:23.4440940Z
............................Failed qa: 1984-04-25T16:25:34.745513Z
Failed qa: 1984-04-25T16:25:46.6610000Z
........................................................Failed qa: 1984-05-27T16:26:22.248525Z
Failed qa: 1984-05-27T16:26:34.1640000Z
..............Failed qa: 1984-06-05T16:20:10.9380810Z
Failed qa: 1984-06-12T16:26:53.0240440Z
Failed qa: 1984-06-12T16:27:04.939066Z
............................Failed qa: 1984-06-28T16:26:54.328079Z
Failed qa: 1984-06-28T16:27:18.158556Z
............................Failed qa: 1984-07-14T16:27:06.212075Z
Failed qa: 1984-07-14T16:27:18.1270940Z
..............Failed qa: 1984-07-23T16:21:03.1850560Z
Failed qa: 1984-07-30T16:27:28.8080940Z
Failed qa: 1984-08-01T16:15:11.2420750Z
..............Failed qa: 1984-08-15T16:28:00.3510500Z
Failed qa: 1984-08-31T16:28:16.9400690Z
Failed qa: 1984-08-31T16:29:04.6010190Z
Failed qa: 1984-09-16T16:28:20.0980880Z
..............Failed qa: 1984-10-02T16:28:20.3080940Z
............................Failed qa: 1984-11-03T16:28:22.942535Z
Failed qa: 1984-11-03T16:28:46.773541Z
............................Failed qa: 1984-11-19T16:28:17.787537Z
Failed qa: 1984-11-19T16:28:41.618566Z
..............Writing pickle: dev-nlcd-developer timesync/1984/audit/1984_3346_3130_qa_rejects.p
Success tracking goes here
