{'project_id': '3130', 'year': '1984', 'x': -1624980, 'y': 2416350, 'plot_id': '16336', 'strata': '41'}
Pandas(Index=0, project_id='3130', plot_id='16336', x=-1624980, y=2416350)
called process_plot
Pandas(Index=0, project_id='3130', plot_id='16336', x=-1624980, y=2416350)
16336
Writing pickle: dev-nlcd-developer timesync/1984/audit/1984_16336_3130.p
Failed qa: 1984-03-23T17:47:15.250569Z
Failed qa: 1984-03-23T17:47:39.009551Z
Failed qa: 1984-04-27T17:52:41.2620560Z
Failed qa: 1984-04-27T17:53:29.0660810Z
..............Failed qa: 1984-05-06T17:47:05.4160690Z
Failed qa: 1984-05-06T17:47:17.260072Z
..............Failed qa: 1984-05-20T17:59:29.4980940Z
Failed qa: 1984-05-20T18:00:17.4450630Z
Failed qa: 1984-05-22T17:47:35.3250810Z
Failed qa: 1984-05-22T17:47:47.169078Z
Failed qa: 1984-05-27T18:05:51.0670810Z
............................Failed qa: 1984-06-07T17:47:56.3060060Z
Failed qa: 1984-06-07T17:48:08.221028Z
Failed qa: 1984-06-12T18:06:10.0510750Z
............................Failed qa: 1984-06-23T17:48:11.2520630Z
Failed qa: 1984-06-23T17:48:23.167075Z
Failed qa: 1984-06-28T18:06:23.1590940Z
............................Failed qa: 1984-07-09T17:48:21.0400880Z
Failed qa: 1984-07-09T17:48:32.884072Z
..........................................Failed qa: 1984-08-26T17:49:35.541587Z
Failed qa: 1984-08-26T17:49:47.5280940Z
Failed qa: 1984-10-13T17:49:51.0750000Z
Failed qa: 1984-10-13T17:49:51.0750000Z
..........................................Writing pickle: dev-nlcd-developer timesync/1984/audit/1984_16336_3130_qa_rejects.p
Success tracking goes here
