{'project_id': '3130', 'year': '1984', 'x': 282300, 'y': 2397270, 'plot_id': '5396', 'strata': '41'}
Pandas(Index=0, project_id='3130', plot_id='5396', x=282300, y=2397270)
called process_plot
Pandas(Index=0, project_id='3130', plot_id='5396', x=282300, y=2397270)
5396
Writing pickle: dev-nlcd-developer timesync/1984/audit/1984_5396_3130.p
..............Failed qa: 1984-03-23T16:08:34.273569Z
Failed qa: 1984-04-11T16:14:01.722541Z
Failed qa: 1984-04-16T16:32:34.579556Z
..............Failed qa: 1984-04-27T16:14:00.122547Z
..............Failed qa: 1984-05-13T16:14:37.0170440Z
Failed qa: 1984-05-18T16:32:54.5790560Z
..............Failed qa: 1984-05-29T16:14:51.011022Z
Failed qa: 1984-06-03T16:33:29.867551Z
..............Failed qa: 1984-06-14T16:15:09.229084Z
Failed qa: 1984-06-19T16:33:46.270547Z
............................Failed qa: 1984-06-30T16:15:21.761528Z
Failed qa: 1984-07-05T16:33:57.092566Z
..............Failed qa: 1984-07-16T16:15:36.710047Z
Failed qa: 1984-08-08T16:22:47.7900630Z
Failed qa: 1984-08-08T16:22:47.7900630Z
Failed qa: 1984-08-26T16:10:54.4470440Z
Failed qa: 1984-08-31T16:29:16.587519Z
Failed qa: 1984-09-07T16:35:29.285009Z
Failed qa: 1984-09-11T16:10:58.7720250Z
Failed qa: 1984-09-18T16:16:58.278028Z
Failed qa: 1984-09-23T16:35:43.1650500Z
Failed qa: 1984-10-04T16:16:58.138060Z
Failed qa: 1984-10-20T16:16:54.820069Z
..............Failed qa: 1984-11-05T16:16:36.1640750Z
Failed qa: 1984-11-10T16:35:29.7420560Z
............................Failed qa: 1984-11-21T16:16:44.406018Z
Failed qa: 1984-11-28T16:23:08.4350250Z
Failed qa: 1984-11-28T16:23:08.4350250Z
Writing pickle: dev-nlcd-developer timesync/1984/audit/1984_5396_3130_qa_rejects.p
Success tracking goes here
