{'project_id': '3130', 'year': '1984', 'x': -892350, 'y': 1042860, 'plot_id': '17826', 'strata': '41'}
Pandas(Index=0, project_id='3130', plot_id='17826', x=-892350, y=1042860)
called process_plot
Pandas(Index=0, project_id='3130', plot_id='17826', x=-892350, y=1042860)
17826
Writing pickle: dev-nlcd-developer timesync/1984/audit/1984_17826_3130.p
Failed qa: 1984-05-05T17:06:34.6440310Z
Failed qa: 1984-05-21T17:07:04.9760500Z
Failed qa: 1984-05-23T16:55:10.3740250Z
Failed qa: 1984-06-06T17:07:38.450547Z
Failed qa: 1984-06-08T16:55:43.000040Z
.......Failed qa: 1984-06-22T17:07:53.769060Z
Failed qa: 1984-06-24T16:55:57.634544Z
.......Failed qa: 1984-07-08T17:08:03.784550Z
Failed qa: 1984-07-17T17:01:53.8960690Z
..............Failed qa: 1984-09-26T17:09:48.1470000Z
.......Failed qa: 1984-10-30T16:57:30.890547Z
.......Failed qa: 1984-11-13T17:09:21.055522Z
Writing pickle: dev-nlcd-developer timesync/1984/audit/1984_17826_3130_qa_rejects.p
Success tracking goes here
