{'project_id': '3130', 'year': '1984', 'x': -15450, 'y': 1864140, 'plot_id': '17741', 'strata': '41'}
Pandas(Index=0, project_id='3130', plot_id='17741', x=-15450, y=1864140)
called process_plot
Pandas(Index=0, project_id='3130', plot_id='17741', x=-15450, y=1864140)
17741
Writing pickle: dev-nlcd-developer timesync/1984/audit/1984_17741_3130.p
Failed qa: 1984-04-18T16:21:24.597541Z
..............Failed qa: 1984-05-20T16:21:48.0780000Z
Failed qa: 1984-05-25T16:40:52.4650380Z
..............Failed qa: 1984-06-10T16:41:00.212525Z
............................Failed qa: 1984-06-21T16:22:25.8750440Z
Failed qa: 1984-06-26T16:41:14.151525Z
............................Failed qa: 1984-07-07T16:22:48.227535Z
..............Failed qa: 1984-08-08T16:23:47.580500Z
Failed qa: 1984-08-29T16:42:49.270047Z
........................................................Failed qa: 1984-11-01T16:42:45.022057Z
............................Failed qa: 1984-11-12T16:24:06.562088Z
Failed qa: 1984-11-19T16:30:17.301028Z
Failed qa: 1984-11-19T16:30:17.301028Z
..............Failed qa: 1984-11-28T16:24:08.085062Z
Writing pickle: dev-nlcd-developer timesync/1984/audit/1984_17741_3130_qa_rejects.p
Success tracking goes here
