{'project_id': '3130', 'year': '1984', 'x': -152850, 'y': 2265990, 'plot_id': '23441', 'strata': '41'}
Pandas(Index=0, project_id='3130', plot_id='23441', x=-152850, y=2265990)
called process_plot
Pandas(Index=0, project_id='3130', plot_id='23441', x=-152850, y=2265990)
23441
Writing pickle: dev-nlcd-developer timesync/1984/audit/1984_23441_3130.p
Failed qa: 1984-04-07T16:38:32.2210750Z
..............Failed qa: 1984-04-16T16:32:34.579556Z
Failed qa: 1984-04-16T16:32:58.481563Z
Failed qa: 1984-05-16T16:45:12.6700250Z
Failed qa: 1984-05-16T16:46:00.4740380Z
Failed qa: 1984-05-18T16:32:54.5790560Z
..............Failed qa: 1984-06-01T16:46:24.8740880Z
Failed qa: 1984-06-03T16:33:29.867551Z
Failed qa: 1984-06-03T16:33:53.769078Z
............................Failed qa: 1984-06-19T16:33:46.270547Z
Failed qa: 1984-06-19T16:34:10.101034Z
............................Failed qa: 1984-07-05T16:33:57.092566Z
Failed qa: 1984-07-05T16:34:20.994081Z
..............Failed qa: 1984-08-04T16:46:59.0980130Z
Failed qa: 1984-08-04T16:47:46.9010440Z
Failed qa: 1984-08-20T16:48:17.5650940Z
............................Failed qa: 1984-09-07T16:35:29.285009Z
Failed qa: 1984-09-07T16:35:53.186538Z
..............Failed qa: 1984-09-23T16:35:43.1650500Z
Failed qa: 1984-09-23T16:35:55.009040Z
..........................................Failed qa: 1984-11-10T16:35:29.7420560Z
Failed qa: 1984-11-10T16:35:29.7420560Z
..............Writing pickle: dev-nlcd-developer timesync/1984/audit/1984_23441_3130_qa_rejects.p
Success tracking goes here
