{'project_id': '3130', 'year': '1984', 'x': 153510, 'y': 2097150, 'plot_id': '20586', 'strata': '41'}
Pandas(Index=0, project_id='3130', plot_id='20586', x=153510, y=2097150)
called process_plot
Pandas(Index=0, project_id='3130', plot_id='20586', x=153510, y=2097150)
20586
Writing pickle: dev-nlcd-developer timesync/1984/audit/1984_20586_3130.p
Failed qa: 1984-04-11T16:14:49.526547Z
Failed qa: 1984-04-18T16:21:00.624053Z
.......Failed qa: 1984-04-27T16:14:47.998044Z
Failed qa: 1984-05-13T16:15:00.7050440Z
Failed qa: 1984-05-20T16:21:36.091035Z
Failed qa: 1984-05-29T16:15:38.743522Z
Failed qa: 1984-06-12T16:28:28.6310560Z
Failed qa: 1984-06-14T16:15:56.961553Z
Failed qa: 1984-06-21T16:22:13.960025Z
.......Failed qa: 1984-06-30T16:16:09.564569Z
Failed qa: 1984-07-07T16:22:24.254531Z
.......Failed qa: 1984-07-16T16:16:24.442522Z
..............Failed qa: 1984-09-18T16:17:46.082016Z
Failed qa: 1984-10-04T16:17:45.942062Z
Failed qa: 1984-10-20T16:17:42.624559Z
.......Failed qa: 1984-11-05T16:17:35.956088Z
Failed qa: 1984-11-12T16:23:42.659575Z
.......Failed qa: 1984-11-21T16:17:32.211075Z
Failed qa: 1984-11-28T16:23:44.111031Z
Writing pickle: dev-nlcd-developer timesync/1984/audit/1984_20586_3130_qa_rejects.p
Success tracking goes here
