{'project_id': '3130', 'year': '1984', 'x': -1965630, 'y': 1454310, 'plot_id': '12056', 'strata': '41'}
Pandas(Index=0, project_id='3130', plot_id='12056', x=-1965630, y=1454310)
called process_plot
Pandas(Index=0, project_id='3130', plot_id='12056', x=-1965630, y=1454310)
12056
Writing pickle: dev-nlcd-developer timesync/1984/audit/1984_12056_3130.p
..............Failed qa: 1984-04-13T17:43:20.688544Z
Failed qa: 1984-04-18T18:01:53.207519Z
..............Failed qa: 1984-04-29T17:43:17.774526Z
Failed qa: 1984-05-04T18:01:57.880519Z
............................Failed qa: 1984-05-15T17:43:35.4710190Z
Failed qa: 1984-05-20T18:02:28.728041Z
............................Failed qa: 1984-05-31T17:44:12.374535Z
Failed qa: 1984-06-05T18:02:50.882544Z
............................Failed qa: 1984-06-16T17:44:17.8890940Z
Failed qa: 1984-06-21T18:03:06.471047Z
............................Failed qa: 1984-07-02T17:44:41.609050Z
Failed qa: 1984-07-07T18:03:16.829556Z
..............Failed qa: 1984-07-16T17:57:29.0630310Z
Failed qa: 1984-07-16T17:57:29.0630310Z
..............Failed qa: 1984-09-20T17:46:17.137560Z
............................Failed qa: 1984-10-22T17:46:00.8750810Z
Failed qa: 1984-10-27T18:04:43.273572Z
Failed qa: 1984-11-12T18:04:35.157572Z
..............Failed qa: 1984-11-23T17:46:03.507066Z
Failed qa: 1984-11-28T18:04:36.680041Z
..............Writing pickle: dev-nlcd-developer timesync/1984/audit/1984_12056_3130_qa_rejects.p
Success tracking goes here
