{'project_id': '3130', 'year': '1984', 'x': 1935330, 'y': 2594730, 'plot_id': '12866', 'strata': '41'}
Pandas(Index=0, project_id='3130', plot_id='12866', x=1935330, y=2594730)
called process_plot
Pandas(Index=0, project_id='3130', plot_id='12866', x=1935330, y=2594730)
12866
Writing pickle: dev-nlcd-developer timesync/1984/audit/1984_12866_3130.p
Failed qa: 1984-04-09T14:47:17.9450250Z
Failed qa: 1984-04-14T15:05:39.045547Z
..............Failed qa: 1984-05-16T15:06:07.489532Z
..............Failed qa: 1984-05-27T14:48:16.646531Z
Failed qa: 1984-06-01T15:06:31.841025Z
............................Failed qa: 1984-06-12T14:48:35.648560Z
Failed qa: 1984-06-17T15:06:49.049075Z
............................Failed qa: 1984-06-28T14:48:48.934525Z
Failed qa: 1984-07-03T15:07:00.548028Z
Failed qa: 1984-07-14T14:48:48.5990190Z
............................Failed qa: 1984-08-04T15:07:42.0720500Z
Failed qa: 1984-08-13T15:01:48.7960750Z
Failed qa: 1984-08-20T15:08:24.623025Z
..............Failed qa: 1984-08-31T14:50:35.3830630Z
Failed qa: 1984-09-05T15:08:33.401053Z
..............Failed qa: 1984-09-16T14:50:26.556562Z
Failed qa: 1984-09-21T15:08:35.584525Z
............................Failed qa: 1984-10-07T15:08:34.791050Z
............................Failed qa: 1984-10-18T14:50:23.897553Z
............................Failed qa: 1984-11-03T14:50:17.482051Z
Failed qa: 1984-11-08T15:08:23.464535Z
..............Failed qa: 1984-11-19T14:50:12.354000Z
Failed qa: 1984-11-24T15:08:33.8550500Z
..............Writing pickle: dev-nlcd-developer timesync/1984/audit/1984_12866_3130_qa_rejects.p
Success tracking goes here
