{'project_id': '3130', 'year': '1984', 'x': 307020, 'y': 2112720, 'plot_id': '5511', 'strata': '41'}
Pandas(Index=0, project_id='3130', plot_id='5511', x=307020, y=2112720)
called process_plot
Pandas(Index=0, project_id='3130', plot_id='5511', x=307020, y=2112720)
5511
Writing pickle: dev-nlcd-developer timesync/1984/audit/1984_5511_3130.p
Failed qa: 1984-03-23T16:08:58.104035Z
Failed qa: 1984-03-23T16:09:21.863012Z
............................Failed qa: 1984-04-20T16:08:14.959091Z
Failed qa: 1984-04-20T16:08:38.861547Z
..............Failed qa: 1984-05-04T16:20:29.4700630Z
Failed qa: 1984-05-06T16:08:23.990572Z
Failed qa: 1984-05-06T16:08:47.893041Z
..........................................Failed qa: 1984-06-07T16:09:26.8710440Z
Failed qa: 1984-06-07T16:09:38.857550Z
............................Failed qa: 1984-06-23T16:10:05.8230750Z
............................Failed qa: 1984-07-09T16:09:39.759525Z
Failed qa: 1984-07-09T16:10:03.661506Z
............................Failed qa: 1984-08-26T16:11:06.291025Z
Failed qa: 1984-08-26T16:11:30.121503Z
Failed qa: 1984-09-11T16:11:10.615559Z
Failed qa: 1984-09-11T16:11:34.446050Z
..........................................Failed qa: 1984-10-29T16:11:04.470062Z
Failed qa: 1984-10-29T16:11:28.301063Z
........................................................Writing pickle: dev-nlcd-developer timesync/1984/audit/1984_5511_3130_qa_rejects.p
Success tracking goes here
