{'project_id': '3130', 'year': '1984', 'x': -655800, 'y': 1827480, 'plot_id': '5691', 'strata': '41'}
Pandas(Index=0, project_id='3130', plot_id='5691', x=-655800, y=1827480)
called process_plot
Pandas(Index=0, project_id='3130', plot_id='5691', x=-655800, y=1827480)
5691
Writing pickle: dev-nlcd-developer timesync/1984/audit/1984_5691_3130.p
Failed qa: 1984-04-10T17:10:50.779572Z
Failed qa: 1984-04-12T16:58:17.3930630Z
Failed qa: 1984-05-05T17:04:35.2040940Z
Failed qa: 1984-05-12T17:11:12.180547Z
Failed qa: 1984-05-14T16:58:42.3160380Z
Failed qa: 1984-05-21T17:05:05.5370810Z
Failed qa: 1984-05-28T17:11:26.9460690Z
.......Failed qa: 1984-06-13T17:11:57.480581Z
..............Failed qa: 1984-06-29T17:12:10.228503Z
..............Failed qa: 1984-07-15T17:12:23.694541Z
............................Failed qa: 1984-09-01T17:13:32.3590190Z
.......Failed qa: 1984-09-10T17:07:23.6480130Z
.......Failed qa: 1984-09-26T17:07:25.0200690Z
.......Failed qa: 1984-11-04T17:13:37.728013Z
..............Failed qa: 1984-11-20T17:13:33.263550Z
Failed qa: 1984-11-22T17:01:00.2070000Z
Writing pickle: dev-nlcd-developer timesync/1984/audit/1984_5691_3130_qa_rejects.p
Success tracking goes here
