{'project_id': '3130', 'year': '1984', 'x': -1411500, 'y': 1870170, 'plot_id': '20861', 'strata': '41'}
Pandas(Index=0, project_id='3130', plot_id='20861', x=-1411500, y=1870170)
called process_plot
Pandas(Index=0, project_id='3130', plot_id='20861', x=-1411500, y=1870170)
20861
Writing pickle: dev-nlcd-developer timesync/1984/audit/1984_20861_3130.p
Failed qa: 1984-04-06T17:35:44.874537Z
Failed qa: 1984-04-13T17:41:45.222572Z
Failed qa: 1984-04-29T17:41:54.152578Z
Failed qa: 1984-05-01T17:29:45.779078Z
.......Failed qa: 1984-05-15T17:42:00.0050440Z
Failed qa: 1984-05-31T17:42:36.909572Z
Failed qa: 1984-06-02T17:30:53.4280000Z
.......Failed qa: 1984-06-18T17:30:58.357065Z
.......Failed qa: 1984-07-02T17:43:06.216506Z
Failed qa: 1984-07-04T17:31:09.546553Z
Failed qa: 1984-07-20T17:31:31.040025Z
Failed qa: 1984-09-20T17:44:41.672581Z
Failed qa: 1984-09-22T17:32:44.021072Z
Failed qa: 1984-10-22T17:44:37.396060Z
Failed qa: 1984-10-24T17:32:26.9990560Z
Failed qa: 1984-11-09T17:32:19.4760130Z
Failed qa: 1984-11-23T17:44:28.038072Z
Writing pickle: dev-nlcd-developer timesync/1984/audit/1984_20861_3130_qa_rejects.p
Success tracking goes here
