{'project_id': '3130', 'year': '1984', 'x': -1664790, 'y': 1556310, 'plot_id': '24041', 'strata': '41'}
Pandas(Index=0, project_id='3130', plot_id='24041', x=-1664790, y=1556310)
called process_plot
Pandas(Index=0, project_id='3130', plot_id='24041', x=-1664790, y=1556310)
24041
Writing pickle: dev-nlcd-developer timesync/1984/audit/1984_24041_3130.p
Failed qa: 1984-03-23T17:49:38.017550Z
Failed qa: 1984-04-06T17:36:56.5090560Z
Failed qa: 1984-04-06T17:36:32.607053Z
Failed qa: 1984-04-13T17:43:08.7020190Z
Failed qa: 1984-04-13T17:42:44.800010Z
..............Failed qa: 1984-05-06T17:49:16.628047Z
Failed qa: 1984-05-08T17:36:35.220057Z
..............Failed qa: 1984-05-22T17:49:46.536540Z
Failed qa: 1984-05-31T17:44:00.3880250Z
Failed qa: 1984-05-31T17:43:36.486040Z
Failed qa: 1984-06-02T17:31:17.4010190Z
Failed qa: 1984-06-07T17:50:07.587054Z
Failed qa: 1984-06-09T17:37:24.262541Z
Failed qa: 1984-06-16T17:44:17.8890940Z
Failed qa: 1984-06-16T17:44:17.8890940Z
Failed qa: 1984-06-18T17:31:58.0050000Z
Failed qa: 1984-06-23T17:50:22.533050Z
Failed qa: 1984-06-25T17:37:50.424569Z
..............Failed qa: 1984-07-09T17:50:32.250053Z
Failed qa: 1984-07-20T17:32:18.772031Z
Failed qa: 1984-08-05T17:33:04.2290690Z
Failed qa: 1984-08-26T17:51:58.809535Z
..............Failed qa: 1984-09-22T17:33:31.754032Z
Failed qa: 1984-10-13T17:52:02.215044Z
..............Failed qa: 1984-10-24T17:33:26.576519Z
Failed qa: 1984-11-23T17:45:51.5200500Z
Failed qa: 1984-11-23T17:45:51.5200500Z
Failed qa: 1984-11-30T17:51:51.983050Z
Writing pickle: dev-nlcd-developer timesync/1984/audit/1984_24041_3130_qa_rejects.p
Success tracking goes here
