{'project_id': '3130', 'year': '1984', 'x': 1601130, 'y': 2483670, 'plot_id': '1746', 'strata': '41'}
Pandas(Index=0, project_id='3130', plot_id='1746', x=1601130, y=2483670)
called process_plot
Pandas(Index=0, project_id='3130', plot_id='1746', x=1601130, y=2483670)
1746
Writing pickle: dev-nlcd-developer timesync/1984/audit/1984_1746_3130.p
.....................Failed qa: 1984-05-05T15:24:30.0850630Z
..............Failed qa: 1984-05-21T15:25:12.549556Z
Failed qa: 1984-06-06T15:25:34.243541Z
..............Failed qa: 1984-06-22T15:25:49.503022Z
..............Failed qa: 1984-07-08T15:25:59.589519Z
..............Failed qa: 1984-07-24T15:26:27.451072Z
Failed qa: 1984-07-26T15:13:58.1030500Z
Failed qa: 1984-08-11T15:14:30.3840880Z
.......Failed qa: 1984-08-25T15:27:38.2630250Z
..............Failed qa: 1984-09-12T15:14:57.4410060Z
.......Failed qa: 1984-09-26T15:27:32.107010Z
..............Failed qa: 1984-10-12T15:27:30.338563Z
.......Failed qa: 1984-10-28T15:27:25.184062Z
Failed qa: 1984-10-30T15:14:50.5850500Z
Failed qa: 1984-11-13T15:27:16.917532Z
.......Writing pickle: dev-nlcd-developer timesync/1984/audit/1984_1746_3130_qa_rejects.p
Success tracking goes here
