{'project_id': '3130', 'year': '1984', 'x': -765390, 'y': 840480, 'plot_id': '651', 'strata': '41'}
Pandas(Index=0, project_id='3130', plot_id='651', x=-765390, y=840480)
called process_plot
Pandas(Index=0, project_id='3130', plot_id='651', x=-765390, y=840480)
651
Writing pickle: dev-nlcd-developer timesync/1984/audit/1984_0651_3130.p
Failed qa: 1984-04-14T16:48:19.1560560Z
Failed qa: 1984-05-16T16:49:35.6640310Z
Failed qa: 1984-05-23T16:55:34.347057Z
Failed qa: 1984-05-23T16:55:10.3740250Z
Failed qa: 1984-06-01T16:49:35.946069Z
..............Failed qa: 1984-06-15T17:02:00.910050Z
Failed qa: 1984-06-17T16:49:29.2140380Z
..............Failed qa: 1984-07-01T17:02:13.088022Z
Failed qa: 1984-09-03T17:03:46.609547Z
Failed qa: 1984-09-19T17:03:49.177066Z
Failed qa: 1984-10-21T17:03:45.183050Z
..............Failed qa: 1984-11-06T17:03:38.401059Z
Failed qa: 1984-11-08T16:51:03.4880630Z
Writing pickle: dev-nlcd-developer timesync/1984/audit/1984_0651_3130_qa_rejects.p
Success tracking goes here
