{'project_id': '3130', 'year': '1984', 'x': -315420, 'y': 2198520, 'plot_id': '9481', 'strata': '41'}
Pandas(Index=0, project_id='3130', plot_id='9481', x=-315420, y=2198520)
called process_plot
Pandas(Index=0, project_id='3130', plot_id='9481', x=-315420, y=2198520)
9481
Writing pickle: dev-nlcd-developer timesync/1984/audit/1984_9481_3130.p
Failed qa: 1984-04-12T16:57:41.576025Z
............................Failed qa: 1984-05-14T16:58:06.499006Z
Failed qa: 1984-05-16T16:46:00.4740380Z
Failed qa: 1984-05-16T16:46:00.4740380Z
..............Failed qa: 1984-05-25T16:39:52.603038Z
Failed qa: 1984-06-01T16:46:24.8740880Z
Failed qa: 1984-06-01T16:46:24.8740880Z
..............Failed qa: 1984-06-10T16:40:12.409026Z
Failed qa: 1984-06-15T16:58:49.838562Z
..............Failed qa: 1984-06-24T16:52:58.4070690Z
Failed qa: 1984-06-24T16:52:58.4070690Z
Failed qa: 1984-06-26T16:40:26.276556Z
Failed qa: 1984-07-01T16:58:50.1020250Z
............................Failed qa: 1984-07-17T16:59:18.642053Z
..............Failed qa: 1984-08-04T16:47:46.9010440Z
Failed qa: 1984-08-04T16:47:46.9010440Z
Failed qa: 1984-08-18T17:00:35.5850250Z
Failed qa: 1984-08-20T16:48:17.5650940Z
Failed qa: 1984-08-20T16:48:17.5650940Z
..............Failed qa: 1984-08-29T16:42:01.466563Z
Failed qa: 1984-09-03T17:00:35.467040Z
............................Failed qa: 1984-09-19T17:00:49.8770750Z
..............Failed qa: 1984-09-28T16:54:39.2470130Z
Failed qa: 1984-09-28T16:54:39.2470130Z
Failed qa: 1984-10-05T17:00:25.8230440Z
..............Failed qa: 1984-10-21T17:00:34.180035Z
..............Failed qa: 1984-11-01T16:41:57.145581Z
Failed qa: 1984-11-06T17:00:27.252050Z
..............Failed qa: 1984-11-22T17:00:24.245526Z
............................Writing pickle: dev-nlcd-developer timesync/1984/audit/1984_9481_3130_qa_rejects.p
Success tracking goes here
