{'project_id': '3130', 'year': '1984', 'x': -11580, 'y': 2568060, 'plot_id': '13611', 'strata': '41'}
Pandas(Index=0, project_id='3130', plot_id='13611', x=-11580, y=2568060)
called process_plot
Pandas(Index=0, project_id='3130', plot_id='13611', x=-11580, y=2568060)
13611
Writing pickle: dev-nlcd-developer timesync/1984/audit/1984_13611_3130.p
..............Failed qa: 1984-04-14T16:44:08.506032Z
Failed qa: 1984-04-16T16:31:46.846578Z
Failed qa: 1984-04-16T16:32:10.677551Z
Failed qa: 1984-04-23T16:37:44.9290440Z
Failed qa: 1984-04-25T16:25:46.6610000Z
Failed qa: 1984-05-09T16:38:00.6490810Z
Failed qa: 1984-05-16T16:44:36.923572Z
Failed qa: 1984-05-18T16:32:18.833063Z
Failed qa: 1984-05-18T16:32:42.663575Z
..............Failed qa: 1984-05-27T16:26:34.1640000Z
Failed qa: 1984-06-01T16:44:49.4100440Z
Failed qa: 1984-06-03T16:32:42.064047Z
Failed qa: 1984-06-03T16:33:05.894541Z
Failed qa: 1984-06-10T16:38:48.7880750Z
Failed qa: 1984-06-12T16:27:04.939066Z
Failed qa: 1984-06-17T16:45:18.424025Z
Failed qa: 1984-06-19T16:33:10.4540060Z
Failed qa: 1984-06-19T16:33:22.369025Z
..............Failed qa: 1984-06-28T16:27:18.158556Z
Failed qa: 1984-07-03T16:45:29.938554Z
Failed qa: 1984-07-05T16:33:09.361016Z
Failed qa: 1984-07-05T16:33:33.191047Z
Failed qa: 1984-07-14T16:27:18.1270940Z
Failed qa: 1984-07-19T16:45:49.790528Z
Failed qa: 1984-08-06T16:33:53.8480380Z
Failed qa: 1984-08-13T16:40:18.3300440Z
..............Failed qa: 1984-08-31T16:29:04.6010190Z
Failed qa: 1984-09-05T16:46:50.8080750Z
Failed qa: 1984-09-07T16:35:17.2270190Z
Failed qa: 1984-09-14T16:40:41.5780560Z
Failed qa: 1984-09-21T16:46:53.0350690Z
Failed qa: 1984-09-30T16:40:42.1110750Z
Failed qa: 1984-10-09T16:34:54.1170130Z
Failed qa: 1984-10-09T16:34:54.1170130Z
Failed qa: 1984-10-23T16:46:48.3250250Z
..............Failed qa: 1984-11-03T16:28:46.773541Z
Failed qa: 1984-11-08T16:46:52.832569Z
Failed qa: 1984-11-10T16:34:17.9630440Z
Failed qa: 1984-11-19T16:28:41.618566Z
Failed qa: 1984-11-24T16:46:51.308550Z
Writing pickle: dev-nlcd-developer timesync/1984/audit/1984_13611_3130_qa_rejects.p
Success tracking goes here
