{'project_id': '3130', 'year': '1984', 'x': -2321220, 'y': 2264400, 'plot_id': '24811', 'strata': '41'}
Pandas(Index=0, project_id='3130', plot_id='24811', x=-2321220, y=2264400)
called process_plot
Pandas(Index=0, project_id='3130', plot_id='24811', x=-2321220, y=2264400)
24811
Directory '/efs/timesync/1984/audit/' already exists.
Data has been pickled and saved to '/efs/timesync/1984/audit/1984_24811_3130.p'.
..............Failed qa: 1984-05-07T18:30:46.9430440Z
..............Failed qa: 1984-05-23T18:31:16.2540880Z
Failed qa: 1984-05-25T18:19:21.6300880Z
Failed qa: 1984-05-25T18:19:21.6300880Z
Failed qa: 1984-06-01T18:25:17.9990190Z
Failed qa: 1984-06-01T18:26:05.9450500Z
Failed qa: 1984-06-10T18:19:29.454566Z
Failed qa: 1984-06-10T18:19:53.427581Z
..............Failed qa: 1984-06-24T18:31:51.4620690Z
Failed qa: 1984-06-26T18:19:43.267553Z
Failed qa: 1984-06-26T18:20:07.240556Z
..............Failed qa: 1984-07-10T18:32:00.9130130Z
..........................................Failed qa: 1984-08-06T18:15:10.4550190Z
Failed qa: 1984-09-07T18:15:46.1740940Z
..............Failed qa: 1984-09-23T18:15:47.9990190Z
Failed qa: 1984-10-14T18:33:30.1490880Z
..............Failed qa: 1984-11-17T18:20:55.6760940Z
Failed qa: 1984-11-17T18:21:43.4820060Z
Failed qa: 1984-12-01T18:33:20.9440000Z
Data has been pickled and saved to '/efs/timesync/1984/audit/1984_24811_3130_qa_rejects.p'.
Success tracking goes here
