{'project_id': '3130', 'year': '1984', 'x': -833070, 'y': 2418000, 'plot_id': '9416', 'strata': '41'}
Pandas(Index=0, project_id='3130', plot_id='9416', x=-833070, y=2418000)
called process_plot
Pandas(Index=0, project_id='3130', plot_id='9416', x=-833070, y=2418000)
9416
Directory '/efs/timesync/1984/audit/' already exists.
Data has been pickled and saved to '/efs/timesync/1984/audit/1984_9416_3130.p'.
..............Failed qa: 1984-04-10T17:09:39.074012Z
Failed qa: 1984-04-15T17:27:48.063578Z
Failed qa: 1984-04-17T17:15:14.6190130Z
Failed qa: 1984-04-17T17:16:02.4230310Z
Failed qa: 1984-05-01T17:27:58.1850500Z
............................Failed qa: 1984-05-12T17:10:00.474066Z
............................Failed qa: 1984-05-28T17:10:27.156041Z
Failed qa: 1984-06-02T17:28:42.217056Z
............................Failed qa: 1984-06-13T17:10:57.6910130Z
Failed qa: 1984-06-18T17:28:58.848537Z
............................Failed qa: 1984-06-29T17:10:58.594534Z
Failed qa: 1984-07-04T17:29:10.038047Z
............................Failed qa: 1984-07-15T17:11:11.989072Z
Failed qa: 1984-07-20T17:29:31.531079Z
..............Failed qa: 1984-08-05T17:30:05.074016Z
..............Failed qa: 1984-09-01T17:12:20.5820880Z
Failed qa: 1984-09-01T17:12:32.640076Z
............................Failed qa: 1984-09-22T17:30:32.5960880Z
Failed qa: 1984-10-10T17:18:09.6720810Z
..............Failed qa: 1984-11-02T17:24:12.6710880Z
Failed qa: 1984-11-02T17:25:00.6190440Z
Failed qa: 1984-11-04T17:12:26.020063Z
Failed qa: 1984-11-09T17:30:43.7230000Z
..............Failed qa: 1984-11-20T17:12:21.555519Z
..............Data has been pickled and saved to '/efs/timesync/1984/audit/1984_9416_3130_qa_rejects.p'.
Success tracking goes here
