{'project_id': '3130', 'year': '1984', 'x': -760440, 'y': 1665300, 'plot_id': '15916', 'strata': '41'}
Pandas(Index=0, project_id='3130', plot_id='15916', x=-760440, y=1665300)
called process_plot
Pandas(Index=0, project_id='3130', plot_id='15916', x=-760440, y=1665300)
15916
Directory '/efs/timesync/1984/audit/' already exists.
Data has been pickled and saved to '/efs/timesync/1984/audit/1984_15916_3130.p'.
..............Failed qa: 1984-05-07T16:53:29.3110250Z
Failed qa: 1984-05-14T16:59:29.9770880Z
Failed qa: 1984-05-14T16:59:41.964060Z
..............Failed qa: 1984-05-23T16:53:46.752556Z
..............Failed qa: 1984-06-08T16:54:19.3080500Z
Failed qa: 1984-06-15T17:00:01.544034Z
Failed qa: 1984-06-15T17:00:25.374525Z
..............Failed qa: 1984-07-01T17:00:13.722038Z
Failed qa: 1984-07-01T17:00:37.481037Z
..............Failed qa: 1984-07-10T16:54:31.445560Z
Failed qa: 1984-07-17T17:00:30.276038Z
Failed qa: 1984-07-17T17:00:54.106522Z
..............Failed qa: 1984-08-18T17:01:23.5310250Z
..............Failed qa: 1984-08-27T16:55:45.8910810Z
Failed qa: 1984-08-27T16:55:45.8910810Z
Failed qa: 1984-09-03T17:01:35.2570440Z
Failed qa: 1984-09-03T17:02:22.9180250Z
Failed qa: 1984-09-12T16:55:50.0760130Z
Failed qa: 1984-09-12T16:55:50.0760130Z
Failed qa: 1984-09-19T17:01:49.668025Z
Failed qa: 1984-09-19T17:02:01.5120190Z
..............Failed qa: 1984-10-05T17:01:49.302022Z
Failed qa: 1984-10-05T17:02:01.1460190Z
Failed qa: 1984-10-14T16:56:12.7030380Z
Failed qa: 1984-10-21T17:01:57.6590500Z
Failed qa: 1984-10-21T17:01:57.6590500Z
Failed qa: 1984-10-30T16:56:07.1960880Z
Failed qa: 1984-11-06T17:01:38.888534Z
Failed qa: 1984-11-06T17:01:50.7330130Z
..............Failed qa: 1984-11-22T17:01:47.7270130Z
Failed qa: 1984-11-22T17:01:59.714019Z
Failed qa: 1984-12-01T16:55:51.443059Z
Data has been pickled and saved to '/efs/timesync/1984/audit/1984_15916_3130_qa_rejects.p'.
Success tracking goes here
