{'project_id': '3130', 'year': '1984', 'x': -922350, 'y': 2027580, 'plot_id': '5266', 'strata': '41'}
Pandas(Index=0, project_id='3130', plot_id='5266', x=-922350, y=2027580)
called process_plot
Pandas(Index=0, project_id='3130', plot_id='5266', x=-922350, y=2027580)
5266
Directory '/efs/timesync/1984/audit/' already exists.
Data has been pickled and saved to '/efs/timesync/1984/audit/1984_5266_3130.p'.
Failed qa: 1984-03-15T17:23:15.160044Z
Failed qa: 1984-04-10T17:10:38.7930560Z
.......Failed qa: 1984-05-01T17:28:45.9890380Z
Failed qa: 1984-05-03T17:16:28.6040190Z
Failed qa: 1984-05-10T17:23:06.003569Z
Failed qa: 1984-05-12T17:11:00.1940250Z
.......Failed qa: 1984-05-26T17:23:45.7460380Z
Failed qa: 1984-05-28T17:11:26.9460690Z
.......Failed qa: 1984-06-11T17:23:41.1620250Z
Failed qa: 1984-06-13T17:11:45.4940750Z
.......Failed qa: 1984-06-27T17:24:06.614560Z
Failed qa: 1984-06-29T17:11:58.2420060Z
.......Failed qa: 1984-07-15T17:12:11.7080380Z
Failed qa: 1984-07-29T17:24:51.628019Z
Failed qa: 1984-08-14T17:25:23.408575Z
Failed qa: 1984-09-01T17:13:32.3590190Z
.......Failed qa: 1984-09-15T17:25:44.837547Z
Failed qa: 1984-11-02T17:25:36.294072Z
Failed qa: 1984-11-04T17:13:25.7410190Z
Failed qa: 1984-11-18T17:25:30.569028Z
.......Data has been pickled and saved to '/efs/timesync/1984/audit/1984_5266_3130_qa_rejects.p'.
Success tracking goes here
