{'project_id': '3130', 'year': '1984', 'x': -1214160, 'y': 2732130, 'plot_id': '21766', 'strata': '41'}
Pandas(Index=0, project_id='3130', plot_id='21766', x=-1214160, y=2732130)
called process_plot
Pandas(Index=0, project_id='3130', plot_id='21766', x=-1214160, y=2732130)
21766
Directory '/efs/timesync/1984/audit/' already exists.
Data has been pickled and saved to '/efs/timesync/1984/audit/1984_21766_3130.p'.
Failed qa: 1984-03-23T17:46:27.590544Z
Failed qa: 1984-03-23T17:46:27.590544Z
Failed qa: 1984-04-06T17:33:33.520563Z
Failed qa: 1984-04-13T17:39:33.7970560Z
Failed qa: 1984-04-13T17:39:21.881572Z
Failed qa: 1984-04-22T17:33:22.5800690Z
Failed qa: 1984-04-27T17:52:05.516051Z
............................Failed qa: 1984-05-08T17:33:48.048541Z
Failed qa: 1984-05-13T17:52:42.3370440Z
............................Failed qa: 1984-05-29T17:53:08.3850880Z
............................Failed qa: 1984-06-09T17:34:37.093028Z
Failed qa: 1984-06-14T17:53:26.5980810Z
..............Failed qa: 1984-06-25T17:34:51.340528Z
Failed qa: 1984-06-30T17:53:27.169537Z
............................Failed qa: 1984-07-11T17:35:00.516585Z
Failed qa: 1984-07-16T17:53:42.246072Z
............................Failed qa: 1984-07-27T17:35:21.6970000Z
Failed qa: 1984-08-01T17:54:04.4670000Z
Failed qa: 1984-08-03T17:41:46.8930250Z
Failed qa: 1984-08-03T17:41:34.977560Z
..............Failed qa: 1984-08-12T17:35:53.7860310Z
Failed qa: 1984-08-19T17:42:17.6980250Z
Failed qa: 1984-08-19T17:42:17.6980250Z
..............Failed qa: 1984-09-13T17:36:18.8170630Z
..............Failed qa: 1984-10-04T17:54:51.6870560Z
Failed qa: 1984-10-06T17:42:05.8890190Z
............................Failed qa: 1984-10-31T17:36:11.3640310Z
Failed qa: 1984-11-05T17:54:41.5560810Z
Failed qa: 1984-11-07T17:41:55.0410630Z
Failed qa: 1984-11-23T17:42:16.6080380Z
Failed qa: 1984-11-23T17:42:04.692059Z
..............Data has been pickled and saved to '/efs/timesync/1984/audit/1984_21766_3130_qa_rejects.p'.
Success tracking goes here
