{'project_id': '3130', 'year': '1984', 'x': 1476780, 'y': 2145120, 'plot_id': '20206', 'strata': '41'}
Pandas(Index=0, project_id='3130', plot_id='20206', x=1476780, y=2145120)
called process_plot
Pandas(Index=0, project_id='3130', plot_id='20206', x=1476780, y=2145120)
20206
Directory '/efs/timesync/1984/audit/' already exists.
Data has been pickled and saved to '/efs/timesync/1984/audit/1984_20206_3130.p'.
Failed qa: 1984-04-10T15:31:09.731540Z
.......Failed qa: 1984-04-26T15:30:56.7930500Z
Failed qa: 1984-05-12T15:31:30.999019Z
.....................Failed qa: 1984-06-13T15:32:16.312019Z
..............Failed qa: 1984-06-29T15:32:29.226053Z
.......Failed qa: 1984-07-15T15:32:42.479031Z
Failed qa: 1984-07-31T15:33:16.931541Z
Failed qa: 1984-08-16T15:33:36.5100130Z
.......Failed qa: 1984-08-25T15:28:13.937044Z
Failed qa: 1984-09-01T15:34:03.346069Z
.......Failed qa: 1984-09-17T15:34:06.364040Z
.......Failed qa: 1984-09-26T15:28:19.839519Z
Failed qa: 1984-10-03T15:34:06.404013Z
.......Failed qa: 1984-10-12T15:28:30.1310060Z
Failed qa: 1984-10-19T15:34:15.0950130Z
.....................Failed qa: 1984-11-20T15:33:52.253578Z
.......Data has been pickled and saved to '/efs/timesync/1984/audit/1984_20206_3130_qa_rejects.p'.
Success tracking goes here
