{'project_id': '3130', 'year': '1984', 'x': -25980, 'y': 2485290, 'plot_id': '21401', 'strata': '41'}
Pandas(Index=0, project_id='3130', plot_id='21401', x=-25980, y=2485290)
called process_plot
Pandas(Index=0, project_id='3130', plot_id='21401', x=-25980, y=2485290)
21401
Directory '/efs/timesync/1984/audit/' already exists.
Data has been pickled and saved to '/efs/timesync/1984/audit/1984_21401_3130.p'.
.......Failed qa: 1984-04-14T16:44:32.265063Z
Failed qa: 1984-04-16T16:32:22.5930380Z
Failed qa: 1984-04-21T16:50:30.9480310Z
Failed qa: 1984-05-07T16:50:42.2100310Z
Failed qa: 1984-05-16T16:45:00.754540Z
Failed qa: 1984-05-18T16:32:54.5790560Z
.......Failed qa: 1984-06-03T16:33:17.8100130Z
Failed qa: 1984-06-08T16:51:32.2100190Z
Failed qa: 1984-06-17T16:45:42.254062Z
Failed qa: 1984-06-19T16:33:34.2840440Z
Failed qa: 1984-06-24T16:51:46.7730880Z
.......Failed qa: 1984-07-03T16:45:53.769035Z
Failed qa: 1984-07-05T16:33:45.1060630Z
Failed qa: 1984-07-10T16:51:56.1910690Z
Failed qa: 1984-07-19T16:46:01.7060000Z
Failed qa: 1984-08-04T16:46:47.182547Z
Failed qa: 1984-08-27T16:53:22.7670440Z
.......Failed qa: 1984-09-05T16:47:26.554044Z
Failed qa: 1984-09-07T16:35:17.2270190Z
Failed qa: 1984-09-12T16:53:26.8080060Z
Failed qa: 1984-09-21T16:47:28.781035Z
Failed qa: 1984-09-28T16:53:27.7550310Z
.......Failed qa: 1984-11-08T16:47:16.592547Z
Failed qa: 1984-11-24T16:47:15.140053Z
Data has been pickled and saved to '/efs/timesync/1984/audit/1984_21401_3130_qa_rejects.p'.
Success tracking goes here
