{'project_id': '3130', 'year': '1984', 'x': 179490, 'y': 2191380, 'plot_id': '11861', 'strata': '41'}
Pandas(Index=0, project_id='3130', plot_id='11861', x=179490, y=2191380)
called process_plot
Pandas(Index=0, project_id='3130', plot_id='11861', x=179490, y=2191380)
11861
Directory '/efs/timesync/1984/audit/' already exists.
Data has been pickled and saved to '/efs/timesync/1984/audit/1984_11861_3130.p'.
Failed qa: 1984-04-16T16:32:46.5660750Z
Failed qa: 1984-04-18T16:20:36.793081Z
Failed qa: 1984-04-25T16:26:58.2950880Z
Failed qa: 1984-05-04T16:20:29.4700630Z
Failed qa: 1984-05-20T16:21:12.260072Z
.....................Failed qa: 1984-07-05T16:34:09.0790690Z
.......Failed qa: 1984-07-14T16:28:29.6330940Z
..............Failed qa: 1984-09-18T16:17:34.0240190Z
Failed qa: 1984-10-04T16:17:33.9550940Z
.......Failed qa: 1984-11-10T16:35:29.7420560Z
Failed qa: 1984-11-12T16:23:18.828556Z
.......Failed qa: 1984-11-28T16:23:20.279519Z
Data has been pickled and saved to '/efs/timesync/1984/audit/1984_11861_3130_qa_rejects.p'.
Success tracking goes here
