{'project_id': '3130', 'year': '1984', 'x': 459090, 'y': 1488720, 'plot_id': '18246', 'strata': '41'}
Pandas(Index=0, project_id='3130', plot_id='18246', x=459090, y=1488720)
called process_plot
Pandas(Index=0, project_id='3130', plot_id='18246', x=459090, y=1488720)
18246
Directory '/efs/timesync/1984/audit/' already exists.
Data has been pickled and saved to '/efs/timesync/1984/audit/1984_18246_3130.p'.
Failed qa: 1984-04-06T15:57:51.394575Z
Failed qa: 1984-04-22T15:57:52.402063Z
Failed qa: 1984-05-06T16:10:35.3460060Z
Failed qa: 1984-05-08T15:58:05.851540Z
.......Failed qa: 1984-05-24T15:58:46.6650190Z
............................Failed qa: 1984-07-11T15:59:18.385516Z
.......Failed qa: 1984-08-28T16:00:32.7940190Z
..............Failed qa: 1984-09-13T16:00:48.608047Z
Failed qa: 1984-09-29T16:00:49.384557Z
.......Failed qa: 1984-10-15T16:00:35.0590500Z
..............Failed qa: 1984-10-31T16:00:41.299575Z
.....................Data has been pickled and saved to '/efs/timesync/1984/audit/1984_18246_3130_qa_rejects.p'.
Success tracking goes here
