{'project_id': '3130', 'year': '1984', 'x': 994290, 'y': 2496090, 'plot_id': '12651', 'strata': '41'}
Pandas(Index=0, project_id='3130', plot_id='12651', x=994290, y=2496090)
called process_plot
Pandas(Index=0, project_id='3130', plot_id='12651', x=994290, y=2496090)
12651
Directory '/efs/timesync/1984/audit/' already exists.
Data has been pickled and saved to '/efs/timesync/1984/audit/1984_12651_3130.p'.
.......Failed qa: 1984-04-06T15:54:52.2370560Z
.......Failed qa: 1984-04-22T15:54:53.2440750Z
Failed qa: 1984-04-24T15:42:31.2360130Z
Failed qa: 1984-05-10T15:42:49.0620440Z
Failed qa: 1984-05-26T15:43:16.8900060Z
.......Failed qa: 1984-06-09T15:55:55.8830440Z
.......Failed qa: 1984-06-25T15:56:10.1260810Z
.......Failed qa: 1984-07-11T15:56:31.215553Z
..............Failed qa: 1984-07-27T15:56:52.1860880Z
..............Failed qa: 1984-08-12T15:57:24.4170500Z
.......Failed qa: 1984-08-21T15:51:30.3270310Z
Failed qa: 1984-08-28T15:57:57.540041Z
Failed qa: 1984-08-30T15:45:24.6460560Z
.......Failed qa: 1984-09-13T15:58:01.366522Z
.......Failed qa: 1984-09-29T15:58:02.142050Z
.......Failed qa: 1984-10-15T15:58:11.7890310Z
..............Failed qa: 1984-10-31T15:57:54.054566Z
Failed qa: 1984-11-02T15:45:19.6150880Z
.....................Data has been pickled and saved to '/efs/timesync/1984/audit/1984_12651_3130_qa_rejects.p'.
Success tracking goes here
