{'project_id': '3130', 'year': '1984', 'x': -1691460, 'y': 2848170, 'plot_id': '4531', 'strata': '41'}
Pandas(Index=0, project_id='3130', plot_id='4531', x=-1691460, y=2848170)
called process_plot
Pandas(Index=0, project_id='3130', plot_id='4531', x=-1691460, y=2848170)
4531
Directory '/efs/timesync/1984/audit/' already exists.
Data has been pickled and saved to '/efs/timesync/1984/audit/1984_4531_3130.p'.
.......Failed qa: 1984-04-23T18:16:38.1010130Z
.......Failed qa: 1984-05-02T18:10:52.3410560Z
Failed qa: 1984-05-18T18:11:24.0670380Z
Failed qa: 1984-05-25T18:17:22.1920630Z
..............Failed qa: 1984-06-10T18:17:53.919028Z
..............Failed qa: 1984-06-26T18:17:55.8170690Z
.....................Failed qa: 1984-07-23T18:00:20.2140130Z
Failed qa: 1984-07-28T18:18:51.427538Z
..............Failed qa: 1984-08-08T18:00:53.2080500Z
.......Failed qa: 1984-08-29T18:19:31.0690440Z
.......Failed qa: 1984-09-14T18:19:34.6570630Z
.......Failed qa: 1984-09-23T18:13:48.4180310Z
Failed qa: 1984-09-30T18:19:35.1660810Z
............................Data has been pickled and saved to '/efs/timesync/1984/audit/1984_4531_3130_qa_rejects.p'.
Success tracking goes here
