{'project_id': '3130', 'year': '1984', 'x': -653970, 'y': 1775520, 'plot_id': '21141', 'strata': '41'}
Pandas(Index=0, project_id='3130', plot_id='21141', x=-653970, y=1775520)
called process_plot
Pandas(Index=0, project_id='3130', plot_id='21141', x=-653970, y=1775520)
21141
Directory '/efs/timesync/1984/audit/' already exists.
Data has been pickled and saved to '/efs/timesync/1984/audit/1984_21141_3130.p'.
Failed qa: 1984-05-05T17:05:22.8660560Z
Failed qa: 1984-05-14T16:59:29.9770880Z
Failed qa: 1984-05-21T17:05:53.1990130Z
Failed qa: 1984-06-06T17:06:03.057078Z
.......Failed qa: 1984-06-22T17:06:18.234025Z
.......Failed qa: 1984-07-08T17:06:28.392032Z
.......Failed qa: 1984-07-24T17:06:56.327059Z
.......Failed qa: 1984-08-25T17:07:54.940547Z
Failed qa: 1984-08-27T16:55:45.8910810Z
.......Failed qa: 1984-09-12T16:55:50.0760130Z
.......Failed qa: 1984-09-26T17:08:12.6810880Z
.......Failed qa: 1984-10-21T17:01:57.6590500Z
..............Failed qa: 1984-11-22T17:01:47.7270130Z
Data has been pickled and saved to '/efs/timesync/1984/audit/1984_21141_3130_qa_rejects.p'.
Success tracking goes here
