{'project_id': '3130', 'year': '1984', 'x': 104220, 'y': 2518830, 'plot_id': '5791', 'strata': '41'}
Pandas(Index=0, project_id='3130', plot_id='5791', x=104220, y=2518830)
called process_plot
Pandas(Index=0, project_id='3130', plot_id='5791', x=104220, y=2518830)
5791
Directory '/efs/timesync/1984/audit/' already exists.
Data has been pickled and saved to '/efs/timesync/1984/audit/1984_5791_3130.p'.
Failed qa: 1984-04-07T16:38:20.306040Z
.......Failed qa: 1984-04-25T16:25:46.6610000Z
.......Failed qa: 1984-05-25T16:38:52.8840190Z
Failed qa: 1984-05-27T16:26:34.1640000Z
.......Failed qa: 1984-06-12T16:27:04.939066Z
.......Failed qa: 1984-06-26T16:39:38.473072Z
Failed qa: 1984-06-28T16:27:18.158556Z
.......Failed qa: 1984-07-14T16:27:18.1270940Z
Failed qa: 1984-08-29T16:41:13.663078Z
Failed qa: 1984-08-31T16:29:04.6010190Z
Failed qa: 1984-09-07T16:35:17.2270190Z
.......Failed qa: 1984-11-01T16:41:09.341506Z
Failed qa: 1984-11-03T16:28:46.773541Z
Failed qa: 1984-11-19T16:28:41.618566Z
Data has been pickled and saved to '/efs/timesync/1984/audit/1984_5791_3130_qa_rejects.p'.
Success tracking goes here
