{'project_id': '3130', 'year': '1984', 'x': 660960, 'y': 718440, 'plot_id': '3566', 'strata': '41'}
Pandas(Index=0, project_id='3130', plot_id='3566', x=660960, y=718440)
called process_plot
Pandas(Index=0, project_id='3130', plot_id='3566', x=660960, y=718440)
3566
Directory '/efs/timesync/1984/audit/' already exists.
Data has been pickled and saved to '/efs/timesync/1984/audit/1984_3566_3130.p'.
.......Failed qa: 1984-04-06T15:59:27.145544Z
.......Failed qa: 1984-04-22T15:59:28.153034Z
.......Failed qa: 1984-05-08T15:59:41.531060Z
Failed qa: 1984-05-24T16:00:10.428554Z
..............Failed qa: 1984-07-11T16:00:54.134585Z
Failed qa: 1984-08-28T16:02:20.458075Z
.......Failed qa: 1984-09-13T16:02:24.358522Z
Failed qa: 1984-09-29T16:02:25.064050Z
Failed qa: 1984-10-08T15:56:01.4020500Z
Failed qa: 1984-10-15T16:02:22.725582Z
.......Failed qa: 1984-10-31T16:02:16.980547Z
..............Data has been pickled and saved to '/efs/timesync/1984/audit/1984_3566_3130_qa_rejects.p'.
Success tracking goes here
