{'project_id': '3130', 'year': '1984', 'x': -1554690, 'y': 2259600, 'plot_id': '2436', 'strata': '41'}
Pandas(Index=0, project_id='3130', plot_id='2436', x=-1554690, y=2259600)
called process_plot
Pandas(Index=0, project_id='3130', plot_id='2436', x=-1554690, y=2259600)
2436
Directory '/efs/timesync/1984/audit/' already exists.
Data has been pickled and saved to '/efs/timesync/1984/audit/1984_2436_3130.p'.
.......Failed qa: 1984-04-13T17:41:21.249531Z
.......Failed qa: 1984-04-29T17:41:30.3930940Z
..............Failed qa: 1984-05-15T17:41:48.089553Z
..............Failed qa: 1984-05-31T17:42:13.008038Z
............................Failed qa: 1984-07-02T17:42:42.243041Z
..............Failed qa: 1984-09-20T17:44:17.699560Z
Failed qa: 1984-10-04T17:56:51.0540630Z
Failed qa: 1984-10-13T17:50:38.7360630Z
Failed qa: 1984-10-22T17:44:25.4090880Z
.......Failed qa: 1984-11-23T17:44:04.064047Z
Failed qa: 1984-11-30T17:50:28.3590250Z
Data has been pickled and saved to '/efs/timesync/1984/audit/1984_2436_3130_qa_rejects.p'.
Success tracking goes here
