{'project_id': '3130', 'year': '1984', 'x': -45450, 'y': 2763180, 'plot_id': '20131', 'strata': '41'}
Pandas(Index=0, project_id='3130', plot_id='20131', x=-45450, y=2763180)
called process_plot
Pandas(Index=0, project_id='3130', plot_id='20131', x=-45450, y=2763180)
20131
Directory '/efs/timesync/1984/audit/' already exists.
Data has been pickled and saved to '/efs/timesync/1984/audit/1984_20131_3130.p'.
..............Failed qa: 1984-04-21T16:49:55.059053Z
.......Failed qa: 1984-05-07T16:50:06.321044Z
..............Failed qa: 1984-05-23T16:50:35.751519Z
.....................Failed qa: 1984-06-24T16:51:22.9430440Z
.......Failed qa: 1984-07-10T16:51:08.5300940Z
.......Failed qa: 1984-07-26T16:51:51.750556Z
Failed qa: 1984-08-04T16:45:47.6070190Z
Failed qa: 1984-08-11T16:52:24.149060Z
.......Failed qa: 1984-08-27T16:52:46.879022Z
Failed qa: 1984-08-29T16:40:14.0160690Z
.....................Failed qa: 1984-09-28T16:52:52.009038Z
.......Failed qa: 1984-10-07T16:46:28.4140750Z
.......Failed qa: 1984-10-30T16:52:44.204575Z
.....................Data has been pickled and saved to '/efs/timesync/1984/audit/1984_20131_3130_qa_rejects.p'.
Success tracking goes here
