{'project_id': '3130', 'year': '1984', 'x': -1100430, 'y': 1214250, 'plot_id': '22906', 'strata': '41'}
Pandas(Index=0, project_id='3130', plot_id='22906', x=-1100430, y=1214250)
called process_plot
Pandas(Index=0, project_id='3130', plot_id='22906', x=-1100430, y=1214250)
22906
Directory '/efs/timesync/1984/audit/' already exists.
Data has been pickled and saved to '/efs/timesync/1984/audit/1984_22906_3130.p'.
..............Failed qa: 1984-04-17T17:18:37.537031Z
Failed qa: 1984-04-17T17:19:01.439047Z
Failed qa: 1984-05-03T17:18:28.0430000Z
Failed qa: 1984-05-03T17:19:15.8470250Z
Failed qa: 1984-05-05T17:06:34.6440310Z
..............Failed qa: 1984-05-21T17:07:04.9760500Z
..............Failed qa: 1984-06-04T17:19:45.8880810Z
Failed qa: 1984-06-04T17:19:57.875043Z
Failed qa: 1984-06-06T17:07:38.450547Z
..............Failed qa: 1984-06-20T17:19:50.018535Z
Failed qa: 1984-06-20T17:20:13.849028Z
Failed qa: 1984-06-22T17:07:53.769060Z
Failed qa: 1984-06-29T17:13:33.8480880Z
Failed qa: 1984-07-06T17:20:00.595053Z
Failed qa: 1984-07-06T17:20:24.496575Z
Failed qa: 1984-07-08T17:08:03.784550Z
Failed qa: 1984-09-26T17:09:48.1470000Z
Failed qa: 1984-11-04T17:15:01.2080690Z
Failed qa: 1984-11-04T17:15:49.0130560Z
Failed qa: 1984-11-13T17:09:21.055522Z
Failed qa: 1984-11-20T17:14:56.8880060Z
Failed qa: 1984-11-20T17:15:44.5500880Z
Failed qa: 1984-11-27T17:21:20.867075Z
Failed qa: 1984-11-27T17:21:44.699040Z
Data has been pickled and saved to '/efs/timesync/1984/audit/1984_22906_3130_qa_rejects.p'.
Success tracking goes here
