{'project_id': '3130', 'year': '1984', 'x': -265860, 'y': 851160, 'plot_id': '15926', 'strata': '41'}
Pandas(Index=0, project_id='3130', plot_id='15926', x=-265860, y=851160)
called process_plot
Pandas(Index=0, project_id='3130', plot_id='15926', x=-265860, y=851160)
15926
Directory '/efs/timesync/1984/audit/' already exists.
Data has been pickled and saved to '/efs/timesync/1984/audit/1984_15926_3130.p'.
Failed qa: 1984-04-09T16:29:58.211019Z
Failed qa: 1984-05-27T16:30:44.955025Z
Failed qa: 1984-06-03T16:36:52.8550060Z
Failed qa: 1984-06-12T16:31:03.957050Z
Failed qa: 1984-06-19T16:37:09.1850940Z
Failed qa: 1984-06-28T16:31:17.175076Z
Failed qa: 1984-07-14T16:31:26.934053Z
.......Failed qa: 1984-09-07T16:38:52.2710880Z
Failed qa: 1984-09-23T16:38:54.0950130Z
Failed qa: 1984-10-09T16:38:52.9950190Z
.......Failed qa: 1984-11-03T16:32:45.655047Z
.......Failed qa: 1984-11-19T16:32:52.7040560Z
.......Data has been pickled and saved to '/efs/timesync/1984/audit/1984_15926_3130_qa_rejects.p'.
Success tracking goes here
