{'project_id': '3130', 'year': '1984', 'x': -329940, 'y': 1447890, 'plot_id': '19576', 'strata': '41'}
Pandas(Index=0, project_id='3130', plot_id='19576', x=-329940, y=1447890)
called process_plot
Pandas(Index=0, project_id='3130', plot_id='19576', x=-329940, y=1447890)
19576
Directory '/efs/timesync/1984/audit/' already exists.
Data has been pickled and saved to '/efs/timesync/1984/audit/1984_19576_3130.p'.
Failed qa: 1984-04-14T16:47:07.521522Z
Failed qa: 1984-05-07T16:53:29.3110250Z
Failed qa: 1984-05-16T16:47:36.0820630Z
Failed qa: 1984-05-23T16:53:46.752556Z
.......Failed qa: 1984-06-01T16:47:48.423563Z
.......Failed qa: 1984-06-17T16:48:17.508556Z
.......Failed qa: 1984-07-03T16:48:29.023050Z
Failed qa: 1984-07-10T16:54:31.445560Z
Failed qa: 1984-07-19T16:48:48.804012Z
Failed qa: 1984-08-04T16:49:10.521047Z
Failed qa: 1984-08-20T16:49:29.1990630Z
.......Failed qa: 1984-09-05T16:49:49.822031Z
Failed qa: 1984-09-21T16:49:52.049531Z
Failed qa: 1984-10-07T16:49:51.260559Z
.......Failed qa: 1984-10-30T16:56:07.1960880Z
Failed qa: 1984-11-08T16:49:51.780541Z
Failed qa: 1984-12-01T16:55:51.443059Z
Data has been pickled and saved to '/efs/timesync/1984/audit/1984_19576_3130_qa_rejects.p'.
Success tracking goes here
