{'project_id': '3130', 'year': '1984', 'x': 1178130, 'y': 2094510, 'plot_id': '16486', 'strata': '41'}
Pandas(Index=0, project_id='3130', plot_id='16486', x=1178130, y=2094510)
called process_plot
Pandas(Index=0, project_id='3130', plot_id='16486', x=1178130, y=2094510)
16486
Directory '/efs/timesync/1984/audit/' already exists.
Data has been pickled and saved to '/efs/timesync/1984/audit/1984_16486_3130.p'.
.......Failed qa: 1984-04-08T15:43:54.842037Z
.......Failed qa: 1984-05-10T15:44:00.6970310Z
..............Failed qa: 1984-05-26T15:44:40.510547Z
.......Failed qa: 1984-06-11T15:44:59.840041Z
..............Failed qa: 1984-06-27T15:45:13.409500Z
..............Failed qa: 1984-07-13T15:45:23.472551Z
..............Failed qa: 1984-07-29T15:45:58.359562Z
Failed qa: 1984-07-31T15:33:28.8470060Z
.......Failed qa: 1984-08-14T15:46:18.2000130Z
............................Failed qa: 1984-10-01T15:46:52.066034Z
..............Failed qa: 1984-10-17T15:46:49.364044Z
.......Failed qa: 1984-10-26T15:40:47.4290500Z
Failed qa: 1984-11-02T15:46:31.1090190Z
..............Data has been pickled and saved to '/efs/timesync/1984/audit/1984_16486_3130_qa_rejects.p'.
Success tracking goes here
