{'project_id': '3130', 'year': '1984', 'x': -1039140, 'y': 2407170, 'plot_id': '3701', 'strata': '41'}
Pandas(Index=0, project_id='3130', plot_id='3701', x=-1039140, y=2407170)
called process_plot
Pandas(Index=0, project_id='3130', plot_id='3701', x=-1039140, y=2407170)
3701
Directory '/efs/timesync/1984/audit/' already exists.
Data has been pickled and saved to '/efs/timesync/1984/audit/1984_3701_3130.p'.
Failed qa: 1984-03-15T17:22:27.368022Z
.......Failed qa: 1984-04-17T17:16:02.4230310Z
.......Failed qa: 1984-05-03T17:16:04.7730440Z
Failed qa: 1984-05-10T17:22:06.2130380Z
Failed qa: 1984-05-26T17:22:33.9690380Z
.......Failed qa: 1984-06-11T17:23:05.344578Z
.......Failed qa: 1984-06-20T17:17:14.8360060Z
Failed qa: 1984-06-27T17:23:18.882559Z
.......Failed qa: 1984-07-06T17:17:25.4120810Z
Failed qa: 1984-07-13T17:23:29.077569Z
.......Failed qa: 1984-07-29T17:23:51.7660940Z
.......Failed qa: 1984-08-14T17:24:35.677038Z
Failed qa: 1984-09-08T17:18:57.1830250Z
Failed qa: 1984-09-15T17:24:57.105050Z
Failed qa: 1984-09-22T17:31:20.5430380Z
Failed qa: 1984-10-17T17:24:54.688047Z
Failed qa: 1984-10-24T17:31:15.3640310Z
Failed qa: 1984-11-02T17:25:00.6190440Z
.......Failed qa: 1984-11-18T17:24:42.763547Z
Failed qa: 1984-11-27T17:18:45.6760880Z
Data has been pickled and saved to '/efs/timesync/1984/audit/1984_3701_3130_qa_rejects.p'.
Success tracking goes here
