{'project_id': '3130', 'year': '1984', 'x': 737670, 'y': 2205210, 'plot_id': '10216', 'strata': '41'}
Pandas(Index=0, project_id='3130', plot_id='10216', x=737670, y=2205210)
called process_plot
Pandas(Index=0, project_id='3130', plot_id='10216', x=737670, y=2205210)
10216
Directory '/efs/timesync/1984/audit/' already exists.
Data has been pickled and saved to '/efs/timesync/1984/audit/1984_10216_3130.p'.
Failed qa: 1984-03-23T16:08:58.104035Z
Failed qa: 1984-03-25T15:50:26.3860750Z
..............Failed qa: 1984-04-20T16:08:14.959091Z
............................Failed qa: 1984-05-01T15:49:40.771084Z
Failed qa: 1984-05-06T16:08:23.990572Z
..............Failed qa: 1984-06-07T16:09:26.8710440Z
Failed qa: 1984-06-16T16:03:25.2510940Z
Failed qa: 1984-06-16T16:03:25.2510940Z
Failed qa: 1984-06-18T15:51:05.3670880Z
Failed qa: 1984-07-04T15:51:04.677075Z
Failed qa: 1984-07-09T16:09:39.759525Z
..............Failed qa: 1984-08-26T16:11:06.291025Z
..............Failed qa: 1984-09-04T16:04:58.302538Z
Failed qa: 1984-09-04T16:04:46.4590000Z
Failed qa: 1984-09-06T15:52:37.188540Z
Failed qa: 1984-09-11T16:11:10.615559Z
..............Failed qa: 1984-09-22T15:52:39.230519Z
..............Failed qa: 1984-10-06T16:05:00.167063Z
Failed qa: 1984-10-06T16:04:48.3230630Z
..............Failed qa: 1984-10-24T15:52:34.010035Z
Failed qa: 1984-10-29T16:11:04.470062Z
..............Failed qa: 1984-11-07T16:05:01.1380810Z
Failed qa: 1984-11-07T16:05:01.1380810Z
..............Failed qa: 1984-11-25T15:52:25.741550Z
Data has been pickled and saved to '/efs/timesync/1984/audit/1984_10216_3130_qa_rejects.p'.
Success tracking goes here
