{'project_id': '3130', 'year': '1984', 'x': -1213980, 'y': 2453670, 'plot_id': '13251', 'strata': '41'}
Pandas(Index=0, project_id='3130', plot_id='13251', x=-1213980, y=2453670)
called process_plot
Pandas(Index=0, project_id='3130', plot_id='13251', x=-1213980, y=2453670)
13251
Directory '/efs/timesync/1984/audit/' already exists.
Data has been pickled and saved to '/efs/timesync/1984/audit/1984_13251_3130.p'.
Failed qa: 1984-03-23T17:47:15.250569Z
..............Failed qa: 1984-04-13T17:40:45.5750130Z
Failed qa: 1984-04-15T17:28:00.121584Z
..............Failed qa: 1984-05-01T17:28:10.171566Z
Failed qa: 1984-05-06T17:46:41.442575Z
............................Failed qa: 1984-05-22T17:47:11.352050Z
Failed qa: 1984-05-31T17:41:37.2620630Z
Failed qa: 1984-05-31T17:40:49.4590060Z
Failed qa: 1984-06-02T17:28:54.204019Z
Failed qa: 1984-06-07T17:47:44.319506Z
Failed qa: 1984-06-09T17:34:49.0080500Z
Failed qa: 1984-06-18T17:28:58.848537Z
Failed qa: 1984-06-23T17:47:47.350541Z
............................Failed qa: 1984-07-04T17:29:22.096035Z
Failed qa: 1984-07-09T17:47:57.138569Z
Failed qa: 1984-07-11T17:35:12.5030880Z
Failed qa: 1984-07-18T17:41:36.9640880Z
Failed qa: 1984-07-20T17:29:43.589063Z
Failed qa: 1984-08-05T17:30:05.074016Z
Failed qa: 1984-08-26T17:49:35.541587Z
Failed qa: 1984-09-20T17:43:42.0250810Z
Failed qa: 1984-09-22T17:30:56.569563Z
Failed qa: 1984-10-13T17:49:27.101509Z
..............Failed qa: 1984-10-24T17:31:15.3640310Z
Failed qa: 1984-11-09T17:30:55.710000Z
..............Data has been pickled and saved to '/efs/timesync/1984/audit/1984_13251_3130_qa_rejects.p'.
Success tracking goes here
