{'project_id': '3130', 'year': '1984', 'x': -1172400, 'y': 996750, 'plot_id': '21426', 'strata': '41'}
Pandas(Index=0, project_id='3130', plot_id='21426', x=-1172400, y=996750)
called process_plot
Pandas(Index=0, project_id='3130', plot_id='21426', x=-1172400, y=996750)
21426
Directory '/efs/timesync/1984/audit/' already exists.
Data has been pickled and saved to '/efs/timesync/1984/audit/1984_21426_3130.p'.
Failed qa: 1984-04-17T17:19:13.3540880Z
Failed qa: 1984-05-03T17:19:15.8470250Z
.......Failed qa: 1984-05-28T17:14:14.1880630Z
Failed qa: 1984-06-04T17:20:09.8620060Z
Failed qa: 1984-06-06T17:07:50.3660190Z
.......Failed qa: 1984-06-20T17:20:25.7640500Z
Failed qa: 1984-06-22T17:08:05.6840750Z
Failed qa: 1984-07-06T17:20:36.4830750Z
Failed qa: 1984-07-08T17:08:15.7000190Z
Failed qa: 1984-09-26T17:09:48.1470000Z
.......Failed qa: 1984-11-13T17:09:32.9710440Z
.......Failed qa: 1984-11-27T17:21:56.6150250Z
Data has been pickled and saved to '/efs/timesync/1984/audit/1984_21426_3130_qa_rejects.p'.
Success tracking goes here
