{'project_id': '3130', 'year': '1984', 'x': -478590, 'y': 1316520, 'plot_id': '22226', 'strata': '41'}
Pandas(Index=0, project_id='3130', plot_id='22226', x=-478590, y=1316520)
called process_plot
Pandas(Index=0, project_id='3130', plot_id='22226', x=-478590, y=1316520)
22226
Directory '/efs/timesync/1984/audit/' already exists.
Data has been pickled and saved to '/efs/timesync/1984/audit/1984_22226_3130.p'.
.......Failed qa: 1984-05-07T16:53:29.3110250Z
Failed qa: 1984-05-16T16:48:23.8860750Z
Failed qa: 1984-05-23T16:53:58.7390690Z
Failed qa: 1984-06-01T16:48:48.1430000Z
Failed qa: 1984-06-08T16:54:31.294553Z
.......Failed qa: 1984-06-24T16:54:57.8440880Z
.......Failed qa: 1984-07-10T16:54:55.347535Z
.......Failed qa: 1984-08-29T16:44:12.7470880Z
Failed qa: 1984-10-14T16:56:24.618526Z
Failed qa: 1984-10-30T16:56:19.111591Z
.......Failed qa: 1984-12-01T16:56:15.346056Z
Data has been pickled and saved to '/efs/timesync/1984/audit/1984_22226_3130_qa_rejects.p'.
Success tracking goes here
