{'project_id': '3130', 'year': '1984', 'x': 136110, 'y': 2819520, 'plot_id': '21441', 'strata': '41'}
Pandas(Index=0, project_id='3130', plot_id='21441', x=136110, y=2819520)
called process_plot
Pandas(Index=0, project_id='3130', plot_id='21441', x=136110, y=2819520)
21441
Directory '/efs/timesync/1984/audit/' already exists.
Data has been pickled and saved to '/efs/timesync/1984/audit/1984_21441_3130.p'.
Failed qa: 1984-03-16T16:22:11.789009Z
..............Failed qa: 1984-04-09T16:25:11.529059Z
Failed qa: 1984-04-14T16:43:44.604031Z
............................Failed qa: 1984-04-25T16:25:10.914540Z
............................Failed qa: 1984-05-16T16:44:13.093057Z
..............Failed qa: 1984-05-27T16:25:58.346537Z
Failed qa: 1984-06-01T16:44:37.495025Z
............................Failed qa: 1984-06-17T16:44:54.593537Z
..............Failed qa: 1984-06-28T16:26:30.498050Z
Failed qa: 1984-07-03T16:45:06.108072Z
..............Failed qa: 1984-07-14T16:26:42.310556Z
Failed qa: 1984-07-19T16:45:25.888550Z
..............Failed qa: 1984-07-23T16:21:03.1850560Z
Failed qa: 1984-07-30T16:27:16.821594Z
Failed qa: 1984-08-04T16:45:47.6070190Z
..............Failed qa: 1984-08-08T16:21:36.1570060Z
..............Failed qa: 1984-08-15T16:28:00.3510500Z
..............Failed qa: 1984-08-31T16:28:05.025056Z
Failed qa: 1984-09-05T16:46:38.893056Z
Failed qa: 1984-09-14T16:40:41.5780560Z
Failed qa: 1984-09-14T16:40:41.5780560Z
Failed qa: 1984-09-16T16:28:20.0980880Z
Failed qa: 1984-09-21T16:46:41.120047Z
Failed qa: 1984-09-30T16:40:42.1110750Z
Failed qa: 1984-09-30T16:40:42.1110750Z
Failed qa: 1984-10-02T16:28:08.393059Z
Failed qa: 1984-10-07T16:46:28.4140750Z
..............Failed qa: 1984-10-23T16:46:36.338047Z
..............Failed qa: 1984-11-03T16:27:59.111528Z
Failed qa: 1984-11-08T16:46:40.9170630Z
..............Failed qa: 1984-11-19T16:27:53.956512Z
Failed qa: 1984-11-24T16:46:27.477050Z
Data has been pickled and saved to '/efs/timesync/1984/audit/1984_21441_3130_qa_rejects.p'.
Success tracking goes here
