{'project_id': '3130', 'year': '1984', 'x': -919350, 'y': 2271120, 'plot_id': '14891', 'strata': '41'}
Pandas(Index=0, project_id='3130', plot_id='14891', x=-919350, y=2271120)
called process_plot
Pandas(Index=0, project_id='3130', plot_id='14891', x=-919350, y=2271120)
14891
Directory '/efs/timesync/1984/audit/' already exists.
Data has been pickled and saved to '/efs/timesync/1984/audit/1984_14891_3130.p'.
..............Failed qa: 1984-04-10T17:09:39.074012Z
Failed qa: 1984-04-15T17:28:12.037069Z
..............Failed qa: 1984-05-01T17:28:10.171566Z
..............Failed qa: 1984-05-10T17:22:06.2130380Z
Failed qa: 1984-05-10T17:22:06.2130380Z
Failed qa: 1984-05-12T17:10:00.474066Z
Failed qa: 1984-05-19T17:16:12.0570880Z
Failed qa: 1984-05-26T17:22:33.9690380Z
Failed qa: 1984-05-26T17:22:33.9690380Z
Failed qa: 1984-05-28T17:10:27.156041Z
Failed qa: 1984-06-02T17:29:06.119043Z
Failed qa: 1984-06-04T17:16:34.8160880Z
..............Failed qa: 1984-06-13T17:10:57.6910130Z
Failed qa: 1984-06-18T17:29:10.7640060Z
............................Failed qa: 1984-06-29T17:10:58.594534Z
Failed qa: 1984-07-04T17:29:34.011051Z
............................Failed qa: 1984-07-15T17:11:11.989072Z
Failed qa: 1984-07-20T17:29:55.504078Z
Failed qa: 1984-07-29T17:23:51.7660940Z
Failed qa: 1984-07-29T17:23:51.7660940Z
Failed qa: 1984-08-05T17:30:16.9890310Z
..............Failed qa: 1984-09-01T17:12:32.640076Z
............................Failed qa: 1984-09-22T17:31:20.5430380Z
..............Failed qa: 1984-10-24T17:31:15.3640310Z
..............Failed qa: 1984-11-04T17:12:26.020063Z
Failed qa: 1984-11-09T17:30:55.710000Z
..............Failed qa: 1984-11-20T17:12:21.555519Z
..............Data has been pickled and saved to '/efs/timesync/1984/audit/1984_14891_3130_qa_rejects.p'.
Success tracking goes here
