{'project_id': '3130', 'year': '1984', 'x': -1115790, 'y': 1958760, 'plot_id': '3461', 'strata': '41'}
Pandas(Index=0, project_id='3130', plot_id='3461', x=-1115790, y=1958760)
called process_plot
Pandas(Index=0, project_id='3130', plot_id='3461', x=-1115790, y=1958760)
3461
Directory '/efs/timesync/1984/audit/' already exists.
Data has been pickled and saved to '/efs/timesync/1984/audit/1984_3461_3130.p'.
.......Failed qa: 1984-04-15T17:29:11.7570190Z
Failed qa: 1984-04-17T17:17:02.142544Z
Failed qa: 1984-05-01T17:29:33.9350880Z
Failed qa: 1984-05-03T17:17:16.5510000Z
.......Failed qa: 1984-05-19T17:17:35.892578Z
.......Failed qa: 1984-06-02T17:30:05.9090690Z
Failed qa: 1984-06-04T17:17:58.579587Z
Failed qa: 1984-06-11T17:24:29.1080500Z
Failed qa: 1984-06-18T17:30:34.526572Z
Failed qa: 1984-06-20T17:18:14.554062Z
.......Failed qa: 1984-07-04T17:30:45.716516Z
Failed qa: 1984-07-06T17:18:25.202522Z
Failed qa: 1984-07-13T17:24:52.7680690Z
Failed qa: 1984-07-20T17:31:07.209537Z
.......Failed qa: 1984-08-05T17:31:28.7650630Z
.......Failed qa: 1984-09-08T17:19:44.9860750Z
.......Failed qa: 1984-09-22T17:32:20.190560Z
Failed qa: 1984-10-17T17:26:18.3810750Z
Failed qa: 1984-10-24T17:32:15.012531Z
.......Failed qa: 1984-11-09T17:32:07.489013Z
.......Failed qa: 1984-11-27T17:19:45.398053Z
Data has been pickled and saved to '/efs/timesync/1984/audit/1984_3461_3130_qa_rejects.p'.
Success tracking goes here
