{'project_id': '3130', 'year': '1984', 'x': -1353060, 'y': 2861730, 'plot_id': '4881', 'strata': '41'}
Pandas(Index=0, project_id='3130', plot_id='4881', x=-1353060, y=2861730)
called process_plot
Pandas(Index=0, project_id='3130', plot_id='4881', x=-1353060, y=2861730)
4881
Directory '/efs/timesync/1984/audit/' already exists.
Data has been pickled and saved to '/efs/timesync/1984/audit/1984_4881_3130.p'.
..............Failed qa: 1984-04-11T17:51:31.3590750Z
Failed qa: 1984-04-13T17:39:33.7970560Z
Failed qa: 1984-04-18T17:58:06.3880000Z
..............Failed qa: 1984-04-29T17:39:54.7850880Z
Failed qa: 1984-05-04T17:57:59.145040Z
Failed qa: 1984-05-06T17:46:17.4690810Z
Failed qa: 1984-05-13T17:51:54.6760060Z
Failed qa: 1984-05-13T17:52:42.3370440Z
Failed qa: 1984-05-15T17:40:12.623582Z
Failed qa: 1984-05-20T17:58:41.9800440Z
Failed qa: 1984-05-22T17:46:11.632572Z
Failed qa: 1984-05-22T17:46:35.463534Z
Failed qa: 1984-05-29T17:52:20.7240940Z
Failed qa: 1984-05-29T17:53:08.3850880Z
Failed qa: 1984-05-31T17:40:37.543535Z
Failed qa: 1984-06-07T17:46:32.756541Z
Failed qa: 1984-06-07T17:46:44.6720130Z
Failed qa: 1984-06-14T17:52:38.9380060Z
Failed qa: 1984-06-14T17:53:26.5980810Z
Failed qa: 1984-06-23T17:46:47.703069Z
Failed qa: 1984-06-23T17:47:11.533554Z
..............Failed qa: 1984-07-02T17:41:06.707075Z
Failed qa: 1984-07-07T17:59:06.1120880Z
Failed qa: 1984-07-09T17:46:57.420516Z
Failed qa: 1984-07-09T17:47:21.322031Z
..............Failed qa: 1984-07-18T17:41:25.049069Z
Failed qa: 1984-07-23T17:59:44.468072Z
Failed qa: 1984-07-25T17:47:27.116510Z
Failed qa: 1984-07-25T17:47:39.1030130Z
..............Failed qa: 1984-08-03T17:41:46.8930250Z
Failed qa: 1984-08-03T17:41:46.8930250Z
Failed qa: 1984-08-08T18:00:17.463018Z
Failed qa: 1984-08-10T17:47:59.730037Z
Failed qa: 1984-08-10T17:48:11.6450500Z
Failed qa: 1984-08-17T17:54:11.8440190Z
Failed qa: 1984-08-19T17:42:17.6980250Z
Failed qa: 1984-08-19T17:42:17.6980250Z
Failed qa: 1984-08-24T18:00:32.8760880Z
Failed qa: 1984-08-26T17:48:35.8950130Z
Failed qa: 1984-08-26T17:48:47.810029Z
Failed qa: 1984-09-02T17:54:25.2190000Z
Failed qa: 1984-09-27T17:48:29.364553Z
Failed qa: 1984-09-27T17:48:41.2800310Z
..............Failed qa: 1984-10-13T17:48:27.381563Z
Failed qa: 1984-10-13T17:48:51.212532Z
Failed qa: 1984-10-22T17:42:37.885515Z
Failed qa: 1984-10-27T18:00:32.6220440Z
..............Failed qa: 1984-11-21T17:54:14.0030630Z
Failed qa: 1984-11-23T17:42:16.6080380Z
Failed qa: 1984-11-30T17:48:17.072025Z
Failed qa: 1984-11-30T17:48:29.0590310Z
Data has been pickled and saved to '/efs/timesync/1984/audit/1984_4881_3130_qa_rejects.p'.
Success tracking goes here
