{'project_id': '3130', 'year': '1984', 'x': 601740, 'y': 1113540, 'plot_id': '23056', 'strata': '41'}
Pandas(Index=0, project_id='3130', plot_id='23056', x=601740, y=1113540)
called process_plot
Pandas(Index=0, project_id='3130', plot_id='23056', x=601740, y=1113540)
23056
Directory '/efs/timesync/1984/audit/' already exists.
Data has been pickled and saved to '/efs/timesync/1984/audit/1984_23056_3130.p'.
Failed qa: 1984-03-25T15:53:24.829019Z
.......Failed qa: 1984-04-15T15:52:29.912563Z
.......Failed qa: 1984-05-01T15:52:27.941566Z
Failed qa: 1984-05-08T15:58:17.7670250Z
Failed qa: 1984-05-24T15:59:10.495525Z
Failed qa: 1984-06-18T15:53:40.621544Z
Failed qa: 1984-07-04T15:53:51.846575Z
..............Failed qa: 1984-09-06T15:55:24.358556Z
..............Failed qa: 1984-10-08T15:55:25.370534Z
.......Failed qa: 1984-10-24T15:55:21.182528Z
.......Failed qa: 1984-11-09T15:55:13.633556Z
Failed qa: 1984-11-23T16:07:10.377034Z
Failed qa: 1984-11-25T15:55:12.919056Z
Data has been pickled and saved to '/efs/timesync/1984/audit/1984_23056_3130_qa_rejects.p'.
Success tracking goes here
