{'project_id': '3130', 'year': '1984', 'x': 1779420, 'y': 2324730, 'plot_id': '19996', 'strata': '41'}
Pandas(Index=0, project_id='3130', plot_id='19996', x=1779420, y=2324730)
called process_plot
Pandas(Index=0, project_id='3130', plot_id='19996', x=1779420, y=2324730)
19996
Directory '/efs/timesync/1984/audit/' already exists.
Data has been pickled and saved to '/efs/timesync/1984/audit/1984_19996_3130.p'.
Failed qa: 1984-03-24T15:10:29.906025Z
Failed qa: 1984-05-07T15:12:48.548519Z
Failed qa: 1984-05-23T15:13:29.9070250Z
Failed qa: 1984-06-01T15:07:07.8720440Z
Failed qa: 1984-06-08T15:13:38.662062Z
Failed qa: 1984-06-17T15:07:24.9380060Z
Failed qa: 1984-06-24T15:13:41.3770130Z
.......Failed qa: 1984-07-10T15:14:02.782076Z
.......Failed qa: 1984-08-27T15:15:29.220028Z
..............Failed qa: 1984-09-28T15:15:34.252519Z
.......Failed qa: 1984-10-14T15:15:32.115006Z
..............Failed qa: 1984-12-01T15:15:34.6620750Z
Data has been pickled and saved to '/efs/timesync/1984/audit/1984_19996_3130_qa_rejects.p'.
Success tracking goes here
