{'project_id': '3130', 'year': '1984', 'x': -1187820, 'y': 2449140, 'plot_id': '12906', 'strata': '41'}
Pandas(Index=0, project_id='3130', plot_id='12906', x=-1187820, y=2449140)
called process_plot
Pandas(Index=0, project_id='3130', plot_id='12906', x=-1187820, y=2449140)
12906
Directory '/efs/timesync/1984/audit/' already exists.
Data has been pickled and saved to '/efs/timesync/1984/audit/1984_12906_3130.p'.
.......Failed qa: 1984-04-15T17:28:00.121584Z
.......Failed qa: 1984-05-01T17:28:10.171566Z
.......Failed qa: 1984-05-15T17:40:36.383072Z
Failed qa: 1984-05-31T17:40:49.4590060Z
Failed qa: 1984-06-02T17:28:54.204019Z
Failed qa: 1984-06-09T17:34:49.0080500Z
Failed qa: 1984-06-18T17:28:58.848537Z
.......Failed qa: 1984-07-02T17:41:30.537569Z
Failed qa: 1984-07-04T17:29:22.096035Z
Failed qa: 1984-07-11T17:35:12.5030880Z
Failed qa: 1984-07-18T17:41:36.9640880Z
Failed qa: 1984-07-20T17:29:43.589063Z
Failed qa: 1984-08-05T17:30:05.074016Z
Failed qa: 1984-09-22T17:30:56.569563Z
Failed qa: 1984-10-22T17:43:01.716050Z
Failed qa: 1984-10-24T17:31:15.3640310Z
Failed qa: 1984-11-09T17:30:55.710000Z
.......Data has been pickled and saved to '/efs/timesync/1984/audit/1984_12906_3130_qa_rejects.p'.
Success tracking goes here
