{'project_id': '3130', 'year': '1984', 'x': -1532880, 'y': 1791390, 'plot_id': '18551', 'strata': '41'}
Pandas(Index=0, project_id='3130', plot_id='18551', x=-1532880, y=1791390)
called process_plot
Pandas(Index=0, project_id='3130', plot_id='18551', x=-1532880, y=1791390)
18551
Directory '/efs/timesync/1984/audit/' already exists.
Data has been pickled and saved to '/efs/timesync/1984/audit/1984_18551_3130.p'.
Failed qa: 1984-03-23T17:49:02.2720750Z
.....................Failed qa: 1984-05-06T17:48:17.0510560Z
.......Failed qa: 1984-05-15T17:43:11.6400440Z
Failed qa: 1984-05-22T17:49:10.6480250Z
.......Failed qa: 1984-06-07T17:49:31.7700500Z
.......Failed qa: 1984-06-23T17:49:46.7160630Z
..............Failed qa: 1984-08-26T17:51:22.8500250Z
Failed qa: 1984-09-20T17:45:17.490047Z
Failed qa: 1984-10-13T17:51:26.3980000Z
.......Failed qa: 1984-11-23T17:44:40.0250880Z
Failed qa: 1984-11-30T17:50:52.3330440Z
Data has been pickled and saved to '/efs/timesync/1984/audit/1984_18551_3130_qa_rejects.p'.
Success tracking goes here
