{'project_id': '3130', 'year': '1984', 'x': -1536150, 'y': 1143570, 'plot_id': '18971', 'strata': '41'}
Pandas(Index=0, project_id='3130', plot_id='18971', x=-1536150, y=1143570)
called process_plot
Pandas(Index=0, project_id='3130', plot_id='18971', x=-1536150, y=1143570)
18971
Directory '/efs/timesync/1984/audit/' already exists.
Data has been pickled and saved to '/efs/timesync/1984/audit/1984_18971_3130.p'.
Failed qa: 1984-03-15T17:25:50.3060750Z
Failed qa: 1984-04-06T17:37:20.3400190Z
Failed qa: 1984-05-08T17:37:46.855051Z
Failed qa: 1984-05-10T17:25:41.1180000Z
Failed qa: 1984-05-26T17:26:08.8720440Z
Failed qa: 1984-06-02T17:32:05.2050000Z
Failed qa: 1984-06-09T17:38:35.896541Z
.......Failed qa: 1984-06-25T17:38:50.143079Z
Failed qa: 1984-06-27T17:26:41.8690000Z
Failed qa: 1984-07-20T17:32:54.6600560Z
Failed qa: 1984-08-14T17:27:46.747047Z
Failed qa: 1984-09-22T17:34:07.6430000Z
Failed qa: 1984-10-17T17:28:17.6780440Z
.......Failed qa: 1984-11-02T17:28:11.5530940Z
Failed qa: 1984-11-18T17:28:05.6870130Z
Data has been pickled and saved to '/efs/timesync/1984/audit/1984_18971_3130_qa_rejects.p'.
Success tracking goes here
