{'project_id': '3130', 'year': '1984', 'x': 1285830, 'y': 751560, 'plot_id': '24771', 'strata': '41'}
Pandas(Index=0, project_id='3130', plot_id='24771', x=1285830, y=751560)
called process_plot
Pandas(Index=0, project_id='3130', plot_id='24771', x=1285830, y=751560)
24771
Directory '/efs/timesync/1984/audit/' already exists.
Data has been pickled and saved to '/efs/timesync/1984/audit/1984_24771_3130.p'.
Failed qa: 1984-04-10T15:34:56.8360880Z
Failed qa: 1984-04-12T15:22:59.1450630Z
...................................Failed qa: 1984-07-01T15:24:19.5760060Z
.......Failed qa: 1984-08-18T15:25:29.321075Z
Failed qa: 1984-09-01T15:37:50.3770810Z
Failed qa: 1984-09-03T15:25:41.216528Z
Failed qa: 1984-09-26T15:32:06.7300630Z
Failed qa: 1984-10-03T15:37:53.4380940Z
Failed qa: 1984-10-05T15:25:43.420559Z
.......Failed qa: 1984-10-19T15:37:50.2860380Z
Failed qa: 1984-10-21T15:25:51.8500060Z
.......Data has been pickled and saved to '/efs/timesync/1984/audit/1984_24771_3130_qa_rejects.p'.
Success tracking goes here
