{'project_id': '3130', 'year': '1984', 'x': 2064300, 'y': 2661840, 'plot_id': '15091', 'strata': '41'}
Pandas(Index=0, project_id='3130', plot_id='15091', x=2064300, y=2661840)
called process_plot
Pandas(Index=0, project_id='3130', plot_id='15091', x=2064300, y=2661840)
15091
Directory '/efs/timesync/1984/audit/' already exists.
Data has been pickled and saved to '/efs/timesync/1984/audit/1984_15091_3130.p'.
...................................Failed qa: 1984-06-10T15:00:55.237544Z
..............Failed qa: 1984-06-26T15:00:57.1570810Z
.....................Failed qa: 1984-07-28T15:01:52.619076Z
Failed qa: 1984-08-29T15:02:32.3360880Z
Failed qa: 1984-08-31T14:50:35.3830630Z
Failed qa: 1984-09-14T15:02:36.0420190Z
..............Failed qa: 1984-09-30T15:02:48.617072Z
Failed qa: 1984-10-09T14:56:48.8660560Z
Failed qa: 1984-10-16T15:02:46.051041Z
..............Failed qa: 1984-11-01T15:02:28.0550940Z
.......Failed qa: 1984-11-17T15:02:33.529550Z
..............Data has been pickled and saved to '/efs/timesync/1984/audit/1984_15091_3130_qa_rejects.p'.
Success tracking goes here
