{'project_id': '3130', 'year': '1984', 'x': -584640, 'y': 2046630, 'plot_id': '7036', 'strata': '41'}
Pandas(Index=0, project_id='3130', plot_id='7036', x=-584640, y=2046630)
called process_plot
Pandas(Index=0, project_id='3130', plot_id='7036', x=-584640, y=2046630)
7036
Directory '/efs/timesync/1984/audit/' already exists.
Data has been pickled and saved to '/efs/timesync/1984/audit/1984_7036_3130.p'.
..............Failed qa: 1984-05-07T16:52:05.689038Z
..............Failed qa: 1984-05-23T16:52:35.118512Z
.......Failed qa: 1984-06-08T16:52:55.830512Z
..............Failed qa: 1984-06-24T16:52:58.4070690Z
Failed qa: 1984-07-01T16:59:37.9050630Z
.......Failed qa: 1984-07-10T16:53:19.811575Z
.....................Failed qa: 1984-08-25T17:07:19.1240190Z
Failed qa: 1984-08-27T16:54:46.244531Z
..............Failed qa: 1984-09-12T16:54:50.357028Z
..............Failed qa: 1984-09-28T16:54:51.305013Z
.......Failed qa: 1984-10-30T16:54:31.5870440Z
.....................Failed qa: 1984-12-01T16:54:39.876566Z
Data has been pickled and saved to '/efs/timesync/1984/audit/1984_7036_3130_qa_rejects.p'.
Success tracking goes here
