{'project_id': '3130', 'year': '1984', 'x': -214260, 'y': 2717130, 'plot_id': '10096', 'strata': '41'}
Pandas(Index=0, project_id='3130', plot_id='10096', x=-214260, y=2717130)
called process_plot
Pandas(Index=0, project_id='3130', plot_id='10096', x=-214260, y=2717130)
10096
Directory '/efs/timesync/1984/audit/' already exists.
Data has been pickled and saved to '/efs/timesync/1984/audit/1984_10096_3130.p'.
Failed qa: 1984-04-14T16:43:56.5910000Z
Failed qa: 1984-04-14T16:44:08.506032Z
Failed qa: 1984-04-19T17:02:05.0590500Z
..............Failed qa: 1984-05-05T17:02:23.849569Z
..............Failed qa: 1984-05-14T16:56:30.961576Z
Failed qa: 1984-05-14T16:56:54.792544Z
Failed qa: 1984-05-16T16:44:25.0080880Z
Failed qa: 1984-05-16T16:44:36.923572Z
Failed qa: 1984-05-21T17:02:42.2680500Z
..............Failed qa: 1984-06-01T16:44:49.4100440Z
Failed qa: 1984-06-01T16:44:49.4100440Z
Failed qa: 1984-06-08T16:51:32.2100190Z
Failed qa: 1984-06-15T16:57:14.374535Z
Failed qa: 1984-06-15T16:57:26.2900000Z
Failed qa: 1984-06-17T16:45:06.5090060Z
Failed qa: 1984-06-17T16:45:18.424025Z
Failed qa: 1984-06-22T17:03:19.1500310Z
..............Failed qa: 1984-07-01T16:57:26.481550Z
Failed qa: 1984-07-01T16:57:50.383069Z
Failed qa: 1984-07-03T16:45:18.0230880Z
Failed qa: 1984-07-03T16:45:29.938554Z
Failed qa: 1984-07-08T17:03:29.1650630Z
Failed qa: 1984-07-10T16:51:08.5300940Z
Failed qa: 1984-07-10T16:51:56.1910690Z
Failed qa: 1984-07-17T16:57:43.106554Z
Failed qa: 1984-07-17T16:58:06.937037Z
Failed qa: 1984-07-19T16:45:37.8750560Z
Failed qa: 1984-07-19T16:45:49.790528Z
Failed qa: 1984-07-24T17:03:57.2430130Z
..............Failed qa: 1984-08-02T16:58:17.145519Z
Failed qa: 1984-08-02T16:58:29.1320190Z
Failed qa: 1984-08-04T16:46:35.2670810Z
..............Failed qa: 1984-08-18T16:58:48.205535Z
Failed qa: 1984-08-18T16:59:00.1210060Z
Failed qa: 1984-08-25T17:04:55.8560940Z
..............Failed qa: 1984-09-03T16:59:00.002581Z
Failed qa: 1984-09-03T16:59:23.904553Z
Failed qa: 1984-09-05T16:46:38.893056Z
Failed qa: 1984-09-05T16:47:02.723550Z
Failed qa: 1984-09-12T16:53:26.8080060Z
Failed qa: 1984-09-19T16:59:02.568575Z
Failed qa: 1984-09-19T16:59:26.470553Z
Failed qa: 1984-09-21T16:46:53.0350690Z
Failed qa: 1984-09-21T16:47:04.950541Z
Failed qa: 1984-09-26T17:05:01.7510880Z
..............Failed qa: 1984-10-05T16:59:02.201575Z
Failed qa: 1984-10-05T16:59:14.1880880Z
Failed qa: 1984-10-21T16:59:10.5580630Z
Failed qa: 1984-10-21T16:59:10.5580630Z
Failed qa: 1984-10-23T16:46:48.3250250Z
Failed qa: 1984-10-23T16:46:48.3250250Z
Failed qa: 1984-10-28T17:04:54.8320380Z
..............Failed qa: 1984-11-06T16:58:51.713541Z
Failed qa: 1984-11-06T16:59:03.6290500Z
Failed qa: 1984-11-08T16:46:40.9170630Z
Failed qa: 1984-11-08T16:46:52.832569Z
Failed qa: 1984-11-13T17:04:58.410528Z
Failed qa: 1984-11-22T16:58:48.705550Z
Failed qa: 1984-11-22T16:59:12.537041Z
Failed qa: 1984-11-24T16:46:39.3930250Z
Failed qa: 1984-11-24T16:46:51.308550Z
Data has been pickled and saved to '/efs/timesync/1984/audit/1984_10096_3130_qa_rejects.p'.
Success tracking goes here
