{'project_id': '3130', 'year': '1984', 'x': 1049160, 'y': 1950390, 'plot_id': '976', 'strata': '41'}
Pandas(Index=0, project_id='3130', plot_id='976', x=1049160, y=1950390)
called process_plot
Pandas(Index=0, project_id='3130', plot_id='976', x=1049160, y=1950390)
976
Directory '/efs/timesync/1984/audit/' already exists.
Data has been pickled and saved to '/efs/timesync/1984/audit/1984_0976_3130.p'.
Failed qa: 1984-03-15T15:44:57.9920130Z
Failed qa: 1984-03-27T15:33:05.880535Z
.......Failed qa: 1984-04-10T15:31:57.607031Z
Failed qa: 1984-05-12T15:32:18.874059Z
............................Failed qa: 1984-06-13T15:33:04.186563Z
..............Failed qa: 1984-06-29T15:33:17.029547Z
..............Failed qa: 1984-07-15T15:33:30.353553Z
.......Failed qa: 1984-09-01T15:34:51.149572Z
.......Failed qa: 1984-09-17T15:34:54.167572Z
..............Failed qa: 1984-10-03T15:34:54.208035Z
..............Failed qa: 1984-10-19T15:34:51.126534Z
.......Failed qa: 1984-11-20T15:34:40.130562Z
.......Data has been pickled and saved to '/efs/timesync/1984/audit/1984_0976_3130_qa_rejects.p'.
Success tracking goes here
