{'project_id': '3130', 'year': '1984', 'x': -606660, 'y': 1694970, 'plot_id': '13111', 'strata': '41'}
Pandas(Index=0, project_id='3130', plot_id='13111', x=-606660, y=1694970)
called process_plot
Pandas(Index=0, project_id='3130', plot_id='13111', x=-606660, y=1694970)
13111
Directory '/efs/timesync/1984/audit/' already exists.
Data has been pickled and saved to '/efs/timesync/1984/audit/1984_13111_3130.p'.
Failed qa: 1984-04-14T16:46:43.5480310Z
.......Failed qa: 1984-05-23T16:53:34.7660440Z
Failed qa: 1984-06-01T16:47:36.5080880Z
Failed qa: 1984-06-08T16:53:31.7900250Z
.......Failed qa: 1984-06-17T16:47:53.6070310Z
.......Failed qa: 1984-07-03T16:48:05.1210810Z
Failed qa: 1984-07-10T16:54:07.615072Z
.......Failed qa: 1984-07-19T16:48:24.8310000Z
Failed qa: 1984-08-04T16:48:46.690563Z
.......Failed qa: 1984-08-20T16:49:17.355532Z
..............Failed qa: 1984-09-05T16:49:26.063022Z
..............Failed qa: 1984-09-21T16:49:28.290063Z
.......Failed qa: 1984-10-07T16:49:27.501075Z
..............Failed qa: 1984-11-08T16:49:27.8780380Z
.......Failed qa: 1984-12-01T16:55:27.682575Z
Data has been pickled and saved to '/efs/timesync/1984/audit/1984_13111_3130_qa_rejects.p'.
Success tracking goes here
