{'project_id': '3130', 'year': '1984', 'x': -902580, 'y': 1906440, 'plot_id': '5521', 'strata': '41'}
Pandas(Index=0, project_id='3130', plot_id='5521', x=-902580, y=1906440)
called process_plot
Pandas(Index=0, project_id='3130', plot_id='5521', x=-902580, y=1906440)
5521
Directory '/efs/timesync/1984/audit/' already exists.
Data has been pickled and saved to '/efs/timesync/1984/audit/1984_5521_3130.p'.
..............Failed qa: 1984-05-03T17:17:16.5510000Z
Failed qa: 1984-05-05T17:04:35.2040940Z
..............Failed qa: 1984-05-21T17:05:05.5370810Z
..............Failed qa: 1984-06-06T17:05:39.226581Z
..............Failed qa: 1984-06-22T17:05:54.403544Z
..............Failed qa: 1984-07-08T17:06:04.561553Z
.......Failed qa: 1984-07-24T17:06:32.496575Z
Failed qa: 1984-08-25T17:07:31.110519Z
..............Failed qa: 1984-09-10T17:07:23.6480130Z
Failed qa: 1984-09-26T17:07:25.0200690Z
.......Failed qa: 1984-11-13T17:07:21.755081Z
..............Data has been pickled and saved to '/efs/timesync/1984/audit/1984_5521_3130_qa_rejects.p'.
Success tracking goes here
