{'project_id': '3130', 'year': '1984', 'x': -457560, 'y': 2230590, 'plot_id': '20151', 'strata': '41'}
Pandas(Index=0, project_id='3130', plot_id='20151', x=-457560, y=2230590)
called process_plot
Pandas(Index=0, project_id='3130', plot_id='20151', x=-457560, y=2230590)
20151
Directory '/efs/timesync/1984/audit/' already exists.
Data has been pickled and saved to '/efs/timesync/1984/audit/1984_20151_3130.p'.
.......Failed qa: 1984-04-14T16:45:08.2250630Z
Failed qa: 1984-05-07T16:51:41.858060Z
.......Failed qa: 1984-05-16T16:46:00.4740380Z
Failed qa: 1984-05-23T16:52:11.216522Z
Failed qa: 1984-06-01T16:46:24.8740880Z
Failed qa: 1984-06-08T16:52:31.928537Z
.......Failed qa: 1984-06-17T16:46:30.129053Z
Failed qa: 1984-06-24T16:52:58.4070690Z
.......Failed qa: 1984-07-03T16:46:41.572531Z
Failed qa: 1984-07-10T16:52:55.981534Z
.......Failed qa: 1984-07-19T16:47:01.353032Z
Failed qa: 1984-08-04T16:47:46.9010440Z
Failed qa: 1984-08-18T17:00:35.5850250Z
Failed qa: 1984-08-20T16:48:17.5650940Z
Failed qa: 1984-08-27T16:54:22.414053Z
.......Failed qa: 1984-09-05T16:48:14.429032Z
Failed qa: 1984-09-12T16:54:26.455051Z
Failed qa: 1984-09-19T17:00:49.8770750Z
Failed qa: 1984-09-21T16:48:16.584547Z
Failed qa: 1984-09-28T16:54:39.2470130Z
.......Failed qa: 1984-10-07T16:48:15.866547Z
.......Failed qa: 1984-10-30T16:54:19.671541Z
.......Failed qa: 1984-11-08T16:48:04.397544Z
.......Failed qa: 1984-11-24T16:48:03.017515Z
Failed qa: 1984-12-01T16:54:15.973563Z
Data has been pickled and saved to '/efs/timesync/1984/audit/1984_20151_3130_qa_rejects.p'.
Success tracking goes here
