{'project_id': '3130', 'year': '1984', 'x': 286680, 'y': 1449660, 'plot_id': '18701', 'strata': '41'}
Pandas(Index=0, project_id='3130', plot_id='18701', x=286680, y=1449660)
called process_plot
Pandas(Index=0, project_id='3130', plot_id='18701', x=286680, y=1449660)
18701
Directory '/efs/timesync/1984/audit/' already exists.
Data has been pickled and saved to '/efs/timesync/1984/audit/1984_18701_3130.p'.
Failed qa: 1984-04-11T16:16:36.9790060Z
Failed qa: 1984-04-11T16:16:36.9790060Z
Failed qa: 1984-04-18T16:22:12.259028Z
..............Failed qa: 1984-05-06T16:10:35.3460060Z
..............Failed qa: 1984-05-20T16:22:59.7120690Z
Failed qa: 1984-05-22T16:10:53.268516Z
Failed qa: 1984-05-22T16:10:53.268516Z
..............Failed qa: 1984-06-07T16:11:14.393541Z
Failed qa: 1984-06-07T16:11:14.393541Z
..............Failed qa: 1984-06-16T16:05:12.702528Z
Failed qa: 1984-06-21T16:23:25.522506Z
Failed qa: 1984-06-23T16:11:29.372079Z
Failed qa: 1984-06-23T16:11:29.372079Z
..............Failed qa: 1984-07-07T16:23:47.8750130Z
Failed qa: 1984-07-09T16:11:39.054063Z
Failed qa: 1984-07-09T16:11:39.054063Z
..............Failed qa: 1984-08-08T16:24:35.097591Z
..............Failed qa: 1984-09-02T16:19:30.7500940Z
Failed qa: 1984-09-02T16:19:30.7500940Z
Failed qa: 1984-09-04T16:06:57.740503Z
Failed qa: 1984-09-09T16:25:19.2840940Z
..........................................Failed qa: 1984-10-11T16:25:07.262025Z
Failed qa: 1984-10-13T16:13:09.088551Z
Failed qa: 1984-10-13T16:13:09.088551Z
Failed qa: 1984-10-22T16:06:43.8510060Z
Failed qa: 1984-10-29T16:13:03.839516Z
Failed qa: 1984-10-29T16:13:03.839516Z
..............Failed qa: 1984-11-07T16:06:48.735550Z
Failed qa: 1984-11-12T16:24:54.225050Z
..............Failed qa: 1984-11-23T16:06:46.474047Z
Failed qa: 1984-11-28T16:24:55.748079Z
Failed qa: 1984-11-30T16:12:58.708062Z
Data has been pickled and saved to '/efs/timesync/1984/audit/1984_18701_3130_qa_rejects.p'.
Success tracking goes here
