{'project_id': '3130', 'year': '1984', 'x': -1588980, 'y': 2664510, 'plot_id': '24541', 'strata': '41'}
Pandas(Index=0, project_id='3130', plot_id='24541', x=-1588980, y=2664510)
called process_plot
Pandas(Index=0, project_id='3130', plot_id='24541', x=-1588980, y=2664510)
24541
Directory '/efs/timesync/1984/audit/' already exists.
Data has been pickled and saved to '/efs/timesync/1984/audit/1984_24541_3130.p'.
.......Failed qa: 1984-04-25T18:04:39.7180190Z
Failed qa: 1984-04-27T17:52:29.346572Z
Failed qa: 1984-05-13T17:52:54.252528Z
.......Failed qa: 1984-05-27T18:05:39.152056Z
Failed qa: 1984-05-29T17:53:20.300566Z
.......Failed qa: 1984-06-12T18:06:10.0510750Z
Failed qa: 1984-06-14T17:53:38.513550Z
.......Failed qa: 1984-06-28T18:06:11.315566Z
Failed qa: 1984-06-30T17:53:51.000016Z
Failed qa: 1984-07-07T18:00:17.6030500Z
Failed qa: 1984-07-14T18:06:11.3420500Z
Failed qa: 1984-07-16T17:53:54.1610880Z
..............Failed qa: 1984-09-16T18:08:00.8140880Z
Failed qa: 1984-10-02T18:07:37.1940880Z
Failed qa: 1984-10-18T18:07:46.241565Z
.......Data has been pickled and saved to '/efs/timesync/1984/audit/1984_24541_3130_qa_rejects.p'.
Success tracking goes here
