{'project_id': '3130', 'year': '1984', 'x': 284280, 'y': 1669110, 'plot_id': '22736', 'strata': '41'}
Pandas(Index=0, project_id='3130', plot_id='22736', x=284280, y=1669110)
called process_plot
Pandas(Index=0, project_id='3130', plot_id='22736', x=284280, y=1669110)
22736
Directory '/efs/timesync/1984/audit/' already exists.
Data has been pickled and saved to '/efs/timesync/1984/audit/1984_22736_3130.p'.
Failed qa: 1984-03-23T16:10:09.523044Z
Failed qa: 1984-04-18T16:21:48.428056Z
Failed qa: 1984-04-18T16:21:36.5840560Z
Failed qa: 1984-04-20T16:09:14.8930500Z
............................Failed qa: 1984-05-22T16:10:05.607041Z
..............Failed qa: 1984-06-07T16:10:38.5050500Z
Failed qa: 1984-06-12T16:28:52.6040690Z
..............Failed qa: 1984-06-21T16:23:13.5360060Z
Failed qa: 1984-06-23T16:10:29.7960810Z
Failed qa: 1984-06-28T16:29:05.8230630Z
..............Failed qa: 1984-07-07T16:23:00.2140380Z
Failed qa: 1984-07-07T16:23:00.2140380Z
Failed qa: 1984-07-09T16:10:51.465013Z
Failed qa: 1984-07-14T16:29:17.5790940Z
..............Failed qa: 1984-08-08T16:24:11.339044Z
Failed qa: 1984-08-26T16:12:17.924066Z
Failed qa: 1984-08-31T16:30:40.3500560Z
Failed qa: 1984-09-11T16:12:22.250009Z
............................Failed qa: 1984-10-11T16:24:55.2750500Z
Failed qa: 1984-10-13T16:12:33.3420880Z
Failed qa: 1984-10-29T16:12:04.2620130Z
Failed qa: 1984-11-03T16:30:34.4410750Z
..............Failed qa: 1984-11-12T16:24:30.393569Z
Failed qa: 1984-11-12T16:24:18.5490880Z
Failed qa: 1984-11-19T16:30:29.2880310Z
..............Failed qa: 1984-11-28T16:24:31.916569Z
Failed qa: 1984-11-28T16:24:20.0720750Z
Failed qa: 1984-11-30T16:12:22.9610440Z
Data has been pickled and saved to '/efs/timesync/1984/audit/1984_22736_3130_qa_rejects.p'.
Success tracking goes here
