{'project_id': '3130', 'year': '1984', 'x': 1444740, 'y': 1811700, 'plot_id': '386', 'strata': '41'}
Pandas(Index=0, project_id='3130', plot_id='386', x=1444740, y=1811700)
called process_plot
Pandas(Index=0, project_id='3130', plot_id='386', x=1444740, y=1811700)
386
Directory '/efs/timesync/1984/audit/' already exists.
Data has been pickled and saved to '/efs/timesync/1984/audit/1984_0386_3130.p'.
Failed qa: 1984-04-10T15:31:57.607031Z
............................Failed qa: 1984-05-05T15:26:29.5250190Z
Failed qa: 1984-05-12T15:32:18.874059Z
..........................................Failed qa: 1984-06-13T15:33:04.186563Z
............................Failed qa: 1984-06-29T15:33:17.029547Z
............................Failed qa: 1984-07-15T15:33:30.353553Z
Failed qa: 1984-08-18T15:22:30.1650500Z
Failed qa: 1984-08-18T15:22:53.995540Z
Failed qa: 1984-08-25T15:28:37.910500Z
Failed qa: 1984-08-25T15:29:01.740532Z
............................Failed qa: 1984-09-26T15:28:31.8260380Z
Failed qa: 1984-09-26T15:29:19.4870750Z
............................Failed qa: 1984-10-19T15:34:51.126534Z
........................................................Failed qa: 1984-11-20T15:34:40.130562Z
..............Data has been pickled and saved to '/efs/timesync/1984/audit/1984_0386_3130_qa_rejects.p'.
Success tracking goes here
