{'project_id': '3130', 'year': '1984', 'x': 265170, 'y': 2122860, 'plot_id': '16696', 'strata': '41'}
Pandas(Index=0, project_id='3130', plot_id='16696', x=265170, y=2122860)
called process_plot
Pandas(Index=0, project_id='3130', plot_id='16696', x=265170, y=2122860)
16696
Directory '/efs/timesync/1984/audit/' already exists.
Data has been pickled and saved to '/efs/timesync/1984/audit/1984_16696_3130.p'.
Failed qa: 1984-04-16T16:32:46.5660750Z
.......Failed qa: 1984-04-25T16:26:58.2950880Z
Failed qa: 1984-05-04T16:20:29.4700630Z
.......Failed qa: 1984-06-12T16:27:40.9700690Z
.......Failed qa: 1984-06-28T16:28:06.033075Z
Failed qa: 1984-07-05T16:34:09.0790690Z
.......Failed qa: 1984-07-14T16:28:29.6330940Z
.......Failed qa: 1984-08-31T16:29:40.417550Z
Failed qa: 1984-09-18T16:17:34.0240190Z
Failed qa: 1984-10-04T16:17:33.9550940Z
Failed qa: 1984-11-03T16:29:34.507035Z
Failed qa: 1984-11-10T16:35:29.7420560Z
.......Failed qa: 1984-11-19T16:29:29.495544Z
.......Data has been pickled and saved to '/efs/timesync/1984/audit/1984_16696_3130_qa_rejects.p'.
Success tracking goes here
