{'project_id': '3130', 'year': '1984', 'x': -1662300, 'y': 2114640, 'plot_id': '15231', 'strata': '41'}
Pandas(Index=0, project_id='3130', plot_id='15231', x=-1662300, y=2114640)
called process_plot
Pandas(Index=0, project_id='3130', plot_id='15231', x=-1662300, y=2114640)
15231
Directory '/efs/timesync/1984/audit/' already exists.
Data has been pickled and saved to '/efs/timesync/1984/audit/1984_15231_3130.p'.
............................Failed qa: 1984-04-13T17:41:21.249531Z
Failed qa: 1984-04-13T17:41:45.222572Z
............................Failed qa: 1984-04-29T17:41:30.3930940Z
Failed qa: 1984-04-29T17:41:30.3930940Z
Failed qa: 1984-05-04T18:00:10.4990750Z
Failed qa: 1984-05-04T18:00:22.486044Z
............................Failed qa: 1984-05-13T17:53:53.9720190Z
Failed qa: 1984-05-13T17:54:41.9180940Z
Failed qa: 1984-05-13T17:53:53.9720190Z
Failed qa: 1984-05-15T17:41:48.089553Z
Failed qa: 1984-05-15T17:42:00.0050440Z
Failed qa: 1984-05-20T18:00:29.431579Z
Failed qa: 1984-05-20T18:00:53.333578Z
Failed qa: 1984-05-22T17:48:46.9600380Z
Failed qa: 1984-05-22T17:47:59.0130750Z
Failed qa: 1984-05-22T17:48:46.9600380Z
Failed qa: 1984-05-29T17:54:20.0200250Z
Failed qa: 1984-05-29T17:54:20.0200250Z
Failed qa: 1984-05-31T17:42:13.008038Z
Failed qa: 1984-05-31T17:42:36.909572Z
Failed qa: 1984-06-05T18:00:51.516059Z
Failed qa: 1984-06-05T18:01:15.489072Z
............................Failed qa: 1984-06-14T17:54:38.2320810Z
Failed qa: 1984-06-14T17:55:26.1790130Z
Failed qa: 1984-06-14T17:54:38.2320810Z
Failed qa: 1984-06-21T18:01:07.105528Z
Failed qa: 1984-06-21T18:01:31.078535Z
........................................................Failed qa: 1984-07-02T17:42:42.243041Z
Failed qa: 1984-07-02T17:43:06.216506Z
Failed qa: 1984-07-07T18:01:17.392569Z
Failed qa: 1984-07-07T18:01:41.365569Z
............................Failed qa: 1984-07-16T17:55:05.7950750Z
Failed qa: 1984-07-16T17:55:53.7410810Z
Failed qa: 1984-07-16T17:55:05.7950750Z
Failed qa: 1984-07-23T18:01:43.833584Z
Failed qa: 1984-07-23T18:02:07.806581Z
Failed qa: 1984-08-08T18:02:16.827591Z
Failed qa: 1984-08-08T18:02:40.800588Z
Failed qa: 1984-08-26T17:50:59.3050380Z
Failed qa: 1984-08-26T17:50:59.3050380Z
Failed qa: 1984-09-20T17:44:17.699560Z
Failed qa: 1984-09-20T17:44:41.672581Z
........................................................Failed qa: 1984-10-22T17:44:25.4090880Z
Failed qa: 1984-10-22T17:44:37.396060Z
Failed qa: 1984-10-27T18:02:31.9190250Z
Failed qa: 1984-11-12T18:03:11.6060130Z
............................Failed qa: 1984-11-23T17:44:04.064047Z
Failed qa: 1984-11-23T17:44:28.038072Z
Failed qa: 1984-11-28T18:02:49.2950690Z
Failed qa: 1984-11-28T18:03:01.282081Z
............................Data has been pickled and saved to '/efs/timesync/1984/audit/1984_15231_3130_qa_rejects.p'.
Success tracking goes here
