{'project_id': '3130', 'year': '1984', 'x': -640050, 'y': 1957560, 'plot_id': '14841', 'strata': '41'}
Pandas(Index=0, project_id='3130', plot_id='14841', x=-640050, y=1957560)
called process_plot
Pandas(Index=0, project_id='3130', plot_id='14841', x=-640050, y=1957560)
14841
Directory '/efs/timesync/1984/audit/' already exists.
Data has been pickled and saved to '/efs/timesync/1984/audit/1984_14841_3130.p'.
Failed qa: 1984-04-10T17:10:50.779572Z
..............Failed qa: 1984-05-12T17:11:12.180547Z
..............Failed qa: 1984-05-28T17:11:26.9460690Z
.......Failed qa: 1984-06-13T17:11:57.480581Z
..............Failed qa: 1984-06-29T17:12:10.228503Z
..............Failed qa: 1984-07-15T17:12:23.694541Z
............................Failed qa: 1984-09-01T17:13:32.3590190Z
............................Failed qa: 1984-10-05T17:01:37.4580250Z
Failed qa: 1984-11-04T17:13:37.728013Z
Failed qa: 1984-11-06T17:01:27.0440560Z
.......Failed qa: 1984-11-20T17:13:33.263550Z
.......Data has been pickled and saved to '/efs/timesync/1984/audit/1984_14841_3130_qa_rejects.p'.
Success tracking goes here
