{'project_id': '3130', 'year': '1984', 'x': -1099320, 'y': 2522910, 'plot_id': '7001', 'strata': '41'}
Pandas(Index=0, project_id='3130', plot_id='7001', x=-1099320, y=2522910)
called process_plot
Pandas(Index=0, project_id='3130', plot_id='7001', x=-1099320, y=2522910)
7001
Directory '/efs/timesync/1984/audit/' already exists.
Data has been pickled and saved to '/efs/timesync/1984/audit/1984_7001_3130.p'.
..............Failed qa: 1984-04-29T17:40:06.700572Z
Failed qa: 1984-05-01T17:28:10.171566Z
.......Failed qa: 1984-05-15T17:40:36.383072Z
Failed qa: 1984-05-31T17:40:49.4590060Z
.......Failed qa: 1984-06-09T17:34:49.0080500Z
..............Failed qa: 1984-07-02T17:41:30.537569Z
.......Failed qa: 1984-07-11T17:35:12.5030880Z
Failed qa: 1984-07-18T17:41:36.9640880Z
..............Failed qa: 1984-09-22T17:30:56.569563Z
Failed qa: 1984-10-22T17:43:01.716050Z
Failed qa: 1984-10-24T17:31:15.3640310Z
.......Failed qa: 1984-11-23T17:43:04.2710440Z
Data has been pickled and saved to '/efs/timesync/1984/audit/1984_7001_3130_qa_rejects.p'.
Success tracking goes here
