{'project_id': '3130', 'year': '1984', 'x': -1146390, 'y': 1966710, 'plot_id': '17161', 'strata': '41'}
Pandas(Index=0, project_id='3130', plot_id='17161', x=-1146390, y=1966710)
called process_plot
Pandas(Index=0, project_id='3130', plot_id='17161', x=-1146390, y=1966710)
17161
Directory '/efs/timesync/1984/audit/' already exists.
Data has been pickled and saved to '/efs/timesync/1984/audit/1984_17161_3130.p'.
..............Failed qa: 1984-04-06T17:34:57.0700940Z
..............Failed qa: 1984-04-17T17:17:02.142544Z
Failed qa: 1984-05-01T17:28:45.9890380Z
Failed qa: 1984-05-01T17:29:33.9350880Z
Failed qa: 1984-05-03T17:17:16.5510000Z
Failed qa: 1984-05-08T17:35:23.585069Z
..............Failed qa: 1984-05-19T17:17:35.892578Z
............................Failed qa: 1984-06-04T17:17:58.579587Z
Failed qa: 1984-06-09T17:36:00.6420380Z
Failed qa: 1984-06-11T17:23:41.1620250Z
Failed qa: 1984-06-11T17:24:29.1080500Z
..............Failed qa: 1984-06-20T17:18:14.554062Z
Failed qa: 1984-06-25T17:36:14.8180380Z
............................Failed qa: 1984-07-06T17:18:25.202522Z
Failed qa: 1984-07-13T17:24:52.7680690Z
........................................................Failed qa: 1984-09-08T17:19:44.9860750Z
Failed qa: 1984-09-08T17:19:44.9860750Z
............................Failed qa: 1984-10-17T17:26:18.3810750Z
........................................................Failed qa: 1984-11-27T17:19:45.398053Z
Data has been pickled and saved to '/efs/timesync/1984/audit/1984_17161_3130_qa_rejects.p'.
Success tracking goes here
