{'project_id': '3130', 'year': '1984', 'x': -631770, 'y': 2561310, 'plot_id': '3801', 'strata': '41'}
Pandas(Index=0, project_id='3130', plot_id='3801', x=-631770, y=2561310)
called process_plot
Pandas(Index=0, project_id='3130', plot_id='3801', x=-631770, y=2561310)
3801
Directory '/efs/timesync/1984/audit/' already exists.
Data has been pickled and saved to '/efs/timesync/1984/audit/1984_3801_3130.p'.
Failed qa: 1984-03-15T17:21:39.718534Z
............................Failed qa: 1984-04-17T17:15:02.632041Z
Failed qa: 1984-04-17T17:15:14.6190130Z
Failed qa: 1984-04-24T17:21:00.4600190Z
Failed qa: 1984-05-03T17:15:05.053547Z
Failed qa: 1984-05-03T17:15:28.884519Z
Failed qa: 1984-05-05T17:03:23.4270130Z
Failed qa: 1984-05-10T17:21:30.466576Z
Failed qa: 1984-05-10T17:21:42.3820630Z
Failed qa: 1984-05-12T17:09:00.7550060Z
Failed qa: 1984-05-12T17:09:48.4160560Z
Failed qa: 1984-05-19T17:15:36.454053Z
Failed qa: 1984-05-19T17:16:00.213088Z
Failed qa: 1984-05-26T17:21:58.223053Z
Failed qa: 1984-05-26T17:22:10.1380810Z
Failed qa: 1984-05-28T17:09:27.5080750Z
Failed qa: 1984-05-28T17:10:15.1690810Z
Failed qa: 1984-06-04T17:15:59.070569Z
Failed qa: 1984-06-04T17:16:22.901066Z
Failed qa: 1984-06-06T17:04:15.4640060Z
Failed qa: 1984-06-11T17:22:17.612560Z
Failed qa: 1984-06-11T17:22:29.5280310Z
..............Failed qa: 1984-06-20T17:16:15.117050Z
Failed qa: 1984-06-20T17:16:38.947535Z
Failed qa: 1984-06-22T17:04:30.7830810Z
Failed qa: 1984-06-27T17:22:31.079537Z
Failed qa: 1984-06-27T17:22:42.9950000Z
..............Failed qa: 1984-07-06T17:16:25.694035Z
Failed qa: 1984-07-06T17:16:49.524069Z
Failed qa: 1984-07-08T17:04:40.7990250Z
Failed qa: 1984-07-13T17:22:41.275041Z
Failed qa: 1984-07-13T17:22:53.1900440Z
..............Failed qa: 1984-07-22T17:16:38.5210880Z
Failed qa: 1984-07-24T17:05:08.7340310Z
Failed qa: 1984-07-29T17:23:28.0790310Z
Failed qa: 1984-08-14T17:23:47.874012Z
Failed qa: 1984-08-25T17:05:55.432068Z
Failed qa: 1984-08-30T17:23:54.0120690Z
..............Failed qa: 1984-09-08T17:17:57.464050Z
Failed qa: 1984-09-08T17:18:21.294541Z
Failed qa: 1984-09-10T17:06:11.8710560Z
Failed qa: 1984-09-15T17:23:57.4580000Z
Failed qa: 1984-09-26T17:06:13.2430500Z
Failed qa: 1984-10-03T17:11:36.0070560Z
Failed qa: 1984-10-10T17:18:09.6720810Z
Failed qa: 1984-10-10T17:18:09.6720810Z
Failed qa: 1984-10-17T17:24:07.026540Z
Failed qa: 1984-10-19T17:11:32.8290880Z
Failed qa: 1984-11-02T17:24:12.6710880Z
Failed qa: 1984-11-02T17:24:12.6710880Z
..............Failed qa: 1984-11-13T17:05:57.9890310Z
Failed qa: 1984-11-18T17:23:43.1140440Z
..............Failed qa: 1984-11-27T17:17:33.8960690Z
Failed qa: 1984-11-27T17:18:21.5590880Z
Data has been pickled and saved to '/efs/timesync/1984/audit/1984_3801_3130_qa_rejects.p'.
Success tracking goes here
