{'project_id': '3130', 'year': '1984', 'x': -1429080, 'y': 2709450, 'plot_id': '24321', 'strata': '41'}
Pandas(Index=0, project_id='3130', plot_id='24321', x=-1429080, y=2709450)
called process_plot
Pandas(Index=0, project_id='3130', plot_id='24321', x=-1429080, y=2709450)
24321
Directory '/efs/timesync/1984/audit/' already exists.
Data has been pickled and saved to '/efs/timesync/1984/audit/1984_24321_3130.p'.
Failed qa: 1984-03-23T17:46:51.349069Z
Failed qa: 1984-04-18T17:58:30.2180690Z
.......Failed qa: 1984-05-06T17:46:17.4690810Z
.......Failed qa: 1984-05-20T17:59:17.654547Z
Failed qa: 1984-05-22T17:46:59.294050Z
.......Failed qa: 1984-06-05T17:59:39.811032Z
Failed qa: 1984-06-07T17:47:32.3330060Z
.......Failed qa: 1984-06-21T17:59:55.400531Z
Failed qa: 1984-06-23T17:47:35.364037Z
.......Failed qa: 1984-07-07T18:00:17.6030500Z
Failed qa: 1984-07-09T17:47:45.081032Z
.......Failed qa: 1984-07-23T18:00:32.129031Z
Failed qa: 1984-08-08T18:01:05.123060Z
Failed qa: 1984-08-26T17:49:11.640062Z
Failed qa: 1984-10-13T17:49:15.043057Z
Failed qa: 1984-10-27T18:01:32.199040Z
Data has been pickled and saved to '/efs/timesync/1984/audit/1984_24321_3130_qa_rejects.p'.
Success tracking goes here
