{'project_id': '3130', 'year': '1984', 'x': 1480650, 'y': 2079600, 'plot_id': '24881', 'strata': '41'}
Pandas(Index=0, project_id='3130', plot_id='24881', x=1480650, y=2079600)
called process_plot
Pandas(Index=0, project_id='3130', plot_id='24881', x=1480650, y=2079600)
24881
Directory '/efs/timesync/1984/audit/' already exists.
Data has been pickled and saved to '/efs/timesync/1984/audit/1984_24881_3130.p'.
Failed qa: 1984-03-24T15:11:17.637569Z
Failed qa: 1984-04-10T15:31:33.633544Z
..............Failed qa: 1984-04-19T15:25:59.2110810Z
Failed qa: 1984-05-12T15:31:54.901022Z
Failed qa: 1984-05-14T15:20:12.9980750Z
Failed qa: 1984-05-14T15:20:12.9980750Z
Failed qa: 1984-05-21T15:26:24.327066Z
Failed qa: 1984-05-23T15:14:05.795534Z
Failed qa: 1984-06-06T15:26:34.0340060Z
Failed qa: 1984-06-08T15:14:26.536591Z
Failed qa: 1984-06-13T15:32:40.213547Z
..............Failed qa: 1984-06-22T15:27:01.208500Z
Failed qa: 1984-06-29T15:32:53.056541Z
Failed qa: 1984-07-08T15:26:59.3790630Z
Failed qa: 1984-07-15T15:33:06.380550Z
Failed qa: 1984-07-31T15:33:28.8470060Z
..............Failed qa: 1984-08-25T15:28:25.9240000Z
Failed qa: 1984-08-27T15:16:17.023525Z
Failed qa: 1984-09-01T15:34:27.176562Z
..............Failed qa: 1984-09-17T15:34:30.194543Z
..............Failed qa: 1984-09-26T15:28:31.8260380Z
Failed qa: 1984-10-03T15:34:30.234538Z
..............Failed qa: 1984-10-12T15:28:42.117528Z
Failed qa: 1984-10-14T15:16:19.990053Z
Failed qa: 1984-10-19T15:34:27.153029Z
..............Failed qa: 1984-10-28T15:28:36.891038Z
..............Failed qa: 1984-11-13T15:28:40.6120810Z
Failed qa: 1984-11-20T15:34:16.156553Z
..............Failed qa: 1984-12-01T15:16:10.624016Z
Data has been pickled and saved to '/efs/timesync/1984/audit/1984_24881_3130_qa_rejects.p'.
Success tracking goes here
