{'project_id': '3130', 'year': '1984', 'x': 683940, 'y': 1631580, 'plot_id': '14641', 'strata': '41'}
Pandas(Index=0, project_id='3130', plot_id='14641', x=683940, y=1631580)
called process_plot
Pandas(Index=0, project_id='3130', plot_id='14641', x=683940, y=1631580)
14641
Directory '/efs/timesync/1984/audit/' already exists.
Data has been pickled and saved to '/efs/timesync/1984/audit/1984_14641_3130.p'.
..............Failed qa: 1984-05-01T15:51:16.236510Z
..............Failed qa: 1984-06-16T16:04:48.800553Z
Failed qa: 1984-06-18T15:52:28.987560Z
Failed qa: 1984-07-04T15:52:52.1990880Z
..............Failed qa: 1984-09-04T16:06:33.767041Z
Failed qa: 1984-09-06T15:54:12.724547Z
.......Failed qa: 1984-09-22T15:54:14.695063Z
.......Failed qa: 1984-10-15T16:00:35.0590500Z
Failed qa: 1984-10-22T16:06:31.864022Z
.......Failed qa: 1984-11-07T16:06:24.762006Z
Failed qa: 1984-11-09T15:54:01.926047Z
Failed qa: 1984-11-23T16:06:22.500022Z
Failed qa: 1984-11-25T15:54:01.210528Z
Data has been pickled and saved to '/efs/timesync/1984/audit/1984_14641_3130_qa_rejects.p'.
Success tracking goes here
