{'project_id': '3130', 'year': '1984', 'x': 221070, 'y': 1452480, 'plot_id': '11076', 'strata': '41'}
Pandas(Index=0, project_id='3130', plot_id='11076', x=221070, y=1452480)
called process_plot
Pandas(Index=0, project_id='3130', plot_id='11076', x=221070, y=1452480)
11076
Directory '/efs/timesync/1984/audit/' already exists.
Data has been pickled and saved to '/efs/timesync/1984/audit/1984_11076_3130.p'.
Failed qa: 1984-04-11T16:16:36.9790060Z
Failed qa: 1984-04-18T16:22:12.259028Z
..............Failed qa: 1984-05-20T16:22:59.7120690Z
Failed qa: 1984-05-22T16:10:53.268516Z
.......Failed qa: 1984-06-07T16:11:14.393541Z
.......Failed qa: 1984-06-21T16:23:25.522506Z
Failed qa: 1984-06-23T16:11:29.372079Z
.......Failed qa: 1984-07-07T16:23:47.8750130Z
Failed qa: 1984-07-09T16:11:39.054063Z
.......Failed qa: 1984-08-08T16:24:35.097591Z
Failed qa: 1984-08-26T16:13:05.656056Z
Failed qa: 1984-09-02T16:19:30.7500940Z
Failed qa: 1984-09-09T16:25:19.2840940Z
Failed qa: 1984-09-11T16:13:09.982035Z
..............Failed qa: 1984-10-11T16:25:07.262025Z
Failed qa: 1984-10-13T16:13:09.088551Z
Failed qa: 1984-10-29T16:13:03.839516Z
.......Failed qa: 1984-11-12T16:24:54.225050Z
.......Failed qa: 1984-11-28T16:24:55.748079Z
Data has been pickled and saved to '/efs/timesync/1984/audit/1984_11076_3130_qa_rejects.p'.
Success tracking goes here
