{'project_id': '3130', 'year': '1984', 'x': 1334100, 'y': 2240130, 'plot_id': '3621', 'strata': '41'}
Pandas(Index=0, project_id='3130', plot_id='3621', x=1334100, y=2240130)
called process_plot
Pandas(Index=0, project_id='3130', plot_id='3621', x=1334100, y=2240130)
3621
Directory '/efs/timesync/1984/audit/' already exists.
Data has been pickled and saved to '/efs/timesync/1984/audit/1984_3621_3130.p'.
Failed qa: 1984-03-27T15:32:18.219582Z
..............Failed qa: 1984-04-12T15:19:12.253560Z
Failed qa: 1984-04-26T15:30:56.7930500Z
Failed qa: 1984-04-26T15:30:56.7930500Z
Failed qa: 1984-05-03T15:37:11.6000810Z
..............Failed qa: 1984-05-14T15:19:25.0510940Z
Failed qa: 1984-05-19T15:37:54.751085Z
..............Failed qa: 1984-06-04T15:38:17.511009Z
............................Failed qa: 1984-06-15T15:20:20.516516Z
Failed qa: 1984-06-20T15:38:33.554022Z
............................Failed qa: 1984-07-06T15:38:56.0120250Z
............................Failed qa: 1984-07-22T15:39:08.705537Z
..............Failed qa: 1984-08-07T15:39:41.915069Z
Failed qa: 1984-08-16T15:33:36.5100130Z
Failed qa: 1984-08-16T15:33:36.5100130Z
Failed qa: 1984-08-18T15:21:54.205544Z
............................Failed qa: 1984-09-03T15:22:18.0870000Z
Failed qa: 1984-09-08T15:40:15.970040Z
..............Failed qa: 1984-09-19T15:22:08.737559Z
Failed qa: 1984-09-24T15:40:29.4720630Z
............................Failed qa: 1984-10-05T15:22:08.444519Z
Failed qa: 1984-10-10T15:40:16.243031Z
Failed qa: 1984-10-12T15:28:30.1310060Z
Failed qa: 1984-10-12T15:28:30.1310060Z
..............Failed qa: 1984-10-21T15:22:16.8010310Z
..............Failed qa: 1984-11-06T15:22:10.0120690Z
..............Failed qa: 1984-11-22T15:21:54.878037Z
Failed qa: 1984-11-27T15:40:04.367041Z
Data has been pickled and saved to '/efs/timesync/1984/audit/1984_3621_3130_qa_rejects.p'.
Success tracking goes here
