{'project_id': '3130', 'year': '1984', 'x': -216930, 'y': 2606880, 'plot_id': '786', 'strata': '41'}
Pandas(Index=0, project_id='3130', plot_id='786', x=-216930, y=2606880)
called process_plot
Pandas(Index=0, project_id='3130', plot_id='786', x=-216930, y=2606880)
786
Directory '/efs/timesync/1984/audit/' already exists.
Data has been pickled and saved to '/efs/timesync/1984/audit/1984_0786_3130.p'.
Failed qa: 1984-04-14T16:44:08.506032Z
..............Failed qa: 1984-05-14T16:56:54.792544Z
Failed qa: 1984-05-16T16:44:36.923572Z
Failed qa: 1984-05-23T16:50:47.6670000Z
Failed qa: 1984-06-01T16:44:49.4100440Z
.......Failed qa: 1984-06-15T16:57:26.2900000Z
Failed qa: 1984-06-17T16:45:18.424025Z
.......Failed qa: 1984-07-01T16:57:50.383069Z
Failed qa: 1984-07-03T16:45:29.938554Z
.......Failed qa: 1984-07-17T16:58:06.937037Z
Failed qa: 1984-07-19T16:45:49.790528Z
Failed qa: 1984-07-26T16:52:03.6660190Z
Failed qa: 1984-08-02T16:58:29.1320190Z
.......Failed qa: 1984-08-11T16:52:36.0640690Z
Failed qa: 1984-08-18T16:59:00.1210060Z
.......Failed qa: 1984-09-03T16:59:23.904553Z
..............Failed qa: 1984-09-19T16:59:26.470553Z
..............Failed qa: 1984-10-05T16:59:14.1880880Z
Failed qa: 1984-10-21T16:59:10.5580630Z
Failed qa: 1984-10-23T16:46:48.3250250Z
Failed qa: 1984-10-30T16:52:56.1200690Z
Failed qa: 1984-11-06T16:59:03.6290500Z
Failed qa: 1984-11-08T16:46:52.832569Z
Failed qa: 1984-11-22T16:59:12.537041Z
Failed qa: 1984-11-24T16:46:51.308550Z
Data has been pickled and saved to '/efs/timesync/1984/audit/1984_0786_3130_qa_rejects.p'.
Success tracking goes here
