{'project_id': '3130', 'year': '1984', 'x': 1607700, 'y': 1598700, 'plot_id': '7046', 'strata': '41'}
Pandas(Index=0, project_id='3130', plot_id='7046', x=1607700, y=1598700)
called process_plot
Pandas(Index=0, project_id='3130', plot_id='7046', x=1607700, y=1598700)
7046
Directory '/efs/timesync/1984/audit/' already exists.
Data has been pickled and saved to '/efs/timesync/1984/audit/1984_7046_3130.p'.
.......Failed qa: 1984-04-12T15:20:23.817513Z
.......Failed qa: 1984-05-14T15:20:48.673050Z
..............Failed qa: 1984-06-15T15:21:32.079050Z
.......Failed qa: 1984-07-01T15:21:44.250031Z
.......Failed qa: 1984-08-18T15:23:17.8260310Z
.......Failed qa: 1984-09-03T15:23:17.734506Z
Failed qa: 1984-09-19T15:23:20.301031Z
Failed qa: 1984-10-05T15:23:19.936550Z
Failed qa: 1984-10-21T15:23:16.449538Z
Failed qa: 1984-11-06T15:23:09.590512Z
Failed qa: 1984-11-22T15:23:06.515054Z
.......Data has been pickled and saved to '/efs/timesync/1984/audit/1984_7046_3130_qa_rejects.p'.
Success tracking goes here
