{'project_id': '3130', 'year': '1984', 'x': -124740, 'y': 566310, 'plot_id': '10961', 'strata': '41'}
Pandas(Index=0, project_id='3130', plot_id='10961', x=-124740, y=566310)
called process_plot
Pandas(Index=0, project_id='3130', plot_id='10961', x=-124740, y=566310)
10961
Directory '/efs/timesync/1984/audit/' already exists.
Data has been pickled and saved to '/efs/timesync/1984/audit/1984_10961_3130.p'.
Failed qa: 1984-04-09T16:30:46.015034Z
Failed qa: 1984-04-11T16:18:12.7300060Z
..............Failed qa: 1984-05-29T16:19:01.9460000Z
Failed qa: 1984-06-14T16:19:20.1620940Z
.......Failed qa: 1984-07-16T16:19:47.6430440Z
.......Failed qa: 1984-09-18T16:21:09.2120940Z
Failed qa: 1984-10-04T16:21:09.0030130Z
.......Failed qa: 1984-10-20T16:21:05.8290690Z
Failed qa: 1984-11-05T16:20:59.1640500Z
.......Failed qa: 1984-11-19T16:33:16.5360000Z
Failed qa: 1984-11-21T16:20:55.4210560Z
.......Data has been pickled and saved to '/efs/timesync/1984/audit/1984_10961_3130_qa_rejects.p'.
Success tracking goes here
