{'project_id': '3130', 'year': '1984', 'x': 299520, 'y': 2714820, 'plot_id': '15876', 'strata': '41'}
Pandas(Index=0, project_id='3130', plot_id='15876', x=299520, y=2714820)
called process_plot
Pandas(Index=0, project_id='3130', plot_id='15876', x=299520, y=2714820)
15876
Directory '/efs/timesync/1984/audit/' already exists.
Data has been pickled and saved to '/efs/timesync/1984/audit/1984_15876_3130.p'.
............................Failed qa: 1984-04-11T16:12:50.159057Z
Failed qa: 1984-04-11T16:13:13.989569Z
............................Failed qa: 1984-04-27T16:13:00.5460130Z
Failed qa: 1984-04-27T16:13:12.461051Z
Failed qa: 1984-05-02T16:31:11.3110630Z
..............Failed qa: 1984-05-13T16:13:01.4090310Z
Failed qa: 1984-05-13T16:13:49.0700750Z
Failed qa: 1984-05-18T16:31:43.0870690Z
............................Failed qa: 1984-05-29T16:13:39.376534Z
Failed qa: 1984-05-29T16:14:03.278525Z
..............Failed qa: 1984-06-12T16:26:53.0240440Z
Failed qa: 1984-06-14T16:13:57.595535Z
Failed qa: 1984-06-14T16:14:21.497512Z
............................Failed qa: 1984-06-30T16:14:10.199041Z
Failed qa: 1984-06-30T16:14:34.029075Z
............................Failed qa: 1984-07-16T16:14:25.076056Z
Failed qa: 1984-07-16T16:14:48.906547Z
............................Failed qa: 1984-08-01T16:14:59.327060Z
Failed qa: 1984-08-01T16:15:11.2420750Z
............................Failed qa: 1984-08-17T16:15:18.6700940Z
Failed qa: 1984-08-24T16:21:39.7050190Z
..............Failed qa: 1984-09-02T16:15:32.0190940Z
..............Failed qa: 1984-09-18T16:15:46.786522Z
Failed qa: 1984-09-18T16:16:10.617025Z
..............Failed qa: 1984-10-04T16:15:58.4900690Z
Failed qa: 1984-10-04T16:16:10.405550Z
Failed qa: 1984-10-11T16:21:44.3420440Z
Failed qa: 1984-10-20T16:15:55.1720250Z
Failed qa: 1984-10-20T16:16:07.087515Z
..............Failed qa: 1984-11-05T16:16:12.3330560Z
Failed qa: 1984-11-10T16:33:54.1320250Z
............................Failed qa: 1984-11-21T16:15:32.840050Z
Failed qa: 1984-11-21T16:15:56.671541Z
Data has been pickled and saved to '/efs/timesync/1984/audit/1984_15876_3130_qa_rejects.p'.
Success tracking goes here
