{'project_id': '3130', 'year': '1984', 'x': -1362900, 'y': 2635980, 'plot_id': '6716', 'strata': '41'}
Pandas(Index=0, project_id='3130', plot_id='6716', x=-1362900, y=2635980)
called process_plot
Pandas(Index=0, project_id='3130', plot_id='6716', x=-1362900, y=2635980)
6716
Directory '/efs/timesync/1984/audit/' already exists.
Data has been pickled and saved to '/efs/timesync/1984/audit/1984_6716_3130.p'.
..............Failed qa: 1984-04-06T17:34:09.2670000Z
Failed qa: 1984-04-18T17:58:30.2180690Z
..............Failed qa: 1984-04-29T17:40:06.700572Z
............................Failed qa: 1984-05-15T17:40:36.383072Z
Failed qa: 1984-05-20T17:59:17.654547Z
..............Failed qa: 1984-05-29T17:53:20.300566Z
Failed qa: 1984-05-29T17:53:08.3850880Z
Failed qa: 1984-05-31T17:40:49.4590060Z
Failed qa: 1984-06-05T17:59:39.811032Z
Failed qa: 1984-06-07T17:47:32.3330060Z
Failed qa: 1984-06-07T17:47:32.3330060Z
Failed qa: 1984-06-14T17:53:38.513550Z
Failed qa: 1984-06-14T17:53:26.5980810Z
Failed qa: 1984-06-21T17:59:55.400531Z
..............Failed qa: 1984-06-30T17:53:51.000016Z
Failed qa: 1984-06-30T17:53:39.0850000Z
Failed qa: 1984-07-02T17:41:30.537569Z
Failed qa: 1984-07-07T18:00:17.6030500Z
..............Failed qa: 1984-07-16T17:53:54.1610880Z
Failed qa: 1984-07-16T17:53:54.1610880Z
Failed qa: 1984-07-18T17:41:36.9640880Z
Failed qa: 1984-07-23T18:00:32.129031Z
Failed qa: 1984-07-25T17:47:39.1030130Z
Failed qa: 1984-08-08T18:01:05.123060Z
............................Failed qa: 1984-10-22T17:43:01.716050Z
Failed qa: 1984-10-27T18:01:32.199040Z
Failed qa: 1984-11-23T17:43:04.2710440Z
Failed qa: 1984-11-30T17:48:29.0590310Z
Data has been pickled and saved to '/efs/timesync/1984/audit/1984_6716_3130_qa_rejects.p'.
Success tracking goes here
