{'project_id': '3130', 'year': '1984', 'x': -1944180, 'y': 3115380, 'plot_id': '13231', 'strata': '41'}
Pandas(Index=0, project_id='3130', plot_id='13231', x=-1944180, y=3115380)
called process_plot
Pandas(Index=0, project_id='3130', plot_id='13231', x=-1944180, y=3115380)
13231
Directory '/efs/timesync/1984/audit/' already exists.
Data has been pickled and saved to '/efs/timesync/1984/audit/1984_13231_3130.p'.
.......Failed qa: 1984-04-23T18:16:26.114041Z
.....................Failed qa: 1984-05-25T18:17:22.1920630Z
Failed qa: 1984-06-01T18:23:42.5340630Z
Failed qa: 1984-06-08T18:30:01.4690880Z
Failed qa: 1984-06-10T18:17:30.088531Z
..............Failed qa: 1984-06-26T18:17:43.902054Z
............................Failed qa: 1984-07-28T18:18:27.526019Z
..............Failed qa: 1984-08-29T18:19:19.154029Z
.......Failed qa: 1984-09-14T18:19:22.742041Z
.......Failed qa: 1984-09-30T18:19:23.251047Z
.......Failed qa: 1984-10-16T18:19:08.7530380Z
.......Failed qa: 1984-11-08T18:25:33.8290440Z
Failed qa: 1984-11-24T18:25:32.4470060Z
.......Data has been pickled and saved to '/efs/timesync/1984/audit/1984_13231_3130_qa_rejects.p'.
Success tracking goes here
