{'project_id': '3130', 'year': '1984', 'x': -1254060, 'y': 2350230, 'plot_id': '24741', 'strata': '41'}
Pandas(Index=0, project_id='3130', plot_id='24741', x=-1254060, y=2350230)
called process_plot
Pandas(Index=0, project_id='3130', plot_id='24741', x=-1254060, y=2350230)
24741
Directory '/efs/timesync/1984/audit/' already exists.
Data has been pickled and saved to '/efs/timesync/1984/audit/1984_24741_3130.p'.
Failed qa: 1984-03-23T17:47:27.2370630Z
.....................Failed qa: 1984-05-06T17:47:05.4160690Z
Failed qa: 1984-05-08T17:35:11.5270630Z
Failed qa: 1984-05-15T17:41:12.200569Z
Failed qa: 1984-05-22T17:47:23.267081Z
.......Failed qa: 1984-06-07T17:47:44.319506Z
Failed qa: 1984-06-09T17:36:00.6420380Z
Failed qa: 1984-06-23T17:47:59.265560Z
..............Failed qa: 1984-07-09T17:48:08.982551Z
Failed qa: 1984-08-05T17:31:04.7920560Z
Failed qa: 1984-08-26T17:49:47.5280940Z
.......Failed qa: 1984-09-22T17:31:32.387028Z
Failed qa: 1984-10-13T17:49:51.0750000Z
..............Data has been pickled and saved to '/efs/timesync/1984/audit/1984_24741_3130_qa_rejects.p'.
Success tracking goes here
