{'project_id': '3130', 'year': '1984', 'x': -314190, 'y': 1888620, 'plot_id': '3066', 'strata': '41'}
Pandas(Index=0, project_id='3130', plot_id='3066', x=-314190, y=1888620)
called process_plot
Pandas(Index=0, project_id='3130', plot_id='3066', x=-314190, y=1888620)
3066
Directory '/efs/timesync/1984/audit/' already exists.
Data has been pickled and saved to '/efs/timesync/1984/audit/1984_3066_3130.p'.
Failed qa: 1984-04-12T16:58:17.3930630Z
..............Failed qa: 1984-05-07T16:52:17.6760130Z
Failed qa: 1984-05-14T16:58:42.3160380Z
..............Failed qa: 1984-05-23T16:52:47.1050250Z
Failed qa: 1984-05-25T16:40:52.4650380Z
..............Failed qa: 1984-06-03T16:34:53.5590940Z
Failed qa: 1984-06-08T16:53:19.803522Z
Failed qa: 1984-06-10T16:41:00.212525Z
Failed qa: 1984-06-15T16:59:25.7270380Z
..............Failed qa: 1984-06-19T16:35:10.0340000Z
Failed qa: 1984-06-26T16:41:14.151525Z
Failed qa: 1984-07-01T16:59:37.9050630Z
..............Failed qa: 1984-07-10T16:53:43.784585Z
Failed qa: 1984-07-17T16:59:54.4590500Z
..........................................Failed qa: 1984-08-27T16:55:10.217528Z
Failed qa: 1984-08-29T16:42:49.270047Z
..............Failed qa: 1984-09-07T16:36:40.989587Z
Failed qa: 1984-09-12T16:55:14.401529Z
..............Failed qa: 1984-09-23T16:36:54.7990810Z
Failed qa: 1984-09-28T16:55:03.3630130Z
..............Failed qa: 1984-11-01T16:42:45.022057Z
..............Failed qa: 1984-11-22T17:01:00.2070000Z
..............Failed qa: 1984-12-01T16:55:03.851056Z
Data has been pickled and saved to '/efs/timesync/1984/audit/1984_3066_3130_qa_rejects.p'.
Success tracking goes here
