{'project_id': '3130', 'year': '1984', 'x': -1865760, 'y': 2739300, 'plot_id': '5966', 'strata': '41'}
Pandas(Index=0, project_id='3130', plot_id='5966', x=-1865760, y=2739300)
called process_plot
Pandas(Index=0, project_id='3130', plot_id='5966', x=-1865760, y=2739300)
5966
Directory '/efs/timesync/1984/audit/' already exists.
Data has been pickled and saved to '/efs/timesync/1984/audit/1984_5966_3130.p'.
Failed qa: 1984-04-14T18:22:49.6490310Z
.......Failed qa: 1984-04-23T18:16:38.1010130Z
.......Failed qa: 1984-05-16T18:23:42.0720380Z
.......Failed qa: 1984-05-25T18:17:22.1920630Z
Failed qa: 1984-06-01T18:23:54.449535Z
..............Failed qa: 1984-06-17T18:24:23.4900190Z
.......Failed qa: 1984-06-26T18:18:19.647544Z
Failed qa: 1984-07-03T18:24:34.9420630Z
.......Failed qa: 1984-07-19T18:24:42.988541Z
.......Failed qa: 1984-08-04T18:25:28.4680380Z
Failed qa: 1984-08-29T18:19:31.0690440Z
Failed qa: 1984-09-14T18:19:34.6570630Z
.......Failed qa: 1984-09-30T18:19:35.1660810Z
Failed qa: 1984-10-07T18:25:45.2990130Z
Failed qa: 1984-11-08T18:25:33.8290440Z
Failed qa: 1984-11-17T18:20:07.8710880Z
Failed qa: 1984-11-24T18:25:32.4470060Z
Data has been pickled and saved to '/efs/timesync/1984/audit/1984_5966_3130_qa_rejects.p'.
Success tracking goes here
