{'project_id': '3130', 'year': '1984', 'x': 381120, 'y': 2412660, 'plot_id': '4496', 'strata': '41'}
Pandas(Index=0, project_id='3130', plot_id='4496', x=381120, y=2412660)
called process_plot
Pandas(Index=0, project_id='3130', plot_id='4496', x=381120, y=2412660)
4496
Directory '/efs/timesync/1984/audit/' already exists.
Data has been pickled and saved to '/efs/timesync/1984/audit/1984_4496_3130.p'.
Failed qa: 1984-03-16T16:22:59.448091Z
Failed qa: 1984-03-16T16:23:11.3630880Z
Failed qa: 1984-03-23T16:08:34.273569Z
............................Failed qa: 1984-04-25T16:25:46.6610000Z
............................Failed qa: 1984-05-13T16:13:49.0700750Z
Failed qa: 1984-05-13T16:14:37.0170440Z
..............Failed qa: 1984-05-27T16:26:34.1640000Z
..............Failed qa: 1984-06-12T16:27:04.939066Z
Failed qa: 1984-06-12T16:27:16.8540880Z
............................Failed qa: 1984-06-28T16:27:18.158556Z
Failed qa: 1984-06-28T16:27:30.0740190Z
............................Failed qa: 1984-07-14T16:27:18.1270940Z
..............Failed qa: 1984-08-08T16:21:59.9870310Z
Failed qa: 1984-08-08T16:22:47.7900630Z
Failed qa: 1984-08-26T16:10:54.4470440Z
Failed qa: 1984-08-31T16:29:04.6010190Z
Failed qa: 1984-09-11T16:10:58.7720250Z
..........................................Failed qa: 1984-11-03T16:28:46.773541Z
Failed qa: 1984-11-03T16:28:58.6890440Z
............................Failed qa: 1984-11-19T16:28:41.618566Z
Failed qa: 1984-11-19T16:28:53.5340810Z
..............Failed qa: 1984-11-28T16:23:08.4350250Z
Data has been pickled and saved to '/efs/timesync/1984/audit/1984_4496_3130_qa_rejects.p'.
Success tracking goes here
