{'project_id': '3130', 'year': '1984', 'x': -1346280, 'y': 1799580, 'plot_id': '19696', 'strata': '41'}
Pandas(Index=0, project_id='3130', plot_id='19696', x=-1346280, y=1799580)
called process_plot
Pandas(Index=0, project_id='3130', plot_id='19696', x=-1346280, y=1799580)
19696
Directory '/efs/timesync/1984/audit/' already exists.
Data has been pickled and saved to '/efs/timesync/1984/audit/1984_19696_3130.p'.
Failed qa: 1984-03-15T17:24:02.952066Z
Failed qa: 1984-04-06T17:36:08.7050500Z
..............Failed qa: 1984-05-10T17:23:53.736550Z
Failed qa: 1984-05-26T17:24:21.563050Z
..............Failed qa: 1984-06-11T17:24:40.880556Z
..............Failed qa: 1984-06-27T17:24:54.418044Z
.......Failed qa: 1984-07-13T17:25:04.612037Z
.......Failed qa: 1984-07-29T17:25:39.360028Z
Failed qa: 1984-08-14T17:26:11.212038Z
.......Failed qa: 1984-10-17T17:26:30.225078Z
.......Failed qa: 1984-11-02T17:26:35.9440000Z
.......Failed qa: 1984-11-18T17:26:06.5300380Z
Data has been pickled and saved to '/efs/timesync/1984/audit/1984_19696_3130_qa_rejects.p'.
Success tracking goes here
