{'project_id': '3130', 'year': '1984', 'x': -861090, 'y': 2657970, 'plot_id': '14576', 'strata': '41'}
Pandas(Index=0, project_id='3130', plot_id='14576', x=-861090, y=2657970)
called process_plot
Pandas(Index=0, project_id='3130', plot_id='14576', x=-861090, y=2657970)
14576
Directory '/efs/timesync/1984/audit/' already exists.
Data has been pickled and saved to '/efs/timesync/1984/audit/1984_14576_3130.p'.
..............Failed qa: 1984-04-17T17:15:02.632041Z
Failed qa: 1984-04-24T17:21:00.4600190Z
Failed qa: 1984-05-03T17:15:05.053547Z
.......Failed qa: 1984-05-19T17:15:36.454053Z
..............Failed qa: 1984-06-04T17:15:59.070569Z
..............Failed qa: 1984-06-20T17:16:15.117050Z
..............Failed qa: 1984-07-06T17:16:25.694035Z
..............Failed qa: 1984-07-22T17:16:38.5210880Z
.....................Failed qa: 1984-08-21T17:29:59.8360750Z
Failed qa: 1984-08-30T17:23:54.0120690Z
Failed qa: 1984-09-08T17:17:57.464050Z
Failed qa: 1984-09-15T17:23:57.4580000Z
.......Failed qa: 1984-10-10T17:18:09.6720810Z
.......Failed qa: 1984-10-24T17:30:03.5860440Z
.......Failed qa: 1984-11-09T17:29:56.0600630Z
Failed qa: 1984-11-18T17:23:43.1140440Z
Failed qa: 1984-11-27T17:17:33.8960690Z
Data has been pickled and saved to '/efs/timesync/1984/audit/1984_14576_3130_qa_rejects.p'.
Success tracking goes here
