{'project_id': '3130', 'year': '1984', 'x': -1921980, 'y': 2259480, 'plot_id': '17466', 'strata': '41'}
Pandas(Index=0, project_id='3130', plot_id='17466', x=-1921980, y=2259480)
called process_plot
Pandas(Index=0, project_id='3130', plot_id='17466', x=-1921980, y=2259480)
17466
Directory '/efs/timesync/1984/audit/' already exists.
Data has been pickled and saved to '/efs/timesync/1984/audit/1984_17466_3130.p'.
.......Failed qa: 1984-05-02T18:12:03.8330750Z
Failed qa: 1984-05-04T18:00:10.4990750Z
.......Failed qa: 1984-05-18T18:12:35.5590630Z
Failed qa: 1984-05-20T18:00:29.431579Z
Failed qa: 1984-05-27T18:07:02.8440750Z
Failed qa: 1984-06-05T18:00:51.516059Z
.......Failed qa: 1984-06-21T18:01:07.105528Z
.......Failed qa: 1984-06-30T17:55:14.6910560Z
Failed qa: 1984-07-05T18:13:25.9960500Z
Failed qa: 1984-07-07T18:01:17.392569Z
Failed qa: 1984-07-14T18:07:46.9490060Z
Failed qa: 1984-07-23T18:01:43.833584Z
Failed qa: 1984-08-08T18:02:16.827591Z
..............Failed qa: 1984-10-04T17:56:51.0540630Z
.......Failed qa: 1984-10-25T18:14:54.3190880Z
Failed qa: 1984-10-27T18:02:31.9190250Z
.......Failed qa: 1984-11-21T17:56:37.2760940Z
Failed qa: 1984-11-28T18:02:49.2950690Z
Data has been pickled and saved to '/efs/timesync/1984/audit/1984_17466_3130_qa_rejects.p'.
Success tracking goes here
