{'project_id': '3130', 'year': '1984', 'x': 1337370, 'y': 1292730, 'plot_id': '15041', 'strata': '41'}
Pandas(Index=0, project_id='3130', plot_id='15041', x=1337370, y=1292730)
called process_plot
Pandas(Index=0, project_id='3130', plot_id='15041', x=1337370, y=1292730)
15041
Directory '/efs/timesync/1984/audit/' already exists.
Data has been pickled and saved to '/efs/timesync/1984/audit/1984_15041_3130.p'.
Failed qa: 1984-03-27T15:34:52.8310880Z
Failed qa: 1984-04-12T15:21:11.621528Z
............................Failed qa: 1984-05-12T15:33:54.268525Z
Failed qa: 1984-05-14T15:21:36.477069Z
............................Failed qa: 1984-06-13T15:34:39.579587Z
Failed qa: 1984-06-15T15:22:19.882563Z
Failed qa: 1984-06-29T15:35:04.4800690Z
Failed qa: 1984-07-01T15:22:32.053535Z
..............Failed qa: 1984-07-15T15:34:53.8310500Z
Failed qa: 1984-08-18T15:23:53.642579Z
Failed qa: 1984-09-01T15:36:26.614506Z
Failed qa: 1984-09-03T15:24:05.537560Z
Failed qa: 1984-09-17T15:36:29.561547Z
Failed qa: 1984-09-19T15:24:08.105037Z
..............Failed qa: 1984-10-03T15:36:29.602547Z
Failed qa: 1984-10-05T15:24:07.812057Z
..............Failed qa: 1984-10-19T15:36:26.521056Z
Failed qa: 1984-10-21T15:24:04.254028Z
..............Failed qa: 1984-11-06T15:23:57.395522Z
..............Failed qa: 1984-11-20T15:36:15.528006Z
Failed qa: 1984-11-22T15:23:42.3340060Z
Data has been pickled and saved to '/efs/timesync/1984/audit/1984_15041_3130_qa_rejects.p'.
Success tracking goes here
