{'project_id': '3130', 'year': '1984', 'x': 831690, 'y': 2130570, 'plot_id': '3486', 'strata': '41'}
Pandas(Index=0, project_id='3130', plot_id='3486', x=831690, y=2130570)
called process_plot
Pandas(Index=0, project_id='3130', plot_id='3486', x=831690, y=2130570)
3486
Directory '/efs/timesync/1984/audit/' already exists.
Data has been pickled and saved to '/efs/timesync/1984/audit/1984_3486_3130.p'.
Failed qa: 1984-03-25T15:50:26.3860750Z
.......Failed qa: 1984-04-22T15:55:41.1910380Z
Failed qa: 1984-04-29T16:02:01.377050Z
..............Failed qa: 1984-06-16T16:03:25.2510940Z
............................Failed qa: 1984-09-04T16:04:46.4590000Z
.......Failed qa: 1984-09-13T15:58:37.3970880Z
..............Failed qa: 1984-10-06T16:04:48.3230630Z
Failed qa: 1984-10-22T16:04:56.397547Z
.......Failed qa: 1984-10-31T15:58:29.9440250Z
Failed qa: 1984-11-07T16:05:01.1380810Z
Failed qa: 1984-11-23T16:04:47.031051Z
.......Data has been pickled and saved to '/efs/timesync/1984/audit/1984_3486_3130_qa_rejects.p'.
Success tracking goes here
