{'project_id': '3130', 'year': '1984', 'x': 1300500, 'y': 611130, 'plot_id': '996', 'strata': '41'}
Pandas(Index=0, project_id='3130', plot_id='996', x=1300500, y=611130)
called process_plot
Pandas(Index=0, project_id='3130', plot_id='996', x=1300500, y=611130)
996
Directory '/efs/timesync/1984/audit/' already exists.
Data has been pickled and saved to '/efs/timesync/1984/audit/1984_0996_3130.p'.
Failed qa: 1984-04-10T15:34:56.8360880Z
Failed qa: 1984-04-12T15:22:59.1450630Z
Failed qa: 1984-04-12T15:23:11.060551Z
............................Failed qa: 1984-05-14T15:23:35.987582Z
............................Failed qa: 1984-06-15T15:24:31.2360130Z
..............Failed qa: 1984-07-01T15:24:19.5760060Z
Failed qa: 1984-07-01T15:24:31.491025Z
..............Failed qa: 1984-08-18T15:25:29.321075Z
Failed qa: 1984-08-18T15:25:53.151566Z
Failed qa: 1984-09-01T15:37:50.3770810Z
Failed qa: 1984-09-03T15:25:41.216528Z
Failed qa: 1984-09-03T15:26:05.047031Z
..............Failed qa: 1984-10-03T15:37:53.4380940Z
Failed qa: 1984-10-05T15:25:43.420559Z
Failed qa: 1984-10-05T15:26:07.251540Z
..............Failed qa: 1984-10-19T15:37:50.2860380Z
Failed qa: 1984-10-21T15:25:51.8500060Z
Failed qa: 1984-10-21T15:26:03.765050Z
Failed qa: 1984-11-06T15:25:56.836550Z
..............Data has been pickled and saved to '/efs/timesync/1984/audit/1984_0996_3130_qa_rejects.p'.
Success tracking goes here
