{'project_id': '3130', 'year': '1984', 'x': 1027740, 'y': 2463510, 'plot_id': '8351', 'strata': '41'}
Pandas(Index=0, project_id='3130', plot_id='8351', x=1027740, y=2463510)
called process_plot
Pandas(Index=0, project_id='3130', plot_id='8351', x=1027740, y=2463510)
8351
Directory '/efs/timesync/1984/audit/' already exists.
Data has been pickled and saved to '/efs/timesync/1984/audit/1984_8351_3130.p'.
Failed qa: 1984-03-25T15:49:50.641019Z
Failed qa: 1984-04-06T15:54:52.2370560Z
.......Failed qa: 1984-04-22T15:54:53.2440750Z
Failed qa: 1984-04-24T15:42:31.2360130Z
Failed qa: 1984-05-10T15:42:49.0620440Z
Failed qa: 1984-05-26T15:43:16.8900060Z
Failed qa: 1984-06-02T15:49:48.989560Z
Failed qa: 1984-06-09T15:55:55.8830440Z
.......Failed qa: 1984-06-25T15:56:10.1260810Z
Failed qa: 1984-07-04T15:50:16.874031Z
Failed qa: 1984-07-11T15:56:31.215553Z
.......Failed qa: 1984-07-20T15:50:38.264038Z
Failed qa: 1984-07-27T15:56:52.1860880Z
.......Failed qa: 1984-08-05T15:51:11.779532Z
Failed qa: 1984-08-12T15:57:24.4170500Z
.......Failed qa: 1984-08-21T15:51:30.3270310Z
Failed qa: 1984-08-28T15:57:57.540041Z
Failed qa: 1984-08-30T15:45:24.6460560Z
Failed qa: 1984-09-06T15:51:49.456060Z
Failed qa: 1984-09-13T15:58:01.366522Z
Failed qa: 1984-09-22T15:51:51.426534Z
Failed qa: 1984-09-29T15:58:02.142050Z
.......Failed qa: 1984-10-15T15:58:11.7890310Z
.......Failed qa: 1984-10-24T15:51:58.1920750Z
Failed qa: 1984-10-31T15:57:54.054566Z
Failed qa: 1984-11-02T15:45:19.6150880Z
Failed qa: 1984-11-09T15:51:38.724572Z
.......Failed qa: 1984-11-25T15:51:37.936031Z
Data has been pickled and saved to '/efs/timesync/1984/audit/1984_8351_3130_qa_rejects.p'.
Success tracking goes here
