{'project_id': '3130', 'year': '1984', 'x': -1487160, 'y': 3028680, 'plot_id': '11066', 'strata': '41'}
Pandas(Index=0, project_id='3130', plot_id='11066', x=-1487160, y=3028680)
called process_plot
Pandas(Index=0, project_id='3130', plot_id='11066', x=-1487160, y=3028680)
11066
Directory '/efs/timesync/1984/audit/' already exists.
Data has been pickled and saved to '/efs/timesync/1984/audit/1984_11066_3130.p'.
Failed qa: 1984-04-11T17:51:31.3590750Z
Failed qa: 1984-04-16T18:10:04.1130750Z
.......Failed qa: 1984-04-27T17:51:29.7700440Z
Failed qa: 1984-05-02T18:10:04.5370500Z
.......Failed qa: 1984-05-13T17:51:54.6760060Z
Failed qa: 1984-05-18T18:10:36.2630190Z
Failed qa: 1984-05-29T17:52:20.7240940Z
Failed qa: 1984-06-03T18:10:59.5080880Z
.......Failed qa: 1984-06-14T17:52:38.9380060Z
.......Failed qa: 1984-06-30T17:52:51.4240440Z
Failed qa: 1984-07-05T18:11:26.7020310Z
..............Failed qa: 1984-07-16T17:53:06.5010190Z
..............Failed qa: 1984-08-01T17:53:40.6360750Z
Failed qa: 1984-08-06T18:12:23.2150250Z
..............Failed qa: 1984-08-17T17:54:11.8440190Z
..............Failed qa: 1984-09-02T17:54:25.2190000Z
Failed qa: 1984-09-07T18:12:58.9330810Z
.......Failed qa: 1984-09-23T18:13:00.7570310Z
Failed qa: 1984-10-04T17:54:27.7140190Z
Failed qa: 1984-10-25T18:12:55.0230060Z
.......Failed qa: 1984-11-05T17:54:17.7250690Z
Failed qa: 1984-11-21T17:54:14.0030630Z
Data has been pickled and saved to '/efs/timesync/1984/audit/1984_11066_3130_qa_rejects.p'.
Success tracking goes here
