{'project_id': '3130', 'year': '1984', 'x': -16710, 'y': 2571240, 'plot_id': '5446', 'strata': '41'}
Pandas(Index=0, project_id='3130', plot_id='5446', x=-16710, y=2571240)
called process_plot
Pandas(Index=0, project_id='3130', plot_id='5446', x=-16710, y=2571240)
5446
Directory '/efs/timesync/1984/audit/' already exists.
Data has been pickled and saved to '/efs/timesync/1984/audit/1984_5446_3130.p'.
..............Failed qa: 1984-04-14T16:44:08.506032Z
Failed qa: 1984-04-14T16:44:08.506032Z
Failed qa: 1984-04-16T16:31:46.846578Z
Failed qa: 1984-04-21T16:50:18.961060Z
Failed qa: 1984-04-23T16:37:44.9290440Z
Failed qa: 1984-04-23T16:37:44.9290440Z
Failed qa: 1984-05-07T16:50:30.223056Z
Failed qa: 1984-05-09T16:38:00.6490810Z
Failed qa: 1984-05-09T16:38:00.6490810Z
Failed qa: 1984-05-16T16:44:36.923572Z
Failed qa: 1984-05-16T16:44:36.923572Z
Failed qa: 1984-05-18T16:32:18.833063Z
Failed qa: 1984-05-23T16:50:47.6670000Z
..............Failed qa: 1984-06-01T16:44:49.4100440Z
Failed qa: 1984-06-01T16:44:49.4100440Z
Failed qa: 1984-06-03T16:32:42.064047Z
Failed qa: 1984-06-08T16:51:32.2100190Z
Failed qa: 1984-06-10T16:38:48.7880750Z
Failed qa: 1984-06-10T16:38:48.7880750Z
Failed qa: 1984-06-17T16:45:18.424025Z
Failed qa: 1984-06-17T16:45:18.424025Z
Failed qa: 1984-06-19T16:33:10.4540060Z
Failed qa: 1984-06-24T16:51:34.858066Z
..............Failed qa: 1984-07-03T16:45:29.938554Z
Failed qa: 1984-07-03T16:45:29.938554Z
Failed qa: 1984-07-05T16:33:09.361016Z
Failed qa: 1984-07-10T16:51:56.1910690Z
Failed qa: 1984-07-19T16:45:49.790528Z
Failed qa: 1984-07-19T16:45:49.790528Z
Failed qa: 1984-07-26T16:52:03.6660190Z
Failed qa: 1984-08-04T16:46:35.2670810Z
Failed qa: 1984-08-06T16:33:53.8480380Z
Failed qa: 1984-08-11T16:52:36.0640690Z
Failed qa: 1984-08-13T16:40:18.3300440Z
Failed qa: 1984-08-13T16:40:18.3300440Z
Failed qa: 1984-08-27T16:53:10.780541Z
..............Failed qa: 1984-09-05T16:47:02.723550Z
Failed qa: 1984-09-05T16:46:50.8080750Z
Failed qa: 1984-09-12T16:53:26.8080060Z
Failed qa: 1984-09-14T16:40:41.5780560Z
Failed qa: 1984-09-14T16:40:41.5780560Z
Failed qa: 1984-09-21T16:47:04.950541Z
Failed qa: 1984-09-21T16:46:53.0350690Z
Failed qa: 1984-09-28T16:53:15.839550Z
Failed qa: 1984-09-30T16:40:42.1110750Z
Failed qa: 1984-09-30T16:40:42.1110750Z
Failed qa: 1984-10-09T16:34:54.1170130Z
Failed qa: 1984-10-23T16:46:48.3250250Z
Failed qa: 1984-10-23T16:46:48.3250250Z
Failed qa: 1984-10-30T16:52:56.1200690Z
..............Failed qa: 1984-11-08T16:46:52.832569Z
Failed qa: 1984-11-08T16:46:52.832569Z
Failed qa: 1984-11-10T16:34:17.9630440Z
Failed qa: 1984-11-24T16:46:51.308550Z
Failed qa: 1984-11-24T16:46:51.308550Z
Data has been pickled and saved to '/efs/timesync/1984/audit/1984_5446_3130_qa_rejects.p'.
Success tracking goes here
