{'project_id': '3130', 'year': '1984', 'x': 882660, 'y': 2484750, 'plot_id': '4611', 'strata': '41'}
Pandas(Index=0, project_id='3130', plot_id='4611', x=882660, y=2484750)
called process_plot
Pandas(Index=0, project_id='3130', plot_id='4611', x=882660, y=2484750)
4611
Directory '/efs/timesync/1984/audit/' already exists.
Data has been pickled and saved to '/efs/timesync/1984/audit/1984_4611_3130.p'.
..............Failed qa: 1984-04-06T15:54:52.2370560Z
Failed qa: 1984-04-06T15:54:52.2370560Z
Failed qa: 1984-04-08T15:42:55.0510690Z
Failed qa: 1984-04-22T15:54:53.2440750Z
Failed qa: 1984-04-22T15:54:53.2440750Z
Failed qa: 1984-04-24T15:42:31.2360130Z
Failed qa: 1984-04-29T16:01:13.501563Z
Failed qa: 1984-05-10T15:42:49.0620440Z
Failed qa: 1984-05-26T15:43:16.8900060Z
Failed qa: 1984-05-31T16:01:56.2340310Z
..............Failed qa: 1984-06-09T15:55:55.8830440Z
Failed qa: 1984-06-09T15:55:55.8830440Z
Failed qa: 1984-06-11T15:43:48.134560Z
Failed qa: 1984-06-16T16:02:25.532560Z
Failed qa: 1984-06-25T15:56:10.1260810Z
Failed qa: 1984-06-25T15:56:10.1260810Z
Failed qa: 1984-07-02T16:02:25.4510630Z
............................Failed qa: 1984-07-13T15:44:11.839569Z
Failed qa: 1984-07-18T16:02:43.6580310Z
..............Failed qa: 1984-07-27T15:56:52.1860880Z
Failed qa: 1984-07-27T15:56:52.1860880Z
Failed qa: 1984-07-29T15:44:46.654547Z
Failed qa: 1984-08-03T16:03:17.5230940Z
..............Failed qa: 1984-08-12T15:57:24.4170500Z
Failed qa: 1984-08-12T15:57:24.4170500Z
Failed qa: 1984-08-14T15:45:18.481047Z
Failed qa: 1984-08-19T16:03:48.3290560Z
Failed qa: 1984-08-21T15:51:30.3270310Z
Failed qa: 1984-08-21T15:51:30.3270310Z
..............Failed qa: 1984-08-30T15:45:24.6460560Z
Failed qa: 1984-09-04T16:04:10.570069Z
............................Failed qa: 1984-09-20T16:04:01.0520190Z
............................Failed qa: 1984-10-01T15:45:40.359553Z
Failed qa: 1984-10-06T16:04:12.434550Z
..............Failed qa: 1984-10-17T15:45:49.5730500Z
Failed qa: 1984-10-22T16:04:08.664534Z
............................Failed qa: 1984-11-02T15:45:19.6150880Z
Failed qa: 1984-11-07T16:04:01.560547Z
..............Failed qa: 1984-11-18T15:45:25.660531Z
Failed qa: 1984-11-23T16:03:59.225538Z
..............Data has been pickled and saved to '/efs/timesync/1984/audit/1984_4611_3130_qa_rejects.p'.
Success tracking goes here
