{'project_id': '3130', 'year': '1984', 'x': -444000, 'y': 1638720, 'plot_id': '9076', 'strata': '41'}
Pandas(Index=0, project_id='3130', plot_id='9076', x=-444000, y=1638720)
called process_plot
Pandas(Index=0, project_id='3130', plot_id='9076', x=-444000, y=1638720)
9076
Directory '/efs/timesync/1984/audit/' already exists.
Data has been pickled and saved to '/efs/timesync/1984/audit/1984_9076_3130.p'.
.......Failed qa: 1984-05-07T16:53:29.3110250Z
Failed qa: 1984-05-16T16:47:36.0820630Z
.......Failed qa: 1984-05-25T16:41:28.068063Z
.......Failed qa: 1984-06-08T16:54:19.3080500Z
Failed qa: 1984-06-10T16:41:47.872594Z
.......Failed qa: 1984-06-26T16:42:01.740554Z
..........................................Failed qa: 1984-08-29T16:43:36.930550Z
............................Failed qa: 1984-10-14T16:56:12.7030380Z
Failed qa: 1984-10-16T16:43:38.544557Z
Failed qa: 1984-10-30T16:56:07.1960880Z
Failed qa: 1984-11-01T16:43:20.6970880Z
..............Data has been pickled and saved to '/efs/timesync/1984/audit/1984_9076_3130_qa_rejects.p'.
Success tracking goes here
