{'project_id': '3130', 'year': '1984', 'x': -401010, 'y': 1963950, 'plot_id': '24756', 'strata': '41'}
Pandas(Index=0, project_id='3130', plot_id='24756', x=-401010, y=1963950)
called process_plot
Pandas(Index=0, project_id='3130', plot_id='24756', x=-401010, y=1963950)
24756
Directory '/efs/timesync/1984/audit/' already exists.
Data has been pickled and saved to '/efs/timesync/1984/audit/1984_24756_3130.p'.
Failed qa: 1984-04-12T16:58:05.406544Z
Failed qa: 1984-04-12T16:58:17.3930630Z
Failed qa: 1984-04-14T16:45:55.8870000Z
Failed qa: 1984-04-14T16:46:07.873516Z
..............Failed qa: 1984-05-14T16:58:30.329522Z
Failed qa: 1984-05-14T16:58:42.3160380Z
Failed qa: 1984-05-16T16:46:12.460556Z
Failed qa: 1984-05-16T16:46:36.434047Z
..............Failed qa: 1984-06-01T16:46:36.861044Z
Failed qa: 1984-06-01T16:47:00.834510Z
..............Failed qa: 1984-06-15T16:59:13.740535Z
Failed qa: 1984-06-15T16:59:25.7270380Z
Failed qa: 1984-06-17T16:46:53.959544Z
Failed qa: 1984-06-17T16:47:17.932556Z
Failed qa: 1984-06-24T16:52:58.4070690Z
Failed qa: 1984-07-01T16:59:37.9050630Z
Failed qa: 1984-07-01T16:59:37.9050630Z
Failed qa: 1984-07-03T16:47:05.474503Z
Failed qa: 1984-07-03T16:47:29.447510Z
..............Failed qa: 1984-07-17T16:59:42.472544Z
Failed qa: 1984-07-17T16:59:54.4590500Z
Failed qa: 1984-07-19T16:47:25.183516Z
Failed qa: 1984-07-19T16:47:49.156522Z
Failed qa: 1984-08-04T16:47:58.887541Z
Failed qa: 1984-08-04T16:48:22.860534Z
Failed qa: 1984-08-18T17:00:47.571525Z
............................Failed qa: 1984-09-03T17:00:59.369015Z
............................Failed qa: 1984-09-19T17:01:01.935075Z
Failed qa: 1984-09-21T16:48:40.486529Z
Failed qa: 1984-09-21T16:49:04.459554Z
..............Failed qa: 1984-10-07T16:48:39.697060Z
Failed qa: 1984-10-07T16:49:03.670550Z
Failed qa: 1984-10-21T17:00:46.0240380Z
Failed qa: 1984-10-30T16:54:31.5870440Z
Failed qa: 1984-11-06T17:00:39.0960690Z
Failed qa: 1984-11-08T16:48:28.228557Z
Failed qa: 1984-11-08T16:48:52.202091Z
Failed qa: 1984-11-22T17:00:48.148507Z
Failed qa: 1984-11-22T17:01:00.2070000Z
Failed qa: 1984-11-24T16:48:26.849022Z
Failed qa: 1984-11-24T16:48:50.823056Z
..............Data has been pickled and saved to '/efs/timesync/1984/audit/1984_24756_3130_qa_rejects.p'.
Success tracking goes here
