{'project_id': '3130', 'year': '1984', 'x': -1504260, 'y': 2415120, 'plot_id': '21891', 'strata': '41'}
Pandas(Index=0, project_id='3130', plot_id='21891', x=-1504260, y=2415120)
called process_plot
Pandas(Index=0, project_id='3130', plot_id='21891', x=-1504260, y=2415120)
21891
Directory '/efs/timesync/1984/audit/' already exists.
Data has been pickled and saved to '/efs/timesync/1984/audit/1984_21891_3130.p'.
..............Failed qa: 1984-04-13T17:40:45.5750130Z
Failed qa: 1984-04-13T17:40:57.419013Z
Failed qa: 1984-04-27T17:52:41.2620560Z
Failed qa: 1984-04-29T17:40:30.602572Z
Failed qa: 1984-04-29T17:40:54.504572Z
............................Failed qa: 1984-05-15T17:40:48.2270750Z
Failed qa: 1984-05-15T17:41:36.1740630Z
............................Failed qa: 1984-05-31T17:41:37.2620630Z
Failed qa: 1984-05-31T17:41:49.177538Z
........................................................Failed qa: 1984-07-02T17:41:54.439544Z
Failed qa: 1984-07-02T17:42:18.341062Z
..........................................Failed qa: 1984-09-20T17:43:42.0250810Z
Failed qa: 1984-09-20T17:43:53.869065Z
..............Failed qa: 1984-10-22T17:43:25.618069Z
Failed qa: 1984-10-22T17:43:37.6050440Z
..............Failed qa: 1984-11-23T17:43:16.329544Z
Failed qa: 1984-11-23T17:43:40.232541Z
Data has been pickled and saved to '/efs/timesync/1984/audit/1984_21891_3130_qa_rejects.p'.
Success tracking goes here
