{'project_id': '3130', 'year': '1984', 'x': 884130, 'y': 1506390, 'plot_id': '9371', 'strata': '41'}
Pandas(Index=0, project_id='3130', plot_id='9371', x=884130, y=1506390)
called process_plot
Pandas(Index=0, project_id='3130', plot_id='9371', x=884130, y=1506390)
9371
Directory '/efs/timesync/1984/audit/' already exists.
Data has been pickled and saved to '/efs/timesync/1984/audit/1984_9371_3130.p'.
..............Failed qa: 1984-04-06T15:57:51.394575Z
..............Failed qa: 1984-04-17T15:39:32.4030810Z
Failed qa: 1984-04-22T15:57:52.402063Z
............................Failed qa: 1984-05-03T15:39:22.812044Z
Failed qa: 1984-05-08T15:58:05.851540Z
Failed qa: 1984-05-19T15:39:54.119047Z
Failed qa: 1984-05-24T15:58:46.6650190Z
Failed qa: 1984-05-26T15:46:27.9620690Z
Failed qa: 1984-05-26T15:46:27.9620690Z
Failed qa: 1984-06-04T15:40:16.877532Z
............................Failed qa: 1984-06-20T15:40:32.848553Z
............................Failed qa: 1984-07-06T15:40:43.462560Z
Failed qa: 1984-07-11T15:59:18.385516Z
............................Failed qa: 1984-08-28T16:00:32.7940190Z
Failed qa: 1984-09-06T15:54:36.555041Z
Failed qa: 1984-09-06T15:54:24.6400190Z
Failed qa: 1984-09-08T15:42:15.265050Z
Failed qa: 1984-09-13T16:00:36.6930190Z
..............Failed qa: 1984-09-24T15:42:16.995059Z
Failed qa: 1984-09-29T16:00:49.384557Z
..............Failed qa: 1984-10-08T15:54:49.6240750Z
Failed qa: 1984-10-10T15:42:15.611040Z
Failed qa: 1984-10-15T16:00:35.0590500Z
..............Failed qa: 1984-10-26T15:42:10.980047Z
Failed qa: 1984-10-31T16:00:41.299575Z
..............Failed qa: 1984-11-11T15:42:14.9420250Z
Failed qa: 1984-11-18T15:48:24.8230130Z
Failed qa: 1984-11-18T15:48:24.8230130Z
..............Failed qa: 1984-11-27T15:42:03.739037Z
Data has been pickled and saved to '/efs/timesync/1984/audit/1984_9371_3130_qa_rejects.p'.
Success tracking goes here
