{'project_id': '3130', 'year': '1984', 'x': -168420, 'y': 2360370, 'plot_id': '16931', 'strata': '41'}
Pandas(Index=0, project_id='3130', plot_id='16931', x=-168420, y=2360370)
called process_plot
Pandas(Index=0, project_id='3130', plot_id='16931', x=-168420, y=2360370)
16931
Directory '/efs/timesync/1984/audit/' already exists.
Data has been pickled and saved to '/efs/timesync/1984/audit/1984_16931_3130.p'.
Failed qa: 1984-04-07T16:38:32.2210750Z
..............Failed qa: 1984-04-16T16:32:34.579556Z
Failed qa: 1984-04-21T16:50:54.6360310Z
Failed qa: 1984-05-07T16:51:17.956043Z
..............Failed qa: 1984-05-18T16:32:54.5790560Z
Failed qa: 1984-05-23T16:51:47.314529Z
Failed qa: 1984-05-25T16:39:40.6880060Z
Failed qa: 1984-05-25T16:39:40.6880060Z
Failed qa: 1984-06-03T16:33:29.867551Z
Failed qa: 1984-06-08T16:52:08.026562Z
Failed qa: 1984-06-10T16:40:00.5650380Z
Failed qa: 1984-06-10T16:40:00.5650380Z
..............Failed qa: 1984-06-19T16:33:46.270547Z
Failed qa: 1984-06-26T16:40:14.3610880Z
Failed qa: 1984-06-26T16:40:02.374588Z
..............Failed qa: 1984-07-05T16:33:57.092566Z
Failed qa: 1984-07-10T16:52:32.080009Z
Failed qa: 1984-07-19T16:46:49.5090500Z
Failed qa: 1984-07-19T16:46:49.5090500Z
..............Failed qa: 1984-08-27T16:53:58.512538Z
............................Failed qa: 1984-09-07T16:35:29.285009Z
Failed qa: 1984-09-12T16:54:02.624554Z
..............Failed qa: 1984-09-23T16:35:43.1650500Z
Failed qa: 1984-09-28T16:53:51.5850880Z
Failed qa: 1984-10-07T16:48:04.0230000Z
Failed qa: 1984-10-07T16:48:04.0230000Z
Failed qa: 1984-10-30T16:53:55.769057Z
Failed qa: 1984-11-01T16:41:45.2300750Z
Failed qa: 1984-11-01T16:41:33.243540Z
..............Failed qa: 1984-11-10T16:35:29.7420560Z
Failed qa: 1984-11-22T16:59:48.2840560Z
..............Failed qa: 1984-12-01T16:54:04.0580310Z
Data has been pickled and saved to '/efs/timesync/1984/audit/1984_16931_3130_qa_rejects.p'.
Success tracking goes here
