{'project_id': '3130', 'year': '1984', 'x': -728730, 'y': 1766400, 'plot_id': '6736', 'strata': '41'}
Pandas(Index=0, project_id='3130', plot_id='6736', x=-728730, y=1766400)
called process_plot
Pandas(Index=0, project_id='3130', plot_id='6736', x=-728730, y=1766400)
6736
Directory '/efs/timesync/1984/audit/' already exists.
Data has been pickled and saved to '/efs/timesync/1984/audit/1984_6736_3130.p'.
Failed qa: 1984-05-05T17:05:22.8660560Z
Failed qa: 1984-05-14T16:59:29.9770880Z
Failed qa: 1984-05-21T17:05:53.1990130Z
.......Failed qa: 1984-06-15T17:00:01.544034Z
.......Failed qa: 1984-07-01T17:00:13.722038Z
.......Failed qa: 1984-07-17T17:00:30.276038Z
.....................Failed qa: 1984-08-27T16:55:45.8910810Z
.......Failed qa: 1984-09-12T16:55:50.0760130Z
Failed qa: 1984-09-19T17:01:49.668025Z
Failed qa: 1984-09-26T17:08:12.6810880Z
Failed qa: 1984-10-05T17:01:49.302022Z
Failed qa: 1984-10-21T17:01:57.6590500Z
Failed qa: 1984-11-06T17:01:38.888534Z
.......Failed qa: 1984-11-22T17:01:47.7270130Z
Data has been pickled and saved to '/efs/timesync/1984/audit/1984_6736_3130_qa_rejects.p'.
Success tracking goes here
