{'project_id': '3130', 'year': '1984', 'x': 1756680, 'y': 2548920, 'plot_id': '9536', 'strata': '41'}
Pandas(Index=0, project_id='3130', plot_id='9536', x=1756680, y=2548920)
called process_plot
Pandas(Index=0, project_id='3130', plot_id='9536', x=1756680, y=2548920)
9536
Directory '/efs/timesync/1984/audit/' already exists.
Data has been pickled and saved to '/efs/timesync/1984/audit/1984_9536_3130.p'.
..............Failed qa: 1984-05-07T15:12:24.646047Z
..............Failed qa: 1984-06-08T15:13:14.760537Z
.......Failed qa: 1984-06-24T15:13:41.3770130Z
.......Failed qa: 1984-07-10T15:13:38.880544Z
Failed qa: 1984-07-26T15:13:58.1030500Z
Failed qa: 1984-08-11T15:14:30.3840880Z
.......Failed qa: 1984-08-27T15:15:05.318057Z
Failed qa: 1984-08-29T15:02:32.3360880Z
.......Failed qa: 1984-09-12T15:14:57.4410060Z
.......Failed qa: 1984-09-28T15:15:10.350519Z
.......Failed qa: 1984-10-14T15:15:08.212550Z
Failed qa: 1984-10-30T15:14:50.5850500Z
..............Data has been pickled and saved to '/efs/timesync/1984/audit/1984_9536_3130_qa_rejects.p'.
Success tracking goes here
