{'project_id': '3130', 'year': '1984', 'x': 745500, 'y': 2581770, 'plot_id': '7571', 'strata': '41'}
Pandas(Index=0, project_id='3130', plot_id='7571', x=745500, y=2581770)
called process_plot
Pandas(Index=0, project_id='3130', plot_id='7571', x=745500, y=2581770)
7571
Directory '/efs/timesync/1984/audit/' already exists.
Data has been pickled and saved to '/efs/timesync/1984/audit/1984_7571_3130.p'.
Failed qa: 1984-03-25T15:49:26.882019Z
.......Failed qa: 1984-04-15T15:48:19.1910500Z
..............Failed qa: 1984-05-15T16:01:07.4390440Z
.......Failed qa: 1984-06-02T15:49:25.087585Z
............................Failed qa: 1984-07-04T15:49:53.043544Z
..............Failed qa: 1984-07-20T15:50:14.433553Z
..............Failed qa: 1984-08-05T15:50:47.949047Z
..............Failed qa: 1984-08-21T15:51:18.412018Z
..............Failed qa: 1984-09-06T15:51:25.625566Z
..............Failed qa: 1984-09-22T15:51:27.596031Z
..............Failed qa: 1984-10-15T15:57:24.1270880Z
.....................Failed qa: 1984-11-09T15:51:14.822076Z
.......Failed qa: 1984-11-25T15:51:14.104528Z
Data has been pickled and saved to '/efs/timesync/1984/audit/1984_7571_3130_qa_rejects.p'.
Success tracking goes here
