{'project_id': '3130', 'year': '1984', 'x': -1208460, 'y': 1740270, 'plot_id': '4196', 'strata': '41'}
Pandas(Index=0, project_id='3130', plot_id='4196', x=-1208460, y=1740270)
called process_plot
Pandas(Index=0, project_id='3130', plot_id='4196', x=-1208460, y=1740270)
4196
Directory '/efs/timesync/1984/audit/' already exists.
Data has been pickled and saved to '/efs/timesync/1984/audit/1984_4196_3130.p'.
.......Failed qa: 1984-04-17T17:17:25.902035Z
Failed qa: 1984-05-01T17:29:45.779078Z
Failed qa: 1984-05-03T17:17:28.395000Z
.......Failed qa: 1984-05-19T17:17:59.652063Z
.......Failed qa: 1984-06-02T17:30:53.4280000Z
Failed qa: 1984-06-04T17:18:22.410082Z
.......Failed qa: 1984-06-18T17:30:58.357065Z
Failed qa: 1984-06-20T17:18:38.313065Z
.......Failed qa: 1984-07-04T17:31:09.546553Z
Failed qa: 1984-07-06T17:18:48.961522Z
.......Failed qa: 1984-07-20T17:31:19.1960440Z
..............Failed qa: 1984-09-22T17:32:32.1770750Z
.......Failed qa: 1984-10-24T17:32:26.9990560Z
.......Failed qa: 1984-11-09T17:32:19.4760130Z
Failed qa: 1984-11-18T17:26:06.5300380Z
Failed qa: 1984-11-27T17:19:57.3140310Z
Data has been pickled and saved to '/efs/timesync/1984/audit/1984_4196_3130_qa_rejects.p'.
Success tracking goes here
