{'project_id': '3130', 'year': '1984', 'x': -1300230, 'y': 1539300, 'plot_id': '22291', 'strata': '41'}
Pandas(Index=0, project_id='3130', plot_id='22291', x=-1300230, y=1539300)
called process_plot
Pandas(Index=0, project_id='3130', plot_id='22291', x=-1300230, y=1539300)
22291
Directory '/efs/timesync/1984/audit/' already exists.
Data has been pickled and saved to '/efs/timesync/1984/audit/1984_22291_3130.p'.
..............Failed qa: 1984-05-03T17:18:04.2120380Z
.......Failed qa: 1984-05-19T17:18:35.4700060Z
.......Failed qa: 1984-06-02T17:31:05.414510Z
Failed qa: 1984-06-04T17:18:58.2270880Z
.......Failed qa: 1984-06-18T17:31:10.2010500Z
Failed qa: 1984-06-20T17:19:14.1300560Z
.......Failed qa: 1984-07-04T17:31:33.377044Z
Failed qa: 1984-07-06T17:19:24.7070250Z
.......Failed qa: 1984-07-20T17:31:54.870510Z
.....................Failed qa: 1984-09-22T17:33:07.852035Z
.......Failed qa: 1984-10-24T17:33:14.6610250Z
..............Failed qa: 1984-11-27T17:20:44.9770630Z
Data has been pickled and saved to '/efs/timesync/1984/audit/1984_22291_3130_qa_rejects.p'.
Success tracking goes here
