{'project_id': '3130', 'year': '1984', 'x': -427200, 'y': 2735250, 'plot_id': '19911', 'strata': '41'}
Pandas(Index=0, project_id='3130', plot_id='19911', x=-427200, y=2735250)
called process_plot
Pandas(Index=0, project_id='3130', plot_id='19911', x=-427200, y=2735250)
19911
Directory '/efs/timesync/1984/audit/' already exists.
Data has been pickled and saved to '/efs/timesync/1984/audit/1984_19911_3130.p'.
.......Failed qa: 1984-04-10T17:08:27.439040Z
Failed qa: 1984-04-19T17:02:05.0590500Z
.......Failed qa: 1984-05-12T17:08:48.839522Z
Failed qa: 1984-05-14T16:56:30.961576Z
Failed qa: 1984-05-21T17:02:42.2680500Z
Failed qa: 1984-05-28T17:09:15.521566Z
Failed qa: 1984-06-13T17:09:34.141547Z
Failed qa: 1984-06-15T16:57:14.374535Z
.......Failed qa: 1984-06-29T17:09:46.960572Z
Failed qa: 1984-07-01T16:57:26.481550Z
.......Failed qa: 1984-07-15T17:10:00.355544Z
Failed qa: 1984-07-17T16:57:43.106554Z
Failed qa: 1984-07-24T17:03:57.2430130Z
Failed qa: 1984-08-02T16:58:17.145519Z
Failed qa: 1984-08-18T16:58:48.205535Z
.......Failed qa: 1984-09-01T17:11:33.0640880Z
Failed qa: 1984-09-03T16:59:00.002581Z
Failed qa: 1984-09-19T16:59:02.568575Z
Failed qa: 1984-09-26T17:05:01.7510880Z
Failed qa: 1984-10-03T17:11:24.091572Z
Failed qa: 1984-10-05T16:59:02.201575Z
Failed qa: 1984-10-19T17:11:32.8290880Z
Failed qa: 1984-10-21T16:59:10.5580630Z
.......Failed qa: 1984-11-04T17:11:26.3000130Z
Failed qa: 1984-11-06T16:58:51.713541Z
.......Failed qa: 1984-11-20T17:10:58.0030190Z
Failed qa: 1984-11-22T16:58:48.705550Z
Data has been pickled and saved to '/efs/timesync/1984/audit/1984_19911_3130_qa_rejects.p'.
Success tracking goes here
