{'project_id': '3130', 'year': '1984', 'x': 882480, 'y': 2217090, 'plot_id': '23831', 'strata': '41'}
Pandas(Index=0, project_id='3130', plot_id='23831', x=882480, y=2217090)
called process_plot
Pandas(Index=0, project_id='3130', plot_id='23831', x=882480, y=2217090)
23831
Directory '/efs/timesync/1984/audit/' already exists.
Data has been pickled and saved to '/efs/timesync/1984/audit/1984_23831_3130.p'.
..............Failed qa: 1984-04-06T15:56:03.8720000Z
Failed qa: 1984-04-08T15:43:30.940034Z
Failed qa: 1984-04-22T15:55:41.1910380Z
Failed qa: 1984-04-29T16:02:01.377050Z
..............Failed qa: 1984-05-08T15:56:06.412565Z
Failed qa: 1984-05-10T15:43:48.781544Z
Failed qa: 1984-05-26T15:44:16.608553Z
Failed qa: 1984-06-11T15:44:36.009547Z
Failed qa: 1984-06-16T16:03:25.2510940Z
..............Failed qa: 1984-06-27T15:44:49.579019Z
..............Failed qa: 1984-07-11T15:57:19.019056Z
Failed qa: 1984-07-13T15:44:59.642547Z
Failed qa: 1984-07-29T15:45:34.458035Z
Failed qa: 1984-08-07T15:39:53.7590560Z
Failed qa: 1984-08-14T15:46:06.284541Z
Failed qa: 1984-08-28T15:58:45.343063Z
Failed qa: 1984-08-30T15:46:12.5920810Z
Failed qa: 1984-09-04T16:04:46.4590000Z
..............Failed qa: 1984-09-08T15:40:27.8140310Z
Failed qa: 1984-09-13T15:58:37.3970880Z
..............Failed qa: 1984-09-24T15:40:29.4720630Z
Failed qa: 1984-09-29T15:59:01.8610690Z
Failed qa: 1984-10-01T15:46:28.235053Z
Failed qa: 1984-10-06T16:04:48.3230630Z
Failed qa: 1984-10-17T15:46:37.3770690Z
Failed qa: 1984-10-22T16:04:56.397547Z
..............Failed qa: 1984-10-31T15:58:29.9440250Z
Failed qa: 1984-11-02T15:46:19.264550Z
Failed qa: 1984-11-07T16:05:01.1380810Z
Failed qa: 1984-11-23T16:04:47.031051Z
..............Data has been pickled and saved to '/efs/timesync/1984/audit/1984_23831_3130_qa_rejects.p'.
Success tracking goes here
