{'project_id': '3130', 'year': '1984', 'x': -1693260, 'y': 1906200, 'plot_id': '12561', 'strata': '41'}
Pandas(Index=0, project_id='3130', plot_id='12561', x=-1693260, y=1906200)
called process_plot
Pandas(Index=0, project_id='3130', plot_id='12561', x=-1693260, y=1906200)
12561
Directory '/efs/timesync/1984/audit/' already exists.
Data has been pickled and saved to '/efs/timesync/1984/audit/1984_12561_3130.p'.
Failed qa: 1984-03-23T17:49:02.2720750Z
Failed qa: 1984-04-13T17:42:20.8980000Z
Failed qa: 1984-04-27T17:54:28.857075Z
Failed qa: 1984-04-29T17:42:17.9120630Z
.......Failed qa: 1984-05-13T17:54:53.762547Z
.......Failed qa: 1984-05-29T17:55:31.6540440Z
Failed qa: 1984-05-31T17:43:12.5840560Z
.......Failed qa: 1984-06-14T17:55:38.022551Z
.......Failed qa: 1984-06-30T17:55:50.508028Z
Failed qa: 1984-07-02T17:43:41.8900810Z
.......Failed qa: 1984-07-16T17:56:05.585065Z
.......Failed qa: 1984-09-20T17:44:53.6590940Z
Failed qa: 1984-10-04T17:57:26.871547Z
.......Failed qa: 1984-10-22T17:45:13.0710380Z
.......Data has been pickled and saved to '/efs/timesync/1984/audit/1984_12561_3130_qa_rejects.p'.
Success tracking goes here
