{'project_id': '3130', 'year': '1984', 'x': -25260, 'y': 2417460, 'plot_id': '15756', 'strata': '41'}
Pandas(Index=0, project_id='3130', plot_id='15756', x=-25260, y=2417460)
called process_plot
Pandas(Index=0, project_id='3130', plot_id='15756', x=-25260, y=2417460)
15756
Directory '/efs/timesync/1984/audit/' already exists.
Data has been pickled and saved to '/efs/timesync/1984/audit/1984_15756_3130.p'.
..............Failed qa: 1984-04-14T16:44:32.265063Z
Failed qa: 1984-04-14T16:44:56.167063Z
Failed qa: 1984-04-16T16:32:22.5930380Z
Failed qa: 1984-04-16T16:32:34.579556Z
Failed qa: 1984-04-21T16:50:30.9480310Z
Failed qa: 1984-05-07T16:50:42.2100310Z
Failed qa: 1984-05-16T16:45:00.754540Z
Failed qa: 1984-05-16T16:45:12.6700250Z
Failed qa: 1984-05-18T16:32:54.5790560Z
Failed qa: 1984-05-18T16:32:54.5790560Z
Failed qa: 1984-05-25T16:38:52.8840190Z
Failed qa: 1984-05-25T16:39:40.6880060Z
Failed qa: 1984-06-03T16:33:17.8100130Z
Failed qa: 1984-06-03T16:33:29.867551Z
Failed qa: 1984-06-08T16:51:32.2100190Z
Failed qa: 1984-06-10T16:40:00.5650380Z
Failed qa: 1984-06-17T16:45:42.254062Z
Failed qa: 1984-06-17T16:46:06.227075Z
Failed qa: 1984-06-19T16:33:34.2840440Z
Failed qa: 1984-06-19T16:33:46.270547Z
Failed qa: 1984-06-24T16:51:46.7730880Z
..............Failed qa: 1984-07-03T16:45:53.769035Z
Failed qa: 1984-07-03T16:46:17.670556Z
Failed qa: 1984-07-05T16:33:45.1060630Z
Failed qa: 1984-07-05T16:33:57.092566Z
Failed qa: 1984-07-10T16:51:56.1910690Z
Failed qa: 1984-07-19T16:46:01.7060000Z
Failed qa: 1984-07-19T16:46:49.5090500Z
Failed qa: 1984-08-04T16:46:47.182547Z
Failed qa: 1984-08-04T16:46:59.0980130Z
Failed qa: 1984-08-27T16:53:22.7670440Z
..............Failed qa: 1984-09-05T16:47:26.554044Z
Failed qa: 1984-09-05T16:47:50.527053Z
..............Failed qa: 1984-09-12T16:53:26.8080060Z
Failed qa: 1984-09-21T16:47:28.781035Z
Failed qa: 1984-09-21T16:47:52.682566Z
Failed qa: 1984-09-23T16:35:43.1650500Z
Failed qa: 1984-09-28T16:53:27.7550310Z
Failed qa: 1984-10-07T16:48:04.0230000Z
..............Failed qa: 1984-11-08T16:47:16.592547Z
Failed qa: 1984-11-08T16:47:40.495044Z
Failed qa: 1984-11-10T16:35:29.7420560Z
Failed qa: 1984-11-24T16:47:15.140053Z
Failed qa: 1984-11-24T16:47:39.114528Z
Data has been pickled and saved to '/efs/timesync/1984/audit/1984_15756_3130_qa_rejects.p'.
Success tracking goes here
