{'project_id': '3130', 'year': '1984', 'x': 1340880, 'y': 747510, 'plot_id': '12856', 'strata': '41'}
Pandas(Index=0, project_id='3130', plot_id='12856', x=1340880, y=747510)
called process_plot
Pandas(Index=0, project_id='3130', plot_id='12856', x=1340880, y=747510)
12856
Directory '/efs/timesync/1984/audit/' already exists.
Data has been pickled and saved to '/efs/timesync/1984/audit/1984_12856_3130.p'.
Failed qa: 1984-04-12T15:22:47.229572Z
..............Failed qa: 1984-05-14T15:23:12.157053Z
.......Failed qa: 1984-05-23T15:17:28.7840000Z
.......Failed qa: 1984-06-08T15:17:49.4520810Z
Failed qa: 1984-06-15T15:23:43.5750190Z
.......Failed qa: 1984-06-24T15:18:04.0820250Z
Failed qa: 1984-07-01T15:24:07.660537Z
..............Failed qa: 1984-08-27T15:19:28.166031Z
.......Failed qa: 1984-09-26T15:32:06.7300630Z
..............Failed qa: 1984-10-21T15:25:39.934506Z
Failed qa: 1984-11-06T15:25:33.005529Z
.......Data has been pickled and saved to '/efs/timesync/1984/audit/1984_12856_3130_qa_rejects.p'.
Success tracking goes here
