{'project_id': '3130', 'year': '1984', 'x': -1056180, 'y': 2829540, 'plot_id': '2181', 'strata': '41'}
Pandas(Index=0, project_id='3130', plot_id='2181', x=-1056180, y=2829540)
called process_plot
Pandas(Index=0, project_id='3130', plot_id='2181', x=-1056180, y=2829540)
2181
Directory '/efs/timesync/1984/audit/' already exists.
Data has been pickled and saved to '/efs/timesync/1984/audit/1984_2181_3130.p'.
..............Failed qa: 1984-04-15T17:27:24.233059Z
.......Failed qa: 1984-04-29T17:39:06.9810810Z
Failed qa: 1984-05-01T17:26:46.6930750Z
.....................Failed qa: 1984-06-02T17:28:06.400047Z
.......Failed qa: 1984-06-18T17:28:23.103038Z
..............Failed qa: 1984-07-04T17:28:34.292547Z
..............Failed qa: 1984-07-20T17:28:55.786038Z
..............Failed qa: 1984-08-05T17:29:29.328522Z
..............Failed qa: 1984-08-21T17:29:47.849575Z
Failed qa: 1984-08-30T17:23:54.0120690Z
.......Failed qa: 1984-09-22T17:30:32.5960880Z
Failed qa: 1984-09-29T17:35:55.7630250Z
Failed qa: 1984-10-06T17:42:05.8890190Z
Failed qa: 1984-10-08T17:29:43.9430630Z
Failed qa: 1984-10-15T17:35:53.3530560Z
.......Failed qa: 1984-10-24T17:30:03.5860440Z
.......Failed qa: 1984-11-07T17:41:55.0410630Z
Failed qa: 1984-11-09T17:29:56.0600630Z
.......Data has been pickled and saved to '/efs/timesync/1984/audit/1984_2181_3130_qa_rejects.p'.
Success tracking goes here
