{'project_id': '3130', 'year': '1984', 'x': -340650, 'y': 2083470, 'plot_id': '10536', 'strata': '41'}
Pandas(Index=0, project_id='3130', plot_id='10536', x=-340650, y=2083470)
called process_plot
Pandas(Index=0, project_id='3130', plot_id='10536', x=-340650, y=2083470)
10536
Directory '/efs/timesync/1984/audit/' already exists.
Data has been pickled and saved to '/efs/timesync/1984/audit/1984_10536_3130.p'.
Failed qa: 1984-04-12T16:58:05.406544Z
Failed qa: 1984-04-14T16:45:55.8870000Z
.......Failed qa: 1984-05-14T16:58:30.329522Z
............................Failed qa: 1984-06-15T16:59:13.740535Z
..............Failed qa: 1984-07-01T16:59:37.9050630Z
..............Failed qa: 1984-07-17T16:59:42.472544Z
..............Failed qa: 1984-08-18T17:00:47.571525Z
..............Failed qa: 1984-09-03T17:00:59.369015Z
..............Failed qa: 1984-09-19T17:01:01.935075Z
.....................Failed qa: 1984-10-21T17:00:46.0240380Z
.......Failed qa: 1984-11-06T17:00:39.0960690Z
.......Failed qa: 1984-11-22T17:00:48.148507Z
..............Data has been pickled and saved to '/efs/timesync/1984/audit/1984_10536_3130_qa_rejects.p'.
Success tracking goes here
