{'project_id': '3130', 'year': '1984', 'x': 285690, 'y': 2028030, 'plot_id': '18441', 'strata': '41'}
Pandas(Index=0, project_id='3130', plot_id='18441', x=285690, y=2028030)
called process_plot
Pandas(Index=0, project_id='3130', plot_id='18441', x=285690, y=2028030)
18441
Directory '/efs/timesync/1984/audit/' already exists.
Data has been pickled and saved to '/efs/timesync/1984/audit/1984_18441_3130.p'.
Failed qa: 1984-03-23T16:09:21.863012Z
............................Failed qa: 1984-04-20T16:08:38.861547Z
Failed qa: 1984-04-25T16:26:58.2950880Z
..............Failed qa: 1984-05-06T16:08:47.893041Z
..........................................Failed qa: 1984-06-07T16:09:38.857550Z
Failed qa: 1984-06-12T16:28:28.6310560Z
............................Failed qa: 1984-06-23T16:10:05.8230750Z
Failed qa: 1984-06-28T16:28:29.863556Z
............................Failed qa: 1984-07-09T16:10:03.661506Z
Failed qa: 1984-07-14T16:28:41.620047Z
............................Failed qa: 1984-08-26T16:11:30.121503Z
Failed qa: 1984-08-31T16:30:04.319065Z
Failed qa: 1984-09-11T16:11:34.446050Z
..........................................Failed qa: 1984-10-29T16:11:28.301063Z
Failed qa: 1984-11-03T16:29:58.409072Z
............................Failed qa: 1984-11-19T16:29:53.327025Z
............................Data has been pickled and saved to '/efs/timesync/1984/audit/1984_18441_3130_qa_rejects.p'.
Success tracking goes here
