{'project_id': '3130', 'year': '1984', 'x': 1067730, 'y': 2130300, 'plot_id': '14866', 'strata': '41'}
Pandas(Index=0, project_id='3130', plot_id='14866', x=1067730, y=2130300)
called process_plot
Pandas(Index=0, project_id='3130', plot_id='14866', x=1067730, y=2130300)
14866
Directory '/efs/timesync/1984/audit/' already exists.
Data has been pickled and saved to '/efs/timesync/1984/audit/1984_14866_3130.p'.
Failed qa: 1984-03-27T15:32:30.206078Z
.......Failed qa: 1984-04-10T15:31:21.718060Z
Failed qa: 1984-04-26T15:30:56.7930500Z
Failed qa: 1984-05-03T15:37:11.6000810Z
.......Failed qa: 1984-05-12T15:31:43.057022Z
............................Failed qa: 1984-06-13T15:32:28.369559Z
..............Failed qa: 1984-06-29T15:32:41.212557Z
..............Failed qa: 1984-07-15T15:32:54.465531Z
..............Failed qa: 1984-07-31T15:33:16.931541Z
..............Failed qa: 1984-08-16T15:33:36.5100130Z
Failed qa: 1984-08-30T15:46:12.5920810Z
Failed qa: 1984-09-01T15:34:15.332575Z
.......Failed qa: 1984-09-17T15:34:06.364040Z
..............Failed qa: 1984-10-03T15:34:18.390538Z
..............Failed qa: 1984-10-19T15:34:27.153029Z
.......Failed qa: 1984-11-20T15:34:04.312069Z
.......Data has been pickled and saved to '/efs/timesync/1984/audit/1984_14866_3130_qa_rejects.p'.
Success tracking goes here
