{'project_id': '3130', 'year': '1984', 'x': 1335240, 'y': 2026290, 'plot_id': '10301', 'strata': '41'}
Pandas(Index=0, project_id='3130', plot_id='10301', x=1335240, y=2026290)
called process_plot
Pandas(Index=0, project_id='3130', plot_id='10301', x=1335240, y=2026290)
10301
Directory '/efs/timesync/1984/audit/' already exists.
Data has been pickled and saved to '/efs/timesync/1984/audit/1984_10301_3130.p'.
Failed qa: 1984-03-27T15:32:41.978572Z
..............Failed qa: 1984-04-12T15:19:36.227050Z
Failed qa: 1984-04-19T15:25:59.2110810Z
Failed qa: 1984-04-19T15:25:59.2110810Z
..............Failed qa: 1984-05-14T15:20:12.9980750Z
Failed qa: 1984-05-19T15:38:18.582056Z
..............Failed qa: 1984-06-04T15:38:41.341512Z
............................Failed qa: 1984-06-15T15:20:44.489535Z
Failed qa: 1984-06-20T15:38:57.384062Z
............................Failed qa: 1984-07-06T15:39:07.998531Z
............................Failed qa: 1984-07-22T15:39:20.6210060Z
Failed qa: 1984-07-31T15:33:28.8470060Z
Failed qa: 1984-07-31T15:33:28.8470060Z
Failed qa: 1984-08-07T15:39:53.7590560Z
Failed qa: 1984-08-18T15:22:18.178547Z
..............Failed qa: 1984-09-01T15:34:27.176562Z
Failed qa: 1984-09-01T15:34:27.176562Z
Failed qa: 1984-09-03T15:22:30.073512Z
Failed qa: 1984-09-08T15:40:39.800537Z
Failed qa: 1984-09-17T15:34:30.194543Z
Failed qa: 1984-09-17T15:34:30.194543Z
Failed qa: 1984-09-19T15:22:32.639556Z
Failed qa: 1984-09-24T15:40:41.458575Z
............................Failed qa: 1984-10-05T15:22:32.417563Z
Failed qa: 1984-10-10T15:40:40.073563Z
............................Failed qa: 1984-10-21T15:22:28.787563Z
Failed qa: 1984-10-26T15:40:47.4290500Z
..............Failed qa: 1984-11-06T15:22:21.999059Z
Failed qa: 1984-11-13T15:28:40.6120810Z
Failed qa: 1984-11-13T15:28:40.6120810Z
..............Failed qa: 1984-11-22T15:22:18.852056Z
Failed qa: 1984-11-27T15:40:28.270035Z
Data has been pickled and saved to '/efs/timesync/1984/audit/1984_10301_3130_qa_rejects.p'.
Success tracking goes here
