{'project_id': '3130', 'year': '1984', 'x': -302610, 'y': 2368890, 'plot_id': '6741', 'strata': '41'}
Pandas(Index=0, project_id='3130', plot_id='6741', x=-302610, y=2368890)
called process_plot
Pandas(Index=0, project_id='3130', plot_id='6741', x=-302610, y=2368890)
6741
Directory '/efs/timesync/1984/audit/' already exists.
Data has been pickled and saved to '/efs/timesync/1984/audit/1984_6741_3130.p'.
Failed qa: 1984-04-14T16:44:56.167063Z
..............Failed qa: 1984-05-16T16:45:12.6700250Z
.......Failed qa: 1984-05-25T16:39:40.6880060Z
.......Failed qa: 1984-06-10T16:40:00.5650380Z
Failed qa: 1984-06-17T16:46:06.227075Z
Failed qa: 1984-06-26T16:40:14.3610880Z
Failed qa: 1984-07-03T16:46:17.670556Z
.......Failed qa: 1984-07-19T16:46:49.5090500Z
Failed qa: 1984-08-04T16:46:59.0980130Z
.......Failed qa: 1984-08-29T16:41:37.565047Z
Failed qa: 1984-09-05T16:47:50.527053Z
.......Failed qa: 1984-09-21T16:47:52.682566Z
.......Failed qa: 1984-10-07T16:48:04.0230000Z
.......Failed qa: 1984-11-01T16:41:45.2300750Z
Failed qa: 1984-11-08T16:47:40.495044Z
Failed qa: 1984-11-22T16:59:48.2840560Z
Failed qa: 1984-11-24T16:47:39.114528Z
Failed qa: 1984-12-01T16:54:04.0580310Z
Data has been pickled and saved to '/efs/timesync/1984/audit/1984_6741_3130_qa_rejects.p'.
Success tracking goes here
