{'project_id': '3130', 'year': '1984', 'x': -1111320, 'y': 2111130, 'plot_id': '23526', 'strata': '41'}
Pandas(Index=0, project_id='3130', plot_id='23526', x=-1111320, y=2111130)
called process_plot
Pandas(Index=0, project_id='3130', plot_id='23526', x=-1111320, y=2111130)
23526
Directory '/efs/timesync/1984/audit/' already exists.
Data has been pickled and saved to '/efs/timesync/1984/audit/1984_23526_3130.p'.
..............Failed qa: 1984-04-06T17:34:45.155063Z
Failed qa: 1984-04-06T17:34:57.0700940Z
Failed qa: 1984-04-15T17:28:24.0950750Z
Failed qa: 1984-04-15T17:29:11.7570190Z
..............Failed qa: 1984-05-08T17:35:11.5270630Z
Failed qa: 1984-05-08T17:35:23.585069Z
..............Failed qa: 1984-05-26T17:23:45.7460380Z
..............Failed qa: 1984-06-09T17:36:00.6420380Z
Failed qa: 1984-06-09T17:36:00.6420380Z
............................Failed qa: 1984-06-25T17:36:02.974057Z
Failed qa: 1984-06-25T17:36:14.8180380Z
............................Failed qa: 1984-07-13T17:23:41.1350880Z
........................................................Failed qa: 1984-09-08T17:19:44.9860750Z
............................Failed qa: 1984-10-17T17:25:06.7460560Z
Failed qa: 1984-10-24T17:31:15.3640310Z
Failed qa: 1984-10-24T17:32:03.0260060Z
..............Failed qa: 1984-11-09T17:31:07.6970000Z
Failed qa: 1984-11-09T17:31:55.5020130Z
..............Data has been pickled and saved to '/efs/timesync/1984/audit/1984_23526_3130_qa_rejects.p'.
Success tracking goes here
