{'project_id': '3130', 'year': '1984', 'x': -1779420, 'y': 2113740, 'plot_id': '21286', 'strata': '41'}
Pandas(Index=0, project_id='3130', plot_id='21286', x=-1779420, y=2113740)
called process_plot
Pandas(Index=0, project_id='3130', plot_id='21286', x=-1779420, y=2113740)
21286
Directory '/efs/timesync/1984/audit/' already exists.
Data has been pickled and saved to '/efs/timesync/1984/audit/1984_21286_3130.p'.
Failed qa: 1984-03-23T17:48:02.768528Z
Failed qa: 1984-03-23T17:48:14.7550190Z
............................Failed qa: 1984-05-06T17:47:53.0780190Z
Failed qa: 1984-05-06T17:48:05.064537Z
Failed qa: 1984-05-13T17:53:53.9720190Z
Failed qa: 1984-05-13T17:54:41.9180940Z
..............Failed qa: 1984-05-22T17:48:46.9600380Z
Failed qa: 1984-05-29T17:54:20.0200250Z
..............Failed qa: 1984-06-07T17:48:44.1090630Z
Failed qa: 1984-06-07T17:48:56.095572Z
Failed qa: 1984-06-14T17:54:38.2320810Z
Failed qa: 1984-06-14T17:55:26.1790130Z
..............Failed qa: 1984-06-23T17:48:59.0550880Z
Failed qa: 1984-06-23T17:49:11.041591Z
............................Failed qa: 1984-07-09T17:49:08.7010630Z
Failed qa: 1984-07-09T17:49:20.687566Z
Failed qa: 1984-07-16T17:55:05.7950750Z
Failed qa: 1984-07-16T17:55:53.7410810Z
............................Failed qa: 1984-08-26T17:50:59.3050380Z
..............Failed qa: 1984-10-13T17:50:38.7360630Z
Failed qa: 1984-10-13T17:50:50.723031Z
Failed qa: 1984-10-27T18:02:31.9190250Z
Failed qa: 1984-11-12T18:03:11.6060130Z
............................Failed qa: 1984-11-30T17:50:28.3590250Z
Failed qa: 1984-11-30T17:50:40.346035Z
Data has been pickled and saved to '/efs/timesync/1984/audit/1984_21286_3130_qa_rejects.p'.
Success tracking goes here
