{'project_id': '3130', 'year': '1984', 'x': -834240, 'y': 1367970, 'plot_id': '16056', 'strata': '41'}
Pandas(Index=0, project_id='3130', plot_id='16056', x=-834240, y=1367970)
called process_plot
Pandas(Index=0, project_id='3130', plot_id='16056', x=-834240, y=1367970)
16056
Directory '/efs/timesync/1984/audit/' already exists.
Data has been pickled and saved to '/efs/timesync/1984/audit/1984_16056_3130.p'.
Failed qa: 1984-03-22T17:09:41.5690130Z
Failed qa: 1984-03-22T17:09:41.5690130Z
..............Failed qa: 1984-05-14T16:59:53.9510310Z
..............Failed qa: 1984-05-28T17:12:38.4380190Z
..............Failed qa: 1984-06-15T17:00:37.3610310Z
Failed qa: 1984-06-15T17:01:25.0220130Z
..............Failed qa: 1984-06-29T17:13:09.8750750Z
........................................................Failed qa: 1984-08-25T17:08:30.7570750Z
............................Failed qa: 1984-11-04T17:14:37.3770500Z
............................Failed qa: 1984-11-20T17:14:32.9130940Z
Failed qa: 1984-11-22T17:02:11.7010250Z
Data has been pickled and saved to '/efs/timesync/1984/audit/1984_16056_3130_qa_rejects.p'.
Success tracking goes here
