{'project_id': '3130', 'year': '1984', 'x': 1226580, 'y': 1428570, 'plot_id': '1411', 'strata': '41'}
Pandas(Index=0, project_id='3130', plot_id='1411', x=1226580, y=1428570)
called process_plot
Pandas(Index=0, project_id='3130', plot_id='1411', x=1226580, y=1428570)
1411
Directory '/efs/timesync/1984/audit/' already exists.
Data has been pickled and saved to '/efs/timesync/1984/audit/1984_1411_3130.p'.
Failed qa: 1984-03-27T15:34:05.3130940Z
Failed qa: 1984-04-10T15:32:57.2550380Z
Failed qa: 1984-04-19T15:26:58.716562Z
Failed qa: 1984-05-05T15:27:05.485050Z
.......Failed qa: 1984-05-21T15:27:35.819541Z
Failed qa: 1984-06-06T15:27:57.511572Z
.......Failed qa: 1984-06-22T15:28:00.8550810Z
Failed qa: 1984-07-08T15:28:22.856578Z
.....................Failed qa: 1984-09-26T15:29:55.376051Z
.......Failed qa: 1984-10-12T15:29:53.610038Z
.......Failed qa: 1984-10-28T15:30:00.3700810Z
Failed qa: 1984-11-13T15:29:40.190560Z
.......Data has been pickled and saved to '/efs/timesync/1984/audit/1984_1411_3130_qa_rejects.p'.
Success tracking goes here
