{'project_id': '3130', 'year': '1984', 'x': -2264130, 'y': 2416890, 'plot_id': '17866', 'strata': '41'}
Pandas(Index=0, project_id='3130', plot_id='17866', x=-2264130, y=2416890)
called process_plot
Pandas(Index=0, project_id='3130', plot_id='17866', x=-2264130, y=2416890)
17866
Directory '/efs/timesync/1984/audit/' already exists.
Data has been pickled and saved to '/efs/timesync/1984/audit/1984_17866_3130.p'.
............................Failed qa: 1984-04-16T18:12:27.5260380Z
Failed qa: 1984-05-02T18:12:03.8330750Z
Failed qa: 1984-05-07T18:30:35.099041Z
Failed qa: 1984-05-07T18:30:46.9430440Z
Failed qa: 1984-05-07T18:30:35.099041Z
............................Failed qa: 1984-05-18T18:12:47.546035Z
Failed qa: 1984-05-23T18:31:04.410091Z
Failed qa: 1984-05-23T18:31:16.2540880Z
Failed qa: 1984-05-23T18:31:04.410091Z
Failed qa: 1984-05-25T18:19:21.6300880Z
Failed qa: 1984-05-25T18:19:21.6300880Z
............................Failed qa: 1984-06-03T18:13:22.7770060Z
Failed qa: 1984-06-08T18:31:13.2460560Z
Failed qa: 1984-06-08T18:31:13.2460560Z
Failed qa: 1984-06-10T18:19:29.454566Z
Failed qa: 1984-06-10T18:19:17.4680560Z
Failed qa: 1984-06-10T18:19:29.454566Z
............................Failed qa: 1984-06-24T18:31:39.618534Z
Failed qa: 1984-06-24T18:31:51.4620690Z
Failed qa: 1984-06-24T18:31:39.618534Z
Failed qa: 1984-06-26T18:19:43.267553Z
Failed qa: 1984-06-26T18:19:19.437069Z
Failed qa: 1984-06-26T18:19:43.267553Z
............................Failed qa: 1984-07-05T18:13:37.982550Z
Failed qa: 1984-07-10T18:31:49.069028Z
Failed qa: 1984-07-10T18:32:00.9130130Z
Failed qa: 1984-07-10T18:31:49.069028Z
............................Failed qa: 1984-07-28T18:20:26.962559Z
Failed qa: 1984-07-28T18:20:03.061047Z
Failed qa: 1984-07-28T18:20:26.962559Z
............................Failed qa: 1984-08-06T18:14:34.495519Z
Failed qa: 1984-09-07T18:15:10.143544Z
............................Failed qa: 1984-09-23T18:14:59.9100000Z
Failed qa: 1984-10-14T18:33:18.305085Z
Failed qa: 1984-10-14T18:33:30.1490880Z
Failed qa: 1984-10-14T18:33:18.305085Z
............................Failed qa: 1984-10-25T18:15:06.306066Z
Failed qa: 1984-11-17T18:20:55.6760940Z
Failed qa: 1984-11-17T18:20:43.760585Z
Failed qa: 1984-11-17T18:20:55.6760940Z
Failed qa: 1984-12-01T18:33:20.9440000Z
Failed qa: 1984-12-01T18:33:20.9440000Z
Failed qa: 1984-12-01T18:33:20.9440000Z
Data has been pickled and saved to '/efs/timesync/1984/audit/1984_17866_3130_qa_rejects.p'.
Success tracking goes here
