{'project_id': '3130', 'year': '1984', 'x': 1224810, 'y': 1859160, 'plot_id': '3641', 'strata': '41'}
Pandas(Index=0, project_id='3130', plot_id='3641', x=1224810, y=1859160)
called process_plot
Pandas(Index=0, project_id='3130', plot_id='3641', x=1224810, y=1859160)
3641
Directory '/efs/timesync/1984/audit/' already exists.
Data has been pickled and saved to '/efs/timesync/1984/audit/1984_3641_3130.p'.
..............Failed qa: 1984-04-19T15:25:59.2110810Z
.......Failed qa: 1984-05-19T15:38:42.555547Z
Failed qa: 1984-05-21T15:26:24.327066Z
Failed qa: 1984-06-04T15:39:05.314535Z
Failed qa: 1984-06-06T15:26:46.020518Z
.......Failed qa: 1984-06-20T15:39:21.285587Z
Failed qa: 1984-06-22T15:27:01.208500Z
.......Failed qa: 1984-07-06T15:39:31.971541Z
Failed qa: 1984-07-08T15:27:11.365566Z
.......Failed qa: 1984-08-25T15:28:37.910500Z
.......Failed qa: 1984-09-08T15:41:03.773554Z
.......Failed qa: 1984-09-24T15:40:53.4450880Z
Failed qa: 1984-09-26T15:28:31.8260380Z
.......Failed qa: 1984-10-10T15:41:04.047060Z
Failed qa: 1984-10-12T15:28:42.117528Z
.......Failed qa: 1984-10-26T15:40:59.416034Z
Failed qa: 1984-10-28T15:28:36.891038Z
Failed qa: 1984-11-13T15:28:40.6120810Z
.......Failed qa: 1984-11-27T15:40:52.244066Z
Data has been pickled and saved to '/efs/timesync/1984/audit/1984_3641_3130_qa_rejects.p'.
Success tracking goes here
