{'project_id': '3130', 'year': '1984', 'x': 1203870, 'y': 1055610, 'plot_id': '5631', 'strata': '41'}
Pandas(Index=0, project_id='3130', plot_id='5631', x=1203870, y=1055610)
called process_plot
Pandas(Index=0, project_id='3130', plot_id='5631', x=1203870, y=1055610)
5631
Directory '/efs/timesync/1984/audit/' already exists.
Data has been pickled and saved to '/efs/timesync/1984/audit/1984_5631_3130.p'.
Failed qa: 1984-04-10T15:34:32.8630500Z
Failed qa: 1984-04-19T15:28:10.423025Z
Failed qa: 1984-05-05T15:28:17.192016Z
Failed qa: 1984-05-21T15:28:47.597044Z
Failed qa: 1984-06-06T15:29:09.217078Z
.......Failed qa: 1984-06-22T15:29:36.6050560Z
.......Failed qa: 1984-07-08T15:29:34.562040Z
..............Failed qa: 1984-09-26T15:31:07.153094Z
.......Failed qa: 1984-10-12T15:31:05.316560Z
.......Failed qa: 1984-10-28T15:31:00.233050Z
Failed qa: 1984-11-13T15:30:39.9120190Z
Data has been pickled and saved to '/efs/timesync/1984/audit/1984_5631_3130_qa_rejects.p'.
Success tracking goes here
