{'project_id': '3130', 'year': '1984', 'x': -2117940, 'y': 2708850, 'plot_id': '5156', 'strata': '41'}
Pandas(Index=0, project_id='3130', plot_id='5156', x=-2117940, y=2708850)
called process_plot
Pandas(Index=0, project_id='3130', plot_id='5156', x=-2117940, y=2708850)
5156
Directory '/efs/timesync/1984/audit/' already exists.
Data has been pickled and saved to '/efs/timesync/1984/audit/1984_5156_3130.p'.
..............Failed qa: 1984-04-16T18:11:27.735041Z
Failed qa: 1984-05-02T18:11:28.158547Z
Failed qa: 1984-05-07T18:30:11.197029Z
..............Failed qa: 1984-05-18T18:11:59.813054Z
Failed qa: 1984-05-23T18:30:40.579579Z
..............Failed qa: 1984-06-03T18:12:23.058022Z
Failed qa: 1984-06-08T18:31:13.2460560Z
Failed qa: 1984-06-10T18:18:29.6640940Z
..............Failed qa: 1984-06-24T18:31:15.717015Z
Failed qa: 1984-06-26T18:19:07.5930880Z
Failed qa: 1984-06-26T18:18:55.535553Z
..............Failed qa: 1984-07-05T18:12:50.250557Z
Failed qa: 1984-07-10T18:31:25.167057Z
..............Failed qa: 1984-07-28T18:19:51.2170690Z
Failed qa: 1984-07-28T18:19:39.230569Z
..............Failed qa: 1984-08-06T18:13:58.8210690Z
Failed qa: 1984-09-07T18:14:34.3980250Z
Failed qa: 1984-09-23T18:14:36.2220130Z
Failed qa: 1984-10-14T18:33:06.4610810Z
..............Failed qa: 1984-10-25T18:14:30.6310690Z
Failed qa: 1984-11-17T18:20:31.8450750Z
Failed qa: 1984-11-17T18:20:19.858082Z
Failed qa: 1984-12-01T18:32:33.1380250Z
Data has been pickled and saved to '/efs/timesync/1984/audit/1984_5156_3130_qa_rejects.p'.
Success tracking goes here
