{'project_id': '3130', 'year': '1984', 'x': -317850, 'y': 2381310, 'plot_id': '13051', 'strata': '41'}
Pandas(Index=0, project_id='3130', plot_id='13051', x=-317850, y=2381310)
called process_plot
Pandas(Index=0, project_id='3130', plot_id='13051', x=-317850, y=2381310)
13051
Directory '/efs/timesync/1984/audit/' already exists.
Data has been pickled and saved to '/efs/timesync/1984/audit/1984_13051_3130.p'.
Failed qa: 1984-04-12T16:57:17.674022Z
Failed qa: 1984-04-14T16:44:56.167063Z
..............Failed qa: 1984-05-05T17:03:23.4270130Z
..............Failed qa: 1984-05-14T16:57:54.6550060Z
Failed qa: 1984-05-16T16:45:12.6700250Z
..............Failed qa: 1984-05-25T16:39:40.6880060Z
Failed qa: 1984-06-06T17:04:15.4640060Z
..............Failed qa: 1984-06-10T16:40:00.5650380Z
Failed qa: 1984-06-15T16:58:37.9230940Z
Failed qa: 1984-06-17T16:46:06.227075Z
Failed qa: 1984-06-22T17:04:30.7830810Z
Failed qa: 1984-06-26T16:40:14.3610880Z
Failed qa: 1984-07-01T16:58:38.115525Z
Failed qa: 1984-07-03T16:46:17.670556Z
Failed qa: 1984-07-08T17:04:40.7990250Z
..............Failed qa: 1984-07-17T16:58:54.740082Z
Failed qa: 1984-07-19T16:46:49.5090500Z
Failed qa: 1984-07-24T17:05:08.7340310Z
Failed qa: 1984-08-04T16:46:59.0980130Z
Failed qa: 1984-08-25T17:06:07.3470810Z
..............Failed qa: 1984-08-29T16:41:37.565047Z
Failed qa: 1984-09-03T17:00:11.565069Z
Failed qa: 1984-09-05T16:48:02.5850440Z
Failed qa: 1984-09-05T16:47:50.527053Z
Failed qa: 1984-09-10T17:06:11.8710560Z
..............Failed qa: 1984-09-21T16:48:04.6690750Z
Failed qa: 1984-09-21T16:47:52.682566Z
Failed qa: 1984-09-26T17:06:13.2430500Z
..............Failed qa: 1984-10-05T17:00:25.8230440Z
Failed qa: 1984-10-07T16:48:04.0230000Z
Failed qa: 1984-10-21T17:00:22.3360310Z
..............Failed qa: 1984-11-01T16:41:45.2300750Z
Failed qa: 1984-11-06T17:00:15.4080310Z
Failed qa: 1984-11-08T16:47:40.495044Z
Failed qa: 1984-11-13T17:05:57.9890310Z
Failed qa: 1984-11-22T17:00:00.342547Z
Failed qa: 1984-11-22T16:59:48.2840560Z
Failed qa: 1984-11-24T16:47:39.114528Z
Failed qa: 1984-12-01T16:54:04.0580310Z
Failed qa: 1984-12-01T16:54:04.0580310Z
Data has been pickled and saved to '/efs/timesync/1984/audit/1984_13051_3130_qa_rejects.p'.
Success tracking goes here
