{'project_id': '3130', 'year': '1984', 'x': 1181790, 'y': 1643550, 'plot_id': '11816', 'strata': '41'}
Pandas(Index=0, project_id='3130', plot_id='11816', x=1181790, y=1643550)
called process_plot
Pandas(Index=0, project_id='3130', plot_id='11816', x=1181790, y=1643550)
11816
Directory '/efs/timesync/1984/audit/' already exists.
Data has been pickled and saved to '/efs/timesync/1984/audit/1984_11816_3130.p'.
Failed qa: 1984-03-15T15:45:21.6740000Z
..............Failed qa: 1984-04-08T15:45:18.3210060Z
..............Failed qa: 1984-04-19T15:26:34.814563Z
Failed qa: 1984-04-24T15:45:06.349547Z
Failed qa: 1984-05-03T15:39:10.8970060Z
Failed qa: 1984-05-05T15:26:41.511544Z
Failed qa: 1984-05-12T15:33:18.4510380Z
Failed qa: 1984-05-12T15:33:18.4510380Z
..............Failed qa: 1984-05-21T15:27:11.917532Z
Failed qa: 1984-06-04T15:39:52.975541Z
Failed qa: 1984-06-06T15:27:33.610038Z
Failed qa: 1984-06-11T15:46:11.474050Z
..............Failed qa: 1984-06-20T15:40:08.946572Z
Failed qa: 1984-06-22T15:27:48.868575Z
Failed qa: 1984-06-27T15:46:25.042566Z
Failed qa: 1984-07-06T15:40:31.4760500Z
Failed qa: 1984-07-08T15:27:58.955060Z
Failed qa: 1984-07-13T15:46:35.105540Z
..............Failed qa: 1984-07-29T15:47:09.922069Z
Failed qa: 1984-08-25T15:29:13.5840630Z
..............Failed qa: 1984-09-08T15:41:51.363072Z
..............Failed qa: 1984-09-24T15:41:53.093518Z
Failed qa: 1984-09-26T15:29:31.474044Z
Failed qa: 1984-10-01T15:47:51.7140690Z
..............Failed qa: 1984-10-10T15:41:51.709022Z
Failed qa: 1984-10-12T15:29:29.636528Z
Failed qa: 1984-10-17T15:48:12.8430630Z
..............Failed qa: 1984-10-26T15:41:47.078022Z
Failed qa: 1984-10-28T15:29:12.5660310Z
Failed qa: 1984-11-13T15:29:16.288044Z
............................Data has been pickled and saved to '/efs/timesync/1984/audit/1984_11816_3130_qa_rejects.p'.
Success tracking goes here
