{'project_id': '3130', 'year': '1984', 'x': -624390, 'y': 1535610, 'plot_id': '2931', 'strata': '41'}
Pandas(Index=0, project_id='3130', plot_id='2931', x=-624390, y=1535610)
called process_plot
Pandas(Index=0, project_id='3130', plot_id='2931', x=-624390, y=1535610)
2931
Directory '/efs/timesync/1984/audit/' already exists.
Data has been pickled and saved to '/efs/timesync/1984/audit/1984_2931_3130.p'.
Failed qa: 1984-05-05T17:05:34.853031Z
..............Failed qa: 1984-05-21T17:06:05.185529Z
.......Failed qa: 1984-06-06T17:06:26.816538Z
..............Failed qa: 1984-06-22T17:06:42.064510Z
.......Failed qa: 1984-07-08T17:06:52.151029Z
..............Failed qa: 1984-07-24T17:07:20.157554Z
Failed qa: 1984-08-25T17:08:18.770575Z
Failed qa: 1984-08-27T16:55:45.8910810Z
.......Failed qa: 1984-09-12T16:55:50.0760130Z
.......Failed qa: 1984-09-26T17:08:12.6810880Z
...................................Failed qa: 1984-11-13T17:08:09.382547Z
..............Data has been pickled and saved to '/efs/timesync/1984/audit/1984_2931_3130_qa_rejects.p'.
Success tracking goes here
