{'project_id': '3130', 'year': '1984', 'x': -654060, 'y': 1693680, 'plot_id': '8916', 'strata': '41'}
Pandas(Index=0, project_id='3130', plot_id='8916', x=-654060, y=1693680)
called process_plot
Pandas(Index=0, project_id='3130', plot_id='8916', x=-654060, y=1693680)
8916
Directory '/efs/timesync/1984/audit/' already exists.
Data has been pickled and saved to '/efs/timesync/1984/audit/1984_8916_3130.p'.
Failed qa: 1984-05-05T17:05:22.8660560Z
.......Failed qa: 1984-05-21T17:05:53.1990130Z
Failed qa: 1984-06-06T17:06:03.057078Z
.......Failed qa: 1984-06-22T17:06:18.234025Z
.......Failed qa: 1984-07-08T17:06:28.392032Z
.......Failed qa: 1984-07-24T17:06:56.327059Z
Failed qa: 1984-08-18T17:01:23.5310250Z
Failed qa: 1984-08-25T17:07:54.940547Z
Failed qa: 1984-08-27T16:55:45.8910810Z
Failed qa: 1984-09-03T17:01:35.2570440Z
Failed qa: 1984-09-12T16:55:50.0760130Z
.......Failed qa: 1984-09-26T17:08:12.6810880Z
.....................Failed qa: 1984-11-13T17:07:45.586572Z
.......Data has been pickled and saved to '/efs/timesync/1984/audit/1984_8916_3130_qa_rejects.p'.
Success tracking goes here
