{'project_id': '3130', 'year': '1984', 'x': -996720, 'y': 1657860, 'plot_id': '1126', 'strata': '41'}
Pandas(Index=0, project_id='3130', plot_id='1126', x=-996720, y=1657860)
called process_plot
Pandas(Index=0, project_id='3130', plot_id='1126', x=-996720, y=1657860)
1126
Directory '/efs/timesync/1984/audit/' already exists.
Data has been pickled and saved to '/efs/timesync/1984/audit/1984_1126_3130.p'.
..............Failed qa: 1984-05-05T17:05:46.8400060Z
..............Failed qa: 1984-05-21T17:06:17.1720440Z
..............Failed qa: 1984-06-06T17:06:26.816538Z
..............Failed qa: 1984-06-22T17:06:54.0510130Z
..............Failed qa: 1984-07-08T17:07:04.0660440Z
.......Failed qa: 1984-07-24T17:07:20.157554Z
Failed qa: 1984-08-25T17:08:18.770575Z
Failed qa: 1984-09-26T17:08:12.6810880Z
.......Failed qa: 1984-11-13T17:08:21.3340380Z
Failed qa: 1984-11-20T17:14:32.9130940Z
Failed qa: 1984-11-27T17:20:44.9770630Z
Data has been pickled and saved to '/efs/timesync/1984/audit/1984_1126_3130_qa_rejects.p'.
Success tracking goes here
