{'project_id': '3130', 'year': '1984', 'x': -1802490, 'y': 1930200, 'plot_id': '7641', 'strata': '41'}
Pandas(Index=0, project_id='3130', plot_id='7641', x=-1802490, y=1930200)
called process_plot
Pandas(Index=0, project_id='3130', plot_id='7641', x=-1802490, y=1930200)
7641
Directory '/efs/timesync/1984/audit/' already exists.
Data has been pickled and saved to '/efs/timesync/1984/audit/1984_7641_3130.p'.
Failed qa: 1984-03-23T17:49:02.2720750Z
Failed qa: 1984-04-13T17:42:20.8980000Z
.......Failed qa: 1984-04-29T17:42:17.9120630Z
Failed qa: 1984-05-06T17:48:17.0510560Z
.......Failed qa: 1984-05-22T17:48:58.804032Z
Failed qa: 1984-05-29T17:55:31.6540440Z
Failed qa: 1984-05-31T17:43:12.5840560Z
Failed qa: 1984-06-07T17:49:19.926065Z
.......Failed qa: 1984-06-23T17:49:34.872078Z
.......Failed qa: 1984-07-02T17:43:41.8900810Z
Failed qa: 1984-07-09T17:49:32.6740690Z
.......Failed qa: 1984-08-26T17:51:11.077532Z
Failed qa: 1984-09-20T17:44:53.6590940Z
.......Failed qa: 1984-10-13T17:51:14.554000Z
Failed qa: 1984-10-22T17:45:13.0710380Z
Failed qa: 1984-11-30T17:50:52.3330440Z
Data has been pickled and saved to '/efs/timesync/1984/audit/1984_7641_3130_qa_rejects.p'.
Success tracking goes here
