{'project_id': '3130', 'year': '1984', 'x': -724500, 'y': 2371500, 'plot_id': '17706', 'strata': '41'}
Pandas(Index=0, project_id='3130', plot_id='17706', x=-724500, y=2371500)
called process_plot
Pandas(Index=0, project_id='3130', plot_id='17706', x=-724500, y=2371500)
17706
Directory '/efs/timesync/1984/audit/' already exists.
Data has been pickled and saved to '/efs/timesync/1984/audit/1984_17706_3130.p'.
.......Failed qa: 1984-04-17T17:16:02.4230310Z
.......Failed qa: 1984-05-05T17:03:23.4270130Z
..............Failed qa: 1984-05-21T17:04:17.8760440Z
..............Failed qa: 1984-06-06T17:04:27.450510Z
..............Failed qa: 1984-06-22T17:04:42.769581Z
..............Failed qa: 1984-07-08T17:04:52.785525Z
.......Failed qa: 1984-07-24T17:05:20.792019Z
Failed qa: 1984-08-25T17:06:19.405069Z
..............Failed qa: 1984-09-10T17:06:23.929044Z
Failed qa: 1984-09-26T17:06:25.229562Z
.......Failed qa: 1984-11-13T17:06:10.047519Z
..............Data has been pickled and saved to '/efs/timesync/1984/audit/1984_17706_3130_qa_rejects.p'.
Success tracking goes here
