{'project_id': '3130', 'year': '1984', 'x': 31170, 'y': 1793610, 'plot_id': '6246', 'strata': '41'}
Pandas(Index=0, project_id='3130', plot_id='6246', x=31170, y=1793610)
called process_plot
Pandas(Index=0, project_id='3130', plot_id='6246', x=31170, y=1793610)
6246
Directory '/efs/timesync/1984/audit/' already exists.
Data has been pickled and saved to '/efs/timesync/1984/audit/1984_6246_3130.p'.
Failed qa: 1984-04-18T16:21:48.428056Z
Failed qa: 1984-05-18T16:34:42.174009Z
Failed qa: 1984-06-03T16:34:53.5590940Z
.......Failed qa: 1984-06-19T16:35:21.806047Z
Failed qa: 1984-06-21T16:23:13.5360060Z
.......Failed qa: 1984-07-05T16:35:32.699078Z
Failed qa: 1984-07-07T16:23:00.2140380Z
.......Failed qa: 1984-08-08T16:24:11.339044Z
.......Failed qa: 1984-09-07T16:36:52.9760940Z
Failed qa: 1984-09-23T16:36:54.7990810Z
Failed qa: 1984-10-11T16:24:55.2750500Z
.......Failed qa: 1984-11-10T16:36:53.294057Z
Failed qa: 1984-11-12T16:24:30.393569Z
.......Failed qa: 1984-11-26T16:36:41.4470190Z
Failed qa: 1984-11-28T16:24:31.916569Z
Data has been pickled and saved to '/efs/timesync/1984/audit/1984_6246_3130_qa_rejects.p'.
Success tracking goes here
