{'project_id': '3130', 'year': '1984', 'x': -187650, 'y': 2043510, 'plot_id': '5286', 'strata': '41'}
Pandas(Index=0, project_id='3130', plot_id='5286', x=-187650, y=2043510)
called process_plot
Pandas(Index=0, project_id='3130', plot_id='5286', x=-187650, y=2043510)
5286
Directory '/efs/timesync/1984/audit/' already exists.
Data has been pickled and saved to '/efs/timesync/1984/audit/1984_5286_3130.p'.
Failed qa: 1984-04-14T16:45:55.8870000Z
Failed qa: 1984-05-07T16:52:05.689038Z
.......Failed qa: 1984-05-23T16:52:23.1320000Z
..............Failed qa: 1984-06-08T16:52:43.8440060Z
..............Failed qa: 1984-06-24T16:52:58.4070690Z
..............Failed qa: 1984-07-10T16:53:07.8250690Z
..............Failed qa: 1984-08-20T16:48:29.551594Z
Failed qa: 1984-08-27T16:54:34.2580310Z
.......Failed qa: 1984-09-05T16:48:38.259519Z
Failed qa: 1984-09-12T16:54:38.2990380Z
.......Failed qa: 1984-09-28T16:54:39.2470130Z
.......Failed qa: 1984-10-30T16:54:31.5870440Z
.....................Failed qa: 1984-12-01T16:54:39.876566Z
Data has been pickled and saved to '/efs/timesync/1984/audit/1984_5286_3130_qa_rejects.p'.
Success tracking goes here
