{'project_id': '3130', 'year': '1984', 'x': -1653510, 'y': 2601750, 'plot_id': '17551', 'strata': '41'}
Pandas(Index=0, project_id='3130', plot_id='17551', x=-1653510, y=2601750)
called process_plot
Pandas(Index=0, project_id='3130', plot_id='17551', x=-1653510, y=2601750)
17551
Directory '/efs/timesync/1984/audit/' already exists.
Data has been pickled and saved to '/efs/timesync/1984/audit/1984_17551_3130.p'.
Failed qa: 1984-04-18T17:58:30.2180690Z
Failed qa: 1984-04-25T18:04:39.7180190Z
Failed qa: 1984-04-27T17:52:29.346572Z
Failed qa: 1984-05-13T17:52:54.252528Z
..............Failed qa: 1984-05-29T17:53:20.300566Z
..............Failed qa: 1984-06-14T17:53:38.513550Z
..............Failed qa: 1984-06-30T17:53:51.000016Z
.......Failed qa: 1984-07-14T18:06:11.3420500Z
Failed qa: 1984-07-16T17:53:54.1610880Z
..............Failed qa: 1984-09-16T18:08:00.8140880Z
Failed qa: 1984-10-02T18:07:37.1940880Z
..............Data has been pickled and saved to '/efs/timesync/1984/audit/1984_17551_3130_qa_rejects.p'.
Success tracking goes here
