{'project_id': '3130', 'year': '1984', 'x': 1481730, 'y': 1479720, 'plot_id': '22841', 'strata': '41'}
Pandas(Index=0, project_id='3130', plot_id='22841', x=1481730, y=1479720)
called process_plot
Pandas(Index=0, project_id='3130', plot_id='22841', x=1481730, y=1479720)
22841
Directory '/efs/timesync/1984/audit/' already exists.
Data has been pickled and saved to '/efs/timesync/1984/audit/1984_22841_3130.p'.
Failed qa: 1984-03-24T15:12:28.914562Z
..............Failed qa: 1984-04-19T15:26:58.716562Z
Failed qa: 1984-05-05T15:27:05.485050Z
Failed qa: 1984-05-07T15:14:47.916566Z
..............Failed qa: 1984-05-21T15:27:35.819541Z
Failed qa: 1984-05-23T15:15:17.287063Z
Failed qa: 1984-06-06T15:27:57.511572Z
Failed qa: 1984-06-08T15:15:38.028512Z
..............Failed qa: 1984-06-22T15:28:00.8550810Z
Failed qa: 1984-06-24T15:15:52.657575Z
..............Failed qa: 1984-07-08T15:28:22.856578Z
Failed qa: 1984-07-10T15:16:02.148560Z
..............Failed qa: 1984-08-27T15:17:28.586022Z
............................Failed qa: 1984-09-26T15:29:55.376051Z
..............Failed qa: 1984-10-12T15:29:53.610038Z
..............Failed qa: 1984-10-28T15:30:00.3700810Z
..............Failed qa: 1984-11-13T15:29:40.190560Z
..............Failed qa: 1984-12-01T15:17:22.119019Z
Data has been pickled and saved to '/efs/timesync/1984/audit/1984_22841_3130_qa_rejects.p'.
Success tracking goes here
