{'project_id': '3130', 'year': '1984', 'x': -1190640, 'y': 2412960, 'plot_id': '16296', 'strata': '41'}
Pandas(Index=0, project_id='3130', plot_id='16296', x=-1190640, y=2412960)
called process_plot
Pandas(Index=0, project_id='3130', plot_id='16296', x=-1190640, y=2412960)
16296
Directory '/efs/timesync/1984/audit/' already exists.
Data has been pickled and saved to '/efs/timesync/1984/audit/1984_16296_3130.p'.
Failed qa: 1984-03-15T17:22:51.335515Z
..............Failed qa: 1984-04-13T17:40:45.5750130Z
Failed qa: 1984-04-15T17:28:00.121584Z
Failed qa: 1984-04-15T17:28:12.037069Z
Failed qa: 1984-04-29T17:40:06.700572Z
Failed qa: 1984-04-29T17:40:30.602572Z
Failed qa: 1984-05-01T17:28:10.171566Z
Failed qa: 1984-05-01T17:28:22.087044Z
..............Failed qa: 1984-05-15T17:40:36.383072Z
Failed qa: 1984-05-15T17:40:48.2270750Z
Failed qa: 1984-05-31T17:40:49.4590060Z
Failed qa: 1984-05-31T17:41:37.2620630Z
Failed qa: 1984-06-02T17:28:54.204019Z
Failed qa: 1984-06-02T17:29:17.962581Z
Failed qa: 1984-06-09T17:34:49.0080500Z
Failed qa: 1984-06-11T17:23:29.246553Z
Failed qa: 1984-06-18T17:28:58.848537Z
Failed qa: 1984-06-18T17:29:34.665531Z
..............Failed qa: 1984-06-27T17:23:30.9400940Z
Failed qa: 1984-07-02T17:41:30.537569Z
Failed qa: 1984-07-02T17:41:42.4530440Z
Failed qa: 1984-07-04T17:29:22.096035Z
Failed qa: 1984-07-04T17:29:45.855031Z
Failed qa: 1984-07-11T17:35:12.5030880Z
Failed qa: 1984-07-13T17:23:41.1350880Z
Failed qa: 1984-07-18T17:41:36.9640880Z
Failed qa: 1984-07-20T17:29:43.589063Z
Failed qa: 1984-07-20T17:30:07.348060Z
Failed qa: 1984-07-29T17:24:39.7130000Z
Failed qa: 1984-08-05T17:30:05.074016Z
Failed qa: 1984-08-05T17:30:40.890543Z
Failed qa: 1984-08-14T17:24:59.578547Z
Failed qa: 1984-09-15T17:25:21.007038Z
Failed qa: 1984-09-22T17:30:56.569563Z
Failed qa: 1984-09-22T17:31:32.387028Z
Failed qa: 1984-10-17T17:25:06.7460560Z
Failed qa: 1984-10-22T17:43:01.716050Z
Failed qa: 1984-10-22T17:43:25.618069Z
Failed qa: 1984-10-24T17:31:15.3640310Z
Failed qa: 1984-10-24T17:31:15.3640310Z
Failed qa: 1984-11-02T17:25:00.6190440Z
Failed qa: 1984-11-09T17:30:55.710000Z
Failed qa: 1984-11-09T17:30:55.710000Z
Failed qa: 1984-11-18T17:24:54.7510000Z
Failed qa: 1984-11-23T17:43:04.2710440Z
Failed qa: 1984-11-23T17:43:16.329544Z
Data has been pickled and saved to '/efs/timesync/1984/audit/1984_16296_3130_qa_rejects.p'.
Success tracking goes here
