{'project_id': '3130', 'year': '1984', 'x': 1054200, 'y': 2409270, 'plot_id': '2751', 'strata': '41'}
Pandas(Index=0, project_id='3130', plot_id='2751', x=1054200, y=2409270)
called process_plot
Pandas(Index=0, project_id='3130', plot_id='2751', x=1054200, y=2409270)
2751
Directory '/efs/timesync/1984/audit/' already exists.
Data has been pickled and saved to '/efs/timesync/1984/audit/1984_2751_3130.p'.
Failed qa: 1984-03-27T15:32:18.219582Z
.......Failed qa: 1984-04-10T15:31:09.731540Z
Failed qa: 1984-05-03T15:36:59.542072Z
Failed qa: 1984-05-10T15:43:36.8660560Z
Failed qa: 1984-05-12T15:31:30.999019Z
Failed qa: 1984-05-19T15:37:30.849078Z
Failed qa: 1984-05-26T15:44:04.6930750Z
Failed qa: 1984-06-04T15:37:53.609028Z
.......Failed qa: 1984-06-13T15:32:16.312019Z
Failed qa: 1984-06-20T15:38:09.581009Z
Failed qa: 1984-06-27T15:44:37.7350380Z
Failed qa: 1984-06-29T15:32:29.226053Z
.......Failed qa: 1984-07-15T15:32:42.479031Z
Failed qa: 1984-07-22T15:38:44.803562Z
.......Failed qa: 1984-07-31T15:33:16.931541Z
Failed qa: 1984-08-07T15:39:30.0710810Z
.......Failed qa: 1984-08-16T15:33:36.5100130Z
Failed qa: 1984-08-30T15:46:12.5920810Z
Failed qa: 1984-09-01T15:34:03.346069Z
Failed qa: 1984-09-08T15:39:52.068059Z
Failed qa: 1984-09-17T15:34:06.364040Z
.......Failed qa: 1984-10-03T15:34:06.404013Z
Failed qa: 1984-10-10T15:39:52.341019Z
.......Failed qa: 1984-10-19T15:34:15.0950130Z
Failed qa: 1984-11-02T15:46:07.4200810Z
.......Failed qa: 1984-11-27T15:39:40.464047Z
Data has been pickled and saved to '/efs/timesync/1984/audit/1984_2751_3130_qa_rejects.p'.
Success tracking goes here
