{'project_id': '3130', 'year': '1984', 'x': -1507080, 'y': 2971530, 'plot_id': '8001', 'strata': '41'}
Pandas(Index=0, project_id='3130', plot_id='8001', x=-1507080, y=2971530)
called process_plot
Pandas(Index=0, project_id='3130', plot_id='8001', x=-1507080, y=2971530)
8001
Directory '/efs/timesync/1984/audit/' already exists.
Data has been pickled and saved to '/efs/timesync/1984/audit/1984_8001_3130.p'.
Failed qa: 1984-04-11T17:51:31.3590750Z
..............Failed qa: 1984-04-27T17:51:41.685528Z
.......Failed qa: 1984-05-13T17:51:54.6760060Z
.......Failed qa: 1984-05-27T18:05:03.4060810Z
Failed qa: 1984-05-29T17:52:20.7240940Z
.......Failed qa: 1984-06-14T17:52:38.9380060Z
.......Failed qa: 1984-06-30T17:53:03.339060Z
..............Failed qa: 1984-07-16T17:53:18.416037Z
..............Failed qa: 1984-08-01T17:53:52.551537Z
..............Failed qa: 1984-08-17T17:54:11.8440190Z
..............Failed qa: 1984-09-02T17:54:25.2190000Z
.......Failed qa: 1984-10-02T18:07:13.3640190Z
Failed qa: 1984-10-04T17:54:39.700537Z
Failed qa: 1984-10-18T18:07:10.4960060Z
.......Failed qa: 1984-11-03T18:07:04.0830000Z
Failed qa: 1984-11-05T17:54:29.640575Z
Failed qa: 1984-11-21T17:54:14.0030630Z
Data has been pickled and saved to '/efs/timesync/1984/audit/1984_8001_3130_qa_rejects.p'.
Success tracking goes here
