{'project_id': '3130', 'year': '1984', 'x': -156900, 'y': 1812390, 'plot_id': '18741', 'strata': '41'}
Pandas(Index=0, project_id='3130', plot_id='18741', x=-156900, y=1812390)
called process_plot
Pandas(Index=0, project_id='3130', plot_id='18741', x=-156900, y=1812390)
18741
Directory '/efs/timesync/1984/audit/' already exists.
Data has been pickled and saved to '/efs/timesync/1984/audit/1984_18741_3130.p'.
........................................................Failed qa: 1984-06-12T16:28:40.617562Z
Failed qa: 1984-06-12T16:29:04.448053Z
............................Failed qa: 1984-06-28T16:28:53.836560Z
Failed qa: 1984-06-28T16:29:17.667041Z
..............Failed qa: 1984-07-14T16:29:05.593047Z
Failed qa: 1984-07-14T16:29:29.423075Z
..............Failed qa: 1984-08-31T16:30:28.363553Z
Failed qa: 1984-08-31T16:30:52.194038Z
............................Failed qa: 1984-10-09T16:36:29.7250250Z
Failed qa: 1984-10-16T16:43:26.6290690Z
..............Failed qa: 1984-11-03T16:30:22.454084Z
Failed qa: 1984-11-03T16:30:46.285547Z
..............Failed qa: 1984-11-19T16:30:17.301028Z
Failed qa: 1984-11-19T16:30:29.2880310Z
..............Data has been pickled and saved to '/efs/timesync/1984/audit/1984_18741_3130_qa_rejects.p'.
Success tracking goes here
