{'project_id': '3130', 'year': '1984', 'x': -1266450, 'y': 2728290, 'plot_id': '3251', 'strata': '41'}
Pandas(Index=0, project_id='3130', plot_id='3251', x=-1266450, y=2728290)
called process_plot
Pandas(Index=0, project_id='3130', plot_id='3251', x=-1266450, y=2728290)
3251
Directory '/efs/timesync/1984/audit/' already exists.
Data has been pickled and saved to '/efs/timesync/1984/audit/1984_3251_3130.p'.
.......Failed qa: 1984-04-13T17:39:33.7970560Z
Failed qa: 1984-04-27T17:52:05.516051Z
Failed qa: 1984-04-29T17:39:54.7850880Z
.......Failed qa: 1984-05-13T17:52:42.3370440Z
..............Failed qa: 1984-05-29T17:53:08.3850880Z
.......Failed qa: 1984-06-07T17:46:44.6720130Z
Failed qa: 1984-06-14T17:53:26.5980810Z
.......Failed qa: 1984-06-30T17:53:27.169537Z
..............Failed qa: 1984-07-16T17:53:42.246072Z
.......Failed qa: 1984-07-25T17:47:39.1030130Z
Failed qa: 1984-08-01T17:54:04.4670000Z
Failed qa: 1984-08-03T17:41:46.8930250Z
Failed qa: 1984-08-10T17:48:11.6450500Z
Failed qa: 1984-08-19T17:42:17.6980250Z
.......Failed qa: 1984-09-27T17:48:41.2800310Z
Failed qa: 1984-10-04T17:54:51.6870560Z
..............Failed qa: 1984-11-05T17:54:41.5560810Z
Failed qa: 1984-11-23T17:42:16.6080380Z
Failed qa: 1984-11-30T17:48:29.0590310Z
Data has been pickled and saved to '/efs/timesync/1984/audit/1984_3251_3130_qa_rejects.p'.
Success tracking goes here
