{'project_id': '3130', 'year': '1984', 'x': 157980, 'y': 1669950, 'plot_id': '18976', 'strata': '41'}
Pandas(Index=0, project_id='3130', plot_id='18976', x=157980, y=1669950)
called process_plot
Pandas(Index=0, project_id='3130', plot_id='18976', x=157980, y=1669950)
18976
Directory '/efs/timesync/1984/audit/' already exists.
Data has been pickled and saved to '/efs/timesync/1984/audit/1984_18976_3130.p'.
.......Failed qa: 1984-04-27T16:15:35.659088Z
Failed qa: 1984-05-13T16:16:12.3400190Z
Failed qa: 1984-05-29T16:16:26.547063Z
Failed qa: 1984-06-12T16:28:52.6040690Z
Failed qa: 1984-06-14T16:16:44.765057Z
.......Failed qa: 1984-06-28T16:29:05.8230630Z
Failed qa: 1984-06-30T16:16:57.225532Z
Failed qa: 1984-07-07T16:23:00.2140380Z
Failed qa: 1984-07-14T16:29:17.5790940Z
Failed qa: 1984-07-16T16:17:12.246022Z
.......Failed qa: 1984-08-31T16:30:40.3500560Z
Failed qa: 1984-09-18T16:18:33.814075Z
Failed qa: 1984-10-04T16:18:33.746075Z
.......Failed qa: 1984-11-03T16:30:34.4410750Z
Failed qa: 1984-11-05T16:18:23.761547Z
.......Failed qa: 1984-11-19T16:30:29.2880310Z
Failed qa: 1984-11-21T16:18:19.945547Z
.......Data has been pickled and saved to '/efs/timesync/1984/audit/1984_18976_3130_qa_rejects.p'.
Success tracking goes here
