{'project_id': '3130', 'year': '1984', 'x': -761220, 'y': 2105790, 'plot_id': '16706', 'strata': '41'}
Pandas(Index=0, project_id='3130', plot_id='16706', x=-761220, y=2105790)
called process_plot
Pandas(Index=0, project_id='3130', plot_id='16706', x=-761220, y=2105790)
16706
Directory '/efs/timesync/1984/audit/' already exists.
Data has been pickled and saved to '/efs/timesync/1984/audit/1984_16706_3130.p'.
.......Failed qa: 1984-04-12T16:58:05.406544Z
Failed qa: 1984-05-05T17:04:23.217569Z
.......Failed qa: 1984-05-14T16:58:30.329522Z
Failed qa: 1984-05-21T17:04:53.622050Z
.......Failed qa: 1984-06-06T17:05:15.253562Z
.......Failed qa: 1984-06-15T16:59:13.740535Z
Failed qa: 1984-06-22T17:05:30.502029Z
.......Failed qa: 1984-07-01T16:59:37.9050630Z
Failed qa: 1984-07-08T17:05:40.588556Z
.......Failed qa: 1984-07-17T16:59:42.472544Z
Failed qa: 1984-07-24T17:06:08.523575Z
Failed qa: 1984-08-18T17:00:47.571525Z
Failed qa: 1984-08-25T17:07:19.1240190Z
.......Failed qa: 1984-09-03T17:00:59.369015Z
Failed qa: 1984-09-10T17:07:11.661506Z
Failed qa: 1984-09-19T17:01:01.935075Z
Failed qa: 1984-09-26T17:07:13.033554Z
Failed qa: 1984-10-21T17:00:46.0240380Z
Failed qa: 1984-11-04T17:13:25.7410190Z
Failed qa: 1984-11-06T17:00:39.0960690Z
Failed qa: 1984-11-13T17:06:57.781072Z
Failed qa: 1984-11-20T17:13:21.2760940Z
Failed qa: 1984-11-22T17:00:48.148507Z
Data has been pickled and saved to '/efs/timesync/1984/audit/1984_16706_3130_qa_rejects.p'.
Success tracking goes here
