{'project_id': '3130', 'year': '1984', 'x': -1611030, 'y': 1610610, 'plot_id': '11116', 'strata': '41'}
Pandas(Index=0, project_id='3130', plot_id='11116', x=-1611030, y=1610610)
called process_plot
Pandas(Index=0, project_id='3130', plot_id='11116', x=-1611030, y=1610610)
11116
Directory '/efs/timesync/1984/audit/' already exists.
Data has been pickled and saved to '/efs/timesync/1984/audit/1984_11116_3130.p'.
Failed qa: 1984-04-06T17:36:32.607053Z
Failed qa: 1984-04-13T17:42:44.800010Z
.....................Failed qa: 1984-05-31T17:43:36.486040Z
Failed qa: 1984-06-02T17:31:17.4010190Z
.......Failed qa: 1984-06-16T17:44:17.8890940Z
Failed qa: 1984-06-18T17:31:58.0050000Z
..............Failed qa: 1984-07-20T17:32:18.772031Z
Failed qa: 1984-08-05T17:33:04.2290690Z
.......Failed qa: 1984-09-22T17:33:31.754032Z
.......Failed qa: 1984-10-24T17:33:26.576519Z
Failed qa: 1984-11-23T17:45:51.5200500Z
Data has been pickled and saved to '/efs/timesync/1984/audit/1984_11116_3130_qa_rejects.p'.
Success tracking goes here
