{'project_id': '3130', 'year': '1984', 'x': -444840, 'y': 2623470, 'plot_id': '20401', 'strata': '41'}
Pandas(Index=0, project_id='3130', plot_id='20401', x=-444840, y=2623470)
called process_plot
Pandas(Index=0, project_id='3130', plot_id='20401', x=-444840, y=2623470)
20401
Directory '/efs/timesync/1984/audit/' already exists.
Data has been pickled and saved to '/efs/timesync/1984/audit/1984_20401_3130.p'.
Failed qa: 1984-03-22T17:06:19.084519Z
Failed qa: 1984-04-10T17:08:39.3540750Z
Failed qa: 1984-04-21T16:50:30.9480310Z
Failed qa: 1984-05-05T17:02:35.7650560Z
Failed qa: 1984-05-07T16:50:42.2100310Z
Failed qa: 1984-05-12T17:09:00.7550060Z
Failed qa: 1984-05-14T16:56:54.792544Z
Failed qa: 1984-05-23T16:50:47.6670000Z
Failed qa: 1984-05-28T17:09:27.5080750Z
.......Failed qa: 1984-06-08T16:51:32.2100190Z
Failed qa: 1984-06-13T17:09:46.0570190Z
Failed qa: 1984-06-15T16:57:26.2900000Z
.......Failed qa: 1984-06-24T16:51:34.858066Z
Failed qa: 1984-06-29T17:09:58.9470750Z
..............Failed qa: 1984-07-10T16:51:56.1910690Z
Failed qa: 1984-07-15T17:10:12.2710130Z
..............Failed qa: 1984-07-26T16:52:03.6660190Z
Failed qa: 1984-08-02T16:58:29.1320190Z
Failed qa: 1984-08-11T16:52:36.0640690Z
Failed qa: 1984-08-18T16:59:00.1210060Z
.......Failed qa: 1984-08-27T16:53:10.780541Z
..............Failed qa: 1984-09-12T16:53:26.8080060Z
.......Failed qa: 1984-09-28T16:53:15.839550Z
Failed qa: 1984-10-05T16:59:14.1880880Z
Failed qa: 1984-10-19T17:11:32.8290880Z
Failed qa: 1984-10-21T16:59:10.5580630Z
Failed qa: 1984-10-28T17:05:18.6630250Z
Failed qa: 1984-10-30T16:52:56.1200690Z
Failed qa: 1984-11-04T17:11:26.3000130Z
Failed qa: 1984-11-06T16:59:03.6290500Z
.......Failed qa: 1984-11-22T16:59:12.537041Z
Data has been pickled and saved to '/efs/timesync/1984/audit/1984_20401_3130_qa_rejects.p'.
Success tracking goes here
