{'project_id': '3130', 'year': '1984', 'x': 1361940, 'y': 528630, 'plot_id': '20021', 'strata': '41'}
Pandas(Index=0, project_id='3130', plot_id='20021', x=1361940, y=528630)
called process_plot
Pandas(Index=0, project_id='3130', plot_id='20021', x=1361940, y=528630)
20021
Directory '/efs/timesync/1984/audit/' already exists.
Data has been pickled and saved to '/efs/timesync/1984/audit/1984_20021_3130.p'.
.....................Failed qa: 1984-05-07T15:17:23.1740560Z
..............Failed qa: 1984-05-23T15:17:40.699032Z
Failed qa: 1984-06-06T15:30:08.9360750Z
Failed qa: 1984-06-08T15:18:01.367556Z
Failed qa: 1984-06-15T15:24:31.2360130Z
Failed qa: 1984-06-22T15:30:24.2660380Z
Failed qa: 1984-06-24T15:18:15.997047Z
..............Failed qa: 1984-07-10T15:18:25.559553Z
.......Failed qa: 1984-08-27T15:19:51.925044Z
.......Failed qa: 1984-09-26T15:32:06.7300630Z
.......Failed qa: 1984-10-12T15:32:05.0370000Z
.....................Failed qa: 1984-12-01T15:19:57.3820000Z
Data has been pickled and saved to '/efs/timesync/1984/audit/1984_20021_3130_qa_rejects.p'.
Success tracking goes here
