{'project_id': '3130', 'year': '1984', 'x': 610290, 'y': 2192520, 'plot_id': '2426', 'strata': '41'}
Pandas(Index=0, project_id='3130', plot_id='2426', x=610290, y=2192520)
called process_plot
Pandas(Index=0, project_id='3130', plot_id='2426', x=610290, y=2192520)
2426
Directory '/efs/timesync/1984/audit/' already exists.
Data has been pickled and saved to '/efs/timesync/1984/audit/1984_2426_3130.p'.
Failed qa: 1984-03-23T16:08:58.104035Z
Failed qa: 1984-04-06T15:56:03.8720000Z
.......Failed qa: 1984-04-22T15:55:41.1910380Z
..............Failed qa: 1984-05-08T15:56:06.412565Z
Failed qa: 1984-06-07T16:09:26.8710440Z
..............Failed qa: 1984-07-11T15:57:19.019056Z
Failed qa: 1984-08-26T16:11:06.291025Z
Failed qa: 1984-08-28T15:58:45.343063Z
.......Failed qa: 1984-09-11T16:11:10.615559Z
Failed qa: 1984-09-13T15:58:37.3970880Z
Failed qa: 1984-09-29T15:59:01.8610690Z
.....................Failed qa: 1984-10-31T15:58:29.9440250Z
..............Data has been pickled and saved to '/efs/timesync/1984/audit/1984_2426_3130_qa_rejects.p'.
Success tracking goes here
