{'project_id': '3130', 'year': '1984', 'x': -463170, 'y': 1063950, 'plot_id': '24241', 'strata': '41'}
Pandas(Index=0, project_id='3130', plot_id='24241', x=-463170, y=1063950)
called process_plot
Pandas(Index=0, project_id='3130', plot_id='24241', x=-463170, y=1063950)
24241
Directory '/efs/timesync/1984/audit/' already exists.
Data has been pickled and saved to '/efs/timesync/1984/audit/1984_24241_3130.p'.
....................................................................................Failed qa: 1984-05-18T16:36:05.6520750Z
Failed qa: 1984-05-18T16:36:05.6520750Z
Failed qa: 1984-05-23T16:55:10.3740250Z
Failed qa: 1984-05-25T16:42:03.9570190Z
............................Failed qa: 1984-06-03T16:36:40.868050Z
Failed qa: 1984-06-03T16:36:40.868050Z
Failed qa: 1984-06-08T16:54:55.196531Z
Failed qa: 1984-06-08T16:55:19.027028Z
Failed qa: 1984-06-10T16:42:23.6900310Z
............................Failed qa: 1984-06-19T16:36:57.270072Z
Failed qa: 1984-06-19T16:36:57.270072Z
Failed qa: 1984-06-24T16:55:09.759556Z
Failed qa: 1984-06-24T16:55:33.590047Z
............................Failed qa: 1984-07-03T16:48:52.9250190Z
Failed qa: 1984-07-03T16:48:52.9250190Z
Failed qa: 1984-07-10T16:55:07.2630060Z
Failed qa: 1984-07-19T16:49:12.7770250Z
Failed qa: 1984-07-19T16:49:12.7770250Z
Failed qa: 1984-08-29T16:44:12.7470880Z
Failed qa: 1984-09-07T16:38:40.284579Z
Failed qa: 1984-09-07T16:38:40.284579Z
Failed qa: 1984-09-23T16:38:42.108054Z
Failed qa: 1984-09-23T16:38:42.108054Z
Failed qa: 1984-10-09T16:38:41.008044Z
Failed qa: 1984-10-09T16:38:41.008044Z
Failed qa: 1984-10-14T16:56:48.520538Z
Failed qa: 1984-10-14T16:57:00.5070630Z
............................Failed qa: 1984-10-30T16:56:42.942594Z
Failed qa: 1984-10-30T16:57:06.845084Z
........................................................Failed qa: 1984-11-10T16:38:28.762043Z
Failed qa: 1984-11-10T16:38:28.762043Z
Failed qa: 1984-12-01T16:56:39.249053Z
Failed qa: 1984-12-01T16:56:51.1650380Z
Data has been pickled and saved to '/efs/timesync/1984/audit/1984_24241_3130_qa_rejects.p'.
Success tracking goes here
