{'project_id': '3130', 'year': '1984', 'x': 587250, 'y': 1273920, 'plot_id': '19481', 'strata': '41'}
Pandas(Index=0, project_id='3130', plot_id='19481', x=587250, y=1273920)
called process_plot
Pandas(Index=0, project_id='3130', plot_id='19481', x=587250, y=1273920)
19481
Directory '/efs/timesync/1984/audit/' already exists.
Data has been pickled and saved to '/efs/timesync/1984/audit/1984_19481_3130.p'.
Failed qa: 1984-03-25T15:53:12.9140000Z
..............Failed qa: 1984-04-15T15:52:17.9260380Z
..............Failed qa: 1984-05-01T15:52:04.039579Z
Failed qa: 1984-05-06T16:10:35.3460060Z
..............Failed qa: 1984-05-22T16:10:53.268516Z
..............Failed qa: 1984-06-07T16:11:14.393541Z
Failed qa: 1984-06-16T16:05:24.617553Z
Failed qa: 1984-06-16T16:05:12.702528Z
Failed qa: 1984-06-18T15:53:16.720019Z
Failed qa: 1984-06-23T16:11:29.372079Z
Failed qa: 1984-07-04T15:53:27.945047Z
Failed qa: 1984-07-09T16:11:39.054063Z
..............Failed qa: 1984-08-26T16:13:05.656056Z
Failed qa: 1984-08-28T16:01:20.5970560Z
Failed qa: 1984-08-28T16:01:20.5970560Z
Failed qa: 1984-09-04T16:06:57.740503Z
Failed qa: 1984-09-04T16:06:57.740503Z
Failed qa: 1984-09-06T15:55:00.456572Z
Failed qa: 1984-09-11T16:13:09.982035Z
............................Failed qa: 1984-10-08T15:55:01.539559Z
Failed qa: 1984-10-13T16:13:09.088551Z
Failed qa: 1984-10-15T16:01:22.8630750Z
Failed qa: 1984-10-15T16:01:22.8630750Z
Failed qa: 1984-10-22T16:06:43.8510060Z
Failed qa: 1984-10-22T16:06:43.8510060Z
Failed qa: 1984-10-24T15:55:09.2670310Z
Failed qa: 1984-10-29T16:13:03.839516Z
............................Failed qa: 1984-11-09T15:54:49.731050Z
..............Failed qa: 1984-11-25T15:54:49.016063Z
Failed qa: 1984-11-30T16:12:58.708062Z
Data has been pickled and saved to '/efs/timesync/1984/audit/1984_19481_3130_qa_rejects.p'.
Success tracking goes here
