{'project_id': '3130', 'year': '1984', 'x': -597900, 'y': 2134890, 'plot_id': '18521', 'strata': '41'}
Pandas(Index=0, project_id='3130', plot_id='18521', x=-597900, y=2134890)
called process_plot
Pandas(Index=0, project_id='3130', plot_id='18521', x=-597900, y=2134890)
18521
Directory '/efs/timesync/1984/audit/' already exists.
Data has been pickled and saved to '/efs/timesync/1984/audit/1984_18521_3130.p'.
..............Failed qa: 1984-05-07T16:51:53.7020630Z
Failed qa: 1984-05-14T16:58:06.499006Z
.......Failed qa: 1984-05-23T16:52:23.1320000Z
.......Failed qa: 1984-06-08T16:52:43.8440060Z
..............Failed qa: 1984-06-24T16:52:58.4070690Z
Failed qa: 1984-07-01T16:58:50.1020250Z
.......Failed qa: 1984-07-10T16:53:07.8250690Z
.....................Failed qa: 1984-08-25T17:06:31.4630560Z
Failed qa: 1984-08-27T16:54:22.414053Z
..............Failed qa: 1984-09-12T16:54:26.455051Z
..............Failed qa: 1984-09-28T16:54:39.2470130Z
Failed qa: 1984-10-05T17:00:25.8230440Z
.......Failed qa: 1984-10-30T16:54:31.5870440Z
Failed qa: 1984-11-06T17:00:27.252050Z
.......Failed qa: 1984-11-20T17:12:33.6140060Z
Failed qa: 1984-11-22T17:00:24.245526Z
Failed qa: 1984-12-01T16:54:27.8890940Z
Data has been pickled and saved to '/efs/timesync/1984/audit/1984_18521_3130_qa_rejects.p'.
Success tracking goes here
