{'project_id': '3130', 'year': '1984', 'x': 503430, 'y': 2265330, 'plot_id': '12141', 'strata': '41'}
Pandas(Index=0, project_id='3130', plot_id='12141', x=503430, y=2265330)
called process_plot
Pandas(Index=0, project_id='3130', plot_id='12141', x=503430, y=2265330)
12141
Directory '/efs/timesync/1984/audit/' already exists.
Data has been pickled and saved to '/efs/timesync/1984/audit/1984_12141_3130.p'.
........................................................Failed qa: 1984-04-29T16:01:49.5330500Z
Failed qa: 1984-04-29T16:02:01.377050Z
..........................................Failed qa: 1984-06-07T16:09:26.8710440Z
..............Failed qa: 1984-06-16T16:02:37.4480310Z
Failed qa: 1984-06-16T16:03:25.2510940Z
........................................................Failed qa: 1984-09-04T16:04:34.472044Z
Failed qa: 1984-09-04T16:04:58.302538Z
..............Failed qa: 1984-09-18T16:16:58.278028Z
Failed qa: 1984-09-18T16:17:22.180022Z
Failed qa: 1984-10-04T16:16:58.138060Z
Failed qa: 1984-10-04T16:17:22.040063Z
Failed qa: 1984-10-06T16:04:36.336547Z
Failed qa: 1984-10-06T16:05:00.167063Z
Failed qa: 1984-10-20T16:16:54.820069Z
Failed qa: 1984-10-20T16:17:18.722540Z
Failed qa: 1984-10-22T16:04:32.566559Z
Failed qa: 1984-10-22T16:04:56.397547Z
..............Failed qa: 1984-11-05T16:16:36.1640750Z
Failed qa: 1984-11-05T16:17:23.9690940Z
Failed qa: 1984-11-07T16:04:13.4760560Z
Failed qa: 1984-11-07T16:05:01.1380810Z
..............Failed qa: 1984-11-23T16:04:23.128519Z
Failed qa: 1984-11-23T16:04:47.031051Z
Data has been pickled and saved to '/efs/timesync/1984/audit/1984_12141_3130_qa_rejects.p'.
Success tracking goes here
