{'project_id': '3130', 'year': '1984', 'x': 1636980, 'y': 1396800, 'plot_id': '21946', 'strata': '41'}
Pandas(Index=0, project_id='3130', plot_id='21946', x=1636980, y=1396800)
called process_plot
Pandas(Index=0, project_id='3130', plot_id='21946', x=1636980, y=1396800)
21946
Directory '/efs/timesync/1984/audit/' already exists.
Data has been pickled and saved to '/efs/timesync/1984/audit/1984_21946_3130.p'.
..............Failed qa: 1984-04-12T15:20:47.719522Z
Failed qa: 1984-04-14T15:08:38.2040250Z
..............Failed qa: 1984-05-14T15:21:12.575057Z
............................Failed qa: 1984-06-15T15:21:55.980581Z
Failed qa: 1984-06-17T15:09:48.2050690Z
..............Failed qa: 1984-07-01T15:22:08.151556Z
Failed qa: 1984-07-03T15:09:59.7040440Z
..............Failed qa: 1984-08-18T15:23:29.741050Z
Failed qa: 1984-08-20T15:11:23.6360500Z
..............Failed qa: 1984-09-03T15:23:41.636031Z
Failed qa: 1984-09-05T15:11:32.4860630Z
Failed qa: 1984-09-19T15:23:44.203034Z
Failed qa: 1984-09-21T15:11:34.7420060Z
Failed qa: 1984-10-05T15:23:43.910047Z
Failed qa: 1984-10-07T15:11:33.9490690Z
Failed qa: 1984-10-21T15:23:40.351557Z
Failed qa: 1984-11-06T15:23:33.493019Z
Failed qa: 1984-11-08T15:11:22.6260500Z
Failed qa: 1984-11-22T15:23:30.418035Z
Failed qa: 1984-11-24T15:11:21.1040190Z
..............Data has been pickled and saved to '/efs/timesync/1984/audit/1984_21946_3130_qa_rejects.p'.
Success tracking goes here
