{'project_id': '3130', 'year': '1984', 'x': 299250, 'y': 2769150, 'plot_id': '3991', 'strata': '41'}
Pandas(Index=0, project_id='3130', plot_id='3991', x=299250, y=2769150)
called process_plot
Pandas(Index=0, project_id='3130', plot_id='3991', x=299250, y=2769150)
3991
Directory '/efs/timesync/1984/audit/' already exists.
Data has been pickled and saved to '/efs/timesync/1984/audit/1984_3991_3130.p'.
..............Failed qa: 1984-04-11T16:12:50.159057Z
Failed qa: 1984-04-18T16:19:01.256559Z
.......Failed qa: 1984-04-27T16:13:00.5460130Z
Failed qa: 1984-05-02T16:31:11.3110630Z
Failed qa: 1984-05-04T16:19:05.848547Z
Failed qa: 1984-05-13T16:13:01.4090310Z
Failed qa: 1984-05-18T16:31:43.0870690Z
Failed qa: 1984-05-20T16:19:48.7820130Z
.......Failed qa: 1984-05-29T16:13:39.376534Z
.......Failed qa: 1984-06-14T16:13:57.595535Z
..............Failed qa: 1984-06-30T16:14:10.199041Z
..............Failed qa: 1984-07-16T16:14:25.076056Z
..............Failed qa: 1984-08-01T16:14:59.327060Z
..............Failed qa: 1984-08-17T16:15:18.6700940Z
Failed qa: 1984-08-24T16:21:39.7050190Z
.......Failed qa: 1984-09-02T16:15:32.0190940Z
.......Failed qa: 1984-09-18T16:15:46.786522Z
.......Failed qa: 1984-10-04T16:15:58.4900690Z
Failed qa: 1984-10-11T16:21:44.3420440Z
Failed qa: 1984-10-20T16:15:55.1720250Z
.......Failed qa: 1984-11-10T16:33:54.1320250Z
Failed qa: 1984-11-12T16:21:43.290003Z
.......Failed qa: 1984-11-21T16:15:32.840050Z
Data has been pickled and saved to '/efs/timesync/1984/audit/1984_3991_3130_qa_rejects.p'.
Success tracking goes here
