{'project_id': '3130', 'year': '1984', 'x': -1667040, 'y': 2603670, 'plot_id': '14961', 'strata': '41'}
Pandas(Index=0, project_id='3130', plot_id='14961', x=-1667040, y=2603670)
called process_plot
Pandas(Index=0, project_id='3130', plot_id='14961', x=-1667040, y=2603670)
14961
Directory '/efs/timesync/1984/audit/' already exists.
Data has been pickled and saved to '/efs/timesync/1984/audit/1984_14961_3130.p'.
Failed qa: 1984-04-16T18:11:03.832582Z
Failed qa: 1984-04-18T17:58:30.2180690Z
Failed qa: 1984-04-18T17:58:30.2180690Z
Failed qa: 1984-04-25T18:04:39.7180190Z
Failed qa: 1984-04-25T18:04:39.7180190Z
Failed qa: 1984-04-27T17:52:29.346572Z
Failed qa: 1984-05-02T18:11:04.256540Z
Failed qa: 1984-05-13T17:52:54.252528Z
Failed qa: 1984-05-18T18:11:35.911041Z
............................Failed qa: 1984-05-29T17:53:20.300566Z
Failed qa: 1984-06-03T18:11:59.084560Z
............................Failed qa: 1984-06-14T17:53:38.513550Z
Failed qa: 1984-06-19T18:12:03.5100250Z
............................Failed qa: 1984-06-30T17:53:51.000016Z
Failed qa: 1984-07-05T18:12:26.277560Z
..............Failed qa: 1984-07-14T18:06:11.3420500Z
Failed qa: 1984-07-14T18:06:11.3420500Z
Failed qa: 1984-07-16T17:53:54.1610880Z
..........................................Failed qa: 1984-09-23T18:13:48.4180310Z
Failed qa: 1984-10-02T18:07:37.1940880Z
Failed qa: 1984-10-02T18:07:37.1940880Z
............................Data has been pickled and saved to '/efs/timesync/1984/audit/1984_14961_3130_qa_rejects.p'.
Success tracking goes here
