{'project_id': '3130', 'year': '1984', 'x': -1817280, 'y': 2088990, 'plot_id': '7601', 'strata': '41'}
Pandas(Index=0, project_id='3130', plot_id='7601', x=-1817280, y=2088990)
called process_plot
Pandas(Index=0, project_id='3130', plot_id='7601', x=-1817280, y=2088990)
7601
Directory '/efs/timesync/1984/audit/' already exists.
Data has been pickled and saved to '/efs/timesync/1984/audit/1984_7601_3130.p'.
Failed qa: 1984-03-23T17:48:14.7550190Z
Failed qa: 1984-04-25T18:06:27.313044Z
............................Failed qa: 1984-05-06T17:48:05.064537Z
Failed qa: 1984-05-11T18:06:35.7600880Z
Failed qa: 1984-05-13T17:54:41.9180940Z
Failed qa: 1984-05-13T17:54:41.9180940Z
..............Failed qa: 1984-05-22T17:48:46.9600380Z
Failed qa: 1984-05-27T18:07:14.831037Z
..............Failed qa: 1984-06-07T17:48:56.095572Z
Failed qa: 1984-06-12T18:07:21.8280500Z
Failed qa: 1984-06-14T17:55:26.1790130Z
Failed qa: 1984-06-14T17:55:26.1790130Z
..............Failed qa: 1984-06-23T17:49:11.041591Z
Failed qa: 1984-06-28T18:07:46.922522Z
............................Failed qa: 1984-07-09T17:49:20.687566Z
Failed qa: 1984-07-14T18:07:46.9490060Z
Failed qa: 1984-07-16T17:55:53.7410810Z
Failed qa: 1984-07-16T17:55:53.7410810Z
............................Failed qa: 1984-08-26T17:50:59.3050380Z
Failed qa: 1984-09-16T18:09:24.577568Z
Failed qa: 1984-10-02T18:09:24.789537Z
..............Failed qa: 1984-10-13T17:50:50.723031Z
Failed qa: 1984-10-18T18:09:21.921541Z
Failed qa: 1984-11-12T18:03:11.6060130Z
Failed qa: 1984-11-12T18:03:11.6060130Z
Failed qa: 1984-11-19T18:08:58.3690940Z
............................Failed qa: 1984-11-30T17:50:40.346035Z
Data has been pickled and saved to '/efs/timesync/1984/audit/1984_7601_3130_qa_rejects.p'.
Success tracking goes here
