{'project_id': '3130', 'year': '1984', 'x': -1820460, 'y': 1849680, 'plot_id': '10076', 'strata': '41'}
Pandas(Index=0, project_id='3130', plot_id='10076', x=-1820460, y=1849680)
called process_plot
Pandas(Index=0, project_id='3130', plot_id='10076', x=-1820460, y=1849680)
10076
Directory '/efs/timesync/1984/audit/' already exists.
Data has been pickled and saved to '/efs/timesync/1984/audit/1984_10076_3130.p'.
.......Failed qa: 1984-04-18T18:00:53.3450440Z
.......Failed qa: 1984-05-04T18:00:34.4730130Z
.......Failed qa: 1984-05-20T18:01:17.093063Z
Failed qa: 1984-05-22T17:49:10.6480250Z
.......Failed qa: 1984-06-05T18:01:39.248082Z
Failed qa: 1984-06-07T17:49:31.7700500Z
.......Failed qa: 1984-06-21T18:01:54.909019Z
Failed qa: 1984-06-23T17:49:46.7160630Z
.......Failed qa: 1984-07-07T18:02:05.196047Z
.......Failed qa: 1984-07-23T18:02:19.7930810Z
Failed qa: 1984-08-08T18:03:04.631069Z
..............Failed qa: 1984-10-13T17:51:26.3980000Z
Failed qa: 1984-10-27T18:03:43.5540500Z
Failed qa: 1984-11-12T18:03:11.6060130Z
Failed qa: 1984-11-28T18:03:25.042550Z
Data has been pickled and saved to '/efs/timesync/1984/audit/1984_10076_3130_qa_rejects.p'.
Success tracking goes here
