{'project_id': '3130', 'year': '1984', 'x': -1076790, 'y': 2099580, 'plot_id': '10551', 'strata': '41'}
Pandas(Index=0, project_id='3130', plot_id='10551', x=-1076790, y=2099580)
called process_plot
Pandas(Index=0, project_id='3130', plot_id='10551', x=-1076790, y=2099580)
10551
Directory '/efs/timesync/1984/audit/' already exists.
Data has been pickled and saved to '/efs/timesync/1984/audit/1984_10551_3130.p'.
.......Failed qa: 1984-04-06T17:34:57.0700940Z
Failed qa: 1984-04-15T17:29:11.7570190Z
.......Failed qa: 1984-05-08T17:35:23.585069Z
.......Failed qa: 1984-05-26T17:23:45.7460380Z
Failed qa: 1984-06-02T17:29:53.851075Z
Failed qa: 1984-06-09T17:36:00.6420380Z
.......Failed qa: 1984-06-18T17:30:10.553560Z
Failed qa: 1984-06-25T17:36:14.8180380Z
.......Failed qa: 1984-07-04T17:30:21.743506Z
Failed qa: 1984-07-20T17:30:43.236528Z
.......Failed qa: 1984-08-05T17:31:16.778560Z
.......Failed qa: 1984-09-08T17:19:44.9860750Z
.......Failed qa: 1984-09-22T17:31:56.217531Z
Failed qa: 1984-10-24T17:32:03.0260060Z
.......Failed qa: 1984-11-09T17:31:55.5020130Z
.......Data has been pickled and saved to '/efs/timesync/1984/audit/1984_10551_3130_qa_rejects.p'.
Success tracking goes here
