{'project_id': '3130', 'year': '1984', 'x': 863730, 'y': 2310840, 'plot_id': '9401', 'strata': '41'}
Pandas(Index=0, project_id='3130', plot_id='9401', x=863730, y=2310840)
called process_plot
Pandas(Index=0, project_id='3130', plot_id='9401', x=863730, y=2310840)
9401
Directory '/efs/timesync/1984/audit/' already exists.
Data has been pickled and saved to '/efs/timesync/1984/audit/1984_9401_3130.p'.
..............Failed qa: 1984-04-29T16:01:37.475047Z
..............Failed qa: 1984-06-02T15:50:00.9050310Z
Failed qa: 1984-06-16T16:02:37.4480310Z
..............Failed qa: 1984-07-20T15:50:50.1080190Z
Failed qa: 1984-08-05T15:51:23.6230630Z
.......Failed qa: 1984-09-04T16:04:34.472044Z
.....................Failed qa: 1984-09-29T15:58:14.0570810Z
Failed qa: 1984-10-06T16:04:36.336547Z
Failed qa: 1984-10-15T15:58:11.7890310Z
Failed qa: 1984-10-22T16:04:32.566559Z
..............Failed qa: 1984-11-07T16:04:13.4760560Z
Failed qa: 1984-11-09T15:51:50.6400810Z
Failed qa: 1984-11-23T16:04:23.128519Z
.......Data has been pickled and saved to '/efs/timesync/1984/audit/1984_9401_3130_qa_rejects.p'.
Success tracking goes here
