{'project_id': '3130', 'year': '1984', 'x': -277620, 'y': 2687310, 'plot_id': '14406', 'strata': '41'}
Pandas(Index=0, project_id='3130', plot_id='14406', x=-277620, y=2687310)
called process_plot
Pandas(Index=0, project_id='3130', plot_id='14406', x=-277620, y=2687310)
14406
Directory '/efs/timesync/1984/audit/' already exists.
Data has been pickled and saved to '/efs/timesync/1984/audit/1984_14406_3130.p'.
Failed qa: 1984-04-14T16:44:08.506032Z
.....................Failed qa: 1984-05-16T16:44:36.923572Z
.......Failed qa: 1984-06-01T16:44:49.4100440Z
Failed qa: 1984-06-08T16:51:32.2100190Z
.......Failed qa: 1984-06-17T16:45:18.424025Z
..............Failed qa: 1984-07-03T16:45:29.938554Z
Failed qa: 1984-07-10T16:51:56.1910690Z
.......Failed qa: 1984-07-19T16:45:49.790528Z
..............Failed qa: 1984-08-04T16:46:35.2670810Z
............................Failed qa: 1984-09-05T16:47:02.723550Z
Failed qa: 1984-09-12T16:53:26.8080060Z
.......Failed qa: 1984-09-21T16:47:04.950541Z
.....................Failed qa: 1984-10-23T16:46:48.3250250Z
..............Failed qa: 1984-11-08T16:46:52.832569Z
.......Failed qa: 1984-11-24T16:46:51.308550Z
Data has been pickled and saved to '/efs/timesync/1984/audit/1984_14406_3130_qa_rejects.p'.
Success tracking goes here
