{'project_id': '3130', 'year': '1984', 'x': 1532490, 'y': 2413920, 'plot_id': '6746', 'strata': '41'}
Pandas(Index=0, project_id='3130', plot_id='6746', x=1532490, y=2413920)
called process_plot
Pandas(Index=0, project_id='3130', plot_id='6746', x=1532490, y=2413920)
6746
Directory '/efs/timesync/1984/audit/' already exists.
Data has been pickled and saved to '/efs/timesync/1984/audit/1984_6746_3130.p'.
Failed qa: 1984-03-24T15:10:06.004510Z
Failed qa: 1984-03-24T15:10:29.906025Z
..............Failed qa: 1984-04-28T15:18:10.1510190Z
Failed qa: 1984-05-05T15:24:30.0850630Z
Failed qa: 1984-05-07T15:12:24.646047Z
Failed qa: 1984-05-07T15:12:48.548519Z
..............Failed qa: 1984-05-21T15:25:12.549556Z
Failed qa: 1984-05-21T15:25:36.451563Z
Failed qa: 1984-05-23T15:13:29.9070250Z
Failed qa: 1984-06-06T15:25:34.243541Z
Failed qa: 1984-06-06T15:25:58.074038Z
Failed qa: 1984-06-08T15:13:14.760537Z
Failed qa: 1984-06-08T15:13:38.662062Z
..............Failed qa: 1984-06-22T15:25:49.503022Z
Failed qa: 1984-06-22T15:26:13.404547Z
Failed qa: 1984-06-24T15:13:41.3770130Z
Failed qa: 1984-06-24T15:13:41.3770130Z
..............Failed qa: 1984-07-08T15:25:59.589519Z
Failed qa: 1984-07-08T15:26:23.419557Z
Failed qa: 1984-07-10T15:13:38.880544Z
Failed qa: 1984-07-10T15:14:02.782076Z
Failed qa: 1984-07-17T15:19:49.3170060Z
Failed qa: 1984-07-24T15:26:27.451072Z
Failed qa: 1984-07-24T15:26:39.5090630Z
Failed qa: 1984-07-26T15:13:58.1030500Z
Failed qa: 1984-08-11T15:14:30.3840880Z
..............Failed qa: 1984-08-25T15:27:38.2630250Z
Failed qa: 1984-08-27T15:15:05.318057Z
Failed qa: 1984-08-27T15:15:29.220028Z
Failed qa: 1984-09-03T15:21:06.3100250Z
Failed qa: 1984-09-12T15:14:57.4410060Z
..............Failed qa: 1984-09-26T15:27:32.107010Z
Failed qa: 1984-09-26T15:27:44.1650130Z
Failed qa: 1984-09-28T15:15:10.350519Z
Failed qa: 1984-09-28T15:15:34.252519Z
..............Failed qa: 1984-10-12T15:27:30.338563Z
Failed qa: 1984-10-12T15:27:42.3250880Z
Failed qa: 1984-10-14T15:15:08.212550Z
Failed qa: 1984-10-14T15:15:32.115006Z
Failed qa: 1984-10-28T15:27:25.184062Z
Failed qa: 1984-10-28T15:27:49.086541Z
Failed qa: 1984-10-30T15:14:50.5850500Z
Failed qa: 1984-11-13T15:27:16.917532Z
Failed qa: 1984-11-13T15:27:28.9760190Z
..............Failed qa: 1984-12-01T15:15:34.6620750Z
Data has been pickled and saved to '/efs/timesync/1984/audit/1984_6746_3130_qa_rejects.p'.
Success tracking goes here
