{'project_id': '3130', 'year': '1984', 'x': -2114580, 'y': 1863690, 'plot_id': '7431', 'strata': '41'}
Pandas(Index=0, project_id='3130', plot_id='7431', x=-2114580, y=1863690)
called process_plot
Pandas(Index=0, project_id='3130', plot_id='7431', x=-2114580, y=1863690)
7431
Directory '/efs/timesync/1984/audit/' already exists.
Data has been pickled and saved to '/efs/timesync/1984/audit/1984_7431_3130.p'.
Failed qa: 1984-04-18T18:01:05.331566Z
..............Failed qa: 1984-05-02T18:13:15.682522Z
Failed qa: 1984-05-04T18:00:58.303535Z
..............Failed qa: 1984-05-18T18:13:59.181031Z
Failed qa: 1984-05-20T18:01:28.9370630Z
Failed qa: 1984-05-20T18:01:17.093063Z
..............Failed qa: 1984-05-29T17:55:31.6540440Z
Failed qa: 1984-06-03T18:14:10.580519Z
Failed qa: 1984-06-05T18:02:03.078579Z
Failed qa: 1984-06-05T18:01:51.234591Z
..............Failed qa: 1984-06-14T17:55:49.8660880Z
Failed qa: 1984-06-19T18:14:03.0900190Z
Failed qa: 1984-06-21T18:02:06.7530000Z
Failed qa: 1984-06-21T18:01:54.909019Z
Failed qa: 1984-06-28T18:08:22.739057Z
Failed qa: 1984-06-28T18:07:58.9090250Z
Failed qa: 1984-06-30T17:56:02.3520060Z
Failed qa: 1984-07-05T18:14:37.772534Z
Failed qa: 1984-07-07T18:02:29.026528Z
Failed qa: 1984-07-07T18:02:05.196047Z
..............Failed qa: 1984-07-16T17:56:17.4290500Z
Failed qa: 1984-07-23T18:02:19.7930810Z
Failed qa: 1984-08-06T18:15:34.214013Z
Failed qa: 1984-08-08T18:03:16.4750500Z
Failed qa: 1984-08-08T18:03:04.631069Z
Failed qa: 1984-09-07T18:15:57.947050Z
Failed qa: 1984-09-16T18:10:00.394581Z
Failed qa: 1984-09-16T18:09:36.5640810Z
Failed qa: 1984-09-23T18:16:11.758037Z
Failed qa: 1984-10-02T18:10:00.607028Z
Failed qa: 1984-10-02T18:09:36.7760560Z
Failed qa: 1984-10-04T17:57:38.7150940Z
..............Failed qa: 1984-10-25T18:15:54.111003Z
Failed qa: 1984-10-27T18:03:55.469538Z
Failed qa: 1984-10-27T18:03:55.469538Z
Failed qa: 1984-11-12T18:03:11.6060130Z
..............Failed qa: 1984-11-28T18:03:25.042550Z
Data has been pickled and saved to '/efs/timesync/1984/audit/1984_7431_3130_qa_rejects.p'.
Success tracking goes here
