{'project_id': '3130', 'year': '1984', 'x': -1165950, 'y': 1186500, 'plot_id': '20651', 'strata': '41'}
Pandas(Index=0, project_id='3130', plot_id='20651', x=-1165950, y=1186500)
called process_plot
Pandas(Index=0, project_id='3130', plot_id='20651', x=-1165950, y=1186500)
20651
Directory '/efs/timesync/1984/audit/' already exists.
Data has been pickled and saved to '/efs/timesync/1984/audit/1984_20651_3130.p'.
Failed qa: 1984-03-22T17:10:05.3990190Z
.......Failed qa: 1984-05-03T17:19:15.8470250Z
Failed qa: 1984-05-05T17:06:34.6440310Z
.......Failed qa: 1984-05-21T17:07:04.9760500Z
..............Failed qa: 1984-06-06T17:07:38.450547Z
..............Failed qa: 1984-06-22T17:07:53.769060Z
.......Failed qa: 1984-07-08T17:08:03.784550Z
Failed qa: 1984-09-26T17:09:48.1470000Z
Failed qa: 1984-11-04T17:15:49.0130560Z
Failed qa: 1984-11-13T17:09:21.055522Z
Failed qa: 1984-11-20T17:15:44.5500880Z
.......Data has been pickled and saved to '/efs/timesync/1984/audit/1984_20651_3130_qa_rejects.p'.
Success tracking goes here
