{'project_id': '3130', 'year': '1984', 'x': 925200, 'y': 1859730, 'plot_id': '21226', 'strata': '41'}
Pandas(Index=0, project_id='3130', plot_id='21226', x=925200, y=1859730)
called process_plot
Pandas(Index=0, project_id='3130', plot_id='21226', x=925200, y=1859730)
21226
Directory '/efs/timesync/1984/audit/' already exists.
Data has been pickled and saved to '/efs/timesync/1984/audit/1984_21226_3130.p'.
.......Failed qa: 1984-04-08T15:44:06.8290060Z
.......Failed qa: 1984-05-19T15:38:42.555547Z
Failed qa: 1984-05-26T15:44:52.4970630Z
Failed qa: 1984-06-04T15:39:05.314535Z
..............Failed qa: 1984-06-20T15:39:21.285587Z
.......Failed qa: 1984-07-06T15:39:31.971541Z
.....................Failed qa: 1984-09-08T15:41:03.773554Z
.......Failed qa: 1984-09-24T15:40:53.4450880Z
.......Failed qa: 1984-10-10T15:41:04.047060Z
Failed qa: 1984-10-17T15:47:01.3510190Z
.......Failed qa: 1984-10-26T15:40:59.416034Z
.......Failed qa: 1984-11-27T15:40:52.244066Z
Data has been pickled and saved to '/efs/timesync/1984/audit/1984_21226_3130_qa_rejects.p'.
Success tracking goes here
