{'project_id': '3130', 'year': '1984', 'x': 254520, 'y': 2713290, 'plot_id': '19171', 'strata': '41'}
Pandas(Index=0, project_id='3130', plot_id='19171', x=254520, y=2713290)
called process_plot
Pandas(Index=0, project_id='3130', plot_id='19171', x=254520, y=2713290)
19171
Directory '/efs/timesync/1984/audit/' already exists.
Data has been pickled and saved to '/efs/timesync/1984/audit/1984_19171_3130.p'.
..............Failed qa: 1984-04-07T16:37:32.573522Z
..............Failed qa: 1984-04-16T16:31:23.016063Z
Failed qa: 1984-04-16T16:31:46.846578Z
Failed qa: 1984-04-18T16:19:25.087522Z
Failed qa: 1984-04-23T16:37:33.013559Z
..............Failed qa: 1984-05-02T16:31:11.3110630Z
Failed qa: 1984-05-04T16:19:29.750557Z
Failed qa: 1984-05-09T16:37:48.734044Z
Failed qa: 1984-05-18T16:31:55.002550Z
Failed qa: 1984-05-18T16:32:18.833063Z
Failed qa: 1984-05-20T16:20:00.626009Z
..............Failed qa: 1984-06-03T16:32:18.233550Z
Failed qa: 1984-06-03T16:32:42.064047Z
Failed qa: 1984-06-05T16:20:10.9380810Z
Failed qa: 1984-06-10T16:38:36.873056Z
Failed qa: 1984-06-12T16:26:53.0240440Z
Failed qa: 1984-06-19T16:32:22.6500630Z
Failed qa: 1984-06-19T16:33:10.4540060Z
Failed qa: 1984-06-21T16:20:38.495562Z
..............Failed qa: 1984-07-05T16:32:45.530531Z
Failed qa: 1984-07-05T16:33:09.361016Z
Failed qa: 1984-07-07T16:20:48.719043Z
..............Failed qa: 1984-07-21T16:32:56.6460690Z
Failed qa: 1984-07-23T16:21:03.1850560Z
Failed qa: 1984-07-23T16:21:03.1850560Z
..............Failed qa: 1984-08-06T16:33:41.933022Z
Failed qa: 1984-08-06T16:33:53.8480380Z
Failed qa: 1984-08-08T16:21:36.1570060Z
Failed qa: 1984-08-08T16:21:48.072018Z
Failed qa: 1984-08-13T16:40:06.343547Z
..............Failed qa: 1984-08-29T16:40:14.0160690Z
..............Failed qa: 1984-09-14T16:40:41.5780560Z
..............Failed qa: 1984-09-30T16:40:42.1110750Z
..............Failed qa: 1984-10-09T16:34:06.4550750Z
Failed qa: 1984-10-09T16:34:54.1170130Z
Failed qa: 1984-11-01T16:40:21.678591Z
..............Failed qa: 1984-11-10T16:34:06.047535Z
Failed qa: 1984-11-10T16:34:17.9630440Z
Failed qa: 1984-11-12T16:22:07.192510Z
..............Data has been pickled and saved to '/efs/timesync/1984/audit/1984_19171_3130_qa_rejects.p'.
Success tracking goes here
