{'project_id': '3130', 'year': '1984', 'x': -500670, 'y': 1830180, 'plot_id': '22971', 'strata': '41'}
Pandas(Index=0, project_id='3130', plot_id='22971', x=-500670, y=1830180)
called process_plot
Pandas(Index=0, project_id='3130', plot_id='22971', x=-500670, y=1830180)
22971
Directory '/efs/timesync/1984/audit/' already exists.
Data has been pickled and saved to '/efs/timesync/1984/audit/1984_22971_3130.p'.
Failed qa: 1984-04-12T16:58:17.3930630Z
Failed qa: 1984-05-05T17:04:35.2040940Z
Failed qa: 1984-05-07T16:52:17.6760130Z
Failed qa: 1984-05-14T16:58:42.3160380Z
Failed qa: 1984-05-21T17:05:05.5370810Z
Failed qa: 1984-05-23T16:52:47.1050250Z
Failed qa: 1984-06-06T17:05:27.2400690Z
.......Failed qa: 1984-06-15T16:59:37.713544Z
Failed qa: 1984-06-22T17:05:42.4170440Z
Failed qa: 1984-07-01T16:59:49.891559Z
Failed qa: 1984-07-08T17:05:52.5750560Z
.......Failed qa: 1984-07-17T17:00:06.445553Z
Failed qa: 1984-07-24T17:06:20.5100750Z
Failed qa: 1984-08-18T17:01:11.544525Z
Failed qa: 1984-08-25T17:07:19.1240190Z
.......Failed qa: 1984-09-03T17:01:23.342025Z
Failed qa: 1984-09-10T17:07:23.6480130Z
.......Failed qa: 1984-09-19T17:01:25.908553Z
Failed qa: 1984-09-26T17:07:25.0200690Z
Failed qa: 1984-09-28T16:55:03.3630130Z
Failed qa: 1984-10-05T17:01:37.4580250Z
Failed qa: 1984-11-06T17:01:27.0440560Z
Failed qa: 1984-11-13T17:07:09.7680750Z
Failed qa: 1984-11-22T17:01:00.2070000Z
.......Data has been pickled and saved to '/efs/timesync/1984/audit/1984_22971_3130_qa_rejects.p'.
Success tracking goes here
