{'project_id': '3130', 'year': '1984', 'x': 1216560, 'y': 2128890, 'plot_id': '1731', 'strata': '41'}
Pandas(Index=0, project_id='3130', plot_id='1731', x=1216560, y=2128890)
called process_plot
Pandas(Index=0, project_id='3130', plot_id='1731', x=1216560, y=2128890)
1731
Directory '/efs/timesync/1984/audit/' already exists.
Data has been pickled and saved to '/efs/timesync/1984/audit/1984_1731_3130.p'.
..............Failed qa: 1984-04-26T15:30:56.7930500Z
Failed qa: 1984-05-03T15:37:11.6000810Z
..............Failed qa: 1984-05-21T15:26:00.353572Z
.......Failed qa: 1984-06-06T15:26:21.976015Z
..............Failed qa: 1984-06-22T15:26:37.235041Z
..............Failed qa: 1984-07-08T15:26:47.321076Z
............................Failed qa: 1984-08-16T15:33:36.5100130Z
Failed qa: 1984-08-25T15:28:13.937044Z
.......Failed qa: 1984-09-08T15:40:15.970040Z
..............Failed qa: 1984-09-26T15:28:19.839519Z
..............Failed qa: 1984-10-12T15:28:30.1310060Z
.......Failed qa: 1984-10-28T15:28:12.917528Z
..............Data has been pickled and saved to '/efs/timesync/1984/audit/1984_1731_3130_qa_rejects.p'.
Success tracking goes here
