{'project_id': '3130', 'year': '1984', 'x': -1363890, 'y': 1257150, 'plot_id': '4521', 'strata': '41'}
Pandas(Index=0, project_id='3130', plot_id='4521', x=-1363890, y=1257150)
called process_plot
Pandas(Index=0, project_id='3130', plot_id='4521', x=-1363890, y=1257150)
4521
Directory '/efs/timesync/1984/audit/' already exists.
Data has been pickled and saved to '/efs/timesync/1984/audit/1984_4521_3130.p'.
..............Failed qa: 1984-04-17T17:18:37.537031Z
Failed qa: 1984-05-03T17:18:28.0430000Z
............................Failed qa: 1984-06-02T17:31:53.289522Z
Failed qa: 1984-06-04T17:19:45.8880810Z
..............Failed qa: 1984-06-18T17:32:09.991506Z
Failed qa: 1984-06-20T17:19:50.018535Z
..............Failed qa: 1984-07-06T17:20:00.595053Z
Failed qa: 1984-07-13T17:26:04.2590000Z
Failed qa: 1984-07-13T17:26:04.2590000Z
Failed qa: 1984-07-20T17:32:42.673553Z
Failed qa: 1984-07-29T17:26:39.1500190Z
Failed qa: 1984-07-29T17:26:39.1500190Z
Failed qa: 1984-08-05T17:33:04.2290690Z
..............Failed qa: 1984-09-15T17:27:32.3600880Z
Failed qa: 1984-09-15T17:27:32.3600880Z
Failed qa: 1984-09-22T17:33:55.656031Z
..............Failed qa: 1984-10-24T17:33:50.478538Z
............................Failed qa: 1984-11-27T17:21:20.867075Z
Data has been pickled and saved to '/efs/timesync/1984/audit/1984_4521_3130_qa_rejects.p'.
Success tracking goes here
