{'project_id': '3130', 'year': '1984', 'x': -707370, 'y': 1545660, 'plot_id': '10506', 'strata': '41'}
Pandas(Index=0, project_id='3130', plot_id='10506', x=-707370, y=1545660)
called process_plot
Pandas(Index=0, project_id='3130', plot_id='10506', x=-707370, y=1545660)
10506
Directory '/efs/timesync/1984/audit/' already exists.
Data has been pickled and saved to '/efs/timesync/1984/audit/1984_10506_3130.p'.
Failed qa: 1984-05-05T17:05:34.853031Z
Failed qa: 1984-05-07T16:53:29.3110250Z
.......Failed qa: 1984-05-21T17:06:05.185529Z
Failed qa: 1984-05-23T16:53:46.752556Z
Failed qa: 1984-06-06T17:06:26.816538Z
Failed qa: 1984-06-08T16:54:19.3080500Z
.......Failed qa: 1984-06-22T17:06:42.064510Z
.......Failed qa: 1984-07-08T17:06:52.151029Z
Failed qa: 1984-07-10T16:54:31.445560Z
.......Failed qa: 1984-07-24T17:07:20.157554Z
Failed qa: 1984-08-25T17:08:18.770575Z
Failed qa: 1984-08-27T16:55:45.8910810Z
.......Failed qa: 1984-09-12T16:55:50.0760130Z
Failed qa: 1984-09-19T17:02:01.5120190Z
Failed qa: 1984-09-26T17:08:12.6810880Z
Failed qa: 1984-10-05T17:02:01.1460190Z
Failed qa: 1984-10-14T16:56:12.7030380Z
Failed qa: 1984-10-21T17:01:57.6590500Z
Failed qa: 1984-10-30T16:56:07.1960880Z
Failed qa: 1984-11-06T17:01:50.7330130Z
Failed qa: 1984-11-13T17:08:09.382547Z
.......Failed qa: 1984-12-01T16:55:51.443059Z
Data has been pickled and saved to '/efs/timesync/1984/audit/1984_10506_3130_qa_rejects.p'.
Success tracking goes here
