{'project_id': '3130', 'year': '1984', 'x': 969570, 'y': 2589480, 'plot_id': '22706', 'strata': '41'}
Pandas(Index=0, project_id='3130', plot_id='22706', x=969570, y=2589480)
called process_plot
Pandas(Index=0, project_id='3130', plot_id='22706', x=969570, y=2589480)
22706
Directory '/efs/timesync/1984/audit/' already exists.
Data has been pickled and saved to '/efs/timesync/1984/audit/1984_22706_3130.p'.
.......Failed qa: 1984-04-06T15:54:40.322028Z
Failed qa: 1984-04-08T15:42:55.0510690Z
Failed qa: 1984-04-15T15:48:19.1910500Z
Failed qa: 1984-04-22T15:54:41.329044Z
Failed qa: 1984-04-24T15:42:31.2360130Z
Failed qa: 1984-05-10T15:42:49.0620440Z
..............Failed qa: 1984-06-09T15:55:43.968025Z
.......Failed qa: 1984-06-25T15:55:58.211062Z
.......Failed qa: 1984-07-11T15:56:07.385066Z
..............Failed qa: 1984-07-27T15:56:40.271075Z
..............Failed qa: 1984-08-12T15:57:12.502037Z
..............Failed qa: 1984-08-28T15:57:33.781041Z
..............Failed qa: 1984-09-13T15:57:37.535569Z
.......Failed qa: 1984-09-29T15:57:38.311544Z
.......Failed qa: 1984-10-15T15:57:24.1270880Z
Failed qa: 1984-10-17T15:45:49.5730500Z
Failed qa: 1984-10-31T15:57:30.223572Z
..............Failed qa: 1984-11-18T15:45:25.660531Z
.......Data has been pickled and saved to '/efs/timesync/1984/audit/1984_22706_3130_qa_rejects.p'.
Success tracking goes here
