{'project_id': '3130', 'year': '1984', 'x': -1669140, 'y': 1729020, 'plot_id': '19361', 'strata': '41'}
Pandas(Index=0, project_id='3130', plot_id='19361', x=-1669140, y=1729020)
called process_plot
Pandas(Index=0, project_id='3130', plot_id='19361', x=-1669140, y=1729020)
19361
Directory '/efs/timesync/1984/audit/' already exists.
Data has been pickled and saved to '/efs/timesync/1984/audit/1984_19361_3130.p'.
Failed qa: 1984-03-23T17:49:14.187085Z
Failed qa: 1984-03-23T17:49:02.2720750Z
Failed qa: 1984-04-06T17:36:08.7050500Z
..............Failed qa: 1984-04-27T17:54:40.7010810Z
..............Failed qa: 1984-05-06T17:49:04.7130060Z
Failed qa: 1984-05-06T17:48:17.0510560Z
Failed qa: 1984-05-08T17:36:35.220057Z
Failed qa: 1984-05-13T17:55:05.6070000Z
Failed qa: 1984-05-15T17:43:11.6400440Z
Failed qa: 1984-05-15T17:43:11.6400440Z
..............Failed qa: 1984-05-29T17:55:31.6540440Z
............................Failed qa: 1984-06-09T17:37:24.262541Z
Failed qa: 1984-06-14T17:56:01.781560Z
..............Failed qa: 1984-06-25T17:37:38.509554Z
Failed qa: 1984-06-30T17:56:02.3520060Z
..............Failed qa: 1984-07-09T17:50:20.3350310Z
Failed qa: 1984-07-16T17:56:17.4290500Z
Failed qa: 1984-08-26T17:51:34.836528Z
Failed qa: 1984-08-26T17:51:22.8500250Z
Failed qa: 1984-09-20T17:45:41.3210000Z
Failed qa: 1984-09-20T17:45:17.490047Z
Failed qa: 1984-10-04T17:57:38.7150940Z
............................Failed qa: 1984-11-23T17:44:40.0250880Z
Failed qa: 1984-11-30T17:51:39.9960440Z
Failed qa: 1984-11-30T17:50:52.3330440Z
Data has been pickled and saved to '/efs/timesync/1984/audit/1984_19361_3130_qa_rejects.p'.
Success tracking goes here
