{'project_id': '3130', 'year': '1984', 'x': -1723740, 'y': 2324850, 'plot_id': '23701', 'strata': '41'}
Pandas(Index=0, project_id='3130', plot_id='23701', x=-1723740, y=2324850)
called process_plot
Pandas(Index=0, project_id='3130', plot_id='23701', x=-1723740, y=2324850)
23701
Directory '/efs/timesync/1984/audit/' already exists.
Data has been pickled and saved to '/efs/timesync/1984/audit/1984_23701_3130.p'.
Failed qa: 1984-04-25T18:05:39.509022Z
Failed qa: 1984-04-27T17:53:29.0660810Z
Failed qa: 1984-05-04T17:59:22.6950630Z
Failed qa: 1984-05-11T18:06:11.7870500Z
Failed qa: 1984-05-13T17:53:42.056534Z
.......Failed qa: 1984-05-27T18:06:15.1830690Z
Failed qa: 1984-05-29T17:54:08.104547Z
.......Failed qa: 1984-06-12T18:06:45.940022Z
Failed qa: 1984-06-14T17:54:26.317060Z
.......Failed qa: 1984-06-28T18:06:59.190079Z
Failed qa: 1984-06-30T17:54:38.803044Z
.......Failed qa: 1984-07-16T17:54:53.880056Z
..............Failed qa: 1984-09-16T18:08:36.774059Z
Failed qa: 1984-10-02T18:08:36.985066Z
Failed qa: 1984-10-18T18:08:34.045578Z
.......Failed qa: 1984-11-12T18:01:59.9690690Z
Failed qa: 1984-11-19T18:08:22.622543Z
Failed qa: 1984-11-21T17:56:01.386581Z
Data has been pickled and saved to '/efs/timesync/1984/audit/1984_23701_3130_qa_rejects.p'.
Success tracking goes here
