{'project_id': '3130', 'year': '1984', 'x': -570750, 'y': 2847750, 'plot_id': '21111', 'strata': '41'}
Pandas(Index=0, project_id='3130', plot_id='21111', x=-570750, y=2847750)
called process_plot
Pandas(Index=0, project_id='3130', plot_id='21111', x=-570750, y=2847750)
21111
Directory '/efs/timesync/1984/audit/' already exists.
Data has been pickled and saved to '/efs/timesync/1984/audit/1984_21111_3130.p'.
Failed qa: 1984-03-22T17:06:07.2410000Z
..............Failed qa: 1984-04-19T17:02:05.0590500Z
Failed qa: 1984-05-03T17:14:53.1380630Z
Failed qa: 1984-05-05T17:02:23.849569Z
..............Failed qa: 1984-05-21T17:02:42.2680500Z
............................Failed qa: 1984-06-22T17:03:31.136528Z
..............Failed qa: 1984-07-08T17:03:41.151563Z
..............Failed qa: 1984-07-24T17:03:57.2430130Z
.......Failed qa: 1984-08-25T17:05:07.771556Z
Failed qa: 1984-09-01T17:11:33.0640880Z
Failed qa: 1984-09-08T17:17:45.5490310Z
Failed qa: 1984-09-26T17:05:01.7510880Z
.......Failed qa: 1984-10-19T17:11:32.8290880Z
Failed qa: 1984-10-28T17:05:06.747532Z
Failed qa: 1984-11-04T17:11:26.3000130Z
Failed qa: 1984-11-13T17:04:58.410528Z
..............Data has been pickled and saved to '/efs/timesync/1984/audit/1984_21111_3130_qa_rejects.p'.
Success tracking goes here
