{'project_id': '3130', 'year': '1984', 'x': -1374630, 'y': 1994490, 'plot_id': '19756', 'strata': '41'}
Pandas(Index=0, project_id='3130', plot_id='19756', x=-1374630, y=1994490)
called process_plot
Pandas(Index=0, project_id='3130', plot_id='19756', x=-1374630, y=1994490)
19756
Directory '/efs/timesync/1984/audit/' already exists.
Data has been pickled and saved to '/efs/timesync/1984/audit/1984_19756_3130.p'.
Failed qa: 1984-03-23T17:48:14.7550190Z
.......Failed qa: 1984-04-13T17:41:33.236053Z
Failed qa: 1984-04-29T17:41:18.406575Z
Failed qa: 1984-05-06T17:47:41.091047Z
.......Failed qa: 1984-05-15T17:41:48.089553Z
Failed qa: 1984-05-31T17:42:24.994547Z
Failed qa: 1984-06-07T17:48:44.1090630Z
.......Failed qa: 1984-06-23T17:48:59.0550880Z
.......Failed qa: 1984-07-02T17:42:54.229547Z
Failed qa: 1984-07-09T17:49:08.7010630Z
Failed qa: 1984-09-20T17:44:29.686072Z
Failed qa: 1984-10-13T17:50:38.7360630Z
Failed qa: 1984-10-22T17:44:37.396060Z
Failed qa: 1984-11-23T17:44:16.051063Z
Failed qa: 1984-11-30T17:50:28.3590250Z
Data has been pickled and saved to '/efs/timesync/1984/audit/1984_19756_3130_qa_rejects.p'.
Success tracking goes here
