{'project_id': '3130', 'year': '1984', 'x': -1318500, 'y': 1514640, 'plot_id': '7051', 'strata': '41'}
Pandas(Index=0, project_id='3130', plot_id='7051', x=-1318500, y=1514640)
called process_plot
Pandas(Index=0, project_id='3130', plot_id='7051', x=-1318500, y=1514640)
7051
Directory '/efs/timesync/1984/audit/' already exists.
Data has been pickled and saved to '/efs/timesync/1984/audit/1984_7051_3130.p'.
..............Failed qa: 1984-04-17T17:18:25.5500560Z
..............Failed qa: 1984-05-03T17:18:04.2120380Z
Failed qa: 1984-05-03T17:18:16.127519Z
..............Failed qa: 1984-05-19T17:18:35.4700060Z
Failed qa: 1984-05-19T17:18:35.4700060Z
............................Failed qa: 1984-06-04T17:18:58.2270880Z
Failed qa: 1984-06-04T17:18:58.2270880Z
..............Failed qa: 1984-06-18T17:31:10.2010500Z
Failed qa: 1984-06-18T17:31:58.0050000Z
Failed qa: 1984-06-20T17:19:14.1300560Z
Failed qa: 1984-06-20T17:19:26.116560Z
............................Failed qa: 1984-07-06T17:19:24.7070250Z
Failed qa: 1984-07-06T17:19:36.693528Z
..............Failed qa: 1984-07-20T17:31:54.870510Z
Failed qa: 1984-07-20T17:32:18.772031Z
..............Failed qa: 1984-08-05T17:33:04.2290690Z
............................Failed qa: 1984-09-22T17:33:07.852035Z
Failed qa: 1984-09-22T17:33:31.754032Z
..............Failed qa: 1984-10-24T17:33:14.6610250Z
Failed qa: 1984-10-24T17:33:26.576519Z
............................Failed qa: 1984-11-27T17:20:44.9770630Z
Failed qa: 1984-11-27T17:20:56.964079Z
Data has been pickled and saved to '/efs/timesync/1984/audit/1984_7051_3130_qa_rejects.p'.
Success tracking goes here
