{'project_id': '3130', 'year': '1984', 'x': -310410, 'y': 1586370, 'plot_id': '21606', 'strata': '41'}
Pandas(Index=0, project_id='3130', plot_id='21606', x=-310410, y=1586370)
called process_plot
Pandas(Index=0, project_id='3130', plot_id='21606', x=-310410, y=1586370)
21606
Directory '/efs/timesync/1984/audit/' already exists.
Data has been pickled and saved to '/efs/timesync/1984/audit/1984_21606_3130.p'.
.......Failed qa: 1984-05-16T16:46:48.4210190Z
Failed qa: 1984-05-18T16:35:06.004525Z
..............Failed qa: 1984-06-03T16:35:41.2210000Z
..............Failed qa: 1984-06-19T16:35:45.565050Z
..............Failed qa: 1984-07-05T16:35:56.458079Z
.......Failed qa: 1984-08-04T16:48:46.690563Z
Failed qa: 1984-08-20T16:49:29.1990630Z
.......Failed qa: 1984-09-05T16:49:37.9070060Z
Failed qa: 1984-09-07T16:37:28.650572Z
Failed qa: 1984-09-21T16:49:28.290063Z
Failed qa: 1984-09-23T16:37:30.473575Z
Failed qa: 1984-10-07T16:49:27.501075Z
Failed qa: 1984-10-09T16:37:41.2170500Z
.....................Failed qa: 1984-11-10T16:37:17.054050Z
Failed qa: 1984-11-24T16:49:02.8100750Z
Data has been pickled and saved to '/efs/timesync/1984/audit/1984_21606_3130_qa_rejects.p'.
Success tracking goes here
