{'project_id': '3130', 'year': '1984', 'x': 358350, 'y': 2590440, 'plot_id': '16916', 'strata': '41'}
Pandas(Index=0, project_id='3130', plot_id='16916', x=358350, y=2590440)
called process_plot
Pandas(Index=0, project_id='3130', plot_id='16916', x=358350, y=2590440)
16916
Directory '/efs/timesync/1984/audit/' already exists.
Data has been pickled and saved to '/efs/timesync/1984/audit/1984_16916_3130.p'.
.......Failed qa: 1984-04-09T16:25:23.4440940Z
Failed qa: 1984-04-11T16:13:13.989569Z
.......Failed qa: 1984-04-25T16:25:34.745513Z
Failed qa: 1984-04-27T16:13:12.461051Z
.......Failed qa: 1984-05-13T16:13:49.0700750Z
.......Failed qa: 1984-05-27T16:26:22.248525Z
Failed qa: 1984-05-29T16:14:03.278525Z
Failed qa: 1984-06-05T16:20:10.9380810Z
Failed qa: 1984-06-12T16:26:53.0240440Z
Failed qa: 1984-06-14T16:14:21.497512Z
.......Failed qa: 1984-06-28T16:26:54.328079Z
Failed qa: 1984-06-30T16:14:34.029075Z
.......Failed qa: 1984-07-14T16:27:06.212075Z
Failed qa: 1984-07-16T16:14:48.906547Z
Failed qa: 1984-07-23T16:21:03.1850560Z
Failed qa: 1984-07-30T16:27:28.8080940Z
Failed qa: 1984-08-01T16:15:11.2420750Z
.......Failed qa: 1984-08-15T16:28:00.3510500Z
Failed qa: 1984-08-31T16:28:16.9400690Z
Failed qa: 1984-09-16T16:28:20.0980880Z
Failed qa: 1984-09-18T16:16:10.617025Z
Failed qa: 1984-10-02T16:28:20.3080940Z
Failed qa: 1984-10-04T16:16:10.405550Z
Failed qa: 1984-10-20T16:16:07.087515Z
Failed qa: 1984-11-03T16:28:22.942535Z
Failed qa: 1984-11-05T16:16:12.3330560Z
.......Failed qa: 1984-11-19T16:28:17.787537Z
Failed qa: 1984-11-21T16:15:56.671541Z
Data has been pickled and saved to '/efs/timesync/1984/audit/1984_16916_3130_qa_rejects.p'.
Success tracking goes here
