{'project_id': '3130', 'year': '1984', 'x': 1212750, 'y': 1108440, 'plot_id': '9956', 'strata': '41'}
Pandas(Index=0, project_id='3130', plot_id='9956', x=1212750, y=1108440)
called process_plot
Pandas(Index=0, project_id='3130', plot_id='9956', x=1212750, y=1108440)
9956
Directory '/efs/timesync/1984/audit/' already exists.
Data has been pickled and saved to '/efs/timesync/1984/audit/1984_9956_3130.p'.
Failed qa: 1984-03-27T15:34:52.8310880Z
Failed qa: 1984-04-19T15:27:46.449534Z
Failed qa: 1984-05-05T15:27:53.218509Z
Failed qa: 1984-05-12T15:34:06.2550440Z
Failed qa: 1984-05-21T15:28:23.552513Z
Failed qa: 1984-06-06T15:28:45.244063Z
..............Failed qa: 1984-07-08T15:29:10.589037Z
..............Failed qa: 1984-09-17T15:36:41.4770250Z
Failed qa: 1984-09-26T15:30:43.108575Z
.......Failed qa: 1984-10-12T15:30:41.343050Z
.......Failed qa: 1984-10-28T15:30:36.188053Z
Failed qa: 1984-11-13T15:30:27.925016Z
Failed qa: 1984-11-20T15:36:27.5150130Z
Data has been pickled and saved to '/efs/timesync/1984/audit/1984_9956_3130_qa_rejects.p'.
Success tracking goes here
