{'project_id': '3130', 'year': '1984', 'x': 331050, 'y': 2559540, 'plot_id': '21486', 'strata': '41'}
Pandas(Index=0, project_id='3130', plot_id='21486', x=331050, y=2559540)
called process_plot
Pandas(Index=0, project_id='3130', plot_id='21486', x=331050, y=2559540)
21486
Directory '/efs/timesync/1984/audit/' already exists.
Data has been pickled and saved to '/efs/timesync/1984/audit/1984_21486_3130.p'.
.......Failed qa: 1984-04-11T16:13:37.820534Z
.......Failed qa: 1984-04-25T16:25:46.6610000Z
Failed qa: 1984-04-27T16:13:36.220088Z
.......Failed qa: 1984-05-13T16:13:49.0700750Z
.......Failed qa: 1984-05-27T16:26:34.1640000Z
Failed qa: 1984-05-29T16:14:27.109032Z
Failed qa: 1984-06-12T16:27:04.939066Z
Failed qa: 1984-06-14T16:14:45.327557Z
.......Failed qa: 1984-06-28T16:27:18.158556Z
Failed qa: 1984-06-30T16:14:57.859562Z
.......Failed qa: 1984-07-14T16:27:18.1270940Z
Failed qa: 1984-07-16T16:15:12.737037Z
.......Failed qa: 1984-08-31T16:29:04.6010190Z
Failed qa: 1984-09-18T16:16:34.376040Z
Failed qa: 1984-10-04T16:16:34.236059Z
Failed qa: 1984-10-20T16:16:30.918047Z
Failed qa: 1984-11-03T16:28:46.773541Z
Failed qa: 1984-11-05T16:16:24.248566Z
.......Failed qa: 1984-11-19T16:28:41.618566Z
Failed qa: 1984-11-21T16:16:20.503035Z
Data has been pickled and saved to '/efs/timesync/1984/audit/1984_21486_3130_qa_rejects.p'.
Success tracking goes here
