{'project_id': '3130', 'year': '1984', 'x': -996210, 'y': 1818570, 'plot_id': '11421', 'strata': '41'}
Pandas(Index=0, project_id='3130', plot_id='11421', x=-996210, y=1818570)
called process_plot
Pandas(Index=0, project_id='3130', plot_id='11421', x=-996210, y=1818570)
11421
Directory '/efs/timesync/1984/audit/' already exists.
Data has been pickled and saved to '/efs/timesync/1984/audit/1984_11421_3130.p'.
Failed qa: 1984-03-15T17:23:39.127087Z
Failed qa: 1984-03-15T17:23:51.1820940Z
Failed qa: 1984-04-10T17:10:50.779572Z
Failed qa: 1984-04-10T17:11:02.7660880Z
............................Failed qa: 1984-05-10T17:23:29.977063Z
Failed qa: 1984-05-10T17:23:41.9640380Z
Failed qa: 1984-05-12T17:11:12.180547Z
Failed qa: 1984-05-12T17:11:36.011072Z
..............Failed qa: 1984-05-26T17:23:57.732547Z
Failed qa: 1984-05-26T17:24:09.7190560Z
Failed qa: 1984-05-28T17:11:26.9460690Z
Failed qa: 1984-05-28T17:12:14.4650000Z
..............Failed qa: 1984-06-11T17:24:29.1080500Z
Failed qa: 1984-06-11T17:24:29.1080500Z
Failed qa: 1984-06-13T17:11:57.480581Z
Failed qa: 1984-06-13T17:12:21.311076Z
..............Failed qa: 1984-06-27T17:24:30.587563Z
Failed qa: 1984-06-27T17:24:42.5740630Z
Failed qa: 1984-06-29T17:12:10.228503Z
Failed qa: 1984-06-29T17:12:34.058534Z
..............Failed qa: 1984-07-13T17:24:52.7680690Z
Failed qa: 1984-07-13T17:24:52.7680690Z
Failed qa: 1984-07-15T17:12:23.694541Z
Failed qa: 1984-07-15T17:12:47.525028Z
Failed qa: 1984-07-29T17:25:15.529541Z
Failed qa: 1984-07-29T17:25:27.5160440Z
Failed qa: 1984-08-14T17:25:47.381569Z
Failed qa: 1984-09-01T17:13:32.3590190Z
Failed qa: 1984-09-08T17:19:44.9860750Z
Failed qa: 1984-09-15T17:25:56.7530250Z
Failed qa: 1984-10-17T17:26:18.3810750Z
Failed qa: 1984-10-17T17:26:18.3810750Z
Failed qa: 1984-11-02T17:25:48.2810630Z
Failed qa: 1984-11-04T17:13:37.728013Z
Failed qa: 1984-11-04T17:14:01.559031Z
Failed qa: 1984-11-18T17:25:54.543031Z
Failed qa: 1984-11-18T17:26:06.5300380Z
Failed qa: 1984-11-20T17:13:33.263550Z
Failed qa: 1984-11-20T17:13:45.2510060Z
..............Data has been pickled and saved to '/efs/timesync/1984/audit/1984_11421_3130_qa_rejects.p'.
Success tracking goes here
