{'project_id': '3130', 'year': '1984', 'x': -859650, 'y': 2265000, 'plot_id': '7376', 'strata': '41'}
Pandas(Index=0, project_id='3130', plot_id='7376', x=-859650, y=2265000)
called process_plot
Pandas(Index=0, project_id='3130', plot_id='7376', x=-859650, y=2265000)
7376
Directory '/efs/timesync/1984/audit/' already exists.
Data has been pickled and saved to '/efs/timesync/1984/audit/1984_7376_3130.p'.
Failed qa: 1984-03-15T17:22:27.368022Z
Failed qa: 1984-03-15T17:22:51.335515Z
Failed qa: 1984-04-10T17:09:39.074012Z
Failed qa: 1984-04-10T17:10:02.976016Z
............................Failed qa: 1984-05-10T17:22:06.2130380Z
Failed qa: 1984-05-10T17:22:54.0170500Z
Failed qa: 1984-05-12T17:10:00.474066Z
Failed qa: 1984-05-12T17:10:24.376075Z
Failed qa: 1984-05-19T17:16:12.0570880Z
Failed qa: 1984-05-19T17:16:59.8610880Z
Failed qa: 1984-05-26T17:22:33.9690380Z
Failed qa: 1984-05-28T17:10:27.156041Z
Failed qa: 1984-05-28T17:10:50.986538Z
Failed qa: 1984-06-04T17:16:34.8160880Z
Failed qa: 1984-06-04T17:17:22.6200630Z
Failed qa: 1984-06-11T17:23:05.344578Z
Failed qa: 1984-06-11T17:23:29.246553Z
Failed qa: 1984-06-13T17:10:57.6910130Z
Failed qa: 1984-06-13T17:11:09.534551Z
..............Failed qa: 1984-06-27T17:23:18.882559Z
Failed qa: 1984-06-27T17:23:42.784075Z
Failed qa: 1984-06-29T17:10:58.594534Z
Failed qa: 1984-06-29T17:11:22.424563Z
..............Failed qa: 1984-07-13T17:23:29.077569Z
Failed qa: 1984-07-13T17:23:41.1350880Z
Failed qa: 1984-07-15T17:11:11.989072Z
Failed qa: 1984-07-15T17:11:35.891047Z
Failed qa: 1984-07-29T17:23:51.7660940Z
Failed qa: 1984-07-29T17:24:39.7130000Z
Failed qa: 1984-08-14T17:24:35.677038Z
Failed qa: 1984-08-14T17:24:59.578547Z
Failed qa: 1984-09-01T17:12:32.640076Z
Failed qa: 1984-09-01T17:12:56.542047Z
..............Failed qa: 1984-09-15T17:24:57.105050Z
Failed qa: 1984-09-15T17:25:21.007038Z
Failed qa: 1984-10-17T17:24:54.688047Z
Failed qa: 1984-10-17T17:25:06.7460560Z
Failed qa: 1984-11-02T17:25:00.6190440Z
Failed qa: 1984-11-02T17:25:12.463062Z
Failed qa: 1984-11-04T17:12:26.020063Z
Failed qa: 1984-11-04T17:12:38.0780880Z
Failed qa: 1984-11-18T17:24:42.763547Z
Failed qa: 1984-11-18T17:25:06.666516Z
Failed qa: 1984-11-20T17:12:21.555519Z
Failed qa: 1984-11-20T17:12:33.6140060Z
..............Data has been pickled and saved to '/efs/timesync/1984/audit/1984_7376_3130_qa_rejects.p'.
Success tracking goes here
