{'project_id': '3130', 'year': '1984', 'x': 1602600, 'y': 1800540, 'plot_id': '18146', 'strata': '41'}
Pandas(Index=0, project_id='3130', plot_id='18146', x=1602600, y=1800540)
called process_plot
Pandas(Index=0, project_id='3130', plot_id='18146', x=1602600, y=1800540)
18146
Directory '/efs/timesync/1984/audit/' already exists.
Data has been pickled and saved to '/efs/timesync/1984/audit/1984_18146_3130.p'.
.......Failed qa: 1984-04-12T15:20:11.973509Z
.......Failed qa: 1984-05-14T15:20:24.842078Z
Failed qa: 1984-05-23T15:15:05.3720310Z
.......Failed qa: 1984-06-15T15:21:08.320034Z
.......Failed qa: 1984-07-01T15:21:44.250031Z
Failed qa: 1984-07-10T15:15:50.2330880Z
Failed qa: 1984-08-18T15:22:53.995540Z
.......Failed qa: 1984-09-03T15:22:53.904013Z
Failed qa: 1984-09-19T15:22:56.470069Z
Failed qa: 1984-10-05T15:22:56.177056Z
.......Failed qa: 1984-10-21T15:23:04.605078Z
Failed qa: 1984-11-06T15:22:45.830525Z
Failed qa: 1984-11-22T15:22:42.683557Z
.......Data has been pickled and saved to '/efs/timesync/1984/audit/1984_18146_3130_qa_rejects.p'.
Success tracking goes here
