{'project_id': '3130', 'year': '1984', 'x': -1015920, 'y': 1397760, 'plot_id': '4606', 'strata': '41'}
Pandas(Index=0, project_id='3130', plot_id='4606', x=-1015920, y=1397760)
called process_plot
Pandas(Index=0, project_id='3130', plot_id='4606', x=-1015920, y=1397760)
4606
Directory '/efs/timesync/1984/audit/' already exists.
Data has been pickled and saved to '/efs/timesync/1984/audit/1984_4606_3130.p'.
.......Failed qa: 1984-04-17T17:18:25.5500560Z
Failed qa: 1984-05-03T17:18:16.127519Z
Failed qa: 1984-05-05T17:05:58.755044Z
.......Failed qa: 1984-05-19T17:18:35.4700060Z
Failed qa: 1984-05-21T17:06:29.158562Z
.......Failed qa: 1984-06-04T17:18:58.2270880Z
Failed qa: 1984-06-06T17:06:50.718522Z
.......Failed qa: 1984-06-20T17:19:14.1300560Z
Failed qa: 1984-06-22T17:07:06.037513Z
.......Failed qa: 1984-07-06T17:19:36.693528Z
Failed qa: 1984-07-08T17:07:16.052544Z
Failed qa: 1984-07-24T17:07:44.059531Z
Failed qa: 1984-08-25T17:08:30.7570750Z
.......Failed qa: 1984-11-13T17:08:33.321050Z
.......Failed qa: 1984-11-27T17:20:56.964079Z
Data has been pickled and saved to '/efs/timesync/1984/audit/1984_4606_3130_qa_rejects.p'.
Success tracking goes here
