{'project_id': '3130', 'year': '1984', 'x': 581820, 'y': 722940, 'plot_id': '4056', 'strata': '41'}
Pandas(Index=0, project_id='3130', plot_id='4056', x=581820, y=722940)
called process_plot
Pandas(Index=0, project_id='3130', plot_id='4056', x=581820, y=722940)
4056
Directory '/efs/timesync/1984/audit/' already exists.
Data has been pickled and saved to '/efs/timesync/1984/audit/1984_4056_3130.p'.
............................Failed qa: 1984-04-13T16:05:39.319544Z
Failed qa: 1984-04-15T15:53:17.930582Z
..............Failed qa: 1984-04-29T16:05:24.5800130Z
Failed qa: 1984-05-01T15:53:15.888066Z
............................Failed qa: 1984-06-18T15:54:40.5540690Z
Failed qa: 1984-06-18T15:54:28.639050Z
Failed qa: 1984-07-04T15:54:39.864531Z
............................Failed qa: 1984-09-06T15:56:24.2200690Z
Failed qa: 1984-09-06T15:56:12.305041Z
............................Failed qa: 1984-10-06T16:08:35.285559Z
Failed qa: 1984-10-08T15:56:01.4020500Z
..............Failed qa: 1984-10-24T15:56:21.0450310Z
Failed qa: 1984-10-24T15:56:09.129538Z
..............Failed qa: 1984-11-07T16:08:24.417056Z
Failed qa: 1984-11-09T15:56:01.581547Z
Failed qa: 1984-11-23T16:08:22.157044Z
Failed qa: 1984-11-25T15:56:00.939053Z
Data has been pickled and saved to '/efs/timesync/1984/audit/1984_4056_3130_qa_rejects.p'.
Success tracking goes here
