{'project_id': '3130', 'year': '1984', 'x': -796620, 'y': 2450130, 'plot_id': '10686', 'strata': '41'}
Pandas(Index=0, project_id='3130', plot_id='10686', x=-796620, y=2450130)
called process_plot
Pandas(Index=0, project_id='3130', plot_id='10686', x=-796620, y=2450130)
10686
Directory '/efs/timesync/1984/audit/' already exists.
Data has been pickled and saved to '/efs/timesync/1984/audit/1984_10686_3130.p'.
Failed qa: 1984-03-15T17:22:03.472019Z
Failed qa: 1984-04-15T17:27:48.063578Z
Failed qa: 1984-04-17T17:15:14.6190130Z
Failed qa: 1984-05-01T17:27:58.1850500Z
.......Failed qa: 1984-05-10T17:21:54.297551Z
.......Failed qa: 1984-05-26T17:22:22.053559Z
Failed qa: 1984-06-02T17:28:42.217056Z
.......Failed qa: 1984-06-11T17:22:41.443053Z
Failed qa: 1984-06-18T17:28:58.848537Z
.......Failed qa: 1984-06-27T17:22:54.910012Z
Failed qa: 1984-07-04T17:29:10.038047Z
.......Failed qa: 1984-07-13T17:23:05.105047Z
Failed qa: 1984-07-20T17:29:31.531079Z
Failed qa: 1984-07-29T17:23:39.922563Z
Failed qa: 1984-08-05T17:30:05.074016Z
Failed qa: 1984-08-14T17:24:11.704041Z
Failed qa: 1984-09-01T17:12:20.5820880Z
.......Failed qa: 1984-09-15T17:24:45.1180940Z
Failed qa: 1984-09-22T17:30:32.5960880Z
Failed qa: 1984-10-10T17:18:09.6720810Z
Failed qa: 1984-10-17T17:24:30.786035Z
Failed qa: 1984-11-02T17:24:12.6710880Z
Failed qa: 1984-11-09T17:30:43.7230000Z
Failed qa: 1984-11-18T17:24:30.7760940Z
.......Data has been pickled and saved to '/efs/timesync/1984/audit/1984_10686_3130_qa_rejects.p'.
Success tracking goes here
