{'project_id': '3130', 'year': '1984', 'x': -1957950, 'y': 1922730, 'plot_id': '4671', 'strata': '41'}
Pandas(Index=0, project_id='3130', plot_id='4671', x=-1957950, y=1922730)
called process_plot
Pandas(Index=0, project_id='3130', plot_id='4671', x=-1957950, y=1922730)
4671
Directory '/efs/timesync/1984/audit/' already exists.
Data has been pickled and saved to '/efs/timesync/1984/audit/1984_4671_3130.p'.
Failed qa: 1984-03-23T17:49:02.2720750Z
.......Failed qa: 1984-04-27T17:54:28.857075Z
.......Failed qa: 1984-05-13T17:54:53.762547Z
.......Failed qa: 1984-05-22T17:49:10.6480250Z
Failed qa: 1984-05-29T17:55:31.6540440Z
.......Failed qa: 1984-06-07T17:49:31.7700500Z
Failed qa: 1984-06-14T17:55:38.022551Z
.......Failed qa: 1984-06-23T17:49:46.7160630Z
Failed qa: 1984-06-30T17:55:50.508028Z
.......Failed qa: 1984-07-16T17:56:05.585065Z
..............Failed qa: 1984-08-26T17:51:22.8500250Z
Failed qa: 1984-10-04T17:57:26.871547Z
Failed qa: 1984-10-13T17:51:26.3980000Z
.....................Data has been pickled and saved to '/efs/timesync/1984/audit/1984_4671_3130_qa_rejects.p'.
Success tracking goes here
