{'project_id': '3130', 'year': '1984', 'x': 704910, 'y': 1815120, 'plot_id': '21096', 'strata': '41'}
Pandas(Index=0, project_id='3130', plot_id='21096', x=704910, y=1815120)
called process_plot
Pandas(Index=0, project_id='3130', plot_id='21096', x=704910, y=1815120)
21096
Directory '/efs/timesync/1984/audit/' already exists.
Data has been pickled and saved to '/efs/timesync/1984/audit/1984_21096_3130.p'.
..............Failed qa: 1984-04-22T15:57:16.5130940Z
............................Failed qa: 1984-06-16T16:04:01.211512Z
Failed qa: 1984-06-16T16:04:25.041550Z
Failed qa: 1984-06-18T15:52:17.0010560Z
............................Failed qa: 1984-09-04T16:05:46.248562Z
Failed qa: 1984-09-04T16:06:10.007575Z
Failed qa: 1984-09-06T15:53:48.965082Z
..............Failed qa: 1984-09-22T15:53:50.936044Z
..............Failed qa: 1984-10-22T16:05:44.202038Z
Failed qa: 1984-10-22T16:06:08.033029Z
..............Failed qa: 1984-11-07T16:05:37.242034Z
Failed qa: 1984-11-07T16:06:01.002019Z
Failed qa: 1984-11-23T16:05:34.837012Z
Failed qa: 1984-11-23T16:05:58.668515Z
Data has been pickled and saved to '/efs/timesync/1984/audit/1984_21096_3130_qa_rejects.p'.
Success tracking goes here
