{'project_id': '3130', 'year': '1984', 'x': -12330, 'y': 847380, 'plot_id': '9766', 'strata': '41'}
Pandas(Index=0, project_id='3130', plot_id='9766', x=-12330, y=847380)
called process_plot
Pandas(Index=0, project_id='3130', plot_id='9766', x=-12330, y=847380)
9766
Directory '/efs/timesync/1984/audit/' already exists.
Data has been pickled and saved to '/efs/timesync/1984/audit/1984_9766_3130.p'.
Failed qa: 1984-03-28T16:15:53.3580500Z
Failed qa: 1984-04-09T16:29:58.211019Z
Failed qa: 1984-04-11T16:17:36.698054Z
..............Failed qa: 1984-04-27T16:17:23.1120310Z
..............Failed qa: 1984-05-27T16:30:44.955025Z
Failed qa: 1984-05-29T16:18:26.057044Z
Failed qa: 1984-06-12T16:31:03.957050Z
Failed qa: 1984-06-14T16:18:44.274065Z
..............Failed qa: 1984-06-28T16:31:17.175076Z
Failed qa: 1984-06-30T16:18:44.6760500Z
..............Failed qa: 1984-07-14T16:31:26.934053Z
Failed qa: 1984-07-16T16:19:11.755007Z
Failed qa: 1984-08-31T16:32:51.559540Z
Failed qa: 1984-09-02T16:20:18.4110560Z
..............Failed qa: 1984-09-18T16:20:33.324034Z
Failed qa: 1984-10-04T16:20:33.114022Z
Failed qa: 1984-10-18T16:32:52.062550Z
Failed qa: 1984-10-20T16:20:29.797541Z
Failed qa: 1984-11-03T16:32:45.655047Z
Failed qa: 1984-11-05T16:20:23.131569Z
..............Failed qa: 1984-11-19T16:32:52.7040560Z
Failed qa: 1984-11-21T16:20:19.388538Z
..............Data has been pickled and saved to '/efs/timesync/1984/audit/1984_9766_3130_qa_rejects.p'.
Success tracking goes here
