{'project_id': '3130', 'year': '1984', 'x': 885300, 'y': 1746030, 'plot_id': '8681', 'strata': '41'}
Pandas(Index=0, project_id='3130', plot_id='8681', x=885300, y=1746030)
called process_plot
Pandas(Index=0, project_id='3130', plot_id='8681', x=885300, y=1746030)
8681
Directory '/efs/timesync/1984/audit/' already exists.
Data has been pickled and saved to '/efs/timesync/1984/audit/1984_8681_3130.p'.
..............Failed qa: 1984-04-06T15:57:03.662063Z
Failed qa: 1984-04-22T15:57:16.5130940Z
............................Failed qa: 1984-05-08T15:57:18.119019Z
Failed qa: 1984-05-19T15:39:06.386069Z
Failed qa: 1984-05-24T15:57:47.017034Z
Failed qa: 1984-06-04T15:39:29.145038Z
............................Failed qa: 1984-06-20T15:39:45.116078Z
..............Failed qa: 1984-07-06T15:39:43.9580440Z
Failed qa: 1984-07-11T15:58:30.724538Z
............................Failed qa: 1984-08-28T15:59:56.977032Z
..............Failed qa: 1984-09-08T15:41:27.604057Z
Failed qa: 1984-09-13T16:00:00.875557Z
..............Failed qa: 1984-09-24T15:41:41.1070060Z
Failed qa: 1984-09-29T16:00:01.652041Z
..............Failed qa: 1984-10-10T15:41:27.878037Z
..............Failed qa: 1984-10-26T15:41:23.247031Z
Failed qa: 1984-10-31T15:59:53.566535Z
Failed qa: 1984-11-09T15:53:49.9390500Z
Failed qa: 1984-11-09T15:53:49.9390500Z
..............Failed qa: 1984-11-27T15:41:16.075575Z
Data has been pickled and saved to '/efs/timesync/1984/audit/1984_8681_3130_qa_rejects.p'.
Success tracking goes here
