{'project_id': '3130', 'year': '1984', 'x': -2102400, 'y': 3070740, 'plot_id': '13261', 'strata': '41'}
Pandas(Index=0, project_id='3130', plot_id='13261', x=-2102400, y=3070740)
called process_plot
Pandas(Index=0, project_id='3130', plot_id='13261', x=-2102400, y=3070740)
13261
Directory '/efs/timesync/1984/audit/' already exists.
Data has been pickled and saved to '/efs/timesync/1984/audit/1984_13261_3130.p'.
Failed qa: 1984-04-12T18:34:47.1780130Z
Failed qa: 1984-04-14T18:22:37.662516Z
Failed qa: 1984-04-28T18:34:44.8950810Z
Failed qa: 1984-05-07T18:28:47.6460810Z
Failed qa: 1984-05-14T18:35:12.3120750Z
Failed qa: 1984-05-16T18:22:54.4110130Z
Failed qa: 1984-05-21T18:41:35.4680630Z
Failed qa: 1984-05-23T18:29:16.9590190Z
.......Failed qa: 1984-06-01T18:23:42.5340630Z
Failed qa: 1984-06-06T18:41:57.0950880Z
..............Failed qa: 1984-06-17T18:23:35.8290310Z
.......Failed qa: 1984-07-03T18:23:47.2820000Z
Failed qa: 1984-07-08T18:42:22.3640380Z
..............Failed qa: 1984-07-19T18:24:19.086569Z
Failed qa: 1984-07-24T18:42:50.4420630Z
Failed qa: 1984-07-26T18:30:33.0340310Z
.......Failed qa: 1984-08-04T18:24:52.722541Z
.....................Failed qa: 1984-09-12T18:31:32.2040130Z
.......Failed qa: 1984-09-28T18:31:33.1480690Z
.......Failed qa: 1984-10-07T18:25:33.383526Z
.......Failed qa: 1984-10-30T18:31:25.3450000Z
Failed qa: 1984-11-08T18:25:33.8290440Z
Failed qa: 1984-11-24T18:25:32.4470060Z
Failed qa: 1984-12-01T18:31:21.6430440Z
Data has been pickled and saved to '/efs/timesync/1984/audit/1984_13261_3130_qa_rejects.p'.
Success tracking goes here
