{'project_id': '3130', 'year': '1984', 'x': 428010, 'y': 906390, 'plot_id': '16031', 'strata': '41'}
Pandas(Index=0, project_id='3130', plot_id='16031', x=428010, y=906390)
called process_plot
Pandas(Index=0, project_id='3130', plot_id='16031', x=428010, y=906390)
16031
Directory '/efs/timesync/1984/audit/' already exists.
Data has been pickled and saved to '/efs/timesync/1984/audit/1984_16031_3130.p'.
.......Failed qa: 1984-04-20T16:11:26.105028Z
Failed qa: 1984-04-29T16:05:24.5800130Z
Failed qa: 1984-05-06T16:11:35.065072Z
Failed qa: 1984-05-22T16:11:52.9160560Z
Failed qa: 1984-06-07T16:12:26.170057Z
.......Failed qa: 1984-06-23T16:12:41.149028Z
Failed qa: 1984-07-09T16:12:50.831050Z
Failed qa: 1984-08-26T16:14:17.432534Z
.......Failed qa: 1984-09-11T16:14:21.758544Z
.......Failed qa: 1984-10-13T16:14:20.866081Z
Failed qa: 1984-10-29T16:14:27.6760250Z
..............Failed qa: 1984-11-30T16:14:10.488040Z
Data has been pickled and saved to '/efs/timesync/1984/audit/1984_16031_3130_qa_rejects.p'.
Success tracking goes here
