{'project_id': '3130', 'year': '1984', 'x': -1985880, 'y': 2471400, 'plot_id': '24596', 'strata': '41'}
Pandas(Index=0, project_id='3130', plot_id='24596', x=-1985880, y=2471400)
called process_plot
Pandas(Index=0, project_id='3130', plot_id='24596', x=-1985880, y=2471400)
24596
Directory '/efs/timesync/1984/audit/' already exists.
Data has been pickled and saved to '/efs/timesync/1984/audit/1984_24596_3130.p'.
Failed qa: 1984-04-14T18:24:01.2830940Z
..............Failed qa: 1984-05-16T18:24:30.0190130Z
.......Failed qa: 1984-06-01T18:24:54.3110440Z
.......Failed qa: 1984-06-10T18:18:53.566075Z
Failed qa: 1984-06-17T18:25:11.2930810Z
Failed qa: 1984-06-26T18:19:07.379535Z
Failed qa: 1984-07-03T18:25:22.7450940Z
.......Failed qa: 1984-07-19T18:25:42.7070560Z
Failed qa: 1984-07-28T18:19:51.074547Z
Failed qa: 1984-08-04T18:26:16.4140310Z
.....................Failed qa: 1984-10-23T18:26:53.0170630Z
..............Data has been pickled and saved to '/efs/timesync/1984/audit/1984_24596_3130_qa_rejects.p'.
Success tracking goes here
