{'project_id': '3130', 'year': '1984', 'x': 1311720, 'y': 1719480, 'plot_id': '3381', 'strata': '41'}
Pandas(Index=0, project_id='3130', plot_id='3381', x=1311720, y=1719480)
called process_plot
Pandas(Index=0, project_id='3130', plot_id='3381', x=1311720, y=1719480)
3381
Directory '/efs/timesync/1984/audit/' already exists.
Data has been pickled and saved to '/efs/timesync/1984/audit/1984_3381_3130.p'.
Failed qa: 1984-03-27T15:33:29.568044Z
.....................Failed qa: 1984-05-12T15:32:30.7890940Z
Failed qa: 1984-05-19T15:39:06.386069Z
.......Failed qa: 1984-06-04T15:39:29.145038Z
..............Failed qa: 1984-06-20T15:39:45.116078Z
.......Failed qa: 1984-06-29T15:33:29.0160500Z
Failed qa: 1984-07-06T15:39:43.9580440Z
.....................Failed qa: 1984-09-01T15:35:14.980065Z
Failed qa: 1984-09-08T15:41:15.7600630Z
Failed qa: 1984-09-17T15:35:17.998084Z
..............Failed qa: 1984-10-10T15:41:27.878037Z
..............Failed qa: 1984-10-26T15:41:23.247031Z
.....................Failed qa: 1984-11-27T15:41:16.075575Z
Data has been pickled and saved to '/efs/timesync/1984/audit/1984_3381_3130_qa_rejects.p'.
Success tracking goes here
