{'project_id': '3130', 'year': '1984', 'x': -1504650, 'y': 1962870, 'plot_id': '2466', 'strata': '41'}
Pandas(Index=0, project_id='3130', plot_id='2466', x=-1504650, y=1962870)
called process_plot
Pandas(Index=0, project_id='3130', plot_id='2466', x=-1504650, y=1962870)
2466
Directory '/efs/timesync/1984/audit/' already exists.
Data has been pickled and saved to '/efs/timesync/1984/audit/1984_2466_3130.p'.
Failed qa: 1984-03-23T17:48:14.7550190Z
Failed qa: 1984-04-06T17:35:21.0440250Z
Failed qa: 1984-04-06T17:35:44.874537Z
..............Failed qa: 1984-04-29T17:41:18.406575Z
Failed qa: 1984-04-29T17:41:54.152578Z
Failed qa: 1984-05-01T17:29:45.779078Z
Failed qa: 1984-05-06T17:47:41.091047Z
Failed qa: 1984-05-08T17:35:47.630044Z
Failed qa: 1984-05-08T17:35:59.474047Z
Failed qa: 1984-05-15T17:41:48.089553Z
Failed qa: 1984-05-15T17:42:00.0050440Z
..............Failed qa: 1984-06-02T17:30:53.4280000Z
Failed qa: 1984-06-07T17:48:44.1090630Z
Failed qa: 1984-06-09T17:36:36.601560Z
Failed qa: 1984-06-09T17:36:48.445544Z
Failed qa: 1984-06-18T17:30:58.357065Z
Failed qa: 1984-06-23T17:48:59.0550880Z
Failed qa: 1984-06-25T17:36:50.920519Z
Failed qa: 1984-06-25T17:37:02.764051Z
..............Failed qa: 1984-07-04T17:31:09.546553Z
Failed qa: 1984-07-09T17:49:08.7010630Z
Failed qa: 1984-07-20T17:31:31.040025Z
..............Failed qa: 1984-09-22T17:32:44.021072Z
Failed qa: 1984-10-13T17:50:38.7360630Z
..............Failed qa: 1984-10-24T17:32:26.9990560Z
Failed qa: 1984-11-09T17:32:19.4760130Z
..............Failed qa: 1984-11-30T17:50:28.3590250Z
Data has been pickled and saved to '/efs/timesync/1984/audit/1984_2466_3130_qa_rejects.p'.
Success tracking goes here
