{'project_id': '3130', 'year': '1984', 'x': -151470, 'y': 1322610, 'plot_id': '24006', 'strata': '41'}
Pandas(Index=0, project_id='3130', plot_id='24006', x=-151470, y=1322610)
called process_plot
Pandas(Index=0, project_id='3130', plot_id='24006', x=-151470, y=1322610)
24006
Directory '/efs/timesync/1984/audit/' already exists.
Data has been pickled and saved to '/efs/timesync/1984/audit/1984_24006_3130.p'.
Failed qa: 1984-04-09T16:28:58.3490060Z
Failed qa: 1984-04-18T16:23:00.063041Z
.......Failed qa: 1984-05-20T16:23:35.529556Z
Failed qa: 1984-05-27T16:29:33.178025Z
.......Failed qa: 1984-06-12T16:29:52.180528Z
.......Failed qa: 1984-06-21T16:24:13.397037Z
Failed qa: 1984-06-28T16:30:05.399031Z
Failed qa: 1984-07-05T16:36:08.3730940Z
Failed qa: 1984-07-07T16:24:11.7050440Z
Failed qa: 1984-07-14T16:30:17.155531Z
Failed qa: 1984-08-08T16:25:11.0570810Z
..............Failed qa: 1984-09-09T16:25:55.172560Z
..............Failed qa: 1984-10-11T16:25:55.066050Z
Failed qa: 1984-10-18T16:31:40.356072Z
Failed qa: 1984-11-03T16:31:33.948019Z
.......Failed qa: 1984-11-12T16:25:42.101579Z
Failed qa: 1984-11-28T16:25:43.554075Z
Data has been pickled and saved to '/efs/timesync/1984/audit/1984_24006_3130_qa_rejects.p'.
Success tracking goes here
