{'project_id': '3130', 'year': '1984', 'x': 716250, 'y': 2432640, 'plot_id': '14536', 'strata': '41'}
Pandas(Index=0, project_id='3130', plot_id='14536', x=716250, y=2432640)
called process_plot
Pandas(Index=0, project_id='3130', plot_id='14536', x=716250, y=2432640)
14536
Directory '/efs/timesync/1984/audit/' already exists.
Data has been pickled and saved to '/efs/timesync/1984/audit/1984_14536_3130.p'.
Failed qa: 1984-03-23T16:08:10.443556Z
Failed qa: 1984-04-06T15:54:52.2370560Z
Failed qa: 1984-04-20T16:07:27.226563Z
Failed qa: 1984-04-22T15:54:53.2440750Z
.......Failed qa: 1984-05-06T16:07:36.186547Z
Failed qa: 1984-05-22T16:07:54.1820190Z
Failed qa: 1984-05-31T16:01:56.2340310Z
Failed qa: 1984-06-09T15:55:55.8830440Z
.......Failed qa: 1984-06-25T15:56:10.1260810Z
Failed qa: 1984-07-02T16:02:25.4510630Z
Failed qa: 1984-07-09T16:08:40.0400880Z
.......Failed qa: 1984-07-18T16:02:43.6580310Z
Failed qa: 1984-07-27T15:56:52.1860880Z
Failed qa: 1984-08-03T16:03:17.5230940Z
Failed qa: 1984-08-12T15:57:24.4170500Z
Failed qa: 1984-08-19T16:03:48.3290560Z
Failed qa: 1984-08-26T16:10:18.416062Z
..............Failed qa: 1984-09-11T16:10:22.741029Z
.......Failed qa: 1984-09-20T16:04:01.0520190Z
..............Failed qa: 1984-10-13T16:10:10.0730060Z
..............Failed qa: 1984-10-29T16:10:16.594525Z
.....................Data has been pickled and saved to '/efs/timesync/1984/audit/1984_14536_3130_qa_rejects.p'.
Success tracking goes here
