{'project_id': '3130', 'year': '1984', 'x': -148350, 'y': 2242230, 'plot_id': '3901', 'strata': '41'}
Pandas(Index=0, project_id='3130', plot_id='3901', x=-148350, y=2242230)
called process_plot
Pandas(Index=0, project_id='3130', plot_id='3901', x=-148350, y=2242230)
3901
Directory '/efs/timesync/1984/audit/' already exists.
Data has been pickled and saved to '/efs/timesync/1984/audit/1984_3901_3130.p'.
.......Failed qa: 1984-04-16T16:32:58.481563Z
Failed qa: 1984-05-16T16:46:00.4740380Z
.......Failed qa: 1984-06-01T16:46:24.8740880Z
Failed qa: 1984-06-03T16:33:53.769078Z
..............Failed qa: 1984-06-19T16:34:10.101034Z
..............Failed qa: 1984-07-05T16:34:20.994081Z
.......Failed qa: 1984-08-04T16:47:46.9010440Z
Failed qa: 1984-08-20T16:48:17.5650940Z
..............Failed qa: 1984-09-07T16:35:53.186538Z
.......Failed qa: 1984-09-23T16:35:55.009040Z
.....................Failed qa: 1984-11-10T16:35:29.7420560Z
.......Data has been pickled and saved to '/efs/timesync/1984/audit/1984_3901_3130_qa_rejects.p'.
Success tracking goes here
