{'project_id': '3130', 'year': '1984', 'x': -432450, 'y': 1810860, 'plot_id': '12431', 'strata': '41'}
Pandas(Index=0, project_id='3130', plot_id='12431', x=-432450, y=1810860)
called process_plot
Pandas(Index=0, project_id='3130', plot_id='12431', x=-432450, y=1810860)
12431
Directory '/efs/timesync/1984/audit/' already exists.
Data has been pickled and saved to '/efs/timesync/1984/audit/1984_12431_3130.p'.
Failed qa: 1984-04-14T16:46:31.704031Z
Failed qa: 1984-05-16T16:46:48.4210190Z
Failed qa: 1984-05-23T16:53:34.7660440Z
Failed qa: 1984-05-25T16:41:04.309034Z
..............Failed qa: 1984-06-10T16:41:24.042563Z
.......Failed qa: 1984-06-26T16:41:37.981557Z
Failed qa: 1984-07-03T16:47:53.277547Z
...................................Failed qa: 1984-08-29T16:43:13.100072Z
............................Failed qa: 1984-10-16T16:43:26.6290690Z
Failed qa: 1984-11-01T16:43:08.853066Z
Failed qa: 1984-11-08T16:49:16.033563Z
Failed qa: 1984-11-24T16:49:02.8100750Z
.......Data has been pickled and saved to '/efs/timesync/1984/audit/1984_12431_3130_qa_rejects.p'.
Success tracking goes here
