{'project_id': '3130', 'year': '1984', 'x': -1438230, 'y': 1720890, 'plot_id': '17251', 'strata': '41'}
Pandas(Index=0, project_id='3130', plot_id='17251', x=-1438230, y=1720890)
called process_plot
Pandas(Index=0, project_id='3130', plot_id='17251', x=-1438230, y=1720890)
17251
Directory '/efs/timesync/1984/audit/' already exists.
Data has been pickled and saved to '/efs/timesync/1984/audit/1984_17251_3130.p'.
.......Failed qa: 1984-04-13T17:42:09.053547Z
Failed qa: 1984-04-29T17:42:17.9120630Z
Failed qa: 1984-05-01T17:29:57.694556Z
.......Failed qa: 1984-05-31T17:43:00.740069Z
Failed qa: 1984-06-02T17:31:05.414510Z
.......Failed qa: 1984-06-18T17:30:58.357065Z
.......Failed qa: 1984-07-02T17:43:30.046547Z
Failed qa: 1984-07-04T17:31:21.533509Z
Failed qa: 1984-07-20T17:31:43.026528Z
Failed qa: 1984-09-20T17:44:53.6590940Z
.......Failed qa: 1984-10-22T17:45:01.227035Z
Failed qa: 1984-10-24T17:32:50.830040Z
Failed qa: 1984-11-09T17:32:19.4760130Z
Failed qa: 1984-11-23T17:44:40.0250880Z
Data has been pickled and saved to '/efs/timesync/1984/audit/1984_17251_3130_qa_rejects.p'.
Success tracking goes here
