{'project_id': '3130', 'year': '1984', 'x': -1616220, 'y': 1402440, 'plot_id': '31', 'strata': '41'}
Pandas(Index=0, project_id='3130', plot_id='31', x=-1616220, y=1402440)
called process_plot
Pandas(Index=0, project_id='3130', plot_id='31', x=-1616220, y=1402440)
31
Directory '/efs/timesync/1984/audit/' already exists.
Data has been pickled and saved to '/efs/timesync/1984/audit/1984_0031_3130.p'.
.......Failed qa: 1984-04-13T17:43:08.7020190Z
Failed qa: 1984-04-29T17:42:53.872066Z
Failed qa: 1984-05-08T17:37:11.037554Z
Failed qa: 1984-05-15T17:43:23.555532Z
Failed qa: 1984-05-31T17:44:00.3880250Z
Failed qa: 1984-06-02T17:31:41.303009Z
Failed qa: 1984-06-09T17:38:00.079544Z
Failed qa: 1984-06-16T17:44:17.8890940Z
Failed qa: 1984-06-18T17:32:09.991506Z
.......Failed qa: 1984-07-02T17:44:17.707525Z
Failed qa: 1984-07-04T17:31:45.3640000Z
Failed qa: 1984-07-20T17:32:30.758535Z
Failed qa: 1984-08-05T17:33:04.2290690Z
Failed qa: 1984-09-20T17:45:53.236025Z
Failed qa: 1984-09-22T17:33:43.741000Z
Failed qa: 1984-10-22T17:45:48.888553Z
Failed qa: 1984-10-24T17:33:38.563044Z
Failed qa: 1984-11-23T17:45:51.5200500Z
Data has been pickled and saved to '/efs/timesync/1984/audit/1984_0031_3130_qa_rejects.p'.
Success tracking goes here
