{'project_id': '3130', 'year': '1984', 'x': -2100450, 'y': 2273460, 'plot_id': '10511', 'strata': '41'}
Pandas(Index=0, project_id='3130', plot_id='10511', x=-2100450, y=2273460)
called process_plot
Pandas(Index=0, project_id='3130', plot_id='10511', x=-2100450, y=2273460)
10511
Directory '/efs/timesync/1984/audit/' already exists.
Data has been pickled and saved to '/efs/timesync/1984/audit/1984_10511_3130.p'.
.......Failed qa: 1984-04-25T18:06:03.339547Z
Failed qa: 1984-05-02T18:11:51.989072Z
Failed qa: 1984-05-11T18:06:23.773569Z
.......Failed qa: 1984-05-25T18:19:21.6300880Z
Failed qa: 1984-05-27T18:07:02.8440750Z
.......Failed qa: 1984-06-10T18:19:29.454566Z
Failed qa: 1984-06-12T18:07:09.841547Z
Failed qa: 1984-06-26T18:19:31.423572Z
Failed qa: 1984-06-28T18:07:23.020556Z
.......Failed qa: 1984-07-14T18:07:46.9490060Z
Failed qa: 1984-07-28T18:20:15.118581Z
..............Failed qa: 1984-09-16T18:09:00.604550Z
Failed qa: 1984-09-23T18:14:48.066007Z
Failed qa: 1984-10-02T18:09:00.816044Z
Failed qa: 1984-10-18T18:08:57.948044Z
..............Failed qa: 1984-11-19T18:08:46.453575Z
Data has been pickled and saved to '/efs/timesync/1984/audit/1984_10511_3130_qa_rejects.p'.
Success tracking goes here
