{'project_id': '3130', 'year': '1984', 'x': 1071660, 'y': 1154670, 'plot_id': '16971', 'strata': '41'}
Pandas(Index=0, project_id='3130', plot_id='16971', x=1071660, y=1154670)
called process_plot
Pandas(Index=0, project_id='3130', plot_id='16971', x=1071660, y=1154670)
16971
Directory '/efs/timesync/1984/audit/' already exists.
Data has been pickled and saved to '/efs/timesync/1984/audit/1984_16971_3130.p'.
..............Failed qa: 1984-05-12T15:34:06.2550440Z
..............Failed qa: 1984-06-13T15:35:03.481569Z
.......Failed qa: 1984-06-29T15:35:16.395535Z
.......Failed qa: 1984-07-15T15:35:41.6340940Z
Failed qa: 1984-09-01T15:36:50.516035Z
.......Failed qa: 1984-09-17T15:36:41.4770250Z
.......Failed qa: 1984-10-03T15:36:53.504566Z
Failed qa: 1984-10-10T15:43:15.3310060Z
Failed qa: 1984-10-19T15:36:50.423525Z
.......Failed qa: 1984-11-11T15:43:02.7470500Z
Failed qa: 1984-11-20T15:36:27.5150130Z
.......Data has been pickled and saved to '/efs/timesync/1984/audit/1984_16971_3130_qa_rejects.p'.
Success tracking goes here
