{'project_id': '3130', 'year': '1984', 'x': -506070, 'y': 2156370, 'plot_id': '16346', 'strata': '41'}
Pandas(Index=0, project_id='3130', plot_id='16346', x=-506070, y=2156370)
called process_plot
Pandas(Index=0, project_id='3130', plot_id='16346', x=-506070, y=2156370)
16346
Directory '/efs/timesync/1984/audit/' already exists.
Data has been pickled and saved to '/efs/timesync/1984/audit/1984_16346_3130.p'.
.......Failed qa: 1984-05-05T17:04:11.2310440Z
Failed qa: 1984-05-07T16:51:53.7020630Z
.......Failed qa: 1984-05-21T17:04:29.791532Z
Failed qa: 1984-05-23T16:52:23.1320000Z
Failed qa: 1984-06-06T17:04:51.352035Z
Failed qa: 1984-06-08T16:52:43.8440060Z
.......Failed qa: 1984-06-22T17:05:06.671547Z
Failed qa: 1984-06-24T16:52:58.4070690Z
Failed qa: 1984-07-01T16:58:50.1020250Z
Failed qa: 1984-07-08T17:05:16.687041Z
Failed qa: 1984-07-10T16:53:07.8250690Z
.......Failed qa: 1984-07-24T17:05:44.693540Z
.......Failed qa: 1984-08-25T17:06:31.4630560Z
Failed qa: 1984-08-27T16:54:22.414053Z
.......Failed qa: 1984-09-10T17:06:47.831015Z
Failed qa: 1984-09-12T16:54:26.455051Z
.......Failed qa: 1984-09-26T17:06:49.131557Z
Failed qa: 1984-09-28T16:54:39.2470130Z
Failed qa: 1984-10-05T17:00:25.8230440Z
.......Failed qa: 1984-10-30T16:54:31.5870440Z
.......Failed qa: 1984-11-13T17:06:33.950038Z
Failed qa: 1984-11-20T17:12:33.6140060Z
.......Failed qa: 1984-12-01T16:54:27.8890940Z
Data has been pickled and saved to '/efs/timesync/1984/audit/1984_16346_3130_qa_rejects.p'.
Success tracking goes here
