{'project_id': '3130', 'year': '1984', 'x': -1163100, 'y': 2089590, 'plot_id': '14826', 'strata': '41'}
Pandas(Index=0, project_id='3130', plot_id='14826', x=-1163100, y=2089590)
called process_plot
Pandas(Index=0, project_id='3130', plot_id='14826', x=-1163100, y=2089590)
14826
Directory '/efs/timesync/1984/audit/' already exists.
Data has been pickled and saved to '/efs/timesync/1984/audit/1984_14826_3130.p'.
Failed qa: 1984-03-15T17:23:15.160044Z
Failed qa: 1984-04-06T17:34:57.0700940Z
..............Failed qa: 1984-05-08T17:35:23.585069Z
Failed qa: 1984-05-10T17:23:06.003569Z
Failed qa: 1984-05-26T17:23:45.7460380Z
.......Failed qa: 1984-06-09T17:36:00.6420380Z
Failed qa: 1984-06-11T17:23:41.1620250Z
.......Failed qa: 1984-06-25T17:36:14.8180380Z
Failed qa: 1984-06-27T17:24:06.614560Z
..............Failed qa: 1984-07-29T17:24:51.628019Z
.......Failed qa: 1984-08-14T17:25:23.408575Z
Failed qa: 1984-09-08T17:19:44.9860750Z
Failed qa: 1984-09-15T17:25:44.837547Z
..............Failed qa: 1984-11-02T17:25:36.294072Z
.......Failed qa: 1984-11-18T17:25:30.569028Z
Data has been pickled and saved to '/efs/timesync/1984/audit/1984_14826_3130_qa_rejects.p'.
Success tracking goes here
