{'project_id': '3130', 'year': '1984', 'x': 1795410, 'y': 2536470, 'plot_id': '20041', 'strata': '41'}
Pandas(Index=0, project_id='3130', plot_id='20041', x=1795410, y=2536470)
called process_plot
Pandas(Index=0, project_id='3130', plot_id='20041', x=1795410, y=2536470)
20041
Directory '/efs/timesync/1984/audit/' already exists.
Data has been pickled and saved to '/efs/timesync/1984/audit/1984_20041_3130.p'.
.......Failed qa: 1984-05-02T14:54:05.492040Z
..............Failed qa: 1984-06-03T14:55:00.472072Z
Failed qa: 1984-06-10T15:00:55.237544Z
.......Failed qa: 1984-06-19T14:55:16.902015Z
Failed qa: 1984-06-26T15:00:57.1570810Z
.....................Failed qa: 1984-08-29T15:02:32.3360880Z
.......Failed qa: 1984-09-14T15:02:36.0420190Z
.......Failed qa: 1984-09-23T14:57:01.811034Z
..............Failed qa: 1984-10-09T14:57:00.710060Z
.......Failed qa: 1984-10-25T14:56:56.272563Z
Failed qa: 1984-11-01T15:02:40.113566Z
.......Failed qa: 1984-11-10T14:57:00.3470130Z
Failed qa: 1984-11-17T15:02:33.529550Z
.......Failed qa: 1984-11-26T14:56:48.456516Z
Data has been pickled and saved to '/efs/timesync/1984/audit/1984_20041_3130_qa_rejects.p'.
Success tracking goes here
