{'project_id': '3130', 'year': '1984', 'x': -1968090, 'y': 1711080, 'plot_id': '22651', 'strata': '41'}
Pandas(Index=0, project_id='3130', plot_id='22651', x=-1968090, y=1711080)
called process_plot
Pandas(Index=0, project_id='3130', plot_id='22651', x=-1968090, y=1711080)
22651
Directory '/efs/timesync/1984/audit/' already exists.
Data has been pickled and saved to '/efs/timesync/1984/audit/1984_22651_3130.p'.
Failed qa: 1984-03-23T17:49:14.187085Z
..............Failed qa: 1984-04-25T18:07:02.9880250Z
Failed qa: 1984-04-27T17:54:40.7010810Z
Failed qa: 1984-04-27T17:54:40.7010810Z
..............Failed qa: 1984-05-06T17:49:04.7130060Z
Failed qa: 1984-05-11T18:07:35.265562Z
..............Failed qa: 1984-05-20T18:01:28.9370630Z
Failed qa: 1984-05-20T18:01:28.9370630Z
Failed qa: 1984-05-22T17:49:22.634541Z
Failed qa: 1984-05-27T18:08:02.492054Z
............................Failed qa: 1984-06-07T17:49:43.685072Z
Failed qa: 1984-06-12T18:08:21.404066Z
............................Failed qa: 1984-06-23T17:49:58.631079Z
Failed qa: 1984-06-28T18:08:46.5690880Z
............................Failed qa: 1984-07-09T17:50:20.3350310Z
Failed qa: 1984-07-14T18:08:46.524535Z
Failed qa: 1984-07-16T17:56:17.4290500Z
Failed qa: 1984-07-16T17:56:17.4290500Z
Failed qa: 1984-08-08T18:03:28.390066Z
Failed qa: 1984-08-08T18:03:28.390066Z
Failed qa: 1984-08-26T17:51:34.836528Z
Failed qa: 1984-09-16T18:10:24.2250810Z
Failed qa: 1984-10-02T18:10:24.4380000Z
..............Failed qa: 1984-10-13T17:51:38.313038Z
Failed qa: 1984-10-18T18:10:09.440528Z
..............Failed qa: 1984-11-19T18:09:58.019072Z
Failed qa: 1984-11-28T18:03:36.8160060Z
Failed qa: 1984-11-28T18:03:36.8160060Z
Failed qa: 1984-11-30T17:51:39.9960440Z
Data has been pickled and saved to '/efs/timesync/1984/audit/1984_22651_3130_qa_rejects.p'.
Success tracking goes here
