{'project_id': '3130', 'year': '1984', 'x': 776310, 'y': 2301510, 'plot_id': '7871', 'strata': '41'}
Pandas(Index=0, project_id='3130', plot_id='7871', x=776310, y=2301510)
called process_plot
Pandas(Index=0, project_id='3130', plot_id='7871', x=776310, y=2301510)
7871
Directory '/efs/timesync/1984/audit/' already exists.
Data has been pickled and saved to '/efs/timesync/1984/audit/1984_7871_3130.p'.
Failed qa: 1984-03-25T15:50:14.471056Z
.......Failed qa: 1984-04-29T16:01:37.475047Z
Failed qa: 1984-05-01T15:49:28.9270940Z
.......Failed qa: 1984-06-02T15:50:00.9050310Z
Failed qa: 1984-06-16T16:02:37.4480310Z
Failed qa: 1984-07-04T15:50:40.775553Z
.......Failed qa: 1984-07-20T15:50:50.1080190Z
Failed qa: 1984-08-05T15:51:23.6230630Z
.......Failed qa: 1984-09-04T16:04:34.472044Z
Failed qa: 1984-09-06T15:52:13.358041Z
.......Failed qa: 1984-09-22T15:52:15.328525Z
Failed qa: 1984-09-29T15:58:14.0570810Z
Failed qa: 1984-10-06T16:04:36.336547Z
Failed qa: 1984-10-15T15:58:11.7890310Z
Failed qa: 1984-10-22T16:04:32.566559Z
Failed qa: 1984-10-24T15:52:10.179050Z
.......Failed qa: 1984-11-07T16:04:13.4760560Z
Failed qa: 1984-11-09T15:51:50.6400810Z
Failed qa: 1984-11-23T16:04:23.128519Z
Failed qa: 1984-11-25T15:52:01.839016Z
Data has been pickled and saved to '/efs/timesync/1984/audit/1984_7871_3130_qa_rejects.p'.
Success tracking goes here
