{'project_id': '3130', 'year': '1984', 'x': -290730, 'y': 1074570, 'plot_id': '7206', 'strata': '41'}
Pandas(Index=0, project_id='3130', plot_id='7206', x=-290730, y=1074570)
called process_plot
Pandas(Index=0, project_id='3130', plot_id='7206', x=-290730, y=1074570)
7206
Directory '/efs/timesync/1984/audit/' already exists.
Data has been pickled and saved to '/efs/timesync/1984/audit/1984_7206_3130.p'.
Failed qa: 1984-04-07T16:41:43.2950130Z
Failed qa: 1984-04-09T16:29:22.251010Z
.......Failed qa: 1984-05-25T16:42:03.9570190Z
Failed qa: 1984-05-27T16:30:08.995038Z
.......Failed qa: 1984-06-10T16:42:23.6900310Z
Failed qa: 1984-06-12T16:30:16.082506Z
.......Failed qa: 1984-06-26T16:42:49.544035Z
Failed qa: 1984-06-28T16:30:41.215566Z
Failed qa: 1984-07-14T16:30:51.973532Z
Failed qa: 1984-08-29T16:44:12.7470880Z
Failed qa: 1984-08-31T16:32:15.671528Z
.....................Failed qa: 1984-10-16T16:44:26.348582Z
Failed qa: 1984-10-18T16:32:16.173572Z
Failed qa: 1984-11-01T16:44:32.3330880Z
Failed qa: 1984-11-03T16:32:09.766016Z
.......Data has been pickled and saved to '/efs/timesync/1984/audit/1984_7206_3130_qa_rejects.p'.
Success tracking goes here
