{'project_id': '1211', 'year': '1989', 'x': -180480, 'y': 2047860, 'plot_id': '3634', 'strata': '41'}
Pandas(Index=0, project_id='1211', plot_id='3634', x=-180480, y=2047860)
called process_plot
Pandas(Index=0, project_id='1211', plot_id='3634', x=-180480, y=2047860)
3634
Directory '/efs/timesync/1989/audit/' already exists.
Data has been pickled and saved to '/efs/timesync/1989/audit/1989_3634_1211.p'.
.....................Failed qa: 1989-02-07T16:48:34.346525Z
.......Failed qa: 1989-02-23T16:48:25.735051Z
..............Failed qa: 1989-03-18T16:53:36.5940000Z
..............Failed qa: 1989-04-03T16:53:37.5240810Z
.......Failed qa: 1989-04-12T16:47:41.225051Z
Failed qa: 1989-04-19T16:53:28.4160440Z
..............Failed qa: 1989-04-28T16:47:21.125006Z
Failed qa: 1989-05-05T16:53:16.7130880Z
.......Failed qa: 1989-05-14T16:47:05.419512Z
Failed qa: 1989-05-21T16:52:56.7160690Z
.......Failed qa: 1989-05-30T16:47:04.2180940Z
Failed qa: 1989-06-06T16:52:43.1880810Z
Failed qa: 1989-06-30T16:58:00.0430810Z
Failed qa: 1989-07-01T16:46:13.917047Z
Failed qa: 1989-07-08T16:52:03.1380250Z
.......Failed qa: 1989-07-17T16:45:53.391041Z
Failed qa: 1989-07-24T16:51:44.1320750Z
.......Failed qa: 1989-08-02T16:45:33.750525Z
Failed qa: 1989-08-09T16:51:22.4690440Z
.......Failed qa: 1989-08-18T16:45:09.619547Z
Failed qa: 1989-08-27T16:39:01.9980560Z
Failed qa: 1989-09-02T16:58:00.8670380Z
Failed qa: 1989-09-03T16:44:51.513047Z
.......Failed qa: 1989-09-26T16:50:16.0110130Z
..............Failed qa: 1989-11-06T16:43:21.6690250Z
..............Data has been pickled and saved to '/efs/timesync/1989/audit/1989_3634_1211_qa_rejects.p'.
Success tracking goes here
