{'project_id': '1211', 'year': '1989', 'x': -1279500, 'y': 1063290, 'plot_id': '3929', 'strata': '41'}
Pandas(Index=0, project_id='1211', plot_id='3929', x=-1279500, y=1063290)
called process_plot
Pandas(Index=0, project_id='1211', plot_id='3929', x=-1279500, y=1063290)
3929
Directory '/efs/timesync/1989/audit/' already exists.
Data has been pickled and saved to '/efs/timesync/1989/audit/1989_3929_1211.p'.
Failed qa: 1989-02-09T17:30:36.7260000Z
Failed qa: 1989-02-25T17:30:55.406531Z
Failed qa: 1989-02-25T17:31:07.3200000Z
Failed qa: 1989-02-27T17:18:34.382554Z
Failed qa: 1989-02-27T17:18:46.2960130Z
Failed qa: 1989-03-07T17:15:03.7600060Z
Failed qa: 1989-03-21T17:27:01.014560Z
Failed qa: 1989-03-21T17:27:12.9270750Z
Failed qa: 1989-04-08T17:14:49.169035Z
Failed qa: 1989-04-08T17:15:13.211053Z
..............Failed qa: 1989-04-22T17:26:54.385016Z
Failed qa: 1989-04-22T17:27:06.2990130Z
Failed qa: 1989-04-24T17:14:31.226006Z
Failed qa: 1989-04-24T17:14:55.269047Z
..............Failed qa: 1989-05-08T17:26:42.833047Z
Failed qa: 1989-05-08T17:26:54.7480060Z
Failed qa: 1989-05-10T17:14:18.058040Z
Failed qa: 1989-05-10T17:14:42.102553Z
..............Failed qa: 1989-05-24T17:26:24.706041Z
Failed qa: 1989-05-24T17:26:36.6210560Z
Failed qa: 1989-05-26T17:14:01.772059Z
Failed qa: 1989-05-26T17:14:25.818031Z
..............Failed qa: 1989-06-09T17:26:07.605538Z
Failed qa: 1989-06-09T17:26:19.5210690Z
..............Failed qa: 1989-06-11T17:13:42.050000Z
Failed qa: 1989-06-11T17:14:06.025503Z
Failed qa: 1989-06-17T17:31:25.342050Z
Failed qa: 1989-06-17T17:31:37.2560060Z
..............Failed qa: 1989-06-19T17:19:04.909082Z
Failed qa: 1989-06-19T17:19:28.950557Z
Failed qa: 1989-06-25T17:25:46.821060Z
Failed qa: 1989-06-25T17:25:58.7380250Z
............................Failed qa: 1989-07-05T17:19:06.731013Z
Failed qa: 1989-07-05T17:19:30.772047Z
..............Failed qa: 1989-07-13T17:13:04.244053Z
Failed qa: 1989-07-13T17:13:28.222053Z
..............Failed qa: 1989-07-29T17:12:45.809069Z
Failed qa: 1989-07-29T17:13:09.861044Z
..............Failed qa: 1989-08-12T17:24:47.740084Z
Failed qa: 1989-08-12T17:24:59.6590750Z
Failed qa: 1989-08-14T17:12:22.927056Z
Failed qa: 1989-08-14T17:12:46.909053Z
..............Failed qa: 1989-08-28T17:24:27.869531Z
Failed qa: 1989-08-28T17:24:39.7890500Z
Failed qa: 1989-08-30T17:12:03.399069Z
Failed qa: 1989-08-30T17:12:27.382540Z
..............Failed qa: 1989-09-07T17:18:55.7350750Z
Failed qa: 1989-09-13T17:23:54.556575Z
Failed qa: 1989-09-13T17:24:06.4770750Z
Failed qa: 1989-09-15T17:11:28.749050Z
Failed qa: 1989-09-15T17:11:52.734053Z
..............Failed qa: 1989-09-29T17:23:44.310519Z
Failed qa: 1989-09-29T17:23:56.2320250Z
Failed qa: 1989-10-01T17:11:21.435556Z
Failed qa: 1989-10-01T17:11:45.422547Z
..............Failed qa: 1989-10-15T17:23:10.109044Z
Failed qa: 1989-10-15T17:23:22.0310880Z
Failed qa: 1989-10-17T17:10:42.075506Z
Failed qa: 1989-10-17T17:11:06.064031Z
..............Data has been pickled and saved to '/efs/timesync/1989/audit/1989_3929_1211_qa_rejects.p'.
Success tracking goes here
