{'project_id': '1211', 'year': '1989', 'x': 715800, 'y': 2078430, 'plot_id': '4453', 'strata': '41'}
Pandas(Index=0, project_id='1211', plot_id='4453', x=715800, y=2078430)
called process_plot
Pandas(Index=0, project_id='1211', plot_id='4453', x=715800, y=2078430)
4453
Directory '/efs/timesync/1989/audit/' already exists.
Data has been pickled and saved to '/efs/timesync/1989/audit/1989_4453_1211.p'.
Failed qa: 1989-01-12T16:11:26.9570940Z
.......Failed qa: 1989-01-28T16:11:15.8590440Z
Failed qa: 1989-02-22T16:05:11.643034Z
Failed qa: 1989-03-01T16:11:02.6530190Z
Failed qa: 1989-03-03T15:59:02.0800060Z
.......Failed qa: 1989-03-17T16:10:46.3550130Z
..............Failed qa: 1989-04-02T16:10:20.2320940Z
.......Failed qa: 1989-04-11T16:04:26.010041Z
..............Failed qa: 1989-05-13T16:03:50.892579Z
Failed qa: 1989-05-20T16:09:41.1300000Z
.......Failed qa: 1989-05-29T16:03:37.362547Z
Failed qa: 1989-06-05T16:09:28.7550630Z
.......Failed qa: 1989-06-14T16:03:11.806028Z
Failed qa: 1989-06-21T16:09:03.5050310Z
.......Failed qa: 1989-06-30T16:02:59.287550Z
Failed qa: 1989-07-07T16:08:48.2920250Z
.......Failed qa: 1989-07-16T16:02:38.802037Z
Failed qa: 1989-07-23T16:08:29.3530380Z
.......Failed qa: 1989-08-01T16:02:19.431066Z
.......Failed qa: 1989-09-02T16:01:37.053525Z
.......Failed qa: 1989-09-25T16:07:00.3230880Z
.......Failed qa: 1989-10-04T16:00:55.794537Z
Failed qa: 1989-10-11T16:06:36.9130310Z
Failed qa: 1989-11-12T16:05:35.5580750Z
.......Data has been pickled and saved to '/efs/timesync/1989/audit/1989_4453_1211_qa_rejects.p'.
Success tracking goes here
