{'project_id': '1211', 'year': '1989', 'x': -1986840, 'y': 2146500, 'plot_id': '854', 'strata': '41'}
Pandas(Index=0, project_id='1211', plot_id='854', x=-1986840, y=2146500)
called process_plot
Pandas(Index=0, project_id='1211', plot_id='854', x=-1986840, y=2146500)
854
Directory '/efs/timesync/1989/audit/' already exists.
Data has been pickled and saved to '/efs/timesync/1989/audit/1989_0854_1211.p'.
.......Failed qa: 1989-01-24T18:15:01.588522Z
Failed qa: 1989-01-26T18:02:52.5140750Z
.......Failed qa: 1989-02-09T18:15:03.524009Z
Failed qa: 1989-02-16T18:21:26.3710060Z
.......Failed qa: 1989-02-25T18:15:07.7580000Z
Failed qa: 1989-02-27T18:02:55.983057Z
.......Failed qa: 1989-03-13T18:14:27.657525Z
Failed qa: 1989-03-20T18:20:17.407047Z
.......Failed qa: 1989-04-05T18:20:23.392544Z
Failed qa: 1989-04-07T18:08:38.7300690Z
Failed qa: 1989-04-14T18:14:10.396516Z
Failed qa: 1989-04-16T18:01:57.5220310Z
Failed qa: 1989-04-21T18:20:20.9810690Z
.......Failed qa: 1989-05-02T18:01:53.622056Z
Failed qa: 1989-05-07T18:19:58.176565Z
Failed qa: 1989-05-08T18:18:11.9910690Z
.......Failed qa: 1989-05-16T18:13:33.468529Z
Failed qa: 1989-05-23T18:19:51.3210130Z
.......Failed qa: 1989-05-26T18:06:20.1110940Z
Failed qa: 1989-06-01T18:13:21.555044Z
Failed qa: 1989-06-03T18:01:21.987515Z
Failed qa: 1989-06-08T18:19:35.0290060Z
.......Failed qa: 1989-06-17T18:12:55.436054Z
Failed qa: 1989-06-19T18:00:56.274012Z
Failed qa: 1989-06-24T18:19:13.1500310Z
Failed qa: 1989-06-25T18:18:20.1760940Z
Failed qa: 1989-07-03T18:12:42.405034Z
Failed qa: 1989-07-05T18:00:41.465025Z
Failed qa: 1989-07-10T18:18:56.3200310Z
Failed qa: 1989-07-11T18:18:35.945062Z
Failed qa: 1989-07-19T18:12:21.723040Z
Failed qa: 1989-07-21T18:00:09.8430500Z
Failed qa: 1989-07-27T18:18:34.643088Z
.......Failed qa: 1989-07-29T18:06:25.3870810Z
Failed qa: 1989-08-04T18:12:02.441044Z
Failed qa: 1989-08-06T18:00:02.167537Z
Failed qa: 1989-08-11T18:18:03.201063Z
.......Failed qa: 1989-08-14T18:06:24.0860940Z
Failed qa: 1989-08-20T18:11:39.546541Z
Failed qa: 1989-08-22T17:59:40.166553Z
.......Failed qa: 1989-09-05T18:11:19.640088Z
Failed qa: 1989-09-07T17:59:06.0540440Z
Failed qa: 1989-09-12T18:17:12.124553Z
Failed qa: 1989-09-21T18:10:48.098007Z
Failed qa: 1989-09-23T17:58:38.9990190Z
.......Failed qa: 1989-10-07T18:10:49.2580940Z
Failed qa: 1989-10-14T18:16:38.8940560Z
.......Failed qa: 1989-10-23T18:10:05.9390880Z
Failed qa: 1989-10-25T17:57:40.6080880Z
Failed qa: 1989-10-30T18:15:59.715040Z
.......Failed qa: 1989-11-07T18:24:37.2180060Z
Failed qa: 1989-11-10T17:57:20.8110380Z
Failed qa: 1989-11-15T18:15:25.067582Z
.......Failed qa: 1989-11-26T17:57:16.6200810Z
Failed qa: 1989-12-01T18:15:07.636040Z
Data has been pickled and saved to '/efs/timesync/1989/audit/1989_0854_1211_qa_rejects.p'.
Success tracking goes here
