{'project_id': '1211', 'year': '1989', 'x': -1090800, 'y': 2001990, 'plot_id': '773', 'strata': '41'}
Pandas(Index=0, project_id='1211', plot_id='773', x=-1090800, y=2001990)
called process_plot
Pandas(Index=0, project_id='1211', plot_id='773', x=-1090800, y=2001990)
773
Directory '/efs/timesync/1989/audit/' already exists.
Data has been pickled and saved to '/efs/timesync/1989/audit/1989_0773_1211.p'.
Failed qa: 1989-01-14T17:37:55.9290500Z
Failed qa: 1989-01-30T17:37:49.1390630Z
Failed qa: 1989-02-15T17:37:47.4910440Z
Failed qa: 1989-03-19T17:36:51.2380130Z
.......Failed qa: 1989-04-04T17:36:54.5340750Z
Failed qa: 1989-04-13T17:30:55.778582Z
.......Failed qa: 1989-04-29T17:30:36.512541Z
Failed qa: 1989-05-06T17:36:31.4910380Z
.......Failed qa: 1989-05-15T17:30:19.517054Z
Failed qa: 1989-05-22T17:36:12.1010190Z
.......Failed qa: 1989-05-31T17:30:06.987041Z
Failed qa: 1989-06-07T17:35:57.2200690Z
.......Failed qa: 1989-06-16T17:29:39.844019Z
.......Failed qa: 1989-06-23T17:35:33.5640310Z
Failed qa: 1989-06-24T17:35:16.280026Z
.......Failed qa: 1989-07-02T17:29:28.187563Z
Failed qa: 1989-07-09T17:35:17.6890190Z
Failed qa: 1989-07-10T17:35:19.917559Z
Failed qa: 1989-07-18T17:29:07.645538Z
Failed qa: 1989-07-25T17:34:58.6400690Z
Failed qa: 1989-07-26T17:35:18.695066Z
Failed qa: 1989-08-03T17:28:35.6420750Z
Failed qa: 1989-08-10T17:34:36.2500750Z
Failed qa: 1989-08-11T17:35:19.649059Z
.......Failed qa: 1989-08-19T17:28:24.667556Z
Failed qa: 1989-08-26T17:34:16.4130060Z
Failed qa: 1989-08-27T17:35:17.825540Z
Failed qa: 1989-09-04T17:28:05.723084Z
Failed qa: 1989-09-11T17:33:47.9170630Z
Failed qa: 1989-09-12T17:35:16.384038Z
.......Failed qa: 1989-09-20T17:27:34.014078Z
Failed qa: 1989-09-27T17:33:31.5890750Z
Failed qa: 1989-09-28T17:35:13.554057Z
.......Failed qa: 1989-10-06T17:27:23.721041Z
Failed qa: 1989-10-08T17:15:09.5760190Z
.......Failed qa: 1989-10-22T17:26:40.295579Z
Failed qa: 1989-10-29T17:32:32.0040940Z
Data has been pickled and saved to '/efs/timesync/1989/audit/1989_0773_1211_qa_rejects.p'.
Success tracking goes here
