{'project_id': '1211', 'year': '1989', 'x': -1263450, 'y': 2965920, 'plot_id': '2847', 'strata': '41'}
Pandas(Index=0, project_id='1211', plot_id='2847', x=-1263450, y=2965920)
called process_plot
Pandas(Index=0, project_id='1211', plot_id='2847', x=-1263450, y=2965920)
2847
Directory '/efs/timesync/1989/audit/' already exists.
Data has been pickled and saved to '/efs/timesync/1989/audit/1989_2847_1211.p'.
Failed qa: 1989-03-15T18:00:00.202532Z
..............Failed qa: 1989-03-31T17:59:44.405069Z
..............Failed qa: 1989-04-11T17:41:31.7010310Z
Failed qa: 1989-04-16T17:59:46.183050Z
.......Failed qa: 1989-04-25T17:53:35.0090750Z
.....................Failed qa: 1989-05-26T18:04:08.777541Z
.......Failed qa: 1989-06-03T17:58:58.640572Z
.....................Failed qa: 1989-06-14T17:40:17.3850630Z
Failed qa: 1989-06-19T17:58:21.0020500Z
.....................Failed qa: 1989-06-30T17:40:04.8780000Z
Failed qa: 1989-07-05T17:58:06.2560630Z
..............Failed qa: 1989-07-16T17:39:44.4550380Z
Failed qa: 1989-07-21T17:57:58.604075Z
.......Failed qa: 1989-07-29T18:04:14.052050Z
.......Failed qa: 1989-08-01T17:39:25.0620750Z
Failed qa: 1989-08-06T17:57:38.857047Z
.......Failed qa: 1989-08-14T18:04:12.751529Z
.......Failed qa: 1989-08-17T17:38:59.6040000Z
Failed qa: 1989-08-22T17:57:04.9250310Z
Failed qa: 1989-09-02T17:38:42.6240440Z
Failed qa: 1989-09-07T17:56:54.643534Z
Failed qa: 1989-09-09T17:44:39.9590940Z
.......Failed qa: 1989-09-18T17:38:10.0920750Z
Failed qa: 1989-09-23T17:56:27.578544Z
..............Failed qa: 1989-10-04T17:38:01.4820190Z
..............Failed qa: 1989-10-20T17:37:17.2250750Z
Failed qa: 1989-10-25T17:55:29.170057Z
.......Data has been pickled and saved to '/efs/timesync/1989/audit/1989_2847_1211_qa_rejects.p'.
Success tracking goes here
