{'project_id': '1211', 'year': '1989', 'x': -2231910, 'y': 2571420, 'plot_id': '2580', 'strata': '41'}
Pandas(Index=0, project_id='1211', plot_id='2580', x=-2231910, y=2571420)
called process_plot
Pandas(Index=0, project_id='1211', plot_id='2580', x=-2231910, y=2571420)
2580
Directory '/efs/timesync/1989/audit/' already exists.
Data has been pickled and saved to '/efs/timesync/1989/audit/1989_2580_1211.p'.
Failed qa: 1989-01-15T18:20:47.0120750Z
Failed qa: 1989-03-18T18:31:41.8150000Z
Failed qa: 1989-03-20T18:19:41.5970810Z
.......Failed qa: 1989-04-05T18:19:47.5810250Z
.....................Failed qa: 1989-05-07T18:19:10.374563Z
.......Failed qa: 1989-05-23T18:18:51.601531Z
.......Failed qa: 1989-06-08T18:18:35.306057Z
.......Failed qa: 1989-06-24T18:18:13.351522Z
..............Failed qa: 1989-07-10T18:17:56.662022Z
..............Failed qa: 1989-07-26T18:17:37.467051Z
..............Failed qa: 1989-08-11T18:17:15.382035Z
.....................Failed qa: 1989-09-12T18:16:36.2910880Z
..............Failed qa: 1989-09-28T18:16:11.004584Z
.......Failed qa: 1989-10-14T18:15:39.066566Z
.......Failed qa: 1989-10-30T18:15:12.023026Z
.......Failed qa: 1989-11-15T18:14:49.2250880Z
.......Failed qa: 1989-12-01T18:14:31.7920440Z
Data has been pickled and saved to '/efs/timesync/1989/audit/1989_2580_1211_qa_rejects.p'.
Success tracking goes here
