{'project_id': '1211', 'year': '1989', 'x': -2004360, 'y': 2571000, 'plot_id': '1407', 'strata': '41'}
Pandas(Index=0, project_id='1211', plot_id='1407', x=-2004360, y=2571000)
called process_plot
Pandas(Index=0, project_id='1211', plot_id='1407', x=-2004360, y=2571000)
1407
Directory '/efs/timesync/1989/audit/' already exists.
Data has been pickled and saved to '/efs/timesync/1989/audit/1989_1407_1211.p'.
........................................................Failed qa: 1989-04-12T18:25:46.473053Z
.......Failed qa: 1989-04-28T18:25:26.375550Z
..............Failed qa: 1989-05-14T18:25:10.595538Z
...................................Failed qa: 1989-06-15T18:24:29.492541Z
.....................Failed qa: 1989-07-01T18:24:31.1710250Z
.....................Failed qa: 1989-07-17T18:24:10.6130000Z
.....................Failed qa: 1989-08-02T18:23:50.9370060Z
..............Failed qa: 1989-08-18T18:23:14.878069Z
.......Failed qa: 1989-09-03T18:22:56.728063Z
..............Failed qa: 1989-09-19T18:22:24.730538Z
..............Failed qa: 1989-10-05T18:22:15.250547Z
..............Failed qa: 1989-10-23T18:08:54.2590560Z
.......Failed qa: 1989-11-06T18:21:26.9460630Z
.......Failed qa: 1989-11-22T18:20:48.7900440Z
.......Data has been pickled and saved to '/efs/timesync/1989/audit/1989_1407_1211_qa_rejects.p'.
Success tracking goes here
