{'project_id': '1211', 'year': '1989', 'x': 1628310, 'y': 2582220, 'plot_id': '2269', 'strata': '41'}
Pandas(Index=0, project_id='1211', plot_id='2269', x=1628310, y=2582220)
called process_plot
Pandas(Index=0, project_id='1211', plot_id='2269', x=1628310, y=2582220)
2269
Directory '/efs/timesync/1989/audit/' already exists.
Data has been pickled and saved to '/efs/timesync/1989/audit/1989_2269_1211.p'.
Failed qa: 1989-01-04T15:21:20.8340560Z
Failed qa: 1989-01-11T15:27:25.1380880Z
..............Failed qa: 1989-02-05T15:21:04.1710250Z
Failed qa: 1989-02-12T15:27:13.3270630Z
Failed qa: 1989-02-28T15:27:00.6670880Z
.......Failed qa: 1989-03-09T15:20:33.3800500Z
Failed qa: 1989-03-16T15:26:23.7380690Z
Failed qa: 1989-04-10T15:20:11.0070130Z
Failed qa: 1989-04-17T15:26:13.6140250Z
.......Failed qa: 1989-04-26T15:19:51.2360880Z
Failed qa: 1989-05-03T15:25:58.8440500Z
Failed qa: 1989-05-19T15:25:37.7910250Z
.......Failed qa: 1989-05-28T15:19:22.6040810Z
Failed qa: 1989-06-04T15:25:26.6190690Z
.......Failed qa: 1989-06-13T15:18:59.2310880Z
.......Failed qa: 1989-06-29T15:18:44.7890690Z
Failed qa: 1989-07-06T15:24:45.6880880Z
.......Failed qa: 1989-07-15T15:18:24.6340310Z
Failed qa: 1989-07-22T15:24:26.8860440Z
.......Failed qa: 1989-07-31T15:18:05.5450190Z
Failed qa: 1989-08-07T15:24:06.6800310Z
.......Failed qa: 1989-08-16T15:17:41.1130880Z
Failed qa: 1989-08-23T15:23:44.8280500Z
.......Failed qa: 1989-09-24T15:22:56.8000810Z
.......Failed qa: 1989-10-03T15:16:41.5810310Z
Failed qa: 1989-10-10T15:22:37.0140440Z
Failed qa: 1989-10-19T15:15:56.8460940Z
Failed qa: 1989-10-26T15:21:56.1970630Z
.......Failed qa: 1989-11-20T15:15:00.1070000Z
Data has been pickled and saved to '/efs/timesync/1989/audit/1989_2269_1211_qa_rejects.p'.
Success tracking goes here
