{'project_id': '1211', 'year': '1989', 'x': 657240, 'y': 1219080, 'plot_id': '4408', 'strata': '41'}
Pandas(Index=0, project_id='1211', plot_id='4408', x=657240, y=1219080)
called process_plot
Pandas(Index=0, project_id='1211', plot_id='4408', x=657240, y=1219080)
4408
Directory '/efs/timesync/1989/audit/' already exists.
Data has been pickled and saved to '/efs/timesync/1989/audit/1989_4408_1211.p'.
Failed qa: 1989-01-21T16:06:51.649513Z
Failed qa: 1989-01-23T15:54:51.929066Z
.......Failed qa: 1989-02-06T16:06:43.0110060Z
Failed qa: 1989-02-08T15:54:55.364057Z
.......Failed qa: 1989-02-22T16:06:35.0960310Z
Failed qa: 1989-02-24T15:54:46.983037Z
Failed qa: 1989-03-10T16:06:22.685047Z
Failed qa: 1989-03-12T15:54:20.776040Z
.......Failed qa: 1989-03-26T16:05:50.539537Z
Failed qa: 1989-04-11T16:06:01.534522Z
Failed qa: 1989-04-13T15:54:02.072522Z
.......Failed qa: 1989-04-29T15:53:42.813519Z
.......Failed qa: 1989-05-15T15:53:25.893575Z
.......Failed qa: 1989-05-29T16:05:12.973016Z
Failed qa: 1989-05-31T15:53:13.298047Z
..............Failed qa: 1989-06-30T16:04:22.7780500Z
Failed qa: 1989-07-02T15:52:46.4830750Z
.......Failed qa: 1989-07-16T16:04:14.285037Z
Failed qa: 1989-07-18T15:52:13.913519Z
.......Failed qa: 1989-08-01T16:03:54.922047Z
Failed qa: 1989-08-19T15:51:30.981022Z
.......Failed qa: 1989-09-02T16:03:00.6370630Z
Failed qa: 1989-09-04T15:51:12.079031Z
Failed qa: 1989-09-18T16:02:40.063025Z
Failed qa: 1989-09-20T15:50:40.333072Z
.......Failed qa: 1989-10-04T16:02:31.384075Z
Failed qa: 1989-10-06T15:50:30.170056Z
Failed qa: 1989-10-20T16:01:46.985554Z
Failed qa: 1989-10-22T15:49:46.608516Z
Failed qa: 1989-11-21T16:00:51.099050Z
Data has been pickled and saved to '/efs/timesync/1989/audit/1989_4408_1211_qa_rejects.p'.
Success tracking goes here
