{'project_id': '1211', 'year': '1989', 'x': 418710, 'y': 1733280, 'plot_id': '1835', 'strata': '41'}
Pandas(Index=0, project_id='1211', plot_id='1835', x=418710, y=1733280)
called process_plot
Pandas(Index=0, project_id='1211', plot_id='1835', x=418710, y=1733280)
1835
Directory '/efs/timesync/1989/audit/' already exists.
Data has been pickled and saved to '/efs/timesync/1989/audit/1989_1835_1211.p'.
Failed qa: 1989-01-03T16:18:45.984066Z
.......Failed qa: 1989-01-19T16:18:26.528034Z
Failed qa: 1989-01-26T16:24:23.3450940Z
.......Failed qa: 1989-02-04T16:18:41.2850130Z
.......Failed qa: 1989-03-08T16:18:00.573016Z
.......Failed qa: 1989-03-24T16:17:22.556525Z
Failed qa: 1989-03-31T16:23:26.4070880Z
Failed qa: 1989-04-09T16:17:24.2230940Z
.......Failed qa: 1989-04-25T16:17:17.195038Z
Failed qa: 1989-05-11T16:17:03.355003Z
.......Failed qa: 1989-05-27T16:16:48.173572Z
..............Failed qa: 1989-06-28T16:16:10.564535Z
.......Failed qa: 1989-07-14T16:15:50.512513Z
.......Failed qa: 1989-07-30T16:15:43.4850000Z
Failed qa: 1989-08-15T16:15:08.231531Z
.......Failed qa: 1989-09-16T16:14:15.710057Z
.......Failed qa: 1989-10-02T16:14:07.616540Z
.......Failed qa: 1989-10-18T16:13:13.6630060Z
Failed qa: 1989-11-03T16:13:08.615588Z
.......Failed qa: 1989-11-19T16:12:27.952038Z
Data has been pickled and saved to '/efs/timesync/1989/audit/1989_1835_1211_qa_rejects.p'.
Success tracking goes here
