{'project_id': '1211', 'year': '1989', 'x': -1956000, 'y': 2327700, 'plot_id': '4008', 'strata': '41'}
Pandas(Index=0, project_id='1211', plot_id='4008', x=-1956000, y=2327700)
called process_plot
Pandas(Index=0, project_id='1211', plot_id='4008', x=-1956000, y=2327700)
4008
Directory '/efs/timesync/1989/audit/' already exists.
Data has been pickled and saved to '/efs/timesync/1989/audit/1989_4008_1211.p'.
Failed qa: 1989-01-08T18:14:45.1530440Z
..............Failed qa: 1989-01-26T18:02:28.5500440Z
Failed qa: 1989-02-02T18:08:44.678560Z
.......Failed qa: 1989-02-18T18:09:03.9380880Z
Failed qa: 1989-02-25T18:14:19.9680130Z
Failed qa: 1989-02-27T18:02:08.121541Z
..............Failed qa: 1989-03-15T18:01:35.572544Z
.......Failed qa: 1989-03-31T18:01:07.9400310Z
Failed qa: 1989-04-07T18:07:27.1060880Z
.......Failed qa: 1989-04-16T18:01:21.637041Z
.......Failed qa: 1989-05-02T18:01:05.749050Z
.....................Failed qa: 1989-05-24T18:17:52.8750000Z
.......Failed qa: 1989-05-26T18:05:44.228522Z
.......Failed qa: 1989-06-03T18:00:34.181051Z
..............Failed qa: 1989-06-19T18:00:08.464560Z
..............Failed qa: 1989-07-05T17:59:53.653063Z
..............Failed qa: 1989-07-21T17:59:34.018047Z
..............Failed qa: 1989-07-29T18:05:49.575057Z
.......Failed qa: 1989-08-06T17:59:14.349547Z
.......Failed qa: 1989-08-14T18:05:48.203037Z
.......Failed qa: 1989-08-22T17:58:52.273047Z
..............Failed qa: 1989-09-07T17:58:30.149547Z
.......Failed qa: 1989-09-23T17:58:03.163538Z
.......Failed qa: 1989-10-07T18:10:01.5710440Z
.......Failed qa: 1989-10-25T17:56:52.7730880Z
..............Data has been pickled and saved to '/efs/timesync/1989/audit/1989_4008_1211_qa_rejects.p'.
Success tracking goes here
