{'project_id': '1211', 'year': '1989', 'x': -270300, 'y': 2484660, 'plot_id': '1283', 'strata': '41'}
Pandas(Index=0, project_id='1211', plot_id='1283', x=-270300, y=2484660)
called process_plot
Pandas(Index=0, project_id='1211', plot_id='1283', x=-270300, y=2484660)
1283
Directory '/efs/timesync/1989/audit/' already exists.
Data has been pickled and saved to '/efs/timesync/1989/audit/1989_1283_1211.p'.
Failed qa: 1989-01-22T16:47:31.1410940Z
Failed qa: 1989-02-07T16:47:10.6820250Z
Failed qa: 1989-02-23T16:47:02.1390060Z
Failed qa: 1989-03-11T16:47:01.2740190Z
.......Failed qa: 1989-03-25T16:58:39.991544Z
Failed qa: 1989-03-27T16:46:31.7420750Z
.......Failed qa: 1989-04-10T16:58:52.294541Z
Failed qa: 1989-04-12T16:46:29.528035Z
.......Failed qa: 1989-04-20T16:50:34.428051Z
.......Failed qa: 1989-05-14T16:45:53.715047Z
.......Failed qa: 1989-05-28T16:58:03.900040Z
..............Failed qa: 1989-07-01T16:45:02.271544Z
Failed qa: 1989-07-07T17:03:12.188525Z
.......Failed qa: 1989-07-15T16:57:05.820526Z
Failed qa: 1989-07-17T16:44:41.670566Z
.......Failed qa: 1989-07-31T16:56:46.695588Z
Failed qa: 1989-08-02T16:44:22.024525Z
.......Failed qa: 1989-08-16T16:56:22.208053Z
Failed qa: 1989-08-18T16:43:57.887538Z
Failed qa: 1989-09-01T16:56:03.994081Z
.......Failed qa: 1989-09-03T16:43:51.6970500Z
Failed qa: 1989-09-17T16:55:31.113038Z
Failed qa: 1989-09-19T16:43:07.750062Z
.......Failed qa: 1989-10-03T16:55:22.733579Z
Failed qa: 1989-10-21T16:42:14.699053Z
.......Failed qa: 1989-11-06T16:42:09.9860060Z
Data has been pickled and saved to '/efs/timesync/1989/audit/1989_1283_1211_qa_rejects.p'.
Success tracking goes here
