{'project_id': '1211', 'year': '1989', 'x': -1215270, 'y': 1305480, 'plot_id': '2876', 'strata': '41'}
Pandas(Index=0, project_id='1211', plot_id='2876', x=-1215270, y=1305480)
called process_plot
Pandas(Index=0, project_id='1211', plot_id='2876', x=-1215270, y=1305480)
2876
Directory '/efs/timesync/1989/audit/' already exists.
Data has been pickled and saved to '/efs/timesync/1989/audit/1989_2876_1211.p'.
Failed qa: 1989-02-09T17:30:24.741513Z
Failed qa: 1989-02-25T17:30:31.580044Z
Failed qa: 1989-02-27T17:18:10.556085Z
Failed qa: 1989-03-07T17:14:51.848028Z
Failed qa: 1989-03-21T17:26:37.117550Z
Failed qa: 1989-04-08T17:14:25.270516Z
..............Failed qa: 1989-04-22T17:26:30.485044Z
Failed qa: 1989-04-24T17:14:07.397541Z
..............Failed qa: 1989-05-08T17:26:19.003575Z
Failed qa: 1989-05-10T17:14:06.0720000Z
..............Failed qa: 1989-05-24T17:26:00.804034Z
Failed qa: 1989-05-26T17:13:37.870041Z
..............Failed qa: 1989-06-09T17:25:43.702050Z
Failed qa: 1989-06-10T17:25:03.2980060Z
Failed qa: 1989-06-10T17:25:03.2980060Z
Failed qa: 1989-06-11T17:13:18.218003Z
Failed qa: 1989-06-17T17:31:13.4280940Z
..............Failed qa: 1989-06-19T17:18:41.010579Z
Failed qa: 1989-06-25T17:25:22.916050Z
............................Failed qa: 1989-07-05T17:18:42.832050Z
..............Failed qa: 1989-07-13T17:12:40.409562Z
..............Failed qa: 1989-07-29T17:12:21.972578Z
..............Failed qa: 1989-08-12T17:24:23.830569Z
Failed qa: 1989-08-14T17:11:59.089022Z
..............Failed qa: 1989-08-28T17:24:04.030047Z
Failed qa: 1989-08-30T17:11:39.559557Z
..............Failed qa: 1989-09-07T17:18:43.821569Z
Failed qa: 1989-09-13T17:23:30.715575Z
Failed qa: 1989-09-15T17:11:04.907566Z
..............Failed qa: 1989-09-29T17:23:20.467510Z
Failed qa: 1989-10-01T17:10:57.592531Z
..............Failed qa: 1989-10-15T17:22:46.264507Z
Failed qa: 1989-10-17T17:10:18.230047Z
..............Data has been pickled and saved to '/efs/timesync/1989/audit/1989_2876_1211_qa_rejects.p'.
Success tracking goes here
