{'project_id': '1211', 'year': '1989', 'x': 595860, 'y': 1420260, 'plot_id': '3356', 'strata': '41'}
Pandas(Index=0, project_id='1211', plot_id='3356', x=595860, y=1420260)
called process_plot
Pandas(Index=0, project_id='1211', plot_id='3356', x=595860, y=1420260)
3356
Directory '/efs/timesync/1989/audit/' already exists.
Data has been pickled and saved to '/efs/timesync/1989/audit/1989_3356_1211.p'.
Failed qa: 1989-01-07T15:54:36.5680500Z
.......Failed qa: 1989-01-23T15:54:28.036531Z
..............Failed qa: 1989-02-08T15:54:31.470041Z
.......Failed qa: 1989-02-24T15:54:23.159562Z
..............Failed qa: 1989-03-12T15:53:56.880050Z
.....................Failed qa: 1989-04-13T15:53:38.245031Z
.......Failed qa: 1989-04-29T15:53:18.984559Z
Failed qa: 1989-05-06T15:59:37.8450440Z
Failed qa: 1989-05-15T15:53:01.992532Z
..............Failed qa: 1989-05-31T15:52:49.467503Z
.......Failed qa: 1989-06-23T15:58:39.8150380Z
.....................Failed qa: 1989-07-18T15:51:50.078054Z
..............Failed qa: 1989-08-19T15:51:07.070500Z
..............Failed qa: 1989-09-04T15:50:48.166562Z
.......Failed qa: 1989-09-20T15:50:16.491060Z
..............Failed qa: 1989-10-06T15:50:06.254088Z
.......Failed qa: 1989-10-22T15:49:22.691034Z
.......Data has been pickled and saved to '/efs/timesync/1989/audit/1989_3356_1211_qa_rejects.p'.
Success tracking goes here
