{'project_id': '1211', 'year': '1989', 'x': -1143150, 'y': 1639350, 'plot_id': '214', 'strata': '41'}
Pandas(Index=0, project_id='1211', plot_id='214', x=-1143150, y=1639350)
called process_plot
Pandas(Index=0, project_id='1211', plot_id='214', x=-1143150, y=1639350)
214
Directory '/efs/timesync/1989/audit/' already exists.
Data has been pickled and saved to '/efs/timesync/1989/audit/1989_0214_1211.p'.
Failed qa: 1989-02-25T17:29:55.6980190Z
Failed qa: 1989-02-27T17:17:34.6740880Z
Failed qa: 1989-03-07T17:14:16.1120810Z
.......Failed qa: 1989-04-08T17:13:49.5300250Z
..............Failed qa: 1989-04-24T17:13:31.5120130Z
..............Failed qa: 1989-05-10T17:13:18.2690810Z
..............Failed qa: 1989-05-26T17:13:01.9810250Z
..............Failed qa: 1989-06-11T17:12:42.3260500Z
...................................Failed qa: 1989-07-05T17:18:07.0910500Z
.......Failed qa: 1989-07-13T17:12:04.5140940Z
.......Failed qa: 1989-07-29T17:11:46.1460940Z
..............Failed qa: 1989-08-14T17:11:23.1880130Z
..............Failed qa: 1989-08-30T17:11:03.6560940Z
.......Failed qa: 1989-09-07T17:18:07.9380810Z
.......Failed qa: 1989-09-15T17:10:29.0020560Z
..............Failed qa: 1989-10-01T17:10:21.6840250Z
..............Failed qa: 1989-10-17T17:09:42.4620810Z
.......Data has been pickled and saved to '/efs/timesync/1989/audit/1989_0214_1211_qa_rejects.p'.
Success tracking goes here
