{'project_id': '1211', 'year': '1989', 'x': -1770510, 'y': 1765380, 'plot_id': '1050', 'strata': '41'}
Pandas(Index=0, project_id='1211', plot_id='1050', x=-1770510, y=1765380)
called process_plot
Pandas(Index=0, project_id='1211', plot_id='1050', x=-1770510, y=1765380)
1050
Directory '/efs/timesync/1989/audit/' already exists.
Data has been pickled and saved to '/efs/timesync/1989/audit/1989_1050_1211.p'.
Failed qa: 1989-01-19T17:57:43.269025Z
..............Failed qa: 1989-03-24T17:56:39.587554Z
Failed qa: 1989-03-26T17:44:19.748575Z
.......Failed qa: 1989-04-09T17:56:40.9640380Z
Failed qa: 1989-04-11T17:44:30.692043Z
.......Failed qa: 1989-04-25T17:56:22.0950000Z
Failed qa: 1989-04-27T17:44:09.764003Z
.......Failed qa: 1989-05-11T17:56:08.1230500Z
Failed qa: 1989-05-13T17:43:55.580516Z
.......Failed qa: 1989-05-27T17:55:53.0750880Z
Failed qa: 1989-05-29T17:43:42.058056Z
.......Failed qa: 1989-06-06T17:48:59.3160130Z
Failed qa: 1989-06-12T17:55:31.3250940Z
.......Failed qa: 1989-06-14T17:43:16.414010Z
.......Failed qa: 1989-06-28T17:55:15.4670690Z
.......Failed qa: 1989-06-30T17:43:03.847050Z
.......Failed qa: 1989-07-14T17:54:55.4490750Z
.......Failed qa: 1989-07-16T17:42:43.359563Z
.......Failed qa: 1989-07-30T17:54:36.6510690Z
.......Failed qa: 1989-08-01T17:42:24.053043Z
.......Failed qa: 1989-08-15T17:54:13.1120880Z
.......Failed qa: 1989-08-17T17:41:58.610037Z
.......Failed qa: 1989-08-31T17:53:53.6980060Z
Failed qa: 1989-09-02T17:41:41.711025Z
.......Failed qa: 1989-09-16T17:53:20.5630630Z
Failed qa: 1989-09-18T17:41:09.191059Z
.......Failed qa: 1989-10-02T17:53:12.5250190Z
Failed qa: 1989-10-04T17:41:00.452525Z
.......Failed qa: 1989-10-18T17:52:30.2510310Z
Failed qa: 1989-10-20T17:40:16.136047Z
.......Failed qa: 1989-11-03T17:52:13.5110190Z
Failed qa: 1989-11-12T17:46:03.9590560Z
Failed qa: 1989-11-19T17:51:32.6620380Z
.......Data has been pickled and saved to '/efs/timesync/1989/audit/1989_1050_1211_qa_rejects.p'.
Success tracking goes here
