{'project_id': '1211', 'year': '1989', 'x': -783840, 'y': 1367310, 'plot_id': '268', 'strata': '41'}
Pandas(Index=0, project_id='1211', plot_id='268', x=-783840, y=1367310)
called process_plot
Pandas(Index=0, project_id='1211', plot_id='268', x=-783840, y=1367310)
268
Directory '/efs/timesync/1989/audit/' already exists.
Data has been pickled and saved to '/efs/timesync/1989/audit/1989_0268_1211.p'.
Failed qa: 1989-02-27T17:17:34.6740880Z
Failed qa: 1989-03-07T17:14:16.1120810Z
..............Failed qa: 1989-04-01T17:07:43.677050Z
Failed qa: 1989-04-01T17:07:55.6620310Z
Failed qa: 1989-04-08T17:13:49.5300250Z
..............Failed qa: 1989-04-17T17:07:41.901043Z
Failed qa: 1989-04-17T17:08:05.800538Z
Failed qa: 1989-04-24T17:13:31.5120130Z
..............Failed qa: 1989-05-03T17:07:27.219047Z
Failed qa: 1989-05-03T17:07:51.119569Z
Failed qa: 1989-05-10T17:13:18.2690810Z
Failed qa: 1989-05-19T17:07:06.273044Z
Failed qa: 1989-05-19T17:07:30.175028Z
Failed qa: 1989-05-26T17:13:01.9810250Z
..............Failed qa: 1989-06-04T17:06:55.106559Z
Failed qa: 1989-06-04T17:07:19.009566Z
Failed qa: 1989-06-11T17:12:42.3260500Z
..............Failed qa: 1989-06-20T17:06:29.619522Z
Failed qa: 1989-06-20T17:06:53.524041Z
..............Failed qa: 1989-07-05T17:18:07.0910500Z
..............Failed qa: 1989-07-13T17:12:04.5140940Z
Failed qa: 1989-07-14T17:12:12.798022Z
Failed qa: 1989-07-14T17:12:36.696535Z
..............Failed qa: 1989-07-22T17:05:55.150518Z
Failed qa: 1989-07-22T17:06:19.058019Z
Failed qa: 1989-07-29T17:11:46.1460940Z
..............Failed qa: 1989-08-07T17:05:34.969522Z
Failed qa: 1989-08-07T17:05:58.878529Z
Failed qa: 1989-08-14T17:11:23.1880130Z
Failed qa: 1989-08-15T17:12:09.598088Z
Failed qa: 1989-08-15T17:12:33.497050Z
..............Failed qa: 1989-08-23T17:05:13.223031Z
Failed qa: 1989-08-23T17:05:37.134503Z
Failed qa: 1989-08-30T17:11:03.6560940Z
Failed qa: 1989-08-31T17:12:09.928078Z
Failed qa: 1989-08-31T17:12:33.898059Z
Failed qa: 1989-09-01T16:58:39.3850310Z
Failed qa: 1989-09-07T17:18:07.9380810Z
Failed qa: 1989-09-08T17:04:50.074037Z
Failed qa: 1989-09-08T17:05:13.986534Z
Failed qa: 1989-09-15T17:10:29.0020560Z
..............Failed qa: 1989-09-24T17:04:25.247528Z
Failed qa: 1989-09-24T17:04:49.162016Z
Failed qa: 1989-10-01T17:10:21.6840250Z
..............Failed qa: 1989-10-10T17:04:05.275050Z
Failed qa: 1989-10-10T17:04:29.191066Z
Failed qa: 1989-10-17T17:09:42.4620810Z
Data has been pickled and saved to '/efs/timesync/1989/audit/1989_0268_1211_qa_rejects.p'.
Success tracking goes here
