{'project_id': '1211', 'year': '1989', 'x': 1053330, 'y': 2062170, 'plot_id': '3464', 'strata': '41'}
Pandas(Index=0, project_id='1211', plot_id='3464', x=1053330, y=2062170)
called process_plot
Pandas(Index=0, project_id='1211', plot_id='3464', x=1053330, y=2062170)
3464
Directory '/efs/timesync/1989/audit/' already exists.
Data has been pickled and saved to '/efs/timesync/1989/audit/1989_3464_1211.p'.
.......Failed qa: 1989-01-18T15:34:25.392035Z
.....................Failed qa: 1989-02-19T15:34:21.150550Z
Failed qa: 1989-03-07T15:34:11.4980560Z
.......Failed qa: 1989-03-23T15:33:18.336578Z
.......Failed qa: 1989-04-08T15:33:32.779044Z
Failed qa: 1989-04-15T15:39:26.7000060Z
.......Failed qa: 1989-04-24T15:33:14.880040Z
Failed qa: 1989-05-01T15:39:09.4950500Z
.....................Failed qa: 1989-05-26T15:32:45.308006Z
..............Failed qa: 1989-06-11T15:32:25.779534Z
..............Failed qa: 1989-07-04T15:37:58.4810630Z
..............Failed qa: 1989-07-29T15:31:29.532544Z
..............Failed qa: 1989-08-14T15:31:06.621563Z
..............Failed qa: 1989-08-30T15:30:46.978056Z
..............Failed qa: 1989-09-22T15:36:05.9310880Z
.......Failed qa: 1989-10-01T15:29:53.0900310Z
Failed qa: 1989-10-08T15:35:52.6040440Z
..............Failed qa: 1989-11-02T15:29:06.034003Z
.......Failed qa: 1989-11-18T15:28:27.874557Z
Data has been pickled and saved to '/efs/timesync/1989/audit/1989_3464_1211_qa_rejects.p'.
Success tracking goes here
