{'project_id': '1211', 'year': '1989', 'x': -164730, 'y': 2876130, 'plot_id': '1717', 'strata': '41'}
Pandas(Index=0, project_id='1211', plot_id='1717', x=-164730, y=2876130)
called process_plot
Pandas(Index=0, project_id='1211', plot_id='1717', x=-164730, y=2876130)
1717
Directory '/efs/timesync/1989/audit/' already exists.
Data has been pickled and saved to '/efs/timesync/1989/audit/1989_1717_1211.p'.
Failed qa: 1989-02-07T16:45:59.0720060Z
Failed qa: 1989-02-16T16:40:09.9930130Z
Failed qa: 1989-02-23T16:46:02.509053Z
Failed qa: 1989-03-16T17:04:05.1450810Z
..............Failed qa: 1989-03-20T16:39:13.1330810Z
Failed qa: 1989-04-01T17:03:56.9710190Z
Failed qa: 1989-04-05T16:39:18.8800380Z
Failed qa: 1989-04-10T16:57:52.7270000Z
Failed qa: 1989-04-10T16:57:52.7270000Z
Failed qa: 1989-04-12T16:45:18.046060Z
Failed qa: 1989-04-17T17:03:55.1790560Z
..............Failed qa: 1989-04-20T16:49:10.8920190Z
Failed qa: 1989-04-21T16:39:04.5430560Z
Failed qa: 1989-04-26T16:57:32.8070690Z
Failed qa: 1989-04-26T16:57:32.8070690Z
Failed qa: 1989-04-28T16:44:57.866066Z
Failed qa: 1989-05-03T17:03:40.4130750Z
..............Failed qa: 1989-05-07T16:38:53.6980190Z
Failed qa: 1989-05-14T16:44:36.556031Z
..............Failed qa: 1989-05-23T16:38:34.9930880Z
Failed qa: 1989-05-28T16:57:04.1800190Z
Failed qa: 1989-05-28T16:57:04.1800190Z
Failed qa: 1989-05-30T16:44:28.958044Z
Failed qa: 1989-06-04T17:03:08.2060810Z
..............Failed qa: 1989-06-20T17:02:42.7760440Z
Failed qa: 1989-06-21T17:02:08.9530380Z
Failed qa: 1989-06-21T17:02:08.9530380Z
Failed qa: 1989-06-24T16:37:56.6620190Z
..............Failed qa: 1989-07-01T16:43:50.698006Z
Failed qa: 1989-07-07T17:02:12.6200440Z
Failed qa: 1989-07-07T17:02:12.6200440Z
..............Failed qa: 1989-07-10T16:37:40.1190380Z
Failed qa: 1989-07-14T17:08:26.0820500Z
Failed qa: 1989-07-15T16:56:06.2330880Z
Failed qa: 1989-07-15T16:56:06.2330880Z
Failed qa: 1989-07-17T16:43:30.165578Z
Failed qa: 1989-07-22T17:02:08.4950690Z
..............Failed qa: 1989-07-26T16:37:20.9380940Z
Failed qa: 1989-07-31T16:55:47.1760440Z
Failed qa: 1989-07-31T16:55:47.1760440Z
Failed qa: 1989-08-02T16:43:10.513547Z
Failed qa: 1989-08-07T17:01:48.2990380Z
..............Failed qa: 1989-08-11T16:36:58.8560630Z
Failed qa: 1989-08-15T17:08:22.7400560Z
Failed qa: 1989-08-16T16:55:22.6110810Z
Failed qa: 1989-08-16T16:55:22.6110810Z
Failed qa: 1989-08-18T16:42:46.370582Z
Failed qa: 1989-08-23T17:01:26.4610690Z
Failed qa: 1989-08-27T16:36:38.6730940Z
Failed qa: 1989-08-31T17:08:23.0720130Z
Failed qa: 1989-09-01T16:55:04.3940880Z
Failed qa: 1989-09-01T16:55:04.3940880Z
..............Failed qa: 1989-09-03T16:42:28.184553Z
Failed qa: 1989-09-08T17:01:03.0840630Z
..............Failed qa: 1989-09-12T16:36:07.9100940Z
Failed qa: 1989-09-17T16:54:31.3650440Z
Failed qa: 1989-09-17T16:54:31.3650440Z
Failed qa: 1989-09-19T16:41:56.152088Z
Failed qa: 1989-09-24T17:00:38.3120380Z
..............Failed qa: 1989-10-03T16:54:23.1250880Z
Failed qa: 1989-10-03T16:54:23.1250880Z
Failed qa: 1989-10-10T17:00:18.3950630Z
Failed qa: 1989-10-14T16:35:22.6340310Z
Failed qa: 1989-10-21T16:41:03.091529Z
..............Failed qa: 1989-11-06T16:40:58.5900060Z
Failed qa: 1989-11-15T16:34:20.7990130Z
Failed qa: 1989-12-01T16:34:03.2240130Z
Data has been pickled and saved to '/efs/timesync/1989/audit/1989_1717_1211_qa_rejects.p'.
Success tracking goes here
