{'project_id': '1211', 'year': '1989', 'x': -1745340, 'y': 1962540, 'plot_id': '2953', 'strata': '41'}
Pandas(Index=0, project_id='1211', plot_id='2953', x=-1745340, y=1962540)
called process_plot
Pandas(Index=0, project_id='1211', plot_id='2953', x=-1745340, y=1962540)
2953
Directory '/efs/timesync/1989/audit/' already exists.
Data has been pickled and saved to '/efs/timesync/1989/audit/1989_2953_1211.p'.
..............Failed qa: 1989-01-26T18:03:04.496537Z
..............Failed qa: 1989-02-27T18:02:55.983057Z
Failed qa: 1989-03-15T18:02:23.365072Z
............................Failed qa: 1989-03-26T17:44:07.7640560Z
Failed qa: 1989-03-31T18:02:07.648081Z
............................Failed qa: 1989-04-11T17:44:18.7780810Z
Failed qa: 1989-04-16T18:02:09.507537Z
............................Failed qa: 1989-04-27T17:43:57.7780000Z
Failed qa: 1989-05-02T18:01:53.622056Z
..............Failed qa: 1989-05-11T17:55:20.4640500Z
Failed qa: 1989-05-11T17:56:08.1230500Z
Failed qa: 1989-05-13T17:43:43.5940130Z
..............Failed qa: 1989-05-26T18:06:32.096082Z
..............Failed qa: 1989-05-29T17:43:30.0710380Z
Failed qa: 1989-06-03T18:01:21.987515Z
..........................................Failed qa: 1989-06-14T17:43:04.4980000Z
Failed qa: 1989-06-19T18:00:56.274012Z
..........................................Failed qa: 1989-06-30T17:42:51.8580750Z
Failed qa: 1989-07-05T18:00:41.465025Z
..........................................Failed qa: 1989-07-16T17:42:31.4420750Z
Failed qa: 1989-07-21T18:00:21.832550Z
..............Failed qa: 1989-07-29T18:06:37.372078Z
............................Failed qa: 1989-08-01T17:42:12.0630310Z
Failed qa: 1989-08-06T18:00:02.167537Z
..............Failed qa: 1989-08-14T18:06:36.071091Z
............................Failed qa: 1989-08-17T17:41:46.6190190Z
Failed qa: 1989-08-22T17:59:40.166553Z
............................Failed qa: 1989-09-02T17:41:29.7910250Z
Failed qa: 1989-09-07T17:59:17.974069Z
............................Failed qa: 1989-09-18T17:40:57.2700810Z
Failed qa: 1989-09-23T17:58:50.992013Z
............................Failed qa: 1989-10-04T17:40:48.5310000Z
............................Failed qa: 1989-10-20T17:40:04.1420060Z
Failed qa: 1989-10-25T17:57:52.531072Z
Failed qa: 1989-10-27T17:45:17.1210500Z
Failed qa: 1989-10-27T17:46:04.6690690Z
Failed qa: 1989-11-03T17:52:13.5110190Z
Failed qa: 1989-11-10T17:57:32.734519Z
..............Failed qa: 1989-11-26T17:57:16.6200810Z
Failed qa: 1989-11-28T17:45:16.7540560Z
Data has been pickled and saved to '/efs/timesync/1989/audit/1989_2953_1211_qa_rejects.p'.
Success tracking goes here
