{'project_id': '1211', 'year': '1989', 'x': 227670, 'y': 1269900, 'plot_id': '169', 'strata': '41'}
Pandas(Index=0, project_id='1211', plot_id='169', x=227670, y=1269900)
called process_plot
Pandas(Index=0, project_id='1211', plot_id='169', x=227670, y=1269900)
169
Directory '/efs/timesync/1989/audit/' already exists.
Data has been pickled and saved to '/efs/timesync/1989/audit/1989_0169_1211.p'.
.......Failed qa: 1989-01-10T16:25:39.062556Z
.......Failed qa: 1989-01-26T16:25:34.9520630Z
Failed qa: 1989-01-28T16:13:27.235525Z
.......Failed qa: 1989-02-11T16:25:25.935085Z
Failed qa: 1989-03-01T16:13:13.968562Z
.......Failed qa: 1989-03-17T16:12:33.710528Z
.......Failed qa: 1989-03-31T16:24:25.901022Z
.......Failed qa: 1989-04-16T16:24:28.010059Z
Failed qa: 1989-04-18T16:12:26.234557Z
.......Failed qa: 1989-05-02T16:24:12.055553Z
.......Failed qa: 1989-05-20T16:12:04.5400560Z
.......Failed qa: 1989-06-03T16:23:40.569557Z
Failed qa: 1989-06-05T16:11:28.1990440Z
.......Failed qa: 1989-06-19T16:23:14.789578Z
Failed qa: 1989-06-21T16:11:14.801060Z
.......Failed qa: 1989-07-05T16:22:59.968078Z
Failed qa: 1989-07-07T16:10:59.668016Z
.......Failed qa: 1989-07-23T16:10:52.6550630Z
.......Failed qa: 1989-08-06T16:22:20.649054Z
Failed qa: 1989-08-08T16:10:31.7410380Z
.......Failed qa: 1989-08-22T16:21:58.630557Z
Failed qa: 1989-09-09T16:09:33.969044Z
.......Failed qa: 1989-09-23T16:21:09.464060Z
Failed qa: 1989-09-25T16:09:11.745578Z
.......Failed qa: 1989-10-09T16:20:52.776072Z
Failed qa: 1989-10-11T16:08:48.273543Z
Failed qa: 1989-10-25T16:20:11.057063Z
.......Failed qa: 1989-11-10T16:19:51.290569Z
Failed qa: 1989-11-12T16:07:46.931569Z
.......Data has been pickled and saved to '/efs/timesync/1989/audit/1989_0169_1211_qa_rejects.p'.
Success tracking goes here
