{'project_id': '1211', 'year': '1989', 'x': -1520100, 'y': 1887600, 'plot_id': '4711', 'strata': '41'}
Pandas(Index=0, project_id='1211', plot_id='4711', x=-1520100, y=1887600)
called process_plot
Pandas(Index=0, project_id='1211', plot_id='4711', x=-1520100, y=1887600)
4711
Directory '/efs/timesync/1989/audit/' already exists.
Data has been pickled and saved to '/efs/timesync/1989/audit/1989_4711_1211.p'.
Failed qa: 1989-01-14T17:38:44.0000500Z
Failed qa: 1989-01-28T17:51:08.757076Z
Failed qa: 1989-02-15T17:38:35.4240000Z
Failed qa: 1989-03-17T17:50:14.891060Z
Failed qa: 1989-03-19T17:37:51.015553Z
.......Failed qa: 1989-04-02T17:50:13.157565Z
Failed qa: 1989-04-04T17:37:54.315588Z
.......Failed qa: 1989-04-18T17:50:07.593541Z
.......Failed qa: 1989-05-04T17:49:54.275050Z
Failed qa: 1989-05-06T17:37:31.279075Z
.......Failed qa: 1989-05-20T17:49:34.121556Z
Failed qa: 1989-05-22T17:37:11.891559Z
.......Failed qa: 1989-06-05T17:49:21.609019Z
Failed qa: 1989-06-07T17:36:57.015003Z
Failed qa: 1989-06-13T17:54:30.918560Z
.......Failed qa: 1989-06-21T17:48:56.214525Z
Failed qa: 1989-06-23T17:36:45.2070130Z
Failed qa: 1989-06-29T17:54:36.884544Z
.......Failed qa: 1989-07-07T17:48:41.245038Z
Failed qa: 1989-07-15T17:54:40.622053Z
.......Failed qa: 1989-07-23T17:48:22.225541Z
Failed qa: 1989-07-25T17:35:58.445560Z
Failed qa: 1989-07-31T17:54:39.610566Z
.......Failed qa: 1989-08-08T17:48:01.345053Z
Failed qa: 1989-08-10T17:35:36.060062Z
Failed qa: 1989-08-16T17:54:36.044547Z
.......Failed qa: 1989-08-24T17:47:39.799028Z
Failed qa: 1989-08-26T17:35:16.298054Z
.......Failed qa: 1989-09-09T17:47:15.282587Z
Failed qa: 1989-09-11T17:34:47.734547Z
.......Failed qa: 1989-09-25T17:46:53.235544Z
Failed qa: 1989-09-27T17:34:31.412062Z
Failed qa: 1989-10-04T17:40:48.5310000Z
Failed qa: 1989-10-11T17:46:29.513544Z
Failed qa: 1989-10-13T17:34:01.927528Z
.......Failed qa: 1989-10-27T17:46:04.6690690Z
Failed qa: 1989-10-29T17:33:31.824075Z
Failed qa: 1989-11-28T17:45:16.7540560Z
Data has been pickled and saved to '/efs/timesync/1989/audit/1989_4711_1211_qa_rejects.p'.
Success tracking goes here
