{'project_id': '1211', 'year': '1989', 'x': -1384800, 'y': 1818000, 'plot_id': '1438', 'strata': '41'}
Pandas(Index=0, project_id='1211', plot_id='1438', x=-1384800, y=1818000)
called process_plot
Pandas(Index=0, project_id='1211', plot_id='1438', x=-1384800, y=1818000)
1438
Directory '/efs/timesync/1989/audit/' already exists.
Data has been pickled and saved to '/efs/timesync/1989/audit/1989_1438_1211.p'.
..............Failed qa: 1989-01-30T17:38:13.1040560Z
............................Failed qa: 1989-03-26T17:43:32.240566Z
Failed qa: 1989-03-26T17:43:55.994569Z
..............Failed qa: 1989-04-11T17:43:43.109534Z
Failed qa: 1989-04-11T17:44:06.936550Z
..............Failed qa: 1989-04-27T17:43:22.250069Z
Failed qa: 1989-04-27T17:43:46.007035Z
............................Failed qa: 1989-05-13T17:43:07.921510Z
Failed qa: 1989-05-13T17:43:31.751013Z
............................Failed qa: 1989-05-29T17:42:54.396560Z
Failed qa: 1989-05-29T17:43:18.227531Z
............................Failed qa: 1989-06-14T17:42:28.821051Z
Failed qa: 1989-06-14T17:42:52.653519Z
..............Failed qa: 1989-06-23T17:36:21.373554Z
Failed qa: 1989-06-23T17:36:45.2070130Z
..............Failed qa: 1989-06-30T17:42:16.323031Z
Failed qa: 1989-06-30T17:42:40.085040Z
..............Failed qa: 1989-07-09T17:35:41.6670130Z
Failed qa: 1989-07-09T17:36:53.1700060Z
..............Failed qa: 1989-07-16T17:41:55.762041Z
Failed qa: 1989-07-16T17:42:19.596566Z
..........................................Failed qa: 1989-08-01T17:41:36.451540Z
Failed qa: 1989-08-01T17:42:00.216528Z
..........................................Failed qa: 1989-08-17T17:41:10.932072Z
Failed qa: 1989-08-17T17:41:34.771056Z
..........................................Failed qa: 1989-09-02T17:40:54.102559Z
Failed qa: 1989-09-02T17:41:17.942556Z
..........................................Failed qa: 1989-09-18T17:40:21.579585Z
Failed qa: 1989-09-18T17:40:45.421088Z
..........................................Failed qa: 1989-10-04T17:40:24.687015Z
Failed qa: 1989-10-04T17:40:48.5310000Z
............................Failed qa: 1989-10-20T17:39:28.589528Z
Failed qa: 1989-10-20T17:39:52.363013Z
............................Failed qa: 1989-11-07T17:27:46.5850310Z
Data has been pickled and saved to '/efs/timesync/1989/audit/1989_1438_1211_qa_rejects.p'.
Success tracking goes here
