{'project_id': '1211', 'year': '1989', 'x': -940290, 'y': 1765110, 'plot_id': '3624', 'strata': '41'}
Pandas(Index=0, project_id='1211', plot_id='3624', x=-940290, y=1765110)
called process_plot
Pandas(Index=0, project_id='1211', plot_id='3624', x=-940290, y=1765110)
3624
Directory '/efs/timesync/1989/audit/' already exists.
Data has been pickled and saved to '/efs/timesync/1989/audit/1989_3624_1211.p'.
Failed qa: 1989-03-07T17:13:52.1450690Z
Failed qa: 1989-03-21T17:25:13.6570440Z
.......Failed qa: 1989-04-15T17:19:19.400050Z
Failed qa: 1989-04-22T17:25:07.0150690Z
.......Failed qa: 1989-05-01T17:19:02.353050Z
Failed qa: 1989-05-08T17:24:55.4580130Z
.......Failed qa: 1989-05-17T17:18:41.975560Z
Failed qa: 1989-05-24T17:24:37.3260560Z
.......Failed qa: 1989-06-02T17:18:31.150038Z
Failed qa: 1989-06-09T17:24:20.2200250Z
.......Failed qa: 1989-06-17T17:29:38.1200500Z
Failed qa: 1989-06-18T17:18:05.225553Z
Failed qa: 1989-06-25T17:23:59.4270880Z
.......Failed qa: 1989-07-04T17:17:51.382031Z
.....................Failed qa: 1989-07-20T17:17:30.437544Z
.......Failed qa: 1989-08-05T17:17:11.704032Z
Failed qa: 1989-08-12T17:23:00.3260630Z
.......Failed qa: 1989-08-21T17:16:49.399556Z
Failed qa: 1989-08-28T17:22:40.5920690Z
.......Failed qa: 1989-09-06T17:16:28.211519Z
.......Failed qa: 1989-09-13T17:22:07.2720630Z
.......Failed qa: 1989-09-22T17:15:58.951566Z
Failed qa: 1989-09-29T17:21:57.0160810Z
.......Failed qa: 1989-10-08T17:15:45.270053Z
Failed qa: 1989-10-15T17:21:22.8070500Z
..............Data has been pickled and saved to '/efs/timesync/1989/audit/1989_3624_1211_qa_rejects.p'.
Success tracking goes here
