{'project_id': '1211', 'year': '1989', 'x': 1919850, 'y': 2543100, 'plot_id': '4330', 'strata': '41'}
Pandas(Index=0, project_id='1211', plot_id='4330', x=1919850, y=2543100)
called process_plot
Pandas(Index=0, project_id='1211', plot_id='4330', x=1919850, y=2543100)
4330
Directory '/efs/timesync/1989/audit/' already exists.
Data has been pickled and saved to '/efs/timesync/1989/audit/1989_4330_1211.p'.
Failed qa: 1989-01-06T15:08:58.2810880Z
.......Failed qa: 1989-01-22T15:08:49.998044Z
..............Failed qa: 1989-02-07T15:08:41.3740440Z
..............Failed qa: 1989-02-23T15:08:44.955034Z
Failed qa: 1989-02-25T14:56:57.5950060Z
.......Failed qa: 1989-03-11T15:08:20.246525Z
..............Failed qa: 1989-03-27T15:07:50.603540Z
.......Failed qa: 1989-04-12T15:08:00.360557Z
..............Failed qa: 1989-04-28T15:07:40.102066Z
.......Failed qa: 1989-05-14T15:07:24.550537Z
.......Failed qa: 1989-05-23T15:00:53.4200940Z
.......Failed qa: 1989-06-08T15:00:37.2540630Z
..............Failed qa: 1989-07-01T15:06:45.1380810Z
.......Failed qa: 1989-07-17T15:06:12.470538Z
.......Failed qa: 1989-07-25T15:12:22.321019Z
.......Failed qa: 1989-08-02T15:05:52.947569Z
..............Failed qa: 1989-08-10T15:12:23.099056Z
Failed qa: 1989-08-11T14:59:17.2320190Z
Failed qa: 1989-08-18T15:05:28.653066Z
.......Failed qa: 1989-08-20T14:53:41.4220380Z
Failed qa: 1989-08-26T15:12:20.945544Z
..............Failed qa: 1989-09-03T15:05:10.697063Z
..............Failed qa: 1989-09-19T15:04:26.5680750Z
..............Failed qa: 1989-10-05T15:04:29.150054Z
Failed qa: 1989-10-07T14:52:39.4270060Z
.......Failed qa: 1989-10-21T15:03:45.445516Z
..............Failed qa: 1989-11-06T15:03:29.041087Z
Failed qa: 1989-11-08T14:51:38.1000000Z
Failed qa: 1989-11-15T14:56:39.1940630Z
Failed qa: 1989-11-22T15:02:50.538522Z
Data has been pickled and saved to '/efs/timesync/1989/audit/1989_4330_1211_qa_rejects.p'.
Success tracking goes here
