{'project_id': '1211', 'year': '1989', 'x': -754980, 'y': 1662180, 'plot_id': '4560', 'strata': '41'}
Pandas(Index=0, project_id='1211', plot_id='4560', x=-754980, y=1662180)
called process_plot
Pandas(Index=0, project_id='1211', plot_id='4560', x=-754980, y=1662180)
4560
Directory '/efs/timesync/1989/audit/' already exists.
Data has been pickled and saved to '/efs/timesync/1989/audit/1989_4560_1211.p'.
Failed qa: 1989-03-18T16:54:48.2120250Z
Failed qa: 1989-03-25T17:00:39.335069Z
Failed qa: 1989-03-25T17:01:03.160585Z
Failed qa: 1989-03-26T16:58:45.496062Z
..............Failed qa: 1989-04-03T16:55:01.132050Z
............................Failed qa: 1989-04-19T16:54:40.0430190Z
Failed qa: 1989-04-19T16:54:51.956553Z
............................Failed qa: 1989-05-05T16:54:28.3440810Z
Failed qa: 1989-05-05T16:54:40.330563Z
..............Failed qa: 1989-05-21T16:54:08.4930940Z
Failed qa: 1989-05-21T16:54:20.408547Z
............................Failed qa: 1989-06-06T16:53:54.8260630Z
Failed qa: 1989-06-06T16:54:06.813563Z
............................Failed qa: 1989-06-21T17:05:08.013060Z
Failed qa: 1989-06-21T17:05:31.769041Z
Failed qa: 1989-06-30T16:59:23.653066Z
Failed qa: 1989-07-07T17:05:11.610094Z
Failed qa: 1989-07-07T17:05:35.366550Z
Failed qa: 1989-07-08T16:53:14.7840750Z
Failed qa: 1989-07-08T16:53:26.701541Z
..........................................Failed qa: 1989-07-24T16:52:55.7840000Z
Failed qa: 1989-07-24T16:53:07.701544Z
............................Failed qa: 1989-08-09T16:52:34.1250750Z
Failed qa: 1989-08-09T16:52:46.115575Z
......................................................................Failed qa: 1989-09-02T16:59:24.547516Z
..............Failed qa: 1989-09-10T16:51:47.1210000Z
Failed qa: 1989-09-10T16:51:59.113022Z
Failed qa: 1989-09-17T16:57:30.680034Z
Failed qa: 1989-09-17T16:57:54.449556Z
..............Failed qa: 1989-09-26T16:51:27.6820880Z
Failed qa: 1989-09-26T16:51:39.675560Z
............................Failed qa: 1989-10-28T16:50:39.695547Z
Data has been pickled and saved to '/efs/timesync/1989/audit/1989_4560_1211_qa_rejects.p'.
Success tracking goes here
