{'project_id': '1211', 'year': '1989', 'x': 1179960, 'y': 1838070, 'plot_id': '1828', 'strata': '41'}
Pandas(Index=0, project_id='1211', plot_id='1828', x=1179960, y=1838070)
called process_plot
Pandas(Index=0, project_id='1211', plot_id='1828', x=1179960, y=1838070)
1828
Directory '/efs/timesync/1989/audit/' already exists.
Data has been pickled and saved to '/efs/timesync/1989/audit/1989_1828_1211.p'.
Failed qa: 1989-01-16T15:47:15.113025Z
.......Failed qa: 1989-02-01T15:47:11.399525Z
.......Failed qa: 1989-02-17T15:47:07.717550Z
.......Failed qa: 1989-03-07T15:34:11.4980560Z
Failed qa: 1989-03-21T15:46:08.657532Z
.......Failed qa: 1989-04-06T15:46:17.430072Z
Failed qa: 1989-04-08T15:33:44.8360440Z
Failed qa: 1989-04-22T15:46:01.968047Z
.......Failed qa: 1989-05-08T15:45:50.411584Z
.......Failed qa: 1989-05-24T15:45:32.285028Z
.......Failed qa: 1989-06-02T15:39:02.2360560Z
Failed qa: 1989-06-09T15:45:15.172575Z
..............Failed qa: 1989-06-25T15:44:54.381563Z
Failed qa: 1989-07-11T15:44:36.518079Z
Failed qa: 1989-07-27T15:44:17.485082Z
..............Failed qa: 1989-08-12T15:43:55.383532Z
.......Failed qa: 1989-08-21T15:37:20.4790000Z
Failed qa: 1989-08-28T15:43:35.508519Z
..............Failed qa: 1989-09-13T15:43:02.305509Z
Failed qa: 1989-09-29T15:42:51.937538Z
Failed qa: 1989-10-15T15:42:17.889057Z
.......Failed qa: 1989-11-02T15:29:18.0290060Z
..............Data has been pickled and saved to '/efs/timesync/1989/audit/1989_1828_1211_qa_rejects.p'.
Success tracking goes here
