{'project_id': '1211', 'year': '1989', 'x': 251160, 'y': 2826300, 'plot_id': '4218', 'strata': '41'}
Pandas(Index=0, project_id='1211', plot_id='4218', x=251160, y=2826300)
called process_plot
Pandas(Index=0, project_id='1211', plot_id='4218', x=251160, y=2826300)
4218
Directory '/efs/timesync/1989/audit/' already exists.
Data has been pickled and saved to '/efs/timesync/1989/audit/1989_4218_1211.p'.
.......Failed qa: 1989-01-10T16:22:16.0920000Z
..............Failed qa: 1989-01-26T16:21:59.9890440Z
..............Failed qa: 1989-02-11T16:22:02.9420500Z
Failed qa: 1989-02-16T16:40:21.976025Z
.......Failed qa: 1989-02-27T16:21:51.5830940Z
.......Failed qa: 1989-03-20T16:39:25.046043Z
Failed qa: 1989-03-22T16:27:10.9040440Z
Failed qa: 1989-04-05T16:39:30.865044Z
.......Failed qa: 1989-04-16T16:21:05.1880500Z
Failed qa: 1989-04-21T16:39:16.529031Z
..............Failed qa: 1989-05-02T16:20:49.1510500Z
Failed qa: 1989-05-07T16:39:05.684053Z
..............Failed qa: 1989-05-23T16:38:46.908554Z
Failed qa: 1989-06-03T16:20:17.5020000Z
..............Failed qa: 1989-06-19T16:19:51.7810190Z
Failed qa: 1989-06-24T16:38:08.650513Z
.......Failed qa: 1989-07-05T16:19:37.1620500Z
Failed qa: 1989-07-10T16:37:52.036522Z
.......Failed qa: 1989-07-21T16:19:17.4890500Z
Failed qa: 1989-07-26T16:37:32.928082Z
Failed qa: 1989-07-27T16:37:54.0480630Z
..............Failed qa: 1989-08-06T16:18:57.7440810Z
Failed qa: 1989-08-11T16:37:10.775057Z
.......Failed qa: 1989-08-27T16:36:50.665054Z
Failed qa: 1989-08-28T16:37:53.0530060Z
Failed qa: 1989-08-29T16:24:38.3760880Z
.......Failed qa: 1989-09-12T16:36:19.830594Z
.......Failed qa: 1989-09-23T16:17:46.3720560Z
..............Failed qa: 1989-10-14T16:35:34.556525Z
..............Failed qa: 1989-10-25T16:16:48.2250500Z
.......Failed qa: 1989-11-15T16:34:32.722513Z
.......Failed qa: 1989-12-01T16:34:03.2240130Z
Data has been pickled and saved to '/efs/timesync/1989/audit/1989_4218_1211_qa_rejects.p'.
Success tracking goes here
