{'project_id': '1211', 'year': '1989', 'x': -1748340, 'y': 2565720, 'plot_id': '2260', 'strata': '41'}
Pandas(Index=0, project_id='1211', plot_id='2260', x=-1748340, y=2565720)
called process_plot
Pandas(Index=0, project_id='1211', plot_id='2260', x=-1748340, y=2565720)
2260
Directory '/efs/timesync/1989/audit/' already exists.
Data has been pickled and saved to '/efs/timesync/1989/audit/1989_2260_1211.p'.
Failed qa: 1989-01-24T18:14:01.8200880Z
Failed qa: 1989-01-24T18:14:01.8200880Z
..............Failed qa: 1989-02-09T18:13:51.841550Z
Failed qa: 1989-02-09T18:14:03.7530130Z
Failed qa: 1989-02-25T18:13:44.089518Z
Failed qa: 1989-02-25T18:13:56.0010310Z
Failed qa: 1989-02-27T18:01:56.2100310Z
Failed qa: 1989-03-06T18:07:56.1450940Z
Failed qa: 1989-03-13T18:13:15.970066Z
Failed qa: 1989-03-13T18:13:27.8820630Z
Failed qa: 1989-03-15T18:00:47.779575Z
Failed qa: 1989-03-15T18:01:11.676057Z
..............Failed qa: 1989-03-31T18:00:32.057072Z
Failed qa: 1989-03-31T18:00:55.955053Z
..............Failed qa: 1989-04-09T17:55:05.6560310Z
Failed qa: 1989-04-14T18:12:58.770066Z
Failed qa: 1989-04-14T18:13:10.6120630Z
Failed qa: 1989-04-16T18:00:33.838066Z
Failed qa: 1989-04-16T18:00:57.737554Z
..............Failed qa: 1989-04-25T17:54:46.6380380Z
Failed qa: 1989-05-02T18:00:29.8620690Z
Failed qa: 1989-05-02T18:00:41.848537Z
Failed qa: 1989-05-08T18:17:12.281565Z
Failed qa: 1989-05-08T18:17:24.1950500Z
..............Failed qa: 1989-05-11T17:54:32.8050500Z
Failed qa: 1989-05-16T18:12:21.764015Z
Failed qa: 1989-05-16T18:12:33.6790060Z
Failed qa: 1989-05-18T17:59:56.011078Z
Failed qa: 1989-05-18T18:00:07.9260750Z
Failed qa: 1989-05-24T18:17:16.991541Z
Failed qa: 1989-05-24T18:17:28.9050380Z
..............Failed qa: 1989-05-26T18:04:56.431547Z
Failed qa: 1989-05-26T18:05:20.330034Z
Failed qa: 1989-05-27T17:54:17.7540130Z
Failed qa: 1989-06-01T18:12:09.846544Z
Failed qa: 1989-06-01T18:12:21.7620500Z
Failed qa: 1989-06-03T17:59:46.303516Z
Failed qa: 1989-06-03T18:00:10.278044Z
Failed qa: 1989-06-09T18:17:05.9140130Z
..............Failed qa: 1989-06-12T17:53:55.8530940Z
Failed qa: 1989-06-17T18:11:43.723050Z
Failed qa: 1989-06-17T18:11:55.6390750Z
Failed qa: 1989-06-19T17:59:20.583578Z
Failed qa: 1989-06-19T17:59:44.560057Z
Failed qa: 1989-06-25T18:17:20.465587Z
Failed qa: 1989-06-25T18:17:32.3790940Z
Failed qa: 1989-06-28T17:53:39.9880940Z
Failed qa: 1989-07-03T18:11:30.831053Z
Failed qa: 1989-07-03T18:11:42.7480560Z
Failed qa: 1989-07-05T17:59:05.841544Z
Failed qa: 1989-07-05T17:59:29.747532Z
Failed qa: 1989-07-11T18:17:24.391566Z
Failed qa: 1989-07-11T18:17:36.3050810Z
Failed qa: 1989-07-14T17:53:20.1110750Z
Failed qa: 1989-07-19T18:11:10.074022Z
Failed qa: 1989-07-19T18:11:21.9200060Z
Failed qa: 1989-07-21T17:58:46.203550Z
Failed qa: 1989-07-21T17:59:10.110572Z
Failed qa: 1989-07-27T18:17:22.947572Z
Failed qa: 1989-07-27T18:17:34.8610810Z
..............Failed qa: 1989-07-29T18:05:01.706550Z
Failed qa: 1989-07-29T18:05:25.676544Z
Failed qa: 1989-07-30T17:53:01.3060000Z
Failed qa: 1989-08-04T18:10:50.786550Z
Failed qa: 1989-08-04T18:11:02.6330690Z
Failed qa: 1989-08-06T17:58:26.531554Z
Failed qa: 1989-08-06T17:58:50.440551Z
..............Failed qa: 1989-08-14T18:05:00.405572Z
Failed qa: 1989-08-14T18:05:24.304078Z
Failed qa: 1989-08-15T17:52:37.6150500Z
Failed qa: 1989-08-20T18:10:27.957591Z
Failed qa: 1989-08-20T18:10:39.8770880Z
Failed qa: 1989-08-22T17:58:16.2990380Z
Failed qa: 1989-08-22T17:58:28.362056Z
..............Failed qa: 1989-08-31T17:52:18.1940880Z
Failed qa: 1989-09-05T18:10:07.904072Z
Failed qa: 1989-09-05T18:10:19.8240880Z
Failed qa: 1989-09-07T17:57:42.324569Z
Failed qa: 1989-09-07T17:58:06.237060Z
Failed qa: 1989-09-16T17:51:45.1980130Z
Failed qa: 1989-09-21T18:09:36.355556Z
Failed qa: 1989-09-21T18:09:48.2770190Z
Failed qa: 1989-09-23T17:57:15.263069Z
Failed qa: 1989-09-23T17:57:39.249069Z
Failed qa: 1989-09-30T18:04:00.4510310Z
Failed qa: 1989-10-07T18:09:25.662007Z
Failed qa: 1989-10-07T18:09:37.5840000Z
..............Failed qa: 1989-10-18T17:50:54.8710060Z
Failed qa: 1989-10-23T18:08:42.336531Z
Failed qa: 1989-10-23T18:08:54.2590560Z
Failed qa: 1989-10-25T17:56:28.7840630Z
Failed qa: 1989-10-25T17:56:40.778575Z
Failed qa: 1989-11-01T18:03:01.5320250Z
Data has been pickled and saved to '/efs/timesync/1989/audit/1989_2260_1211_qa_rejects.p'.
Success tracking goes here
