{'project_id': '1211', 'year': '1989', 'x': -369990, 'y': 2117190, 'plot_id': '366', 'strata': '41'}
Pandas(Index=0, project_id='1211', plot_id='366', x=-369990, y=2117190)
called process_plot
Pandas(Index=0, project_id='1211', plot_id='366', x=-369990, y=2117190)
366
Directory '/efs/timesync/1989/audit/' already exists.
Data has been pickled and saved to '/efs/timesync/1989/audit/1989_0366_1211.p'.
Failed qa: 1989-01-22T16:48:07.088066Z
Failed qa: 1989-01-22T16:48:30.909525Z
Failed qa: 1989-02-07T16:48:10.452528Z
Failed qa: 1989-02-07T16:48:34.346525Z
Failed qa: 1989-02-23T16:48:13.7520130Z
Failed qa: 1989-02-23T16:48:25.735051Z
Failed qa: 1989-03-11T16:47:37.081531Z
Failed qa: 1989-03-11T16:48:00.977047Z
..............Failed qa: 1989-03-25T16:59:27.786534Z
Failed qa: 1989-03-25T16:59:51.683581Z
Failed qa: 1989-03-27T16:47:07.696537Z
Failed qa: 1989-03-27T16:47:31.522528Z
..............Failed qa: 1989-04-10T16:59:40.092513Z
Failed qa: 1989-04-10T17:00:03.991041Z
Failed qa: 1989-04-12T16:47:17.398026Z
Failed qa: 1989-04-12T16:47:41.225051Z
..............Failed qa: 1989-04-20T16:51:22.296006Z
Failed qa: 1989-04-20T16:51:46.122538Z
Failed qa: 1989-04-26T16:59:56.2080380Z
Failed qa: 1989-04-28T16:46:57.224525Z
Failed qa: 1989-04-28T16:47:21.125006Z
..............Failed qa: 1989-05-14T16:46:41.518019Z
Failed qa: 1989-05-14T16:47:05.419512Z
..............Failed qa: 1989-05-28T16:58:51.704572Z
Failed qa: 1989-05-28T16:59:15.607056Z
Failed qa: 1989-05-30T16:47:04.2180940Z
..............Failed qa: 1989-06-13T16:58:40.1290190Z
Failed qa: 1989-06-13T16:58:52.116557Z
Failed qa: 1989-06-21T17:03:56.317562Z
Failed qa: 1989-06-21T17:04:20.216059Z
..............Failed qa: 1989-07-01T16:45:50.083054Z
Failed qa: 1989-07-01T16:46:13.917047Z
Failed qa: 1989-07-07T17:03:59.985562Z
Failed qa: 1989-07-07T17:04:23.884085Z
..............Failed qa: 1989-07-15T16:58:29.5290440Z
Failed qa: 1989-07-17T16:45:29.484516Z
Failed qa: 1989-07-17T16:45:53.391041Z
..............Failed qa: 1989-07-31T16:57:34.512585Z
Failed qa: 1989-07-31T16:57:58.349556Z
Failed qa: 1989-08-02T16:45:09.841557Z
Failed qa: 1989-08-02T16:45:33.750525Z
..............Failed qa: 1989-08-16T16:57:10.029025Z
Failed qa: 1989-08-16T16:57:33.939060Z
Failed qa: 1989-08-18T16:44:45.708582Z
Failed qa: 1989-08-18T16:45:09.619547Z
Failed qa: 1989-09-01T16:56:51.890012Z
Failed qa: 1989-09-01T16:57:15.729553Z
..............Failed qa: 1989-09-03T16:44:27.672575Z
Failed qa: 1989-09-03T16:44:51.513047Z
Failed qa: 1989-09-10T16:50:59.4390500Z
Failed qa: 1989-09-17T16:56:18.939569Z
Failed qa: 1989-09-17T16:56:42.853054Z
Failed qa: 1989-09-19T16:43:55.578031Z
Failed qa: 1989-09-19T16:44:19.420032Z
..............Failed qa: 1989-10-21T16:43:02.533540Z
Failed qa: 1989-10-21T16:43:26.378572Z
Failed qa: 1989-10-28T16:48:52.3890250Z
Failed qa: 1989-10-28T16:49:40.0810130Z
Failed qa: 1989-11-06T16:43:21.6690250Z
Data has been pickled and saved to '/efs/timesync/1989/audit/1989_0366_1211_qa_rejects.p'.
Success tracking goes here
