{'project_id': '1211', 'year': '1989', 'x': 907200, 'y': 1704360, 'plot_id': '1920', 'strata': '41'}
Pandas(Index=0, project_id='1211', plot_id='1920', x=907200, y=1704360)
called process_plot
Pandas(Index=0, project_id='1211', plot_id='1920', x=907200, y=1704360)
1920
Directory '/efs/timesync/1989/audit/' already exists.
Data has been pickled and saved to '/efs/timesync/1989/audit/1989_1920_1211.p'.
Failed qa: 1989-01-07T15:53:48.9290750Z
............................Failed qa: 1989-02-10T15:41:21.519584Z
Failed qa: 1989-02-17T15:47:19.7010250Z
..............Failed qa: 1989-03-21T15:46:20.6420250Z
...................................Failed qa: 1989-05-15T15:52:02.4180690Z
Failed qa: 1989-05-17T15:39:48.950037Z
.....................Failed qa: 1989-06-16T15:51:22.7480630Z
Failed qa: 1989-06-18T15:39:12.224569Z
............................Failed qa: 1989-08-05T15:38:18.601057Z
............................Failed qa: 1989-09-06T15:37:35.224040Z
..............Failed qa: 1989-09-29T15:43:03.9310250Z
..............Failed qa: 1989-10-24T15:36:09.759060Z
Failed qa: 1989-11-09T15:35:50.296594Z
Data has been pickled and saved to '/efs/timesync/1989/audit/1989_1920_1211_qa_rejects.p'.
Success tracking goes here
