{'project_id': '1211', 'year': '1989', 'x': -331170, 'y': 1737240, 'plot_id': '916', 'strata': '41'}
Pandas(Index=0, project_id='1211', plot_id='916', x=-331170, y=1737240)
called process_plot
Pandas(Index=0, project_id='1211', plot_id='916', x=-331170, y=1737240)
916
Directory '/efs/timesync/1989/audit/' already exists.
Data has been pickled and saved to '/efs/timesync/1989/audit/1989_0916_1211.p'.
Failed qa: 1989-01-15T16:43:17.572569Z
.......Failed qa: 1989-01-31T16:43:12.191547Z
.......Failed qa: 1989-02-16T16:43:09.166050Z
.......Failed qa: 1989-03-04T16:42:51.985025Z
.......Failed qa: 1989-03-18T16:54:48.2120250Z
Failed qa: 1989-03-26T16:58:21.741063Z
.......Failed qa: 1989-04-03T16:54:37.377537Z
Failed qa: 1989-04-05T16:42:17.938525Z
.......Failed qa: 1989-04-19T16:54:28.201010Z
.......Failed qa: 1989-04-21T16:42:03.755556Z
.......Failed qa: 1989-05-05T16:54:16.501553Z
Failed qa: 1989-05-07T16:41:52.919044Z
Failed qa: 1989-05-21T16:53:56.650069Z
Failed qa: 1989-05-23T16:41:34.079515Z
.......Failed qa: 1989-06-06T16:53:42.982069Z
Failed qa: 1989-06-16T16:46:45.2050630Z
Failed qa: 1989-06-30T16:58:59.825576Z
.......Failed qa: 1989-07-08T16:53:02.939038Z
Failed qa: 1989-07-10T16:40:39.093591Z
.......Failed qa: 1989-07-24T16:52:43.937535Z
Failed qa: 1989-07-26T16:40:19.997519Z
.......Failed qa: 1989-08-09T16:52:22.278078Z
Failed qa: 1989-08-11T16:39:57.856050Z
.......Failed qa: 1989-08-27T16:39:37.829085Z
Failed qa: 1989-09-02T16:59:12.6340060Z
.......Failed qa: 1989-09-10T16:51:47.1210000Z
.......Failed qa: 1989-09-26T16:51:15.904563Z
Failed qa: 1989-10-14T16:38:21.685566Z
.......Failed qa: 1989-10-28T16:50:15.921537Z
.......Failed qa: 1989-11-15T16:37:19.723535Z
Failed qa: 1989-12-01T16:37:02.300531Z
Data has been pickled and saved to '/efs/timesync/1989/audit/1989_0916_1211_qa_rejects.p'.
Success tracking goes here
