{'project_id': '1211', 'year': '1989', 'x': -2002410, 'y': 2096580, 'plot_id': '1847', 'strata': '41'}
Pandas(Index=0, project_id='1211', plot_id='1847', x=-2002410, y=2096580)
called process_plot
Pandas(Index=0, project_id='1211', plot_id='1847', x=-2002410, y=2096580)
1847
Directory '/efs/timesync/1989/audit/' already exists.
Data has been pickled and saved to '/efs/timesync/1989/audit/1989_1847_1211.p'.
.......Failed qa: 1989-01-24T18:15:25.553022Z
Failed qa: 1989-01-26T18:03:16.335057Z
.......Failed qa: 1989-02-09T18:15:15.5070000Z
.......Failed qa: 1989-02-25T18:15:19.741038Z
Failed qa: 1989-02-27T18:03:07.823041Z
.......Failed qa: 1989-03-13T18:14:51.624572Z
Failed qa: 1989-03-15T18:02:23.365072Z
.......Failed qa: 1989-03-31T18:02:19.489553Z
.......Failed qa: 1989-04-14T18:14:34.367509Z
Failed qa: 1989-04-16T18:02:21.349543Z
.......Failed qa: 1989-05-02T18:02:05.465019Z
.......Failed qa: 1989-05-16T18:13:57.441554Z
Failed qa: 1989-05-18T18:02:07.3630560Z
.......Failed qa: 1989-05-26T18:06:43.938550Z
Failed qa: 1989-06-01T18:13:45.529557Z
Failed qa: 1989-06-03T18:01:33.831047Z
.......Failed qa: 1989-06-17T18:13:19.412069Z
Failed qa: 1989-06-19T18:01:08.118519Z
Failed qa: 1989-07-03T18:13:06.382544Z
Failed qa: 1989-07-05T18:00:53.310047Z
Failed qa: 1989-07-11T18:18:59.915072Z
Failed qa: 1989-07-19T18:12:45.701563Z
Failed qa: 1989-07-21T18:00:33.606566Z
Failed qa: 1989-07-27T18:18:58.613075Z
.......Failed qa: 1989-07-29T18:06:49.214559Z
Failed qa: 1989-08-04T18:12:26.421544Z
Failed qa: 1989-08-06T18:00:14.014063Z
.......Failed qa: 1989-08-14T18:06:47.913569Z
Failed qa: 1989-08-20T18:12:03.529050Z
Failed qa: 1989-08-22T17:59:52.014532Z
.......Failed qa: 1989-09-05T18:11:43.624072Z
Failed qa: 1989-09-07T17:59:29.822562Z
Failed qa: 1989-09-21T18:11:12.083547Z
Failed qa: 1989-09-23T17:59:02.841047Z
.......Failed qa: 1989-10-07T18:11:01.252069Z
.......Failed qa: 1989-10-23T18:10:17.934047Z
Failed qa: 1989-10-25T17:58:04.382076Z
.......Failed qa: 1989-11-10T17:57:44.586022Z
.......Failed qa: 1989-11-26T17:57:28.472081Z
Data has been pickled and saved to '/efs/timesync/1989/audit/1989_1847_1211_qa_rejects.p'.
Success tracking goes here
