{'project_id': '1211', 'year': '1989', 'x': -971520, 'y': 2902110, 'plot_id': '1331', 'strata': '41'}
Pandas(Index=0, project_id='1211', plot_id='1331', x=-971520, y=2902110)
called process_plot
Pandas(Index=0, project_id='1211', plot_id='1331', x=-971520, y=2902110)
1331
Directory '/efs/timesync/1989/audit/' already exists.
Data has been pickled and saved to '/efs/timesync/1989/audit/1989_1331_1211.p'.
Failed qa: 1989-03-17T17:47:15.9890130Z
.......Failed qa: 1989-03-26T17:41:20.8400310Z
Failed qa: 1989-04-02T17:47:14.2460000Z
.......Failed qa: 1989-04-11T17:41:07.8730940Z
Failed qa: 1989-04-13T17:28:56.570069Z
Failed qa: 1989-04-29T17:28:37.225554Z
.......Failed qa: 1989-05-15T17:28:20.081535Z
.......Failed qa: 1989-05-31T17:28:07.545047Z
.......Failed qa: 1989-06-13T17:51:31.8600000Z
Failed qa: 1989-06-14T17:39:53.4090750Z
Failed qa: 1989-06-16T17:27:28.5500310Z
.......Failed qa: 1989-06-24T17:33:16.930538Z
Failed qa: 1989-06-29T17:51:37.8230690Z
Failed qa: 1989-06-30T17:39:41.0440060Z
.......Failed qa: 1989-07-02T17:27:28.946019Z
.......Failed qa: 1989-07-10T17:33:32.5530130Z
Failed qa: 1989-07-16T17:39:20.6200440Z
Failed qa: 1989-07-17T17:39:43.2450440Z
Failed qa: 1989-07-18T17:27:08.326053Z
Failed qa: 1989-07-25T17:33:23.2960250Z
Failed qa: 1989-07-26T17:33:19.344575Z
Failed qa: 1989-08-01T17:39:01.2250940Z
.......Failed qa: 1989-08-03T17:26:48.375578Z
.......Failed qa: 1989-08-11T17:33:20.299037Z
Failed qa: 1989-08-17T17:38:35.7650190Z
.......Failed qa: 1989-08-19T17:26:25.329500Z
.......Failed qa: 1989-08-27T17:33:18.405019Z
Failed qa: 1989-09-02T17:38:18.7840500Z
Failed qa: 1989-09-04T17:26:06.306554Z
.......Failed qa: 1989-09-12T17:33:17.034575Z
Failed qa: 1989-09-18T17:38:10.0920750Z
Failed qa: 1989-09-20T17:25:34.588085Z
.......Failed qa: 1989-09-28T17:33:14.133082Z
Failed qa: 1989-10-04T17:37:37.4940940Z
Failed qa: 1989-10-06T17:25:24.430057Z
.......Failed qa: 1989-10-20T17:36:53.2360880Z
Failed qa: 1989-10-22T17:24:40.925050Z
Failed qa: 1989-10-27T17:42:53.9020690Z
.......Data has been pickled and saved to '/efs/timesync/1989/audit/1989_1331_1211_qa_rejects.p'.
Success tracking goes here
