{'project_id': '1211', 'year': '1989', 'x': -1211520, 'y': 1955730, 'plot_id': '1380', 'strata': '41'}
Pandas(Index=0, project_id='1211', plot_id='1380', x=-1211520, y=1955730)
called process_plot
Pandas(Index=0, project_id='1211', plot_id='1380', x=-1211520, y=1955730)
1380
Directory '/efs/timesync/1989/audit/' already exists.
Data has been pickled and saved to '/efs/timesync/1989/audit/1989_1380_1211.p'.
Failed qa: 1989-03-21T17:25:01.672544Z
.......Failed qa: 1989-04-15T17:18:55.644072Z
Failed qa: 1989-04-22T17:24:55.029538Z
.......Failed qa: 1989-05-01T17:18:38.524072Z
Failed qa: 1989-05-08T17:24:43.471519Z
.......Failed qa: 1989-05-17T17:18:18.145572Z
Failed qa: 1989-05-24T17:24:25.339065Z
.......Failed qa: 1989-06-02T17:18:07.318572Z
Failed qa: 1989-06-09T17:24:08.232512Z
.......Failed qa: 1989-06-17T17:29:26.135059Z
Failed qa: 1989-06-18T17:17:41.464565Z
.......Failed qa: 1989-06-25T17:23:47.438588Z
Failed qa: 1989-06-26T17:23:18.871581Z
.......Failed qa: 1989-07-04T17:17:27.548025Z
.......Failed qa: 1989-07-12T17:23:22.757053Z
.......Failed qa: 1989-07-20T17:17:06.674031Z
.......Failed qa: 1989-08-03T17:29:23.6040000Z
Failed qa: 1989-08-05T17:16:47.866563Z
.......Failed qa: 1989-08-12T17:22:48.335538Z
.......Failed qa: 1989-08-21T17:16:25.632522Z
.......Failed qa: 1989-08-28T17:22:40.5920690Z
.......Failed qa: 1989-09-06T17:16:04.442560Z
.......Failed qa: 1989-09-13T17:21:55.280032Z
.......Failed qa: 1989-09-22T17:15:35.109544Z
.......Failed qa: 1989-09-29T17:21:45.023040Z
.......Failed qa: 1989-10-08T17:15:21.498025Z
Failed qa: 1989-10-15T17:21:10.812572Z
.......Failed qa: 1989-10-24T17:14:38.909557Z
Data has been pickled and saved to '/efs/timesync/1989/audit/1989_1380_1211_qa_rejects.p'.
Success tracking goes here
