{'project_id': '1211', 'year': '1989', 'x': 634680, 'y': 1518150, 'plot_id': '394', 'strata': '41'}
Pandas(Index=0, project_id='1211', plot_id='394', x=634680, y=1518150)
called process_plot
Pandas(Index=0, project_id='1211', plot_id='394', x=634680, y=1518150)
394
Directory '/efs/timesync/1989/audit/' already exists.
Data has been pickled and saved to '/efs/timesync/1989/audit/1989_0394_1211.p'.
Failed qa: 1989-01-07T15:54:36.5680500Z
Failed qa: 1989-01-07T15:54:36.5680500Z
Failed qa: 1989-01-21T16:06:27.756547Z
Failed qa: 1989-01-21T16:06:51.649513Z
Failed qa: 1989-01-23T15:54:04.143540Z
Failed qa: 1989-01-23T15:54:28.036531Z
..............Failed qa: 1989-02-06T16:06:31.028022Z
Failed qa: 1989-02-06T16:06:43.0110060Z
Failed qa: 1989-02-08T15:54:07.576025Z
Failed qa: 1989-02-08T15:54:31.470041Z
Failed qa: 1989-02-22T16:06:23.184522Z
Failed qa: 1989-02-22T16:06:35.0960310Z
Failed qa: 1989-02-24T15:53:59.264563Z
Failed qa: 1989-02-24T15:54:23.159562Z
..............Failed qa: 1989-03-10T16:05:58.789069Z
Failed qa: 1989-03-10T16:06:10.7010690Z
Failed qa: 1989-03-12T15:53:33.056031Z
Failed qa: 1989-03-12T15:53:56.880050Z
..............Failed qa: 1989-03-26T16:05:26.642032Z
Failed qa: 1989-03-26T16:05:50.539537Z
Failed qa: 1989-04-11T16:05:37.563540Z
Failed qa: 1989-04-11T16:06:01.534522Z
Failed qa: 1989-04-13T15:53:14.345566Z
Failed qa: 1989-04-13T15:53:38.245031Z
..............Failed qa: 1989-04-29T15:52:55.084072Z
Failed qa: 1989-04-29T15:53:18.984559Z
Failed qa: 1989-05-06T15:58:50.0430630Z
Failed qa: 1989-05-06T15:59:37.8450440Z
Failed qa: 1989-05-13T16:04:50.5390130Z
Failed qa: 1989-05-15T15:52:50.0780000Z
Failed qa: 1989-05-15T15:53:01.992532Z
..............Failed qa: 1989-05-29T16:04:48.998531Z
Failed qa: 1989-05-29T16:05:12.973016Z
Failed qa: 1989-05-31T15:52:25.564535Z
Failed qa: 1989-05-31T15:52:49.467503Z
..............Failed qa: 1989-06-14T16:04:11.4580630Z
Failed qa: 1989-06-23T15:57:52.0050560Z
Failed qa: 1989-06-23T15:58:39.8150380Z
Failed qa: 1989-06-30T16:04:10.861053Z
Failed qa: 1989-06-30T16:04:22.7780500Z
..............Failed qa: 1989-07-16T16:03:50.378528Z
Failed qa: 1989-07-16T16:04:14.285037Z
Failed qa: 1989-07-18T15:51:26.171053Z
Failed qa: 1989-07-18T15:51:50.078054Z
..............Failed qa: 1989-08-01T16:03:31.013538Z
Failed qa: 1989-08-01T16:03:54.922047Z
Failed qa: 1989-08-19T15:50:43.159522Z
Failed qa: 1989-08-19T15:51:07.070500Z
..............Failed qa: 1989-09-02T16:02:48.645076Z
Failed qa: 1989-09-02T16:03:00.6370630Z
Failed qa: 1989-09-04T15:50:24.254091Z
Failed qa: 1989-09-04T15:50:48.166562Z
Failed qa: 1989-09-18T16:02:16.149531Z
Failed qa: 1989-09-18T16:02:40.063025Z
Failed qa: 1989-09-20T15:49:52.577063Z
Failed qa: 1989-09-20T15:50:16.491060Z
..............Failed qa: 1989-10-04T16:02:07.468579Z
Failed qa: 1989-10-04T16:02:31.384075Z
Failed qa: 1989-10-06T15:49:54.3320940Z
Failed qa: 1989-10-06T15:50:06.254088Z
Failed qa: 1989-10-20T16:01:23.068541Z
Failed qa: 1989-10-20T16:01:46.985554Z
Failed qa: 1989-10-22T15:48:58.845528Z
Failed qa: 1989-10-22T15:49:22.691034Z
Failed qa: 1989-11-21T16:00:27.179581Z
Failed qa: 1989-11-21T16:00:51.099050Z
Data has been pickled and saved to '/efs/timesync/1989/audit/1989_0394_1211_qa_rejects.p'.
Success tracking goes here
