{'project_id': '1211', 'year': '1989', 'x': 1904520, 'y': 2217390, 'plot_id': '1160', 'strata': '41'}
Pandas(Index=0, project_id='1211', plot_id='1160', x=1904520, y=2217390)
called process_plot
Pandas(Index=0, project_id='1211', plot_id='1160', x=1904520, y=2217390)
1160
Directory '/efs/timesync/1989/audit/' already exists.
Data has been pickled and saved to '/efs/timesync/1989/audit/1989_1160_1211.p'.
Failed qa: 1989-01-15T15:03:24.6060940Z
Failed qa: 1989-01-22T15:09:37.855057Z
Failed qa: 1989-01-24T14:57:15.204059Z
.......Failed qa: 1989-02-09T14:57:17.335078Z
Failed qa: 1989-02-23T15:09:32.744559Z
Failed qa: 1989-02-25T14:57:09.578044Z
.......Failed qa: 1989-03-11T15:09:07.894056Z
Failed qa: 1989-03-13T14:56:41.759569Z
.......Failed qa: 1989-03-27T15:08:50.3110940Z
.......Failed qa: 1989-04-12T15:08:48.087041Z
Failed qa: 1989-04-14T14:56:24.313544Z
.......Failed qa: 1989-04-28T15:08:27.903000Z
.......Failed qa: 1989-05-14T15:08:12.353510Z
.......Failed qa: 1989-05-30T15:07:59.160050Z
Failed qa: 1989-06-01T14:55:23.4630560Z
Failed qa: 1989-06-17T14:55:09.227041Z
.......Failed qa: 1989-07-01T15:07:20.817557Z
Failed qa: 1989-07-03T14:54:56.398063Z
.......Failed qa: 1989-07-17T15:07:12.2730690Z
Failed qa: 1989-07-19T14:54:35.646568Z
Failed qa: 1989-07-25T15:13:10.118009Z
.......Failed qa: 1989-08-02T15:06:40.621537Z
Failed qa: 1989-08-04T14:54:16.320553Z
Failed qa: 1989-08-10T15:12:58.8400310Z
Failed qa: 1989-08-12T15:01:00.7640310Z
Failed qa: 1989-08-18T15:06:16.474537Z
Failed qa: 1989-08-19T15:06:45.4840690Z
Failed qa: 1989-08-20T14:53:53.413066Z
Failed qa: 1989-08-27T14:59:44.9960310Z
Failed qa: 1989-08-28T15:00:47.321072Z
Failed qa: 1989-09-03T15:05:58.377553Z
Failed qa: 1989-09-05T14:53:33.612031Z
Failed qa: 1989-09-11T15:12:56.2350940Z
..............Failed qa: 1989-10-05T15:05:16.981047Z
Failed qa: 1989-10-07T14:52:39.4270060Z
.......Failed qa: 1989-10-21T15:04:33.279534Z
Failed qa: 1989-10-23T14:52:07.965525Z
.......Failed qa: 1989-11-08T14:51:50.095012Z
Failed qa: 1989-11-22T15:03:38.305044Z
Data has been pickled and saved to '/efs/timesync/1989/audit/1989_1160_1211_qa_rejects.p'.
Success tracking goes here
