{'project_id': '1211', 'year': '1989', 'x': -1504410, 'y': 2716020, 'plot_id': '514', 'strata': '41'}
Pandas(Index=0, project_id='1211', plot_id='514', x=-1504410, y=2716020)
called process_plot
Pandas(Index=0, project_id='1211', plot_id='514', x=-1504410, y=2716020)
514
Directory '/efs/timesync/1989/audit/' already exists.
Data has been pickled and saved to '/efs/timesync/1989/audit/1989_0514_1211.p'.
Failed qa: 1989-02-02T18:07:09.0330000Z
..............Failed qa: 1989-03-17T17:47:51.726516Z
Failed qa: 1989-03-17T17:48:15.551519Z
Failed qa: 1989-03-22T18:06:03.9080750Z
Failed qa: 1989-03-24T17:53:40.6800500Z
Failed qa: 1989-03-24T17:54:28.1880310Z
..............Failed qa: 1989-04-02T17:47:49.985041Z
Failed qa: 1989-04-02T17:48:13.811068Z
Failed qa: 1989-04-07T18:06:15.4830190Z
............................Failed qa: 1989-04-18T17:47:44.411553Z
Failed qa: 1989-04-18T17:48:08.167554Z
Failed qa: 1989-04-23T18:05:58.7350380Z
..............Failed qa: 1989-05-02T18:00:29.8620690Z
Failed qa: 1989-05-04T17:47:30.941579Z
Failed qa: 1989-05-04T17:47:54.771044Z
Failed qa: 1989-05-09T18:05:46.1600060Z
Failed qa: 1989-05-11T17:54:08.6880880Z
..............Failed qa: 1989-05-20T17:47:10.782053Z
Failed qa: 1989-05-20T17:47:34.612062Z
Failed qa: 1989-05-25T18:05:28.7600500Z
..........................................Failed qa: 1989-06-05T17:46:58.261550Z
Failed qa: 1989-06-05T17:47:22.093037Z
Failed qa: 1989-06-10T18:05:10.6430310Z
..............Failed qa: 1989-06-13T17:52:07.599594Z
Failed qa: 1989-06-13T17:52:31.426591Z
..............Failed qa: 1989-06-21T17:46:33.001547Z
Failed qa: 1989-06-21T17:46:56.834541Z
..............Failed qa: 1989-06-29T17:52:13.706575Z
Failed qa: 1989-06-29T17:52:37.534050Z
..............Failed qa: 1989-07-07T17:46:18.023544Z
Failed qa: 1989-07-07T17:46:41.786053Z
..............Failed qa: 1989-07-15T17:52:53.1850250Z
..............Failed qa: 1989-07-23T17:45:58.995072Z
Failed qa: 1989-07-23T17:46:22.759072Z
Failed qa: 1989-07-28T18:04:13.8410380Z
............................Failed qa: 1989-07-31T17:52:52.0310690Z
..............Failed qa: 1989-08-08T17:45:38.105066Z
Failed qa: 1989-08-08T17:46:01.871041Z
Failed qa: 1989-08-13T18:03:51.0990060Z
............................Failed qa: 1989-08-16T17:52:48.4650250Z
Failed qa: 1989-08-22T17:58:16.2990380Z
Failed qa: 1989-08-24T17:45:52.1620500Z
Failed qa: 1989-08-29T18:03:31.3520630Z
............................Failed qa: 1989-09-09T17:44:51.879578Z
Failed qa: 1989-09-09T17:45:15.720551Z
............................Failed qa: 1989-09-25T17:44:29.820553Z
Failed qa: 1989-09-25T17:44:53.663063Z
..............Failed qa: 1989-10-11T17:44:06.231066Z
Failed qa: 1989-10-11T17:44:30.075566Z
Failed qa: 1989-10-16T18:02:11.9820250Z
..............Failed qa: 1989-10-25T17:55:41.0930380Z
Failed qa: 1989-10-25T17:56:28.7840630Z
Failed qa: 1989-10-27T17:43:29.671044Z
Failed qa: 1989-10-27T17:43:41.5940380Z
Data has been pickled and saved to '/efs/timesync/1989/audit/1989_0514_1211_qa_rejects.p'.
Success tracking goes here
