{'project_id': '1211', 'year': '1989', 'x': -473460, 'y': 765960, 'plot_id': '547', 'strata': '41'}
Pandas(Index=0, project_id='1211', plot_id='547', x=-473460, y=765960)
called process_plot
Pandas(Index=0, project_id='1211', plot_id='547', x=-473460, y=765960)
547
Directory '/efs/timesync/1989/audit/' already exists.
Data has been pickled and saved to '/efs/timesync/1989/audit/1989_0547_1211.p'.
..........................................Failed qa: 1989-02-09T16:39:33.7780000Z
Failed qa: 1989-02-23T16:51:00.9450060Z
Failed qa: 1989-02-24T16:47:50.9520380Z
Failed qa: 1989-02-25T16:39:25.8850630Z
..............Failed qa: 1989-03-13T16:38:57.7860560Z
..............Failed qa: 1989-03-27T16:50:06.7500190Z
Failed qa: 1989-04-05T16:44:05.2300380Z
Failed qa: 1989-04-12T16:50:16.3180190Z
Failed qa: 1989-04-20T16:54:21.3540060Z
..............Failed qa: 1989-10-30T16:39:41.7370500Z
Failed qa: 1989-11-08T16:34:06.1720380Z
..............Data has been pickled and saved to '/efs/timesync/1989/audit/1989_0547_1211_qa_rejects.p'.
Success tracking goes here
