{'project_id': '1211', 'year': '1989', 'x': -17100, 'y': 2087700, 'plot_id': '1654', 'strata': '41'}
Pandas(Index=0, project_id='1211', plot_id='1654', x=-17100, y=2087700)
called process_plot
Pandas(Index=0, project_id='1211', plot_id='1654', x=-17100, y=2087700)
1654
Directory '/efs/timesync/1989/audit/' already exists.
Data has been pickled and saved to '/efs/timesync/1989/audit/1989_1654_1211.p'.
..............Failed qa: 1989-01-10T16:24:15.4780380Z
Failed qa: 1989-01-15T16:42:29.788078Z
Failed qa: 1989-01-17T16:30:04.742000Z
Failed qa: 1989-01-22T16:48:18.9270440Z
Failed qa: 1989-01-24T16:36:20.5120250Z
Failed qa: 1989-01-24T16:36:20.5120250Z
Failed qa: 1989-01-26T16:23:59.3810500Z
Failed qa: 1989-01-31T16:42:24.261516Z
Failed qa: 1989-02-07T16:48:22.2920130Z
..............Failed qa: 1989-02-11T16:23:38.3750810Z
Failed qa: 1989-02-16T16:42:21.377037Z
Failed qa: 1989-02-23T16:48:13.7520130Z
..............Failed qa: 1989-02-27T16:23:50.9870190Z
Failed qa: 1989-03-04T16:42:04.194547Z
Failed qa: 1989-03-06T16:29:38.918513Z
Failed qa: 1989-03-11T16:47:48.9220000Z
Failed qa: 1989-03-20T16:41:12.4030500Z
Failed qa: 1989-03-22T16:28:58.333547Z
Failed qa: 1989-03-27T16:47:19.5380060Z
Failed qa: 1989-03-31T16:23:02.4380310Z
Failed qa: 1989-04-05T16:41:30.141550Z
Failed qa: 1989-04-07T16:29:21.6170880Z
Failed qa: 1989-04-12T16:47:29.2400130Z
Failed qa: 1989-04-16T16:23:04.4700250Z
Failed qa: 1989-04-20T16:51:34.1380130Z
Failed qa: 1989-04-21T16:41:15.956047Z
Failed qa: 1989-04-23T16:28:53.029556Z
Failed qa: 1989-04-28T16:47:09.1390060Z
..............Failed qa: 1989-05-02T16:22:36.596550Z
Failed qa: 1989-05-07T16:41:05.117051Z
Failed qa: 1989-05-09T16:28:40.623563Z
Failed qa: 1989-05-14T16:46:53.4330000Z
..............Failed qa: 1989-05-23T16:40:46.275059Z
Failed qa: 1989-06-03T16:22:04.957544Z
Failed qa: 1989-06-10T16:27:53.2010750Z
..............Failed qa: 1989-06-19T16:21:51.2320000Z
Failed qa: 1989-06-26T16:27:45.718541Z
Failed qa: 1989-07-01T16:46:01.9280690Z
..............Failed qa: 1989-07-05T16:21:24.488028Z
Failed qa: 1989-07-10T16:39:51.281060Z
Failed qa: 1989-07-17T16:45:41.4020130Z
..............Failed qa: 1989-07-21T16:21:04.821535Z
Failed qa: 1989-07-26T16:39:32.253047Z
..............Failed qa: 1989-07-28T16:27:08.255047Z
Failed qa: 1989-08-02T16:45:21.7600500Z
..............Failed qa: 1989-08-06T16:20:57.0750190Z
Failed qa: 1989-08-11T16:39:10.108082Z
Failed qa: 1989-08-12T16:39:53.8720630Z
Failed qa: 1989-08-12T16:39:53.8720630Z
Failed qa: 1989-08-13T16:26:45.444544Z
Failed qa: 1989-08-18T16:44:57.6280750Z
..............Failed qa: 1989-08-22T16:20:23.129578Z
Failed qa: 1989-08-27T16:39:01.9980560Z
Failed qa: 1989-08-28T16:39:52.4730440Z
Failed qa: 1989-08-28T16:39:52.4730440Z
Failed qa: 1989-09-03T16:44:39.5210560Z
..............Failed qa: 1989-09-14T16:25:37.8790310Z
Failed qa: 1989-09-19T16:44:07.4270500Z
Failed qa: 1989-09-23T16:19:45.8720130Z
Failed qa: 1989-09-30T16:25:43.058053Z
..............Failed qa: 1989-10-09T16:19:17.255066Z
Failed qa: 1989-10-14T16:37:33.924519Z
Failed qa: 1989-10-21T16:43:14.3840750Z
..............Failed qa: 1989-10-25T16:18:47.5970630Z
Failed qa: 1989-11-01T16:24:44.090544Z
..............Failed qa: 1989-11-10T16:18:27.8270310Z
Failed qa: 1989-11-15T16:36:32.029515Z
Failed qa: 1989-11-17T16:24:07.189522Z
Failed qa: 1989-12-01T16:36:02.4650060Z
Data has been pickled and saved to '/efs/timesync/1989/audit/1989_1654_1211_qa_rejects.p'.
Success tracking goes here
