{'project_id': '1211', 'year': '1989', 'x': 1825470, 'y': 2438790, 'plot_id': '1608', 'strata': '41'}
Pandas(Index=0, project_id='1211', plot_id='1608', x=1825470, y=2438790)
called process_plot
Pandas(Index=0, project_id='1211', plot_id='1608', x=1825470, y=2438790)
1608
Directory '/efs/timesync/1989/audit/' already exists.
Data has been pickled and saved to '/efs/timesync/1989/audit/1989_1608_1211.p'.
Failed qa: 1989-01-06T15:08:58.2810880Z
..............Failed qa: 1989-01-24T14:56:51.383044Z
.......Failed qa: 1989-02-07T15:08:41.3740440Z
Failed qa: 1989-02-09T14:56:53.513051Z
..............Failed qa: 1989-02-25T14:56:57.5950060Z
..............Failed qa: 1989-03-13T14:56:17.864057Z
............................Failed qa: 1989-04-14T14:56:00.486044Z
............................Failed qa: 1989-05-16T14:55:11.6840880Z
Failed qa: 1989-05-23T15:00:53.4200940Z
Failed qa: 1989-06-01T14:55:11.547553Z
Failed qa: 1989-06-08T15:00:37.2540630Z
Failed qa: 1989-06-17T14:54:45.394534Z
..............Failed qa: 1989-07-03T14:54:32.492081Z
.......Failed qa: 1989-07-19T14:54:11.811543Z
............................Failed qa: 1989-08-04T14:53:52.483553Z
.......Failed qa: 1989-08-11T14:59:17.2320190Z
..............Failed qa: 1989-08-20T14:53:41.4220380Z
..............Failed qa: 1989-08-28T15:00:23.422588Z
.......Failed qa: 1989-09-05T14:53:09.771540Z
.......Failed qa: 1989-09-19T15:04:26.5680750Z
Failed qa: 1989-09-21T14:52:26.2350000Z
..............Failed qa: 1989-10-07T14:52:39.4270060Z
..............Failed qa: 1989-10-23T14:51:44.120025Z
..............Failed qa: 1989-11-08T14:51:38.1000000Z
Failed qa: 1989-11-15T14:56:39.1940630Z
.......Data has been pickled and saved to '/efs/timesync/1989/audit/1989_1608_1211_qa_rejects.p'.
Success tracking goes here
