{'project_id': '1211', 'year': '1989', 'x': -162360, 'y': 2294730, 'plot_id': '1152', 'strata': '41'}
Pandas(Index=0, project_id='1211', plot_id='1152', x=-162360, y=2294730)
called process_plot
Pandas(Index=0, project_id='1211', plot_id='1152', x=-162360, y=2294730)
1152
Directory '/efs/timesync/1989/audit/' already exists.
Data has been pickled and saved to '/efs/timesync/1989/audit/1989_1152_1211.p'.
Failed qa: 1989-01-08T16:35:51.9590380Z
............................Failed qa: 1989-01-24T16:35:08.6180380Z
............................Failed qa: 1989-02-09T16:35:22.711015Z
..............Failed qa: 1989-02-25T16:35:26.9350250Z
Failed qa: 1989-03-04T16:41:04.4210060Z
Failed qa: 1989-03-04T16:41:04.4210060Z
..............Failed qa: 1989-03-18T16:53:00.927572Z
............................Failed qa: 1989-04-03T16:53:01.856091Z
............................Failed qa: 1989-04-19T16:52:52.602560Z
..........................................Failed qa: 1989-04-30T16:33:59.3500310Z
Failed qa: 1989-05-05T16:52:40.898040Z
............................Failed qa: 1989-05-16T16:33:52.696509Z
Failed qa: 1989-05-21T16:52:21.043040Z
Failed qa: 1989-06-06T16:52:07.369544Z
Failed qa: 1989-06-17T16:33:14.570537Z
Failed qa: 1989-06-30T16:57:24.302526Z
..............Failed qa: 1989-07-03T16:33:01.679532Z
Failed qa: 1989-07-08T16:51:27.458057Z
............................Failed qa: 1989-07-19T16:32:41.009047Z
Failed qa: 1989-07-24T16:51:08.450069Z
..............Failed qa: 1989-07-27T16:38:53.830053Z
..............Failed qa: 1989-08-04T16:32:21.606553Z
Failed qa: 1989-08-09T16:50:46.784541Z
..............Failed qa: 1989-08-12T16:39:06.0750630Z
..............Failed qa: 1989-08-20T16:31:58.808022Z
Failed qa: 1989-08-27T16:37:50.1920690Z
Failed qa: 1989-08-27T16:37:50.1920690Z
Failed qa: 1989-08-28T16:38:40.7070000Z
Failed qa: 1989-09-02T16:57:25.126528Z
..............Failed qa: 1989-09-05T16:31:38.945056Z
............................Failed qa: 1989-09-26T16:49:40.318531Z
Failed qa: 1989-10-07T16:31:08.6580810Z
............................Failed qa: 1989-10-23T16:30:13.206044Z
Failed qa: 1989-10-28T16:48:40.394044Z
Failed qa: 1989-11-06T16:42:09.9860060Z
Failed qa: 1989-11-06T16:42:09.9860060Z
..............Data has been pickled and saved to '/efs/timesync/1989/audit/1989_1152_1211_qa_rejects.p'.
Success tracking goes here
