{'project_id': '1211', 'year': '1989', 'x': -1566540, 'y': 3038640, 'plot_id': '3517', 'strata': '41'}
Pandas(Index=0, project_id='1211', plot_id='3517', x=-1566540, y=3038640)
called process_plot
Pandas(Index=0, project_id='1211', plot_id='3517', x=-1566540, y=3038640)
3517
Directory '/efs/timesync/1989/audit/' already exists.
Data has been pickled and saved to '/efs/timesync/1989/audit/1989_3517_1211.p'.
.....................Failed qa: 1989-03-04T18:18:45.9640810Z
Failed qa: 1989-03-20T18:18:06.1530000Z
.......Failed qa: 1989-04-05T18:18:12.1310310Z
..............Failed qa: 1989-04-16T17:59:34.2690690Z
Failed qa: 1989-04-21T18:17:57.7260500Z
.......Failed qa: 1989-05-07T18:17:46.7570560Z
............................Failed qa: 1989-05-26T18:03:56.8640380Z
.......Failed qa: 1989-06-03T17:58:46.7250560Z
Failed qa: 1989-06-08T18:17:11.7520000Z
..............Failed qa: 1989-06-19T17:58:21.0020500Z
Failed qa: 1989-06-24T18:16:49.8630500Z
..............Failed qa: 1989-07-05T17:58:06.2560630Z
Failed qa: 1989-07-10T18:16:33.1690630Z
..............Failed qa: 1989-07-21T17:57:46.6860940Z
Failed qa: 1989-07-26T18:16:13.9690000Z
..............Failed qa: 1989-07-29T18:04:02.1380880Z
.......Failed qa: 1989-08-06T17:57:26.9380810Z
Failed qa: 1989-08-11T18:15:51.8770940Z
.......Failed qa: 1989-08-14T18:04:00.8380190Z
.......Failed qa: 1989-08-22T17:57:04.9250310Z
..............Failed qa: 1989-09-07T17:56:42.7230500Z
Failed qa: 1989-09-12T18:15:00.7840630Z
.......Failed qa: 1989-09-23T17:56:15.6570750Z
Failed qa: 1989-09-28T18:14:47.4820310Z
..............Failed qa: 1989-10-14T18:14:15.5380310Z
.......Failed qa: 1989-10-25T17:55:17.2470750Z
Failed qa: 1989-10-30T18:13:48.4900060Z
Data has been pickled and saved to '/efs/timesync/1989/audit/1989_3517_1211_qa_rejects.p'.
Success tracking goes here
