{'project_id': '1211', 'year': '1989', 'x': 238920, 'y': 915690, 'plot_id': '1957', 'strata': '41'}
Pandas(Index=0, project_id='1211', plot_id='1957', x=238920, y=915690)
called process_plot
Pandas(Index=0, project_id='1211', plot_id='1957', x=238920, y=915690)
1957
Directory '/efs/timesync/1989/audit/' already exists.
Data has been pickled and saved to '/efs/timesync/1989/audit/1989_1957_1211.p'.
Failed qa: 1989-01-03T16:20:21.475522Z
Failed qa: 1989-01-03T16:20:45.438025Z
Failed qa: 1989-01-12T16:14:38.3790630Z
Failed qa: 1989-01-19T16:19:50.1870810Z
..............Failed qa: 1989-02-13T16:14:28.2160560Z
Failed qa: 1989-02-20T16:20:35.2660500Z
Failed qa: 1989-03-01T16:13:25.8800810Z
Failed qa: 1989-03-08T16:19:36.083063Z
Failed qa: 1989-03-08T16:20:00.050540Z
............................Failed qa: 1989-04-02T16:13:31.4170000Z
Failed qa: 1989-04-09T16:18:59.5310880Z
..............Failed qa: 1989-04-25T16:18:52.723075Z
Failed qa: 1989-04-25T16:19:16.695060Z
Failed qa: 1989-05-11T16:18:38.888044Z
Failed qa: 1989-05-11T16:19:02.861050Z
..............Failed qa: 1989-05-27T16:18:23.711056Z
Failed qa: 1989-05-27T16:18:47.685050Z
..............Failed qa: 1989-06-12T16:18:02.035557Z
Failed qa: 1989-06-12T16:18:26.083050Z
............................Failed qa: 1989-07-14T16:17:25.922547Z
Failed qa: 1989-07-14T16:17:49.901013Z
Failed qa: 1989-07-23T16:10:52.6550630Z
Failed qa: 1989-07-30T16:17:07.199547Z
Failed qa: 1989-07-30T16:17:31.180013Z
Failed qa: 1989-08-08T16:10:31.7410380Z
Failed qa: 1989-08-15T16:16:43.657547Z
Failed qa: 1989-08-15T16:17:07.640015Z
..............Failed qa: 1989-09-16T16:15:51.148063Z
Failed qa: 1989-09-16T16:16:15.133528Z
..............Failed qa: 1989-10-02T16:15:43.205060Z
Failed qa: 1989-10-02T16:16:07.192515Z
..............Failed qa: 1989-11-03T16:14:44.073550Z
Failed qa: 1989-11-03T16:15:07.992028Z
..............Failed qa: 1989-11-19T16:14:03.341047Z
Failed qa: 1989-11-19T16:14:15.1930310Z
Data has been pickled and saved to '/efs/timesync/1989/audit/1989_1957_1211_qa_rejects.p'.
Success tracking goes here
