{'project_id': '1211', 'year': '1989', 'x': -2112300, 'y': 1857120, 'plot_id': '1078', 'strata': '41'}
Pandas(Index=0, project_id='1211', plot_id='1078', x=-2112300, y=1857120)
called process_plot
Pandas(Index=0, project_id='1211', plot_id='1078', x=-2112300, y=1857120)
1078
Directory '/efs/timesync/1989/audit/' already exists.
Data has been pickled and saved to '/efs/timesync/1989/audit/1989_1078_1211.p'.
Failed qa: 1989-01-08T18:16:44.3930190Z
..............Failed qa: 1989-01-19T17:57:31.2870190Z
Failed qa: 1989-01-24T18:16:01.356047Z
Failed qa: 1989-01-26T18:03:52.138060Z
Failed qa: 1989-01-26T18:03:28.317519Z
..............Failed qa: 1989-02-09T18:16:27.1170440Z
..............Failed qa: 1989-02-25T18:15:55.475575Z
Failed qa: 1989-02-27T18:03:43.629551Z
Failed qa: 1989-02-27T18:03:19.806078Z
..............Failed qa: 1989-03-13T18:15:27.360572Z
Failed qa: 1989-03-15T18:02:59.0300880Z
Failed qa: 1989-03-15T18:02:47.189581Z
..............Failed qa: 1989-03-31T18:02:55.228553Z
Failed qa: 1989-03-31T18:02:43.387081Z
..............Failed qa: 1989-04-09T17:56:40.9640380Z
Failed qa: 1989-04-14T18:15:10.180050Z
Failed qa: 1989-04-16T18:02:57.162566Z
Failed qa: 1989-04-16T18:02:33.335050Z
..............Failed qa: 1989-04-25T17:56:22.0950000Z
Failed qa: 1989-05-02T18:02:41.280019Z
Failed qa: 1989-05-02T18:02:17.451037Z
..............Failed qa: 1989-05-11T17:56:08.1230500Z
Failed qa: 1989-05-16T18:14:33.258031Z
Failed qa: 1989-05-18T18:02:19.350031Z
Failed qa: 1989-05-18T18:02:07.3630560Z
..............Failed qa: 1989-05-26T18:07:07.7660060Z
Failed qa: 1989-05-26T18:06:55.923537Z
Failed qa: 1989-05-27T17:55:53.0750880Z
Failed qa: 1989-06-01T18:14:21.348044Z
Failed qa: 1989-06-03T18:02:09.649563Z
Failed qa: 1989-06-03T18:01:45.818538Z
..............Failed qa: 1989-06-12T17:55:31.3250940Z
Failed qa: 1989-06-17T18:13:55.232578Z
Failed qa: 1989-06-19T18:01:43.939050Z
Failed qa: 1989-06-19T18:01:20.106531Z
Failed qa: 1989-06-28T17:55:15.4670690Z
Failed qa: 1989-07-03T18:13:42.133544Z
Failed qa: 1989-07-05T18:01:29.061053Z
Failed qa: 1989-07-05T18:01:05.227047Z
Failed qa: 1989-07-11T18:19:23.742559Z
Failed qa: 1989-07-14T17:54:55.4490750Z
Failed qa: 1989-07-19T18:13:21.454544Z
Failed qa: 1989-07-21T18:01:09.359587Z
Failed qa: 1989-07-21T18:00:45.596066Z
Failed qa: 1989-07-27T18:19:22.440547Z
..............Failed qa: 1989-07-29T18:07:13.0420380Z
Failed qa: 1989-07-29T18:07:01.199557Z
Failed qa: 1989-07-30T17:54:36.6510690Z
Failed qa: 1989-08-04T18:13:02.177031Z
Failed qa: 1989-08-06T18:00:49.769584Z
Failed qa: 1989-08-06T18:00:25.932569Z
..............Failed qa: 1989-08-14T18:07:11.7410440Z
Failed qa: 1989-08-14T18:06:59.898566Z
Failed qa: 1989-08-15T17:54:13.1120880Z
Failed qa: 1989-08-20T18:12:39.359072Z
Failed qa: 1989-08-22T18:00:27.773044Z
Failed qa: 1989-08-22T18:00:03.934034Z
..............Failed qa: 1989-08-31T17:53:53.6980060Z
Failed qa: 1989-09-05T18:12:19.456538Z
Failed qa: 1989-09-07T18:00:05.583087Z
Failed qa: 1989-09-07T17:59:41.742588Z
Failed qa: 1989-09-16T17:53:20.5630630Z
Failed qa: 1989-09-21T18:11:47.918566Z
Failed qa: 1989-09-23T17:59:38.676075Z
Failed qa: 1989-09-23T17:59:14.834040Z
..............Failed qa: 1989-10-02T17:53:12.5250190Z
Failed qa: 1989-10-07T18:11:37.090032Z
..............Failed qa: 1989-10-18T17:52:30.2510310Z
Failed qa: 1989-10-23T18:10:29.9290060Z
Failed qa: 1989-10-25T17:58:40.150575Z
Failed qa: 1989-10-25T17:58:16.305060Z
..............Failed qa: 1989-11-03T17:52:13.5110190Z
Failed qa: 1989-11-08T18:10:47.568062Z
Failed qa: 1989-11-09T18:13:24.7610190Z
Failed qa: 1989-11-10T17:58:20.356028Z
Failed qa: 1989-11-10T17:57:56.509503Z
..............Failed qa: 1989-11-18T18:07:06.1240060Z
Failed qa: 1989-11-18T18:07:06.1240060Z
Failed qa: 1989-11-19T17:51:32.6620380Z
Failed qa: 1989-11-26T17:57:52.320050Z
Failed qa: 1989-11-26T17:57:28.472081Z
Data has been pickled and saved to '/efs/timesync/1989/audit/1989_1078_1211_qa_rejects.p'.
Success tracking goes here
