{'project_id': '1211', 'year': '1989', 'x': 466740, 'y': 1361820, 'plot_id': '3600', 'strata': '41'}
Pandas(Index=0, project_id='1211', plot_id='3600', x=466740, y=1361820)
called process_plot
Pandas(Index=0, project_id='1211', plot_id='3600', x=466740, y=1361820)
3600
Directory '/efs/timesync/1989/audit/' already exists.
Data has been pickled and saved to '/efs/timesync/1989/audit/1989_3600_1211.p'.
Failed qa: 1989-01-12T16:12:38.5610750Z
..............Failed qa: 1989-01-28T16:12:51.360016Z
Failed qa: 1989-01-28T16:13:15.2530310Z
Failed qa: 1989-01-30T16:00:43.495531Z
Failed qa: 1989-01-30T16:01:07.388556Z
Failed qa: 1989-02-06T16:06:43.0110060Z
Failed qa: 1989-02-06T16:06:43.0110060Z
Failed qa: 1989-02-15T16:01:17.6850750Z
Failed qa: 1989-02-22T16:06:35.0960310Z
Failed qa: 1989-02-22T16:06:58.991031Z
Failed qa: 1989-03-01T16:12:38.162025Z
Failed qa: 1989-03-01T16:12:50.073547Z
Failed qa: 1989-03-03T16:00:13.6930750Z
............................Failed qa: 1989-03-19T15:59:45.689525Z
Failed qa: 1989-03-19T16:00:09.514535Z
............................Failed qa: 1989-04-18T16:11:50.421516Z
Failed qa: 1989-04-18T16:12:02.407028Z
Failed qa: 1989-04-20T15:59:36.088057Z
Failed qa: 1989-04-20T15:59:59.916047Z
Failed qa: 1989-05-06T15:59:37.8450440Z
Failed qa: 1989-05-06T15:59:49.831532Z
Failed qa: 1989-05-20T16:11:04.822009Z
Failed qa: 1989-05-20T16:11:16.7370060Z
Failed qa: 1989-05-22T15:59:06.564547Z
Failed qa: 1989-05-22T15:59:30.395016Z
..............Failed qa: 1989-06-05T16:11:04.296037Z
Failed qa: 1989-06-05T16:11:28.1990440Z
Failed qa: 1989-06-07T15:58:51.761566Z
Failed qa: 1989-06-07T15:59:15.665047Z
Failed qa: 1989-06-14T16:05:23.2420310Z
Failed qa: 1989-06-21T16:10:38.980044Z
Failed qa: 1989-06-21T16:10:50.896541Z
Failed qa: 1989-06-23T15:58:39.8150380Z
Failed qa: 1989-06-23T15:58:51.731544Z
Failed qa: 1989-06-30T16:04:22.7780500Z
Failed qa: 1989-06-30T16:04:22.7780500Z
Failed qa: 1989-07-07T16:10:23.844535Z
Failed qa: 1989-07-07T16:10:35.833531Z
Failed qa: 1989-07-09T15:58:12.084041Z
Failed qa: 1989-07-09T15:58:35.990057Z
..............Failed qa: 1989-07-23T16:09:52.922057Z
Failed qa: 1989-07-23T16:10:04.8400500Z
Failed qa: 1989-07-25T15:57:53.075010Z
Failed qa: 1989-07-25T15:58:16.911016Z
..............Failed qa: 1989-08-26T15:57:10.888535Z
Failed qa: 1989-08-26T15:57:34.799560Z
Failed qa: 1989-09-02T16:03:00.6370630Z
Failed qa: 1989-09-02T16:03:24.549051Z
Failed qa: 1989-09-09T16:08:58.136047Z
Failed qa: 1989-09-09T16:09:10.056538Z
..............Failed qa: 1989-09-25T16:08:23.916576Z
Failed qa: 1989-09-25T16:08:47.831079Z
Failed qa: 1989-09-27T15:56:26.079553Z
Failed qa: 1989-09-27T15:56:49.922550Z
..............Failed qa: 1989-10-11T16:08:12.434572Z
Failed qa: 1989-10-11T16:08:24.357050Z
..............Failed qa: 1989-11-12T16:07:11.089547Z
Failed qa: 1989-11-12T16:07:23.012591Z
..............Data has been pickled and saved to '/efs/timesync/1989/audit/1989_3600_1211_qa_rejects.p'.
Success tracking goes here
