{'project_id': '1211', 'year': '1989', 'x': -1704930, 'y': 1212960, 'plot_id': '912', 'strata': '41'}
Pandas(Index=0, project_id='1211', plot_id='912', x=-1704930, y=1212960)
called process_plot
Pandas(Index=0, project_id='1211', plot_id='912', x=-1704930, y=1212960)
912
Directory '/efs/timesync/1989/audit/' already exists.
Data has been pickled and saved to '/efs/timesync/1989/audit/1989_0912_1211.p'.
Failed qa: 1989-02-16T17:37:13.3110630Z
..............Failed qa: 1989-03-26T17:45:19.528559Z
Failed qa: 1989-03-26T17:45:31.441550Z
..............Failed qa: 1989-04-11T17:45:30.403556Z
Failed qa: 1989-04-11T17:45:42.317522Z
Failed qa: 1989-04-13T17:33:31.0160000Z
Failed qa: 1989-04-27T17:45:09.550050Z
Failed qa: 1989-04-27T17:45:21.464069Z
Failed qa: 1989-04-29T17:33:11.7570880Z
..............Failed qa: 1989-05-13T17:44:55.297565Z
Failed qa: 1989-05-13T17:45:07.284072Z
Failed qa: 1989-05-15T17:32:54.7690750Z
..............Failed qa: 1989-05-29T17:44:41.850534Z
Failed qa: 1989-05-29T17:44:53.765576Z
Failed qa: 1989-05-31T17:32:42.2470500Z
Failed qa: 1989-06-06T17:49:23.2850690Z
..............Failed qa: 1989-06-14T17:44:16.137566Z
Failed qa: 1989-06-14T17:44:28.054029Z
Failed qa: 1989-06-16T17:32:15.1140060Z
..............Failed qa: 1989-06-24T17:37:51.3700630Z
Failed qa: 1989-06-30T17:44:03.647069Z
Failed qa: 1989-06-30T17:44:15.564066Z
Failed qa: 1989-07-02T17:32:03.4680130Z
..............Failed qa: 1989-07-10T17:37:55.0800440Z
Failed qa: 1989-07-16T17:43:43.090072Z
Failed qa: 1989-07-16T17:43:55.007559Z
Failed qa: 1989-07-18T17:31:42.7890880Z
..............Failed qa: 1989-07-26T17:37:53.9290940Z
Failed qa: 1989-08-01T17:43:23.716541Z
Failed qa: 1989-08-01T17:43:35.634576Z
Failed qa: 1989-08-03T17:31:22.7890000Z
..............Failed qa: 1989-08-11T17:37:54.8830560Z
Failed qa: 1989-08-17T17:42:58.350537Z
Failed qa: 1989-08-17T17:43:10.341557Z
Failed qa: 1989-08-19T17:30:59.9090000Z
..............Failed qa: 1989-08-27T17:37:53.0590000Z
Failed qa: 1989-09-02T17:42:41.454059Z
Failed qa: 1989-09-02T17:42:53.374053Z
Failed qa: 1989-09-04T17:30:40.9010310Z
..............Failed qa: 1989-09-12T17:37:51.7590630Z
Failed qa: 1989-09-18T17:42:09.010557Z
Failed qa: 1989-09-18T17:42:20.931537Z
Failed qa: 1989-09-20T17:30:09.3470750Z
..............Failed qa: 1989-09-28T17:37:48.7870500Z
Failed qa: 1989-10-04T17:42:00.204578Z
Failed qa: 1989-10-04T17:42:12.126556Z
Failed qa: 1989-10-06T17:29:59.0650630Z
..............Failed qa: 1989-10-20T17:41:15.821035Z
Failed qa: 1989-10-20T17:41:27.815528Z
Failed qa: 1989-10-22T17:29:15.5070380Z
..............Failed qa: 1989-11-07T17:28:58.1240690Z
Data has been pickled and saved to '/efs/timesync/1989/audit/1989_0912_1211_qa_rejects.p'.
Success tracking goes here
