{'project_id': '1211', 'year': '1989', 'x': -1378410, 'y': 1063890, 'plot_id': '3426', 'strata': '41'}
Pandas(Index=0, project_id='1211', plot_id='3426', x=-1378410, y=1063890)
called process_plot
Pandas(Index=0, project_id='1211', plot_id='3426', x=-1378410, y=1063890)
3426
Directory '/efs/timesync/1989/audit/' already exists.
Data has been pickled and saved to '/efs/timesync/1989/audit/1989_3426_1211.p'.
Failed qa: 1989-02-09T17:30:36.7260000Z
Failed qa: 1989-02-16T17:37:01.398066Z
Failed qa: 1989-02-16T17:37:13.3110630Z
............................Failed qa: 1989-04-13T17:33:19.102031Z
Failed qa: 1989-04-13T17:33:31.0160000Z
............................Failed qa: 1989-04-29T17:32:59.843057Z
Failed qa: 1989-04-29T17:33:11.7570880Z
............................Failed qa: 1989-05-15T17:32:42.854538Z
Failed qa: 1989-05-15T17:32:54.7690750Z
............................Failed qa: 1989-05-31T17:32:30.331557Z
Failed qa: 1989-05-31T17:32:42.2470500Z
..........................................Failed qa: 1989-06-16T17:32:03.197531Z
Failed qa: 1989-06-16T17:32:15.1140060Z
............................Failed qa: 1989-06-24T17:37:39.456556Z
Failed qa: 1989-06-24T17:37:51.3700630Z
............................Failed qa: 1989-07-02T17:31:51.551013Z
Failed qa: 1989-07-02T17:32:03.4680130Z
..............Failed qa: 1989-07-10T17:37:43.166525Z
Failed qa: 1989-07-10T17:37:55.0800440Z
..............Failed qa: 1989-07-18T17:31:30.871581Z
Failed qa: 1989-07-18T17:31:42.7890880Z
..............Failed qa: 1989-07-26T17:37:41.944091Z
Failed qa: 1989-07-26T17:37:53.9290940Z
Failed qa: 1989-08-03T17:31:10.870047Z
Failed qa: 1989-08-03T17:31:22.7890000Z
..............Failed qa: 1989-08-11T17:37:42.969543Z
Failed qa: 1989-08-11T17:37:54.8830560Z
..............Failed qa: 1989-08-19T17:30:47.989047Z
Failed qa: 1989-08-19T17:30:59.9090000Z
..............Failed qa: 1989-08-27T17:37:41.145044Z
Failed qa: 1989-08-27T17:37:53.0590000Z
..............Failed qa: 1989-09-04T17:30:28.981018Z
Failed qa: 1989-09-04T17:30:40.9010310Z
..............Failed qa: 1989-09-12T17:37:39.774076Z
Failed qa: 1989-09-12T17:37:51.7590630Z
..............Failed qa: 1989-09-20T17:29:57.354084Z
Failed qa: 1989-09-20T17:30:09.3470750Z
..............Failed qa: 1989-09-28T17:37:36.873541Z
Failed qa: 1989-09-28T17:37:48.7870500Z
..............Failed qa: 1989-10-06T17:29:47.143069Z
............................Failed qa: 1989-10-22T17:29:03.584063Z
Failed qa: 1989-10-22T17:29:15.5070380Z
..............Failed qa: 1989-11-07T17:28:46.201044Z
Failed qa: 1989-11-07T17:28:58.1240690Z
Data has been pickled and saved to '/efs/timesync/1989/audit/1989_3426_1211_qa_rejects.p'.
Success tracking goes here
