{'project_id': '1211', 'year': '1989', 'x': 1048410, 'y': 1096410, 'plot_id': '4758', 'strata': '41'}
Pandas(Index=0, project_id='1211', plot_id='4758', x=1048410, y=1096410)
called process_plot
Pandas(Index=0, project_id='1211', plot_id='4758', x=1048410, y=1096410)
4758
Directory '/efs/timesync/1989/audit/' already exists.
Data has been pickled and saved to '/efs/timesync/1989/audit/1989_4758_1211.p'.
Failed qa: 1989-01-02T15:37:05.949028Z
Failed qa: 1989-01-18T15:36:48.746060Z
Failed qa: 1989-02-03T15:36:49.450041Z
.....................Failed qa: 1989-04-08T15:35:56.027559Z
Failed qa: 1989-04-24T15:35:38.136057Z
Failed qa: 1989-05-10T15:35:25.029572Z
.......Failed qa: 1989-05-26T15:35:08.649053Z
.......Failed qa: 1989-06-11T15:34:49.058063Z
..............Failed qa: 1989-07-29T15:33:52.767041Z
.......Failed qa: 1989-08-14T15:33:29.868006Z
Failed qa: 1989-08-30T15:33:10.304037Z
.......Failed qa: 1989-09-15T15:32:35.597047Z
.......Failed qa: 1989-10-17T15:32:01.0760000Z
..............Failed qa: 1989-11-18T15:30:39.1060940Z
Data has been pickled and saved to '/efs/timesync/1989/audit/1989_4758_1211_qa_rejects.p'.
Success tracking goes here
