{'project_id': '1211', 'year': '1989', 'x': 119010, 'y': 1437390, 'plot_id': '649', 'strata': '41'}
Pandas(Index=0, project_id='1211', plot_id='649', x=119010, y=1437390)
called process_plot
Pandas(Index=0, project_id='1211', plot_id='649', x=119010, y=1437390)
649
Directory '/efs/timesync/1989/audit/' already exists.
Data has been pickled and saved to '/efs/timesync/1989/audit/1989_0649_1211.p'.
.......Failed qa: 1989-01-17T16:31:16.346547Z
Failed qa: 1989-01-26T16:25:34.9520630Z
.......Failed qa: 1989-02-18T16:31:22.4170310Z
Failed qa: 1989-03-06T16:30:50.532522Z
Failed qa: 1989-03-22T16:30:09.881531Z
.......Failed qa: 1989-04-07T16:30:21.256037Z
.......Failed qa: 1989-04-23T16:30:04.657084Z
.......Failed qa: 1989-05-09T16:29:52.255544Z
Failed qa: 1989-05-11T16:18:03.0000690Z
Failed qa: 1989-05-27T16:17:47.9650880Z
.......Failed qa: 1989-06-10T16:29:28.6720500Z
Failed qa: 1989-06-12T16:17:26.2160190Z
.......Failed qa: 1989-06-26T16:28:57.291034Z
Failed qa: 1989-06-28T16:17:10.2210310Z
.......Failed qa: 1989-07-14T16:16:50.1710000Z
Failed qa: 1989-07-28T16:28:19.764056Z
Failed qa: 1989-07-30T16:16:31.3010630Z
.......Failed qa: 1989-08-13T16:27:57.103057Z
..............Failed qa: 1989-09-30T16:26:54.731550Z
Failed qa: 1989-10-02T16:14:55.374581Z
.......Failed qa: 1989-10-16T16:26:54.0180000Z
.......Failed qa: 1989-11-01T16:25:55.701029Z
Failed qa: 1989-11-03T16:14:08.1600690Z
.......Failed qa: 1989-11-17T16:25:18.730572Z
Data has been pickled and saved to '/efs/timesync/1989/audit/1989_0649_1211_qa_rejects.p'.
Success tracking goes here
