{'project_id': '1211', 'year': '1989', 'x': -1972140, 'y': 2871210, 'plot_id': '3084', 'strata': '41'}
Pandas(Index=0, project_id='1211', plot_id='3084', x=-1972140, y=2871210)
called process_plot
Pandas(Index=0, project_id='1211', plot_id='3084', x=-1972140, y=2871210)
3084
Directory '/efs/timesync/1989/audit/' already exists.
Data has been pickled and saved to '/efs/timesync/1989/audit/1989_3084_1211.p'.
Failed qa: 1989-03-18T18:31:06.220550Z
.......Failed qa: 1989-04-03T18:30:55.3910630Z
.......Failed qa: 1989-04-10T18:37:09.6090440Z
.....................Failed qa: 1989-05-05T18:30:46.217525Z
.......Failed qa: 1989-05-12T18:36:34.7530190Z
.......Failed qa: 1989-05-21T18:30:14.4460060Z
.......Failed qa: 1989-05-28T18:36:21.0870000Z
Failed qa: 1989-06-06T18:30:12.542544Z
.......Failed qa: 1989-06-15T18:23:29.7680440Z
.....................Failed qa: 1989-07-24T18:29:13.740006Z
..............Failed qa: 1989-08-09T18:28:52.044050Z
.....................Failed qa: 1989-09-10T18:28:04.744044Z
..............Failed qa: 1989-09-26T18:27:33.7370750Z
.......Failed qa: 1989-10-03T18:33:40.0260000Z
..............Failed qa: 1989-10-19T18:32:54.9700190Z
.......Failed qa: 1989-10-28T18:26:45.801041Z
.......Data has been pickled and saved to '/efs/timesync/1989/audit/1989_3084_1211_qa_rejects.p'.
Success tracking goes here
