{'project_id': '1211', 'year': '1989', 'x': 1378590, 'y': 1645440, 'plot_id': '572', 'strata': '41'}
Pandas(Index=0, project_id='1211', plot_id='572', x=1378590, y=1645440)
called process_plot
Pandas(Index=0, project_id='1211', plot_id='572', x=1378590, y=1645440)
572
Directory '/efs/timesync/1989/audit/' already exists.
Data has been pickled and saved to '/efs/timesync/1989/audit/1989_0572_1211.p'.
Failed qa: 1989-01-04T15:23:32.197538Z
.......Failed qa: 1989-01-20T15:23:12.381562Z
..............Failed qa: 1989-03-09T15:22:44.698032Z
.......Failed qa: 1989-03-25T15:22:09.915063Z
Failed qa: 1989-04-17T15:28:36.8670130Z
Failed qa: 1989-04-26T15:22:02.651059Z
.......Failed qa: 1989-05-12T15:21:47.859541Z
.......Failed qa: 1989-05-28T15:21:34.103575Z
.......Failed qa: 1989-06-13T15:21:10.668013Z
Failed qa: 1989-06-20T15:27:24.6130000Z
Failed qa: 1989-06-29T15:20:56.161534Z
Failed qa: 1989-07-06T15:27:08.9810630Z
.......Failed qa: 1989-07-31T15:20:28.8520560Z
.......Failed qa: 1989-08-16T15:19:52.441560Z
Failed qa: 1989-08-23T15:26:08.1520190Z
Failed qa: 1989-09-01T15:19:34.243038Z
.......Failed qa: 1989-09-17T15:19:01.280553Z
.......Failed qa: 1989-10-03T15:18:53.007059Z
.....................Failed qa: 1989-11-20T15:17:11.482519Z
Data has been pickled and saved to '/efs/timesync/1989/audit/1989_0572_1211_qa_rejects.p'.
Success tracking goes here
