{'project_id': '1211', 'year': '1989', 'x': -2114850, 'y': 1538610, 'plot_id': '346', 'strata': '41'}
Pandas(Index=0, project_id='1211', plot_id='346', x=-2114850, y=1538610)
called process_plot
Pandas(Index=0, project_id='1211', plot_id='346', x=-2114850, y=1538610)
346
Directory '/efs/timesync/1989/audit/' already exists.
Data has been pickled and saved to '/efs/timesync/1989/audit/1989_0346_1211.p'.
Failed qa: 1989-01-17T18:10:21.2840630Z
Failed qa: 1989-01-19T17:58:19.2150500Z
Failed qa: 1989-01-19T17:58:07.233041Z
..............Failed qa: 1989-01-28T17:52:08.5260250Z
Failed qa: 1989-02-18T18:10:15.4070690Z
..............Failed qa: 1989-03-06T18:09:55.4070000Z
..............Failed qa: 1989-03-22T18:09:26.711037Z
Failed qa: 1989-03-24T17:57:03.485047Z
..............Failed qa: 1989-04-07T18:09:38.296582Z
Failed qa: 1989-04-09T17:57:28.7610810Z
Failed qa: 1989-04-09T17:57:16.847584Z
..............Failed qa: 1989-04-18T17:51:07.2350130Z
Failed qa: 1989-04-23T18:09:33.6180440Z
Failed qa: 1989-04-25T17:57:09.8950060Z
Failed qa: 1989-04-25T17:56:57.980543Z
..............Failed qa: 1989-05-04T17:50:53.9200000Z
Failed qa: 1989-05-11T17:56:55.9260130Z
Failed qa: 1989-05-11T17:56:44.011034Z
..............Failed qa: 1989-05-25T18:08:51.749053Z
Failed qa: 1989-05-27T17:56:40.8800310Z
Failed qa: 1989-05-27T17:56:28.964560Z
..............Failed qa: 1989-06-05T17:50:21.2590440Z
Failed qa: 1989-06-10T18:08:33.644040Z
Failed qa: 1989-06-12T17:56:19.1330630Z
Failed qa: 1989-06-12T17:56:07.217060Z
..............Failed qa: 1989-06-21T17:49:55.8680630Z
Failed qa: 1989-06-28T17:56:03.1350310Z
Failed qa: 1989-06-28T17:55:51.218040Z
..............Failed qa: 1989-07-07T17:49:40.9030060Z
Failed qa: 1989-07-14T17:55:43.2620500Z
Failed qa: 1989-07-14T17:55:31.344569Z
..............Failed qa: 1989-07-23T17:49:21.8150250Z
Failed qa: 1989-07-28T18:07:36.665007Z
Failed qa: 1989-07-30T17:55:24.3240630Z
Failed qa: 1989-07-30T17:55:12.406038Z
..............Failed qa: 1989-08-08T17:49:01.0100810Z
Failed qa: 1989-08-13T18:07:13.939040Z
Failed qa: 1989-08-15T17:55:00.9330500Z
Failed qa: 1989-08-15T17:54:48.942044Z
..............Failed qa: 1989-08-24T17:48:39.4690880Z
Failed qa: 1989-08-29T18:06:54.347572Z
Failed qa: 1989-08-31T17:54:41.5210250Z
Failed qa: 1989-08-31T17:54:29.529053Z
..............Failed qa: 1989-09-09T17:48:14.9560880Z
..............Failed qa: 1989-09-25T17:47:52.9140310Z
Failed qa: 1989-09-30T18:06:11.660559Z
..............Failed qa: 1989-10-11T17:47:29.1960880Z
Failed qa: 1989-10-16T18:05:34.879031Z
Failed qa: 1989-10-18T17:53:18.0850130Z
Failed qa: 1989-10-18T17:53:06.162506Z
..............Failed qa: 1989-10-27T17:46:52.5050190Z
Failed qa: 1989-11-01T18:05:12.686060Z
Failed qa: 1989-11-03T17:53:01.2030630Z
Failed qa: 1989-11-03T17:52:49.280050Z
Failed qa: 1989-11-04T17:55:22.3200750Z
Failed qa: 1989-11-09T18:13:36.746029Z
..............Failed qa: 1989-11-11T18:01:25.2420750Z
Failed qa: 1989-11-11T18:01:25.2420750Z
Failed qa: 1989-11-12T17:46:27.9500060Z
Failed qa: 1989-11-17T18:04:35.575541Z
..............Failed qa: 1989-11-19T17:52:20.3560630Z
Failed qa: 1989-11-19T17:52:08.432556Z
Failed qa: 1989-11-20T17:55:09.6720250Z
..............Failed qa: 1989-11-28T17:46:04.5930940Z
Data has been pickled and saved to '/efs/timesync/1989/audit/1989_0346_1211_qa_rejects.p'.
Success tracking goes here
