{'project_id': '1211', 'year': '1989', 'x': -171780, 'y': 504990, 'plot_id': '437', 'strata': '41'}
Pandas(Index=0, project_id='1211', plot_id='437', x=-171780, y=504990)
called process_plot
Pandas(Index=0, project_id='1211', plot_id='437', x=-171780, y=504990)
437
Directory '/efs/timesync/1989/audit/' already exists.
Data has been pickled and saved to '/efs/timesync/1989/audit/1989_0437_1211.p'.
Failed qa: 1989-02-09T16:39:33.7780000Z
Failed qa: 1989-02-25T16:39:25.8850630Z
.......Failed qa: 1989-03-06T16:33:02.0640750Z
Failed qa: 1989-03-13T16:38:57.7860560Z
Failed qa: 1989-03-22T16:32:21.3510940Z
.......Failed qa: 1989-04-07T16:32:32.8050130Z
.......Failed qa: 1989-04-23T16:32:16.1420630Z
Failed qa: 1989-05-02T16:25:59.7880380Z
Failed qa: 1989-05-09T16:32:03.8910560Z
Failed qa: 1989-06-19T16:25:02.4680380Z
Failed qa: 1989-07-21T16:24:27.7840190Z
Failed qa: 1989-08-06T16:24:08.2040630Z
Failed qa: 1989-09-23T16:22:57.1860500Z
Failed qa: 1989-10-09T16:22:40.4350310Z
Failed qa: 1989-10-25T16:21:58.6500440Z
Failed qa: 1989-11-01T16:28:07.1420810Z
Failed qa: 1989-11-08T16:34:06.1720380Z
.......Data has been pickled and saved to '/efs/timesync/1989/audit/1989_0437_1211_qa_rejects.p'.
Success tracking goes here
