{'project_id': '1211', 'year': '1989', 'x': -1991070, 'y': 1699080, 'plot_id': '1414', 'strata': '41'}
Pandas(Index=0, project_id='1211', plot_id='1414', x=-1991070, y=1699080)
called process_plot
Pandas(Index=0, project_id='1211', plot_id='1414', x=-1991070, y=1699080)
1414
Directory '/efs/timesync/1989/audit/' already exists.
Data has been pickled and saved to '/efs/timesync/1989/audit/1989_1414_1211.p'.
Failed qa: 1989-01-17T18:10:09.302063Z
..............Failed qa: 1989-02-02T18:09:56.2160440Z
Failed qa: 1989-02-18T18:10:03.495572Z
.......Failed qa: 1989-03-06T18:09:43.423047Z
.......Failed qa: 1989-03-22T18:09:02.813578Z
..............Failed qa: 1989-04-07T18:09:14.398085Z
..............Failed qa: 1989-04-23T18:08:45.6750250Z
..............Failed qa: 1989-05-09T18:08:33.2520940Z
..............Failed qa: 1989-05-25T18:08:27.847034Z
Failed qa: 1989-05-26T18:07:07.7660060Z
..............Failed qa: 1989-06-10T18:08:09.740541Z
..........................................Failed qa: 1989-07-28T18:07:12.756550Z
Failed qa: 1989-07-29T18:07:13.0420380Z
..............Failed qa: 1989-08-13T18:06:50.029044Z
Failed qa: 1989-08-14T18:07:11.7410440Z
..............Failed qa: 1989-08-29T18:06:30.364554Z
..............Failed qa: 1989-09-16T17:53:20.5630630Z
.......Failed qa: 1989-09-30T18:05:47.745550Z
.......Failed qa: 1989-10-16T18:05:10.962513Z
..............Failed qa: 1989-11-01T18:04:48.768050Z
.......Failed qa: 1989-11-09T18:13:24.7610190Z
.......Failed qa: 1989-11-17T18:04:11.656534Z
.....................Data has been pickled and saved to '/efs/timesync/1989/audit/1989_1414_1211_qa_rejects.p'.
Success tracking goes here
