{'project_id': '1211', 'year': '1989', 'x': 1860540, 'y': 2267640, 'plot_id': '2492', 'strata': '41'}
Pandas(Index=0, project_id='1211', plot_id='2492', x=1860540, y=2267640)
called process_plot
Pandas(Index=0, project_id='1211', plot_id='2492', x=1860540, y=2267640)
2492
Directory '/efs/timesync/1989/audit/' already exists.
Data has been pickled and saved to '/efs/timesync/1989/audit/1989_2492_1211.p'.
..............Failed qa: 1989-01-22T15:09:13.890563Z
Failed qa: 1989-01-22T15:09:37.855057Z
Failed qa: 1989-01-24T14:57:03.365079Z
Failed qa: 1989-01-24T14:57:15.204059Z
..............Failed qa: 1989-02-09T14:57:05.496041Z
Failed qa: 1989-02-09T14:57:17.335078Z
Failed qa: 1989-02-16T15:02:52.5160310Z
Failed qa: 1989-02-23T15:09:08.849569Z
Failed qa: 1989-02-23T15:09:32.744559Z
Failed qa: 1989-02-25T14:57:09.578044Z
Failed qa: 1989-02-25T14:57:09.578044Z
..............Failed qa: 1989-03-11T15:08:44.070062Z
Failed qa: 1989-03-11T15:09:07.894056Z
Failed qa: 1989-03-13T14:56:29.847575Z
Failed qa: 1989-03-13T14:56:41.759569Z
..............Failed qa: 1989-03-27T15:08:02.6600310Z
Failed qa: 1989-03-27T15:08:50.3110940Z
..............Failed qa: 1989-04-12T15:08:24.188034Z
Failed qa: 1989-04-12T15:08:48.087041Z
Failed qa: 1989-04-14T14:56:12.471544Z
Failed qa: 1989-04-14T14:56:24.313544Z
..............Failed qa: 1989-04-28T15:08:04.002531Z
Failed qa: 1989-04-28T15:08:27.903000Z
..............Failed qa: 1989-05-14T15:07:48.452022Z
Failed qa: 1989-05-14T15:08:12.353510Z
Failed qa: 1989-05-16T14:55:11.6840880Z
..............Failed qa: 1989-05-30T15:07:47.1730250Z
Failed qa: 1989-05-30T15:07:59.160050Z
Failed qa: 1989-06-01T14:55:11.547553Z
Failed qa: 1989-06-01T14:55:23.4630560Z
Failed qa: 1989-06-17T14:54:57.310562Z
Failed qa: 1989-06-17T14:55:09.227041Z
..............Failed qa: 1989-07-01T15:06:56.983553Z
Failed qa: 1989-07-01T15:07:20.817557Z
Failed qa: 1989-07-03T14:54:44.481063Z
Failed qa: 1989-07-03T14:54:56.398063Z
..............Failed qa: 1989-07-17T15:06:24.4600190Z
Failed qa: 1989-07-17T15:07:12.2730690Z
Failed qa: 1989-07-19T14:54:23.729056Z
Failed qa: 1989-07-19T14:54:35.646568Z
Failed qa: 1989-07-25T15:12:46.219512Z
Failed qa: 1989-07-25T15:13:10.118009Z
..............Failed qa: 1989-08-02T15:06:16.784556Z
Failed qa: 1989-08-02T15:06:40.621537Z
Failed qa: 1989-08-03T15:06:24.0580000Z
Failed qa: 1989-08-04T14:54:04.474031Z
Failed qa: 1989-08-04T14:54:16.320553Z
Failed qa: 1989-08-10T15:12:46.997556Z
Failed qa: 1989-08-10T15:12:58.8400310Z
Failed qa: 1989-08-12T15:01:00.7640310Z
Failed qa: 1989-08-12T15:01:00.7640310Z
Failed qa: 1989-08-18T15:05:52.563578Z
Failed qa: 1989-08-18T15:06:16.474537Z
..............Failed qa: 1989-08-20T14:53:53.413066Z
Failed qa: 1989-08-20T14:53:53.413066Z
Failed qa: 1989-08-26T15:12:33.0020130Z
..............Failed qa: 1989-08-28T15:00:35.407572Z
Failed qa: 1989-08-28T15:00:47.321072Z
Failed qa: 1989-09-03T15:05:34.537532Z
Failed qa: 1989-09-03T15:05:58.377553Z
Failed qa: 1989-09-05T14:53:21.763540Z
Failed qa: 1989-09-05T14:53:33.612031Z
Failed qa: 1989-09-11T15:12:56.2350940Z
Failed qa: 1989-09-11T15:12:56.2350940Z
..............Failed qa: 1989-09-21T14:52:26.2350000Z
..............Failed qa: 1989-10-05T15:04:53.065550Z
Failed qa: 1989-10-05T15:05:16.981047Z
Failed qa: 1989-10-07T14:52:39.4270060Z
Failed qa: 1989-10-07T14:52:39.4270060Z
..............Failed qa: 1989-10-21T15:04:09.362525Z
Failed qa: 1989-10-21T15:04:33.279534Z
Failed qa: 1989-10-23T14:51:56.114531Z
Failed qa: 1989-10-23T14:52:07.965525Z
..............Failed qa: 1989-11-06T15:03:41.0360940Z
Failed qa: 1989-11-08T14:51:50.095012Z
Failed qa: 1989-11-08T14:51:50.095012Z
Failed qa: 1989-11-22T15:03:14.457547Z
Failed qa: 1989-11-22T15:03:38.305044Z
Data has been pickled and saved to '/efs/timesync/1989/audit/1989_2492_1211_qa_rejects.p'.
Success tracking goes here
