{'project_id': '1211', 'year': '1989', 'x': 1337400, 'y': 1615710, 'plot_id': '3944', 'strata': '41'}
Pandas(Index=0, project_id='1211', plot_id='3944', x=1337400, y=1615710)
called process_plot
Pandas(Index=0, project_id='1211', plot_id='3944', x=1337400, y=1615710)
3944
Directory '/efs/timesync/1989/audit/' already exists.
Data has been pickled and saved to '/efs/timesync/1989/audit/1989_3944_1211.p'.
Failed qa: 1989-01-02T15:35:54.205044Z
Failed qa: 1989-01-04T15:23:32.197538Z
..............Failed qa: 1989-01-18T15:35:36.997069Z
Failed qa: 1989-01-20T15:23:12.381562Z
..............Failed qa: 1989-02-03T15:35:49.6800310Z
..............Failed qa: 1989-02-19T15:35:20.7800380Z
Failed qa: 1989-03-09T15:22:44.698032Z
..............Failed qa: 1989-03-23T15:34:17.8290310Z
Failed qa: 1989-03-25T15:22:09.915063Z
..............Failed qa: 1989-04-24T15:34:26.508047Z
Failed qa: 1989-04-26T15:22:02.651059Z
..............Failed qa: 1989-05-10T15:34:25.2410380Z
Failed qa: 1989-05-12T15:21:47.859541Z
..............Failed qa: 1989-05-26T15:33:56.942091Z
Failed qa: 1989-05-28T15:21:34.103575Z
..............Failed qa: 1989-06-11T15:33:37.275066Z
Failed qa: 1989-06-13T15:21:10.668013Z
..............Failed qa: 1989-06-29T15:20:56.161534Z
............................Failed qa: 1989-07-29T15:32:41.114028Z
Failed qa: 1989-07-31T15:20:28.8520560Z
..............Failed qa: 1989-08-14T15:32:30.2000130Z
Failed qa: 1989-08-16T15:19:52.441560Z
..............Failed qa: 1989-08-30T15:31:58.641037Z
Failed qa: 1989-09-01T15:19:34.243038Z
..............Failed qa: 1989-09-15T15:31:35.8500500Z
Failed qa: 1989-09-17T15:19:01.280553Z
..............Failed qa: 1989-10-03T15:18:53.007059Z
..........................................Failed qa: 1989-11-18T15:29:39.416553Z
Failed qa: 1989-11-20T15:17:11.482519Z
Data has been pickled and saved to '/efs/timesync/1989/audit/1989_3944_1211_qa_rejects.p'.
Success tracking goes here
