{'project_id': '1211', 'year': '1989', 'x': -733800, 'y': 1468800, 'plot_id': '3059', 'strata': '41'}
Pandas(Index=0, project_id='1211', plot_id='3059', x=-733800, y=1468800)
called process_plot
Pandas(Index=0, project_id='1211', plot_id='3059', x=-733800, y=1468800)
3059
Directory '/efs/timesync/1989/audit/' already exists.
Data has been pickled and saved to '/efs/timesync/1989/audit/1989_3059_1211.p'.
.......Failed qa: 1989-03-26T16:59:09.322550Z
Failed qa: 1989-04-01T17:07:31.6920690Z
Failed qa: 1989-04-03T16:55:25.030062Z
.......Failed qa: 1989-04-17T17:07:29.9150810Z
Failed qa: 1989-04-19T16:55:15.856054Z
.......Failed qa: 1989-05-03T17:07:15.3050000Z
Failed qa: 1989-05-05T16:55:04.231550Z
Failed qa: 1989-05-19T17:06:54.2860630Z
Failed qa: 1989-05-21T16:54:44.310528Z
.......Failed qa: 1989-06-04T17:06:43.1190690Z
Failed qa: 1989-06-06T16:54:30.717038Z
.......Failed qa: 1989-06-20T17:06:17.7030250Z
.......Failed qa: 1989-06-30T16:59:47.552035Z
.......Failed qa: 1989-07-08T16:53:50.608003Z
Failed qa: 1989-07-14T17:12:00.8130250Z
.......Failed qa: 1989-07-22T17:05:43.1610060Z
Failed qa: 1989-07-24T16:53:31.609063Z
.......Failed qa: 1989-08-07T17:05:22.9790310Z
Failed qa: 1989-08-09T16:53:10.025050Z
Failed qa: 1989-08-15T17:11:57.6130880Z
.......Failed qa: 1989-08-23T17:05:01.3030630Z
Failed qa: 1989-08-31T17:11:57.9430880Z
.......Failed qa: 1989-09-02T16:59:48.446013Z
Failed qa: 1989-09-08T17:04:38.0820250Z
Failed qa: 1989-09-10T16:52:11.1050440Z
.......Failed qa: 1989-09-24T17:04:13.3260500Z
Failed qa: 1989-09-26T16:52:03.590522Z
.......Failed qa: 1989-10-10T17:03:53.2810500Z
Failed qa: 1989-10-28T16:51:03.541091Z
Data has been pickled and saved to '/efs/timesync/1989/audit/1989_3059_1211_qa_rejects.p'.
Success tracking goes here
