{'project_id': '1211', 'year': '1989', 'x': -587610, 'y': 2530830, 'plot_id': '3852', 'strata': '41'}
Pandas(Index=0, project_id='1211', plot_id='3852', x=-587610, y=2530830)
called process_plot
Pandas(Index=0, project_id='1211', plot_id='3852', x=-587610, y=2530830)
3852
Directory '/efs/timesync/1989/audit/' already exists.
Data has been pickled and saved to '/efs/timesync/1989/audit/1989_3852_1211.p'.
Failed qa: 1989-03-25T16:58:39.991544Z
..............Failed qa: 1989-04-10T16:58:52.294541Z
Failed qa: 1989-04-17T17:05:06.6620810Z
Failed qa: 1989-04-24T17:11:08.2560060Z
Failed qa: 1989-05-03T17:04:51.9000630Z
.....................Failed qa: 1989-05-28T16:58:03.900040Z
...................................Failed qa: 1989-07-07T17:03:12.188525Z
Failed qa: 1989-07-13T17:09:41.3650060Z
Failed qa: 1989-07-15T16:57:05.820526Z
..............Failed qa: 1989-07-31T16:56:46.695588Z
.....................Failed qa: 1989-08-16T16:56:22.208053Z
..............Failed qa: 1989-08-31T17:09:34.5530250Z
Failed qa: 1989-09-01T16:56:03.994081Z
.....................Failed qa: 1989-09-17T16:55:31.113038Z
..............Failed qa: 1989-10-03T16:55:22.733579Z
..............Data has been pickled and saved to '/efs/timesync/1989/audit/1989_3852_1211_qa_rejects.p'.
Success tracking goes here
