{'project_id': '1211', 'year': '1989', 'x': -1165920, 'y': 1437630, 'plot_id': '4312', 'strata': '41'}
Pandas(Index=0, project_id='1211', plot_id='4312', x=-1165920, y=1437630)
called process_plot
Pandas(Index=0, project_id='1211', plot_id='4312', x=-1165920, y=1437630)
4312
Directory '/efs/timesync/1989/audit/' already exists.
Data has been pickled and saved to '/efs/timesync/1989/audit/1989_4312_1211.p'.
Failed qa: 1989-02-09T17:30:12.7570250Z
Failed qa: 1989-02-25T17:30:07.682522Z
Failed qa: 1989-02-27T17:17:46.658582Z
Failed qa: 1989-03-07T17:14:28.024065Z
Failed qa: 1989-03-21T17:26:13.220541Z
Failed qa: 1989-04-08T17:14:01.443522Z
.......Failed qa: 1989-04-22T17:26:06.585072Z
Failed qa: 1989-04-24T17:13:43.497547Z
.......Failed qa: 1989-05-08T17:25:55.102572Z
Failed qa: 1989-05-10T17:13:18.2690810Z
.......Failed qa: 1989-05-24T17:25:36.902029Z
Failed qa: 1989-05-26T17:13:13.968022Z
.......Failed qa: 1989-06-09T17:25:19.798569Z
Failed qa: 1989-06-11T17:12:54.314028Z
.......Failed qa: 1989-06-19T17:18:29.0970690Z
Failed qa: 1989-06-25T17:24:59.011037Z
..............Failed qa: 1989-07-05T17:18:19.004569Z
.......Failed qa: 1989-07-13T17:12:16.503094Z
.......Failed qa: 1989-07-29T17:11:58.136091Z
.......Failed qa: 1989-08-12T17:23:59.921047Z
Failed qa: 1989-08-14T17:11:35.179009Z
.......Failed qa: 1989-08-28T17:23:40.118584Z
Failed qa: 1989-08-30T17:11:15.648060Z
.......Failed qa: 1989-09-07T17:18:19.923072Z
Failed qa: 1989-09-13T17:23:06.803044Z
Failed qa: 1989-09-15T17:10:40.994553Z
.......Failed qa: 1989-09-29T17:22:56.552522Z
Failed qa: 1989-10-01T17:10:33.677522Z
.......Failed qa: 1989-10-15T17:22:22.419519Z
Failed qa: 1989-10-17T17:09:54.384587Z
.......Data has been pickled and saved to '/efs/timesync/1989/audit/1989_4312_1211_qa_rejects.p'.
Success tracking goes here
