{'project_id': '1211', 'year': '1989', 'x': 1093470, 'y': 1454820, 'plot_id': '3408', 'strata': '41'}
Pandas(Index=0, project_id='1211', plot_id='3408', x=1093470, y=1454820)
called process_plot
Pandas(Index=0, project_id='1211', plot_id='3408', x=1093470, y=1454820)
3408
Directory '/efs/timesync/1989/audit/' already exists.
Data has been pickled and saved to '/efs/timesync/1989/audit/1989_3408_1211.p'.
Failed qa: 1989-01-02T15:36:18.167535Z
Failed qa: 1989-01-18T15:36:00.889557Z
Failed qa: 1989-02-03T15:36:01.662553Z
.......Failed qa: 1989-02-26T15:42:11.8240500Z
Failed qa: 1989-03-30T15:41:20.4220940Z
Failed qa: 1989-04-24T15:34:50.408041Z
Failed qa: 1989-05-10T15:34:37.227541Z
.......Failed qa: 1989-05-26T15:34:20.844560Z
.......Failed qa: 1989-06-11T15:34:01.250569Z
.......Failed qa: 1989-07-29T15:33:04.950525Z
.......Failed qa: 1989-08-14T15:32:42.119035Z
Failed qa: 1989-08-30T15:32:10.6330060Z
Failed qa: 1989-09-15T15:31:47.842547Z
..............Failed qa: 1989-11-18T15:30:03.335560Z
Data has been pickled and saved to '/efs/timesync/1989/audit/1989_3408_1211_qa_rejects.p'.
Success tracking goes here
