{'project_id': '1211', 'year': '1989', 'x': 511260, 'y': 1983450, 'plot_id': '4423', 'strata': '41'}
Pandas(Index=0, project_id='1211', plot_id='4423', x=511260, y=1983450)
called process_plot
Pandas(Index=0, project_id='1211', plot_id='4423', x=511260, y=1983450)
4423
Directory '/efs/timesync/1989/audit/' already exists.
Data has been pickled and saved to '/efs/timesync/1989/audit/1989_4423_1211.p'.
Failed qa: 1989-01-03T16:17:58.203035Z
.......Failed qa: 1989-01-19T16:17:38.743040Z
Failed qa: 1989-01-21T16:05:16.078088Z
.......Failed qa: 1989-02-20T16:17:23.9630940Z
Failed qa: 1989-02-22T16:05:11.643034Z
.......Failed qa: 1989-03-08T16:17:12.853547Z
Failed qa: 1989-03-10T16:04:47.245563Z
.......Failed qa: 1989-03-24T16:16:34.833535Z
Failed qa: 1989-03-26T16:04:15.092568Z
Failed qa: 1989-04-02T16:10:20.2320940Z
Failed qa: 1989-04-09T16:16:48.267569Z
Failed qa: 1989-04-11T16:04:26.010041Z
Failed qa: 1989-04-25T16:16:29.395026Z
Failed qa: 1989-05-11T16:16:15.552503Z
Failed qa: 1989-05-13T16:03:50.892579Z
.......Failed qa: 1989-05-27T16:16:00.369072Z
.......Failed qa: 1989-06-04T16:20:53.1260000Z
.......Failed qa: 1989-06-12T16:15:50.7440310Z
Failed qa: 1989-06-14T16:03:11.806028Z
.......Failed qa: 1989-06-28T16:15:22.753062Z
Failed qa: 1989-06-30T16:02:59.287550Z
.......Failed qa: 1989-07-14T16:15:02.843025Z
Failed qa: 1989-07-16T16:02:38.802037Z
.......Failed qa: 1989-07-30T16:14:31.9750500Z
Failed qa: 1989-08-01T16:02:19.431066Z
Failed qa: 1989-08-15T16:14:20.410541Z
Failed qa: 1989-09-02T16:01:37.053525Z
.......Failed qa: 1989-09-16T16:13:27.883535Z
Failed qa: 1989-09-18T16:01:04.480575Z
.......Failed qa: 1989-10-02T16:13:19.929578Z
..............Failed qa: 1989-10-18T16:12:37.823053Z
Failed qa: 1989-11-03T16:12:20.923037Z
.......Failed qa: 1989-11-19T16:11:40.113563Z
Failed qa: 1989-11-21T15:59:15.637575Z
Data has been pickled and saved to '/efs/timesync/1989/audit/1989_4423_1211_qa_rejects.p'.
Success tracking goes here
