{'project_id': '1211', 'year': '1989', 'x': 784050, 'y': 2464830, 'plot_id': '2538', 'strata': '41'}
Pandas(Index=0, project_id='1211', plot_id='2538', x=784050, y=2464830)
called process_plot
Pandas(Index=0, project_id='1211', plot_id='2538', x=784050, y=2464830)
2538
Directory '/efs/timesync/1989/audit/' already exists.
Data has been pickled and saved to '/efs/timesync/1989/audit/1989_2538_1211.p'.
Failed qa: 1989-01-05T16:04:24.363529Z
Failed qa: 1989-01-21T16:04:16.2390750Z
Failed qa: 1989-01-23T15:51:40.714544Z
.......Failed qa: 1989-02-06T16:04:07.593041Z
Failed qa: 1989-02-08T15:51:44.283075Z
.......Failed qa: 1989-02-22T16:03:59.958525Z
Failed qa: 1989-02-24T15:51:35.966529Z
Failed qa: 1989-03-12T15:51:09.824050Z
.......Failed qa: 1989-03-26T16:03:15.3130560Z
.......Failed qa: 1989-04-11T16:03:14.384569Z
Failed qa: 1989-04-13T15:50:51.166050Z
.......Failed qa: 1989-04-29T15:50:43.6680310Z
.......Failed qa: 1989-05-13T16:02:39.188553Z
Failed qa: 1989-05-15T15:50:26.6690380Z
.......Failed qa: 1989-05-29T16:02:25.655038Z
..............Failed qa: 1989-06-24T15:55:11.432025Z
Failed qa: 1989-06-30T16:01:47.570082Z
Failed qa: 1989-07-02T15:49:23.607050Z
.......Failed qa: 1989-07-16T16:01:27.153562Z
Failed qa: 1989-07-18T15:49:02.944556Z
.......Failed qa: 1989-07-26T15:55:13.925047Z
Failed qa: 1989-08-01T16:01:07.849057Z
Failed qa: 1989-08-19T15:48:19.909563Z
.......Failed qa: 1989-09-02T16:00:25.390003Z
Failed qa: 1989-09-04T15:48:00.997047Z
Failed qa: 1989-09-18T15:59:52.812078Z
Failed qa: 1989-09-20T15:47:29.165541Z
.......Failed qa: 1989-10-04T15:59:44.192047Z
Failed qa: 1989-10-06T15:47:19.060540Z
.......Failed qa: 1989-10-22T15:46:35.629038Z
Failed qa: 1989-11-07T15:46:18.461584Z
Failed qa: 1989-11-21T15:58:04.024025Z
Data has been pickled and saved to '/efs/timesync/1989/audit/1989_2538_1211_qa_rejects.p'.
Success tracking goes here
