{'project_id': '1211', 'year': '1989', 'x': 433440, 'y': 2566350, 'plot_id': '643', 'strata': '41'}
Pandas(Index=0, project_id='1211', plot_id='643', x=433440, y=2566350)
called process_plot
Pandas(Index=0, project_id='1211', plot_id='643', x=433440, y=2566350)
643
Directory '/efs/timesync/1989/audit/' already exists.
Data has been pickled and saved to '/efs/timesync/1989/audit/1989_0643_1211.p'.
............................Failed qa: 1989-01-05T16:04:36.2730380Z
............................Failed qa: 1989-01-12T16:10:15.3540310Z
Failed qa: 1989-01-12T16:10:27.264031Z
........................................................Failed qa: 1989-01-28T16:09:52.269053Z
Failed qa: 1989-01-28T16:10:16.162060Z
Failed qa: 1989-02-02T16:28:39.7270380Z
Failed qa: 1989-02-02T16:28:39.7270380Z
............................Failed qa: 1989-02-06T16:04:19.5040440Z
............................Failed qa: 1989-02-18T16:28:23.314500Z
Failed qa: 1989-02-18T16:28:47.137047Z
............................Failed qa: 1989-02-22T16:04:11.8700310Z
............................Failed qa: 1989-03-01T16:09:39.127547Z
Failed qa: 1989-03-01T16:10:02.951031Z
Failed qa: 1989-03-06T16:28:03.409019Z
Failed qa: 1989-03-06T16:28:27.232528Z
............................Failed qa: 1989-03-17T16:08:58.927050Z
Failed qa: 1989-03-17T16:09:10.7680190Z
Failed qa: 1989-03-22T16:27:22.816560Z
Failed qa: 1989-03-22T16:27:34.7290750Z
Failed qa: 1989-03-24T16:15:35.0540560Z
Failed qa: 1989-03-24T16:15:35.0540560Z
Failed qa: 1989-03-31T16:21:03.0210310Z
Failed qa: 1989-03-31T16:21:03.0210310Z
Failed qa: 1989-04-02T16:09:08.7540310Z
Failed qa: 1989-04-02T16:09:20.595515Z
Failed qa: 1989-04-07T16:27:34.254044Z
Failed qa: 1989-04-07T16:27:58.080557Z
............................Failed qa: 1989-04-11T16:03:26.2980750Z
............................Failed qa: 1989-04-18T16:08:51.354044Z
Failed qa: 1989-04-18T16:09:15.182028Z
Failed qa: 1989-04-23T16:27:17.574019Z
Failed qa: 1989-04-23T16:27:41.402031Z
........................................................Failed qa: 1989-05-09T16:27:05.018575Z
Failed qa: 1989-05-09T16:27:28.848069Z
............................Failed qa: 1989-05-13T16:02:51.1030810Z
Failed qa: 1989-05-20T16:08:29.4960310Z
Failed qa: 1989-05-20T16:08:41.411035Z
............................Failed qa: 1989-05-29T16:02:37.5700750Z
............................Failed qa: 1989-06-04T16:20:05.3290630Z
Failed qa: 1989-06-04T16:20:05.3290630Z
Failed qa: 1989-06-05T16:08:17.1180000Z
Failed qa: 1989-06-05T16:08:29.033519Z
Failed qa: 1989-06-10T16:26:29.646544Z
Failed qa: 1989-06-10T16:26:53.478072Z
............................Failed qa: 1989-06-21T16:07:39.945578Z
Failed qa: 1989-06-21T16:08:03.778572Z
Failed qa: 1989-06-26T16:26:22.0860130Z
Failed qa: 1989-06-26T16:26:34.002541Z
............................Failed qa: 1989-06-30T16:01:59.4870750Z
............................Failed qa: 1989-07-07T16:07:24.871556Z
Failed qa: 1989-07-07T16:07:48.706041Z
............................Failed qa: 1989-07-16T16:01:38.9990810Z
............................Failed qa: 1989-07-23T16:07:05.927075Z
Failed qa: 1989-07-23T16:07:29.763066Z
Failed qa: 1989-07-28T16:25:32.766047Z
Failed qa: 1989-07-28T16:25:56.530547Z
Failed qa: 1989-08-01T16:01:19.7670940Z
............................Failed qa: 1989-08-08T16:06:45.069088Z
Failed qa: 1989-08-08T16:06:56.9160810Z
Failed qa: 1989-08-13T16:25:10.019541Z
Failed qa: 1989-08-13T16:25:33.858018Z
Failed qa: 1989-08-15T16:12:33.0650190Z
Failed qa: 1989-08-15T16:12:33.0650190Z
............................Failed qa: 1989-08-29T16:24:38.3760880Z
Failed qa: 1989-09-02T16:00:37.3100060Z
Failed qa: 1989-09-14T16:24:14.434547Z
Failed qa: 1989-09-14T16:24:38.275575Z
............................Failed qa: 1989-09-18T16:00:04.6610810Z
............................Failed qa: 1989-09-25T16:05:36.730513Z
Failed qa: 1989-09-25T16:06:00.573038Z
Failed qa: 1989-09-30T16:24:07.613037Z
Failed qa: 1989-09-30T16:24:19.5350000Z
............................Failed qa: 1989-10-04T15:59:56.1140250Z
............................Failed qa: 1989-10-11T16:05:13.385516Z
Failed qa: 1989-10-11T16:05:37.158041Z
Failed qa: 1989-10-16T16:24:06.6720880Z
........................................................Failed qa: 1989-10-27T16:04:36.480038Z
Failed qa: 1989-10-27T16:04:48.4030310Z
Failed qa: 1989-11-01T16:22:56.7110310Z
............................Failed qa: 1989-11-12T16:04:12.166043Z
Failed qa: 1989-11-12T16:04:35.941503Z
Failed qa: 1989-11-17T16:22:19.8050690Z
Failed qa: 1989-11-17T16:23:07.3560440Z
............................Failed qa: 1989-11-21T15:58:15.9480000Z
Data has been pickled and saved to '/efs/timesync/1989/audit/1989_0643_1211_qa_rejects.p'.
Success tracking goes here
