{'project_id': '1211', 'year': '1989', 'x': -1067760, 'y': 1962180, 'plot_id': '2843', 'strata': '41'}
Pandas(Index=0, project_id='1211', plot_id='2843', x=-1067760, y=1962180)
called process_plot
Pandas(Index=0, project_id='1211', plot_id='2843', x=-1067760, y=1962180)
2843
Directory '/efs/timesync/1989/audit/' already exists.
Data has been pickled and saved to '/efs/timesync/1989/audit/1989_2843_1211.p'.
Failed qa: 1989-01-14T17:37:55.9290500Z
Failed qa: 1989-01-30T17:37:49.1390630Z
Failed qa: 1989-02-15T17:37:47.4910440Z
Failed qa: 1989-03-19T17:36:51.2380130Z
............................Failed qa: 1989-04-04T17:36:54.5340750Z
Failed qa: 1989-04-08T17:12:37.9050940Z
Failed qa: 1989-04-08T17:12:49.890566Z
Failed qa: 1989-04-13T17:30:55.778582Z
Failed qa: 1989-04-13T17:31:19.749569Z
Failed qa: 1989-04-15T17:18:55.644072Z
Failed qa: 1989-04-15T17:18:31.744594Z
Failed qa: 1989-04-15T17:18:55.644072Z
............................Failed qa: 1989-04-24T17:12:20.0270810Z
Failed qa: 1989-04-24T17:12:32.013063Z
Failed qa: 1989-04-29T17:30:36.512541Z
Failed qa: 1989-04-29T17:31:00.556538Z
Failed qa: 1989-05-01T17:18:38.524072Z
Failed qa: 1989-05-01T17:18:14.552041Z
Failed qa: 1989-05-01T17:18:38.524072Z
Failed qa: 1989-05-06T17:36:31.4910380Z
............................Failed qa: 1989-05-10T17:12:30.7540630Z
Failed qa: 1989-05-15T17:30:19.517054Z
Failed qa: 1989-05-15T17:30:43.490531Z
Failed qa: 1989-05-17T17:18:18.145572Z
Failed qa: 1989-05-17T17:17:54.172528Z
Failed qa: 1989-05-17T17:18:18.145572Z
Failed qa: 1989-05-22T17:36:12.1010190Z
............................Failed qa: 1989-05-26T17:11:50.4900000Z
Failed qa: 1989-05-26T17:12:02.477000Z
Failed qa: 1989-05-31T17:30:06.987041Z
Failed qa: 1989-05-31T17:30:30.961544Z
Failed qa: 1989-06-02T17:18:07.318572Z
Failed qa: 1989-06-02T17:17:43.344051Z
Failed qa: 1989-06-02T17:18:07.318572Z
Failed qa: 1989-06-07T17:35:57.2200690Z
............................Failed qa: 1989-06-11T17:11:30.6870060Z
Failed qa: 1989-06-11T17:11:42.674534Z
Failed qa: 1989-06-16T17:29:39.844019Z
Failed qa: 1989-06-16T17:30:03.820022Z
............................Failed qa: 1989-06-18T17:17:41.464565Z
Failed qa: 1989-06-18T17:17:17.488088Z
Failed qa: 1989-06-18T17:17:41.464565Z
Failed qa: 1989-06-19T17:16:53.6460250Z
Failed qa: 1989-06-19T17:16:53.6460250Z
Failed qa: 1989-06-23T17:35:33.5640310Z
Failed qa: 1989-06-24T17:35:16.280026Z
Failed qa: 1989-06-24T17:35:40.249553Z
............................Failed qa: 1989-06-26T17:23:18.871581Z
Failed qa: 1989-06-26T17:22:54.902041Z
Failed qa: 1989-06-26T17:23:18.871581Z
Failed qa: 1989-07-02T17:29:28.187563Z
Failed qa: 1989-07-02T17:29:52.165078Z
Failed qa: 1989-07-04T17:17:27.548025Z
Failed qa: 1989-07-04T17:17:03.570059Z
Failed qa: 1989-07-04T17:17:27.548025Z
Failed qa: 1989-07-05T17:16:55.6090750Z
Failed qa: 1989-07-05T17:17:07.594072Z
Failed qa: 1989-07-09T17:35:17.6890190Z
Failed qa: 1989-07-10T17:35:19.917559Z
Failed qa: 1989-07-10T17:35:43.887547Z
Failed qa: 1989-07-12T17:23:22.757053Z
Failed qa: 1989-07-12T17:23:10.7720560Z
Failed qa: 1989-07-12T17:23:22.757053Z
Failed qa: 1989-07-13T17:10:53.0110810Z
Failed qa: 1989-07-13T17:11:05.000075Z
Failed qa: 1989-07-18T17:29:07.645538Z
Failed qa: 1989-07-18T17:29:31.624059Z
Failed qa: 1989-07-20T17:17:06.674031Z
Failed qa: 1989-07-20T17:16:42.766566Z
Failed qa: 1989-07-20T17:17:06.674031Z
Failed qa: 1989-07-25T17:34:58.6400690Z
Failed qa: 1989-07-26T17:35:18.695066Z
Failed qa: 1989-07-26T17:35:42.665063Z
Failed qa: 1989-07-29T17:10:34.6370810Z
Failed qa: 1989-07-29T17:10:46.627085Z
Failed qa: 1989-08-03T17:28:35.6420750Z
Failed qa: 1989-08-03T17:29:23.6040000Z
Failed qa: 1989-08-05T17:16:47.866563Z
Failed qa: 1989-08-05T17:16:23.886040Z
Failed qa: 1989-08-05T17:16:47.866563Z
Failed qa: 1989-08-10T17:34:36.2500750Z
Failed qa: 1989-08-11T17:35:19.649059Z
Failed qa: 1989-08-11T17:35:43.619053Z
............................Failed qa: 1989-08-14T17:10:11.6730190Z
Failed qa: 1989-08-14T17:10:23.664016Z
Failed qa: 1989-08-19T17:28:24.667556Z
Failed qa: 1989-08-19T17:28:48.650522Z
Failed qa: 1989-08-21T17:16:25.632522Z
Failed qa: 1989-08-21T17:16:01.649547Z
Failed qa: 1989-08-21T17:16:25.632522Z
Failed qa: 1989-08-26T17:34:16.4130060Z
Failed qa: 1989-08-27T17:35:17.825540Z
Failed qa: 1989-08-27T17:35:41.795072Z
Failed qa: 1989-08-28T17:22:40.5920690Z
Failed qa: 1989-08-28T17:22:40.5920690Z
Failed qa: 1989-08-30T17:09:52.1370810Z
Failed qa: 1989-08-30T17:10:04.129047Z
Failed qa: 1989-09-04T17:28:05.723084Z
Failed qa: 1989-09-04T17:28:29.707072Z
Failed qa: 1989-09-06T17:16:04.442560Z
Failed qa: 1989-09-06T17:15:40.530085Z
Failed qa: 1989-09-06T17:16:04.442560Z
Failed qa: 1989-09-07T17:16:56.3140750Z
Failed qa: 1989-09-07T17:17:08.299065Z
Failed qa: 1989-09-11T17:33:47.9170630Z
Failed qa: 1989-09-12T17:35:16.384038Z
Failed qa: 1989-09-12T17:35:40.425044Z
............................Failed qa: 1989-09-15T17:09:17.4780560Z
Failed qa: 1989-09-15T17:09:29.470553Z
Failed qa: 1989-09-20T17:27:34.014078Z
Failed qa: 1989-09-20T17:27:58.000053Z
Failed qa: 1989-09-22T17:15:35.109544Z
Failed qa: 1989-09-22T17:15:11.124000Z
Failed qa: 1989-09-22T17:15:35.109544Z
Failed qa: 1989-09-27T17:33:31.5890750Z
Failed qa: 1989-09-28T17:35:13.554057Z
Failed qa: 1989-09-28T17:35:37.524032Z
............................Failed qa: 1989-10-01T17:09:10.1540560Z
Failed qa: 1989-10-01T17:09:22.147547Z
Failed qa: 1989-10-06T17:27:23.721041Z
Failed qa: 1989-10-06T17:27:47.708535Z
Failed qa: 1989-10-08T17:15:09.5760190Z
Failed qa: 1989-10-08T17:15:21.498025Z
Failed qa: 1989-10-08T17:14:57.582028Z
Failed qa: 1989-10-08T17:15:21.498025Z
............................Failed qa: 1989-10-17T17:08:30.7830750Z
Failed qa: 1989-10-17T17:08:42.777563Z
Failed qa: 1989-10-22T17:26:40.295579Z
Failed qa: 1989-10-22T17:27:04.285044Z
Failed qa: 1989-10-24T17:14:38.909557Z
Failed qa: 1989-10-24T17:14:14.992060Z
Failed qa: 1989-10-24T17:14:38.909557Z
Failed qa: 1989-10-29T17:32:32.0040940Z
Data has been pickled and saved to '/efs/timesync/1989/audit/1989_2843_1211_qa_rejects.p'.
Success tracking goes here
