{'project_id': '1211', 'year': '1989', 'x': 255600, 'y': 2601600, 'plot_id': '848', 'strata': '41'}
Pandas(Index=0, project_id='1211', plot_id='848', x=255600, y=2601600)
called process_plot
Pandas(Index=0, project_id='1211', plot_id='848', x=255600, y=2601600)
848
Directory '/efs/timesync/1989/audit/' already exists.
Data has been pickled and saved to '/efs/timesync/1989/audit/1989_0848_1211.p'.
Failed qa: 1989-01-10T16:22:28.001544Z
Failed qa: 1989-01-24T16:34:32.886512Z
Failed qa: 1989-01-26T16:22:11.899544Z
.......Failed qa: 1989-02-09T16:34:46.9060130Z
Failed qa: 1989-02-11T16:22:14.853528Z
.......Failed qa: 1989-02-27T16:22:03.495060Z
.......Failed qa: 1989-03-15T16:21:31.052047Z
.......Failed qa: 1989-03-31T16:21:03.0210310Z
.......Failed qa: 1989-04-16T16:21:17.102028Z
.......Failed qa: 1989-04-30T16:33:23.606582Z
Failed qa: 1989-05-02T16:21:01.065544Z
.......Failed qa: 1989-05-16T16:33:04.893044Z
..............Failed qa: 1989-06-17T16:32:26.833544Z
Failed qa: 1989-06-19T16:20:03.697053Z
.......Failed qa: 1989-07-03T16:32:13.939087Z
Failed qa: 1989-07-05T16:19:49.079066Z
Failed qa: 1989-07-19T16:31:53.266575Z
Failed qa: 1989-07-21T16:19:29.335056Z
Failed qa: 1989-07-27T16:38:06.033053Z
.......Failed qa: 1989-08-04T16:31:33.932534Z
.......Failed qa: 1989-08-12T16:38:18.2780690Z
.......Failed qa: 1989-08-22T16:18:59.4770130Z
Failed qa: 1989-08-28T16:38:04.966503Z
Failed qa: 1989-08-29T16:24:38.3760880Z
Failed qa: 1989-09-05T16:30:51.121013Z
.......Failed qa: 1989-09-23T16:17:58.293075Z
.......Failed qa: 1989-10-07T16:29:56.9830630Z
.......Failed qa: 1989-10-23T16:29:25.587022Z
Failed qa: 1989-10-25T16:17:00.076056Z
Failed qa: 1989-11-01T16:22:56.7110310Z
Failed qa: 1989-11-17T16:22:19.8050690Z
Data has been pickled and saved to '/efs/timesync/1989/audit/1989_0848_1211_qa_rejects.p'.
Success tracking goes here
