{'project_id': '1211', 'year': '1989', 'x': -2114640, 'y': 2504460, 'plot_id': '1895', 'strata': '41'}
Pandas(Index=0, project_id='1211', plot_id='1895', x=-2114640, y=2504460)
called process_plot
Pandas(Index=0, project_id='1211', plot_id='1895', x=-2114640, y=2504460)
1895
Directory '/efs/timesync/1989/audit/' already exists.
Data has been pickled and saved to '/efs/timesync/1989/audit/1989_1895_1211.p'.
Failed qa: 1989-01-08T18:14:45.1530440Z
..............Failed qa: 1989-01-24T18:14:37.695541Z
Failed qa: 1989-02-09T18:14:39.629554Z
Failed qa: 1989-02-25T18:14:19.9680130Z
Failed qa: 1989-03-13T18:14:03.833528Z
..............Failed qa: 1989-04-03T18:32:07.0140560Z
..............Failed qa: 1989-04-12T18:26:10.372047Z
Failed qa: 1989-04-12T18:25:58.4580880Z
Failed qa: 1989-04-14T18:13:46.569019Z
Failed qa: 1989-04-28T18:25:50.276038Z
Failed qa: 1989-04-28T18:25:38.3620060Z
Failed qa: 1989-05-05T18:31:46.0770690Z
..............Failed qa: 1989-05-08T18:18:00.077582Z
Failed qa: 1989-05-14T18:25:34.568557Z
Failed qa: 1989-05-14T18:25:22.6540250Z
Failed qa: 1989-05-16T18:13:09.567026Z
..............Failed qa: 1989-05-24T18:17:52.8750000Z
Failed qa: 1989-06-01T18:12:57.652513Z
Failed qa: 1989-06-06T18:31:12.4080940Z
..............Failed qa: 1989-06-15T18:24:41.5520630Z
Failed qa: 1989-06-15T18:24:41.5520630Z
Failed qa: 1989-06-17T18:12:31.603544Z
..............Failed qa: 1989-06-25T18:18:08.334069Z
Failed qa: 1989-07-01T18:24:43.088019Z
Failed qa: 1989-07-01T18:24:31.1710250Z
Failed qa: 1989-07-03T18:12:18.571037Z
Failed qa: 1989-07-08T18:30:32.4990440Z
..............Failed qa: 1989-07-11T18:18:12.117572Z
Failed qa: 1989-07-17T18:24:22.458516Z
Failed qa: 1989-07-17T18:24:10.6130000Z
Failed qa: 1989-07-19T18:11:57.888025Z
Failed qa: 1989-07-24T18:30:13.4730500Z
..............Failed qa: 1989-07-27T18:18:10.816066Z
Failed qa: 1989-08-02T18:24:02.855044Z
Failed qa: 1989-08-02T18:23:50.9370060Z
Failed qa: 1989-08-04T18:11:38.604050Z
Failed qa: 1989-08-09T18:29:51.7820000Z
..............Failed qa: 1989-08-18T18:23:38.788579Z
Failed qa: 1989-08-18T18:23:26.9410690Z
Failed qa: 1989-08-20T18:11:15.707547Z
Failed qa: 1989-09-03T18:23:20.640060Z
Failed qa: 1989-09-03T18:23:08.7200500Z
Failed qa: 1989-09-05T18:10:55.800063Z
Failed qa: 1989-09-10T18:29:04.6330630Z
..............Failed qa: 1989-09-19T18:22:48.644063Z
Failed qa: 1989-09-19T18:22:36.7230630Z
Failed qa: 1989-09-21T18:10:24.255538Z
Failed qa: 1989-09-26T18:28:45.4090810Z
..............Failed qa: 1989-10-05T18:22:39.166057Z
Failed qa: 1989-10-05T18:22:27.2440690Z
Failed qa: 1989-10-07T18:10:01.5710440Z
..............Failed qa: 1989-10-28T18:27:45.5600190Z
..............Failed qa: 1989-11-06T18:21:38.797557Z
Failed qa: 1989-11-06T18:21:26.9460630Z
Failed qa: 1989-11-14T18:30:16.1020380Z
..............Failed qa: 1989-11-22T18:21:00.642038Z
Failed qa: 1989-11-22T18:20:48.7900440Z
Failed qa: 1989-11-30T18:30:14.0470880Z
..............Data has been pickled and saved to '/efs/timesync/1989/audit/1989_1895_1211_qa_rejects.p'.
Success tracking goes here
