{'project_id': '1211', 'year': '1989', 'x': -509850, 'y': 2580720, 'plot_id': '2442', 'strata': '41'}
Pandas(Index=0, project_id='1211', plot_id='2442', x=-509850, y=2580720)
called process_plot
Pandas(Index=0, project_id='1211', plot_id='2442', x=-509850, y=2580720)
2442
Directory '/efs/timesync/1989/audit/' already exists.
Data has been pickled and saved to '/efs/timesync/1989/audit/1989_2442_1211.p'.
Failed qa: 1989-03-16T17:04:28.9700560Z
.......Failed qa: 1989-04-08T17:10:50.540562Z
Failed qa: 1989-04-10T16:58:40.3810310Z
Failed qa: 1989-04-15T17:16:56.219544Z
Failed qa: 1989-04-17T17:04:19.0070310Z
Failed qa: 1989-05-01T17:16:39.021550Z
Failed qa: 1989-05-03T17:04:04.2420750Z
Failed qa: 1989-05-10T17:10:19.261569Z
Failed qa: 1989-05-17T17:16:18.638009Z
.......Failed qa: 1989-05-26T17:10:02.965544Z
Failed qa: 1989-05-28T16:57:51.9850060Z
Failed qa: 1989-06-02T17:16:07.803566Z
.......Failed qa: 1989-06-11T17:09:43.299053Z
Failed qa: 1989-06-18T17:15:30.0980190Z
Failed qa: 1989-06-19T17:15:06.138519Z
.......Failed qa: 1989-06-26T17:21:07.5370380Z
Failed qa: 1989-07-04T17:15:16.1010500Z
Failed qa: 1989-07-05T17:15:08.101550Z
Failed qa: 1989-07-07T17:03:00.2750060Z
Failed qa: 1989-07-12T17:21:23.335091Z
Failed qa: 1989-07-13T17:08:53.6960130Z
Failed qa: 1989-07-14T17:08:49.9090750Z
Failed qa: 1989-07-15T16:56:53.9030380Z
Failed qa: 1989-07-20T17:15:07.210028Z
.......Failed qa: 1989-07-29T17:08:47.229572Z
Failed qa: 1989-07-31T16:56:34.8490880Z
Failed qa: 1989-08-05T17:14:48.465531Z
.......Failed qa: 1989-08-14T17:08:24.256538Z
.......Failed qa: 1989-08-16T16:56:10.2890250Z
Failed qa: 1989-08-21T17:14:26.149518Z
.......Failed qa: 1989-08-30T17:08:04.571059Z
Failed qa: 1989-09-01T16:55:52.0740810Z
Failed qa: 1989-09-06T17:14:04.953063Z
Failed qa: 1989-09-07T17:15:08.807513Z
.......Failed qa: 1989-09-15T17:07:29.904556Z
Failed qa: 1989-09-17T16:55:19.1920500Z
Failed qa: 1989-09-22T17:13:23.6180250Z
.......Failed qa: 1989-10-01T17:07:34.4940250Z
Failed qa: 1989-10-03T16:55:10.8120630Z
Failed qa: 1989-10-08T17:13:10.0670810Z
.......Failed qa: 1989-10-17T17:06:43.336572Z
Failed qa: 1989-10-24T17:12:39.465562Z
Data has been pickled and saved to '/efs/timesync/1989/audit/1989_2442_1211_qa_rejects.p'.
Success tracking goes here
