{'project_id': '1211', 'year': '1989', 'x': -557190, 'y': 2644080, 'plot_id': '1190', 'strata': '41'}
Pandas(Index=0, project_id='1211', plot_id='1190', x=-557190, y=2644080)
called process_plot
Pandas(Index=0, project_id='1211', plot_id='1190', x=-557190, y=2644080)
1190
Directory '/efs/timesync/1989/audit/' already exists.
Data has been pickled and saved to '/efs/timesync/1989/audit/1989_1190_1211.p'.
Failed qa: 1989-03-16T17:04:28.9700560Z
..............Failed qa: 1989-04-10T16:58:40.3810310Z
Failed qa: 1989-04-15T17:16:56.219544Z
Failed qa: 1989-04-17T17:04:19.0070310Z
Failed qa: 1989-05-01T17:16:39.021550Z
Failed qa: 1989-05-03T17:04:04.2420750Z
.......Failed qa: 1989-05-17T17:16:18.638009Z
..............Failed qa: 1989-05-28T16:57:51.9850060Z
Failed qa: 1989-06-02T17:16:07.803566Z
..............Failed qa: 1989-06-18T17:15:30.0980190Z
..............Failed qa: 1989-06-26T17:21:07.5370380Z
Failed qa: 1989-07-04T17:15:16.1010500Z
.......Failed qa: 1989-07-07T17:03:00.2750060Z
Failed qa: 1989-07-12T17:21:23.335091Z
Failed qa: 1989-07-13T17:08:53.6960130Z
Failed qa: 1989-07-14T17:08:49.9090750Z
Failed qa: 1989-07-15T16:56:53.9030380Z
Failed qa: 1989-07-20T17:15:07.210028Z
..............Failed qa: 1989-07-31T16:56:34.8490880Z
Failed qa: 1989-08-05T17:14:48.465531Z
.....................Failed qa: 1989-08-16T16:56:10.2890250Z
Failed qa: 1989-08-21T17:14:26.149518Z
..............Failed qa: 1989-09-01T16:55:52.0740810Z
Failed qa: 1989-09-06T17:14:04.953063Z
.....................Failed qa: 1989-09-17T16:55:19.1920500Z
Failed qa: 1989-09-22T17:13:23.6180250Z
..............Failed qa: 1989-10-03T16:55:10.8120630Z
Failed qa: 1989-10-08T17:13:10.0670810Z
..............Failed qa: 1989-10-24T17:12:39.465562Z
Data has been pickled and saved to '/efs/timesync/1989/audit/1989_1190_1211_qa_rejects.p'.
Success tracking goes here
