{'project_id': '1211', 'year': '1989', 'x': -1873770, 'y': 2712150, 'plot_id': '1224', 'strata': '41'}
Pandas(Index=0, project_id='1211', plot_id='1224', x=-1873770, y=2712150)
called process_plot
Pandas(Index=0, project_id='1211', plot_id='1224', x=-1873770, y=2712150)
1224
Directory '/efs/timesync/1989/audit/' already exists.
Data has been pickled and saved to '/efs/timesync/1989/audit/1989_1224_1211.p'.
Failed qa: 1989-01-08T18:14:45.1530440Z
Failed qa: 1989-01-15T18:20:47.0120750Z
..............Failed qa: 1989-02-02T18:08:08.730563Z
............................Failed qa: 1989-03-04T18:19:09.7880060Z
Failed qa: 1989-03-06T18:07:56.1450940Z
............................Failed qa: 1989-03-22T18:07:03.472025Z
..............Failed qa: 1989-04-07T18:07:15.049547Z
Failed qa: 1989-04-12T18:24:58.746572Z
............................Failed qa: 1989-04-23T18:06:58.305054Z
Failed qa: 1989-04-28T18:24:38.646559Z
............................Failed qa: 1989-05-09T18:06:45.805044Z
Failed qa: 1989-05-14T18:24:22.792544Z
..........................................Failed qa: 1989-05-25T18:06:28.408038Z
............................Failed qa: 1989-06-09T18:17:05.9140130Z
Failed qa: 1989-06-09T18:17:05.9140130Z
Failed qa: 1989-06-10T18:06:10.366500Z
Failed qa: 1989-06-15T18:23:29.7680440Z
....................................................................................Failed qa: 1989-07-17T18:23:10.881547Z
..........................................Failed qa: 1989-07-28T18:05:13.503088Z
Failed qa: 1989-08-02T18:22:51.200584Z
............................Failed qa: 1989-08-13T18:04:50.766044Z
Failed qa: 1989-08-18T18:22:27.057047Z
..............Failed qa: 1989-08-29T18:04:31.022585Z
Failed qa: 1989-09-03T18:22:08.976060Z
............................Failed qa: 1989-09-19T18:21:36.975022Z
............................Failed qa: 1989-09-30T18:04:00.4510310Z
Failed qa: 1989-10-05T18:21:27.491053Z
............................Failed qa: 1989-10-16T18:03:11.665569Z
Failed qa: 1989-10-21T18:20:55.7260750Z
............................Failed qa: 1989-11-01T18:03:01.5320250Z
Failed qa: 1989-11-15T18:14:49.2250880Z
Failed qa: 1989-12-01T18:14:31.7920440Z
Data has been pickled and saved to '/efs/timesync/1989/audit/1989_1224_1211_qa_rejects.p'.
Success tracking goes here
