{'project_id': '1211', 'year': '1989', 'x': -981870, 'y': 2061390, 'plot_id': '135', 'strata': '41'}
Pandas(Index=0, project_id='1211', plot_id='135', x=-981870, y=2061390)
called process_plot
Pandas(Index=0, project_id='1211', plot_id='135', x=-981870, y=2061390)
135
Directory '/efs/timesync/1989/audit/' already exists.
Data has been pickled and saved to '/efs/timesync/1989/audit/1989_0135_1211.p'.
.......Failed qa: 1989-04-08T17:12:37.9050940Z
..............Failed qa: 1989-04-24T17:12:20.0270810Z
............................Failed qa: 1989-05-26T17:11:50.4900000Z
..............Failed qa: 1989-06-11T17:11:30.6870060Z
Failed qa: 1989-06-17T17:29:14.1500690Z
.......Failed qa: 1989-06-19T17:16:53.6460250Z
.....................Failed qa: 1989-07-05T17:16:55.6090750Z
.......Failed qa: 1989-07-13T17:10:53.0110810Z
.......Failed qa: 1989-07-29T17:10:34.6370810Z
.......Failed qa: 1989-08-12T17:22:36.3450130Z
Failed qa: 1989-08-14T17:10:11.6730190Z
.......Failed qa: 1989-08-30T17:09:52.1370810Z
.......Failed qa: 1989-09-07T17:16:56.3140750Z
.......Failed qa: 1989-09-15T17:09:17.4780560Z
..............Failed qa: 1989-10-01T17:09:10.1540560Z
..............Failed qa: 1989-10-17T17:08:30.7830750Z
.......Data has been pickled and saved to '/efs/timesync/1989/audit/1989_0135_1211_qa_rejects.p'.
Success tracking goes here
