{'project_id': '1211', 'year': '1989', 'x': -597270, 'y': 1605330, 'plot_id': '2734', 'strata': '41'}
Pandas(Index=0, project_id='1211', plot_id='2734', x=-597270, y=1605330)
called process_plot
Pandas(Index=0, project_id='1211', plot_id='2734', x=-597270, y=1605330)
2734
Directory '/efs/timesync/1989/audit/' already exists.
Data has been pickled and saved to '/efs/timesync/1989/audit/1989_2734_1211.p'.
Failed qa: 1989-01-22T16:49:42.587566Z
Failed qa: 1989-02-07T16:49:45.956543Z
Failed qa: 1989-02-23T16:49:37.348515Z
Failed qa: 1989-03-11T16:49:12.520556Z
...................................Failed qa: 1989-04-12T16:48:40.8650500Z
.......Failed qa: 1989-04-20T16:52:57.745556Z
.......Failed qa: 1989-04-28T16:48:32.681569Z
.....................Failed qa: 1989-05-30T16:48:03.867563Z
............................Failed qa: 1989-07-01T16:47:25.491022Z
.....................Failed qa: 1989-07-17T16:47:04.896041Z
..............Failed qa: 1989-08-02T16:46:45.261041Z
..............Failed qa: 1989-08-18T16:46:21.136056Z
..............Failed qa: 1989-09-03T16:46:03.105069Z
..............Failed qa: 1989-09-19T16:45:31.089072Z
..............Failed qa: 1989-10-21T16:44:37.914556Z
.......Failed qa: 1989-11-06T16:44:21.285059Z
Data has been pickled and saved to '/efs/timesync/1989/audit/1989_2734_1211_qa_rejects.p'.
Success tracking goes here
