{'project_id': '1211', 'year': '1989', 'x': 440940, 'y': 2592750, 'plot_id': '3926', 'strata': '41'}
Pandas(Index=0, project_id='1211', plot_id='3926', x=440940, y=2592750)
called process_plot
Pandas(Index=0, project_id='1211', plot_id='3926', x=440940, y=2592750)
3926
Directory '/efs/timesync/1989/audit/' already exists.
Data has been pickled and saved to '/efs/timesync/1989/audit/1989_3926_1211.p'.
..............Failed qa: 1989-01-12T16:10:15.3540310Z
..............Failed qa: 1989-01-28T16:09:52.269053Z
............................Failed qa: 1989-03-01T16:09:39.127547Z
.......Failed qa: 1989-03-17T16:08:58.927050Z
Failed qa: 1989-03-31T16:21:03.0210310Z
Failed qa: 1989-04-02T16:09:08.7540310Z
..............Failed qa: 1989-04-18T16:08:51.354044Z
.....................Failed qa: 1989-05-20T16:08:29.4960310Z
..............Failed qa: 1989-06-05T16:08:17.1180000Z
.......Failed qa: 1989-06-21T16:07:39.945578Z
..............Failed qa: 1989-07-07T16:07:24.871556Z
..............Failed qa: 1989-07-23T16:07:05.927075Z
.......Failed qa: 1989-08-08T16:06:45.069088Z
Failed qa: 1989-08-15T16:12:33.0650190Z
.....................Failed qa: 1989-09-25T16:05:36.730513Z
..............Failed qa: 1989-10-11T16:05:13.385516Z
..............Failed qa: 1989-10-27T16:04:36.480038Z
.......Failed qa: 1989-11-12T16:04:12.166043Z
.......Data has been pickled and saved to '/efs/timesync/1989/audit/1989_3926_1211_qa_rejects.p'.
Success tracking goes here
