{'project_id': '1211', 'year': '1989', 'x': 579690, 'y': 2379870, 'plot_id': '4488', 'strata': '41'}
Pandas(Index=0, project_id='1211', plot_id='4488', x=579690, y=2379870)
called process_plot
Pandas(Index=0, project_id='1211', plot_id='4488', x=579690, y=2379870)
4488
Directory '/efs/timesync/1989/audit/' already exists.
Data has been pickled and saved to '/efs/timesync/1989/audit/1989_4488_1211.p'.
..............Failed qa: 1989-01-19T16:16:50.958059Z
Failed qa: 1989-01-21T16:04:28.293069Z
.......Failed qa: 1989-02-04T16:16:53.799507Z
.......Failed qa: 1989-02-20T16:16:48.157053Z
..............Failed qa: 1989-03-10T16:04:11.4380380Z
Failed qa: 1989-03-24T16:15:47.038566Z
Failed qa: 1989-03-26T16:03:27.297568Z
.......Failed qa: 1989-04-09T16:16:00.542022Z
..............Failed qa: 1989-04-25T16:15:41.666550Z
Failed qa: 1989-05-11T16:15:27.749544Z
..............Failed qa: 1989-05-27T16:15:12.636540Z
.......Failed qa: 1989-06-04T16:20:17.385072Z
..............Failed qa: 1989-06-28T16:14:34.942035Z
..............Failed qa: 1989-07-14T16:14:27.0190500Z
............................Failed qa: 1989-09-16T16:12:40.056547Z
..............Failed qa: 1989-10-02T16:12:20.1060500Z
..............Failed qa: 1989-10-18T16:11:49.989515Z
Failed qa: 1989-11-03T16:11:33.086091Z
.......Failed qa: 1989-11-19T16:10:52.419503Z
.......Data has been pickled and saved to '/efs/timesync/1989/audit/1989_4488_1211_qa_rejects.p'.
Success tracking goes here
