{'project_id': '1211', 'year': '1989', 'x': 778500, 'y': 2113770, 'plot_id': '3896', 'strata': '41'}
Pandas(Index=0, project_id='1211', plot_id='3896', x=778500, y=2113770)
called process_plot
Pandas(Index=0, project_id='1211', plot_id='3896', x=778500, y=2113770)
3896
Directory '/efs/timesync/1989/audit/' already exists.
Data has been pickled and saved to '/efs/timesync/1989/audit/1989_3896_1211.p'.
Failed qa: 1989-01-05T16:05:00.3790560Z
Failed qa: 1989-01-07T15:53:24.9660940Z
Failed qa: 1989-01-21T16:04:52.185579Z
Failed qa: 1989-01-23T15:52:28.572028Z
Failed qa: 1989-01-23T15:52:52.465022Z
Failed qa: 1989-02-06T16:04:43.6130500Z
Failed qa: 1989-02-08T15:52:32.071079Z
Failed qa: 1989-02-08T15:52:55.965084Z
Failed qa: 1989-02-22T16:04:35.8360880Z
Failed qa: 1989-02-24T15:52:23.756522Z
Failed qa: 1989-02-24T15:52:47.651525Z
Failed qa: 1989-03-03T15:59:02.0800060Z
Failed qa: 1989-03-10T16:04:11.4380380Z
..............Failed qa: 1989-03-26T16:03:51.195069Z
..............Failed qa: 1989-04-11T16:03:50.2690500Z
Failed qa: 1989-04-13T15:51:38.892547Z
Failed qa: 1989-04-13T15:52:02.719588Z
..............Failed qa: 1989-04-29T15:51:31.4690190Z
Failed qa: 1989-04-29T15:51:43.455029Z
..............Failed qa: 1989-05-13T16:03:15.0770000Z
Failed qa: 1989-05-15T15:51:02.557044Z
Failed qa: 1989-05-15T15:51:14.4720250Z
..............Failed qa: 1989-05-29T16:03:01.6880690Z
Failed qa: 1989-05-31T15:50:50.025516Z
Failed qa: 1989-05-31T15:51:13.928041Z
..............Failed qa: 1989-06-16T15:50:58.7720690Z
..............Failed qa: 1989-06-24T15:55:59.228550Z
Failed qa: 1989-06-24T15:56:11.0710190Z
Failed qa: 1989-06-30T16:02:23.6080810Z
Failed qa: 1989-07-02T15:50:11.347035Z
Failed qa: 1989-07-02T15:50:23.1920560Z
..............Failed qa: 1989-07-16T16:02:03.1210880Z
Failed qa: 1989-07-18T15:49:38.8410440Z
Failed qa: 1989-07-18T15:50:26.5110690Z
..............Failed qa: 1989-07-26T15:55:49.8080880Z
Failed qa: 1989-08-01T16:01:43.7480250Z
Failed qa: 1989-08-19T15:49:07.731525Z
Failed qa: 1989-08-19T15:49:31.642063Z
..............Failed qa: 1989-09-02T16:01:01.2930690Z
Failed qa: 1989-09-04T15:48:48.749538Z
Failed qa: 1989-09-04T15:49:12.590025Z
Failed qa: 1989-09-18T16:00:28.7900750Z
Failed qa: 1989-09-20T15:48:17.065066Z
Failed qa: 1989-09-20T15:48:40.907075Z
..............Failed qa: 1989-10-04T16:00:20.1010380Z
Failed qa: 1989-10-06T15:48:06.892019Z
Failed qa: 1989-10-06T15:48:18.8140130Z
Failed qa: 1989-10-22T15:47:23.392009Z
Failed qa: 1989-10-22T15:47:47.237503Z
Failed qa: 1989-11-21T15:58:51.790540Z
Data has been pickled and saved to '/efs/timesync/1989/audit/1989_3896_1211_qa_rejects.p'.
Success tracking goes here
