{'project_id': '1211', 'year': '1989', 'x': -1963230, 'y': 2268510, 'plot_id': '3044', 'strata': '41'}
Pandas(Index=0, project_id='1211', plot_id='3044', x=-1963230, y=2268510)
called process_plot
Pandas(Index=0, project_id='1211', plot_id='3044', x=-1963230, y=2268510)
3044
Directory '/efs/timesync/1989/audit/' already exists.
Data has been pickled and saved to '/efs/timesync/1989/audit/1989_3044_1211.p'.
Failed qa: 1989-01-08T18:14:45.1530440Z
Failed qa: 1989-01-08T18:14:45.1530440Z
Failed qa: 1989-01-15T18:20:47.0120750Z
............................Failed qa: 1989-01-19T17:56:43.6450940Z
............................Failed qa: 1989-01-26T18:02:52.5140750Z
Failed qa: 1989-01-26T18:02:28.5500440Z
Failed qa: 1989-01-26T18:02:40.532060Z
Failed qa: 1989-02-02T18:09:08.5720690Z
Failed qa: 1989-02-02T18:09:20.555037Z
Failed qa: 1989-02-02T18:08:44.678560Z
Failed qa: 1989-02-02T18:09:08.5720690Z
Failed qa: 1989-02-09T18:14:51.612544Z
Failed qa: 1989-02-09T18:15:03.524009Z
Failed qa: 1989-02-09T18:14:39.629554Z
Failed qa: 1989-02-16T18:21:26.3710060Z
Failed qa: 1989-02-16T18:21:26.3710060Z
............................Failed qa: 1989-02-25T18:14:43.863007Z
Failed qa: 1989-02-25T18:15:07.7580000Z
Failed qa: 1989-02-25T18:14:19.9680130Z
Failed qa: 1989-02-27T18:02:55.983057Z
Failed qa: 1989-02-27T18:02:08.121541Z
Failed qa: 1989-02-27T18:02:32.016534Z
............................Failed qa: 1989-03-13T18:14:15.817053Z
Failed qa: 1989-03-13T18:14:27.657525Z
Failed qa: 1989-03-13T18:14:03.833528Z
Failed qa: 1989-03-15T18:01:35.572544Z
Failed qa: 1989-03-15T18:01:59.397060Z
Failed qa: 1989-03-20T18:20:05.494085Z
Failed qa: 1989-03-20T18:20:17.407047Z
............................Failed qa: 1989-03-24T17:55:39.9520190Z
Failed qa: 1989-03-31T18:01:07.9400310Z
Failed qa: 1989-03-31T18:01:55.7350810Z
Failed qa: 1989-04-05T18:20:11.479513Z
Failed qa: 1989-04-05T18:20:23.392544Z
Failed qa: 1989-04-07T18:08:38.7300690Z
Failed qa: 1989-04-07T18:07:27.1060880Z
Failed qa: 1989-04-09T17:55:53.4530810Z
Failed qa: 1989-04-14T18:13:58.554516Z
Failed qa: 1989-04-14T18:14:10.396516Z
Failed qa: 1989-04-14T18:13:46.569019Z
Failed qa: 1989-04-16T18:01:57.5220310Z
Failed qa: 1989-04-16T18:01:21.637041Z
Failed qa: 1989-04-16T18:01:45.536525Z
Failed qa: 1989-04-21T18:20:20.9810690Z
Failed qa: 1989-04-21T18:20:20.9810690Z
............................Failed qa: 1989-04-25T17:55:34.4380500Z
Failed qa: 1989-05-02T18:01:53.622056Z
Failed qa: 1989-05-02T18:01:05.749050Z
Failed qa: 1989-05-02T18:01:29.649566Z
Failed qa: 1989-05-07T18:19:34.275562Z
Failed qa: 1989-05-07T18:19:58.176565Z
Failed qa: 1989-05-08T18:18:00.077582Z
Failed qa: 1989-05-08T18:18:11.9910690Z
Failed qa: 1989-05-08T18:18:00.077582Z
............................Failed qa: 1989-05-11T17:55:20.4640500Z
Failed qa: 1989-05-16T18:13:21.553541Z
Failed qa: 1989-05-16T18:13:33.468529Z
Failed qa: 1989-05-16T18:13:09.567026Z
Failed qa: 1989-05-23T18:19:27.490532Z
Failed qa: 1989-05-23T18:19:51.3210130Z
Failed qa: 1989-05-24T18:17:52.8750000Z
Failed qa: 1989-05-24T18:17:52.8750000Z
............................Failed qa: 1989-05-26T18:06:20.1110940Z
Failed qa: 1989-05-26T18:05:44.228522Z
Failed qa: 1989-05-26T18:06:08.126559Z
Failed qa: 1989-05-27T17:55:05.4150000Z
Failed qa: 1989-06-01T18:13:09.639544Z
Failed qa: 1989-06-01T18:13:21.555044Z
Failed qa: 1989-06-01T18:12:57.652513Z
Failed qa: 1989-06-03T18:01:21.987515Z
Failed qa: 1989-06-03T18:00:34.181051Z
Failed qa: 1989-06-03T18:00:58.012532Z
Failed qa: 1989-06-08T18:19:11.197050Z
Failed qa: 1989-06-08T18:19:35.0290060Z
............................Failed qa: 1989-06-12T17:54:43.6610750Z
Failed qa: 1989-06-17T18:12:43.591554Z
Failed qa: 1989-06-17T18:12:55.436054Z
Failed qa: 1989-06-17T18:12:31.603544Z
Failed qa: 1989-06-19T18:00:56.274012Z
Failed qa: 1989-06-19T18:00:08.464560Z
Failed qa: 1989-06-19T18:00:32.297535Z
Failed qa: 1989-06-24T18:18:49.245022Z
Failed qa: 1989-06-24T18:19:13.1500310Z
Failed qa: 1989-06-25T18:18:08.334069Z
Failed qa: 1989-06-25T18:18:20.1760940Z
Failed qa: 1989-06-25T18:18:08.334069Z
Failed qa: 1989-06-28T17:54:27.8000060Z
Failed qa: 1989-07-03T18:12:30.560016Z
Failed qa: 1989-07-03T18:12:42.405034Z
Failed qa: 1989-07-03T18:12:18.571037Z
Failed qa: 1989-07-05T18:00:41.465025Z
Failed qa: 1989-07-05T17:59:53.653063Z
Failed qa: 1989-07-05T18:00:17.559044Z
Failed qa: 1989-07-10T18:18:32.485528Z
Failed qa: 1989-07-10T18:18:56.3200310Z
Failed qa: 1989-07-11T18:18:24.102578Z
Failed qa: 1989-07-11T18:18:35.945062Z
Failed qa: 1989-07-11T18:18:12.117572Z
Failed qa: 1989-07-14T17:54:07.9240380Z
Failed qa: 1989-07-19T18:12:09.877060Z
Failed qa: 1989-07-19T18:12:21.723040Z
Failed qa: 1989-07-19T18:11:57.888025Z
Failed qa: 1989-07-21T18:00:09.8430500Z
Failed qa: 1989-07-21T17:59:34.018047Z
Failed qa: 1989-07-21T17:59:57.853547Z
Failed qa: 1989-07-26T18:18:13.365028Z
Failed qa: 1989-07-27T18:18:22.801060Z
Failed qa: 1989-07-27T18:18:34.643088Z
Failed qa: 1989-07-27T18:18:10.816066Z
............................Failed qa: 1989-07-29T18:06:25.3870810Z
Failed qa: 1989-07-29T18:05:49.575057Z
Failed qa: 1989-07-29T18:06:13.402084Z
Failed qa: 1989-07-30T17:53:48.9780810Z
Failed qa: 1989-08-04T18:11:50.594075Z
Failed qa: 1989-08-04T18:12:02.441044Z
Failed qa: 1989-08-04T18:11:38.604050Z
Failed qa: 1989-08-06T18:00:02.167537Z
Failed qa: 1989-08-06T17:59:14.349547Z
Failed qa: 1989-08-06T17:59:38.258544Z
Failed qa: 1989-08-11T18:17:39.291547Z
Failed qa: 1989-08-11T18:18:03.201063Z
............................Failed qa: 1989-08-14T18:06:24.0860940Z
Failed qa: 1989-08-14T18:05:48.203037Z
Failed qa: 1989-08-14T18:06:12.101547Z
Failed qa: 1989-08-15T17:53:25.4350940Z
Failed qa: 1989-08-20T18:11:27.699025Z
Failed qa: 1989-08-20T18:11:39.546541Z
Failed qa: 1989-08-20T18:11:15.707547Z
Failed qa: 1989-08-22T17:59:40.166553Z
Failed qa: 1989-08-22T17:58:52.273047Z
Failed qa: 1989-08-22T17:59:16.184035Z
............................Failed qa: 1989-08-31T17:53:06.0180190Z
Failed qa: 1989-09-05T18:11:07.792056Z
Failed qa: 1989-09-05T18:11:19.640088Z
Failed qa: 1989-09-05T18:10:55.800063Z
Failed qa: 1989-09-07T17:59:06.0540440Z
Failed qa: 1989-09-07T17:58:30.149547Z
Failed qa: 1989-09-07T17:58:54.062035Z
Failed qa: 1989-09-12T18:17:00.204060Z
Failed qa: 1989-09-12T18:17:12.124553Z
Failed qa: 1989-09-16T17:52:33.0240500Z
Failed qa: 1989-09-21T18:10:36.248531Z
Failed qa: 1989-09-21T18:10:48.098007Z
Failed qa: 1989-09-21T18:10:24.255538Z
Failed qa: 1989-09-23T17:58:38.9990190Z
Failed qa: 1989-09-23T17:58:03.163538Z
Failed qa: 1989-09-23T17:58:27.006022Z
Failed qa: 1989-09-28T18:16:46.913075Z
............................Failed qa: 1989-10-02T17:52:24.9820130Z
Failed qa: 1989-10-07T18:10:25.414569Z
Failed qa: 1989-10-07T18:10:49.2580940Z
Failed qa: 1989-10-07T18:10:01.5710440Z
Failed qa: 1989-10-14T18:16:14.977547Z
Failed qa: 1989-10-14T18:16:38.8940560Z
............................Failed qa: 1989-10-18T17:51:42.7040880Z
Failed qa: 1989-10-23T18:10:05.9390880Z
Failed qa: 1989-10-23T18:10:05.9390880Z
Failed qa: 1989-10-25T17:57:40.6080880Z
Failed qa: 1989-10-25T17:56:52.7730880Z
Failed qa: 1989-10-25T17:57:40.6080880Z
Failed qa: 1989-10-30T18:15:47.864019Z
Failed qa: 1989-10-30T18:15:59.715040Z
............................Failed qa: 1989-11-07T18:24:37.2180060Z
Failed qa: 1989-11-07T18:24:37.2180060Z
Failed qa: 1989-11-10T17:57:20.8110380Z
Failed qa: 1989-11-10T17:57:20.8110380Z
Failed qa: 1989-11-15T18:15:13.144078Z
Failed qa: 1989-11-15T18:15:25.067582Z
............................Failed qa: 1989-11-26T17:57:16.6200810Z
Failed qa: 1989-12-01T18:14:55.712038Z
Failed qa: 1989-12-01T18:15:07.636040Z
Data has been pickled and saved to '/efs/timesync/1989/audit/1989_3044_1211_qa_rejects.p'.
Success tracking goes here
