{'project_id': '1211', 'year': '1989', 'x': 340680, 'y': 1952790, 'plot_id': '4280', 'strata': '41'}
Pandas(Index=0, project_id='1211', plot_id='4280', x=340680, y=1952790)
called process_plot
Pandas(Index=0, project_id='1211', plot_id='4280', x=340680, y=1952790)
4280
Directory '/efs/timesync/1989/audit/' already exists.
Data has been pickled and saved to '/efs/timesync/1989/audit/1989_4280_1211.p'.
.......Failed qa: 1989-01-10T16:24:27.459554Z
Failed qa: 1989-01-12T16:12:02.903032Z
.......Failed qa: 1989-01-26T16:24:11.363072Z
Failed qa: 1989-01-28T16:11:51.806516Z
Failed qa: 1989-02-11T16:24:26.3070750Z
Failed qa: 1989-02-27T16:24:02.970057Z
Failed qa: 1989-03-01T16:11:38.603516Z
.......Failed qa: 1989-03-17T16:10:58.339035Z
.......Failed qa: 1989-03-31T16:23:14.422559Z
.......Failed qa: 1989-04-16T16:23:16.455531Z
Failed qa: 1989-04-18T16:11:02.8370810Z
.......Failed qa: 1989-05-02T16:23:00.569044Z
.......Failed qa: 1989-05-20T16:10:17.161560Z
.......Failed qa: 1989-06-03T16:22:16.9450380Z
Failed qa: 1989-06-05T16:10:04.717559Z
.......Failed qa: 1989-06-19T16:22:03.220019Z
Failed qa: 1989-06-21T16:09:39.469550Z
.......Failed qa: 1989-07-05T16:21:48.466009Z
Failed qa: 1989-07-07T16:09:24.330537Z
.......Failed qa: 1989-07-21T16:21:28.800562Z
Failed qa: 1989-07-23T16:09:05.322056Z
Failed qa: 1989-08-06T16:21:09.065519Z
.......Failed qa: 1989-08-22T16:20:47.112572Z
Failed qa: 1989-09-09T16:07:58.606031Z
.......Failed qa: 1989-09-23T16:19:57.865019Z
Failed qa: 1989-09-25T16:07:36.303050Z
.......Failed qa: 1989-10-09T16:19:29.2490690Z
Failed qa: 1989-10-11T16:07:12.895062Z
.......Failed qa: 1989-10-25T16:18:59.592031Z
.......Failed qa: 1989-11-10T16:18:39.822056Z
Failed qa: 1989-11-12T16:06:11.544057Z
.......Data has been pickled and saved to '/efs/timesync/1989/audit/1989_4280_1211_qa_rejects.p'.
Success tracking goes here
