{'project_id': '1211', 'year': '1989', 'x': -167970, 'y': 572970, 'plot_id': '4623', 'strata': '41'}
Pandas(Index=0, project_id='1211', plot_id='4623', x=-167970, y=572970)
called process_plot
Pandas(Index=0, project_id='1211', plot_id='4623', x=-167970, y=572970)
4623
Directory '/efs/timesync/1989/audit/' already exists.
Data has been pickled and saved to '/efs/timesync/1989/audit/1989_4623_1211.p'.
Failed qa: 1989-01-03T16:21:21.4530690Z
Failed qa: 1989-02-09T16:39:33.7780000Z
Failed qa: 1989-02-20T16:20:59.0890690Z
Failed qa: 1989-02-25T16:39:25.8850630Z
............................Failed qa: 1989-03-08T16:20:35.9300130Z
Failed qa: 1989-03-13T16:38:57.7860560Z
..............Failed qa: 1989-03-24T16:19:57.8540000Z
........................................................Failed qa: 1989-04-25T16:19:52.5810630Z
............................Failed qa: 1989-05-11T16:19:38.7490310Z
Failed qa: 1989-05-27T16:19:23.7180190Z
Failed qa: 1989-06-12T16:19:01.9750250Z
..............Failed qa: 1989-06-28T16:18:45.8430880Z
..............Failed qa: 1989-07-30T16:18:07.0780560Z
..............Failed qa: 1989-08-15T16:17:43.6850310Z
Failed qa: 1989-09-16T16:16:51.1830440Z
..............Failed qa: 1989-10-02T16:16:43.1010380Z
..............Failed qa: 1989-10-18T16:16:00.8660250Z
............................Failed qa: 1989-11-03T16:15:43.8330750Z
Failed qa: 1989-11-08T16:34:06.1720380Z
..............Data has been pickled and saved to '/efs/timesync/1989/audit/1989_4623_1211_qa_rejects.p'.
Success tracking goes here
