{'project_id': '1211', 'year': '1989', 'x': -1938960, 'y': 2059170, 'plot_id': '3040', 'strata': '41'}
Pandas(Index=0, project_id='1211', plot_id='3040', x=-1938960, y=2059170)
called process_plot
Pandas(Index=0, project_id='1211', plot_id='3040', x=-1938960, y=2059170)
3040
Directory '/efs/timesync/1989/audit/' already exists.
Data has been pickled and saved to '/efs/timesync/1989/audit/1989_3040_1211.p'.
.......Failed qa: 1989-01-19T17:56:55.627550Z
..............Failed qa: 1989-02-18T18:09:15.921563Z
............................Failed qa: 1989-03-24T17:55:51.936525Z
..............Failed qa: 1989-04-09T17:56:05.366581Z
..............Failed qa: 1989-04-25T17:55:46.424040Z
.......Failed qa: 1989-05-09T18:07:45.5940250Z
Failed qa: 1989-05-11T17:55:20.4640500Z
..............Failed qa: 1989-05-27T17:55:17.401547Z
.......Failed qa: 1989-06-10T18:07:22.077031Z
Failed qa: 1989-06-12T17:54:55.649059Z
.......Failed qa: 1989-06-28T17:54:39.788525Z
.......Failed qa: 1989-07-14T17:54:19.841063Z
.......Failed qa: 1989-07-28T18:06:25.156028Z
.......Failed qa: 1989-07-30T17:54:00.968085Z
.....................Failed qa: 1989-08-15T17:53:37.426547Z
.......Failed qa: 1989-08-29T18:05:42.829047Z
Failed qa: 1989-08-31T17:53:18.009547Z
.......Failed qa: 1989-09-16T17:52:45.016550Z
.......Failed qa: 1989-09-30T18:05:00.130582Z
Failed qa: 1989-10-02T17:52:36.903531Z
.......Failed qa: 1989-10-18T17:51:54.626588Z
............................Failed qa: 1989-11-19T17:51:08.9580940Z
.......Data has been pickled and saved to '/efs/timesync/1989/audit/1989_3040_1211_qa_rejects.p'.
Success tracking goes here
