{'project_id': '1211', 'year': '1989', 'x': -157710, 'y': 555120, 'plot_id': '324', 'strata': '41'}
Pandas(Index=0, project_id='1211', plot_id='324', x=-157710, y=555120)
called process_plot
Pandas(Index=0, project_id='1211', plot_id='324', x=-157710, y=555120)
324
Directory '/efs/timesync/1989/audit/' already exists.
Data has been pickled and saved to '/efs/timesync/1989/audit/1989_0324_1211.p'.
Failed qa: 1989-01-03T16:21:21.4530690Z
Failed qa: 1989-02-20T16:20:59.0890690Z
..............Failed qa: 1989-03-08T16:20:35.9300130Z
.......Failed qa: 1989-03-24T16:19:57.8540000Z
............................Failed qa: 1989-04-25T16:19:52.5810630Z
Failed qa: 1989-05-02T16:25:59.7880380Z
.......Failed qa: 1989-05-11T16:19:38.7490310Z
Failed qa: 1989-05-27T16:19:23.7180190Z
Failed qa: 1989-06-12T16:19:01.9750250Z
Failed qa: 1989-06-19T16:25:02.4680380Z
Failed qa: 1989-06-28T16:18:45.8430880Z
Failed qa: 1989-07-21T16:24:27.7840190Z
Failed qa: 1989-07-30T16:18:07.0780560Z
Failed qa: 1989-08-06T16:24:08.2040630Z
Failed qa: 1989-08-15T16:17:43.6850310Z
Failed qa: 1989-09-16T16:16:51.1830440Z
Failed qa: 1989-09-23T16:22:57.1860500Z
Failed qa: 1989-10-02T16:16:43.1010380Z
Failed qa: 1989-10-09T16:22:40.4350310Z
Failed qa: 1989-10-18T16:16:00.8660250Z
Failed qa: 1989-10-25T16:21:58.6500440Z
.......Failed qa: 1989-11-03T16:15:43.8330750Z
.......Data has been pickled and saved to '/efs/timesync/1989/audit/1989_0324_1211_qa_rejects.p'.
Success tracking goes here
