{'project_id': '1211', 'year': '1989', 'x': 1797810, 'y': 2333130, 'plot_id': '2253', 'strata': '41'}
Pandas(Index=0, project_id='1211', plot_id='2253', x=1797810, y=2333130)
called process_plot
Pandas(Index=0, project_id='1211', plot_id='2253', x=1797810, y=2333130)
2253
Directory '/efs/timesync/1989/audit/' already exists.
Data has been pickled and saved to '/efs/timesync/1989/audit/1989_2253_1211.p'.
..............Failed qa: 1989-01-24T14:57:03.365079Z
.......Failed qa: 1989-02-09T14:57:05.496041Z
Failed qa: 1989-02-16T15:02:52.5160310Z
.......Failed qa: 1989-02-25T14:57:09.578044Z
..............Failed qa: 1989-03-13T14:56:29.847575Z
Failed qa: 1989-03-20T15:02:07.516047Z
Failed qa: 1989-03-27T15:08:02.6600310Z
..............Failed qa: 1989-04-14T14:56:12.471544Z
............................Failed qa: 1989-05-16T14:55:11.6840880Z
..............Failed qa: 1989-06-01T14:55:11.547553Z
Failed qa: 1989-06-17T14:54:57.310562Z
..............Failed qa: 1989-07-03T14:54:44.481063Z
.......Failed qa: 1989-07-17T15:06:24.4600190Z
Failed qa: 1989-07-19T14:54:23.729056Z
.....................Failed qa: 1989-08-03T15:06:24.0580000Z
Failed qa: 1989-08-04T14:54:04.474031Z
.......Failed qa: 1989-08-12T15:01:00.7640310Z
..............Failed qa: 1989-08-20T14:53:53.413066Z
Failed qa: 1989-08-26T15:12:33.0020130Z
.......Failed qa: 1989-08-28T15:00:35.407572Z
.......Failed qa: 1989-09-05T14:53:21.763540Z
..............Failed qa: 1989-09-21T14:52:26.2350000Z
..............Failed qa: 1989-10-07T14:52:39.4270060Z
..............Failed qa: 1989-10-23T14:51:56.114531Z
.......Failed qa: 1989-11-06T15:03:41.0360940Z
Failed qa: 1989-11-08T14:51:50.095012Z
.......Data has been pickled and saved to '/efs/timesync/1989/audit/1989_2253_1211_qa_rejects.p'.
Success tracking goes here
