{'project_id': '1211', 'year': '1989', 'x': -854760, 'y': 1852740, 'plot_id': '3177', 'strata': '41'}
Pandas(Index=0, project_id='1211', plot_id='3177', x=-854760, y=1852740)
called process_plot
Pandas(Index=0, project_id='1211', plot_id='3177', x=-854760, y=1852740)
3177
Directory '/efs/timesync/1989/audit/' already exists.
Data has been pickled and saved to '/efs/timesync/1989/audit/1989_3177_1211.p'.
Failed qa: 1989-04-01T17:06:32.199028Z
.......Failed qa: 1989-04-15T17:18:55.644072Z
Failed qa: 1989-04-17T17:06:30.418050Z
.......Failed qa: 1989-05-01T17:18:38.524072Z
Failed qa: 1989-05-03T17:06:15.660528Z
.......Failed qa: 1989-05-17T17:18:18.145572Z
Failed qa: 1989-05-19T17:05:42.6520880Z
.......Failed qa: 1989-06-02T17:18:07.318572Z
Failed qa: 1989-06-04T17:05:55.4570060Z
.......Failed qa: 1989-06-18T17:17:41.464565Z
Failed qa: 1989-06-19T17:16:53.6460250Z
Failed qa: 1989-06-20T17:05:18.049022Z
Failed qa: 1989-06-26T17:23:18.871581Z
Failed qa: 1989-07-04T17:17:27.548025Z
.......Failed qa: 1989-07-12T17:23:22.757053Z
.......Failed qa: 1989-07-14T17:11:01.316041Z
Failed qa: 1989-07-20T17:17:06.674031Z
Failed qa: 1989-07-22T17:04:43.643047Z
.......Failed qa: 1989-08-05T17:16:47.866563Z
Failed qa: 1989-08-07T17:04:23.457534Z
.......Failed qa: 1989-08-15T17:10:57.974038Z
Failed qa: 1989-08-21T17:16:25.632522Z
Failed qa: 1989-08-23T17:04:01.632591Z
.......Failed qa: 1989-08-31T17:10:58.447044Z
Failed qa: 1989-09-06T17:16:04.442560Z
.......Failed qa: 1989-09-08T17:03:50.4000810Z
.......Failed qa: 1989-09-22T17:15:35.109544Z
Failed qa: 1989-09-24T17:03:13.648016Z
.......Failed qa: 1989-10-08T17:15:21.498025Z
Failed qa: 1989-10-10T17:02:53.742057Z
.......Failed qa: 1989-10-24T17:14:38.909557Z
Data has been pickled and saved to '/efs/timesync/1989/audit/1989_3177_1211_qa_rejects.p'.
Success tracking goes here
