{'project_id': '1211', 'year': '1989', 'x': 731430, 'y': 1872420, 'plot_id': '211', 'strata': '41'}
Pandas(Index=0, project_id='1211', plot_id='211', x=731430, y=1872420)
called process_plot
Pandas(Index=0, project_id='1211', plot_id='211', x=731430, y=1872420)
211
Directory '/efs/timesync/1989/audit/' already exists.
Data has been pickled and saved to '/efs/timesync/1989/audit/1989_0211_1211.p'.
Failed qa: 1989-01-07T15:53:36.947584Z
Failed qa: 1989-01-16T15:47:27.0950250Z
Failed qa: 1989-01-21T16:05:40.114553Z
Failed qa: 1989-01-23T15:53:16.501063Z
..............Failed qa: 1989-02-01T15:47:23.3820380Z
Failed qa: 1989-02-06T16:05:55.3660750Z
Failed qa: 1989-02-08T15:53:19.931065Z
Failed qa: 1989-02-17T15:47:19.7010250Z
Failed qa: 1989-02-22T16:05:35.609557Z
Failed qa: 1989-02-24T15:53:11.618509Z
..............Failed qa: 1989-03-10T16:05:11.213056Z
Failed qa: 1989-03-12T15:52:57.4630500Z
..............Failed qa: 1989-03-26T16:04:39.062047Z
Failed qa: 1989-04-06T15:46:29.4150690Z
Failed qa: 1989-04-11T16:04:50.052544Z
Failed qa: 1989-04-13T15:52:26.690584Z
..............Failed qa: 1989-04-22T15:46:13.9540250Z
Failed qa: 1989-04-29T15:52:07.427047Z
..............Failed qa: 1989-05-08T15:46:02.3980750Z
Failed qa: 1989-05-13T16:04:14.866044Z
Failed qa: 1989-05-15T15:52:02.4180690Z
Failed qa: 1989-05-24T15:45:44.2720250Z
Failed qa: 1989-05-29T16:04:01.337029Z
Failed qa: 1989-05-31T15:51:37.902547Z
..............Failed qa: 1989-06-09T15:45:27.1600810Z
Failed qa: 1989-06-14T16:03:35.781557Z
Failed qa: 1989-06-16T15:51:10.760066Z
..............Failed qa: 1989-06-25T15:45:06.3700560Z
Failed qa: 1989-06-30T16:03:23.265050Z
..............Failed qa: 1989-07-11T15:44:48.5070940Z
Failed qa: 1989-07-16T16:03:02.780531Z
Failed qa: 1989-07-18T15:50:38.500559Z
..............Failed qa: 1989-07-27T15:44:29.4750750Z
Failed qa: 1989-08-01T16:02:43.411560Z
Failed qa: 1989-08-12T15:44:07.3740630Z
Failed qa: 1989-08-19T15:49:55.624578Z
..............Failed qa: 1989-08-28T15:43:47.5000250Z
Failed qa: 1989-09-02T16:02:01.109019Z
Failed qa: 1989-09-04T15:49:36.574022Z
Failed qa: 1989-09-13T15:43:14.2980000Z
Failed qa: 1989-09-18T16:01:28.466050Z
Failed qa: 1989-09-20T15:49:04.893040Z
..............Failed qa: 1989-09-29T15:42:51.937538Z
Failed qa: 1989-10-04T16:01:19.781554Z
Failed qa: 1989-10-15T15:42:29.8830880Z
Failed qa: 1989-10-20T16:00:47.5160440Z
Failed qa: 1989-10-22T15:48:11.226512Z
Failed qa: 1989-11-21T15:59:39.628575Z
Data has been pickled and saved to '/efs/timesync/1989/audit/1989_0211_1211_qa_rejects.p'.
Success tracking goes here
