{'project_id': '1211', 'year': '1989', 'x': -981840, 'y': 2411670, 'plot_id': '2971', 'strata': '41'}
Pandas(Index=0, project_id='1211', plot_id='2971', x=-981840, y=2411670)
called process_plot
Pandas(Index=0, project_id='1211', plot_id='2971', x=-981840, y=2411670)
2971
Directory '/efs/timesync/1989/audit/' already exists.
Data has been pickled and saved to '/efs/timesync/1989/audit/1989_2971_1211.p'.
Failed qa: 1989-01-14T17:37:08.1450500Z
Failed qa: 1989-01-30T17:37:01.3530310Z
Failed qa: 1989-02-15T17:36:59.7020380Z
..............Failed qa: 1989-04-04T17:35:54.896513Z
..............Failed qa: 1989-04-15T17:17:55.9320440Z
............................Failed qa: 1989-05-01T17:17:38.7370560Z
Failed qa: 1989-05-06T17:35:31.774535Z
Failed qa: 1989-05-08T17:23:43.8260630Z
Failed qa: 1989-05-08T17:23:43.8260630Z
..............Failed qa: 1989-05-17T17:17:18.3560250Z
Failed qa: 1989-05-22T17:35:12.381556Z
............................Failed qa: 1989-06-02T17:17:07.5250940Z
Failed qa: 1989-06-07T17:34:57.498025Z
..........................................Failed qa: 1989-06-18T17:16:41.7390810Z
Failed qa: 1989-06-23T17:34:33.837553Z
..............Failed qa: 1989-06-25T17:22:23.878072Z
Failed qa: 1989-06-25T17:22:47.7830940Z
Failed qa: 1989-06-26T17:22:19.1610630Z
Failed qa: 1989-07-01T17:40:16.166510Z
..............Failed qa: 1989-07-04T17:16:27.8910190Z
..............Failed qa: 1989-07-12T17:22:23.1180000Z
Failed qa: 1989-07-17T17:40:19.057522Z
..............Failed qa: 1989-07-20T17:16:06.9420380Z
Failed qa: 1989-07-25T17:33:59.050041Z
..............Failed qa: 1989-08-02T17:40:18.225522Z
..............Failed qa: 1989-08-05T17:15:48.2020560Z
Failed qa: 1989-08-10T17:33:36.584066Z
............................Failed qa: 1989-08-18T17:40:04.1040690Z
..............Failed qa: 1989-08-21T17:15:25.8910310Z
Failed qa: 1989-08-26T17:33:16.814063Z
..........................................Failed qa: 1989-09-06T17:15:04.6980310Z
Failed qa: 1989-09-11T17:32:48.171559Z
..........................................Failed qa: 1989-09-22T17:14:35.2880690Z
Failed qa: 1989-09-27T17:32:31.982507Z
..........................................Failed qa: 1989-10-08T17:14:21.7440130Z
Failed qa: 1989-10-13T17:32:02.344526Z
Failed qa: 1989-10-15T17:19:23.2950940Z
..............Failed qa: 1989-10-24T17:13:39.1520250Z
Failed qa: 1989-10-29T17:31:32.400057Z
Data has been pickled and saved to '/efs/timesync/1989/audit/1989_2971_1211_qa_rejects.p'.
Success tracking goes here
