{'project_id': '1211', 'year': '1989', 'x': -73290, 'y': 2264610, 'plot_id': '4419', 'strata': '41'}
Pandas(Index=0, project_id='1211', plot_id='4419', x=-73290, y=2264610)
called process_plot
Pandas(Index=0, project_id='1211', plot_id='4419', x=-73290, y=2264610)
4419
Directory '/efs/timesync/1989/audit/' already exists.
Data has been pickled and saved to '/efs/timesync/1989/audit/1989_4419_1211.p'.
Failed qa: 1989-01-08T16:35:51.9590380Z
Failed qa: 1989-01-08T16:36:03.868550Z
..............Failed qa: 1989-01-22T16:47:43.195091Z
Failed qa: 1989-01-22T16:48:07.088066Z
Failed qa: 1989-01-24T16:35:08.6180380Z
..............Failed qa: 1989-02-07T16:47:58.6130440Z
Failed qa: 1989-02-07T16:48:10.452528Z
Failed qa: 1989-02-09T16:35:22.711015Z
Failed qa: 1989-02-09T16:35:46.605016Z
..............Failed qa: 1989-02-23T16:48:13.7520130Z
Failed qa: 1989-02-25T16:35:26.9350250Z
Failed qa: 1989-02-25T16:35:38.846537Z
Failed qa: 1989-03-04T16:41:04.4210060Z
Failed qa: 1989-03-04T16:41:52.2110500Z
Failed qa: 1989-03-11T16:47:13.257541Z
Failed qa: 1989-03-11T16:47:37.081531Z
..............Failed qa: 1989-03-27T16:46:43.798572Z
Failed qa: 1989-03-27T16:47:07.696537Z
..............Failed qa: 1989-04-12T16:46:53.499019Z
Failed qa: 1989-04-12T16:47:17.398026Z
Failed qa: 1989-04-20T16:50:58.397544Z
Failed qa: 1989-04-20T16:51:22.296006Z
..............Failed qa: 1989-04-28T16:46:45.3100440Z
Failed qa: 1989-04-28T16:46:57.224525Z
Failed qa: 1989-04-30T16:33:59.3500310Z
Failed qa: 1989-04-30T16:34:47.1510130Z
..............Failed qa: 1989-05-14T16:46:17.616531Z
Failed qa: 1989-05-14T16:46:41.518019Z
Failed qa: 1989-05-16T16:33:52.696509Z
Failed qa: 1989-05-16T16:34:16.598018Z
Failed qa: 1989-05-23T16:40:34.2880690Z
Failed qa: 1989-06-17T16:33:14.570537Z
Failed qa: 1989-06-17T16:33:38.475028Z
Failed qa: 1989-07-01T16:45:26.177529Z
Failed qa: 1989-07-01T16:45:50.083054Z
Failed qa: 1989-07-03T16:33:01.679532Z
Failed qa: 1989-07-03T16:33:25.585066Z
..............Failed qa: 1989-07-17T16:45:05.577544Z
Failed qa: 1989-07-17T16:45:29.484516Z
Failed qa: 1989-07-19T16:32:41.009047Z
Failed qa: 1989-07-19T16:33:04.844072Z
..............Failed qa: 1989-07-27T16:38:53.830053Z
Failed qa: 1989-07-27T16:39:17.657069Z
Failed qa: 1989-08-02T16:44:45.933041Z
Failed qa: 1989-08-02T16:45:09.841557Z
Failed qa: 1989-08-04T16:32:21.606553Z
Failed qa: 1989-08-04T16:32:45.515538Z
..............Failed qa: 1989-08-12T16:39:06.0750630Z
Failed qa: 1989-08-12T16:39:06.0750630Z
Failed qa: 1989-08-18T16:44:21.798059Z
Failed qa: 1989-08-18T16:44:45.708582Z
Failed qa: 1989-08-20T16:31:58.808022Z
Failed qa: 1989-08-20T16:32:22.718563Z
Failed qa: 1989-08-27T16:37:50.1920690Z
Failed qa: 1989-08-28T16:38:40.7070000Z
Failed qa: 1989-09-03T16:44:03.760572Z
Failed qa: 1989-09-03T16:44:27.672575Z
Failed qa: 1989-09-05T16:31:38.945056Z
Failed qa: 1989-09-05T16:32:02.785550Z
..............Failed qa: 1989-09-19T16:43:31.664047Z
Failed qa: 1989-09-19T16:43:55.578031Z
Failed qa: 1989-10-07T16:31:08.6580810Z
Failed qa: 1989-10-07T16:31:20.508543Z
..............Failed qa: 1989-10-21T16:42:38.616522Z
Failed qa: 1989-10-21T16:43:02.533540Z
Failed qa: 1989-10-23T16:30:13.206044Z
Failed qa: 1989-10-23T16:30:37.123522Z
Failed qa: 1989-11-06T16:42:09.9860060Z
Failed qa: 1989-11-08T16:30:31.1230440Z
Failed qa: 1989-11-15T16:36:20.0340310Z
..............Data has been pickled and saved to '/efs/timesync/1989/audit/1989_4419_1211_qa_rejects.p'.
Success tracking goes here
