{'project_id': '1211', 'year': '1989', 'x': -1966080, 'y': 2413950, 'plot_id': '3194', 'strata': '41'}
Pandas(Index=0, project_id='1211', plot_id='3194', x=-1966080, y=2413950)
called process_plot
Pandas(Index=0, project_id='1211', plot_id='3194', x=-1966080, y=2413950)
3194
Directory '/efs/timesync/1989/audit/' already exists.
Data has been pickled and saved to '/efs/timesync/1989/audit/1989_3194_1211.p'.
............................Failed qa: 1989-01-15T18:20:47.0120750Z
Failed qa: 1989-01-15T18:20:47.0120750Z
Failed qa: 1989-01-15T18:20:47.0120750Z
Failed qa: 1989-01-17T18:08:57.697069Z
Failed qa: 1989-01-17T18:08:45.7150690Z
Failed qa: 1989-01-17T18:08:45.7150690Z
............................Failed qa: 1989-01-26T18:02:28.5500440Z
Failed qa: 1989-02-02T18:09:08.5720690Z
Failed qa: 1989-02-02T18:08:08.730563Z
Failed qa: 1989-02-02T18:08:44.678560Z
............................Failed qa: 1989-02-16T18:21:26.3710060Z
Failed qa: 1989-02-18T18:09:03.9380880Z
Failed qa: 1989-02-18T18:09:03.9380880Z
............................Failed qa: 1989-02-27T18:01:56.2100310Z
Failed qa: 1989-02-27T18:02:08.121541Z
Failed qa: 1989-03-06T18:08:31.952534Z
Failed qa: 1989-03-06T18:08:08.057066Z
Failed qa: 1989-03-06T18:08:08.057066Z
............................Failed qa: 1989-03-15T18:01:35.572544Z
Failed qa: 1989-03-20T18:19:41.525550Z
Failed qa: 1989-03-20T18:20:05.494085Z
Failed qa: 1989-03-20T18:19:29.612588Z
Failed qa: 1989-03-22T18:07:51.194522Z
Failed qa: 1989-03-22T18:07:15.313016Z
Failed qa: 1989-03-22T18:07:27.369034Z
Failed qa: 1989-03-31T18:01:07.9400310Z
Failed qa: 1989-04-05T18:19:47.509051Z
Failed qa: 1989-04-05T18:20:11.479513Z
Failed qa: 1989-04-05T18:19:35.596019Z
Failed qa: 1989-04-07T18:07:15.049547Z
Failed qa: 1989-04-07T18:07:27.1060880Z
Failed qa: 1989-04-12T18:25:58.4580880Z
............................Failed qa: 1989-04-16T18:01:09.7230630Z
Failed qa: 1989-04-16T18:01:21.637041Z
Failed qa: 1989-04-21T18:20:20.9810690Z
Failed qa: 1989-04-23T18:07:46.033041Z
Failed qa: 1989-04-23T18:07:10.147078Z
Failed qa: 1989-04-23T18:07:22.205038Z
Failed qa: 1989-04-28T18:25:38.3620060Z
Failed qa: 1989-05-02T18:00:53.8350060Z
Failed qa: 1989-05-02T18:01:05.749050Z
Failed qa: 1989-05-07T18:19:22.289075Z
Failed qa: 1989-05-07T18:19:34.275562Z
Failed qa: 1989-05-07T18:19:10.374563Z
............................Failed qa: 1989-05-09T18:07:33.607522Z
Failed qa: 1989-05-09T18:06:57.720010Z
Failed qa: 1989-05-09T18:07:09.706054Z
Failed qa: 1989-05-14T18:25:22.6540250Z
............................Failed qa: 1989-05-23T18:19:03.445019Z
Failed qa: 1989-05-23T18:19:27.490532Z
Failed qa: 1989-05-23T18:18:51.601531Z
............................Failed qa: 1989-05-25T18:07:16.212078Z
Failed qa: 1989-05-25T18:06:40.323060Z
Failed qa: 1989-05-25T18:06:52.310060Z
Failed qa: 1989-05-26T18:05:32.3150190Z
Failed qa: 1989-05-26T18:05:44.228522Z
............................Failed qa: 1989-06-03T18:00:22.3370630Z
Failed qa: 1989-06-03T18:00:34.181051Z
Failed qa: 1989-06-08T18:18:47.150057Z
Failed qa: 1989-06-08T18:19:11.197050Z
Failed qa: 1989-06-08T18:18:35.306057Z
Failed qa: 1989-06-10T18:06:58.101544Z
Failed qa: 1989-06-10T18:06:22.210512Z
Failed qa: 1989-06-10T18:06:34.270012Z
Failed qa: 1989-06-15T18:24:41.5520630Z
............................Failed qa: 1989-06-19T17:59:56.6200500Z
Failed qa: 1989-06-19T18:00:08.464560Z
Failed qa: 1989-06-24T18:18:25.268037Z
Failed qa: 1989-06-24T18:18:49.245022Z
Failed qa: 1989-06-24T18:18:13.351522Z
............................Failed qa: 1989-07-01T18:24:31.1710250Z
............................Failed qa: 1989-07-05T17:59:41.7360630Z
Failed qa: 1989-07-05T17:59:53.653063Z
Failed qa: 1989-07-10T18:18:08.507519Z
Failed qa: 1989-07-10T18:18:32.485528Z
Failed qa: 1989-07-10T18:17:56.662022Z
............................Failed qa: 1989-07-17T18:24:10.6130000Z
............................Failed qa: 1989-07-21T17:59:22.1720500Z
Failed qa: 1989-07-21T17:59:34.018047Z
Failed qa: 1989-07-26T18:17:49.385057Z
Failed qa: 1989-07-26T18:18:13.365028Z
Failed qa: 1989-07-26T18:17:37.467051Z
............................Failed qa: 1989-07-28T18:06:01.248022Z
Failed qa: 1989-07-28T18:05:25.421550Z
Failed qa: 1989-07-28T18:05:37.411543Z
Failed qa: 1989-07-29T18:05:37.7330250Z
Failed qa: 1989-07-29T18:05:49.575057Z
Failed qa: 1989-08-02T18:23:50.9370060Z
............................Failed qa: 1989-08-06T17:59:02.4310380Z
Failed qa: 1989-08-06T17:59:14.349547Z
Failed qa: 1989-08-11T18:17:27.300575Z
Failed qa: 1989-08-11T18:17:39.291547Z
Failed qa: 1989-08-11T18:17:15.382035Z
Failed qa: 1989-08-13T18:05:38.443003Z
Failed qa: 1989-08-13T18:05:02.613528Z
Failed qa: 1989-08-13T18:05:14.604522Z
Failed qa: 1989-08-14T18:05:36.2890750Z
Failed qa: 1989-08-14T18:05:48.203037Z
Failed qa: 1989-08-18T18:23:26.9410690Z
............................Failed qa: 1989-08-22T17:58:40.4250750Z
Failed qa: 1989-08-22T17:58:52.273047Z
Failed qa: 1989-08-29T18:05:18.845579Z
Failed qa: 1989-08-29T18:04:42.942572Z
Failed qa: 1989-08-29T18:04:54.934082Z
Failed qa: 1989-09-03T18:23:08.7200500Z
............................Failed qa: 1989-09-07T17:58:18.2290690Z
Failed qa: 1989-09-07T17:58:30.149547Z
Failed qa: 1989-09-12T18:16:36.219556Z
Failed qa: 1989-09-12T18:17:00.204060Z
Failed qa: 1989-09-12T18:16:24.299063Z
Failed qa: 1989-09-19T18:22:36.7230630Z
............................Failed qa: 1989-09-23T17:57:51.3140500Z
Failed qa: 1989-09-23T17:58:03.163538Z
Failed qa: 1989-09-28T18:16:22.926091Z
Failed qa: 1989-09-28T18:16:46.913075Z
Failed qa: 1989-09-28T18:16:11.004584Z
Failed qa: 1989-09-30T18:04:36.143591Z
Failed qa: 1989-09-30T18:04:12.300563Z
Failed qa: 1989-09-30T18:04:12.300563Z
Failed qa: 1989-10-05T18:22:27.2440690Z
............................Failed qa: 1989-10-14T18:15:50.989054Z
Failed qa: 1989-10-14T18:16:14.977547Z
Failed qa: 1989-10-14T18:15:39.066566Z
Failed qa: 1989-10-16T18:03:59.355553Z
Failed qa: 1989-10-16T18:03:23.516084Z
Failed qa: 1989-10-16T18:03:35.510560Z
Failed qa: 1989-10-23T18:10:05.9390880Z
Failed qa: 1989-10-23T18:08:54.2590560Z
Failed qa: 1989-10-25T17:56:52.7730880Z
Failed qa: 1989-10-25T17:56:52.7730880Z
Failed qa: 1989-10-30T18:15:23.874047Z
Failed qa: 1989-10-30T18:15:47.864019Z
Failed qa: 1989-10-30T18:15:12.023026Z
Failed qa: 1989-11-01T18:03:37.229082Z
Failed qa: 1989-11-01T18:03:13.383057Z
Failed qa: 1989-11-01T18:03:13.383057Z
Failed qa: 1989-11-06T18:21:26.9460630Z
Failed qa: 1989-11-07T18:24:37.2180060Z
Failed qa: 1989-11-15T18:15:01.148591Z
Failed qa: 1989-11-15T18:15:13.144078Z
Failed qa: 1989-11-15T18:14:49.2250880Z
Failed qa: 1989-11-17T18:03:00.114547Z
Failed qa: 1989-11-17T18:02:48.1190500Z
Failed qa: 1989-11-17T18:02:48.1190500Z
Failed qa: 1989-11-22T18:20:48.7900440Z
Failed qa: 1989-12-01T18:14:43.716047Z
Failed qa: 1989-12-01T18:14:55.712038Z
Failed qa: 1989-12-01T18:14:31.7920440Z
Data has been pickled and saved to '/efs/timesync/1989/audit/1989_3194_1211_qa_rejects.p'.
Success tracking goes here
