{'project_id': '1211', 'year': '1989', 'x': -404640, 'y': 1610310, 'plot_id': '1305', 'strata': '41'}
Pandas(Index=0, project_id='1211', plot_id='1305', x=-404640, y=1610310)
called process_plot
Pandas(Index=0, project_id='1211', plot_id='1305', x=-404640, y=1610310)
1305
Directory '/efs/timesync/1989/audit/' already exists.
Data has been pickled and saved to '/efs/timesync/1989/audit/1989_1305_1211.p'.
Failed qa: 1989-01-15T16:43:41.393057Z
.......Failed qa: 1989-01-31T16:43:35.941540Z
.......Failed qa: 1989-02-16T16:43:32.917053Z
.......Failed qa: 1989-03-04T16:43:03.8250190Z
.......Failed qa: 1989-03-18T16:54:48.2120250Z
Failed qa: 1989-03-26T16:58:33.5830440Z
Failed qa: 1989-04-03T16:55:01.132050Z
Failed qa: 1989-04-05T16:42:41.693515Z
.......Failed qa: 1989-04-19T16:54:40.0430190Z
.......Failed qa: 1989-04-21T16:42:27.512037Z
.......Failed qa: 1989-05-05T16:54:28.3440810Z
Failed qa: 1989-05-07T16:42:16.748515Z
Failed qa: 1989-05-21T16:54:08.4930940Z
Failed qa: 1989-05-23T16:41:57.909544Z
.......Failed qa: 1989-06-06T16:53:54.8260630Z
Failed qa: 1989-06-16T16:46:45.2050630Z
Failed qa: 1989-06-24T16:41:31.5910750Z
Failed qa: 1989-06-30T16:59:23.653066Z
.......Failed qa: 1989-07-08T16:53:14.7840750Z
Failed qa: 1989-07-10T16:41:02.856575Z
.......Failed qa: 1989-07-24T16:52:55.7840000Z
Failed qa: 1989-07-26T16:40:43.761553Z
.......Failed qa: 1989-08-09T16:52:34.1250750Z
Failed qa: 1989-08-11T16:40:21.694044Z
.......Failed qa: 1989-08-27T16:40:01.669044Z
Failed qa: 1989-09-02T16:59:24.547516Z
.......Failed qa: 1989-09-10T16:51:47.1210000Z
.......Failed qa: 1989-09-26T16:51:27.6820880Z
Failed qa: 1989-10-14T16:38:45.530557Z
.......Failed qa: 1989-10-28T16:50:27.7730000Z
.......Failed qa: 1989-11-15T16:37:43.570544Z
Failed qa: 1989-12-01T16:37:26.077018Z
Data has been pickled and saved to '/efs/timesync/1989/audit/1989_1305_1211_qa_rejects.p'.
Success tracking goes here
