{'project_id': '1211', 'year': '1989', 'x': 1753920, 'y': 2112750, 'plot_id': '2506', 'strata': '41'}
Pandas(Index=0, project_id='1211', plot_id='2506', x=1753920, y=2112750)
called process_plot
Pandas(Index=0, project_id='1211', plot_id='2506', x=1753920, y=2112750)
2506
Directory '/efs/timesync/1989/audit/' already exists.
Data has been pickled and saved to '/efs/timesync/1989/audit/1989_2506_1211.p'.
Failed qa: 1989-01-13T15:15:59.765572Z
Failed qa: 1989-01-13T15:16:11.8190810Z
..............Failed qa: 1989-01-29T15:15:51.360519Z
Failed qa: 1989-01-29T15:16:15.325507Z
Failed qa: 1989-02-14T15:16:27.2350440Z
..............Failed qa: 1989-03-02T15:15:35.705575Z
Failed qa: 1989-03-02T15:15:59.672559Z
..............Failed qa: 1989-03-18T15:15:07.5150380Z
Failed qa: 1989-03-18T15:15:19.499063Z
..............Failed qa: 1989-04-03T15:15:32.2710750Z
..............Failed qa: 1989-04-19T15:14:47.348529Z
Failed qa: 1989-04-19T15:15:11.319556Z
............................Failed qa: 1989-05-21T15:14:15.630072Z
Failed qa: 1989-05-21T15:14:39.604038Z
..............Failed qa: 1989-06-06T15:14:38.0550690Z
Failed qa: 1989-06-15T15:08:07.3560940Z
Failed qa: 1989-06-22T15:13:48.5230130Z
Failed qa: 1989-06-22T15:14:00.511044Z
..............Failed qa: 1989-07-08T15:13:22.023053Z
Failed qa: 1989-07-08T15:13:46.001047Z
..............Failed qa: 1989-07-24T15:13:03.130566Z
Failed qa: 1989-07-24T15:13:27.038091Z
............................Failed qa: 1989-08-09T15:12:41.472054Z
Failed qa: 1989-08-09T15:13:05.453525Z
Failed qa: 1989-08-10T15:12:58.8400310Z
............................Failed qa: 1989-09-10T15:11:54.497060Z
Failed qa: 1989-09-10T15:12:18.481557Z
Failed qa: 1989-09-11T15:12:56.2350940Z
Failed qa: 1989-09-26T15:11:34.966038Z
Failed qa: 1989-09-26T15:11:46.9590630Z
............................Failed qa: 1989-11-06T15:04:52.7200060Z
Failed qa: 1989-11-13T15:10:06.562044Z
Failed qa: 1989-11-13T15:10:18.5570810Z
..............Data has been pickled and saved to '/efs/timesync/1989/audit/1989_2506_1211_qa_rejects.p'.
Success tracking goes here
