{'project_id': '1211', 'year': '1989', 'x': 13620, 'y': 2085840, 'plot_id': '113', 'strata': '41'}
Pandas(Index=0, project_id='1211', plot_id='113', x=13620, y=2085840)
called process_plot
Pandas(Index=0, project_id='1211', plot_id='113', x=13620, y=2085840)
113
Directory '/efs/timesync/1989/audit/' already exists.
Data has been pickled and saved to '/efs/timesync/1989/audit/1989_0113_1211.p'.
.......Failed qa: 1989-01-10T16:24:15.4780380Z
Failed qa: 1989-01-17T16:30:04.742000Z
Failed qa: 1989-01-24T16:36:20.5120250Z
Failed qa: 1989-01-26T16:23:59.3810500Z
.......Failed qa: 1989-02-11T16:23:38.3750810Z
.......Failed qa: 1989-02-27T16:23:50.9870190Z
Failed qa: 1989-03-06T16:29:38.918513Z
Failed qa: 1989-03-22T16:28:58.333547Z
Failed qa: 1989-03-31T16:23:02.4380310Z
Failed qa: 1989-04-07T16:29:21.6170880Z
Failed qa: 1989-04-16T16:23:04.4700250Z
Failed qa: 1989-04-23T16:28:53.029556Z
.......Failed qa: 1989-05-02T16:22:36.596550Z
Failed qa: 1989-05-09T16:28:40.623563Z
.......Failed qa: 1989-06-03T16:22:04.957544Z
Failed qa: 1989-06-10T16:27:53.2010750Z
.......Failed qa: 1989-06-19T16:21:51.2320000Z
Failed qa: 1989-06-26T16:27:45.718541Z
.......Failed qa: 1989-07-05T16:21:24.488028Z
.......Failed qa: 1989-07-21T16:21:04.821535Z
.......Failed qa: 1989-07-28T16:27:08.255047Z
.......Failed qa: 1989-08-06T16:20:57.0750190Z
Failed qa: 1989-08-12T16:39:53.8720630Z
Failed qa: 1989-08-13T16:26:45.444544Z
.......Failed qa: 1989-08-22T16:20:23.129578Z
Failed qa: 1989-08-28T16:39:52.4730440Z
.......Failed qa: 1989-09-14T16:25:37.8790310Z
Failed qa: 1989-09-23T16:19:45.8720130Z
Failed qa: 1989-09-30T16:25:43.058053Z
.......Failed qa: 1989-10-09T16:19:17.255066Z
.......Failed qa: 1989-10-25T16:18:47.5970630Z
Failed qa: 1989-11-01T16:24:44.090544Z
.......Failed qa: 1989-11-10T16:18:27.8270310Z
Failed qa: 1989-11-17T16:24:07.189522Z
Data has been pickled and saved to '/efs/timesync/1989/audit/1989_0113_1211_qa_rejects.p'.
Success tracking goes here
