{'project_id': '1211', 'year': '1989', 'x': -636450, 'y': 2911800, 'plot_id': '1781', 'strata': '41'}
Pandas(Index=0, project_id='1211', plot_id='1781', x=-636450, y=2911800)
called process_plot
Pandas(Index=0, project_id='1211', plot_id='1781', x=-636450, y=2911800)
1781
Directory '/efs/timesync/1989/audit/' already exists.
Data has been pickled and saved to '/efs/timesync/1989/audit/1989_1781_1211.p'.
.......Failed qa: 1989-04-13T17:28:44.6560940Z
..............Failed qa: 1989-04-29T17:28:25.2390940Z
..............Failed qa: 1989-05-10T17:09:43.3740380Z
Failed qa: 1989-05-15T17:28:08.0950190Z
..............Failed qa: 1989-05-26T17:09:27.0760560Z
Failed qa: 1989-05-31T17:27:55.5580190Z
.......Failed qa: 1989-06-11T17:09:07.4070810Z
Failed qa: 1989-06-16T17:27:28.5500310Z
..............Failed qa: 1989-06-24T17:33:05.0170380Z
.......Failed qa: 1989-07-02T17:27:17.0290190Z
..............Failed qa: 1989-07-18T17:26:56.3370130Z
.......Failed qa: 1989-07-26T17:33:07.4310630Z
Failed qa: 1989-07-29T17:08:11.4750440Z
Failed qa: 1989-08-03T17:26:36.4570810Z
Failed qa: 1989-08-11T17:33:08.3850750Z
.......Failed qa: 1989-08-19T17:26:13.4100000Z
.......Failed qa: 1989-08-27T17:33:06.4200310Z
Failed qa: 1989-08-30T17:07:28.8110940Z
Failed qa: 1989-09-04T17:25:54.3860880Z
.......Failed qa: 1989-09-12T17:33:05.1210750Z
.......Failed qa: 1989-09-20T17:25:22.6670810Z
.......Failed qa: 1989-09-28T17:33:02.1480940Z
.......Failed qa: 1989-10-06T17:25:12.5080690Z
..............Failed qa: 1989-10-22T17:24:28.9300940Z
.......Data has been pickled and saved to '/efs/timesync/1989/audit/1989_1781_1211_qa_rejects.p'.
Success tracking goes here
