{'project_id': '1211', 'year': '1989', 'x': -1006470, 'y': 1468050, 'plot_id': '3486', 'strata': '41'}
Pandas(Index=0, project_id='1211', plot_id='3486', x=-1006470, y=1468050)
called process_plot
Pandas(Index=0, project_id='1211', plot_id='3486', x=-1006470, y=1468050)
3486
Directory '/efs/timesync/1989/audit/' already exists.
Data has been pickled and saved to '/efs/timesync/1989/audit/1989_3486_1211.p'.
..............Failed qa: 1989-04-01T17:07:43.677050Z
.......Failed qa: 1989-04-15T17:19:55.2130560Z
Failed qa: 1989-04-17T17:07:41.901043Z
.......Failed qa: 1989-05-01T17:19:38.1680440Z
Failed qa: 1989-05-03T17:07:27.219047Z
.......Failed qa: 1989-05-17T17:19:17.7920560Z
Failed qa: 1989-05-19T17:07:06.273044Z
.......Failed qa: 1989-06-02T17:19:06.9680880Z
Failed qa: 1989-06-04T17:06:55.106559Z
.......Failed qa: 1989-06-18T17:18:41.0460810Z
Failed qa: 1989-06-19T17:18:29.0970690Z
Failed qa: 1989-06-20T17:06:29.619522Z
Failed qa: 1989-06-26T17:24:18.4400500Z
Failed qa: 1989-07-04T17:18:27.0610630Z
.......Failed qa: 1989-07-12T17:24:22.2540310Z
.......Failed qa: 1989-07-14T17:12:12.798022Z
Failed qa: 1989-07-20T17:18:06.2620810Z
Failed qa: 1989-07-22T17:05:55.150518Z
.......Failed qa: 1989-08-05T17:17:47.3880310Z
Failed qa: 1989-08-07T17:05:34.969522Z
.......Failed qa: 1989-08-15T17:12:09.598088Z
Failed qa: 1989-08-21T17:17:25.2300500Z
Failed qa: 1989-08-23T17:05:13.223031Z
.......Failed qa: 1989-08-31T17:12:09.928078Z
Failed qa: 1989-09-06T17:17:04.0440000Z
.......Failed qa: 1989-09-08T17:04:50.074037Z
.......Failed qa: 1989-09-22T17:16:34.7870380Z
Failed qa: 1989-09-24T17:04:25.247528Z
.......Failed qa: 1989-10-08T17:16:21.1080560Z
Failed qa: 1989-10-10T17:04:05.275050Z
.......Failed qa: 1989-10-24T17:15:38.5240130Z
Data has been pickled and saved to '/efs/timesync/1989/audit/1989_3486_1211_qa_rejects.p'.
Success tracking goes here
