{'project_id': '1211', 'year': '1989', 'x': -201960, 'y': 1998090, 'plot_id': '2477', 'strata': '41'}
Pandas(Index=0, project_id='1211', plot_id='2477', x=-201960, y=1998090)
called process_plot
Pandas(Index=0, project_id='1211', plot_id='2477', x=-201960, y=1998090)
2477
Directory '/efs/timesync/1989/audit/' already exists.
Data has been pickled and saved to '/efs/timesync/1989/audit/1989_2477_1211.p'.
........................................................Failed qa: 1989-03-18T16:53:36.5940000Z
Failed qa: 1989-03-20T16:41:12.4030500Z
.......Failed qa: 1989-04-03T16:53:37.5240810Z
..............Failed qa: 1989-04-19T16:53:28.4160440Z
.....................Failed qa: 1989-05-05T16:53:16.7130880Z
..............Failed qa: 1989-05-21T16:52:56.7160690Z
..............Failed qa: 1989-06-06T16:52:43.1880810Z
Failed qa: 1989-06-30T16:58:00.0430810Z
.......Failed qa: 1989-07-08T16:52:03.1380250Z
..............Failed qa: 1989-07-24T16:51:44.1320750Z
..............Failed qa: 1989-08-09T16:51:22.4690440Z
.....................Failed qa: 1989-09-02T16:58:00.8670380Z
..............Failed qa: 1989-09-26T16:50:16.0110130Z
............................Failed qa: 1989-12-01T16:36:02.4650060Z
Data has been pickled and saved to '/efs/timesync/1989/audit/1989_2477_1211_qa_rejects.p'.
Success tracking goes here
