{'project_id': '1211', 'year': '1989', 'x': 741240, 'y': 1812690, 'plot_id': '4524', 'strata': '41'}
Pandas(Index=0, project_id='1211', plot_id='4524', x=741240, y=1812690)
called process_plot
Pandas(Index=0, project_id='1211', plot_id='4524', x=741240, y=1812690)
4524
Directory '/efs/timesync/1989/audit/' already exists.
Data has been pickled and saved to '/efs/timesync/1989/audit/1989_4524_1211.p'.
Failed qa: 1989-01-07T15:53:36.947584Z
Failed qa: 1989-01-07T15:53:48.9290750Z
Failed qa: 1989-01-16T15:47:27.0950250Z
Failed qa: 1989-01-16T15:47:38.933525Z
Failed qa: 1989-01-23T15:53:16.501063Z
Failed qa: 1989-01-23T15:53:40.322075Z
..............Failed qa: 1989-02-01T15:47:23.3820380Z
Failed qa: 1989-02-01T15:47:35.221047Z
Failed qa: 1989-02-08T15:53:19.931065Z
Failed qa: 1989-02-08T15:53:43.753544Z
Failed qa: 1989-02-17T15:47:19.7010250Z
Failed qa: 1989-02-17T15:47:19.7010250Z
Failed qa: 1989-02-24T15:53:11.618509Z
Failed qa: 1989-02-24T15:53:35.441538Z
..............Failed qa: 1989-03-12T15:52:57.4630500Z
Failed qa: 1989-03-12T15:53:09.303534Z
..............Failed qa: 1989-03-21T15:46:20.6420250Z
Failed qa: 1989-04-06T15:46:29.4150690Z
Failed qa: 1989-04-06T15:46:41.256566Z
Failed qa: 1989-04-13T15:52:26.690584Z
Failed qa: 1989-04-13T15:52:50.518075Z
..............Failed qa: 1989-04-22T15:46:13.9540250Z
Failed qa: 1989-04-22T15:46:25.796047Z
Failed qa: 1989-04-29T15:52:07.427047Z
Failed qa: 1989-04-29T15:52:31.255560Z
..............Failed qa: 1989-05-08T15:46:02.3980750Z
Failed qa: 1989-05-08T15:46:14.241059Z
Failed qa: 1989-05-15T15:52:02.4180690Z
Failed qa: 1989-05-15T15:52:02.4180690Z
Failed qa: 1989-05-24T15:45:44.2720250Z
Failed qa: 1989-05-24T15:45:56.115515Z
Failed qa: 1989-05-31T15:51:37.902547Z
Failed qa: 1989-05-31T15:52:01.733544Z
..............Failed qa: 1989-06-09T15:45:27.1600810Z
Failed qa: 1989-06-09T15:45:39.004087Z
Failed qa: 1989-06-16T15:51:10.760066Z
Failed qa: 1989-06-16T15:51:22.7480630Z
..............Failed qa: 1989-06-25T15:45:06.3700560Z
Failed qa: 1989-06-25T15:45:18.215047Z
..............Failed qa: 1989-07-11T15:44:48.5070940Z
Failed qa: 1989-07-11T15:45:00.353047Z
Failed qa: 1989-07-18T15:50:38.500559Z
Failed qa: 1989-07-18T15:51:02.336032Z
..............Failed qa: 1989-07-27T15:44:29.4750750Z
Failed qa: 1989-07-27T15:44:41.321563Z
Failed qa: 1989-08-12T15:44:07.3740630Z
Failed qa: 1989-08-12T15:44:19.149551Z
Failed qa: 1989-08-19T15:49:55.624578Z
Failed qa: 1989-08-19T15:50:19.392053Z
..............Failed qa: 1989-08-28T15:43:47.5000250Z
Failed qa: 1989-08-28T15:43:59.348022Z
Failed qa: 1989-09-04T15:49:36.574022Z
Failed qa: 1989-09-04T15:50:00.414053Z
Failed qa: 1989-09-13T15:43:14.2980000Z
Failed qa: 1989-09-13T15:43:26.146528Z
Failed qa: 1989-09-20T15:49:04.893040Z
Failed qa: 1989-09-20T15:49:28.735050Z
..............Failed qa: 1989-09-29T15:42:51.937538Z
Failed qa: 1989-09-29T15:43:03.9310250Z
Failed qa: 1989-10-15T15:42:29.8830880Z
Failed qa: 1989-10-15T15:42:41.734050Z
Failed qa: 1989-10-22T15:48:11.226512Z
Failed qa: 1989-10-22T15:48:35.072009Z
Data has been pickled and saved to '/efs/timesync/1989/audit/1989_4524_1211_qa_rejects.p'.
Success tracking goes here
