{'project_id': '1211', 'year': '1989', 'x': 138000, 'y': 1147530, 'plot_id': '3897', 'strata': '41'}
Pandas(Index=0, project_id='1211', plot_id='3897', x=138000, y=1147530)
called process_plot
Pandas(Index=0, project_id='1211', plot_id='3897', x=138000, y=1147530)
3897
Directory '/efs/timesync/1989/audit/' already exists.
Data has been pickled and saved to '/efs/timesync/1989/audit/1989_3897_1211.p'.
..............Failed qa: 1989-01-10T16:26:02.954069Z
Failed qa: 1989-01-10T16:26:02.954069Z
Failed qa: 1989-01-17T16:32:04.202572Z
............................Failed qa: 1989-01-28T16:13:39.146043Z
Failed qa: 1989-02-04T16:19:29.0720310Z
Failed qa: 1989-02-04T16:19:29.0720310Z
Failed qa: 1989-02-11T16:25:49.829560Z
Failed qa: 1989-02-11T16:25:49.829560Z
Failed qa: 1989-03-01T16:13:13.968562Z
Failed qa: 1989-03-06T16:31:38.323044Z
..............Failed qa: 1989-03-17T16:12:45.694550Z
Failed qa: 1989-03-22T16:30:57.675550Z
............................Failed qa: 1989-04-07T16:31:09.053019Z
..............Failed qa: 1989-04-16T16:24:51.909547Z
Failed qa: 1989-04-16T16:24:51.909547Z
Failed qa: 1989-04-18T16:12:38.220525Z
Failed qa: 1989-04-23T16:30:52.457038Z
..............Failed qa: 1989-05-02T16:24:35.956515Z
Failed qa: 1989-05-02T16:24:35.956515Z
Failed qa: 1989-05-09T16:30:40.057569Z
..............Failed qa: 1989-05-20T16:12:16.527038Z
..............Failed qa: 1989-06-03T16:24:04.472562Z
Failed qa: 1989-06-03T16:24:04.472562Z
Failed qa: 1989-06-05T16:11:52.102056Z
Failed qa: 1989-06-10T16:30:04.563072Z
..............Failed qa: 1989-06-19T16:23:38.694535Z
Failed qa: 1989-06-19T16:23:38.694535Z
Failed qa: 1989-06-21T16:11:26.717554Z
Failed qa: 1989-06-26T16:29:45.101535Z
Failed qa: 1989-06-28T16:17:10.2210310Z
Failed qa: 1989-06-28T16:17:10.2210310Z
Failed qa: 1989-07-05T16:23:23.874535Z
Failed qa: 1989-07-05T16:23:23.874535Z
Failed qa: 1989-07-07T16:11:11.657010Z
..............Failed qa: 1989-07-21T16:23:15.9900060Z
Failed qa: 1989-07-21T16:23:15.9900060Z
Failed qa: 1989-07-23T16:10:52.6550630Z
Failed qa: 1989-07-28T16:29:07.580088Z
..............Failed qa: 1989-08-06T16:22:44.486529Z
Failed qa: 1989-08-06T16:22:44.486529Z
Failed qa: 1989-08-08T16:10:31.7410380Z
Failed qa: 1989-08-13T16:28:44.923078Z
..............Failed qa: 1989-08-22T16:22:22.541569Z
Failed qa: 1989-08-22T16:22:22.541569Z
Failed qa: 1989-08-29T16:28:37.2040810Z
Failed qa: 1989-09-09T16:09:45.889531Z
..............Failed qa: 1989-09-23T16:21:33.378081Z
Failed qa: 1989-09-23T16:21:33.378081Z
Failed qa: 1989-09-25T16:09:23.667069Z
Failed qa: 1989-09-30T16:27:42.561572Z
..............Failed qa: 1989-10-09T16:21:16.692535Z
Failed qa: 1989-10-09T16:21:16.692535Z
Failed qa: 1989-10-11T16:09:00.195572Z
Failed qa: 1989-10-16T16:27:05.940047Z
..............Failed qa: 1989-11-01T16:26:43.537043Z
..............Failed qa: 1989-11-10T16:20:15.137544Z
Failed qa: 1989-11-10T16:20:15.137544Z
Failed qa: 1989-11-12T16:07:58.855066Z
Failed qa: 1989-11-17T16:26:06.497041Z
..............Data has been pickled and saved to '/efs/timesync/1989/audit/1989_3897_1211_qa_rejects.p'.
Success tracking goes here
