{'project_id': '1211', 'year': '1989', 'x': -470640, 'y': 1619760, 'plot_id': '1885', 'strata': '41'}
Pandas(Index=0, project_id='1211', plot_id='1885', x=-470640, y=1619760)
called process_plot
Pandas(Index=0, project_id='1211', plot_id='1885', x=-470640, y=1619760)
1885
Directory '/efs/timesync/1989/audit/' already exists.
Data has been pickled and saved to '/efs/timesync/1989/audit/1989_1885_1211.p'.
...................................Failed qa: 1989-03-25T17:01:03.160585Z
..............Failed qa: 1989-04-10T17:01:15.472519Z
.....................Failed qa: 1989-04-26T17:00:55.707034Z
.....................Failed qa: 1989-05-28T17:00:27.242078Z
..............Failed qa: 1989-06-13T17:00:03.613059Z
Failed qa: 1989-06-21T17:05:31.769041Z
..............Failed qa: 1989-07-07T17:05:35.366550Z
.......Failed qa: 1989-07-15T16:59:29.044012Z
..............Failed qa: 1989-07-31T16:59:10.003072Z
..............Failed qa: 1989-08-16T16:58:45.455025Z
.......Failed qa: 1989-09-01T16:58:27.393053Z
.....................Failed qa: 1989-09-17T16:57:54.449556Z
..............Failed qa: 1989-10-03T16:57:46.152569Z
.....................Data has been pickled and saved to '/efs/timesync/1989/audit/1989_1885_1211_qa_rejects.p'.
Success tracking goes here
