{'project_id': '1211', 'year': '1989', 'x': -1606230, 'y': 2536680, 'plot_id': '4971', 'strata': '41'}
Pandas(Index=0, project_id='1211', plot_id='4971', x=-1606230, y=2536680)
called process_plot
Pandas(Index=0, project_id='1211', plot_id='4971', x=-1606230, y=2536680)
4971
Directory '/efs/timesync/1989/audit/' already exists.
Data has been pickled and saved to '/efs/timesync/1989/audit/1989_4971_1211.p'.
Failed qa: 1989-02-27T18:01:56.2100310Z
.......Failed qa: 1989-03-17T17:48:51.4320630Z
Failed qa: 1989-03-22T18:06:51.4160060Z
..............Failed qa: 1989-04-02T17:48:49.6940500Z
..............Failed qa: 1989-04-18T17:48:32.067053Z
..............Failed qa: 1989-05-04T17:48:18.744006Z
..............Failed qa: 1989-05-20T17:47:58.514053Z
.....................Failed qa: 1989-06-05T17:47:46.068034Z
.......Failed qa: 1989-06-13T17:53:07.4530250Z
.......Failed qa: 1989-06-21T17:47:20.739060Z
.......Failed qa: 1989-06-29T17:53:13.4180130Z
.......Failed qa: 1989-07-07T17:47:05.692072Z
.......Failed qa: 1989-07-15T17:53:17.1550310Z
.......Failed qa: 1989-07-23T17:46:46.738559Z
..............Failed qa: 1989-07-31T17:53:16.0010630Z
.......Failed qa: 1989-08-08T17:46:25.780066Z
..............Failed qa: 1989-08-16T17:53:12.4350250Z
.......Failed qa: 1989-08-24T17:46:04.225538Z
..............Failed qa: 1989-09-09T17:45:39.705032Z
..............Failed qa: 1989-09-25T17:45:17.649088Z
Failed qa: 1989-10-11T17:44:53.992041Z
..............Data has been pickled and saved to '/efs/timesync/1989/audit/1989_4971_1211_qa_rejects.p'.
Success tracking goes here
