{'project_id': '1211', 'year': '1989', 'x': 1329180, 'y': 1831410, 'plot_id': '2555', 'strata': '41'}
Pandas(Index=0, project_id='1211', plot_id='2555', x=1329180, y=1831410)
called process_plot
Pandas(Index=0, project_id='1211', plot_id='2555', x=1329180, y=1831410)
2555
Directory '/efs/timesync/1989/audit/' already exists.
Data has been pickled and saved to '/efs/timesync/1989/audit/1989_2555_1211.p'.
.......Failed qa: 1989-01-18T15:34:49.356044Z
.......Failed qa: 1989-02-10T15:40:57.697085Z
.......Failed qa: 1989-02-19T15:34:45.117053Z
.......Failed qa: 1989-03-07T15:34:11.4980560Z
..............Failed qa: 1989-04-08T15:33:44.8360440Z
Failed qa: 1989-04-17T15:27:25.3840310Z
Failed qa: 1989-04-24T15:33:38.852013Z
Failed qa: 1989-05-17T15:39:25.120056Z
Failed qa: 1989-05-19T15:26:49.5680560Z
Failed qa: 1989-05-26T15:33:09.282006Z
Failed qa: 1989-06-02T15:39:02.2360560Z
Failed qa: 1989-06-11T15:32:49.683059Z
Failed qa: 1989-06-18T15:38:48.392054Z
Failed qa: 1989-07-06T15:25:57.4780880Z
.......Failed qa: 1989-07-29T15:31:53.513006Z
Failed qa: 1989-08-05T15:37:54.763584Z
Failed qa: 1989-08-14T15:31:30.603562Z
Failed qa: 1989-08-21T15:37:20.4790000Z
Failed qa: 1989-08-23T15:24:56.6330880Z
Failed qa: 1989-08-30T15:31:10.961541Z
Failed qa: 1989-09-06T15:37:11.384000Z
.....................Failed qa: 1989-10-24T15:35:45.913541Z
.......Failed qa: 1989-11-02T15:29:18.0290060Z
Failed qa: 1989-11-09T15:35:26.522063Z
.......Failed qa: 1989-11-18T15:28:51.865550Z
Data has been pickled and saved to '/efs/timesync/1989/audit/1989_2555_1211_qa_rejects.p'.
Success tracking goes here
