{'project_id': '1211', 'year': '1989', 'x': 1469370, 'y': 1856190, 'plot_id': '4505', 'strata': '41'}
Pandas(Index=0, project_id='1211', plot_id='4505', x=1469370, y=1856190)
called process_plot
Pandas(Index=0, project_id='1211', plot_id='4505', x=1469370, y=1856190)
4505
Directory '/efs/timesync/1989/audit/' already exists.
Data has been pickled and saved to '/efs/timesync/1989/audit/1989_4505_1211.p'.
.......Failed qa: 1989-01-11T15:28:48.867031Z
Failed qa: 1989-01-18T15:34:49.356044Z
.......Failed qa: 1989-01-27T15:28:35.017047Z
Failed qa: 1989-02-12T15:28:37.065050Z
Failed qa: 1989-02-28T15:28:24.407584Z
Failed qa: 1989-03-07T15:34:11.4980560Z
.......Failed qa: 1989-03-16T15:27:47.483537Z
Failed qa: 1989-03-23T15:33:42.305585Z
.......Failed qa: 1989-04-17T15:27:25.3840310Z
.......Failed qa: 1989-05-12T15:21:35.8730310Z
Failed qa: 1989-05-19T15:26:49.5680560Z
.....................Failed qa: 1989-07-06T15:25:57.4780880Z
Failed qa: 1989-07-22T15:25:50.526547Z
.......Failed qa: 1989-08-23T15:24:56.6330880Z
.......Failed qa: 1989-09-08T15:24:57.5080190Z
.......Failed qa: 1989-09-24T15:24:20.465047Z
.......Failed qa: 1989-10-10T15:24:00.828078Z
Failed qa: 1989-10-26T15:23:19.945040Z
Failed qa: 1989-11-11T15:22:59.290538Z
Failed qa: 1989-11-18T15:28:51.865550Z
.......Data has been pickled and saved to '/efs/timesync/1989/audit/1989_4505_1211_qa_rejects.p'.
Success tracking goes here
