{'project_id': '1211', 'year': '1989', 'x': 108660, 'y': 2552790, 'plot_id': '3708', 'strata': '41'}
Pandas(Index=0, project_id='1211', plot_id='3708', x=108660, y=2552790)
called process_plot
Pandas(Index=0, project_id='1211', plot_id='3708', x=108660, y=2552790)
3708
Directory '/efs/timesync/1989/audit/' already exists.
Data has been pickled and saved to '/efs/timesync/1989/audit/1989_3708_1211.p'.
Failed qa: 1989-01-15T16:41:06.0580810Z
.......Failed qa: 1989-02-02T16:28:39.7270380Z
.......Failed qa: 1989-02-18T16:28:47.137047Z
Failed qa: 1989-03-04T16:40:52.509041Z
Failed qa: 1989-03-06T16:28:27.232528Z
Failed qa: 1989-03-20T16:40:12.696535Z
Failed qa: 1989-03-22T16:27:34.7290750Z
Failed qa: 1989-04-05T16:40:18.518519Z
Failed qa: 1989-04-07T16:27:58.080557Z
Failed qa: 1989-04-21T16:40:04.257006Z
Failed qa: 1989-04-23T16:27:41.402031Z
.......Failed qa: 1989-05-07T16:39:53.414522Z
Failed qa: 1989-05-09T16:27:28.848069Z
.......Failed qa: 1989-05-23T16:39:22.6540500Z
Failed qa: 1989-06-10T16:26:53.478072Z
.......Failed qa: 1989-06-24T16:38:44.4720250Z
Failed qa: 1989-06-26T16:26:34.002541Z
.......Failed qa: 1989-07-10T16:38:39.705553Z
.......Failed qa: 1989-07-26T16:38:20.529041Z
.......Failed qa: 1989-07-28T16:25:56.530547Z
.......Failed qa: 1989-08-11T16:37:58.451034Z
.......Failed qa: 1989-08-13T16:25:33.858018Z
Failed qa: 1989-08-20T16:31:46.7450060Z
Failed qa: 1989-08-27T16:37:38.272538Z
..............Failed qa: 1989-09-12T16:37:07.513503Z
Failed qa: 1989-09-14T16:24:38.275575Z
Failed qa: 1989-09-30T16:24:19.5350000Z
Failed qa: 1989-10-14T16:36:22.246047Z
Failed qa: 1989-10-16T16:24:06.6720880Z
.......Failed qa: 1989-11-17T16:23:07.3560440Z
Failed qa: 1989-12-01T16:35:14.7680690Z
Data has been pickled and saved to '/efs/timesync/1989/audit/1989_3708_1211_qa_rejects.p'.
Success tracking goes here
