{'project_id': '1211', 'year': '1989', 'x': 1030620, 'y': 1630890, 'plot_id': '2138', 'strata': '41'}
Pandas(Index=0, project_id='1211', plot_id='2138', x=1030620, y=1630890)
called process_plot
Pandas(Index=0, project_id='1211', plot_id='2138', x=1030620, y=1630890)
2138
Directory '/efs/timesync/1989/audit/' already exists.
Data has been pickled and saved to '/efs/timesync/1989/audit/1989_2138_1211.p'.
Failed qa: 1989-01-02T15:35:54.205044Z
Failed qa: 1989-01-07T15:54:36.5680500Z
..............Failed qa: 1989-01-18T15:35:36.997069Z
Failed qa: 1989-01-23T15:54:04.143540Z
..............Failed qa: 1989-02-03T15:35:49.6800310Z
Failed qa: 1989-02-08T15:54:07.576025Z
..............Failed qa: 1989-02-19T15:35:20.7800380Z
Failed qa: 1989-02-24T15:53:59.264563Z
Failed qa: 1989-03-12T15:53:33.056031Z
Failed qa: 1989-03-23T15:34:17.8290310Z
..............Failed qa: 1989-04-13T15:53:14.345566Z
..............Failed qa: 1989-04-24T15:34:26.508047Z
Failed qa: 1989-04-29T15:52:55.084072Z
..............Failed qa: 1989-05-10T15:34:25.2410380Z
Failed qa: 1989-05-15T15:52:50.0780000Z
............................Failed qa: 1989-05-26T15:33:56.942091Z
Failed qa: 1989-05-31T15:52:25.564535Z
Failed qa: 1989-06-02T15:40:13.7300060Z
Failed qa: 1989-06-02T15:40:13.7300060Z
..............Failed qa: 1989-06-11T15:33:37.275066Z
..........................................Failed qa: 1989-07-18T15:51:26.171053Z
..............Failed qa: 1989-07-29T15:32:41.114028Z
............................Failed qa: 1989-08-14T15:32:30.2000130Z
Failed qa: 1989-08-19T15:50:43.159522Z
..............Failed qa: 1989-08-30T15:31:58.641037Z
Failed qa: 1989-09-04T15:50:24.254091Z
............................Failed qa: 1989-09-15T15:31:35.8500500Z
Failed qa: 1989-09-20T15:49:52.577063Z
Failed qa: 1989-10-06T15:49:54.3320940Z
..............Failed qa: 1989-10-22T15:48:58.845528Z
............................Failed qa: 1989-11-16T15:42:16.6100380Z
Failed qa: 1989-11-16T15:42:16.6100380Z
Failed qa: 1989-11-18T15:29:39.416553Z
Data has been pickled and saved to '/efs/timesync/1989/audit/1989_2138_1211_qa_rejects.p'.
Success tracking goes here
