{'project_id': '1211', 'year': '1989', 'x': 445560, 'y': 2255070, 'plot_id': '335', 'strata': '41'}
Pandas(Index=0, project_id='1211', plot_id='335', x=445560, y=2255070)
called process_plot
Pandas(Index=0, project_id='1211', plot_id='335', x=445560, y=2255070)
335
Directory '/efs/timesync/1989/audit/' already exists.
Data has been pickled and saved to '/efs/timesync/1989/audit/1989_0335_1211.p'.
Failed qa: 1989-01-03T16:17:46.2220130Z
Failed qa: 1989-01-05T16:05:00.3790560Z
..............Failed qa: 1989-01-21T16:04:52.185579Z
..............Failed qa: 1989-02-06T16:04:43.6130500Z
.......Failed qa: 1989-02-22T16:04:47.748044Z
.......Failed qa: 1989-03-08T16:17:00.7980560Z
Failed qa: 1989-03-10T16:04:23.350038Z
.......Failed qa: 1989-03-26T16:03:51.195069Z
..............Failed qa: 1989-04-11T16:04:02.111038Z
.....................Failed qa: 1989-05-13T16:03:26.991534Z
..............Failed qa: 1989-05-29T16:03:13.531575Z
..............Failed qa: 1989-06-14T16:02:59.8180380Z
..............Failed qa: 1989-06-30T16:02:35.453553Z
..............Failed qa: 1989-07-16T16:02:14.967054Z
.......Failed qa: 1989-07-30T16:14:31.9750500Z
Failed qa: 1989-08-01T16:01:55.594535Z
Failed qa: 1989-08-15T16:14:08.4190810Z
Failed qa: 1989-09-02T16:01:13.141541Z
.......Failed qa: 1989-09-18T16:00:40.639069Z
.......Failed qa: 1989-10-02T16:13:07.9360810Z
Failed qa: 1989-10-04T16:00:31.951034Z
...................................Failed qa: 1989-11-21T15:58:51.790540Z
Data has been pickled and saved to '/efs/timesync/1989/audit/1989_0335_1211_qa_rejects.p'.
Success tracking goes here
