{'project_id': '1211', 'year': '1989', 'x': -957540, 'y': 1454340, 'plot_id': '105', 'strata': '41'}
Pandas(Index=0, project_id='1211', plot_id='105', x=-957540, y=1454340)
called process_plot
Pandas(Index=0, project_id='1211', plot_id='105', x=-957540, y=1454340)
105
Directory '/efs/timesync/1989/audit/' already exists.
Data has been pickled and saved to '/efs/timesync/1989/audit/1989_0105_1211.p'.
............................Failed qa: 1989-04-15T17:19:55.2130560Z
..............Failed qa: 1989-05-01T17:19:38.1680440Z
..............Failed qa: 1989-05-17T17:19:17.7920560Z
..............Failed qa: 1989-06-02T17:19:06.9680880Z
..............Failed qa: 1989-06-18T17:18:41.0460810Z
Failed qa: 1989-06-19T17:18:29.0970690Z
.......Failed qa: 1989-06-26T17:24:18.4400500Z
Failed qa: 1989-07-04T17:18:27.0610630Z
.......Failed qa: 1989-07-12T17:24:22.2540310Z
..............Failed qa: 1989-07-20T17:18:06.2620810Z
..............Failed qa: 1989-08-05T17:17:47.3880310Z
.....................Failed qa: 1989-08-21T17:17:25.2300500Z
.....................Failed qa: 1989-09-06T17:17:04.0440000Z
.....................Failed qa: 1989-09-22T17:16:34.7870380Z
..............Failed qa: 1989-10-08T17:16:21.1080560Z
..............Failed qa: 1989-10-24T17:15:38.5240130Z
Data has been pickled and saved to '/efs/timesync/1989/audit/1989_0105_1211_qa_rejects.p'.
Success tracking goes here
