{'project_id': '1211', 'year': '1989', 'x': -1805070, 'y': 1511520, 'plot_id': '2419', 'strata': '41'}
Pandas(Index=0, project_id='1211', plot_id='2419', x=-1805070, y=1511520)
called process_plot
Pandas(Index=0, project_id='1211', plot_id='2419', x=-1805070, y=1511520)
2419
Directory '/efs/timesync/1989/audit/' already exists.
Data has been pickled and saved to '/efs/timesync/1989/audit/1989_2419_1211.p'.
............................Failed qa: 1989-03-19T17:39:02.562562Z
............................Failed qa: 1989-04-04T17:38:53.9540380Z
Failed qa: 1989-04-04T17:39:05.867063Z
........................................................Failed qa: 1989-05-06T17:38:30.9240500Z
Failed qa: 1989-05-06T17:38:42.838560Z
..............Failed qa: 1989-05-20T17:50:09.9380880Z
Failed qa: 1989-05-22T17:38:11.5390500Z
Failed qa: 1989-05-22T17:38:23.526038Z
..........................................Failed qa: 1989-06-07T17:37:56.6650810Z
Failed qa: 1989-06-07T17:38:08.653041Z
Failed qa: 1989-06-13T17:55:06.7310000Z
............................Failed qa: 1989-06-23T17:37:32.8730310Z
Failed qa: 1989-06-23T17:37:44.861515Z
Failed qa: 1989-06-29T17:55:12.6970190Z
............................Failed qa: 1989-07-09T17:37:17.1480000Z
Failed qa: 1989-07-09T17:37:29.065019Z
............................Failed qa: 1989-07-25T17:36:58.1080000Z
Failed qa: 1989-07-25T17:37:10.026000Z
............................Failed qa: 1989-08-10T17:36:35.5830250Z
Failed qa: 1989-08-10T17:36:47.573547Z
............................Failed qa: 1989-08-26T17:36:15.8960810Z
Failed qa: 1989-08-26T17:36:27.887581Z
............................Failed qa: 1989-09-11T17:35:47.4080630Z
Failed qa: 1989-09-11T17:35:59.328553Z
............................Failed qa: 1989-09-27T17:35:31.0910630Z
Failed qa: 1989-09-27T17:35:43.084538Z
............................Failed qa: 1989-10-13T17:35:01.4670810Z
Failed qa: 1989-10-13T17:35:13.389575Z
............................Failed qa: 1989-10-29T17:34:31.3570310Z
Failed qa: 1989-10-29T17:34:43.278019Z
........................................................Data has been pickled and saved to '/efs/timesync/1989/audit/1989_2419_1211_qa_rejects.p'.
Success tracking goes here
