{'project_id': '1211', 'year': '1989', 'x': -1671690, 'y': 2546910, 'plot_id': '411', 'strata': '41'}
Pandas(Index=0, project_id='1211', plot_id='411', x=-1671690, y=2546910)
called process_plot
Pandas(Index=0, project_id='1211', plot_id='411', x=-1671690, y=2546910)
411
Directory '/efs/timesync/1989/audit/' already exists.
Data has been pickled and saved to '/efs/timesync/1989/audit/1989_0411_1211.p'.
Failed qa: 1989-01-24T18:14:01.8200880Z
Failed qa: 1989-02-02T18:08:08.730563Z
Failed qa: 1989-02-09T18:14:03.7530130Z
Failed qa: 1989-02-25T18:13:56.0010310Z
Failed qa: 1989-02-27T18:01:56.2100310Z
Failed qa: 1989-03-06T18:07:56.1450940Z
Failed qa: 1989-03-13T18:13:27.8820630Z
.....................Failed qa: 1989-04-07T18:07:15.049547Z
Failed qa: 1989-04-09T17:55:05.6560310Z
Failed qa: 1989-04-14T18:13:10.6120630Z
.......Failed qa: 1989-04-23T18:06:58.305054Z
Failed qa: 1989-04-25T17:54:46.6380380Z
.......Failed qa: 1989-05-08T18:17:24.1950500Z
Failed qa: 1989-05-09T18:06:45.805044Z
Failed qa: 1989-05-11T17:54:32.8050500Z
Failed qa: 1989-05-16T18:12:33.6790060Z
.......Failed qa: 1989-05-24T18:17:28.9050380Z
Failed qa: 1989-05-25T18:06:28.408038Z
.......Failed qa: 1989-05-27T17:54:17.7540130Z
Failed qa: 1989-06-01T18:12:21.7620500Z
.......Failed qa: 1989-06-10T18:06:10.366500Z
Failed qa: 1989-06-12T17:53:55.8530940Z
Failed qa: 1989-06-17T18:11:55.6390750Z
.......Failed qa: 1989-06-25T18:17:32.3790940Z
Failed qa: 1989-06-28T17:53:39.9880940Z
Failed qa: 1989-07-03T18:11:42.7480560Z
.......Failed qa: 1989-07-11T18:17:36.3050810Z
Failed qa: 1989-07-14T17:53:20.1110750Z
Failed qa: 1989-07-19T18:11:21.9200060Z
.......Failed qa: 1989-07-27T18:17:34.8610810Z
Failed qa: 1989-07-28T18:05:13.503088Z
.......Failed qa: 1989-07-30T17:53:01.3060000Z
Failed qa: 1989-08-04T18:11:02.6330690Z
.......Failed qa: 1989-08-13T18:04:50.766044Z
.......Failed qa: 1989-08-15T17:52:37.6150500Z
Failed qa: 1989-08-20T18:10:39.8770880Z
.......Failed qa: 1989-08-29T18:04:31.022585Z
Failed qa: 1989-08-31T17:52:18.1940880Z
Failed qa: 1989-09-05T18:10:19.8240880Z
.......Failed qa: 1989-09-16T17:51:45.1980130Z
Failed qa: 1989-09-21T18:09:48.2770190Z
.......Failed qa: 1989-09-30T18:04:00.4510310Z
Failed qa: 1989-10-07T18:09:37.5840000Z
Failed qa: 1989-10-16T18:03:11.665569Z
Failed qa: 1989-10-18T17:50:54.8710060Z
Failed qa: 1989-10-23T18:08:54.2590560Z
.......Failed qa: 1989-11-01T18:03:01.5320250Z
Data has been pickled and saved to '/efs/timesync/1989/audit/1989_0411_1211_qa_rejects.p'.
Success tracking goes here
