{'project_id': '1211', 'year': '1989', 'x': -914550, 'y': 989850, 'plot_id': '820', 'strata': '41'}
Pandas(Index=0, project_id='1211', plot_id='820', x=-914550, y=989850)
called process_plot
Pandas(Index=0, project_id='1211', plot_id='820', x=-914550, y=989850)
820
Directory '/efs/timesync/1989/audit/' already exists.
Data has been pickled and saved to '/efs/timesync/1989/audit/1989_0820_1211.p'.
Failed qa: 1989-02-27T17:18:46.2960130Z
Failed qa: 1989-03-18T16:56:35.855003Z
..............Failed qa: 1989-03-26T17:00:09.0310690Z
Failed qa: 1989-04-01T17:08:43.3140380Z
Failed qa: 1989-04-01T17:08:43.3140380Z
Failed qa: 1989-04-03T16:56:36.796528Z
Failed qa: 1989-04-08T17:15:01.1540560Z
..............Failed qa: 1989-04-17T17:08:41.5420250Z
Failed qa: 1989-04-17T17:08:41.5420250Z
Failed qa: 1989-04-19T16:56:27.698513Z
Failed qa: 1989-04-24T17:14:43.1400130Z
..............Failed qa: 1989-05-03T17:08:26.9350380Z
Failed qa: 1989-05-03T17:08:26.9350380Z
Failed qa: 1989-05-05T16:56:16.006028Z
Failed qa: 1989-05-10T17:14:30.0440810Z
Failed qa: 1989-05-19T17:08:06.0630880Z
Failed qa: 1989-05-19T17:08:06.0630880Z
Failed qa: 1989-05-21T16:55:56.159535Z
Failed qa: 1989-05-26T17:14:13.7590560Z
..............Failed qa: 1989-06-04T17:07:54.7570130Z
Failed qa: 1989-06-04T17:07:54.7570130Z
Failed qa: 1989-06-06T16:55:42.498522Z
Failed qa: 1989-06-11T17:13:53.9660000Z
..............Failed qa: 1989-06-19T17:19:16.8940750Z
Failed qa: 1989-06-20T17:07:29.3450500Z
Failed qa: 1989-06-20T17:07:17.428557Z
..............Failed qa: 1989-06-30T17:01:11.3760310Z
Failed qa: 1989-07-05T17:19:18.7160130Z
..............Failed qa: 1989-07-08T16:55:02.326028Z
Failed qa: 1989-07-13T17:13:16.1610750Z
Failed qa: 1989-07-14T17:13:12.4370810Z
Failed qa: 1989-07-14T17:13:12.4370810Z
..............Failed qa: 1989-07-22T17:06:54.8110810Z
Failed qa: 1989-07-22T17:06:54.8110810Z
Failed qa: 1989-07-24T16:54:43.332500Z
Failed qa: 1989-07-29T17:12:57.7990690Z
..............Failed qa: 1989-08-07T17:06:34.6340750Z
Failed qa: 1989-08-07T17:06:34.6340750Z
Failed qa: 1989-08-09T16:54:21.753050Z
Failed qa: 1989-08-14T17:12:34.8460750Z
Failed qa: 1989-08-15T17:13:09.2380440Z
Failed qa: 1989-08-15T17:12:57.324529Z
..............Failed qa: 1989-08-23T17:06:12.9650440Z
Failed qa: 1989-08-23T17:06:12.9650440Z
Failed qa: 1989-08-30T17:12:15.3190500Z
Failed qa: 1989-08-31T17:13:09.7100690Z
Failed qa: 1989-08-31T17:12:57.796560Z
Failed qa: 1989-09-02T17:01:00.283569Z
Failed qa: 1989-09-08T17:05:49.7470810Z
Failed qa: 1989-09-08T17:05:49.7470810Z
Failed qa: 1989-09-10T16:53:34.835041Z
Failed qa: 1989-09-15T17:11:40.6700190Z
..............Failed qa: 1989-09-24T17:05:24.9970750Z
Failed qa: 1989-09-24T17:05:24.9970750Z
Failed qa: 1989-09-26T16:53:15.406022Z
Failed qa: 1989-10-01T17:11:33.3570690Z
..............Failed qa: 1989-10-10T17:05:04.9580060Z
Failed qa: 1989-10-10T17:05:04.9580060Z
Failed qa: 1989-10-17T17:10:53.9980130Z
Failed qa: 1989-10-28T16:52:15.366569Z
Data has been pickled and saved to '/efs/timesync/1989/audit/1989_0820_1211_qa_rejects.p'.
Success tracking goes here
