{'project_id': '1211', 'year': '1989', 'x': -1590120, 'y': 1220280, 'plot_id': '4908', 'strata': '41'}
Pandas(Index=0, project_id='1211', plot_id='4908', x=-1590120, y=1220280)
called process_plot
Pandas(Index=0, project_id='1211', plot_id='4908', x=-1590120, y=1220280)
4908
Directory '/efs/timesync/1989/audit/' already exists.
Data has been pickled and saved to '/efs/timesync/1989/audit/1989_4908_1211.p'.
..............Failed qa: 1989-04-04T17:39:05.867063Z
..............Failed qa: 1989-05-06T17:38:42.838560Z
.......Failed qa: 1989-05-22T17:38:23.526038Z
.......Failed qa: 1989-06-07T17:38:08.653041Z
.......Failed qa: 1989-06-23T17:37:44.861515Z
..............Failed qa: 1989-07-09T17:37:29.065019Z
..............Failed qa: 1989-07-25T17:37:10.026000Z
..............Failed qa: 1989-08-10T17:36:47.573547Z
..............Failed qa: 1989-08-26T17:36:27.887581Z
..............Failed qa: 1989-09-11T17:35:59.328553Z
..............Failed qa: 1989-09-27T17:35:43.084538Z
..............Failed qa: 1989-10-13T17:35:13.389575Z
.......Failed qa: 1989-10-29T17:34:43.278019Z
.......Data has been pickled and saved to '/efs/timesync/1989/audit/1989_4908_1211_qa_rejects.p'.
Success tracking goes here
