{'project_id': '1211', 'year': '1989', 'x': 723870, 'y': 1639350, 'plot_id': '771', 'strata': '41'}
Pandas(Index=0, project_id='1211', plot_id='771', x=723870, y=1639350)
called process_plot
Pandas(Index=0, project_id='1211', plot_id='771', x=723870, y=1639350)
771
Directory '/efs/timesync/1989/audit/' already exists.
Data has been pickled and saved to '/efs/timesync/1989/audit/1989_0771_1211.p'.
Failed qa: 1989-01-07T15:54:36.5680500Z
Failed qa: 1989-01-21T16:06:27.756547Z
Failed qa: 1989-01-23T15:54:04.143540Z
.......Failed qa: 1989-02-06T16:06:31.028022Z
Failed qa: 1989-02-08T15:54:07.576025Z
Failed qa: 1989-02-22T16:06:23.184522Z
..............Failed qa: 1989-03-10T16:05:58.789069Z
Failed qa: 1989-03-12T15:53:33.056031Z
.......Failed qa: 1989-03-26T16:05:26.642032Z
Failed qa: 1989-04-11T16:05:37.563540Z
..............Failed qa: 1989-04-29T15:52:55.084072Z
.......Failed qa: 1989-05-13T16:04:50.5390130Z
Failed qa: 1989-05-15T15:52:50.0780000Z
Failed qa: 1989-05-22T15:58:54.6490880Z
Failed qa: 1989-05-29T16:04:48.998531Z
..............Failed qa: 1989-06-14T16:04:11.4580630Z
.......Failed qa: 1989-06-30T16:04:10.861053Z
.......Failed qa: 1989-07-16T16:03:50.378528Z
..............Failed qa: 1989-08-01T16:03:31.013538Z
Failed qa: 1989-08-19T15:50:43.159522Z
.......Failed qa: 1989-09-02T16:02:48.645076Z
.......Failed qa: 1989-09-18T16:02:16.149531Z
Failed qa: 1989-09-20T15:49:52.577063Z
.......Failed qa: 1989-10-04T16:02:07.468579Z
Failed qa: 1989-10-06T15:49:54.3320940Z
Failed qa: 1989-10-20T16:01:23.068541Z
Failed qa: 1989-10-22T15:48:58.845528Z
Failed qa: 1989-11-21T16:00:27.179581Z
Data has been pickled and saved to '/efs/timesync/1989/audit/1989_0771_1211_qa_rejects.p'.
Success tracking goes here
