{'project_id': '1211', 'year': '1989', 'x': -178260, 'y': 2880750, 'plot_id': '3370', 'strata': '41'}
Pandas(Index=0, project_id='1211', plot_id='3370', x=-178260, y=2880750)
called process_plot
Pandas(Index=0, project_id='1211', plot_id='3370', x=-178260, y=2880750)
3370
Directory '/efs/timesync/1989/audit/' already exists.
Data has been pickled and saved to '/efs/timesync/1989/audit/1989_3370_1211.p'.
Failed qa: 1989-03-16T17:04:05.1450810Z
.......Failed qa: 1989-04-01T17:03:56.9710190Z
Failed qa: 1989-04-10T16:57:52.7270000Z
Failed qa: 1989-04-17T17:03:55.1790560Z
..............Failed qa: 1989-05-03T17:03:40.4130750Z
..............Failed qa: 1989-05-28T16:57:04.1800190Z
Failed qa: 1989-06-04T17:03:08.2060810Z
.......Failed qa: 1989-06-20T17:02:42.7760440Z
............................Failed qa: 1989-07-14T17:08:26.0820500Z
Failed qa: 1989-07-15T16:56:06.2330880Z
Failed qa: 1989-07-22T17:02:08.4950690Z
.......Failed qa: 1989-07-31T16:55:47.1760440Z
Failed qa: 1989-08-07T17:01:48.2990380Z
.......Failed qa: 1989-08-15T17:08:22.7400560Z
Failed qa: 1989-08-16T16:55:22.6110810Z
Failed qa: 1989-08-23T17:01:26.4610690Z
Failed qa: 1989-08-31T17:08:23.0720130Z
Failed qa: 1989-09-01T16:55:04.3940880Z
.......Failed qa: 1989-09-08T17:01:03.0840630Z
..............Failed qa: 1989-09-24T17:00:38.3120380Z
.......Failed qa: 1989-10-03T16:54:23.1250880Z
Failed qa: 1989-10-10T17:00:18.3950630Z
.......Data has been pickled and saved to '/efs/timesync/1989/audit/1989_3370_1211_qa_rejects.p'.
Success tracking goes here
