{'project_id': '1211', 'year': '1989', 'x': -1664490, 'y': 2047830, 'plot_id': '3354', 'strata': '41'}
Pandas(Index=0, project_id='1211', plot_id='3354', x=-1664490, y=2047830)
called process_plot
Pandas(Index=0, project_id='1211', plot_id='3354', x=-1664490, y=2047830)
3354
Directory '/efs/timesync/1989/audit/' already exists.
Data has been pickled and saved to '/efs/timesync/1989/audit/1989_3354_1211.p'.
..............Failed qa: 1989-01-26T18:03:04.496537Z
..............Failed qa: 1989-02-27T18:02:55.983057Z
Failed qa: 1989-03-15T18:02:23.365072Z
............................Failed qa: 1989-03-26T17:43:32.240566Z
Failed qa: 1989-03-31T18:02:07.648081Z
............................Failed qa: 1989-04-11T17:43:43.109534Z
Failed qa: 1989-04-16T18:02:09.507537Z
............................Failed qa: 1989-04-27T17:43:22.250069Z
Failed qa: 1989-05-02T18:01:53.622056Z
............................Failed qa: 1989-05-13T17:43:07.921510Z
..............Failed qa: 1989-05-26T18:06:32.096082Z
..............Failed qa: 1989-05-29T17:42:54.396560Z
Failed qa: 1989-06-03T18:01:21.987515Z
..........................................Failed qa: 1989-06-14T17:42:28.821051Z
Failed qa: 1989-06-19T18:00:56.274012Z
..........................................Failed qa: 1989-06-30T17:42:16.323031Z
Failed qa: 1989-07-05T18:00:41.465025Z
..........................................Failed qa: 1989-07-16T17:41:55.762041Z
Failed qa: 1989-07-21T18:00:21.832550Z
..............Failed qa: 1989-07-29T18:06:37.372078Z
............................Failed qa: 1989-08-01T17:41:36.451540Z
Failed qa: 1989-08-06T18:00:02.167537Z
..............Failed qa: 1989-08-14T18:06:36.071091Z
............................Failed qa: 1989-08-17T17:41:10.932072Z
Failed qa: 1989-08-22T17:59:40.166553Z
............................Failed qa: 1989-09-02T17:40:54.102559Z
Failed qa: 1989-09-07T17:59:17.974069Z
............................Failed qa: 1989-09-18T17:40:21.579585Z
Failed qa: 1989-09-23T17:58:50.992013Z
............................Failed qa: 1989-10-04T17:40:00.8430310Z
............................Failed qa: 1989-10-20T17:39:28.589528Z
Failed qa: 1989-10-25T17:57:52.531072Z
..............Failed qa: 1989-11-10T17:57:32.734519Z
Failed qa: 1989-11-19T17:51:08.9580940Z
Failed qa: 1989-11-26T17:57:16.6200810Z
Data has been pickled and saved to '/efs/timesync/1989/audit/1989_3354_1211_qa_rejects.p'.
Success tracking goes here
