{'project_id': '1211', 'year': '1989', 'x': -1959060, 'y': 2897670, 'plot_id': '261', 'strata': '41'}
Pandas(Index=0, project_id='1211', plot_id='261', x=-1959060, y=2897670)
called process_plot
Pandas(Index=0, project_id='1211', plot_id='261', x=-1959060, y=2897670)
261
Directory '/efs/timesync/1989/audit/' already exists.
Data has been pickled and saved to '/efs/timesync/1989/audit/1989_0261_1211.p'.
Failed qa: 1989-02-09T18:13:28.019069Z
Failed qa: 1989-02-25T18:13:20.266047Z
Failed qa: 1989-03-04T18:19:09.7880060Z
Failed qa: 1989-03-13T18:13:04.0580690Z
Failed qa: 1989-03-18T18:30:54.3080440Z
Failed qa: 1989-03-20T18:18:41.890541Z
Failed qa: 1989-04-03T18:30:55.3910630Z
..............Failed qa: 1989-04-14T18:12:35.014541Z
..............Failed qa: 1989-05-05T18:30:34.3030190Z
.......Failed qa: 1989-05-08T18:16:48.455044Z
.......Failed qa: 1989-05-16T18:11:57.934034Z
Failed qa: 1989-05-21T18:30:14.4460060Z
.......Failed qa: 1989-05-24T18:16:53.164547Z
Failed qa: 1989-06-01T18:11:46.015531Z
Failed qa: 1989-06-06T18:30:00.6270190Z
.......Failed qa: 1989-06-09T18:17:05.9140130Z
.......Failed qa: 1989-06-17T18:11:19.890540Z
.......Failed qa: 1989-06-25T18:16:56.638575Z
Failed qa: 1989-07-03T18:11:06.997047Z
.......Failed qa: 1989-07-11T18:17:00.564531Z
.......Failed qa: 1989-07-19T18:10:46.310525Z
Failed qa: 1989-07-24T18:29:01.8220060Z
.......Failed qa: 1989-07-27T18:16:59.120554Z
.......Failed qa: 1989-08-04T18:10:27.021538Z
Failed qa: 1989-08-09T18:28:40.1250690Z
..............Failed qa: 1989-08-20T18:10:04.118591Z
.......Failed qa: 1989-09-05T18:09:44.064037Z
Failed qa: 1989-09-10T18:27:52.8240000Z
..............Failed qa: 1989-09-21T18:09:12.513075Z
Failed qa: 1989-09-26T18:27:33.7370750Z
..............Failed qa: 1989-10-07T18:09:01.818019Z
..............Failed qa: 1989-10-23T18:08:30.4140060Z
Failed qa: 1989-10-28T18:26:33.8780380Z
.......Data has been pickled and saved to '/efs/timesync/1989/audit/1989_0261_1211_qa_rejects.p'.
Success tracking goes here
