{'project_id': '1211', 'year': '1989', 'x': -1544610, 'y': 2108130, 'plot_id': '4581', 'strata': '41'}
Pandas(Index=0, project_id='1211', plot_id='4581', x=-1544610, y=2108130)
called process_plot
Pandas(Index=0, project_id='1211', plot_id='4581', x=-1544610, y=2108130)
4581
Directory '/efs/timesync/1989/audit/' already exists.
Data has been pickled and saved to '/efs/timesync/1989/audit/1989_4581_1211.p'.
Failed qa: 1989-01-19T17:56:43.6450940Z
..............Failed qa: 1989-03-24T17:55:39.9520190Z
Failed qa: 1989-03-26T17:43:32.240566Z
.......Failed qa: 1989-04-09T17:55:53.4530810Z
..............Failed qa: 1989-04-25T17:55:34.4380500Z
..............Failed qa: 1989-05-11T17:55:20.4640500Z
..............Failed qa: 1989-05-27T17:55:05.4150000Z
..............Failed qa: 1989-06-12T17:54:43.6610750Z
.....................Failed qa: 1989-06-28T17:54:27.8000060Z
.....................Failed qa: 1989-07-14T17:54:07.9240380Z
.....................Failed qa: 1989-07-30T17:53:48.9780810Z
.....................Failed qa: 1989-08-15T17:53:25.4350940Z
.....................Failed qa: 1989-08-31T17:53:06.0180190Z
..............Failed qa: 1989-09-16T17:52:33.0240500Z
..............Failed qa: 1989-10-02T17:52:24.9820130Z
..............Failed qa: 1989-10-18T17:51:42.7040880Z
..............Data has been pickled and saved to '/efs/timesync/1989/audit/1989_4581_1211_qa_rejects.p'.
Success tracking goes here
