{'project_id': '1211', 'year': '1989', 'x': -332340, 'y': 2389890, 'plot_id': '4156', 'strata': '41'}
Pandas(Index=0, project_id='1211', plot_id='4156', x=-332340, y=2389890)
called process_plot
Pandas(Index=0, project_id='1211', plot_id='4156', x=-332340, y=2389890)
4156
Directory '/efs/timesync/1989/audit/' already exists.
Data has been pickled and saved to '/efs/timesync/1989/audit/1989_4156_1211.p'.
..............Failed qa: 1989-04-01T17:05:08.4490500Z
.......Failed qa: 1989-04-10T16:59:16.193532Z
Failed qa: 1989-04-17T17:05:06.6620810Z
.......Failed qa: 1989-05-03T17:04:51.9000630Z
.......Failed qa: 1989-05-19T17:04:30.8750630Z
.......Failed qa: 1989-05-28T16:58:27.802085Z
Failed qa: 1989-06-04T17:04:19.7000940Z
.......Failed qa: 1989-06-20T17:03:54.2750130Z
Failed qa: 1989-06-21T17:03:44.4040560Z
.....................Failed qa: 1989-07-15T16:57:17.7380130Z
Failed qa: 1989-07-22T17:03:20.0030060Z
.......Failed qa: 1989-07-31T16:57:10.604082Z
Failed qa: 1989-08-07T17:02:59.8110750Z
.......Failed qa: 1989-08-15T17:09:34.2220250Z
Failed qa: 1989-08-16T16:56:46.118541Z
Failed qa: 1989-08-23T17:02:37.9800190Z
Failed qa: 1989-08-31T17:09:34.5530250Z
Failed qa: 1989-09-01T16:56:27.978041Z
.......Failed qa: 1989-09-08T17:02:14.7500560Z
.......Failed qa: 1989-09-24T17:01:49.8400190Z
.......Failed qa: 1989-10-03T16:55:34.6550940Z
Failed qa: 1989-10-10T17:01:29.9280630Z
.......Data has been pickled and saved to '/efs/timesync/1989/audit/1989_4156_1211_qa_rejects.p'.
Success tracking goes here
