{'project_id': '1211', 'year': '1989', 'x': 624660, 'y': 1661010, 'plot_id': '4909', 'strata': '41'}
Pandas(Index=0, project_id='1211', plot_id='4909', x=624660, y=1661010)
called process_plot
Pandas(Index=0, project_id='1211', plot_id='4909', x=624660, y=1661010)
4909
Directory '/efs/timesync/1989/audit/' already exists.
Data has been pickled and saved to '/efs/timesync/1989/audit/1989_4909_1211.p'.
Failed qa: 1989-01-07T15:54:36.5680500Z
..............Failed qa: 1989-01-23T15:53:52.1610560Z
Failed qa: 1989-01-23T15:54:04.143540Z
............................Failed qa: 1989-02-08T15:53:55.5930310Z
Failed qa: 1989-02-08T15:54:07.576025Z
..............Failed qa: 1989-02-24T15:53:35.441538Z
Failed qa: 1989-02-24T15:53:59.264563Z
............................Failed qa: 1989-03-12T15:53:21.1440190Z
Failed qa: 1989-03-12T15:53:33.056031Z
..........................................Failed qa: 1989-04-13T15:53:02.3600690Z
Failed qa: 1989-04-13T15:53:14.345566Z
..............Failed qa: 1989-04-29T15:52:43.0980630Z
Failed qa: 1989-04-29T15:52:55.084072Z
............................Failed qa: 1989-05-15T15:52:50.0780000Z
Failed qa: 1989-05-22T15:58:54.6490880Z
..............Failed qa: 1989-05-31T15:52:01.733544Z
Failed qa: 1989-05-31T15:52:25.564535Z
....................................................................................Failed qa: 1989-07-18T15:51:14.1820130Z
Failed qa: 1989-07-18T15:51:26.171053Z
............................Failed qa: 1989-08-19T15:50:31.1680440Z
Failed qa: 1989-08-19T15:50:43.159522Z
............................Failed qa: 1989-09-04T15:50:00.414053Z
Failed qa: 1989-09-04T15:50:24.254091Z
..............Failed qa: 1989-09-20T15:49:40.5840750Z
Failed qa: 1989-09-20T15:49:52.577063Z
............................Failed qa: 1989-10-06T15:49:54.3320940Z
..............Failed qa: 1989-10-22T15:48:46.9230000Z
Failed qa: 1989-10-22T15:48:58.845528Z
..............Data has been pickled and saved to '/efs/timesync/1989/audit/1989_4909_1211_qa_rejects.p'.
Success tracking goes here
