{'project_id': '1211', 'year': '1989', 'x': 1246230, 'y': 1990860, 'plot_id': '2851', 'strata': '41'}
Pandas(Index=0, project_id='1211', plot_id='2851', x=1246230, y=1990860)
called process_plot
Pandas(Index=0, project_id='1211', plot_id='2851', x=1246230, y=1990860)
2851
Directory '/efs/timesync/1989/audit/' already exists.
Data has been pickled and saved to '/efs/timesync/1989/audit/1989_2851_1211.p'.
Failed qa: 1989-01-11T15:28:48.867031Z
.......Failed qa: 1989-01-27T15:28:35.017047Z
Failed qa: 1989-02-10T15:40:33.731078Z
Failed qa: 1989-02-12T15:28:37.065050Z
.......Failed qa: 1989-02-28T15:28:24.407584Z
.......Failed qa: 1989-03-16T15:27:47.483537Z
..............Failed qa: 1989-04-15T15:39:26.7000060Z
Failed qa: 1989-04-17T15:27:25.3840310Z
.......Failed qa: 1989-05-01T15:39:09.4950500Z
Failed qa: 1989-05-17T15:39:01.146569Z
Failed qa: 1989-05-19T15:26:49.5680560Z
.......Failed qa: 1989-06-02T15:38:50.248565Z
.......Failed qa: 1989-06-18T15:38:24.416031Z
Failed qa: 1989-07-04T15:37:58.4810630Z
Failed qa: 1989-07-06T15:25:57.4780880Z
Failed qa: 1989-07-22T15:25:50.526547Z
.......Failed qa: 1989-08-05T15:37:30.783057Z
.......Failed qa: 1989-08-21T15:37:08.487513Z
Failed qa: 1989-08-23T15:24:56.6330880Z
.......Failed qa: 1989-09-06T15:36:47.399547Z
Failed qa: 1989-09-08T15:24:57.5080190Z
Failed qa: 1989-09-22T15:36:05.9310880Z
Failed qa: 1989-09-24T15:24:20.465047Z
Failed qa: 1989-10-01T15:29:53.0900310Z
Failed qa: 1989-10-08T15:35:52.6040440Z
Failed qa: 1989-10-10T15:24:00.828078Z
Failed qa: 1989-10-24T15:35:21.924056Z
Failed qa: 1989-10-26T15:23:19.945040Z
.......Failed qa: 1989-11-09T15:35:02.604018Z
Failed qa: 1989-11-11T15:22:59.290538Z
.......Data has been pickled and saved to '/efs/timesync/1989/audit/1989_2851_1211_qa_rejects.p'.
Success tracking goes here
