{'project_id': '1211', 'year': '1989', 'x': -1204800, 'y': 2177040, 'plot_id': '3053', 'strata': '41'}
Pandas(Index=0, project_id='1211', plot_id='3053', x=-1204800, y=2177040)
called process_plot
Pandas(Index=0, project_id='1211', plot_id='3053', x=-1204800, y=2177040)
3053
Directory '/efs/timesync/1989/audit/' already exists.
Data has been pickled and saved to '/efs/timesync/1989/audit/1989_3053_1211.p'.
............................Failed qa: 1989-03-21T17:24:13.878053Z
..............Failed qa: 1989-04-22T17:24:07.229559Z
..............Failed qa: 1989-05-08T17:23:55.669053Z
..............Failed qa: 1989-05-24T17:23:37.463062Z
..............Failed qa: 1989-06-09T17:23:20.425072Z
.......Failed qa: 1989-06-17T17:28:26.3530880Z
..............Failed qa: 1989-06-25T17:23:11.616591Z
.....................Failed qa: 1989-07-17T17:40:55.0120690Z
.....................Failed qa: 1989-08-02T17:40:54.1090130Z
.....................Failed qa: 1989-08-12T17:21:48.6690190Z
Failed qa: 1989-08-18T17:40:51.9010810Z
.....................Failed qa: 1989-08-28T17:21:28.7870000Z
.....................Failed qa: 1989-09-13T17:21:07.382535Z
.....................Failed qa: 1989-09-29T17:20:57.193047Z
.......Failed qa: 1989-10-13T17:32:38.2550560Z
Failed qa: 1989-10-15T17:20:34.9740060Z
..............Data has been pickled and saved to '/efs/timesync/1989/audit/1989_3053_1211_qa_rejects.p'.
Success tracking goes here
