{'project_id': '1211', 'year': '1989', 'x': -15750, 'y': 897870, 'plot_id': '3827', 'strata': '41'}
Pandas(Index=0, project_id='1211', plot_id='3827', x=-15750, y=897870)
called process_plot
Pandas(Index=0, project_id='1211', plot_id='3827', x=-15750, y=897870)
3827
Directory '/efs/timesync/1989/audit/' already exists.
Data has been pickled and saved to '/efs/timesync/1989/audit/1989_3827_1211.p'.
Failed qa: 1989-01-03T16:20:45.438025Z
..............Failed qa: 1989-01-17T16:32:39.9340130Z
..............Failed qa: 1989-02-20T16:20:35.2660500Z
Failed qa: 1989-02-27T16:26:38.1800940Z
Failed qa: 1989-02-27T16:26:38.1800940Z
Failed qa: 1989-03-06T16:32:26.185541Z
Failed qa: 1989-03-08T16:20:00.050540Z
Failed qa: 1989-03-22T16:31:45.470031Z
Failed qa: 1989-03-24T16:19:21.971557Z
..............Failed qa: 1989-04-07T16:31:56.921072Z
..............Failed qa: 1989-04-23T16:31:40.256550Z
Failed qa: 1989-04-25T16:19:16.695060Z
..............Failed qa: 1989-05-09T16:31:28.003547Z
Failed qa: 1989-05-11T16:19:02.861050Z
Failed qa: 1989-05-27T16:18:47.685050Z
..............Failed qa: 1989-06-10T16:30:52.514040Z
Failed qa: 1989-06-12T16:18:26.083050Z
..............Failed qa: 1989-06-26T16:30:20.8520060Z
..............Failed qa: 1989-07-14T16:17:49.901013Z
..............Failed qa: 1989-07-28T16:29:55.468538Z
Failed qa: 1989-07-30T16:17:31.180013Z
..............Failed qa: 1989-08-13T16:29:32.815528Z
Failed qa: 1989-08-15T16:17:07.640015Z
..............Failed qa: 1989-08-29T16:29:13.107532Z
Failed qa: 1989-09-14T16:28:49.3270250Z
Failed qa: 1989-09-16T16:16:15.133528Z
..............Failed qa: 1989-09-30T16:28:42.5290690Z
Failed qa: 1989-10-02T16:16:07.192515Z
..............Failed qa: 1989-10-16T16:27:53.773554Z
..............Failed qa: 1989-11-01T16:27:31.373053Z
Failed qa: 1989-11-03T16:15:07.992028Z
..............Failed qa: 1989-11-17T16:26:42.2680250Z
Failed qa: 1989-11-19T16:14:15.1930310Z
Data has been pickled and saved to '/efs/timesync/1989/audit/1989_3827_1211_qa_rejects.p'.
Success tracking goes here
