{'project_id': '1211', 'year': '1989', 'x': 903420, 'y': 1118310, 'plot_id': '2337', 'strata': '41'}
Pandas(Index=0, project_id='1211', plot_id='2337', x=903420, y=1118310)
called process_plot
Pandas(Index=0, project_id='1211', plot_id='2337', x=903420, y=1118310)
2337
Directory '/efs/timesync/1989/audit/' already exists.
Data has been pickled and saved to '/efs/timesync/1989/audit/1989_2337_1211.p'.
.......Failed qa: 1989-02-01T15:49:22.6340690Z
Failed qa: 1989-02-10T15:42:57.025053Z
Failed qa: 1989-02-17T15:49:18.9590630Z
Failed qa: 1989-02-26T15:42:59.4710190Z
Failed qa: 1989-03-21T15:48:19.9120380Z
Failed qa: 1989-03-30T15:41:56.161078Z
..............Failed qa: 1989-05-17T15:41:24.485009Z
.......Failed qa: 1989-06-02T15:41:13.523047Z
Failed qa: 1989-06-09T15:47:26.4620500Z
Failed qa: 1989-06-18T15:40:47.627057Z
.......Failed qa: 1989-07-04T15:40:45.6070690Z
..............Failed qa: 1989-08-05T15:39:54.021568Z
..............Failed qa: 1989-09-06T15:39:22.7210750Z
.......Failed qa: 1989-09-22T15:38:41.338016Z
.......Failed qa: 1989-10-24T15:37:45.213550Z
.......Failed qa: 1989-11-09T15:37:25.755551Z
.......Data has been pickled and saved to '/efs/timesync/1989/audit/1989_2337_1211_qa_rejects.p'.
Success tracking goes here
