{'project_id': '1211', 'year': '1989', 'x': -1377060, 'y': 1969620, 'plot_id': '397', 'strata': '41'}
Pandas(Index=0, project_id='1211', plot_id='397', x=-1377060, y=1969620)
called process_plot
Pandas(Index=0, project_id='1211', plot_id='397', x=-1377060, y=1969620)
397
Directory '/efs/timesync/1989/audit/' already exists.
Data has been pickled and saved to '/efs/timesync/1989/audit/1989_0397_1211.p'.
.......Failed qa: 1989-01-28T17:50:32.9540250Z
..............Failed qa: 1989-03-17T17:49:39.0820440Z
.......Failed qa: 1989-03-26T17:43:32.240566Z
Failed qa: 1989-04-02T17:49:37.4900560Z
.......Failed qa: 1989-04-11T17:43:31.124044Z
Failed qa: 1989-04-18T17:49:31.7800500Z
Failed qa: 1989-04-27T17:43:22.250069Z
Failed qa: 1989-05-04T17:49:18.4600190Z
.......Failed qa: 1989-05-13T17:42:55.935006Z
Failed qa: 1989-05-20T17:48:58.3050250Z
.......Failed qa: 1989-05-29T17:42:42.409540Z
Failed qa: 1989-06-05T17:48:45.7900440Z
.......Failed qa: 1989-06-13T17:53:55.1070250Z
Failed qa: 1989-06-14T17:42:16.833063Z
Failed qa: 1989-06-21T17:48:20.3930560Z
.......Failed qa: 1989-06-29T17:54:01.0720630Z
Failed qa: 1989-06-30T17:42:04.334506Z
Failed qa: 1989-07-07T17:48:05.4220190Z
.......Failed qa: 1989-07-15T17:54:04.8100130Z
Failed qa: 1989-07-16T17:41:43.844547Z
Failed qa: 1989-07-23T17:47:46.4720250Z
.......Failed qa: 1989-07-31T17:54:03.7980880Z
Failed qa: 1989-08-01T17:41:24.461525Z
Failed qa: 1989-08-08T17:47:25.5170630Z
.......Failed qa: 1989-08-16T17:54:00.2320560Z
Failed qa: 1989-08-17T17:40:59.012585Z
Failed qa: 1989-08-24T17:47:03.9680190Z
.......Failed qa: 1989-09-02T17:40:42.110585Z
Failed qa: 1989-09-09T17:46:39.4500500Z
.......Failed qa: 1989-09-18T17:40:09.587079Z
Failed qa: 1989-09-25T17:46:17.4000130Z
.......Failed qa: 1989-10-04T17:39:48.849525Z
Failed qa: 1989-10-11T17:45:53.6750310Z
.......Failed qa: 1989-10-20T17:39:16.595034Z
Failed qa: 1989-10-27T17:45:17.1210500Z
.......Data has been pickled and saved to '/efs/timesync/1989/audit/1989_0397_1211_qa_rejects.p'.
Success tracking goes here
