{'project_id': '1211', 'year': '1989', 'x': -1175730, 'y': 2959740, 'plot_id': '896', 'strata': '41'}
Pandas(Index=0, project_id='1211', plot_id='896', x=-1175730, y=2959740)
called process_plot
Pandas(Index=0, project_id='1211', plot_id='896', x=-1175730, y=2959740)
896
Directory '/efs/timesync/1989/audit/' already exists.
Data has been pickled and saved to '/efs/timesync/1989/audit/1989_0896_1211.p'.
.......Failed qa: 1989-03-19T17:34:51.9680810Z
Failed qa: 1989-03-24T17:53:16.7110130Z
Failed qa: 1989-03-26T17:41:20.8400310Z
.......Failed qa: 1989-04-04T17:35:07.171528Z
Failed qa: 1989-04-09T17:53:30.2040690Z
.....................Failed qa: 1989-05-06T17:34:44.116043Z
Failed qa: 1989-05-11T17:52:57.2000380Z
.......Failed qa: 1989-05-22T17:34:24.721060Z
Failed qa: 1989-05-27T17:52:42.1450130Z
.......Failed qa: 1989-06-07T17:34:09.834540Z
Failed qa: 1989-06-12T17:52:20.3810750Z
.....................Failed qa: 1989-06-23T17:33:46.171525Z
Failed qa: 1989-06-28T17:52:04.5100060Z
..............Failed qa: 1989-07-01T17:39:28.512047Z
.......Failed qa: 1989-07-09T17:33:18.5170250Z
Failed qa: 1989-07-14T17:51:44.6290940Z
.......Failed qa: 1989-07-17T17:39:43.2450440Z
.......Failed qa: 1989-07-25T17:33:23.2960250Z
Failed qa: 1989-07-30T17:51:25.8160440Z
.......Failed qa: 1989-08-02T17:39:30.570587Z
.......Failed qa: 1989-08-10T17:32:48.837007Z
Failed qa: 1989-08-15T17:51:02.1180000Z
.......Failed qa: 1989-08-18T17:39:28.363541Z
Failed qa: 1989-08-26T17:32:29.135528Z
.......Failed qa: 1989-09-09T17:44:39.9590940Z
Failed qa: 1989-09-11T17:32:00.489582Z
Failed qa: 1989-09-16T17:50:09.5450190Z
Failed qa: 1989-09-18T17:38:10.0920750Z
.......Failed qa: 1989-09-27T17:31:44.296522Z
Failed qa: 1989-10-02T17:50:01.6340690Z
..............Failed qa: 1989-10-13T17:31:14.654576Z
Failed qa: 1989-10-18T17:49:19.3470060Z
Failed qa: 1989-10-20T17:37:05.230582Z
.......Failed qa: 1989-10-29T17:30:44.716557Z
Data has been pickled and saved to '/efs/timesync/1989/audit/1989_0896_1211_qa_rejects.p'.
Success tracking goes here
