{'project_id': '1211', 'year': '1989', 'x': 735750, 'y': 1270260, 'plot_id': '4707', 'strata': '41'}
Pandas(Index=0, project_id='1211', plot_id='4707', x=735750, y=1270260)
called process_plot
Pandas(Index=0, project_id='1211', plot_id='4707', x=735750, y=1270260)
4707
Directory '/efs/timesync/1989/audit/' already exists.
Data has been pickled and saved to '/efs/timesync/1989/audit/1989_4707_1211.p'.
Failed qa: 1989-01-16T15:48:50.538088Z
Failed qa: 1989-01-21T16:06:51.649513Z
..............Failed qa: 1989-01-30T16:01:07.388556Z
Failed qa: 1989-01-30T16:00:55.4780310Z
Failed qa: 1989-02-06T16:06:43.0110060Z
..............Failed qa: 1989-02-15T16:01:17.6850750Z
Failed qa: 1989-02-22T16:06:35.0960310Z
..............Failed qa: 1989-03-10T16:06:22.685047Z
..............Failed qa: 1989-03-19T16:00:09.514535Z
Failed qa: 1989-03-19T15:59:57.6020310Z
Failed qa: 1989-03-26T16:05:50.539537Z
Failed qa: 1989-04-06T15:47:52.808050Z
Failed qa: 1989-04-11T16:06:01.534522Z
..............Failed qa: 1989-04-20T15:59:59.916047Z
Failed qa: 1989-04-20T15:59:48.0020500Z
Failed qa: 1989-04-22T15:47:37.352013Z
..............Failed qa: 1989-05-06T15:59:49.831532Z
Failed qa: 1989-05-08T15:47:14.0300130Z
..............Failed qa: 1989-05-22T15:59:30.395016Z
Failed qa: 1989-05-22T15:59:18.4800060Z
Failed qa: 1989-05-24T15:47:07.750019Z
Failed qa: 1989-05-29T16:05:12.973016Z
..............Failed qa: 1989-06-07T15:59:15.665047Z
Failed qa: 1989-06-09T15:46:38.6550690Z
Failed qa: 1989-06-23T15:58:51.731544Z
Failed qa: 1989-06-23T15:58:39.8150380Z
Failed qa: 1989-06-25T15:46:29.787050Z
Failed qa: 1989-06-30T16:04:22.7780500Z
Failed qa: 1989-07-02T15:52:46.4830750Z
Failed qa: 1989-07-02T15:52:46.4830750Z
Failed qa: 1989-07-09T15:58:35.990057Z
Failed qa: 1989-07-11T15:46:11.929047Z
Failed qa: 1989-07-16T16:04:14.285037Z
..............Failed qa: 1989-07-25T15:58:16.911016Z
Failed qa: 1989-07-27T15:45:52.902544Z
Failed qa: 1989-08-01T16:03:54.922047Z
Failed qa: 1989-08-12T15:45:30.807063Z
..............Failed qa: 1989-08-26T15:57:34.799560Z
Failed qa: 1989-08-28T15:45:10.938050Z
Failed qa: 1989-09-02T16:03:00.6370630Z
..............Failed qa: 1989-09-13T15:44:37.813538Z
Failed qa: 1989-09-18T16:02:40.063025Z
..............Failed qa: 1989-09-27T15:56:49.922550Z
Failed qa: 1989-10-04T16:02:31.384075Z
..............Failed qa: 1989-10-15T15:43:53.340557Z
Failed qa: 1989-10-20T16:01:46.985554Z
..............Failed qa: 1989-10-31T15:43:28.391050Z
Failed qa: 1989-11-16T15:42:52.380538Z
Failed qa: 1989-11-21T16:00:51.099050Z
Data has been pickled and saved to '/efs/timesync/1989/audit/1989_4707_1211_qa_rejects.p'.
Success tracking goes here
