{'project_id': '1211', 'year': '1989', 'x': -1493430, 'y': 1108290, 'plot_id': '4585', 'strata': '41'}
Pandas(Index=0, project_id='1211', plot_id='4585', x=-1493430, y=1108290)
called process_plot
Pandas(Index=0, project_id='1211', plot_id='4585', x=-1493430, y=1108290)
4585
Directory '/efs/timesync/1989/audit/' already exists.
Data has been pickled and saved to '/efs/timesync/1989/audit/1989_4585_1211.p'.
Failed qa: 1989-02-09T17:30:36.7260000Z
.....................Failed qa: 1989-04-13T17:33:19.102031Z
Failed qa: 1989-04-15T17:20:54.925528Z
.......Failed qa: 1989-04-29T17:32:59.843057Z
Failed qa: 1989-05-01T17:20:37.883526Z
.......Failed qa: 1989-05-15T17:32:42.854538Z
Failed qa: 1989-05-17T17:20:17.582050Z
.......Failed qa: 1989-05-31T17:32:30.331557Z
Failed qa: 1989-06-02T17:20:06.618050Z
.......Failed qa: 1989-06-10T17:25:27.2670750Z
..............Failed qa: 1989-06-18T17:19:40.771553Z
..............Failed qa: 1989-06-26T17:25:30.0650000Z
Failed qa: 1989-07-02T17:31:51.551013Z
Failed qa: 1989-07-04T17:19:26.790031Z
.......Failed qa: 1989-07-12T17:25:21.964575Z
Failed qa: 1989-07-18T17:31:30.871581Z
Failed qa: 1989-07-20T17:19:05.922534Z
.......Failed qa: 1989-08-03T17:31:10.870047Z
Failed qa: 1989-08-05T17:18:47.124519Z
..............Failed qa: 1989-08-19T17:30:47.989047Z
Failed qa: 1989-08-21T17:18:24.971519Z
..............Failed qa: 1989-09-04T17:30:28.981018Z
Failed qa: 1989-09-06T17:18:03.788047Z
.....................Failed qa: 1989-09-22T17:17:34.464547Z
..............Failed qa: 1989-10-06T17:29:47.143069Z
Failed qa: 1989-10-08T17:17:20.862066Z
..............Failed qa: 1989-10-24T17:16:50.2040630Z
Failed qa: 1989-11-07T17:28:46.201044Z
Data has been pickled and saved to '/efs/timesync/1989/audit/1989_4585_1211_qa_rejects.p'.
Success tracking goes here
