{'project_id': '1211', 'year': '1989', 'x': 707460, 'y': 1788750, 'plot_id': '4534', 'strata': '41'}
Pandas(Index=0, project_id='1211', plot_id='4534', x=707460, y=1788750)
called process_plot
Pandas(Index=0, project_id='1211', plot_id='4534', x=707460, y=1788750)
4534
Directory '/efs/timesync/1989/audit/' already exists.
Data has been pickled and saved to '/efs/timesync/1989/audit/1989_4534_1211.p'.
Failed qa: 1989-01-21T16:06:03.935550Z
Failed qa: 1989-01-23T15:53:52.1610560Z
.......Failed qa: 1989-02-06T16:06:07.205557Z
Failed qa: 1989-02-08T15:53:55.5930310Z
Failed qa: 1989-02-22T16:05:59.433028Z
Failed qa: 1989-02-24T15:53:35.441538Z
.......Failed qa: 1989-03-10T16:05:35.037047Z
Failed qa: 1989-03-12T15:53:21.1440190Z
.......Failed qa: 1989-03-26T16:05:02.888029Z
Failed qa: 1989-04-11T16:05:13.808041Z
Failed qa: 1989-04-13T15:53:02.3600690Z
.......Failed qa: 1989-04-29T15:52:43.0980630Z
.......Failed qa: 1989-05-13T16:04:38.696006Z
Failed qa: 1989-05-29T16:04:25.167554Z
Failed qa: 1989-05-31T15:52:01.733544Z
.......Failed qa: 1989-06-14T16:03:59.613578Z
.......Failed qa: 1989-06-30T16:03:47.099041Z
.......Failed qa: 1989-07-16T16:03:26.615522Z
Failed qa: 1989-07-18T15:51:14.1820130Z
.......Failed qa: 1989-08-01T16:03:07.248541Z
Failed qa: 1989-08-19T15:50:31.1680440Z
.......Failed qa: 1989-09-02T16:02:24.877044Z
Failed qa: 1989-09-04T15:50:00.414053Z
Failed qa: 1989-09-18T16:01:52.308016Z
Failed qa: 1989-09-20T15:49:40.5840750Z
.......Failed qa: 1989-10-04T16:01:43.625063Z
Failed qa: 1989-10-20T16:00:59.295044Z
Failed qa: 1989-10-22T15:48:46.9230000Z
Failed qa: 1989-11-21T16:00:03.404078Z
Data has been pickled and saved to '/efs/timesync/1989/audit/1989_4534_1211_qa_rejects.p'.
Success tracking goes here
