{'project_id': '1211', 'year': '1989', 'x': -722910, 'y': 1788120, 'plot_id': '3364', 'strata': '41'}
Pandas(Index=0, project_id='1211', plot_id='3364', x=-722910, y=1788120)
called process_plot
Pandas(Index=0, project_id='1211', plot_id='3364', x=-722910, y=1788120)
3364
Directory '/efs/timesync/1989/audit/' already exists.
Data has been pickled and saved to '/efs/timesync/1989/audit/1989_3364_1211.p'.
Failed qa: 1989-03-25T17:00:39.335069Z
.......Failed qa: 1989-04-10T17:00:51.717035Z
.......Failed qa: 1989-04-19T16:54:40.0430190Z
Failed qa: 1989-04-26T17:00:31.878557Z
.......Failed qa: 1989-05-05T16:54:28.3440810Z
Failed qa: 1989-05-19T17:06:30.3130000Z
Failed qa: 1989-05-21T16:54:08.4930940Z
Failed qa: 1989-05-28T17:00:03.411575Z
.......Failed qa: 1989-06-06T16:53:54.8260630Z
Failed qa: 1989-06-13T16:59:39.781041Z
.......Failed qa: 1989-06-21T17:05:08.013060Z
Failed qa: 1989-07-07T17:05:11.610094Z
Failed qa: 1989-07-08T16:53:14.7840750Z
.......Failed qa: 1989-07-15T16:59:05.209500Z
.......Failed qa: 1989-07-24T16:52:55.7840000Z
Failed qa: 1989-07-31T16:58:46.166550Z
.......Failed qa: 1989-08-09T16:52:34.1250750Z
.......Failed qa: 1989-08-16T16:58:21.616516Z
..............Failed qa: 1989-09-01T16:58:03.553056Z
.......Failed qa: 1989-09-10T16:51:47.1210000Z
Failed qa: 1989-09-17T16:57:30.680034Z
.......Failed qa: 1989-09-26T16:51:27.6820880Z
Failed qa: 1989-10-03T16:57:34.1590690Z
.......Data has been pickled and saved to '/efs/timesync/1989/audit/1989_3364_1211_qa_rejects.p'.
Success tracking goes here
