{'project_id': '1211', 'year': '1989', 'x': 758280, 'y': 2635800, 'plot_id': '4250', 'strata': '41'}
Pandas(Index=0, project_id='1211', plot_id='4250', x=758280, y=2635800)
called process_plot
Pandas(Index=0, project_id='1211', plot_id='4250', x=758280, y=2635800)
4250
Directory '/efs/timesync/1989/audit/' already exists.
Data has been pickled and saved to '/efs/timesync/1989/audit/1989_4250_1211.p'.
.......Failed qa: 1989-01-14T15:57:27.4420500Z
Failed qa: 1989-01-23T15:51:28.8040440Z
..............Failed qa: 1989-02-08T15:51:32.3720630Z
..............Failed qa: 1989-02-24T15:51:12.143510Z
Failed qa: 1989-03-03T15:57:02.8190500Z
Failed qa: 1989-03-12T15:50:46.000037Z
.....................Failed qa: 1989-04-13T15:50:27.338566Z
.......Failed qa: 1989-04-29T15:49:56.0110190Z
..............Failed qa: 1989-05-15T15:49:39.0090880Z
.....................Failed qa: 1989-06-14T16:01:24.4890380Z
Failed qa: 1989-06-16T15:48:59.3230500Z
.......Failed qa: 1989-06-24T15:54:59.5900060Z
.......Failed qa: 1989-07-02T15:48:59.773050Z
..............Failed qa: 1989-07-18T15:48:39.109544Z
.......Failed qa: 1989-07-26T15:54:50.097581Z
.......Failed qa: 1989-08-19T15:47:56.070563Z
..............Failed qa: 1989-09-04T15:47:37.085041Z
.......Failed qa: 1989-09-20T15:47:05.323078Z
..............Failed qa: 1989-10-06T15:47:07.1390000Z
.......Failed qa: 1989-10-22T15:46:11.783541Z
Failed qa: 1989-11-07T15:46:06.6100880Z
Failed qa: 1989-11-14T15:51:30.7070750Z
.......Data has been pickled and saved to '/efs/timesync/1989/audit/1989_4250_1211_qa_rejects.p'.
Success tracking goes here
