{'project_id': '1211', 'year': '1989', 'x': -687120, 'y': 1374930, 'plot_id': '4843', 'strata': '41'}
Pandas(Index=0, project_id='1211', plot_id='4843', x=-687120, y=1374930)
called process_plot
Pandas(Index=0, project_id='1211', plot_id='4843', x=-687120, y=1374930)
4843
Directory '/efs/timesync/1989/audit/' already exists.
Data has been pickled and saved to '/efs/timesync/1989/audit/1989_4843_1211.p'.
..............Failed qa: 1989-04-01T17:07:31.6920690Z
..............Failed qa: 1989-04-17T17:07:29.9150810Z
..............Failed qa: 1989-05-03T17:07:15.3050000Z
.......Failed qa: 1989-05-19T17:06:54.2860630Z
..............Failed qa: 1989-06-04T17:06:43.1190690Z
..............Failed qa: 1989-06-20T17:06:17.7030250Z
............................Failed qa: 1989-07-14T17:12:00.8130250Z
.......Failed qa: 1989-07-22T17:05:43.1610060Z
..............Failed qa: 1989-08-07T17:05:22.9790310Z
.......Failed qa: 1989-08-15T17:11:57.6130880Z
.......Failed qa: 1989-08-23T17:05:01.3030630Z
Failed qa: 1989-08-31T17:11:57.9430880Z
..............Failed qa: 1989-09-08T17:04:38.0820250Z
Failed qa: 1989-09-10T16:52:11.1050440Z
.......Failed qa: 1989-09-24T17:04:13.3260500Z
..............Failed qa: 1989-10-10T17:03:53.2810500Z
.......Data has been pickled and saved to '/efs/timesync/1989/audit/1989_4843_1211_qa_rejects.p'.
Success tracking goes here
