{'project_id': '1211', 'year': '1989', 'x': 438090, 'y': 934830, 'plot_id': '1489', 'strata': '41'}
Pandas(Index=0, project_id='1211', plot_id='1489', x=438090, y=934830)
called process_plot
Pandas(Index=0, project_id='1211', plot_id='1489', x=438090, y=934830)
1489
Directory '/efs/timesync/1989/audit/' already exists.
Data has been pickled and saved to '/efs/timesync/1989/audit/1989_1489_1211.p'.
............................Failed qa: 1989-01-28T16:13:51.128537Z
Failed qa: 1989-01-30T16:01:43.264081Z
Failed qa: 1989-02-15T16:01:41.651557Z
..............Failed qa: 1989-03-01T16:13:25.8800810Z
..............Failed qa: 1989-03-17T16:12:57.607047Z
Failed qa: 1989-03-19T16:00:45.395554Z
..............Failed qa: 1989-04-04T16:01:00.486544Z
..............Failed qa: 1989-04-18T16:12:50.134062Z
Failed qa: 1989-04-20T16:00:35.801541Z
Failed qa: 1989-05-06T16:00:25.790537Z
Failed qa: 1989-05-20T16:12:16.527038Z
Failed qa: 1989-05-22T16:00:06.355522Z
..............Failed qa: 1989-06-05T16:12:16.0050690Z
Failed qa: 1989-06-07T15:59:51.556037Z
..............Failed qa: 1989-06-21T16:11:38.705575Z
Failed qa: 1989-06-23T15:59:27.624566Z
..............Failed qa: 1989-07-07T16:11:23.574025Z
Failed qa: 1989-07-09T15:59:11.885072Z
..............Failed qa: 1989-07-23T16:10:52.6550630Z
Failed qa: 1989-07-25T15:58:52.808537Z
..............Failed qa: 1989-08-08T16:10:31.7410380Z
Failed qa: 1989-08-26T15:58:10.774079Z
..............Failed qa: 1989-09-09T16:09:57.881551Z
..............Failed qa: 1989-09-25T16:09:35.588553Z
Failed qa: 1989-09-27T15:57:25.830560Z
..............Failed qa: 1989-10-11T16:09:12.190034Z
..............Failed qa: 1989-11-12T16:08:10.850547Z
Failed qa: 1989-11-14T15:56:17.1590880Z
..............Data has been pickled and saved to '/efs/timesync/1989/audit/1989_1489_1211_qa_rejects.p'.
Success tracking goes here
