{'project_id': '1211', 'year': '1989', 'x': 1809000, 'y': 2036820, 'plot_id': '4188', 'strata': '41'}
Pandas(Index=0, project_id='1211', plot_id='4188', x=1809000, y=2036820)
called process_plot
Pandas(Index=0, project_id='1211', plot_id='4188', x=1809000, y=2036820)
4188
Directory '/efs/timesync/1989/audit/' already exists.
Data has been pickled and saved to '/efs/timesync/1989/audit/1989_4188_1211.p'.
.......Failed qa: 1989-01-24T14:57:27.1860940Z
.......Failed qa: 1989-02-09T14:57:29.3180690Z
.......Failed qa: 1989-02-25T14:57:21.5610810Z
Failed qa: 1989-03-04T15:03:23.1220060Z
.......Failed qa: 1989-03-13T14:56:53.7430880Z
............................Failed qa: 1989-04-14T14:56:36.2990440Z
............................Failed qa: 1989-05-23T15:02:05.1980810Z
..............Failed qa: 1989-06-17T14:55:21.1430690Z
..............Failed qa: 1989-07-03T14:55:08.3870440Z
..............Failed qa: 1989-07-19T14:54:47.5640810Z
.....................Failed qa: 1989-08-04T14:54:28.3110310Z
Failed qa: 1989-08-12T15:01:00.7640310Z
.......Failed qa: 1989-08-20T14:54:05.4040940Z
.......Failed qa: 1989-08-28T15:00:59.3060560Z
.......Failed qa: 1989-09-05T14:53:45.6040310Z
Failed qa: 1989-09-12T14:59:38.2480250Z
............................Failed qa: 1989-10-23T14:52:19.9600310Z
..............Failed qa: 1989-11-08T14:52:02.0900250Z
.......Data has been pickled and saved to '/efs/timesync/1989/audit/1989_4188_1211_qa_rejects.p'.
Success tracking goes here
