{'project_id': '1211', 'year': '1989', 'x': 137220, 'y': 1671210, 'plot_id': '2742', 'strata': '41'}
Pandas(Index=0, project_id='1211', plot_id='2742', x=137220, y=1671210)
called process_plot
Pandas(Index=0, project_id='1211', plot_id='2742', x=137220, y=1671210)
2742
Directory '/efs/timesync/1989/audit/' already exists.
Data has been pickled and saved to '/efs/timesync/1989/audit/1989_2742_1211.p'.
Failed qa: 1989-01-03T16:18:45.984066Z
..............Failed qa: 1989-01-17T16:30:52.526500Z
Failed qa: 1989-01-17T16:30:40.6880000Z
Failed qa: 1989-01-19T16:18:26.528034Z
Failed qa: 1989-01-24T16:36:56.315063Z
..............Failed qa: 1989-02-04T16:18:41.2850130Z
Failed qa: 1989-02-09T16:36:46.4470940Z
..............Failed qa: 1989-02-25T16:36:38.6910940Z
..............Failed qa: 1989-03-06T16:30:26.709016Z
Failed qa: 1989-03-06T16:30:14.8690190Z
Failed qa: 1989-03-08T16:18:00.573016Z
Failed qa: 1989-03-13T16:36:34.2680940Z
Failed qa: 1989-03-22T16:29:46.128025Z
Failed qa: 1989-03-22T16:29:34.2870310Z
Failed qa: 1989-03-24T16:17:22.556525Z
..............Failed qa: 1989-04-07T16:30:09.2710310Z
Failed qa: 1989-04-09T16:17:24.2230940Z
..............Failed qa: 1989-04-23T16:29:40.901059Z
Failed qa: 1989-04-23T16:29:29.0590310Z
Failed qa: 1989-04-25T16:17:17.195038Z
Failed qa: 1989-04-30T16:35:35.0950560Z
..............Failed qa: 1989-05-09T16:29:40.3410250Z
Failed qa: 1989-05-11T16:17:03.355003Z
Failed qa: 1989-05-16T16:35:16.3870940Z
Failed qa: 1989-05-27T16:16:48.173572Z
..............Failed qa: 1989-06-17T16:34:38.3430940Z
..............Failed qa: 1989-06-26T16:28:33.529056Z
Failed qa: 1989-06-26T16:28:21.6840560Z
Failed qa: 1989-06-28T16:16:10.564535Z
Failed qa: 1989-07-03T16:34:25.4580060Z
..............Failed qa: 1989-07-14T16:15:50.512513Z
Failed qa: 1989-07-19T16:34:04.6480250Z
..............Failed qa: 1989-07-27T16:40:29.281547Z
Failed qa: 1989-07-28T16:27:55.999547Z
Failed qa: 1989-07-28T16:27:44.2250380Z
Failed qa: 1989-07-30T16:15:43.4850000Z
Failed qa: 1989-08-04T16:33:45.3950560Z
..............Failed qa: 1989-08-12T16:40:41.5270000Z
Failed qa: 1989-08-13T16:27:33.264572Z
Failed qa: 1989-08-13T16:27:21.4170810Z
Failed qa: 1989-08-15T16:15:08.231531Z
..............Failed qa: 1989-08-28T16:40:28.285031Z
Failed qa: 1989-09-16T16:14:15.710057Z
..............Failed qa: 1989-09-30T16:26:30.888065Z
Failed qa: 1989-09-30T16:26:19.0380810Z
Failed qa: 1989-10-02T16:14:07.616540Z
Failed qa: 1989-10-07T16:32:20.3330940Z
..............Failed qa: 1989-10-18T16:13:13.6630060Z
Failed qa: 1989-10-23T16:31:37.0240690Z
..............Failed qa: 1989-11-01T16:25:31.926544Z
Failed qa: 1989-11-01T16:25:20.0750690Z
Failed qa: 1989-11-03T16:13:08.615588Z
Failed qa: 1989-11-08T16:31:19.1030690Z
..............Failed qa: 1989-11-17T16:24:54.955088Z
Failed qa: 1989-11-17T16:24:43.1750940Z
Failed qa: 1989-11-19T16:12:27.952038Z
Data has been pickled and saved to '/efs/timesync/1989/audit/1989_2742_1211_qa_rejects.p'.
Success tracking goes here
