{'project_id': '1211', 'year': '1989', 'x': -301650, 'y': 1673340, 'plot_id': '2356', 'strata': '41'}
Pandas(Index=0, project_id='1211', plot_id='2356', x=-301650, y=1673340)
called process_plot
Pandas(Index=0, project_id='1211', plot_id='2356', x=-301650, y=1673340)
2356
Directory '/efs/timesync/1989/audit/' already exists.
Data has been pickled and saved to '/efs/timesync/1989/audit/1989_2356_1211.p'.
..............Failed qa: 1989-01-24T16:36:56.315063Z
..............Failed qa: 1989-02-09T16:36:58.286582Z
..............Failed qa: 1989-02-25T16:36:50.459554Z
..............Failed qa: 1989-03-13T16:36:34.2680940Z
..........................................Failed qa: 1989-04-30T16:35:46.937562Z
.......Failed qa: 1989-05-16T16:35:28.230554Z
.....................Failed qa: 1989-06-17T16:34:50.187594Z
.......Failed qa: 1989-07-03T16:34:25.4580060Z
..............Failed qa: 1989-07-19T16:34:16.493557Z
.......Failed qa: 1989-07-27T16:40:29.281547Z
.......Failed qa: 1989-08-04T16:33:57.170050Z
.......Failed qa: 1989-08-12T16:40:41.5270000Z
.......Failed qa: 1989-08-20T16:33:46.2270630Z
.......Failed qa: 1989-08-28T16:40:28.285031Z
..............Failed qa: 1989-10-07T16:32:32.183550Z
..............Failed qa: 1989-10-23T16:31:48.803079Z
.......Failed qa: 1989-11-08T16:31:30.882572Z
..............Data has been pickled and saved to '/efs/timesync/1989/audit/1989_2356_1211_qa_rejects.p'.
Success tracking goes here
