{'project_id': '1211', 'year': '1989', 'x': 1488510, 'y': 2258730, 'plot_id': '3011', 'strata': '41'}
Pandas(Index=0, project_id='1211', plot_id='3011', x=1488510, y=2258730)
called process_plot
Pandas(Index=0, project_id='1211', plot_id='3011', x=1488510, y=2258730)
3011
Directory '/efs/timesync/1989/audit/' already exists.
Data has been pickled and saved to '/efs/timesync/1989/audit/1989_3011_1211.p'.
.......Failed qa: 1989-01-13T15:15:59.765572Z
.......Failed qa: 1989-01-29T15:15:51.360519Z
.......Failed qa: 1989-03-02T15:15:35.705575Z
.......Failed qa: 1989-03-16T15:27:11.5310560Z
Failed qa: 1989-03-18T15:15:07.5150380Z
..............Failed qa: 1989-04-19T15:14:47.348529Z
.......Failed qa: 1989-05-21T15:14:15.630072Z
.......Failed qa: 1989-06-22T15:13:48.5230130Z
.......Failed qa: 1989-07-08T15:13:22.023053Z
.......Failed qa: 1989-07-24T15:13:03.130566Z
.......Failed qa: 1989-08-09T15:12:41.472054Z
.......Failed qa: 1989-09-01T15:18:34.5710500Z
Failed qa: 1989-09-10T15:11:54.497060Z
Failed qa: 1989-09-17T15:18:01.6760810Z
Failed qa: 1989-09-26T15:11:34.966038Z
Failed qa: 1989-10-03T15:17:53.3980940Z
Failed qa: 1989-11-13T15:10:06.562044Z
Failed qa: 1989-11-20T15:16:11.9360250Z
Data has been pickled and saved to '/efs/timesync/1989/audit/1989_3011_1211_qa_rejects.p'.
Success tracking goes here
