{'project_id': '1211', 'year': '1989', 'x': -520290, 'y': 2901570, 'plot_id': '3989', 'strata': '41'}
Pandas(Index=0, project_id='1211', plot_id='3989', x=-520290, y=2901570)
called process_plot
Pandas(Index=0, project_id='1211', plot_id='3989', x=-520290, y=2901570)
3989
Directory '/efs/timesync/1989/audit/' already exists.
Data has been pickled and saved to '/efs/timesync/1989/audit/1989_3989_1211.p'.
Failed qa: 1989-03-16T17:04:05.1450810Z
Failed qa: 1989-03-21T17:22:26.4480940Z
Failed qa: 1989-04-01T17:03:56.9710190Z
.......Failed qa: 1989-04-15T17:16:20.4780560Z
Failed qa: 1989-04-17T17:03:55.1790560Z
Failed qa: 1989-04-22T17:22:19.7880440Z
Failed qa: 1989-05-01T17:16:03.2780810Z
Failed qa: 1989-05-03T17:03:40.4130750Z
Failed qa: 1989-05-08T17:22:08.2220130Z
..............Failed qa: 1989-05-24T17:21:49.9400190Z
.......Failed qa: 1989-06-04T17:03:08.2060810Z
Failed qa: 1989-06-09T17:21:32.9670810Z
.......Failed qa: 1989-06-17T17:26:50.9020940Z
..............Failed qa: 1989-06-20T17:02:42.7760440Z
Failed qa: 1989-06-25T17:21:12.1630000Z
Failed qa: 1989-07-04T17:14:52.4100940Z
.....................Failed qa: 1989-07-14T17:08:26.0820500Z
Failed qa: 1989-07-20T17:14:31.4570190Z
Failed qa: 1989-07-22T17:02:08.4950690Z
.......Failed qa: 1989-08-07T17:01:48.2990380Z
Failed qa: 1989-08-12T17:20:13.1730940Z
.......Failed qa: 1989-08-15T17:08:22.7400560Z
Failed qa: 1989-08-21T17:13:50.3900810Z
Failed qa: 1989-08-23T17:01:26.4610690Z
.......Failed qa: 1989-08-31T17:08:23.0720130Z
Failed qa: 1989-09-06T17:13:29.1920810Z
.......Failed qa: 1989-09-08T17:01:03.0840630Z
Failed qa: 1989-09-13T17:19:19.8100810Z
..............Failed qa: 1989-09-24T17:00:38.3120380Z
Failed qa: 1989-09-29T17:19:09.6840130Z
Failed qa: 1989-10-08T17:12:46.2230560Z
Failed qa: 1989-10-10T17:00:18.3950630Z
Failed qa: 1989-10-15T17:18:35.6060130Z
..............Data has been pickled and saved to '/efs/timesync/1989/audit/1989_3989_1211_qa_rejects.p'.
Success tracking goes here
