{'project_id': '1211', 'year': '1989', 'x': -656340, 'y': 2660220, 'plot_id': '2622', 'strata': '41'}
Pandas(Index=0, project_id='1211', plot_id='2622', x=-656340, y=2660220)
called process_plot
Pandas(Index=0, project_id='1211', plot_id='2622', x=-656340, y=2660220)
2622
Directory '/efs/timesync/1989/audit/' already exists.
Data has been pickled and saved to '/efs/timesync/1989/audit/1989_2622_1211.p'.
Failed qa: 1989-03-21T17:23:14.2430190Z
..............Failed qa: 1989-04-22T17:22:55.530062Z
.......Failed qa: 1989-05-08T17:22:32.0510440Z
..............Failed qa: 1989-05-24T17:22:25.829018Z
..............Failed qa: 1989-06-09T17:22:08.715034Z
.......Failed qa: 1989-06-17T17:27:14.7290940Z
..............Failed qa: 1989-06-25T17:21:48.056528Z
............................Failed qa: 1989-07-13T17:08:53.6960130Z
.....................Failed qa: 1989-08-12T17:20:48.930082Z
..............Failed qa: 1989-08-28T17:20:29.044525Z
.....................Failed qa: 1989-09-13T17:19:55.715556Z
..............Failed qa: 1989-09-29T17:19:45.448516Z
..............Failed qa: 1989-10-15T17:19:11.373050Z
..............Data has been pickled and saved to '/efs/timesync/1989/audit/1989_2622_1211_qa_rejects.p'.
Success tracking goes here
