{'project_id': '1211', 'year': '1989', 'x': -618540, 'y': 2245110, 'plot_id': '2678', 'strata': '41'}
Pandas(Index=0, project_id='1211', plot_id='2678', x=-618540, y=2245110)
called process_plot
Pandas(Index=0, project_id='1211', plot_id='2678', x=-618540, y=2245110)
2678
Directory '/efs/timesync/1989/audit/' already exists.
Data has been pickled and saved to '/efs/timesync/1989/audit/1989_2678_1211.p'.
Failed qa: 1989-03-18T16:53:36.5940000Z
Failed qa: 1989-03-25T16:59:27.786534Z
..............Failed qa: 1989-04-03T16:53:37.5240810Z
Failed qa: 1989-04-08T17:11:50.2520190Z
Failed qa: 1989-04-10T16:59:40.092513Z
Failed qa: 1989-04-15T17:17:55.9320440Z
Failed qa: 1989-04-17T17:05:54.4610810Z
Failed qa: 1989-04-17T17:05:54.4610810Z
Failed qa: 1989-04-19T16:53:28.4160440Z
Failed qa: 1989-04-24T17:11:44.141547Z
Failed qa: 1989-05-01T17:17:38.7370560Z
Failed qa: 1989-05-03T17:05:39.7020060Z
Failed qa: 1989-05-03T17:05:39.7020060Z
Failed qa: 1989-05-05T16:53:16.7130880Z
Failed qa: 1989-05-10T17:11:18.9790500Z
Failed qa: 1989-05-17T17:17:18.3560250Z
..............Failed qa: 1989-05-21T16:52:56.7160690Z
Failed qa: 1989-05-26T17:11:14.528550Z
Failed qa: 1989-05-28T16:58:51.704572Z
Failed qa: 1989-06-02T17:17:07.5250940Z
..............Failed qa: 1989-06-06T16:52:43.1880810Z
Failed qa: 1989-06-11T17:10:54.867028Z
Failed qa: 1989-06-13T16:58:40.1290190Z
Failed qa: 1989-06-18T17:16:41.7390810Z
Failed qa: 1989-06-19T17:16:17.833569Z
..............Failed qa: 1989-06-21T17:03:56.317562Z
Failed qa: 1989-06-26T17:22:19.1610630Z
Failed qa: 1989-06-30T16:58:00.0430810Z
Failed qa: 1989-07-04T17:16:27.8910190Z
Failed qa: 1989-07-05T17:16:19.654541Z
Failed qa: 1989-07-07T17:03:59.985562Z
Failed qa: 1989-07-08T16:52:03.1380250Z
Failed qa: 1989-07-12T17:22:23.1180000Z
Failed qa: 1989-07-13T17:10:17.188040Z
..............Failed qa: 1989-07-20T17:16:06.9420380Z
..............Failed qa: 1989-07-24T16:51:44.1320750Z
Failed qa: 1989-07-31T16:57:34.512585Z
Failed qa: 1989-08-05T17:15:48.2020560Z
..............Failed qa: 1989-08-09T16:51:22.4690440Z
Failed qa: 1989-08-14T17:09:35.843540Z
..............Failed qa: 1989-08-16T16:57:10.029025Z
Failed qa: 1989-08-21T17:15:25.8910310Z
..............Failed qa: 1989-08-30T17:09:16.162079Z
..............Failed qa: 1989-09-01T16:56:51.890012Z
Failed qa: 1989-09-02T16:58:00.8670380Z
Failed qa: 1989-09-06T17:15:04.6980310Z
Failed qa: 1989-09-07T17:16:20.502528Z
Failed qa: 1989-09-15T17:08:41.501015Z
Failed qa: 1989-09-17T16:56:18.939569Z
Failed qa: 1989-09-22T17:14:35.2880690Z
..............Failed qa: 1989-09-26T16:50:16.0110130Z
Failed qa: 1989-10-01T17:08:34.317534Z
Failed qa: 1989-10-08T17:14:21.7440130Z
..............Failed qa: 1989-10-24T17:13:39.1520250Z
Data has been pickled and saved to '/efs/timesync/1989/audit/1989_2678_1211_qa_rejects.p'.
Success tracking goes here
