{'project_id': '1211', 'year': '1989', 'x': -1677570, 'y': 2951550, 'plot_id': '1516', 'strata': '41'}
Pandas(Index=0, project_id='1211', plot_id='1516', x=-1677570, y=2951550)
called process_plot
Pandas(Index=0, project_id='1211', plot_id='1516', x=-1677570, y=2951550)
1516
Directory '/efs/timesync/1989/audit/' already exists.
Data has been pickled and saved to '/efs/timesync/1989/audit/1989_1516_1211.p'.
.....................Failed qa: 1989-03-04T18:18:57.876043Z
Failed qa: 1989-03-13T18:13:04.0580690Z
Failed qa: 1989-03-20T18:18:18.065512Z
Failed qa: 1989-03-22T18:06:15.821044Z
Failed qa: 1989-04-05T18:18:24.044059Z
..............Failed qa: 1989-04-21T18:18:09.640050Z
.......Failed qa: 1989-05-07T18:17:58.743544Z
.....................Failed qa: 1989-05-23T18:17:51.8820560Z
.....................Failed qa: 1989-06-08T18:17:23.667538Z
Failed qa: 1989-06-09T18:17:05.9140130Z
.......Failed qa: 1989-06-15T18:23:17.852029Z
.......Failed qa: 1989-06-24T18:17:13.696528Z
..............Failed qa: 1989-07-10T18:16:45.086541Z
..............Failed qa: 1989-07-26T18:16:25.887010Z
.....................Failed qa: 1989-08-11T18:16:03.796088Z
............................Failed qa: 1989-09-12T18:15:12.704557Z
Failed qa: 1989-09-19T18:21:13.061047Z
.......Failed qa: 1989-09-28T18:14:59.403541Z
.......Failed qa: 1989-10-14T18:14:27.460525Z
.......Failed qa: 1989-10-23T18:08:30.4140060Z
Failed qa: 1989-10-30T18:14:00.413012Z
Data has been pickled and saved to '/efs/timesync/1989/audit/1989_1516_1211_qa_rejects.p'.
Success tracking goes here
