{'project_id': '1211', 'year': '1989', 'x': -81090, 'y': 1942050, 'plot_id': '2051', 'strata': '41'}
Pandas(Index=0, project_id='1211', plot_id='2051', x=-81090, y=1942050)
called process_plot
Pandas(Index=0, project_id='1211', plot_id='2051', x=-81090, y=1942050)
2051
Directory '/efs/timesync/1989/audit/' already exists.
Data has been pickled and saved to '/efs/timesync/1989/audit/1989_2051_1211.p'.
..............Failed qa: 1989-01-17T16:30:28.706000Z
.....................Failed qa: 1989-02-16T16:42:45.343072Z
..............Failed qa: 1989-03-06T16:30:02.885516Z
Failed qa: 1989-03-22T16:29:22.302538Z
.......Failed qa: 1989-04-07T16:29:21.6170880Z
.......Failed qa: 1989-04-23T16:29:17.073047Z
.......Failed qa: 1989-05-07T16:41:29.089576Z
Failed qa: 1989-05-09T16:28:52.6820440Z
.......Failed qa: 1989-05-23T16:41:10.249040Z
.......Failed qa: 1989-06-26T16:28:09.695550Z
.......Failed qa: 1989-07-10T16:40:15.259079Z
.......Failed qa: 1989-07-26T16:39:56.233028Z
.......Failed qa: 1989-07-28T16:27:32.235041Z
.......Failed qa: 1989-08-11T16:39:34.018053Z
.......Failed qa: 1989-08-13T16:27:09.426084Z
.......Failed qa: 1989-08-27T16:39:13.989568Z
.......Failed qa: 1989-09-30T16:26:07.044588Z
.......Failed qa: 1989-10-14T16:37:57.841031Z
.......Failed qa: 1989-11-01T16:25:08.080078Z
..............Failed qa: 1989-11-17T16:24:31.180053Z
Failed qa: 1989-12-01T16:36:50.4480560Z
Data has been pickled and saved to '/efs/timesync/1989/audit/1989_2051_1211_qa_rejects.p'.
Success tracking goes here
