{'project_id': '1211', 'year': '1989', 'x': -193110, 'y': 2697480, 'plot_id': '3786', 'strata': '41'}
Pandas(Index=0, project_id='1211', plot_id='3786', x=-193110, y=2697480)
called process_plot
Pandas(Index=0, project_id='1211', plot_id='3786', x=-193110, y=2697480)
3786
Directory '/efs/timesync/1989/audit/' already exists.
Data has been pickled and saved to '/efs/timesync/1989/audit/1989_3786_1211.p'.
Failed qa: 1989-02-07T16:47:10.6820250Z
..............Failed qa: 1989-03-25T16:58:28.0790130Z
Failed qa: 1989-04-03T16:52:26.0450500Z
Failed qa: 1989-04-10T16:58:28.467525Z
..............Failed qa: 1989-04-20T16:50:10.601526Z
............................Failed qa: 1989-05-28T16:57:40.069522Z
............................Failed qa: 1989-07-07T17:02:48.361041Z
.......Failed qa: 1989-07-15T16:56:41.985553Z
..............Failed qa: 1989-07-31T16:56:22.931053Z
..............Failed qa: 1989-08-16T16:55:58.369540Z
.......Failed qa: 1989-09-01T16:55:40.154081Z
..............Failed qa: 1989-09-17T16:55:07.271065Z
Failed qa: 1989-09-19T16:42:43.980047Z
.......Failed qa: 1989-10-03T16:54:58.962076Z
Failed qa: 1989-10-21T16:41:50.925554Z
..............Data has been pickled and saved to '/efs/timesync/1989/audit/1989_3786_1211_qa_rejects.p'.
Success tracking goes here
