{'project_id': '1211', 'year': '1989', 'x': -1253190, 'y': 1663140, 'plot_id': '3684', 'strata': '41'}
Pandas(Index=0, project_id='1211', plot_id='3684', x=-1253190, y=1663140)
called process_plot
Pandas(Index=0, project_id='1211', plot_id='3684', x=-1253190, y=1663140)
3684
Directory '/efs/timesync/1989/audit/' already exists.
Data has been pickled and saved to '/efs/timesync/1989/audit/1989_3684_1211.p'.
Failed qa: 1989-01-14T17:38:44.0000500Z
Failed qa: 1989-02-15T17:38:35.4240000Z
Failed qa: 1989-02-25T17:29:55.6980190Z
Failed qa: 1989-03-19T17:37:51.015553Z
..............Failed qa: 1989-04-04T17:37:54.315588Z
Failed qa: 1989-04-13T17:31:43.577057Z
Failed qa: 1989-04-13T17:32:07.404544Z
Failed qa: 1989-04-15T17:19:55.2130560Z
..............Failed qa: 1989-04-29T17:31:24.385057Z
Failed qa: 1989-04-29T17:31:48.142050Z
Failed qa: 1989-05-01T17:19:38.1680440Z
Failed qa: 1989-05-06T17:37:31.279075Z
..............Failed qa: 1989-05-15T17:31:07.320050Z
Failed qa: 1989-05-15T17:31:31.149572Z
Failed qa: 1989-05-17T17:19:17.7920560Z
Failed qa: 1989-05-22T17:37:11.891559Z
..............Failed qa: 1989-05-31T17:30:54.792537Z
Failed qa: 1989-05-31T17:31:18.623531Z
Failed qa: 1989-06-02T17:19:06.9680880Z
Failed qa: 1989-06-07T17:36:57.015003Z
..............Failed qa: 1989-06-16T17:30:27.652515Z
Failed qa: 1989-06-16T17:30:51.485006Z
..............Failed qa: 1989-06-18T17:18:41.0460810Z
Failed qa: 1989-06-23T17:36:45.2070130Z
Failed qa: 1989-06-24T17:36:04.076566Z
Failed qa: 1989-06-24T17:36:27.832547Z
..............Failed qa: 1989-06-26T17:24:18.4400500Z
Failed qa: 1989-07-02T17:30:15.999535Z
Failed qa: 1989-07-02T17:30:39.833534Z
Failed qa: 1989-07-04T17:18:27.0610630Z
Failed qa: 1989-07-10T17:36:07.643534Z
Failed qa: 1989-07-10T17:36:31.471007Z
Failed qa: 1989-07-12T17:24:22.2540310Z
Failed qa: 1989-07-18T17:29:55.459072Z
Failed qa: 1989-07-18T17:30:19.222562Z
Failed qa: 1989-07-20T17:18:06.2620810Z
Failed qa: 1989-07-25T17:35:58.445560Z
Failed qa: 1989-07-26T17:36:06.492544Z
Failed qa: 1989-07-26T17:36:30.248537Z
Failed qa: 1989-08-03T17:29:35.450525Z
Failed qa: 1989-08-03T17:29:59.215547Z
Failed qa: 1989-08-05T17:17:47.3880310Z
Failed qa: 1989-08-10T17:35:36.060062Z
Failed qa: 1989-08-11T17:36:07.446532Z
Failed qa: 1989-08-11T17:36:31.274009Z
..............Failed qa: 1989-08-19T17:29:12.417547Z
Failed qa: 1989-08-19T17:29:36.256547Z
Failed qa: 1989-08-21T17:17:25.2300500Z
Failed qa: 1989-08-26T17:35:16.298054Z
Failed qa: 1989-08-27T17:36:05.622535Z
Failed qa: 1989-08-27T17:36:29.449547Z
..............Failed qa: 1989-09-04T17:28:53.547553Z
Failed qa: 1989-09-04T17:29:17.316060Z
Failed qa: 1989-09-06T17:17:04.0440000Z
Failed qa: 1989-09-11T17:34:47.734547Z
Failed qa: 1989-09-12T17:36:04.323531Z
Failed qa: 1989-09-12T17:36:28.079503Z
..............Failed qa: 1989-09-20T17:28:21.842066Z
Failed qa: 1989-09-20T17:28:45.612544Z
Failed qa: 1989-09-22T17:16:34.7870380Z
Failed qa: 1989-09-27T17:34:31.412062Z
Failed qa: 1989-09-28T17:36:01.351041Z
Failed qa: 1989-09-28T17:36:25.106569Z
..............Failed qa: 1989-10-06T17:28:11.552068Z
Failed qa: 1989-10-06T17:28:35.396063Z
Failed qa: 1989-10-08T17:16:21.1080560Z
Failed qa: 1989-10-13T17:34:01.927528Z
..............Failed qa: 1989-10-22T17:27:28.059012Z
Failed qa: 1989-10-22T17:27:51.832528Z
Failed qa: 1989-10-24T17:15:38.5240130Z
Failed qa: 1989-10-29T17:33:31.824075Z
Failed qa: 1989-11-07T17:27:46.5850310Z
Data has been pickled and saved to '/efs/timesync/1989/audit/1989_3684_1211_qa_rejects.p'.
Success tracking goes here
