{'project_id': '1211', 'year': '1989', 'x': -468030, 'y': 2767650, 'plot_id': '3768', 'strata': '41'}
Pandas(Index=0, project_id='1211', plot_id='3768', x=-468030, y=2767650)
called process_plot
Pandas(Index=0, project_id='1211', plot_id='3768', x=-468030, y=2767650)
3768
Directory '/efs/timesync/1989/audit/' already exists.
Data has been pickled and saved to '/efs/timesync/1989/audit/1989_3768_1211.p'.
..........................................Failed qa: 1989-04-10T16:58:04.640510Z
Failed qa: 1989-04-15T17:16:32.392034Z
..............Failed qa: 1989-04-26T16:57:32.8070690Z
Failed qa: 1989-05-01T17:16:15.192569Z
............................Failed qa: 1989-05-17T17:15:54.808013Z
............................Failed qa: 1989-05-28T16:57:16.167029Z
Failed qa: 1989-06-02T17:15:55.8880500Z
............................Failed qa: 1989-06-18T17:15:18.109550Z
............................Failed qa: 1989-06-21T17:02:08.9530380Z
Failed qa: 1989-06-26T17:21:07.5370380Z
Failed qa: 1989-07-04T17:15:04.255572Z
..............Failed qa: 1989-07-07T17:02:24.533560Z
Failed qa: 1989-07-12T17:20:59.436585Z
............................Failed qa: 1989-07-15T16:56:18.150578Z
Failed qa: 1989-07-20T17:14:43.374537Z
............................Failed qa: 1989-07-31T16:55:59.094532Z
Failed qa: 1989-08-05T17:14:36.5470190Z
..........................................Failed qa: 1989-08-16T16:55:34.530569Z
Failed qa: 1989-08-21T17:14:02.310043Z
............................Failed qa: 1989-08-31T17:08:23.0720130Z
Failed qa: 1989-08-31T17:08:23.0720130Z
Failed qa: 1989-09-01T16:55:16.314084Z
Failed qa: 1989-09-06T17:13:41.112559Z
..........................................Failed qa: 1989-09-17T16:54:43.357562Z
Failed qa: 1989-09-22T17:13:11.696553Z
..............Failed qa: 1989-10-03T16:54:35.118588Z
Failed qa: 1989-10-08T17:12:58.145068Z
............................Failed qa: 1989-10-24T17:12:15.548059Z
Data has been pickled and saved to '/efs/timesync/1989/audit/1989_3768_1211_qa_rejects.p'.
Success tracking goes here
