{'project_id': '1211', 'year': '1989', 'x': -892740, 'y': 2068290, 'plot_id': '691', 'strata': '41'}
Pandas(Index=0, project_id='1211', plot_id='691', x=-892740, y=2068290)
called process_plot
Pandas(Index=0, project_id='1211', plot_id='691', x=-892740, y=2068290)
691
Directory '/efs/timesync/1989/audit/' already exists.
Data has been pickled and saved to '/efs/timesync/1989/audit/1989_0691_1211.p'.
Failed qa: 1989-04-01T17:06:20.2140500Z
Failed qa: 1989-04-08T17:12:37.9050940Z
.......Failed qa: 1989-04-17T17:06:18.4320940Z
Failed qa: 1989-04-24T17:12:08.041544Z
.......Failed qa: 1989-05-03T17:06:03.6740560Z
.......Failed qa: 1989-05-19T17:05:42.6520880Z
Failed qa: 1989-05-26T17:11:38.431022Z
.......Failed qa: 1989-06-11T17:11:18.699028Z
.......Failed qa: 1989-06-19T17:16:41.661034Z
Failed qa: 1989-06-20T17:05:06.0610000Z
..............Failed qa: 1989-07-05T17:16:43.553047Z
Failed qa: 1989-07-12T17:23:10.7720560Z
Failed qa: 1989-07-13T17:10:41.022081Z
Failed qa: 1989-07-14T17:10:49.3310440Z
.......Failed qa: 1989-07-22T17:04:31.6530810Z
Failed qa: 1989-07-29T17:10:34.6370810Z
.......Failed qa: 1989-08-07T17:04:11.4670380Z
Failed qa: 1989-08-14T17:09:59.682022Z
Failed qa: 1989-08-15T17:10:45.9890380Z
.......Failed qa: 1989-08-23T17:03:37.721569Z
Failed qa: 1989-08-30T17:09:40.073584Z
Failed qa: 1989-08-31T17:10:46.4620560Z
.......Failed qa: 1989-09-07T17:16:44.329538Z
Failed qa: 1989-09-15T17:09:05.414028Z
.......Failed qa: 1989-09-24T17:03:01.6550060Z
..............Failed qa: 1989-10-10T17:02:29.754069Z
Failed qa: 1989-10-17T17:08:30.7830750Z
.......Data has been pickled and saved to '/efs/timesync/1989/audit/1989_0691_1211_qa_rejects.p'.
Success tracking goes here
