{'project_id': '1211', 'year': '1989', 'x': 977010, 'y': 1656120, 'plot_id': '4765', 'strata': '41'}
Pandas(Index=0, project_id='1211', plot_id='4765', x=977010, y=1656120)
called process_plot
Pandas(Index=0, project_id='1211', plot_id='4765', x=977010, y=1656120)
4765
Directory '/efs/timesync/1989/audit/' already exists.
Data has been pickled and saved to '/efs/timesync/1989/audit/1989_4765_1211.p'.
Failed qa: 1989-01-07T15:54:36.5680500Z
.......Failed qa: 1989-01-23T15:54:04.143540Z
.......Failed qa: 1989-02-08T15:54:07.576025Z
Failed qa: 1989-02-10T15:41:45.342081Z
Failed qa: 1989-02-24T15:53:59.264563Z
Failed qa: 1989-03-12T15:53:33.056031Z
.......Failed qa: 1989-04-13T15:53:14.345566Z
.......Failed qa: 1989-04-29T15:52:55.084072Z
.......Failed qa: 1989-05-15T15:52:50.0780000Z
Failed qa: 1989-05-17T15:40:12.779572Z
.......Failed qa: 1989-05-31T15:52:25.564535Z
Failed qa: 1989-06-02T15:40:13.7300060Z
.......Failed qa: 1989-06-18T15:39:35.985559Z
..............Failed qa: 1989-07-18T15:51:26.171053Z
.......Failed qa: 1989-08-05T15:38:42.366550Z
.......Failed qa: 1989-08-19T15:50:43.159522Z
.......Failed qa: 1989-09-04T15:50:24.254091Z
Failed qa: 1989-09-06T15:37:47.0720810Z
.......Failed qa: 1989-09-20T15:49:52.577063Z
Failed qa: 1989-10-06T15:49:54.3320940Z
.......Failed qa: 1989-10-22T15:48:58.845528Z
Failed qa: 1989-10-24T15:36:33.533047Z
Failed qa: 1989-11-09T15:36:14.071578Z
Failed qa: 1989-11-16T15:42:16.6100380Z
Data has been pickled and saved to '/efs/timesync/1989/audit/1989_4765_1211_qa_rejects.p'.
Success tracking goes here
