{'project_id': '1211', 'year': '1989', 'x': 1174890, 'y': 1517010, 'plot_id': '4645', 'strata': '41'}
Pandas(Index=0, project_id='1211', plot_id='4645', x=1174890, y=1517010)
called process_plot
Pandas(Index=0, project_id='1211', plot_id='4645', x=1174890, y=1517010)
4645
Directory '/efs/timesync/1989/audit/' already exists.
Data has been pickled and saved to '/efs/timesync/1989/audit/1989_4645_1211.p'.
..............Failed qa: 1989-01-16T15:48:02.682057Z
..............Failed qa: 1989-02-01T15:47:59.042566Z
..............Failed qa: 1989-02-10T15:41:45.342081Z
Failed qa: 1989-02-10T15:42:09.236553Z
Failed qa: 1989-02-19T15:35:20.7800380Z
Failed qa: 1989-02-26T15:42:11.8240500Z
Failed qa: 1989-03-23T15:34:17.8290310Z
Failed qa: 1989-03-30T15:41:20.4220940Z
Failed qa: 1989-04-06T15:47:05.011538Z
Failed qa: 1989-04-22T15:46:49.552066Z
..............Failed qa: 1989-05-08T15:46:26.0840440Z
..............Failed qa: 1989-05-17T15:40:12.779572Z
Failed qa: 1989-05-17T15:40:36.753062Z
Failed qa: 1989-05-24T15:46:07.9590060Z
..............Failed qa: 1989-06-02T15:40:13.7300060Z
Failed qa: 1989-06-02T15:40:25.717047Z
Failed qa: 1989-06-09T15:45:50.8480940Z
..............Failed qa: 1989-06-18T15:39:35.985559Z
Failed qa: 1989-06-18T15:39:59.890054Z
Failed qa: 1989-06-25T15:45:30.0600380Z
Failed qa: 1989-07-11T15:45:12.1990000Z
Failed qa: 1989-07-27T15:44:53.1680500Z
..............Failed qa: 1989-08-05T15:38:42.366550Z
Failed qa: 1989-08-05T15:39:06.275553Z
Failed qa: 1989-08-12T15:44:30.9250380Z
..............Failed qa: 1989-08-28T15:44:11.1960190Z
..............Failed qa: 1989-09-06T15:37:47.0720810Z
Failed qa: 1989-09-13T15:43:49.987544Z
..............Failed qa: 1989-10-15T15:42:53.5850130Z
Failed qa: 1989-10-24T15:36:33.533047Z
Failed qa: 1989-10-24T15:36:57.378563Z
Failed qa: 1989-11-09T15:36:14.071578Z
Failed qa: 1989-11-09T15:36:37.990079Z
Failed qa: 1989-11-16T15:42:16.6100380Z
..............Data has been pickled and saved to '/efs/timesync/1989/audit/1989_4645_1211_qa_rejects.p'.
Success tracking goes here
