{'project_id': '1211', 'year': '1989', 'x': -1052040, 'y': 2217540, 'plot_id': '1622', 'strata': '41'}
Pandas(Index=0, project_id='1211', plot_id='1622', x=-1052040, y=2217540)
called process_plot
Pandas(Index=0, project_id='1211', plot_id='1622', x=-1052040, y=2217540)
1622
Directory '/efs/timesync/1989/audit/' already exists.
Data has been pickled and saved to '/efs/timesync/1989/audit/1989_1622_1211.p'.
..............Failed qa: 1989-04-15T17:18:07.845569Z
..............Failed qa: 1989-05-01T17:17:50.651540Z
..............Failed qa: 1989-05-17T17:17:30.271015Z
..............Failed qa: 1989-06-02T17:17:19.441054Z
..............Failed qa: 1989-06-17T17:28:26.3530880Z
Failed qa: 1989-06-18T17:16:53.583587Z
..............Failed qa: 1989-06-26T17:22:31.003538Z
.......Failed qa: 1989-07-04T17:16:39.736047Z
.......Failed qa: 1989-07-12T17:22:23.1180000Z
.......Failed qa: 1989-07-20T17:16:18.859554Z
..............Failed qa: 1989-08-05T17:16:00.049031Z
.......Failed qa: 1989-08-12T17:21:48.6690190Z
.......Failed qa: 1989-08-21T17:15:37.738556Z
.......Failed qa: 1989-08-28T17:21:28.7870000Z
.......Failed qa: 1989-09-06T17:15:16.618056Z
.....................Failed qa: 1989-09-22T17:14:47.209535Z
.....................Failed qa: 1989-10-08T17:14:33.666025Z
..............Failed qa: 1989-10-24T17:13:51.074559Z
Data has been pickled and saved to '/efs/timesync/1989/audit/1989_1622_1211_qa_rejects.p'.
Success tracking goes here
