{'project_id': '1211', 'year': '1989', 'x': -1678440, 'y': 2184600, 'plot_id': '3058', 'strata': '41'}
Pandas(Index=0, project_id='1211', plot_id='3058', x=-1678440, y=2184600)
called process_plot
Pandas(Index=0, project_id='1211', plot_id='3058', x=-1678440, y=2184600)
3058
Directory '/efs/timesync/1989/audit/' already exists.
Data has been pickled and saved to '/efs/timesync/1989/audit/1989_3058_1211.p'.
.......Failed qa: 1989-01-26T18:02:40.532060Z
Failed qa: 1989-01-28T17:50:32.9540250Z
Failed qa: 1989-02-27T18:02:32.016534Z
Failed qa: 1989-03-15T18:01:59.397060Z
Failed qa: 1989-03-17T17:49:39.0820440Z
.......Failed qa: 1989-03-31T18:01:55.7350810Z
Failed qa: 1989-04-02T17:49:37.4900560Z
.......Failed qa: 1989-04-16T18:01:45.536525Z
Failed qa: 1989-04-18T17:49:31.7800500Z
.......Failed qa: 1989-05-02T18:01:29.649566Z
Failed qa: 1989-05-04T17:49:18.4600190Z
.......Failed qa: 1989-05-20T17:48:58.3050250Z
Failed qa: 1989-05-26T18:06:08.126559Z
.......Failed qa: 1989-06-03T18:00:58.012532Z
Failed qa: 1989-06-05T17:48:45.7900440Z
.......Failed qa: 1989-06-13T17:53:55.1070250Z
Failed qa: 1989-06-19T18:00:32.297535Z
Failed qa: 1989-06-21T17:48:20.3930560Z
.......Failed qa: 1989-06-29T17:54:01.0720630Z
Failed qa: 1989-07-05T18:00:17.559044Z
Failed qa: 1989-07-07T17:48:05.4220190Z
.......Failed qa: 1989-07-15T17:54:04.8100130Z
Failed qa: 1989-07-21T17:59:57.853547Z
Failed qa: 1989-07-23T17:47:46.4720250Z
Failed qa: 1989-07-29T18:06:13.402084Z
.......Failed qa: 1989-07-31T17:54:03.7980880Z
Failed qa: 1989-08-06T17:59:38.258544Z
Failed qa: 1989-08-08T17:47:25.5170630Z
Failed qa: 1989-08-14T18:06:12.101547Z
.......Failed qa: 1989-08-16T17:54:00.2320560Z
Failed qa: 1989-08-22T17:59:16.184035Z
Failed qa: 1989-08-24T17:47:03.9680190Z
.......Failed qa: 1989-09-07T17:58:54.062035Z
Failed qa: 1989-09-09T17:46:39.4500500Z
.......Failed qa: 1989-09-23T17:58:27.006022Z
Failed qa: 1989-09-25T17:46:17.4000130Z
.......Failed qa: 1989-10-11T17:45:53.6750310Z
.......Failed qa: 1989-10-25T17:57:40.6080880Z
Failed qa: 1989-10-27T17:45:17.1210500Z
Failed qa: 1989-11-10T17:57:20.8110380Z
Data has been pickled and saved to '/efs/timesync/1989/audit/1989_3058_1211_qa_rejects.p'.
Success tracking goes here
