{'project_id': '1211', 'year': '1989', 'x': 139860, 'y': 1466220, 'plot_id': '3777', 'strata': '41'}
Pandas(Index=0, project_id='1211', plot_id='3777', x=139860, y=1466220)
called process_plot
Pandas(Index=0, project_id='1211', plot_id='3777', x=139860, y=1466220)
3777
Directory '/efs/timesync/1989/audit/' already exists.
Data has been pickled and saved to '/efs/timesync/1989/audit/1989_3777_1211.p'.
Failed qa: 1989-01-03T16:19:33.693575Z
.......Failed qa: 1989-01-19T16:19:14.312582Z
Failed qa: 1989-01-26T16:25:10.987554Z
Failed qa: 1989-01-28T16:13:15.2530310Z
Failed qa: 1989-02-04T16:19:17.161040Z
.......Failed qa: 1989-02-27T16:24:38.6330750Z
Failed qa: 1989-03-01T16:12:50.073547Z
Failed qa: 1989-03-08T16:19:00.2040380Z
Failed qa: 1989-03-17T16:12:21.7980310Z
Failed qa: 1989-03-24T16:18:10.279529Z
.......Failed qa: 1989-04-09T16:18:35.7040940Z
.......Failed qa: 1989-04-18T16:12:02.407028Z
Failed qa: 1989-04-25T16:18:04.923068Z
.......Failed qa: 1989-05-11T16:17:51.085544Z
Failed qa: 1989-05-20T16:11:16.7370060Z
Failed qa: 1989-05-27T16:17:35.978085Z
.......Failed qa: 1989-06-05T16:11:28.1990440Z
Failed qa: 1989-06-12T16:17:26.2160190Z
.......Failed qa: 1989-06-21T16:10:50.896541Z
Failed qa: 1989-06-28T16:16:58.232060Z
.......Failed qa: 1989-07-07T16:10:35.833531Z
Failed qa: 1989-07-14T16:16:38.253519Z
Failed qa: 1989-07-21T16:22:04.3390310Z
Failed qa: 1989-07-23T16:10:04.8400500Z
Failed qa: 1989-07-30T16:16:19.383038Z
.......Failed qa: 1989-08-15T16:15:55.980534Z
.......Failed qa: 1989-09-09T16:09:10.056538Z
Failed qa: 1989-09-16T16:15:03.393516Z
.......Failed qa: 1989-09-25T16:08:47.831079Z
Failed qa: 1989-10-02T16:14:55.374581Z
.......Failed qa: 1989-10-11T16:08:24.357050Z
.......Failed qa: 1989-11-03T16:13:56.237044Z
.......Failed qa: 1989-11-12T16:07:23.012591Z
Failed qa: 1989-11-19T16:13:15.574554Z
Data has been pickled and saved to '/efs/timesync/1989/audit/1989_3777_1211_qa_rejects.p'.
Success tracking goes here
