{'project_id': '1211', 'year': '1989', 'x': 887160, 'y': 1305630, 'plot_id': '1905', 'strata': '41'}
Pandas(Index=0, project_id='1211', plot_id='1905', x=887160, y=1305630)
called process_plot
Pandas(Index=0, project_id='1211', plot_id='1905', x=887160, y=1305630)
1905
Directory '/efs/timesync/1989/audit/' already exists.
Data has been pickled and saved to '/efs/timesync/1989/audit/1989_1905_1211.p'.
..............Failed qa: 1989-01-23T15:54:51.929066Z
Failed qa: 1989-01-30T16:00:55.4780310Z
Failed qa: 1989-02-08T15:54:55.364057Z
Failed qa: 1989-02-10T15:42:33.131028Z
Failed qa: 1989-02-24T15:54:46.983037Z
Failed qa: 1989-02-26T15:42:11.8240500Z
Failed qa: 1989-03-12T15:54:20.776040Z
Failed qa: 1989-03-19T15:59:57.6020310Z
Failed qa: 1989-03-30T15:41:32.335091Z
..............Failed qa: 1989-04-13T15:54:02.072522Z
Failed qa: 1989-04-20T15:59:48.0020500Z
..............Failed qa: 1989-04-29T15:53:42.813519Z
..............Failed qa: 1989-05-15T15:53:25.893575Z
Failed qa: 1989-05-17T15:41:00.655025Z
Failed qa: 1989-05-22T15:59:18.4800060Z
..............Failed qa: 1989-05-31T15:53:13.298047Z
Failed qa: 1989-06-02T15:40:49.620047Z
..............Failed qa: 1989-06-18T15:40:23.794544Z
Failed qa: 1989-06-23T15:58:39.8150380Z
..............Failed qa: 1989-07-02T15:52:46.4830750Z
..............Failed qa: 1989-07-18T15:52:13.913519Z
..............Failed qa: 1989-08-05T15:39:30.184550Z
..............Failed qa: 1989-08-19T15:51:30.981022Z
..............Failed qa: 1989-09-04T15:51:12.079031Z
..............Failed qa: 1989-09-20T15:50:40.333072Z
Failed qa: 1989-09-22T15:38:29.4170000Z
Failed qa: 1989-10-06T15:50:30.170056Z
..............Failed qa: 1989-10-22T15:49:46.608516Z
Failed qa: 1989-10-24T15:37:21.296056Z
..............Failed qa: 1989-11-09T15:37:01.908578Z
..............Data has been pickled and saved to '/efs/timesync/1989/audit/1989_1905_1211_qa_rejects.p'.
Success tracking goes here
