{'project_id': '1211', 'year': '1989', 'x': 1783770, 'y': 2150280, 'plot_id': '1338', 'strata': '41'}
Pandas(Index=0, project_id='1211', plot_id='1338', x=1783770, y=2150280)
called process_plot
Pandas(Index=0, project_id='1211', plot_id='1338', x=1783770, y=2150280)
1338
Directory '/efs/timesync/1989/audit/' already exists.
Data has been pickled and saved to '/efs/timesync/1989/audit/1989_1338_1211.p'.
Failed qa: 1989-01-13T15:15:59.765572Z
Failed qa: 1989-01-15T15:03:24.6060940Z
..............Failed qa: 1989-01-24T14:57:15.204059Z
Failed qa: 1989-01-29T15:15:51.360519Z
Failed qa: 1989-01-31T15:03:31.061563Z
Failed qa: 1989-02-09T14:57:17.335078Z
..............Failed qa: 1989-02-25T14:57:09.578044Z
Failed qa: 1989-03-02T15:15:35.705575Z
Failed qa: 1989-03-04T15:03:11.138513Z
..............Failed qa: 1989-03-13T14:56:41.759569Z
Failed qa: 1989-03-18T15:15:07.5150380Z
Failed qa: 1989-03-20T15:02:31.341519Z
..............Failed qa: 1989-04-05T15:02:36.883044Z
..............Failed qa: 1989-04-14T14:56:24.313544Z
Failed qa: 1989-04-19T15:14:47.348529Z
Failed qa: 1989-04-21T15:02:22.748544Z
..............Failed qa: 1989-05-07T15:02:12.043553Z
..............Failed qa: 1989-05-21T15:14:15.630072Z
Failed qa: 1989-05-23T15:01:53.139566Z
..............Failed qa: 1989-06-01T14:55:23.4630560Z
Failed qa: 1989-06-17T14:55:09.227041Z
Failed qa: 1989-06-22T15:13:48.5230130Z
Failed qa: 1989-06-24T15:01:14.868050Z
..............Failed qa: 1989-07-03T14:54:56.398063Z
Failed qa: 1989-07-08T15:13:22.023053Z
Failed qa: 1989-07-10T15:00:58.178556Z
..............Failed qa: 1989-07-19T14:54:35.646568Z
Failed qa: 1989-07-24T15:13:03.130566Z
..............Failed qa: 1989-07-26T15:00:39.135019Z
..............Failed qa: 1989-08-04T14:54:16.320553Z
Failed qa: 1989-08-09T15:12:41.472054Z
Failed qa: 1989-08-10T15:12:58.8400310Z
Failed qa: 1989-08-10T15:12:58.8400310Z
Failed qa: 1989-08-12T15:01:00.7640310Z
..............Failed qa: 1989-08-19T15:06:45.4840690Z
Failed qa: 1989-08-20T14:53:53.413066Z
Failed qa: 1989-08-27T14:59:44.9960310Z
Failed qa: 1989-08-28T15:00:47.321072Z
..............Failed qa: 1989-09-05T14:53:33.612031Z
Failed qa: 1989-09-10T15:11:54.497060Z
Failed qa: 1989-09-11T15:12:56.2350940Z
Failed qa: 1989-09-11T15:12:56.2350940Z
Failed qa: 1989-09-12T14:59:26.255540Z
Failed qa: 1989-09-26T15:11:34.966038Z
Failed qa: 1989-09-28T14:59:12.536551Z
..............Failed qa: 1989-10-07T14:52:39.4270060Z
Failed qa: 1989-10-14T14:58:40.936069Z
..............Failed qa: 1989-10-23T14:52:07.965525Z
Failed qa: 1989-10-30T14:58:13.464084Z
Failed qa: 1989-11-08T14:51:50.095012Z
Failed qa: 1989-11-13T15:10:06.562044Z
..............Data has been pickled and saved to '/efs/timesync/1989/audit/1989_1338_1211_qa_rejects.p'.
Success tracking goes here
