{'project_id': '1211', 'year': '1989', 'x': 585450, 'y': 2424630, 'plot_id': '694', 'strata': '41'}
Pandas(Index=0, project_id='1211', plot_id='694', x=585450, y=2424630)
called process_plot
Pandas(Index=0, project_id='1211', plot_id='694', x=585450, y=2424630)
694
Directory '/efs/timesync/1989/audit/' already exists.
Data has been pickled and saved to '/efs/timesync/1989/audit/1989_0694_1211.p'.
Failed qa: 1989-01-03T16:16:34.6210750Z
..............Failed qa: 1989-01-10T16:22:39.9110880Z
..............Failed qa: 1989-01-19T16:16:26.994050Z
Failed qa: 1989-01-21T16:04:16.2390750Z
Failed qa: 1989-01-26T16:22:23.8100440Z
..............Failed qa: 1989-01-30T15:57:56.099053Z
Failed qa: 1989-02-04T16:16:29.905547Z
..............Failed qa: 1989-02-11T16:22:26.7650060Z
Failed qa: 1989-02-15T15:57:54.617553Z
Failed qa: 1989-02-20T16:16:24.262522Z
..............Failed qa: 1989-02-27T16:22:15.4070250Z
..............Failed qa: 1989-03-15T16:21:42.9640750Z
Failed qa: 1989-03-17T16:09:10.7680190Z
Failed qa: 1989-03-17T16:09:10.7680190Z
Failed qa: 1989-03-19T15:56:58.482581Z
Failed qa: 1989-03-24T16:15:35.0540560Z
Failed qa: 1989-03-26T16:03:15.3130560Z
..............Failed qa: 1989-04-04T15:57:01.647553Z
Failed qa: 1989-04-09T16:15:36.643041Z
..............Failed qa: 1989-04-16T16:21:29.0160060Z
..............Failed qa: 1989-04-20T15:56:48.862088Z
Failed qa: 1989-04-25T16:15:17.695022Z
Failed qa: 1989-05-02T16:21:12.9800380Z
Failed qa: 1989-05-06T15:56:38.695575Z
Failed qa: 1989-05-11T16:15:03.848069Z
............................Failed qa: 1989-05-22T15:56:19.179072Z
Failed qa: 1989-05-27T16:14:48.662531Z
..............Failed qa: 1989-06-03T16:20:41.3330310Z
Failed qa: 1989-06-04T16:20:05.3290630Z
..............Failed qa: 1989-06-07T15:56:04.438541Z
Failed qa: 1989-06-19T16:20:15.6130880Z
..............Failed qa: 1989-06-23T15:55:40.635575Z
Failed qa: 1989-06-28T16:14:11.036072Z
..............Failed qa: 1989-07-05T16:20:00.9960810Z
..............Failed qa: 1989-07-09T15:55:24.956031Z
Failed qa: 1989-07-14T16:13:39.3500250Z
..............Failed qa: 1989-07-21T16:19:41.1810630Z
..............Failed qa: 1989-07-25T15:55:05.935016Z
..............Failed qa: 1989-08-06T16:19:21.5820130Z
Failed qa: 1989-08-08T16:06:56.9160810Z
Failed qa: 1989-08-08T16:06:56.9160810Z
Failed qa: 1989-08-22T16:18:59.4770130Z
Failed qa: 1989-08-26T15:54:23.724556Z
..............Failed qa: 1989-09-16T16:12:16.143059Z
..............Failed qa: 1989-09-23T16:18:10.2140940Z
..............Failed qa: 1989-09-27T15:53:38.747556Z
Failed qa: 1989-10-02T16:12:08.184531Z
..............Failed qa: 1989-10-09T16:17:53.5850000Z
..............Failed qa: 1989-10-13T15:53:09.353566Z
Failed qa: 1989-10-18T16:11:26.144056Z
Failed qa: 1989-10-25T16:17:11.9270630Z
Failed qa: 1989-10-27T16:04:48.4030310Z
Failed qa: 1989-10-27T16:04:48.4030310Z
Failed qa: 1989-11-03T16:11:09.240047Z
..............Failed qa: 1989-11-19T16:10:28.500037Z
..............Data has been pickled and saved to '/efs/timesync/1989/audit/1989_0694_1211_qa_rejects.p'.
Success tracking goes here
