{'project_id': '1211', 'year': '1989', 'x': -1937790, 'y': 1781160, 'plot_id': '3204', 'strata': '41'}
Pandas(Index=0, project_id='1211', plot_id='3204', x=-1937790, y=1781160)
called process_plot
Pandas(Index=0, project_id='1211', plot_id='3204', x=-1937790, y=1781160)
3204
Directory '/efs/timesync/1989/audit/' already exists.
Data has been pickled and saved to '/efs/timesync/1989/audit/1989_3204_1211.p'.
..............Failed qa: 1989-01-28T17:51:32.578553Z
..............Failed qa: 1989-03-17T17:50:38.716053Z
..............Failed qa: 1989-04-02T17:50:36.984040Z
..............Failed qa: 1989-04-18T17:50:31.421516Z
..............Failed qa: 1989-05-04T17:50:18.104059Z
..............Failed qa: 1989-05-20T17:49:57.951559Z
..............Failed qa: 1989-06-03T18:02:09.649563Z
Failed qa: 1989-06-05T17:49:45.440503Z
.......Failed qa: 1989-06-13T17:54:54.746013Z
.......Failed qa: 1989-06-21T17:49:20.047062Z
.......Failed qa: 1989-06-29T17:55:00.712022Z
.......Failed qa: 1989-07-07T17:49:05.007544Z
.......Failed qa: 1989-07-15T17:54:52.4640880Z
.......Failed qa: 1989-07-23T17:48:45.989535Z
..............Failed qa: 1989-07-31T17:54:51.4530440Z
.......Failed qa: 1989-08-08T17:48:25.110562Z
..............Failed qa: 1989-08-16T17:54:47.8870310Z
.......Failed qa: 1989-08-24T17:48:03.638531Z
..............Failed qa: 1989-09-09T17:47:39.123560Z
..............Failed qa: 1989-09-25T17:47:17.078056Z
.......Failed qa: 1989-10-11T17:46:53.358041Z
..............Failed qa: 1989-10-27T17:46:16.664047Z
..............Failed qa: 1989-11-12T17:46:03.9590560Z
Failed qa: 1989-11-18T18:07:06.1240060Z
..............Failed qa: 1989-11-28T17:45:28.750031Z
Data has been pickled and saved to '/efs/timesync/1989/audit/1989_3204_1211_qa_rejects.p'.
Success tracking goes here
