{'project_id': '1211', 'year': '1989', 'x': -1988370, 'y': 1588350, 'plot_id': '4583', 'strata': '41'}
Pandas(Index=0, project_id='1211', plot_id='4583', x=-1988370, y=1588350)
called process_plot
Pandas(Index=0, project_id='1211', plot_id='4583', x=-1988370, y=1588350)
4583
Directory '/efs/timesync/1989/audit/' already exists.
Data has been pickled and saved to '/efs/timesync/1989/audit/1989_4583_1211.p'.
.......Failed qa: 1989-01-26T18:04:16.102553Z
Failed qa: 1989-01-28T17:52:08.5260250Z
Failed qa: 1989-02-27T18:04:07.524554Z
Failed qa: 1989-03-15T18:03:34.911028Z
.......Failed qa: 1989-03-31T18:03:19.126078Z
.......Failed qa: 1989-04-16T18:03:21.062057Z
Failed qa: 1989-04-18T17:51:07.2350130Z
.......Failed qa: 1989-05-02T18:03:05.180534Z
Failed qa: 1989-05-04T17:50:53.9200000Z
.......Failed qa: 1989-05-18T18:02:43.323534Z
.......Failed qa: 1989-06-03T18:02:33.552568Z
Failed qa: 1989-06-05T17:50:21.2590440Z
.......Failed qa: 1989-06-19T18:02:07.843547Z
Failed qa: 1989-06-21T17:49:55.8680630Z
.......Failed qa: 1989-07-05T18:01:52.967044Z
Failed qa: 1989-07-07T17:49:40.9030060Z
.......Failed qa: 1989-07-21T18:01:33.267069Z
Failed qa: 1989-07-23T17:49:21.8150250Z
.......Failed qa: 1989-08-06T18:01:13.678585Z
Failed qa: 1989-08-08T17:49:01.0100810Z
.......Failed qa: 1989-08-22T18:00:51.683578Z
Failed qa: 1989-08-24T17:48:39.4690880Z
.......Failed qa: 1989-09-07T18:00:29.567554Z
Failed qa: 1989-09-09T17:48:14.9560880Z
Failed qa: 1989-09-23T18:00:02.590544Z
Failed qa: 1989-09-25T17:47:52.9140310Z
.......Failed qa: 1989-10-11T17:47:29.1960880Z
.......Failed qa: 1989-10-25T17:59:04.068066Z
Failed qa: 1989-10-27T17:46:52.5050190Z
.......Failed qa: 1989-11-04T17:55:22.3200750Z
Failed qa: 1989-11-10T17:58:44.274540Z
.......Failed qa: 1989-11-12T17:46:27.9500060Z
Failed qa: 1989-11-18T18:07:18.037544Z
.......Failed qa: 1989-11-20T17:55:09.6720250Z
Failed qa: 1989-11-26T17:58:16.239557Z
Failed qa: 1989-11-28T17:46:04.5930940Z
Data has been pickled and saved to '/efs/timesync/1989/audit/1989_4583_1211_qa_rejects.p'.
Success tracking goes here
