{'project_id': '1211', 'year': '1989', 'x': 68640, 'y': 2819040, 'plot_id': '1933', 'strata': '41'}
Pandas(Index=0, project_id='1211', plot_id='1933', x=68640, y=2819040)
called process_plot
Pandas(Index=0, project_id='1211', plot_id='1933', x=68640, y=2819040)
1933
Directory '/efs/timesync/1989/audit/' already exists.
Data has been pickled and saved to '/efs/timesync/1989/audit/1989_1933_1211.p'.
Failed qa: 1989-01-08T16:34:16.5380630Z
Failed qa: 1989-01-24T16:34:09.065506Z
Failed qa: 1989-02-09T16:33:59.1180190Z
.......Failed qa: 1989-02-23T16:46:26.403587Z
..............Failed qa: 1989-04-12T16:45:41.873535Z
Failed qa: 1989-04-20T16:49:58.6880380Z
.......Failed qa: 1989-04-28T16:45:21.766547Z
Failed qa: 1989-04-30T16:32:59.778059Z
.......Failed qa: 1989-05-14T16:45:00.457519Z
Failed qa: 1989-05-16T16:32:41.063065Z
.......Failed qa: 1989-05-30T16:44:52.860575Z
Failed qa: 1989-06-17T16:32:03.001038Z
.......Failed qa: 1989-07-01T16:44:14.603538Z
Failed qa: 1989-07-03T16:31:50.105081Z
.......Failed qa: 1989-07-17T16:43:54.072553Z
Failed qa: 1989-07-19T16:31:29.431554Z
.......Failed qa: 1989-07-27T16:37:54.0480630Z
Failed qa: 1989-08-02T16:43:34.350538Z
Failed qa: 1989-08-04T16:31:10.023550Z
.......Failed qa: 1989-08-18T16:43:10.209569Z
.......Failed qa: 1989-08-28T16:37:53.0530060Z
Failed qa: 1989-09-03T16:42:40.1760940Z
Failed qa: 1989-09-05T16:30:27.208547Z
.......Failed qa: 1989-09-19T16:42:20.066069Z
..............Failed qa: 1989-10-21T16:41:27.008541Z
Failed qa: 1989-10-23T16:29:01.741069Z
Failed qa: 1989-11-06T16:41:10.513034Z
..............Data has been pickled and saved to '/efs/timesync/1989/audit/1989_1933_1211_qa_rejects.p'.
Success tracking goes here
