{'project_id': '1211', 'year': '1989', 'x': -1423920, 'y': 1754610, 'plot_id': '75', 'strata': '41'}
Pandas(Index=0, project_id='1211', plot_id='75', x=-1423920, y=1754610)
called process_plot
Pandas(Index=0, project_id='1211', plot_id='75', x=-1423920, y=1754610)
75
Directory '/efs/timesync/1989/audit/' already exists.
Data has been pickled and saved to '/efs/timesync/1989/audit/1989_0075_1211.p'.
Failed qa: 1989-01-14T17:38:44.0000500Z
Failed qa: 1989-02-15T17:38:35.4240000Z
.......Failed qa: 1989-03-26T17:43:55.994569Z
.......Failed qa: 1989-04-11T17:44:06.936550Z
Failed qa: 1989-04-13T17:31:55.562551Z
Failed qa: 1989-04-27T17:43:46.007035Z
Failed qa: 1989-04-29T17:31:36.371069Z
.......Failed qa: 1989-05-13T17:43:31.751013Z
Failed qa: 1989-05-15T17:31:19.306566Z
.......Failed qa: 1989-05-29T17:43:18.227531Z
..............Failed qa: 1989-06-14T17:42:52.653519Z
Failed qa: 1989-06-16T17:30:39.640515Z
.......Failed qa: 1989-06-24T17:36:15.990075Z
Failed qa: 1989-06-30T17:42:40.085040Z
.......Failed qa: 1989-07-09T17:36:53.1700060Z
Failed qa: 1989-07-10T17:36:19.628528Z
Failed qa: 1989-07-16T17:42:19.596566Z
Failed qa: 1989-07-18T17:30:07.376584Z
.......Failed qa: 1989-07-26T17:36:18.406057Z
Failed qa: 1989-08-01T17:42:00.216528Z
Failed qa: 1989-08-03T17:29:47.369022Z
.......Failed qa: 1989-08-11T17:36:19.431528Z
Failed qa: 1989-08-17T17:41:34.771056Z
Failed qa: 1989-08-19T17:29:24.409025Z
.......Failed qa: 1989-08-27T17:36:17.607075Z
Failed qa: 1989-09-02T17:41:17.942556Z
..............Failed qa: 1989-09-12T17:36:16.237035Z
Failed qa: 1989-09-18T17:40:45.421088Z
Failed qa: 1989-09-20T17:28:33.763522Z
.......Failed qa: 1989-09-28T17:36:13.264547Z
Failed qa: 1989-10-04T17:40:48.5310000Z
..............Failed qa: 1989-10-20T17:39:52.363013Z
Failed qa: 1989-10-22T17:27:40.053516Z
.......Failed qa: 1989-11-07T17:27:46.5850310Z
Data has been pickled and saved to '/efs/timesync/1989/audit/1989_0075_1211_qa_rejects.p'.
Success tracking goes here
