{'project_id': '1211', 'year': '1989', 'x': 299910, 'y': 1967910, 'plot_id': '2699', 'strata': '41'}
Pandas(Index=0, project_id='1211', plot_id='2699', x=299910, y=1967910)
called process_plot
Pandas(Index=0, project_id='1211', plot_id='2699', x=299910, y=1967910)
2699
Directory '/efs/timesync/1989/audit/' already exists.
Data has been pickled and saved to '/efs/timesync/1989/audit/1989_2699_1211.p'.
............................Failed qa: 1989-01-12T16:11:38.939072Z
Failed qa: 1989-01-12T16:12:02.903032Z
............................Failed qa: 1989-01-28T16:11:27.841532Z
Failed qa: 1989-01-28T16:11:51.806516Z
Failed qa: 1989-02-11T16:23:38.3750810Z
Failed qa: 1989-02-11T16:24:26.3070750Z
Failed qa: 1989-02-20T16:17:23.9630940Z
..............Failed qa: 1989-03-01T16:11:14.636516Z
Failed qa: 1989-03-01T16:11:38.603516Z
..............Failed qa: 1989-03-17T16:10:46.3550130Z
Failed qa: 1989-03-17T16:10:58.339035Z
............................Failed qa: 1989-04-02T16:10:20.2320940Z
............................Failed qa: 1989-04-18T16:11:02.8370810Z
..........................................Failed qa: 1989-05-20T16:09:53.116528Z
Failed qa: 1989-05-20T16:10:17.161560Z
............................Failed qa: 1989-06-04T16:20:53.1260000Z
Failed qa: 1989-06-05T16:09:40.742563Z
Failed qa: 1989-06-05T16:10:04.717559Z
............................Failed qa: 1989-06-21T16:09:15.493056Z
Failed qa: 1989-06-21T16:09:39.469550Z
............................Failed qa: 1989-07-07T16:09:00.352550Z
Failed qa: 1989-07-07T16:09:24.330537Z
............................Failed qa: 1989-07-23T16:08:41.342560Z
Failed qa: 1989-07-23T16:09:05.322056Z
Failed qa: 1989-07-30T16:14:31.9750500Z
..........................................Failed qa: 1989-09-09T16:07:46.6140130Z
Failed qa: 1989-09-09T16:07:58.606031Z
............................Failed qa: 1989-09-25T16:07:12.316556Z
Failed qa: 1989-09-25T16:07:36.303050Z
............................Failed qa: 1989-10-11T16:06:48.907043Z
Failed qa: 1989-10-11T16:07:12.895062Z
........................................................Failed qa: 1989-11-12T16:05:47.553550Z
Failed qa: 1989-11-12T16:06:11.544057Z
..............Data has been pickled and saved to '/efs/timesync/1989/audit/1989_2699_1211_qa_rejects.p'.
Success tracking goes here
