{'project_id': '1211', 'year': '1989', 'x': 647610, 'y': 2193510, 'plot_id': '4324', 'strata': '41'}
Pandas(Index=0, project_id='1211', plot_id='4324', x=647610, y=2193510)
called process_plot
Pandas(Index=0, project_id='1211', plot_id='4324', x=647610, y=2193510)
4324
Directory '/efs/timesync/1989/audit/' already exists.
Data has been pickled and saved to '/efs/timesync/1989/audit/1989_4324_1211.p'.
.......Failed qa: 1989-01-12T16:11:15.047091Z
.......Failed qa: 1989-01-28T16:11:03.948529Z
..............Failed qa: 1989-03-01T16:10:50.813028Z
.......Failed qa: 1989-03-19T15:57:46.348540Z
.......Failed qa: 1989-04-02T16:10:08.391059Z
Failed qa: 1989-04-04T15:57:49.444047Z
.......Failed qa: 1989-04-18T16:09:51.2110000Z
Failed qa: 1989-04-20T15:57:36.661553Z
Failed qa: 1989-05-06T15:57:26.497554Z
.......Failed qa: 1989-05-20T16:09:29.286525Z
Failed qa: 1989-05-22T15:57:07.127010Z
.......Failed qa: 1989-06-05T16:09:16.911072Z
Failed qa: 1989-06-07T15:56:52.317032Z
.......Failed qa: 1989-06-21T16:08:51.588531Z
Failed qa: 1989-06-23T15:56:28.517541Z
.......Failed qa: 1989-07-07T16:08:36.446540Z
Failed qa: 1989-07-09T15:56:12.768531Z
.......Failed qa: 1989-07-23T16:08:17.507025Z
Failed qa: 1989-07-25T15:55:53.750550Z
.......Failed qa: 1989-08-26T15:55:11.547528Z
..............Failed qa: 1989-09-25T16:06:48.473585Z
Failed qa: 1989-09-27T15:54:26.649050Z
.......Failed qa: 1989-10-11T16:06:25.062538Z
Failed qa: 1989-11-12T16:05:23.706566Z
.......Data has been pickled and saved to '/efs/timesync/1989/audit/1989_4324_1211_qa_rejects.p'.
Success tracking goes here
