{'project_id': '1211', 'year': '1989', 'x': -1822290, 'y': 1704780, 'plot_id': '2898', 'strata': '41'}
Pandas(Index=0, project_id='1211', plot_id='2898', x=-1822290, y=1704780)
called process_plot
Pandas(Index=0, project_id='1211', plot_id='2898', x=-1822290, y=1704780)
2898
Directory '/efs/timesync/1989/audit/' already exists.
Data has been pickled and saved to '/efs/timesync/1989/audit/1989_2898_1211.p'.
.......Failed qa: 1989-01-26T18:03:52.138060Z
.......Failed qa: 1989-02-27T18:03:43.629551Z
Failed qa: 1989-03-15T18:03:11.014544Z
..............Failed qa: 1989-03-31T18:02:55.228553Z
.......Failed qa: 1989-04-09T17:56:52.949063Z
Failed qa: 1989-04-16T18:02:57.162566Z
.......Failed qa: 1989-04-25T17:56:34.080540Z
Failed qa: 1989-05-02T18:02:41.280019Z
.......Failed qa: 1989-05-11T17:56:20.109553Z
Failed qa: 1989-05-18T18:02:19.350031Z
.......Failed qa: 1989-05-26T18:07:07.7660060Z
Failed qa: 1989-05-27T17:56:05.062088Z
Failed qa: 1989-06-03T18:02:09.649563Z
.......Failed qa: 1989-06-12T17:55:43.313075Z
.......Failed qa: 1989-06-19T18:01:43.939050Z
.......Failed qa: 1989-06-28T17:55:27.384059Z
.......Failed qa: 1989-07-05T18:01:29.061053Z
.......Failed qa: 1989-07-14T17:55:07.438081Z
Failed qa: 1989-07-15T17:54:52.4640880Z
Failed qa: 1989-07-21T18:01:09.359587Z
.......Failed qa: 1989-07-29T18:07:13.0420380Z
Failed qa: 1989-07-30T17:54:48.569541Z
Failed qa: 1989-07-31T17:54:51.4530440Z
Failed qa: 1989-08-06T18:00:49.769584Z
.......Failed qa: 1989-08-14T18:07:11.7410440Z
Failed qa: 1989-08-15T17:54:25.031563Z
Failed qa: 1989-08-16T17:54:47.8870310Z
Failed qa: 1989-08-22T18:00:27.773044Z
.......Failed qa: 1989-08-31T17:54:05.617544Z
Failed qa: 1989-09-07T18:00:05.583087Z
..............Failed qa: 1989-09-23T17:59:38.676075Z
.......Failed qa: 1989-10-02T17:53:24.518522Z
.......Failed qa: 1989-10-18T17:52:42.245515Z
Failed qa: 1989-10-25T17:58:40.150575Z
.......Failed qa: 1989-11-03T17:52:25.434029Z
Failed qa: 1989-11-10T17:58:20.356028Z
.......Failed qa: 1989-11-18T18:07:06.1240060Z
.......Failed qa: 1989-11-26T17:57:52.320050Z
.......Data has been pickled and saved to '/efs/timesync/1989/audit/1989_2898_1211_qa_rejects.p'.
Success tracking goes here
