{'project_id': '1211', 'year': '1989', 'x': -978060, 'y': 1665150, 'plot_id': '4134', 'strata': '41'}
Pandas(Index=0, project_id='1211', plot_id='4134', x=-978060, y=1665150)
called process_plot
Pandas(Index=0, project_id='1211', plot_id='4134', x=-978060, y=1665150)
4134
Directory '/efs/timesync/1989/audit/' already exists.
Data has been pickled and saved to '/efs/timesync/1989/audit/1989_4134_1211.p'.
Failed qa: 1989-02-27T17:17:34.6740880Z
..............Failed qa: 1989-03-21T17:25:13.6570440Z
Failed qa: 1989-04-01T17:07:19.779066Z
..............Failed qa: 1989-04-15T17:19:19.400050Z
Failed qa: 1989-04-15T17:19:43.227553Z
Failed qa: 1989-04-17T17:07:18.001550Z
Failed qa: 1989-04-22T17:25:07.0150690Z
..............Failed qa: 1989-05-01T17:19:02.353050Z
Failed qa: 1989-05-01T17:19:26.182029Z
Failed qa: 1989-05-03T17:07:03.318522Z
Failed qa: 1989-05-08T17:24:55.4580130Z
..............Failed qa: 1989-05-17T17:18:41.975560Z
Failed qa: 1989-05-17T17:19:05.805541Z
Failed qa: 1989-05-19T17:06:42.299532Z
Failed qa: 1989-05-24T17:24:37.3260560Z
..............Failed qa: 1989-06-02T17:18:31.150038Z
Failed qa: 1989-06-02T17:18:54.981053Z
Failed qa: 1989-06-04T17:06:31.131575Z
Failed qa: 1989-06-09T17:24:20.2200250Z
..............Failed qa: 1989-06-17T17:29:38.1200500Z
Failed qa: 1989-06-18T17:18:05.225553Z
Failed qa: 1989-06-18T17:18:29.058068Z
Failed qa: 1989-06-20T17:06:05.714550Z
Failed qa: 1989-06-25T17:23:59.4270880Z
..............Failed qa: 1989-07-04T17:17:51.382031Z
Failed qa: 1989-07-04T17:18:15.144060Z
..........................................Failed qa: 1989-07-14T17:11:48.899060Z
Failed qa: 1989-07-20T17:17:30.437544Z
Failed qa: 1989-07-20T17:17:54.272584Z
Failed qa: 1989-07-22T17:05:31.243019Z
..............Failed qa: 1989-08-05T17:17:11.704032Z
Failed qa: 1989-08-05T17:17:35.469522Z
Failed qa: 1989-08-07T17:05:11.060518Z
Failed qa: 1989-08-12T17:23:00.3260630Z
..............Failed qa: 1989-08-15T17:11:45.628091Z
Failed qa: 1989-08-21T17:16:49.399556Z
Failed qa: 1989-08-21T17:17:13.238565Z
Failed qa: 1989-08-23T17:04:49.311563Z
Failed qa: 1989-08-28T17:22:40.5920690Z
..............Failed qa: 1989-08-31T17:11:46.029581Z
Failed qa: 1989-09-06T17:16:28.211519Z
Failed qa: 1989-09-06T17:16:52.052003Z
..............Failed qa: 1989-09-08T17:04:26.089556Z
Failed qa: 1989-09-13T17:22:07.2720630Z
............................Failed qa: 1989-09-24T17:04:01.333037Z
Failed qa: 1989-09-29T17:21:57.0160810Z
..............Failed qa: 1989-10-08T17:15:45.270053Z
Failed qa: 1989-10-08T17:16:09.114065Z
Failed qa: 1989-10-10T17:03:41.359035Z
Failed qa: 1989-10-15T17:21:22.8070500Z
............................Data has been pickled and saved to '/efs/timesync/1989/audit/1989_4134_1211_qa_rejects.p'.
Success tracking goes here
