{'project_id': '1211', 'year': '1989', 'x': 25650, 'y': 2381970, 'plot_id': '1557', 'strata': '41'}
Pandas(Index=0, project_id='1211', plot_id='1557', x=25650, y=2381970)
called process_plot
Pandas(Index=0, project_id='1211', plot_id='1557', x=25650, y=2381970)
1557
Directory '/efs/timesync/1989/audit/' already exists.
Data has been pickled and saved to '/efs/timesync/1989/audit/1989_1557_1211.p'.
Failed qa: 1989-01-08T16:35:51.9590380Z
Failed qa: 1989-01-15T16:41:53.9860440Z
Failed qa: 1989-01-17T16:29:28.9390440Z
.......Failed qa: 1989-01-31T16:41:48.6010130Z
.......Failed qa: 1989-02-16T16:41:45.5710310Z
Failed qa: 1989-02-18T16:28:59.0480940Z
Failed qa: 1989-02-25T16:35:26.9350250Z
.......Failed qa: 1989-03-06T16:28:51.199531Z
.......Failed qa: 1989-03-22T16:28:22.5240130Z
.......Failed qa: 1989-04-07T16:28:21.979050Z
.......Failed qa: 1989-04-23T16:28:05.302019Z
..............Failed qa: 1989-05-09T16:27:52.821069Z
.......Failed qa: 1989-06-10T16:27:17.381579Z
.......Failed qa: 1989-06-26T16:26:57.979557Z
...................................Failed qa: 1989-07-28T16:26:20.510541Z
..............Failed qa: 1989-08-12T16:39:06.0750630Z
Failed qa: 1989-08-13T16:25:57.768028Z
...................................Failed qa: 1989-09-14T16:25:02.188578Z
Failed qa: 1989-09-30T16:25:07.3650380Z
Failed qa: 1989-10-07T16:31:08.6580810Z
.......Failed qa: 1989-10-16T16:24:06.6720880Z
.......Failed qa: 1989-11-17T16:23:19.423069Z
.......Data has been pickled and saved to '/efs/timesync/1989/audit/1989_1557_1211_qa_rejects.p'.
Success tracking goes here
