{'project_id': '1211', 'year': '1989', 'x': 1634910, 'y': 2365560, 'plot_id': '4221', 'strata': '41'}
Pandas(Index=0, project_id='1211', plot_id='4221', x=1634910, y=2365560)
called process_plot
Pandas(Index=0, project_id='1211', plot_id='4221', x=1634910, y=2365560)
4221
Directory '/efs/timesync/1989/audit/' already exists.
Data has been pickled and saved to '/efs/timesync/1989/audit/1989_4221_1211.p'.
Failed qa: 1989-01-04T15:21:56.778038Z
Failed qa: 1989-01-11T15:28:01.083556Z
..............Failed qa: 1989-01-20T15:21:48.7930880Z
Failed qa: 1989-01-22T15:09:13.890563Z
Failed qa: 1989-01-27T15:27:59.0700560Z
Failed qa: 1989-01-29T15:15:39.3780250Z
Failed qa: 1989-01-29T15:15:39.3780250Z
Failed qa: 1989-02-05T15:21:40.191013Z
Failed qa: 1989-02-12T15:27:37.4370190Z
Failed qa: 1989-02-23T15:09:08.849569Z
Failed qa: 1989-02-28T15:27:24.7780190Z
..............Failed qa: 1989-03-09T15:21:09.331031Z
Failed qa: 1989-03-11T15:08:44.070062Z
Failed qa: 1989-03-16T15:26:59.690547Z
Failed qa: 1989-03-25T15:20:46.3820440Z
Failed qa: 1989-03-27T15:08:02.6600310Z
Failed qa: 1989-04-10T15:20:46.962559Z
Failed qa: 1989-04-12T15:08:24.188034Z
Failed qa: 1989-04-17T15:26:37.5850500Z
..............Failed qa: 1989-04-26T15:20:27.194519Z
Failed qa: 1989-04-28T15:08:04.002531Z
Failed qa: 1989-05-14T15:07:48.452022Z
Failed qa: 1989-05-19T15:26:01.7640880Z
..............Failed qa: 1989-05-28T15:19:58.637553Z
Failed qa: 1989-05-30T15:07:47.1730250Z
Failed qa: 1989-06-04T15:25:50.7380190Z
............................Failed qa: 1989-06-29T15:19:20.755047Z
Failed qa: 1989-07-01T15:06:56.983553Z
Failed qa: 1989-07-06T15:25:09.6660810Z
..............Failed qa: 1989-07-15T15:19:00.529557Z
Failed qa: 1989-07-17T15:06:24.4600190Z
Failed qa: 1989-07-22T15:24:50.8650810Z
..............Failed qa: 1989-07-25T15:12:46.219512Z
Failed qa: 1989-07-31T15:18:41.443525Z
Failed qa: 1989-08-02T15:06:16.784556Z
..............Failed qa: 1989-08-10T15:12:46.997556Z
Failed qa: 1989-08-16T15:18:17.015057Z
Failed qa: 1989-08-18T15:05:52.563578Z
Failed qa: 1989-08-26T15:12:33.0020130Z
Failed qa: 1989-09-03T15:05:34.537532Z
Failed qa: 1989-09-08T15:23:45.6980630Z
..............Failed qa: 1989-09-11T15:12:56.2350940Z
Failed qa: 1989-09-24T15:23:20.7870060Z
..............Failed qa: 1989-10-05T15:04:53.065550Z
Failed qa: 1989-10-10T15:23:01.1460060Z
Failed qa: 1989-10-21T15:04:09.362525Z
Failed qa: 1989-10-26T15:22:32.181537Z
Failed qa: 1989-11-06T15:03:41.0360940Z
..............Failed qa: 1989-11-22T15:03:14.457547Z
Data has been pickled and saved to '/efs/timesync/1989/audit/1989_4221_1211_qa_rejects.p'.
Success tracking goes here
