{'project_id': '1211', 'year': '1989', 'x': 1642290, 'y': 1408710, 'plot_id': '2528', 'strata': '41'}
Pandas(Index=0, project_id='1211', plot_id='2528', x=1642290, y=1408710)
called process_plot
Pandas(Index=0, project_id='1211', plot_id='2528', x=1642290, y=1408710)
2528
Directory '/efs/timesync/1989/audit/' already exists.
Data has been pickled and saved to '/efs/timesync/1989/audit/1989_2528_1211.p'.
Failed qa: 1989-01-22T15:11:25.3360940Z
.......Failed qa: 1989-02-07T15:11:28.7030690Z
..............Failed qa: 1989-03-11T15:10:55.3170750Z
.......Failed qa: 1989-03-27T15:10:25.7580750Z
.......Failed qa: 1989-04-12T15:10:35.4530630Z
.......Failed qa: 1989-04-28T15:10:15.3460380Z
.......Failed qa: 1989-05-14T15:09:59.8020060Z
.......Failed qa: 1989-05-30T15:09:46.6150190Z
.......Failed qa: 1989-06-15T15:09:18.8530560Z
.......Failed qa: 1989-07-01T15:09:08.2860250Z
..............Failed qa: 1989-07-25T15:14:57.5540250Z
Failed qa: 1989-08-02T15:08:27.9590560Z
.......Failed qa: 1989-08-18T15:08:03.8210560Z
.......Failed qa: 1989-10-05T15:07:04.3490810Z
Failed qa: 1989-10-21T15:06:20.6550380Z
Failed qa: 1989-11-06T15:06:04.1160000Z
.......Failed qa: 1989-11-22T15:05:25.6190060Z
Data has been pickled and saved to '/efs/timesync/1989/audit/1989_2528_1211_qa_rejects.p'.
Success tracking goes here
