{'project_id': '1211', 'year': '1989', 'x': 2019360, 'y': 2364810, 'plot_id': '4090', 'strata': '41'}
Pandas(Index=0, project_id='1211', plot_id='4090', x=2019360, y=2364810)
called process_plot
Pandas(Index=0, project_id='1211', plot_id='4090', x=2019360, y=2364810)
4090
Directory '/efs/timesync/1989/audit/' already exists.
Data has been pickled and saved to '/efs/timesync/1989/audit/1989_4090_1211.p'.
Failed qa: 1989-01-01T14:51:14.8690380Z
Failed qa: 1989-01-15T15:03:12.768059Z
Failed qa: 1989-01-17T14:50:59.7210690Z
.......Failed qa: 1989-01-31T15:03:07.240056Z
.......Failed qa: 1989-02-16T15:02:52.5160310Z
Failed qa: 1989-02-18T14:50:53.7780250Z
.......Failed qa: 1989-03-04T15:02:47.315025Z
.......Failed qa: 1989-03-20T15:02:07.516047Z
Failed qa: 1989-03-22T14:49:53.2920940Z
Failed qa: 1989-04-05T15:02:13.056538Z
Failed qa: 1989-04-07T14:50:04.5090560Z
.......Failed qa: 1989-04-21T15:01:58.920541Z
Failed qa: 1989-04-23T14:49:47.9380560Z
Failed qa: 1989-05-07T15:01:48.142562Z
Failed qa: 1989-05-09T14:49:35.5330690Z
Failed qa: 1989-05-16T14:55:11.6840880Z
Failed qa: 1989-05-23T15:01:41.0810500Z
Failed qa: 1989-05-25T14:49:17.9690190Z
..............Failed qa: 1989-06-24T15:00:51.035022Z
Failed qa: 1989-06-26T14:48:40.6390630Z
.......Failed qa: 1989-07-10T15:00:46.1890940Z
.......Failed qa: 1989-07-26T15:00:15.298553Z
Failed qa: 1989-08-03T15:06:24.0580000Z
.......Failed qa: 1989-08-12T15:01:00.7640310Z
Failed qa: 1989-08-13T14:47:40.4600880Z
Failed qa: 1989-08-19T15:06:33.642044Z
.......Failed qa: 1989-08-27T14:59:33.076056Z
..............Failed qa: 1989-09-12T14:59:02.414537Z
Failed qa: 1989-09-14T14:46:45.0680630Z
Failed qa: 1989-09-21T14:52:26.2350000Z
Failed qa: 1989-09-28T14:58:48.693534Z
Failed qa: 1989-09-30T14:46:37.9990940Z
.......Failed qa: 1989-10-14T14:58:17.091537Z
.......Failed qa: 1989-10-30T14:57:49.618072Z
Failed qa: 1989-11-01T14:45:39.0790560Z
.......Failed qa: 1989-11-17T14:45:02.1850000Z
Data has been pickled and saved to '/efs/timesync/1989/audit/1989_4090_1211_qa_rejects.p'.
Success tracking goes here
