{'project_id': '1211', 'year': '1989', 'x': -219720, 'y': 1215510, 'plot_id': '4504', 'strata': '41'}
Pandas(Index=0, project_id='1211', plot_id='4504', x=-219720, y=1215510)
called process_plot
Pandas(Index=0, project_id='1211', plot_id='4504', x=-219720, y=1215510)
4504
Directory '/efs/timesync/1989/audit/' already exists.
Data has been pickled and saved to '/efs/timesync/1989/audit/1989_4504_1211.p'.
Failed qa: 1989-01-15T16:44:05.285072Z
Failed qa: 1989-01-15T16:44:29.177088Z
Failed qa: 1989-01-17T16:32:04.202572Z
Failed qa: 1989-01-17T16:32:16.113054Z
Failed qa: 1989-01-23T16:46:34.1880000Z
Failed qa: 1989-01-23T16:46:46.100534Z
..............Failed qa: 1989-01-31T16:43:59.835037Z
Failed qa: 1989-01-31T16:44:23.800512Z
Failed qa: 1989-02-08T16:47:20.9580630Z
..............Failed qa: 1989-02-16T16:43:44.8280940Z
Failed qa: 1989-02-24T16:47:27.1260250Z
..............Failed qa: 1989-03-04T16:44:15.5820250Z
Failed qa: 1989-03-06T16:31:38.323044Z
Failed qa: 1989-03-06T16:31:50.234576Z
..............Failed qa: 1989-03-20T16:43:35.6420130Z
Failed qa: 1989-03-22T16:30:57.675550Z
Failed qa: 1989-03-22T16:31:09.588519Z
Failed qa: 1989-04-05T16:43:05.592006Z
Failed qa: 1989-04-05T16:43:29.490044Z
Failed qa: 1989-04-07T16:31:09.053019Z
Failed qa: 1989-04-07T16:31:20.966051Z
Failed qa: 1989-04-21T16:42:51.411566Z
Failed qa: 1989-04-21T16:43:03.3970880Z
Failed qa: 1989-04-23T16:30:52.457038Z
Failed qa: 1989-04-23T16:31:04.371041Z
..............Failed qa: 1989-05-07T16:42:40.649510Z
Failed qa: 1989-05-07T16:43:04.550047Z
Failed qa: 1989-05-09T16:30:40.057569Z
Failed qa: 1989-05-09T16:30:52.044062Z
..............Failed qa: 1989-05-23T16:42:09.8960880Z
Failed qa: 1989-06-10T16:30:04.563072Z
Failed qa: 1989-06-10T16:30:16.551041Z
..............Failed qa: 1989-06-24T16:41:31.5910750Z
Failed qa: 1989-06-26T16:29:45.101535Z
Failed qa: 1989-06-26T16:29:57.018509Z
..............Failed qa: 1989-07-10T16:41:14.7740560Z
..............Failed qa: 1989-07-26T16:40:55.7510880Z
..............Failed qa: 1989-07-28T16:29:07.580088Z
Failed qa: 1989-07-28T16:29:19.498554Z
..............Failed qa: 1989-08-11T16:40:33.6850190Z
..............Failed qa: 1989-08-13T16:28:44.923078Z
Failed qa: 1989-08-13T16:28:56.842543Z
..............Failed qa: 1989-08-27T16:40:13.6610000Z
..............Failed qa: 1989-08-29T16:28:37.2040810Z
Failed qa: 1989-08-29T16:28:49.124059Z
..............Failed qa: 1989-09-30T16:27:42.561572Z
Failed qa: 1989-09-30T16:27:42.561572Z
..............Failed qa: 1989-10-14T16:38:57.5250380Z
Failed qa: 1989-10-16T16:27:05.940047Z
Failed qa: 1989-10-16T16:27:17.862547Z
..............Failed qa: 1989-10-30T16:38:54.0540000Z
Failed qa: 1989-10-30T16:39:05.974538Z
Failed qa: 1989-11-01T16:26:43.537043Z
Failed qa: 1989-11-01T16:26:55.460056Z
..............Failed qa: 1989-11-15T16:38:07.489531Z
Failed qa: 1989-11-15T16:38:31.336531Z
Failed qa: 1989-11-17T16:26:06.497041Z
Failed qa: 1989-11-17T16:26:18.420553Z
Failed qa: 1989-12-01T16:37:49.997025Z
Failed qa: 1989-12-01T16:38:13.917029Z
Data has been pickled and saved to '/efs/timesync/1989/audit/1989_4504_1211_qa_rejects.p'.
Success tracking goes here
