{'project_id': '1211', 'year': '1989', 'x': 687480, 'y': 2002620, 'plot_id': '3566', 'strata': '41'}
Pandas(Index=0, project_id='1211', plot_id='3566', x=687480, y=2002620)
called process_plot
Pandas(Index=0, project_id='1211', plot_id='3566', x=687480, y=2002620)
3566
Directory '/efs/timesync/1989/audit/' already exists.
Data has been pickled and saved to '/efs/timesync/1989/audit/1989_3566_1211.p'.
Failed qa: 1989-01-12T16:11:26.9570940Z
.......Failed qa: 1989-01-28T16:11:15.8590440Z
.......Failed qa: 1989-03-01T16:11:02.6530190Z
..............Failed qa: 1989-03-17T16:10:46.3550130Z
..............Failed qa: 1989-04-02T16:10:20.2320940Z
Failed qa: 1989-04-04T15:58:01.3570690Z
............................Failed qa: 1989-05-20T16:09:41.1300000Z
Failed qa: 1989-05-22T15:57:19.0420190Z
.......Failed qa: 1989-06-05T16:09:28.7550630Z
..............Failed qa: 1989-06-21T16:09:03.5050310Z
..............Failed qa: 1989-07-07T16:08:48.2920250Z
..............Failed qa: 1989-07-23T16:08:29.3530380Z
...................................Failed qa: 1989-09-25T16:07:00.3230880Z
..............Failed qa: 1989-10-11T16:06:36.9130310Z
Failed qa: 1989-11-12T16:05:35.5580750Z
.......Data has been pickled and saved to '/efs/timesync/1989/audit/1989_3566_1211_qa_rejects.p'.
Success tracking goes here
