{'project_id': '1211', 'year': '1989', 'x': 870600, 'y': 2517780, 'plot_id': '2489', 'strata': '41'}
Pandas(Index=0, project_id='1211', plot_id='2489', x=870600, y=2517780)
called process_plot
Pandas(Index=0, project_id='1211', plot_id='2489', x=870600, y=2517780)
2489
Directory '/efs/timesync/1989/audit/' already exists.
Data has been pickled and saved to '/efs/timesync/1989/audit/1989_2489_1211.p'.
Failed qa: 1989-01-05T16:04:24.363529Z
Failed qa: 1989-01-21T16:04:16.2390750Z
..............Failed qa: 1989-02-06T16:04:07.593041Z
..............Failed qa: 1989-02-22T16:03:59.958525Z
.....................Failed qa: 1989-03-26T16:03:15.3130560Z
.......Failed qa: 1989-04-11T16:03:14.384569Z
............................Failed qa: 1989-05-13T16:02:39.188553Z
..............Failed qa: 1989-05-29T16:02:25.655038Z
.....................Failed qa: 1989-06-30T16:01:47.570082Z
..............Failed qa: 1989-07-16T16:01:27.153562Z
.....................Failed qa: 1989-08-01T16:01:07.849057Z
..............Failed qa: 1989-09-02T16:00:25.390003Z
.......Failed qa: 1989-09-18T15:59:52.812078Z
..............Failed qa: 1989-10-04T15:59:44.192047Z
............................Failed qa: 1989-11-21T15:58:04.024025Z
Data has been pickled and saved to '/efs/timesync/1989/audit/1989_2489_1211_qa_rejects.p'.
Success tracking goes here
