{'project_id': '1211', 'year': '1989', 'x': -474510, 'y': 2244240, 'plot_id': '4373', 'strata': '41'}
Pandas(Index=0, project_id='1211', plot_id='4373', x=-474510, y=2244240)
called process_plot
Pandas(Index=0, project_id='1211', plot_id='4373', x=-474510, y=2244240)
4373
Directory '/efs/timesync/1989/audit/' already exists.
Data has been pickled and saved to '/efs/timesync/1989/audit/1989_4373_1211.p'.
Failed qa: 1989-03-18T16:53:36.5940000Z
.......Failed qa: 1989-04-01T17:05:44.403528Z
Failed qa: 1989-04-03T16:53:37.5240810Z
.......Failed qa: 1989-04-17T17:05:54.4610810Z
Failed qa: 1989-04-19T16:53:28.4160440Z
Failed qa: 1989-05-03T17:05:39.7020060Z
Failed qa: 1989-05-05T16:53:16.7130880Z
Failed qa: 1989-05-19T17:04:54.9920810Z
Failed qa: 1989-05-21T16:52:56.7160690Z
.......Failed qa: 1989-06-04T17:04:43.8190440Z
Failed qa: 1989-06-06T16:52:43.1880810Z
Failed qa: 1989-06-13T16:58:40.1290190Z
Failed qa: 1989-06-20T17:04:30.239541Z
.......Failed qa: 1989-06-30T16:58:00.0430810Z
.......Failed qa: 1989-07-08T16:52:03.1380250Z
Failed qa: 1989-07-14T17:10:13.518569Z
Failed qa: 1989-07-22T17:03:55.828044Z
Failed qa: 1989-07-24T16:51:44.1320750Z
.......Failed qa: 1989-08-07T17:03:35.639057Z
Failed qa: 1989-08-09T16:51:22.4690440Z
Failed qa: 1989-08-15T17:10:10.176566Z
.......Failed qa: 1989-08-23T17:03:13.882531Z
Failed qa: 1989-08-31T17:10:10.578572Z
.......Failed qa: 1989-09-02T16:58:00.8670380Z
.......Failed qa: 1989-09-24T17:02:25.819050Z
Failed qa: 1989-09-26T16:50:16.0110130Z
Failed qa: 1989-10-10T17:02:05.910044Z
Data has been pickled and saved to '/efs/timesync/1989/audit/1989_4373_1211_qa_rejects.p'.
Success tracking goes here
