{'project_id': '1211', 'year': '1989', 'x': 1295370, 'y': 1223070, 'plot_id': '3817', 'strata': '41'}
Pandas(Index=0, project_id='1211', plot_id='3817', x=1295370, y=1223070)
called process_plot
Pandas(Index=0, project_id='1211', plot_id='3817', x=1295370, y=1223070)
3817
Directory '/efs/timesync/1989/audit/' already exists.
Data has been pickled and saved to '/efs/timesync/1989/audit/1989_3817_1211.p'.
Failed qa: 1989-01-02T15:36:42.058506Z
Failed qa: 1989-01-18T15:36:24.782047Z
.......Failed qa: 1989-02-03T15:36:25.556072Z
..............Failed qa: 1989-04-08T15:35:44.1140630Z
.......Failed qa: 1989-04-24T15:35:14.236060Z
.......Failed qa: 1989-05-10T15:35:01.128560Z
.......Failed qa: 1989-05-26T15:34:44.747031Z
.......Failed qa: 1989-06-11T15:34:25.154091Z
.....................Failed qa: 1989-07-29T15:33:28.859006Z
.......Failed qa: 1989-08-14T15:33:05.957531Z
.......Failed qa: 1989-08-30T15:32:58.3120690Z
.......Failed qa: 1989-09-15T15:32:11.755562Z
............................Failed qa: 1989-11-18T15:30:27.182581Z
Data has been pickled and saved to '/efs/timesync/1989/audit/1989_3817_1211_qa_rejects.p'.
Success tracking goes here
