{'project_id': '1211', 'year': '1989', 'x': -1961850, 'y': 2278200, 'plot_id': '2658', 'strata': '41'}
Pandas(Index=0, project_id='1211', plot_id='2658', x=-1961850, y=2278200)
called process_plot
Pandas(Index=0, project_id='1211', plot_id='2658', x=-1961850, y=2278200)
2658
Directory '/efs/timesync/1989/audit/' already exists.
Data has been pickled and saved to '/efs/timesync/1989/audit/1989_2658_1211.p'.
Failed qa: 1989-01-08T18:14:45.1530440Z
Failed qa: 1989-01-08T18:14:45.1530440Z
Failed qa: 1989-01-15T18:20:47.0120750Z
............................Failed qa: 1989-01-26T18:02:28.5500440Z
Failed qa: 1989-02-02T18:09:08.5720690Z
Failed qa: 1989-02-02T18:08:44.678560Z
Failed qa: 1989-02-09T18:14:51.612544Z
Failed qa: 1989-02-09T18:14:39.629554Z
Failed qa: 1989-02-16T18:21:26.3710060Z
Failed qa: 1989-02-18T18:09:03.9380880Z
Failed qa: 1989-02-18T18:09:03.9380880Z
Failed qa: 1989-02-25T18:14:43.863007Z
Failed qa: 1989-02-25T18:14:19.9680130Z
Failed qa: 1989-02-27T18:02:08.121541Z
............................Failed qa: 1989-03-15T18:01:35.572544Z
Failed qa: 1989-03-20T18:20:05.494085Z
..............Failed qa: 1989-03-31T18:01:07.9400310Z
Failed qa: 1989-04-05T18:20:11.479513Z
Failed qa: 1989-04-07T18:07:27.1060880Z
Failed qa: 1989-04-14T18:13:58.554516Z
Failed qa: 1989-04-14T18:13:46.569019Z
Failed qa: 1989-04-16T18:01:21.637041Z
Failed qa: 1989-04-21T18:20:20.9810690Z
..............Failed qa: 1989-05-02T18:01:05.749050Z
Failed qa: 1989-05-07T18:19:34.275562Z
............................Failed qa: 1989-05-16T18:13:21.553541Z
Failed qa: 1989-05-16T18:13:09.567026Z
Failed qa: 1989-05-23T18:19:27.490532Z
Failed qa: 1989-05-24T18:17:52.8750000Z
Failed qa: 1989-05-24T18:17:52.8750000Z
..............Failed qa: 1989-05-26T18:05:44.228522Z
Failed qa: 1989-06-01T18:13:09.639544Z
Failed qa: 1989-06-01T18:12:57.652513Z
Failed qa: 1989-06-03T18:00:34.181051Z
Failed qa: 1989-06-08T18:19:11.197050Z
..............Failed qa: 1989-06-17T18:12:43.591554Z
Failed qa: 1989-06-17T18:12:31.603544Z
Failed qa: 1989-06-19T18:00:08.464560Z
Failed qa: 1989-06-24T18:18:49.245022Z
..............Failed qa: 1989-07-03T18:12:30.560016Z
Failed qa: 1989-07-03T18:12:18.571037Z
Failed qa: 1989-07-05T17:59:53.653063Z
Failed qa: 1989-07-10T18:18:32.485528Z
..............Failed qa: 1989-07-19T18:12:09.877060Z
Failed qa: 1989-07-19T18:11:57.888025Z
Failed qa: 1989-07-21T17:59:34.018047Z
Failed qa: 1989-07-26T18:18:13.365028Z
............................Failed qa: 1989-07-29T18:05:49.575057Z
Failed qa: 1989-08-04T18:11:50.594075Z
Failed qa: 1989-08-04T18:11:38.604050Z
Failed qa: 1989-08-06T17:59:14.349547Z
Failed qa: 1989-08-11T18:17:39.291547Z
..............Failed qa: 1989-08-14T18:05:48.203037Z
Failed qa: 1989-08-20T18:11:27.699025Z
Failed qa: 1989-08-20T18:11:15.707547Z
Failed qa: 1989-08-22T17:58:52.273047Z
..............Failed qa: 1989-09-05T18:11:07.792056Z
Failed qa: 1989-09-05T18:10:55.800063Z
Failed qa: 1989-09-07T17:58:30.149547Z
Failed qa: 1989-09-12T18:17:00.204060Z
..............Failed qa: 1989-09-23T17:58:03.163538Z
Failed qa: 1989-09-28T18:16:46.913075Z
..............Failed qa: 1989-10-07T18:10:25.414569Z
Failed qa: 1989-10-07T18:10:01.5710440Z
Failed qa: 1989-10-14T18:16:14.977547Z
..............Failed qa: 1989-10-23T18:10:05.9390880Z
Failed qa: 1989-10-25T17:56:52.7730880Z
Failed qa: 1989-10-30T18:15:47.864019Z
..............Failed qa: 1989-11-07T18:24:37.2180060Z
Failed qa: 1989-11-15T18:15:13.144078Z
..............Failed qa: 1989-12-01T18:14:55.712038Z
Data has been pickled and saved to '/efs/timesync/1989/audit/1989_2658_1211_qa_rejects.p'.
Success tracking goes here
