{'project_id': '1211', 'year': '1989', 'x': 118350, 'y': 1985310, 'plot_id': '3420', 'strata': '41'}
Pandas(Index=0, project_id='1211', plot_id='3420', x=118350, y=1985310)
called process_plot
Pandas(Index=0, project_id='1211', plot_id='3420', x=118350, y=1985310)
3420
Directory '/efs/timesync/1989/audit/' already exists.
Data has been pickled and saved to '/efs/timesync/1989/audit/1989_3420_1211.p'.
Failed qa: 1989-01-08T16:36:27.759557Z
Failed qa: 1989-01-10T16:24:15.4780380Z
.......Failed qa: 1989-01-24T16:36:20.5120250Z
Failed qa: 1989-01-26T16:23:59.3810500Z
Failed qa: 1989-02-09T16:36:10.499022Z
Failed qa: 1989-02-11T16:23:38.3750810Z
Failed qa: 1989-02-25T16:36:02.741538Z
Failed qa: 1989-02-27T16:23:50.9870190Z
..............Failed qa: 1989-03-31T16:23:02.4380310Z
.......Failed qa: 1989-04-16T16:23:04.4700250Z
.......Failed qa: 1989-04-30T16:34:59.137025Z
Failed qa: 1989-05-02T16:22:36.596550Z
.......Failed qa: 1989-05-16T16:34:40.427550Z
Failed qa: 1989-06-03T16:22:04.957544Z
Failed qa: 1989-06-10T16:27:53.2010750Z
Failed qa: 1989-06-17T16:34:02.379066Z
Failed qa: 1989-06-19T16:21:51.2320000Z
.......Failed qa: 1989-07-03T16:33:49.491053Z
Failed qa: 1989-07-05T16:21:24.488028Z
Failed qa: 1989-07-19T16:33:28.679550Z
Failed qa: 1989-07-21T16:21:04.821535Z
Failed qa: 1989-07-27T16:39:41.484088Z
.......Failed qa: 1989-08-04T16:33:09.424066Z
Failed qa: 1989-08-06T16:20:57.0750190Z
Failed qa: 1989-08-12T16:39:53.8720630Z
.......Failed qa: 1989-08-20T16:32:46.557566Z
Failed qa: 1989-08-22T16:20:23.129578Z
Failed qa: 1989-08-28T16:39:52.4730440Z
Failed qa: 1989-09-05T16:32:14.6340440Z
Failed qa: 1989-09-14T16:25:37.8790310Z
Failed qa: 1989-09-23T16:19:45.8720130Z
.......Failed qa: 1989-10-07T16:31:44.352528Z
Failed qa: 1989-10-09T16:19:17.255066Z
Failed qa: 1989-10-23T16:31:01.040550Z
Failed qa: 1989-10-25T16:18:47.5970630Z
.......Failed qa: 1989-11-08T16:30:43.118054Z
Failed qa: 1989-11-10T16:18:27.8270310Z
.......Data has been pickled and saved to '/efs/timesync/1989/audit/1989_3420_1211_qa_rejects.p'.
Success tracking goes here
