{'project_id': '1211', 'year': '1989', 'x': -2268990, 'y': 2322420, 'plot_id': '4925', 'strata': '41'}
Pandas(Index=0, project_id='1211', plot_id='4925', x=-2268990, y=2322420)
called process_plot
Pandas(Index=0, project_id='1211', plot_id='4925', x=-2268990, y=2322420)
4925
Directory '/efs/timesync/1989/audit/' already exists.
Data has been pickled and saved to '/efs/timesync/1989/audit/1989_4925_1211.p'.
Failed qa: 1989-01-24T18:15:01.588522Z
Failed qa: 1989-02-09T18:15:03.524009Z
..............Failed qa: 1989-02-25T18:15:07.7580000Z
Failed qa: 1989-03-13T18:14:27.657525Z
..........................................Failed qa: 1989-04-14T18:14:10.396516Z
............................Failed qa: 1989-05-05T18:32:09.7630380Z
..............Failed qa: 1989-05-08T18:18:11.9910690Z
..............Failed qa: 1989-05-16T18:13:33.468529Z
..............Failed qa: 1989-06-01T18:13:21.555044Z
..............Failed qa: 1989-06-17T18:12:55.436054Z
..............Failed qa: 1989-06-25T18:18:20.1760940Z
..............Failed qa: 1989-07-03T18:12:42.405034Z
Failed qa: 1989-07-08T18:30:56.1900130Z
..............Failed qa: 1989-07-11T18:18:35.945062Z
..............Failed qa: 1989-07-19T18:12:21.723040Z
Failed qa: 1989-07-24T18:30:37.1650810Z
..............Failed qa: 1989-07-27T18:18:34.643088Z
..............Failed qa: 1989-08-04T18:12:02.441044Z
Failed qa: 1989-08-09T18:30:15.4750810Z
............................Failed qa: 1989-08-20T18:11:39.546541Z
..............Failed qa: 1989-09-05T18:11:19.640088Z
Failed qa: 1989-09-10T18:29:28.3300750Z
............................Failed qa: 1989-09-21T18:10:48.098007Z
Failed qa: 1989-09-26T18:29:09.1090000Z
............................Failed qa: 1989-10-07T18:10:49.2580940Z
..............Failed qa: 1989-10-23T18:10:05.9390880Z
Failed qa: 1989-10-28T18:28:09.2620560Z
................................................................................................................Data has been pickled and saved to '/efs/timesync/1989/audit/1989_4925_1211_qa_rejects.p'.
Success tracking goes here
