{'project_id': '1211', 'year': '1989', 'x': 584790, 'y': 936330, 'plot_id': '811', 'strata': '41'}
Pandas(Index=0, project_id='1211', plot_id='811', x=584790, y=936330)
called process_plot
Pandas(Index=0, project_id='1211', plot_id='811', x=584790, y=936330)
811
Directory '/efs/timesync/1989/audit/' already exists.
Data has been pickled and saved to '/efs/timesync/1989/audit/1989_0811_1211.p'.
Failed qa: 1989-01-05T16:08:11.3640130Z
Failed qa: 1989-01-07T15:56:12.4200190Z
Failed qa: 1989-01-21T16:07:39.434541Z
Failed qa: 1989-01-23T15:55:39.787025Z
Failed qa: 1989-01-30T16:01:43.264081Z
Failed qa: 1989-01-30T16:01:19.2990810Z
Failed qa: 1989-02-08T15:55:43.295578Z
..............Failed qa: 1989-02-22T16:07:34.869063Z
Failed qa: 1989-02-24T15:55:34.916554Z
Failed qa: 1989-03-10T16:07:10.405022Z
Failed qa: 1989-03-12T15:55:08.639556Z
..............Failed qa: 1989-03-26T16:06:38.263028Z
..............Failed qa: 1989-04-11T16:06:49.260556Z
Failed qa: 1989-04-13T15:54:50.014056Z
..............Failed qa: 1989-04-29T15:54:30.757544Z
..............Failed qa: 1989-05-15T15:54:13.768547Z
..............Failed qa: 1989-05-29T16:06:00.706038Z
Failed qa: 1989-05-31T15:54:01.247047Z
..............Failed qa: 1989-06-14T16:05:35.158041Z
Failed qa: 1989-06-16T15:53:34.113553Z
..............Failed qa: 1989-06-30T16:05:34.4230940Z
Failed qa: 1989-07-02T15:53:22.377575Z
..............Failed qa: 1989-07-16T16:05:13.9440250Z
Failed qa: 1989-07-18T15:53:01.727062Z
..............Failed qa: 1989-08-01T16:04:54.5860130Z
Failed qa: 1989-08-19T15:52:18.874069Z
..............Failed qa: 1989-09-02T16:04:00.381041Z
Failed qa: 1989-09-04T15:52:12.0390060Z
Failed qa: 1989-09-18T16:03:27.890028Z
Failed qa: 1989-09-20T15:51:28.304572Z
..............Failed qa: 1989-10-04T16:03:19.215059Z
Failed qa: 1989-10-06T15:51:18.073525Z
Failed qa: 1989-10-20T16:02:34.676519Z
Failed qa: 1989-10-22T15:50:34.514557Z
Failed qa: 1989-11-14T15:56:17.1590880Z
Failed qa: 1989-11-21T16:01:38.794038Z
Data has been pickled and saved to '/efs/timesync/1989/audit/1989_0811_1211_qa_rejects.p'.
Success tracking goes here
