{'project_id': '1211', 'year': '1989', 'x': -1363860, 'y': 2135700, 'plot_id': '4460', 'strata': '41'}
Pandas(Index=0, project_id='1211', plot_id='4460', x=-1363860, y=2135700)
called process_plot
Pandas(Index=0, project_id='1211', plot_id='4460', x=-1363860, y=2135700)
4460
Directory '/efs/timesync/1989/audit/' already exists.
Data has been pickled and saved to '/efs/timesync/1989/audit/1989_4460_1211.p'.
..............Failed qa: 1989-01-28T17:50:32.9540250Z
............................Failed qa: 1989-03-17T17:49:15.257053Z
..............Failed qa: 1989-03-26T17:43:20.2560500Z
Failed qa: 1989-03-26T17:43:20.2560500Z
Failed qa: 1989-04-02T17:49:37.4900560Z
............................Failed qa: 1989-04-13T17:30:55.778582Z
Failed qa: 1989-04-18T17:49:19.794535Z
Failed qa: 1989-04-27T17:43:10.2640690Z
Failed qa: 1989-04-27T17:43:10.2640690Z
Failed qa: 1989-04-29T17:30:36.512541Z
Failed qa: 1989-05-04T17:49:06.473541Z
............................Failed qa: 1989-05-15T17:30:19.517054Z
Failed qa: 1989-05-20T17:48:46.318040Z
............................Failed qa: 1989-05-31T17:30:06.987041Z
Failed qa: 1989-06-05T17:48:33.802547Z
..............Failed qa: 1989-06-13T17:53:43.122040Z
..............Failed qa: 1989-06-16T17:29:39.844019Z
Failed qa: 1989-06-21T17:48:08.405035Z
..............Failed qa: 1989-06-24T17:35:16.280026Z
Failed qa: 1989-06-29T17:53:49.087066Z
..............Failed qa: 1989-07-02T17:29:28.187563Z
Failed qa: 1989-07-07T17:47:53.433022Z
..............Failed qa: 1989-07-10T17:35:19.917559Z
Failed qa: 1989-07-15T17:53:52.825010Z
..............Failed qa: 1989-07-17T17:40:55.0120690Z
Failed qa: 1989-07-18T17:29:07.645538Z
Failed qa: 1989-07-23T17:47:34.482053Z
..............Failed qa: 1989-07-26T17:35:18.695066Z
Failed qa: 1989-07-31T17:53:51.813091Z
..............Failed qa: 1989-08-02T17:40:54.1090130Z
Failed qa: 1989-08-03T17:28:35.6420750Z
Failed qa: 1989-08-08T17:47:13.526566Z
..............Failed qa: 1989-08-11T17:35:19.649059Z
Failed qa: 1989-08-16T17:53:48.247056Z
..............Failed qa: 1989-08-18T17:40:51.9010810Z
Failed qa: 1989-08-19T17:28:24.667556Z
Failed qa: 1989-08-24T17:46:51.976516Z
..............Failed qa: 1989-08-27T17:35:17.825540Z
..............Failed qa: 1989-09-04T17:28:05.723084Z
Failed qa: 1989-09-09T17:46:27.458037Z
..............Failed qa: 1989-09-12T17:35:16.384038Z
..............Failed qa: 1989-09-20T17:27:34.014078Z
Failed qa: 1989-09-25T17:46:05.406547Z
..............Failed qa: 1989-09-28T17:35:13.554057Z
..............Failed qa: 1989-10-06T17:27:23.721041Z
Failed qa: 1989-10-11T17:45:41.681025Z
............................Failed qa: 1989-10-22T17:26:40.295579Z
Failed qa: 1989-10-27T17:45:05.126525Z
..............Data has been pickled and saved to '/efs/timesync/1989/audit/1989_4460_1211_qa_rejects.p'.
Success tracking goes here
