{'project_id': '1211', 'year': '1989', 'x': -1531170, 'y': 1682310, 'plot_id': '2910', 'strata': '41'}
Pandas(Index=0, project_id='1211', plot_id='2910', x=-1531170, y=1682310)
called process_plot
Pandas(Index=0, project_id='1211', plot_id='2910', x=-1531170, y=1682310)
2910
Directory '/efs/timesync/1989/audit/' already exists.
Data has been pickled and saved to '/efs/timesync/1989/audit/1989_2910_1211.p'.
Failed qa: 1989-01-28T17:51:20.5960630Z
Failed qa: 1989-03-17T17:50:26.7320310Z
.......Failed qa: 1989-03-26T17:44:07.979087Z
Failed qa: 1989-04-02T17:50:24.9990500Z
.......Failed qa: 1989-04-11T17:44:18.850513Z
Failed qa: 1989-04-18T17:50:19.4360000Z
Failed qa: 1989-04-27T17:43:57.993037Z
Failed qa: 1989-05-04T17:50:06.1180250Z
.......Failed qa: 1989-05-13T17:43:43.737516Z
Failed qa: 1989-05-20T17:49:45.9650310Z
.......Failed qa: 1989-05-29T17:43:30.214550Z
Failed qa: 1989-06-05T17:49:33.4530060Z
Failed qa: 1989-06-06T17:48:59.3160130Z
.......Failed qa: 1989-06-13T17:54:42.7610250Z
Failed qa: 1989-06-14T17:43:04.569528Z
Failed qa: 1989-06-21T17:49:08.0590440Z
.......Failed qa: 1989-06-29T17:54:48.7270250Z
Failed qa: 1989-06-30T17:42:52.074016Z
Failed qa: 1989-07-07T17:48:53.0900750Z
Failed qa: 1989-07-09T17:36:53.1700060Z
Failed qa: 1989-07-15T17:54:52.4640880Z
Failed qa: 1989-07-16T17:42:31.514053Z
Failed qa: 1989-07-23T17:48:34.0000190Z
.......Failed qa: 1989-07-31T17:54:51.4530440Z
Failed qa: 1989-08-01T17:42:12.206541Z
Failed qa: 1989-08-08T17:48:13.1920440Z
.......Failed qa: 1989-08-16T17:54:47.8870310Z
Failed qa: 1989-08-17T17:41:46.762075Z
Failed qa: 1989-08-24T17:47:51.6470250Z
.......Failed qa: 1989-09-02T17:41:29.862556Z
Failed qa: 1989-09-09T17:47:27.1310940Z
.......Failed qa: 1989-09-18T17:40:57.342066Z
Failed qa: 1989-09-25T17:47:05.0850440Z
.......Failed qa: 1989-10-04T17:41:00.452525Z
Failed qa: 1989-10-11T17:46:41.3640380Z
.......Failed qa: 1989-10-20T17:40:04.357053Z
Failed qa: 1989-10-27T17:46:04.6690690Z
.......Failed qa: 1989-11-28T17:45:16.7540560Z
Data has been pickled and saved to '/efs/timesync/1989/audit/1989_2910_1211_qa_rejects.p'.
Success tracking goes here
