{'project_id': '1211', 'year': '1989', 'x': -1448100, 'y': 3028710, 'plot_id': '1498', 'strata': '41'}
Pandas(Index=0, project_id='1211', plot_id='1498', x=-1448100, y=3028710)
called process_plot
Pandas(Index=0, project_id='1211', plot_id='1498', x=-1448100, y=3028710)
1498
Directory '/efs/timesync/1989/audit/' already exists.
Data has been pickled and saved to '/efs/timesync/1989/audit/1989_1498_1211.p'.
.......Failed qa: 1989-02-09T18:12:52.1420690Z
.....................Failed qa: 1989-03-24T17:53:16.7110130Z
..............Failed qa: 1989-04-09T17:53:30.2040690Z
Failed qa: 1989-04-14T18:11:59.1300190Z
..............Failed qa: 1989-05-08T18:16:12.5720750Z
.......Failed qa: 1989-05-11T17:52:57.2000380Z
Failed qa: 1989-05-16T18:11:22.0450940Z
..............Failed qa: 1989-05-27T17:52:42.1450130Z
Failed qa: 1989-06-01T18:11:10.1250690Z
..............Failed qa: 1989-06-12T17:52:20.3810750Z
Failed qa: 1989-06-17T18:10:44.1410940Z
.......Failed qa: 1989-06-25T18:16:20.8980500Z
Failed qa: 1989-06-28T17:52:04.5100060Z
Failed qa: 1989-07-03T18:10:31.2460440Z
.......Failed qa: 1989-07-11T18:16:24.8230750Z
Failed qa: 1989-07-14T17:51:44.6290940Z
Failed qa: 1989-07-19T18:10:10.5580000Z
.......Failed qa: 1989-07-27T18:16:23.3800250Z
..............Failed qa: 1989-07-30T17:51:25.8160440Z
Failed qa: 1989-08-04T18:09:51.1220940Z
.....................Failed qa: 1989-08-15T17:51:02.1180000Z
Failed qa: 1989-08-20T18:09:28.3600940Z
..............Failed qa: 1989-09-05T18:09:08.3030940Z
.......Failed qa: 1989-09-16T17:50:09.5450190Z
Failed qa: 1989-09-21T18:08:36.7500250Z
..............Failed qa: 1989-10-02T17:50:01.6340690Z
Failed qa: 1989-10-07T18:08:26.0520380Z
.......Failed qa: 1989-10-18T17:49:19.3470060Z
.......Data has been pickled and saved to '/efs/timesync/1989/audit/1989_1498_1211_qa_rejects.p'.
Success tracking goes here
