{'project_id': '1211', 'year': '1989', 'x': -1963800, 'y': 1948020, 'plot_id': '776', 'strata': '41'}
Pandas(Index=0, project_id='1211', plot_id='776', x=-1963800, y=1948020)
called process_plot
Pandas(Index=0, project_id='1211', plot_id='776', x=-1963800, y=1948020)
776
Directory '/efs/timesync/1989/audit/' already exists.
Data has been pickled and saved to '/efs/timesync/1989/audit/1989_0776_1211.p'.
Failed qa: 1989-01-17T18:09:45.481563Z
Failed qa: 1989-01-19T17:57:31.2870190Z
Failed qa: 1989-01-19T17:57:19.448512Z
..............Failed qa: 1989-01-28T17:51:20.5960630Z
Failed qa: 1989-02-02T18:09:44.377025Z
Failed qa: 1989-02-18T18:09:39.744556Z
..............Failed qa: 1989-03-06T18:09:19.671066Z
..............Failed qa: 1989-03-17T17:50:26.7320310Z
Failed qa: 1989-03-22T18:08:38.988551Z
Failed qa: 1989-03-24T17:56:15.762037Z
..............Failed qa: 1989-04-02T17:50:24.9990500Z
Failed qa: 1989-04-07T18:08:50.571572Z
Failed qa: 1989-04-09T17:56:40.9640380Z
Failed qa: 1989-04-09T17:56:29.122059Z
..............Failed qa: 1989-04-18T17:50:19.4360000Z
Failed qa: 1989-04-23T18:08:33.832553Z
Failed qa: 1989-04-25T17:56:22.0950000Z
Failed qa: 1989-04-25T17:56:10.252515Z
..............Failed qa: 1989-05-04T17:50:06.1180250Z
Failed qa: 1989-05-09T18:08:33.2520940Z
Failed qa: 1989-05-11T17:56:08.1230500Z
Failed qa: 1989-05-11T17:56:08.1230500Z
Failed qa: 1989-05-18T18:02:07.3630560Z
Failed qa: 1989-05-18T18:02:07.3630560Z
Failed qa: 1989-05-20T17:49:45.9650310Z
Failed qa: 1989-05-25T18:08:04.016551Z
..............Failed qa: 1989-05-27T17:55:53.0750880Z
Failed qa: 1989-05-27T17:55:41.231591Z
..............Failed qa: 1989-06-05T17:49:33.4530060Z
Failed qa: 1989-06-10T18:07:45.909012Z
Failed qa: 1989-06-12T17:55:31.3250940Z
Failed qa: 1989-06-12T17:55:19.481069Z
Failed qa: 1989-06-13T17:54:42.7610250Z
..............Failed qa: 1989-06-21T17:49:08.0590440Z
Failed qa: 1989-06-28T17:55:15.4670690Z
Failed qa: 1989-06-28T17:55:03.622056Z
Failed qa: 1989-06-29T17:54:48.7270250Z
..............Failed qa: 1989-07-07T17:48:53.0900750Z
Failed qa: 1989-07-14T17:54:55.4490750Z
Failed qa: 1989-07-14T17:54:43.603582Z
Failed qa: 1989-07-15T17:54:52.4640880Z
..............Failed qa: 1989-07-23T17:48:34.0000190Z
Failed qa: 1989-07-28T18:06:48.992053Z
..............Failed qa: 1989-07-30T17:54:36.6510690Z
Failed qa: 1989-07-30T17:54:24.804578Z
Failed qa: 1989-07-31T17:54:51.4530440Z
..............Failed qa: 1989-08-08T17:48:13.1920440Z
Failed qa: 1989-08-13T18:06:26.262559Z
..............Failed qa: 1989-08-15T17:54:13.1120880Z
Failed qa: 1989-08-15T17:54:01.265044Z
Failed qa: 1989-08-16T17:54:47.8870310Z
..............Failed qa: 1989-08-24T17:47:51.6470250Z
Failed qa: 1989-08-29T18:06:06.597025Z
Failed qa: 1989-08-31T17:53:53.6980060Z
Failed qa: 1989-08-31T17:53:41.849541Z
..............Failed qa: 1989-09-09T17:47:27.1310940Z
Failed qa: 1989-09-16T17:53:20.5630630Z
Failed qa: 1989-09-16T17:53:08.786056Z
..............Failed qa: 1989-09-25T17:47:05.0850440Z
Failed qa: 1989-09-30T18:05:23.974057Z
Failed qa: 1989-10-02T17:53:12.5250190Z
Failed qa: 1989-10-02T17:53:00.675034Z
Failed qa: 1989-10-11T17:46:41.3640380Z
Failed qa: 1989-10-16T18:04:47.189056Z
Failed qa: 1989-10-18T17:52:30.2510310Z
Failed qa: 1989-10-18T17:52:18.400060Z
..............Failed qa: 1989-10-27T17:46:04.6690690Z
Failed qa: 1989-11-01T18:04:24.922028Z
Failed qa: 1989-11-03T17:52:13.5110190Z
Failed qa: 1989-11-03T17:52:13.5110190Z
..............Failed qa: 1989-11-17T18:03:47.881035Z
Failed qa: 1989-11-18T18:07:06.1240060Z
Failed qa: 1989-11-19T17:51:32.6620380Z
Failed qa: 1989-11-19T17:51:20.810066Z
..............Failed qa: 1989-11-28T17:45:16.7540560Z
Data has been pickled and saved to '/efs/timesync/1989/audit/1989_0776_1211_qa_rejects.p'.
Success tracking goes here
