{'project_id': '1211', 'year': '1989', 'x': -918540, 'y': 1750920, 'plot_id': '3284', 'strata': '41'}
Pandas(Index=0, project_id='1211', plot_id='3284', x=-918540, y=1750920)
called process_plot
Pandas(Index=0, project_id='1211', plot_id='3284', x=-918540, y=1750920)
3284
Directory '/efs/timesync/1989/audit/' already exists.
Data has been pickled and saved to '/efs/timesync/1989/audit/1989_3284_1211.p'.
Failed qa: 1989-03-07T17:13:52.1450690Z
Failed qa: 1989-03-07T17:13:52.1450690Z
Failed qa: 1989-03-21T17:25:13.6570440Z
Failed qa: 1989-04-01T17:06:56.025034Z
..............Failed qa: 1989-04-15T17:19:19.400050Z
Failed qa: 1989-04-17T17:06:54.246012Z
Failed qa: 1989-04-22T17:25:07.0150690Z
..............Failed qa: 1989-05-01T17:19:02.353050Z
Failed qa: 1989-05-03T17:06:39.489522Z
Failed qa: 1989-05-08T17:24:55.4580130Z
..............Failed qa: 1989-05-17T17:18:41.975560Z
Failed qa: 1989-05-19T17:06:30.3130000Z
Failed qa: 1989-05-24T17:24:37.3260560Z
..............Failed qa: 1989-06-02T17:18:31.150038Z
Failed qa: 1989-06-04T17:06:07.300544Z
Failed qa: 1989-06-09T17:24:20.2200250Z
..............Failed qa: 1989-06-17T17:29:38.1200500Z
Failed qa: 1989-06-18T17:18:05.225553Z
Failed qa: 1989-06-20T17:05:41.881560Z
Failed qa: 1989-06-25T17:23:59.4270880Z
Failed qa: 1989-06-26T17:23:42.627572Z
Failed qa: 1989-07-04T17:17:51.382031Z
..............Failed qa: 1989-07-12T17:23:46.584528Z
..............Failed qa: 1989-07-14T17:11:25.143066Z
Failed qa: 1989-07-20T17:17:30.437544Z
Failed qa: 1989-07-22T17:05:07.479022Z
..............Failed qa: 1989-08-05T17:17:11.704032Z
Failed qa: 1989-08-07T17:04:47.295019Z
Failed qa: 1989-08-12T17:23:00.3260630Z
..............Failed qa: 1989-08-15T17:11:21.801066Z
Failed qa: 1989-08-21T17:16:49.399556Z
Failed qa: 1989-08-23T17:04:25.472078Z
Failed qa: 1989-08-28T17:22:40.5920690Z
..............Failed qa: 1989-08-31T17:11:22.274053Z
Failed qa: 1989-09-06T17:16:28.211519Z
..............Failed qa: 1989-09-08T17:04:02.248585Z
Failed qa: 1989-09-13T17:22:07.2720630Z
..............Failed qa: 1989-09-22T17:15:58.951566Z
Failed qa: 1989-09-24T17:03:37.490525Z
Failed qa: 1989-09-29T17:21:57.0160810Z
..............Failed qa: 1989-10-08T17:15:45.270053Z
Failed qa: 1989-10-10T17:03:17.586534Z
Failed qa: 1989-10-15T17:21:22.8070500Z
..............Failed qa: 1989-10-24T17:15:02.683084Z
Data has been pickled and saved to '/efs/timesync/1989/audit/1989_3284_1211_qa_rejects.p'.
Success tracking goes here
