{'project_id': '1211', 'year': '1989', 'x': 298080, 'y': 2561070, 'plot_id': '3669', 'strata': '41'}
Pandas(Index=0, project_id='1211', plot_id='3669', x=298080, y=2561070)
called process_plot
Pandas(Index=0, project_id='1211', plot_id='3669', x=298080, y=2561070)
3669
Directory '/efs/timesync/1989/audit/' already exists.
Data has been pickled and saved to '/efs/timesync/1989/audit/1989_3669_1211.p'.
Failed qa: 1989-01-03T16:16:22.711584Z
Failed qa: 1989-01-03T16:16:34.6210750Z
..............Failed qa: 1989-01-19T16:16:15.0840190Z
Failed qa: 1989-01-19T16:16:26.994050Z
............................Failed qa: 1989-02-04T16:16:06.083566Z
Failed qa: 1989-02-04T16:16:29.905547Z
............................Failed qa: 1989-02-20T16:16:00.439512Z
Failed qa: 1989-02-20T16:16:24.262522Z
........................................................Failed qa: 1989-03-24T16:15:35.0540560Z
Failed qa: 1989-03-31T16:21:03.0210310Z
..............Failed qa: 1989-04-09T16:15:12.816038Z
Failed qa: 1989-04-09T16:15:36.643041Z
............................Failed qa: 1989-04-25T16:15:05.7810130Z
Failed qa: 1989-04-25T16:15:17.695022Z
............................Failed qa: 1989-05-11T16:14:40.018572Z
Failed qa: 1989-05-11T16:15:03.848069Z
Failed qa: 1989-05-27T16:14:24.832031Z
Failed qa: 1989-05-27T16:14:48.662531Z
..............Failed qa: 1989-06-04T16:20:05.3290630Z
..........................................Failed qa: 1989-06-28T16:13:47.202088Z
Failed qa: 1989-06-28T16:14:11.036072Z
..............Failed qa: 1989-07-14T16:13:27.361016Z
Failed qa: 1989-07-14T16:13:39.3500250Z
........................................................Failed qa: 1989-08-15T16:12:33.0650190Z
..............Failed qa: 1989-08-29T16:24:38.3760880Z
..............Failed qa: 1989-09-16T16:11:52.301550Z
Failed qa: 1989-09-16T16:12:16.143059Z
............................Failed qa: 1989-10-02T16:11:44.341047Z
Failed qa: 1989-10-02T16:12:08.184531Z
..............Failed qa: 1989-10-16T16:24:06.6720880Z
Failed qa: 1989-10-18T16:11:02.299047Z
Failed qa: 1989-10-18T16:11:26.144056Z
..............Failed qa: 1989-11-01T16:22:56.7110310Z
Failed qa: 1989-11-03T16:10:45.393550Z
Failed qa: 1989-11-03T16:11:09.240047Z
Failed qa: 1989-11-17T16:22:19.8050690Z
Failed qa: 1989-11-17T16:23:07.3560440Z
Failed qa: 1989-11-19T16:10:04.652556Z
Failed qa: 1989-11-19T16:10:28.500037Z
Data has been pickled and saved to '/efs/timesync/1989/audit/1989_3669_1211_qa_rejects.p'.
Success tracking goes here
