{'project_id': '1211', 'year': '1989', 'x': 1487400, 'y': 1435890, 'plot_id': '3414', 'strata': '41'}
Pandas(Index=0, project_id='1211', plot_id='3414', x=1487400, y=1435890)
called process_plot
Pandas(Index=0, project_id='1211', plot_id='3414', x=1487400, y=1435890)
3414
Directory '/efs/timesync/1989/audit/' already exists.
Data has been pickled and saved to '/efs/timesync/1989/audit/1989_3414_1211.p'.
..............Failed qa: 1989-01-11T15:29:48.4880940Z
Failed qa: 1989-01-20T15:23:24.3640310Z
Failed qa: 1989-01-20T15:23:24.3640310Z
Failed qa: 1989-01-27T15:29:46.623575Z
Failed qa: 1989-01-29T15:17:26.932569Z
Failed qa: 1989-02-12T15:29:48.676062Z
Failed qa: 1989-02-14T15:17:26.791569Z
Failed qa: 1989-03-02T15:17:11.214535Z
Failed qa: 1989-03-09T15:22:56.6100250Z
Failed qa: 1989-03-09T15:22:56.6100250Z
Failed qa: 1989-03-16T15:28:59.029538Z
Failed qa: 1989-03-18T15:16:31.045563Z
..............Failed qa: 1989-04-03T15:16:43.7500810Z
Failed qa: 1989-04-17T15:28:48.852522Z
Failed qa: 1989-04-19T15:16:22.875009Z
..............Failed qa: 1989-05-03T15:28:34.090553Z
Failed qa: 1989-05-05T15:16:23.1000940Z
..............Failed qa: 1989-05-19T15:28:13.117025Z
Failed qa: 1989-05-21T15:15:51.166031Z
..............Failed qa: 1989-06-04T15:28:02.025559Z
Failed qa: 1989-06-06T15:15:37.634038Z
..............Failed qa: 1989-06-20T15:27:36.529044Z
Failed qa: 1989-06-22T15:15:12.010057Z
..............Failed qa: 1989-07-06T15:27:20.898072Z
Failed qa: 1989-07-08T15:14:57.504041Z
Failed qa: 1989-07-22T15:27:02.033560Z
Failed qa: 1989-07-24T15:14:38.546078Z
..............Failed qa: 1989-08-07T15:26:41.910035Z
Failed qa: 1989-08-09T15:14:16.894544Z
..............Failed qa: 1989-08-23T15:26:20.143519Z
..............Failed qa: 1989-09-08T15:25:57.038031Z
Failed qa: 1989-09-10T15:13:30.004513Z
..............Failed qa: 1989-09-24T15:25:32.136537Z
..............Failed qa: 1989-10-10T15:25:12.361072Z
Failed qa: 1989-10-26T15:24:31.482084Z
Failed qa: 1989-11-11T15:24:10.759063Z
Failed qa: 1989-11-13T15:11:42.022503Z
..............Data has been pickled and saved to '/efs/timesync/1989/audit/1989_3414_1211_qa_rejects.p'.
Success tracking goes here
