{'project_id': '1211', 'year': '1989', 'x': -1853190, 'y': 2842470, 'plot_id': '3937', 'strata': '41'}
Pandas(Index=0, project_id='1211', plot_id='3937', x=-1853190, y=2842470)
called process_plot
Pandas(Index=0, project_id='1211', plot_id='3937', x=-1853190, y=2842470)
3937
Directory '/efs/timesync/1989/audit/' already exists.
Data has been pickled and saved to '/efs/timesync/1989/audit/1989_3937_1211.p'.
Failed qa: 1989-01-24T18:14:01.8200880Z
..............Failed qa: 1989-03-04T18:19:09.7880060Z
.....................Failed qa: 1989-04-12T18:24:58.746572Z
..............Failed qa: 1989-04-28T18:24:38.646559Z
..............Failed qa: 1989-05-14T18:24:22.792544Z
..........................................Failed qa: 1989-06-15T18:23:29.7680440Z
..........................................Failed qa: 1989-07-17T18:23:10.881547Z
.....................Failed qa: 1989-08-02T18:22:51.200584Z
..............Failed qa: 1989-08-18T18:22:27.057047Z
.......Failed qa: 1989-09-03T18:22:08.976060Z
..............Failed qa: 1989-09-19T18:21:36.975022Z
..............Failed qa: 1989-10-05T18:21:27.491053Z
..............Failed qa: 1989-10-21T18:20:55.7260750Z
..............Data has been pickled and saved to '/efs/timesync/1989/audit/1989_3937_1211_qa_rejects.p'.
Success tracking goes here
