{'project_id': '1211', 'year': '1989', 'x': -271230, 'y': 820440, 'plot_id': '1348', 'strata': '41'}
Pandas(Index=0, project_id='1211', plot_id='1348', x=-271230, y=820440)
called process_plot
Pandas(Index=0, project_id='1211', plot_id='1348', x=-271230, y=820440)
1348
Directory '/efs/timesync/1989/audit/' already exists.
Data has been pickled and saved to '/efs/timesync/1989/audit/1989_1348_1211.p'.
Failed qa: 1989-01-17T16:32:39.9340130Z
..............Failed qa: 1989-02-25T16:38:37.9520000Z
..............Failed qa: 1989-03-22T16:31:45.470031Z
............................Failed qa: 1989-05-16T16:37:15.8230630Z
.......Failed qa: 1989-06-17T16:36:37.6500380Z
Failed qa: 1989-06-26T16:30:20.8520060Z
Failed qa: 1989-07-03T16:36:24.6280500Z
Failed qa: 1989-07-19T16:36:03.8240500Z
Failed qa: 1989-07-27T16:42:16.7180500Z
.......Failed qa: 1989-08-04T16:35:44.5800810Z
..............Failed qa: 1989-08-20T16:35:21.7270310Z
.....................Failed qa: 1989-09-14T16:28:49.3270250Z
..........................................Failed qa: 1989-11-17T16:26:42.2680250Z
Data has been pickled and saved to '/efs/timesync/1989/audit/1989_1348_1211_qa_rejects.p'.
Success tracking goes here
