{'project_id': '1211', 'year': '1989', 'x': -456510, 'y': 2566830, 'plot_id': '4784', 'strata': '41'}
Pandas(Index=0, project_id='1211', plot_id='4784', x=-456510, y=2566830)
called process_plot
Pandas(Index=0, project_id='1211', plot_id='4784', x=-456510, y=2566830)
4784
Directory '/efs/timesync/1989/audit/' already exists.
Data has been pickled and saved to '/efs/timesync/1989/audit/1989_4784_1211.p'.
Failed qa: 1989-03-16T17:04:28.9700560Z
Failed qa: 1989-03-18T16:52:13.134525Z
Failed qa: 1989-03-18T16:52:37.031047Z
............................Failed qa: 1989-04-03T16:52:26.0450500Z
Failed qa: 1989-04-03T16:52:37.958072Z
..............Failed qa: 1989-04-17T17:04:19.0070310Z
Failed qa: 1989-04-17T17:05:06.6620810Z
Failed qa: 1989-04-19T16:52:04.875082Z
Failed qa: 1989-04-19T16:52:28.703063Z
Failed qa: 1989-05-03T17:04:04.2420750Z
Failed qa: 1989-05-03T17:04:51.9000630Z
Failed qa: 1989-05-05T16:51:53.168044Z
Failed qa: 1989-05-05T16:52:16.997503Z
..............Failed qa: 1989-05-21T16:51:33.239051Z
Failed qa: 1989-05-21T16:51:57.141047Z
............................Failed qa: 1989-06-06T16:51:19.634559Z
Failed qa: 1989-06-06T16:51:43.466066Z
..............Failed qa: 1989-06-30T16:56:36.576069Z
Failed qa: 1989-06-30T16:57:00.403553Z
..............Failed qa: 1989-07-08T16:50:39.718019Z
Failed qa: 1989-07-08T16:51:03.552050Z
Failed qa: 1989-07-14T17:08:49.9090750Z
............................Failed qa: 1989-07-24T16:50:20.707009Z
Failed qa: 1989-07-24T16:50:44.542550Z
............................Failed qa: 1989-08-09T16:49:59.037534Z
Failed qa: 1989-08-09T16:50:22.875050Z
..........................................Failed qa: 1989-08-31T17:09:34.5530250Z
..............Failed qa: 1989-09-02T16:56:37.329547Z
Failed qa: 1989-09-02T16:57:01.156553Z
..............Failed qa: 1989-09-10T16:48:59.9480000Z
............................Failed qa: 1989-09-26T16:48:52.560584Z
Failed qa: 1989-09-26T16:49:16.403569Z
............................Failed qa: 1989-10-28T16:47:40.7070500Z
Failed qa: 1989-10-28T16:48:28.3990630Z
Data has been pickled and saved to '/efs/timesync/1989/audit/1989_4784_1211_qa_rejects.p'.
Success tracking goes here
