{'project_id': '1211', 'year': '1989', 'x': -1664790, 'y': 1651260, 'plot_id': '71', 'strata': '41'}
Pandas(Index=0, project_id='1211', plot_id='71', x=-1664790, y=1651260)
called process_plot
Pandas(Index=0, project_id='1211', plot_id='71', x=-1664790, y=1651260)
71
Directory '/efs/timesync/1989/audit/' already exists.
Data has been pickled and saved to '/efs/timesync/1989/audit/1989_0071_1211.p'.
Failed qa: 1989-01-28T17:51:56.543534Z
Failed qa: 1989-02-16T17:36:25.6590810Z
Failed qa: 1989-03-17T17:51:02.612572Z
Failed qa: 1989-03-19T17:38:26.753069Z
..............Failed qa: 1989-04-02T17:51:00.882043Z
Failed qa: 1989-04-04T17:38:53.9540380Z
Failed qa: 1989-04-04T17:38:30.055563Z
..............Failed qa: 1989-04-13T17:32:31.303554Z
Failed qa: 1989-04-18T17:50:55.321022Z
..............Failed qa: 1989-04-29T17:32:12.114066Z
Failed qa: 1989-05-04T17:50:42.005047Z
Failed qa: 1989-05-06T17:38:30.9240500Z
Failed qa: 1989-05-06T17:38:07.023053Z
..............Failed qa: 1989-05-15T17:31:55.051076Z
Failed qa: 1989-05-20T17:50:09.9380880Z
Failed qa: 1989-05-22T17:38:11.5390500Z
Failed qa: 1989-05-22T17:37:47.637047Z
..............Failed qa: 1989-05-31T17:31:42.526506Z
Failed qa: 1989-06-05T17:50:09.343522Z
..............Failed qa: 1989-06-07T17:37:56.6650810Z
Failed qa: 1989-06-07T17:37:32.762044Z
Failed qa: 1989-06-13T17:55:06.7310000Z
..............Failed qa: 1989-06-16T17:31:15.389028Z
Failed qa: 1989-06-21T17:49:43.951572Z
Failed qa: 1989-06-23T17:37:32.8730310Z
Failed qa: 1989-06-23T17:37:09.040022Z
Failed qa: 1989-06-24T17:36:51.731044Z
Failed qa: 1989-06-29T17:55:12.6970190Z
..............Failed qa: 1989-07-02T17:31:03.739059Z
Failed qa: 1989-07-07T17:49:28.914009Z
Failed qa: 1989-07-09T17:37:17.1480000Z
Failed qa: 1989-07-09T17:37:05.159003Z
Failed qa: 1989-07-10T17:36:55.369510Z
..............Failed qa: 1989-07-18T17:30:43.057585Z
Failed qa: 1989-07-23T17:49:09.897038Z
Failed qa: 1989-07-25T17:36:58.1080000Z
Failed qa: 1989-07-25T17:36:34.200015Z
Failed qa: 1989-07-26T17:36:54.147050Z
..............Failed qa: 1989-08-03T17:30:23.124069Z
Failed qa: 1989-08-08T17:48:49.019581Z
Failed qa: 1989-08-10T17:36:35.5830250Z
Failed qa: 1989-08-10T17:36:11.745047Z
Failed qa: 1989-08-11T17:36:55.244003Z
..............Failed qa: 1989-08-19T17:30:00.167531Z
Failed qa: 1989-08-24T17:48:27.549563Z
Failed qa: 1989-08-26T17:36:15.8960810Z
Failed qa: 1989-08-26T17:35:51.985072Z
Failed qa: 1989-08-27T17:36:53.348044Z
..............Failed qa: 1989-09-04T17:29:41.228078Z
Failed qa: 1989-09-09T17:48:03.036057Z
Failed qa: 1989-09-11T17:35:47.4080630Z
Failed qa: 1989-09-11T17:35:23.495560Z
Failed qa: 1989-09-12T17:36:51.977544Z
..............Failed qa: 1989-09-20T17:29:09.526538Z
Failed qa: 1989-09-25T17:47:40.992550Z
Failed qa: 1989-09-27T17:35:31.0910630Z
Failed qa: 1989-09-27T17:35:07.176547Z
Failed qa: 1989-09-28T17:36:49.005063Z
..............Failed qa: 1989-10-06T17:28:59.312038Z
Failed qa: 1989-10-11T17:47:17.274066Z
Failed qa: 1989-10-13T17:35:01.4670810Z
Failed qa: 1989-10-13T17:34:37.622556Z
..............Failed qa: 1989-10-22T17:28:15.749553Z
Failed qa: 1989-10-27T17:46:40.582022Z
Failed qa: 1989-10-29T17:34:31.3570310Z
Failed qa: 1989-10-29T17:34:07.515056Z
Failed qa: 1989-11-04T17:55:22.3200750Z
Failed qa: 1989-11-07T17:27:58.508050Z
Failed qa: 1989-11-12T17:46:15.954531Z
Failed qa: 1989-11-20T17:55:09.6720250Z
Failed qa: 1989-11-28T17:45:52.669550Z
Data has been pickled and saved to '/efs/timesync/1989/audit/1989_0071_1211_qa_rejects.p'.
Success tracking goes here
