{'project_id': '1211', 'year': '1989', 'x': -1282560, 'y': 2299650, 'plot_id': '3434', 'strata': '41'}
Pandas(Index=0, project_id='1211', plot_id='3434', x=-1282560, y=2299650)
called process_plot
Pandas(Index=0, project_id='1211', plot_id='3434', x=-1282560, y=2299650)
3434
Directory '/efs/timesync/1989/audit/' already exists.
Data has been pickled and saved to '/efs/timesync/1989/audit/1989_3434_1211.p'.
.....................Failed qa: 1989-03-17T17:48:39.448041Z
.......Failed qa: 1989-04-02T17:48:49.6940500Z
..............Failed qa: 1989-04-13T17:30:43.7930880Z
Failed qa: 1989-04-18T17:48:44.1240940Z
Failed qa: 1989-05-04T17:48:30.8020130Z
.......Failed qa: 1989-05-13T17:42:31.9620000Z
Failed qa: 1989-05-20T17:48:10.5010380Z
..............Failed qa: 1989-05-31T17:29:43.084516Z
Failed qa: 1989-06-05T17:47:58.1270630Z
.......Failed qa: 1989-06-13T17:53:07.4530250Z
.......Failed qa: 1989-06-21T17:47:32.7270810Z
Failed qa: 1989-06-23T17:35:33.5640310Z
Failed qa: 1989-06-29T17:53:13.4180130Z
.......Failed qa: 1989-07-02T17:29:16.1990310Z
Failed qa: 1989-07-07T17:47:17.7530500Z
.......Failed qa: 1989-07-15T17:53:17.1550310Z
..............Failed qa: 1989-07-18T17:28:55.6560500Z
Failed qa: 1989-07-23T17:46:58.8000560Z
.......Failed qa: 1989-07-31T17:53:16.0010630Z
..............Failed qa: 1989-08-03T17:28:35.6420750Z
Failed qa: 1989-08-08T17:46:37.8420940Z
.......Failed qa: 1989-08-16T17:53:12.4350250Z
..............Failed qa: 1989-08-24T17:46:16.2890250Z
..............Failed qa: 1989-09-04T17:27:53.7310940Z
Failed qa: 1989-09-09T17:45:51.7690250Z
..............Failed qa: 1989-09-25T17:45:29.7140810Z
..............Failed qa: 1989-10-06T17:26:59.877062Z
Failed qa: 1989-10-11T17:45:05.9860440Z
.....................Data has been pickled and saved to '/efs/timesync/1989/audit/1989_3434_1211_qa_rejects.p'.
Success tracking goes here
