{'project_id': '1211', 'year': '1989', 'x': -2311530, 'y': 2102220, 'plot_id': '2565', 'strata': '41'}
Pandas(Index=0, project_id='1211', plot_id='2565', x=-2311530, y=2102220)
called process_plot
Pandas(Index=0, project_id='1211', plot_id='2565', x=-2311530, y=2102220)
2565
Directory '/efs/timesync/1989/audit/' already exists.
Data has been pickled and saved to '/efs/timesync/1989/audit/1989_2565_1211.p'.
Failed qa: 1989-01-24T18:15:49.374022Z
Failed qa: 1989-02-25T18:15:43.564065Z
Failed qa: 1989-03-13T18:15:15.448569Z
..............Failed qa: 1989-04-14T18:14:58.194550Z
..............Failed qa: 1989-05-14T18:26:34.4300190Z
Failed qa: 1989-05-16T18:14:21.271069Z
.......Failed qa: 1989-06-01T18:14:09.360563Z
.......Failed qa: 1989-06-17T18:13:43.244575Z
.......Failed qa: 1989-07-01T18:25:42.8160560Z
Failed qa: 1989-07-03T18:13:30.216544Z
.......Failed qa: 1989-07-11T18:19:23.742559Z
Failed qa: 1989-07-17T18:25:22.2610190Z
Failed qa: 1989-07-19T18:13:09.537032Z
.......Failed qa: 1989-07-27T18:19:22.440547Z
Failed qa: 1989-08-02T18:25:02.5900940Z
Failed qa: 1989-08-04T18:12:50.258535Z
.......Failed qa: 1989-08-18T18:24:38.6010630Z
Failed qa: 1989-08-20T18:12:27.368047Z
Failed qa: 1989-09-03T18:24:20.5280060Z
Failed qa: 1989-09-05T18:12:07.464547Z
.......Failed qa: 1989-09-19T18:23:48.3930190Z
Failed qa: 1989-09-21T18:11:35.925575Z
.......Failed qa: 1989-10-05T18:23:38.9190560Z
Failed qa: 1989-10-07T18:11:25.096054Z
.......Failed qa: 1989-10-23T18:10:29.9290060Z
.......Failed qa: 1989-11-06T18:22:38.6290880Z
.......Failed qa: 1989-11-08T18:10:35.6450440Z
Failed qa: 1989-11-14T18:31:04.0420690Z
.......Failed qa: 1989-11-23T18:25:17.6240880Z
.......Data has been pickled and saved to '/efs/timesync/1989/audit/1989_2565_1211_qa_rejects.p'.
Success tracking goes here
