{'project_id': '1211', 'year': '1989', 'x': -617550, 'y': 1503090, 'plot_id': '4309', 'strata': '41'}
Pandas(Index=0, project_id='1211', plot_id='4309', x=-617550, y=1503090)
called process_plot
Pandas(Index=0, project_id='1211', plot_id='4309', x=-617550, y=1503090)
4309
Directory '/efs/timesync/1989/audit/' already exists.
Data has been pickled and saved to '/efs/timesync/1989/audit/1989_4309_1211.p'.
Failed qa: 1989-01-22T16:50:06.480547Z
Failed qa: 1989-02-07T16:50:09.850544Z
Failed qa: 1989-02-23T16:50:01.315034Z
Failed qa: 1989-03-11T16:49:36.488053Z
Failed qa: 1989-03-18T16:54:48.2120250Z
............................Failed qa: 1989-04-01T17:07:31.6920690Z
............................Failed qa: 1989-04-17T17:07:29.9150810Z
..............Failed qa: 1989-04-20T16:53:21.715056Z
..............Failed qa: 1989-04-28T16:48:56.582044Z
Failed qa: 1989-05-03T17:07:15.3050000Z
..............Failed qa: 1989-05-19T17:06:54.2860630Z
............................Failed qa: 1989-05-30T16:48:15.8550380Z
Failed qa: 1989-06-04T17:06:43.1190690Z
............................Failed qa: 1989-06-20T17:06:17.7030250Z
............................Failed qa: 1989-07-01T16:47:37.4080190Z
............................Failed qa: 1989-07-14T17:12:00.8130250Z
..............Failed qa: 1989-07-17T16:47:16.8850690Z
Failed qa: 1989-07-22T17:05:43.1610060Z
............................Failed qa: 1989-08-02T16:46:57.2510630Z
Failed qa: 1989-08-07T17:05:22.9790310Z
..............Failed qa: 1989-08-15T17:11:57.6130880Z
..............Failed qa: 1989-08-18T16:46:33.1270810Z
Failed qa: 1989-08-23T17:05:01.3030630Z
Failed qa: 1989-08-31T17:11:57.9430880Z
............................Failed qa: 1989-09-03T16:46:15.0250750Z
Failed qa: 1989-09-08T17:04:38.0820250Z
............................Failed qa: 1989-09-19T16:45:43.0820500Z
Failed qa: 1989-09-24T17:04:13.3260500Z
..............Failed qa: 1989-10-03T16:58:10.068035Z
Failed qa: 1989-10-03T16:57:58.1460690Z
Failed qa: 1989-10-10T17:03:53.2810500Z
Failed qa: 1989-10-21T16:45:01.831568Z
..............Failed qa: 1989-11-06T16:44:45.203091Z
Data has been pickled and saved to '/efs/timesync/1989/audit/1989_4309_1211_qa_rejects.p'.
Success tracking goes here
