{'project_id': '1211', 'year': '1989', 'x': -2097180, 'y': 2973660, 'plot_id': '4859', 'strata': '41'}
Pandas(Index=0, project_id='1211', plot_id='4859', x=-2097180, y=2973660)
called process_plot
Pandas(Index=0, project_id='1211', plot_id='4859', x=-2097180, y=2973660)
4859
Directory '/efs/timesync/1989/audit/' already exists.
Data has been pickled and saved to '/efs/timesync/1989/audit/1989_4859_1211.p'.
.......Failed qa: 1989-03-20T18:18:53.8030560Z
.......Failed qa: 1989-04-05T18:18:59.7840440Z
Failed qa: 1989-04-10T18:37:09.6090440Z
Failed qa: 1989-04-12T18:24:58.746572Z
Failed qa: 1989-04-21T18:18:45.3820500Z
Failed qa: 1989-04-28T18:24:38.646559Z
.......Failed qa: 1989-05-07T18:18:34.5590500Z
Failed qa: 1989-05-12T18:36:34.7530190Z
Failed qa: 1989-05-14T18:24:22.792544Z
.......Failed qa: 1989-05-23T18:18:15.7120880Z
Failed qa: 1989-05-28T18:36:21.0870000Z
.......Failed qa: 1989-06-08T18:17:59.4150440Z
Failed qa: 1989-06-15T18:23:29.7680440Z
Failed qa: 1989-06-24T18:17:37.5300060Z
Failed qa: 1989-07-10T18:17:20.8380690Z
Failed qa: 1989-07-17T18:23:10.881547Z
.......Failed qa: 1989-07-26T18:17:01.7850000Z
Failed qa: 1989-08-02T18:22:51.200584Z
.......Failed qa: 1989-08-11T18:16:39.5530690Z
Failed qa: 1989-08-18T18:22:27.057047Z
Failed qa: 1989-09-03T18:22:08.976060Z
.......Failed qa: 1989-09-12T18:15:48.4660440Z
Failed qa: 1989-09-19T18:21:36.975022Z
.......Failed qa: 1989-09-28T18:15:35.1680690Z
Failed qa: 1989-10-03T18:33:40.0260000Z
Failed qa: 1989-10-05T18:21:27.491053Z
Failed qa: 1989-10-14T18:15:03.2280060Z
Failed qa: 1989-10-19T18:32:54.9700190Z
Failed qa: 1989-10-21T18:20:55.7260750Z
.......Failed qa: 1989-10-30T18:14:36.1820250Z
Data has been pickled and saved to '/efs/timesync/1989/audit/1989_4859_1211_qa_rejects.p'.
Success tracking goes here
