{'project_id': '1211', 'year': '1989', 'x': -312270, 'y': 787260, 'plot_id': '2341', 'strata': '41'}
Pandas(Index=0, project_id='1211', plot_id='2341', x=-312270, y=787260)
called process_plot
Pandas(Index=0, project_id='1211', plot_id='2341', x=-312270, y=787260)
2341
Directory '/efs/timesync/1989/audit/' already exists.
Data has been pickled and saved to '/efs/timesync/1989/audit/1989_2341_1211.p'.
Failed qa: 1989-01-15T16:45:17.033544Z
Failed qa: 1989-01-17T16:32:39.9340130Z
..............Failed qa: 1989-01-31T16:45:11.658575Z
Failed qa: 1989-02-08T16:47:56.839562Z
..............Failed qa: 1989-02-24T16:47:50.9520380Z
Failed qa: 1989-02-25T16:38:37.9520000Z
Failed qa: 1989-02-25T16:38:37.9520000Z
Failed qa: 1989-03-04T16:45:03.5160250Z
Failed qa: 1989-03-06T16:32:26.185541Z
..............Failed qa: 1989-03-20T16:44:11.523037Z
Failed qa: 1989-03-22T16:31:45.470031Z
Failed qa: 1989-04-05T16:44:05.2300380Z
Failed qa: 1989-04-07T16:31:56.921072Z
Failed qa: 1989-04-21T16:44:03.111050Z
Failed qa: 1989-04-23T16:31:40.256550Z
..............Failed qa: 1989-05-09T16:31:28.003547Z
Failed qa: 1989-05-16T16:37:15.8230630Z
Failed qa: 1989-05-16T16:37:15.8230630Z
Failed qa: 1989-06-10T16:30:52.514040Z
Failed qa: 1989-06-17T16:36:37.6500380Z
Failed qa: 1989-06-17T16:36:37.6500380Z
Failed qa: 1989-06-26T16:30:20.8520060Z
Failed qa: 1989-07-03T16:36:24.6280500Z
Failed qa: 1989-07-03T16:36:24.6280500Z
Failed qa: 1989-07-19T16:36:03.8240500Z
Failed qa: 1989-07-19T16:36:03.8240500Z
Failed qa: 1989-07-27T16:42:16.7180500Z
Failed qa: 1989-07-27T16:42:16.7180500Z
Failed qa: 1989-07-28T16:29:55.468538Z
Failed qa: 1989-08-04T16:35:44.5800810Z
Failed qa: 1989-08-04T16:35:44.5800810Z
..............Failed qa: 1989-08-13T16:29:32.815528Z
Failed qa: 1989-08-20T16:35:21.7270310Z
Failed qa: 1989-08-20T16:35:21.7270310Z
..............Failed qa: 1989-08-29T16:29:13.107532Z
..............Failed qa: 1989-09-14T16:28:49.3270250Z
Failed qa: 1989-09-30T16:28:42.5290690Z
..............Failed qa: 1989-10-16T16:27:53.773554Z
..............Failed qa: 1989-10-30T16:39:41.7370500Z
Failed qa: 1989-11-01T16:27:31.373053Z
..............Failed qa: 1989-11-15T16:39:31.2410750Z
Failed qa: 1989-11-17T16:26:42.2680250Z
Data has been pickled and saved to '/efs/timesync/1989/audit/1989_2341_1211_qa_rejects.p'.
Success tracking goes here
