{'project_id': '1211', 'year': '1989', 'x': 666930, 'y': 2564700, 'plot_id': '2817', 'strata': '41'}
Pandas(Index=0, project_id='1211', plot_id='2817', x=666930, y=2564700)
called process_plot
Pandas(Index=0, project_id='1211', plot_id='2817', x=666930, y=2564700)
2817
Directory '/efs/timesync/1989/audit/' already exists.
Data has been pickled and saved to '/efs/timesync/1989/audit/1989_2817_1211.p'.
Failed qa: 1989-01-03T16:16:10.8020940Z
............................Failed qa: 1989-01-21T16:04:16.2390750Z
..............Failed qa: 1989-01-30T15:57:44.1880810Z
Failed qa: 1989-01-30T15:57:56.099053Z
Failed qa: 1989-02-04T16:15:54.1010500Z
..............Failed qa: 1989-02-15T15:57:42.7060690Z
Failed qa: 1989-02-15T15:57:54.617553Z
..........................................Failed qa: 1989-03-19T15:56:46.5700750Z
Failed qa: 1989-03-19T15:56:58.482581Z
Failed qa: 1989-03-26T16:03:15.3130560Z
..............Failed qa: 1989-04-04T15:56:49.7340810Z
Failed qa: 1989-04-04T15:57:01.647553Z
Failed qa: 1989-04-09T16:15:00.8310060Z
............................Failed qa: 1989-04-20T15:56:36.9480940Z
Failed qa: 1989-04-20T15:56:48.862088Z
Failed qa: 1989-05-06T15:56:26.7810690Z
Failed qa: 1989-05-06T15:56:38.695575Z
Failed qa: 1989-05-11T16:14:28.1040500Z
............................Failed qa: 1989-05-22T15:56:07.2640690Z
Failed qa: 1989-05-22T15:56:19.179072Z
............................Failed qa: 1989-06-07T15:55:52.5230130Z
Failed qa: 1989-06-07T15:56:04.438541Z
Failed qa: 1989-06-14T16:01:24.4890380Z
..............Failed qa: 1989-06-23T15:55:28.7190690Z
Failed qa: 1989-06-23T15:55:40.635575Z
............................Failed qa: 1989-07-09T15:55:13.0390060Z
Failed qa: 1989-07-09T15:55:24.956031Z
Failed qa: 1989-07-14T16:13:15.3720060Z
............................Failed qa: 1989-07-25T15:54:54.0170060Z
Failed qa: 1989-07-25T15:55:05.935016Z
............................Failed qa: 1989-08-15T16:12:33.0650190Z
Failed qa: 1989-08-26T15:54:11.8050310Z
Failed qa: 1989-08-26T15:54:23.724556Z
..............Failed qa: 1989-09-16T16:11:40.3810190Z
............................Failed qa: 1989-09-27T15:53:26.8260560Z
Failed qa: 1989-09-27T15:53:38.747556Z
............................Failed qa: 1989-10-13T15:52:57.5030560Z
Failed qa: 1989-10-13T15:53:09.353566Z
Failed qa: 1989-10-18T16:10:50.3050060Z
............................Failed qa: 1989-11-19T16:09:52.7290440Z
..............Data has been pickled and saved to '/efs/timesync/1989/audit/1989_2817_1211_qa_rejects.p'.
Success tracking goes here
