{'project_id': '1211', 'year': '1989', 'x': 1596210, 'y': 2024220, 'plot_id': '847', 'strata': '41'}
Pandas(Index=0, project_id='1211', plot_id='847', x=1596210, y=2024220)
called process_plot
Pandas(Index=0, project_id='1211', plot_id='847', x=1596210, y=2024220)
847
Directory '/efs/timesync/1989/audit/' already exists.
Data has been pickled and saved to '/efs/timesync/1989/audit/1989_0847_1211.p'.
Failed qa: 1989-01-04T15:22:44.559538Z
.......Failed qa: 1989-01-20T15:22:36.7220560Z
.......Failed qa: 1989-02-14T15:16:27.2350440Z
.......Failed qa: 1989-03-09T15:21:57.122044Z
.......Failed qa: 1989-03-25T15:21:34.3200690Z
Failed qa: 1989-04-03T15:15:32.2710750Z
.......Failed qa: 1989-04-26T15:21:14.994088Z
.......Failed qa: 1989-05-28T15:20:46.442544Z
Failed qa: 1989-06-06T15:14:38.0550690Z
Failed qa: 1989-06-13T15:20:34.9910630Z
.......Failed qa: 1989-06-29T15:20:08.565579Z
.....................Failed qa: 1989-08-16T15:19:04.764068Z
Failed qa: 1989-09-01T15:18:46.563034Z
.......Failed qa: 1989-09-17T15:18:13.669050Z
.......Failed qa: 1989-10-03T15:18:05.391594Z
..............Data has been pickled and saved to '/efs/timesync/1989/audit/1989_0847_1211_qa_rejects.p'.
Success tracking goes here
