{'project_id': '1211', 'year': '1989', 'x': -279270, 'y': 2862360, 'plot_id': '949', 'strata': '41'}
Pandas(Index=0, project_id='1211', plot_id='949', x=-279270, y=2862360)
called process_plot
Pandas(Index=0, project_id='1211', plot_id='949', x=-279270, y=2862360)
949
Directory '/efs/timesync/1989/audit/' already exists.
Data has been pickled and saved to '/efs/timesync/1989/audit/1989_0949_1211.p'.
Failed qa: 1989-02-23T16:46:38.3150940Z
Failed qa: 1989-03-16T17:04:05.1450810Z
Failed qa: 1989-03-16T17:04:05.1450810Z
Failed qa: 1989-03-18T16:51:37.3250500Z
Failed qa: 1989-03-18T16:51:49.237550Z
Failed qa: 1989-04-01T17:03:56.9710190Z
Failed qa: 1989-04-01T17:03:56.9710190Z
..............Failed qa: 1989-04-12T16:45:53.7870440Z
Failed qa: 1989-04-17T17:03:55.1790560Z
Failed qa: 1989-04-17T17:03:55.1790560Z
Failed qa: 1989-04-19T16:51:29.1340000Z
Failed qa: 1989-04-19T16:51:41.047544Z
Failed qa: 1989-04-20T16:49:58.6880380Z
..............Failed qa: 1989-04-28T16:45:33.6810250Z
Failed qa: 1989-05-03T17:03:40.4130750Z
Failed qa: 1989-05-03T17:03:40.4130750Z
Failed qa: 1989-05-05T16:51:17.4240750Z
Failed qa: 1989-05-05T16:51:29.338581Z
Failed qa: 1989-05-14T16:45:17.9710000Z
Failed qa: 1989-05-21T16:50:57.4220500Z
Failed qa: 1989-05-21T16:51:09.337056Z
..............Failed qa: 1989-05-30T16:45:04.7760750Z
Failed qa: 1989-06-04T17:03:08.2060810Z
Failed qa: 1989-06-04T17:03:08.2060810Z
Failed qa: 1989-06-06T16:50:43.8870810Z
Failed qa: 1989-06-06T16:50:55.803056Z
Failed qa: 1989-06-20T17:02:42.7760440Z
Failed qa: 1989-06-20T17:02:42.7760440Z
..............Failed qa: 1989-06-30T16:56:00.7640310Z
Failed qa: 1989-06-30T16:56:12.677550Z
Failed qa: 1989-07-01T16:44:26.5920690Z
..............Failed qa: 1989-07-08T16:50:03.9660560Z
Failed qa: 1989-07-08T16:50:15.883528Z
Failed qa: 1989-07-14T17:08:26.0820500Z
Failed qa: 1989-07-14T17:08:26.0820500Z
..............Failed qa: 1989-07-17T16:44:06.0620310Z
Failed qa: 1989-07-22T17:02:08.4950690Z
Failed qa: 1989-07-22T17:02:08.4950690Z
Failed qa: 1989-07-24T16:49:44.9530130Z
Failed qa: 1989-07-24T16:49:56.871013Z
..............Failed qa: 1989-08-02T16:43:46.2690310Z
Failed qa: 1989-08-07T17:01:48.2990380Z
Failed qa: 1989-08-07T17:01:48.2990380Z
Failed qa: 1989-08-09T16:49:23.2810380Z
Failed qa: 1989-08-09T16:49:35.200019Z
Failed qa: 1989-08-15T17:08:22.7400560Z
Failed qa: 1989-08-15T17:08:22.7400560Z
..............Failed qa: 1989-08-18T16:43:22.1290630Z
Failed qa: 1989-08-23T17:01:26.4610690Z
Failed qa: 1989-08-23T17:01:26.4610690Z
Failed qa: 1989-08-31T17:08:23.0720130Z
Failed qa: 1989-08-31T17:08:23.0720130Z
..............Failed qa: 1989-09-02T16:56:01.5890380Z
Failed qa: 1989-09-02T16:56:13.502541Z
Failed qa: 1989-09-08T17:01:03.0840630Z
Failed qa: 1989-09-08T17:01:03.0840630Z
Failed qa: 1989-09-10T16:48:36.1070190Z
Failed qa: 1989-09-10T16:48:48.027509Z
..............Failed qa: 1989-09-19T16:42:32.0590500Z
Failed qa: 1989-09-24T17:00:38.3120380Z
Failed qa: 1989-09-24T17:00:38.3120380Z
Failed qa: 1989-09-26T16:48:16.6530500Z
Failed qa: 1989-09-26T16:48:28.646072Z
..............Failed qa: 1989-10-10T17:00:18.3950630Z
Failed qa: 1989-10-10T17:00:18.3950630Z
Failed qa: 1989-10-21T16:41:39.0030380Z
Failed qa: 1989-10-28T16:47:16.8610440Z
Failed qa: 1989-10-28T16:47:28.784047Z
Failed qa: 1989-11-06T16:41:22.4360630Z
Data has been pickled and saved to '/efs/timesync/1989/audit/1989_0949_1211_qa_rejects.p'.
Success tracking goes here
