{'project_id': '1211', 'year': '1989', 'x': -2222940, 'y': 2094270, 'plot_id': '2365', 'strata': '41'}
Pandas(Index=0, project_id='1211', plot_id='2365', x=-2222940, y=2094270)
called process_plot
Pandas(Index=0, project_id='1211', plot_id='2365', x=-2222940, y=2094270)
2365
Directory '/efs/timesync/1989/audit/' already exists.
Data has been pickled and saved to '/efs/timesync/1989/audit/1989_2365_1211.p'.
Failed qa: 1989-01-17T18:09:45.481563Z
.......Failed qa: 1989-02-02T18:09:44.377025Z
Failed qa: 1989-02-09T18:15:15.5070000Z
Failed qa: 1989-02-18T18:09:39.744556Z
.......Failed qa: 1989-03-06T18:09:19.671066Z
..............Failed qa: 1989-03-22T18:08:38.988551Z
.......Failed qa: 1989-04-07T18:08:50.571572Z
..............Failed qa: 1989-04-23T18:08:33.832553Z
.......Failed qa: 1989-05-09T18:08:33.2520940Z
..............Failed qa: 1989-05-25T18:08:04.016551Z
..............Failed qa: 1989-06-10T18:07:45.909012Z
........................................................Failed qa: 1989-07-28T18:06:48.992053Z
..............Failed qa: 1989-08-13T18:06:26.262559Z
.......Failed qa: 1989-08-29T18:06:06.597025Z
............................Failed qa: 1989-09-30T18:05:23.974057Z
..............Failed qa: 1989-10-16T18:04:47.189056Z
..............Failed qa: 1989-11-01T18:04:24.922028Z
.......Failed qa: 1989-11-08T18:10:35.6450440Z
.......Failed qa: 1989-11-17T18:03:47.881035Z
Failed qa: 1989-11-23T18:25:17.6240880Z
.......Data has been pickled and saved to '/efs/timesync/1989/audit/1989_2365_1211_qa_rejects.p'.
Success tracking goes here
