{'project_id': '1211', 'year': '1989', 'x': -1042050, 'y': 2069100, 'plot_id': '226', 'strata': '41'}
Pandas(Index=0, project_id='1211', plot_id='226', x=-1042050, y=2069100)
called process_plot
Pandas(Index=0, project_id='1211', plot_id='226', x=-1042050, y=2069100)
226
Directory '/efs/timesync/1989/audit/' already exists.
Data has been pickled and saved to '/efs/timesync/1989/audit/1989_0226_1211.p'.
.......Failed qa: 1989-04-08T17:12:37.9050940Z
Failed qa: 1989-04-15T17:18:31.744594Z
.......Failed qa: 1989-04-24T17:12:20.0270810Z
Failed qa: 1989-05-01T17:18:14.552041Z
.......Failed qa: 1989-05-17T17:17:54.172528Z
.......Failed qa: 1989-05-26T17:11:50.4900000Z
Failed qa: 1989-06-02T17:17:43.344051Z
.......Failed qa: 1989-06-11T17:11:30.6870060Z
.......Failed qa: 1989-06-18T17:17:17.488088Z
Failed qa: 1989-06-19T17:16:53.6460250Z
.......Failed qa: 1989-06-26T17:22:54.902041Z
Failed qa: 1989-07-04T17:17:03.570059Z
Failed qa: 1989-07-05T17:16:55.6090750Z
Failed qa: 1989-07-12T17:23:10.7720560Z
Failed qa: 1989-07-13T17:10:53.0110810Z
Failed qa: 1989-07-20T17:16:42.766566Z
Failed qa: 1989-07-29T17:10:34.6370810Z
Failed qa: 1989-08-05T17:16:23.886040Z
.......Failed qa: 1989-08-14T17:10:11.6730190Z
Failed qa: 1989-08-21T17:16:01.649547Z
Failed qa: 1989-08-30T17:09:52.1370810Z
Failed qa: 1989-09-06T17:15:40.530085Z
Failed qa: 1989-09-07T17:16:56.3140750Z
.......Failed qa: 1989-09-15T17:09:17.4780560Z
Failed qa: 1989-09-22T17:15:11.124000Z
.......Failed qa: 1989-10-01T17:09:10.1540560Z
Failed qa: 1989-10-08T17:14:57.582028Z
.......Failed qa: 1989-10-17T17:08:30.7830750Z
Failed qa: 1989-10-24T17:14:14.992060Z
Data has been pickled and saved to '/efs/timesync/1989/audit/1989_0226_1211_qa_rejects.p'.
Success tracking goes here
