{'project_id': '1211', 'year': '1989', 'x': 1011930, 'y': 1369740, 'plot_id': '3614', 'strata': '41'}
Pandas(Index=0, project_id='1211', plot_id='3614', x=1011930, y=1369740)
called process_plot
Pandas(Index=0, project_id='1211', plot_id='3614', x=1011930, y=1369740)
3614
Directory '/efs/timesync/1989/audit/' already exists.
Data has been pickled and saved to '/efs/timesync/1989/audit/1989_3614_1211.p'.
Failed qa: 1989-01-07T15:54:36.5680500Z
.......Failed qa: 1989-01-23T15:54:16.1260250Z
Failed qa: 1989-02-01T15:48:11.0250750Z
Failed qa: 1989-02-08T15:54:19.5590190Z
.......Failed qa: 1989-02-24T15:54:11.2480500Z
.......Failed qa: 1989-03-12T15:53:44.9680440Z
.......Failed qa: 1989-04-06T15:47:28.910019Z
Failed qa: 1989-04-13T15:53:26.3310630Z
Failed qa: 1989-04-22T15:47:13.452038Z
Failed qa: 1989-04-29T15:53:07.0700810Z
Failed qa: 1989-05-08T15:47:02.043522Z
Failed qa: 1989-05-15T15:52:50.0780000Z
.......Failed qa: 1989-05-24T15:46:43.776028Z
Failed qa: 1989-05-31T15:52:37.5520060Z
.......Failed qa: 1989-06-09T15:46:26.739538Z
.......Failed qa: 1989-06-25T15:46:05.881581Z
Failed qa: 1989-07-11T15:45:48.094519Z
Failed qa: 1989-07-18T15:51:38.1600940Z
Failed qa: 1989-07-27T15:45:29.066060Z
.......Failed qa: 1989-08-12T15:45:06.897078Z
Failed qa: 1989-08-19T15:50:55.1510000Z
Failed qa: 1989-08-28T15:44:47.026575Z
Failed qa: 1989-09-04T15:50:36.2460940Z
.......Failed qa: 1989-09-20T15:50:04.5700500Z
Failed qa: 1989-10-06T15:49:54.3320940Z
Failed qa: 1989-10-15T15:43:29.424034Z
Failed qa: 1989-10-22T15:49:10.7680560Z
.......Failed qa: 1989-10-31T15:43:16.3960560Z
..............Data has been pickled and saved to '/efs/timesync/1989/audit/1989_3614_1211_qa_rejects.p'.
Success tracking goes here
