{'project_id': '1211', 'year': '1989', 'x': -155100, 'y': 2687250, 'plot_id': '4861', 'strata': '41'}
Pandas(Index=0, project_id='1211', plot_id='4861', x=-155100, y=2687250)
called process_plot
Pandas(Index=0, project_id='1211', plot_id='4861', x=-155100, y=2687250)
4861
Directory '/efs/timesync/1989/audit/' already exists.
Data has been pickled and saved to '/efs/timesync/1989/audit/1989_4861_1211.p'.
Failed qa: 1989-01-15T16:41:06.0580810Z
Failed qa: 1989-02-07T16:47:10.6820250Z
Failed qa: 1989-02-16T16:40:33.9590380Z
.......Failed qa: 1989-03-04T16:40:40.5970750Z
.......Failed qa: 1989-03-20T16:39:48.871516Z
Failed qa: 1989-04-03T16:52:26.0450500Z
Failed qa: 1989-04-05T16:39:54.763532Z
.....................Failed qa: 1989-04-21T16:39:40.429006Z
..............Failed qa: 1989-05-07T16:39:29.585050Z
..............Failed qa: 1989-05-23T16:39:10.739035Z
..............Failed qa: 1989-06-24T16:38:32.555516Z
.....................Failed qa: 1989-07-10T16:38:15.871040Z
..............Failed qa: 1989-07-26T16:37:56.764550Z
..............Failed qa: 1989-08-11T16:37:34.613044Z
.......Failed qa: 1989-08-27T16:37:14.505009Z
..............Failed qa: 1989-09-12T16:36:43.672047Z
..............Failed qa: 1989-10-14T16:35:58.401509Z
.....................Failed qa: 1989-11-15T16:34:44.6460130Z
Data has been pickled and saved to '/efs/timesync/1989/audit/1989_4861_1211_qa_rejects.p'.
Success tracking goes here
