{'project_id': '1211', 'year': '1989', 'x': -2014350, 'y': 1832100, 'plot_id': '1838', 'strata': '41'}
Pandas(Index=0, project_id='1211', plot_id='1838', x=-2014350, y=1832100)
called process_plot
Pandas(Index=0, project_id='1211', plot_id='1838', x=-2014350, y=1832100)
1838
Directory '/efs/timesync/1989/audit/' already exists.
Data has been pickled and saved to '/efs/timesync/1989/audit/1989_1838_1211.p'.
Failed qa: 1989-01-17T18:09:45.481563Z
Failed qa: 1989-01-19T17:57:31.2870190Z
.......Failed qa: 1989-02-02T18:09:44.377025Z
Failed qa: 1989-02-18T18:09:39.744556Z
.......Failed qa: 1989-03-06T18:09:19.671066Z
.......Failed qa: 1989-03-22T18:08:38.988551Z
.......Failed qa: 1989-04-07T18:08:50.571572Z
Failed qa: 1989-04-09T17:56:40.9640380Z
.......Failed qa: 1989-04-23T18:08:33.832553Z
Failed qa: 1989-04-25T17:56:22.0950000Z
.......Failed qa: 1989-05-09T18:08:33.2520940Z
Failed qa: 1989-05-11T17:56:08.1230500Z
.......Failed qa: 1989-05-25T18:08:04.016551Z
.......Failed qa: 1989-05-27T17:55:53.0750880Z
.......Failed qa: 1989-06-10T18:07:45.909012Z
Failed qa: 1989-06-12T17:55:31.3250940Z
.......Failed qa: 1989-06-28T17:55:15.4670690Z
.......Failed qa: 1989-07-14T17:54:55.4490750Z
.......Failed qa: 1989-07-28T18:06:48.992053Z
.......Failed qa: 1989-07-30T17:54:36.6510690Z
.......Failed qa: 1989-08-13T18:06:26.262559Z
.......Failed qa: 1989-08-15T17:54:13.1120880Z
.......Failed qa: 1989-08-29T18:06:06.597025Z
Failed qa: 1989-08-31T17:53:53.6980060Z
.......Failed qa: 1989-09-16T17:53:20.5630630Z
.......Failed qa: 1989-09-30T18:05:23.974057Z
Failed qa: 1989-10-02T17:53:12.5250190Z
Failed qa: 1989-10-16T18:04:47.189056Z
Failed qa: 1989-10-18T17:52:30.2510310Z
.......Failed qa: 1989-11-01T18:04:24.922028Z
Failed qa: 1989-11-03T17:52:13.5110190Z
.......Failed qa: 1989-11-17T18:03:47.881035Z
Failed qa: 1989-11-18T18:07:06.1240060Z
Failed qa: 1989-11-19T17:51:32.6620380Z
.......Data has been pickled and saved to '/efs/timesync/1989/audit/1989_1838_1211_qa_rejects.p'.
Success tracking goes here
