{'project_id': '1211', 'year': '1989', 'x': -1348830, 'y': 2585730, 'plot_id': '3911', 'strata': '41'}
Pandas(Index=0, project_id='1211', plot_id='3911', x=-1348830, y=2585730)
called process_plot
Pandas(Index=0, project_id='1211', plot_id='3911', x=-1348830, y=2585730)
3911
Directory '/efs/timesync/1989/audit/' already exists.
Data has been pickled and saved to '/efs/timesync/1989/audit/1989_3911_1211.p'.
Failed qa: 1989-01-14T17:37:08.1450500Z
Failed qa: 1989-01-30T17:37:01.3530310Z
Failed qa: 1989-02-15T17:36:59.7020380Z
..............Failed qa: 1989-04-04T17:36:06.7380130Z
Failed qa: 1989-04-09T17:54:17.8580750Z
Failed qa: 1989-04-11T17:42:07.441579Z
.......Failed qa: 1989-04-25T17:53:58.8380190Z
.......Failed qa: 1989-05-06T17:35:43.6890440Z
.......Failed qa: 1989-05-22T17:35:24.2970190Z
Failed qa: 1989-05-27T17:53:29.8060130Z
Failed qa: 1989-05-29T17:41:18.714557Z
.......Failed qa: 1989-06-07T17:35:09.4140060Z
Failed qa: 1989-06-12T17:53:08.0460130Z
.......Failed qa: 1989-06-14T17:40:53.133541Z
.......Failed qa: 1989-06-23T17:34:45.7540560Z
Failed qa: 1989-06-28T17:52:52.1770810Z
.......Failed qa: 1989-06-30T17:40:40.628078Z
Failed qa: 1989-07-01T17:40:28.0800130Z
.......Failed qa: 1989-07-14T17:52:32.2990250Z
.......Failed qa: 1989-07-16T17:40:20.207515Z
Failed qa: 1989-07-17T17:40:30.9000000Z
.......Failed qa: 1989-07-25T17:34:10.9680440Z
Failed qa: 1989-07-30T17:52:13.4890560Z
.......Failed qa: 1989-08-01T17:40:00.817538Z
Failed qa: 1989-08-02T17:40:30.1390310Z
.......Failed qa: 1989-08-10T17:33:48.4310750Z
Failed qa: 1989-08-15T17:51:49.9380560Z
.......Failed qa: 1989-08-17T17:39:35.361578Z
.......Failed qa: 1989-08-26T17:33:28.7340380Z
Failed qa: 1989-08-31T17:51:30.3710500Z
Failed qa: 1989-09-02T17:39:18.384038Z
.......Failed qa: 1989-09-11T17:33:00.0920560Z
Failed qa: 1989-09-16T17:50:57.3710630Z
.......Failed qa: 1989-09-27T17:32:43.9040000Z
Failed qa: 1989-10-02T17:50:49.3210630Z
Failed qa: 1989-10-04T17:38:25.3250810Z
.......Failed qa: 1989-10-13T17:32:14.2670130Z
Failed qa: 1989-10-18T17:50:07.0370190Z
Failed qa: 1989-10-20T17:37:52.849554Z
Failed qa: 1989-10-27T17:43:41.5940380Z
Failed qa: 1989-10-29T17:31:44.3210440Z
Data has been pickled and saved to '/efs/timesync/1989/audit/1989_3911_1211_qa_rejects.p'.
Success tracking goes here
