{'project_id': '1211', 'year': '1989', 'x': 419160, 'y': 2411970, 'plot_id': '4987', 'strata': '41'}
Pandas(Index=0, project_id='1211', plot_id='4987', x=419160, y=2411970)
called process_plot
Pandas(Index=0, project_id='1211', plot_id='4987', x=419160, y=2411970)
4987
Directory '/efs/timesync/1989/audit/' already exists.
Data has been pickled and saved to '/efs/timesync/1989/audit/1989_4987_1211.p'.
Failed qa: 1989-01-03T16:16:34.6210750Z
Failed qa: 1989-01-10T16:22:51.821078Z
Failed qa: 1989-01-10T16:23:15.784563Z
..............Failed qa: 1989-01-26T16:22:35.720544Z
Failed qa: 1989-01-26T16:22:59.613522Z
Failed qa: 1989-02-02T16:28:39.7270380Z
..............Failed qa: 1989-02-11T16:22:38.676028Z
Failed qa: 1989-02-11T16:23:02.570044Z
Failed qa: 1989-02-18T16:28:47.137047Z
..............Failed qa: 1989-02-27T16:22:15.4070250Z
Failed qa: 1989-02-27T16:23:03.1970130Z
Failed qa: 1989-03-01T16:10:38.9730380Z
Failed qa: 1989-03-06T16:28:27.232528Z
Failed qa: 1989-03-06T16:28:39.1440560Z
Failed qa: 1989-03-15T16:21:42.9640750Z
Failed qa: 1989-03-22T16:27:34.7290750Z
..............Failed qa: 1989-03-31T16:22:14.7860380Z
Failed qa: 1989-04-07T16:27:58.080557Z
Failed qa: 1989-04-07T16:28:09.9940380Z
..............Failed qa: 1989-04-16T16:21:40.858010Z
Failed qa: 1989-04-16T16:22:04.757053Z
Failed qa: 1989-04-18T16:09:51.2110000Z
Failed qa: 1989-04-23T16:27:41.402031Z
Failed qa: 1989-04-23T16:27:53.3160380Z
..............Failed qa: 1989-05-02T16:21:24.894534Z
Failed qa: 1989-05-02T16:21:48.795053Z
Failed qa: 1989-05-09T16:27:28.848069Z
Failed qa: 1989-05-09T16:27:40.7630440Z
..............Failed qa: 1989-05-20T16:09:17.4430500Z
..............Failed qa: 1989-06-03T16:20:53.248543Z
Failed qa: 1989-06-03T16:21:17.223072Z
..............Failed qa: 1989-06-05T16:09:05.0670810Z
Failed qa: 1989-06-10T16:26:53.478072Z
Failed qa: 1989-06-10T16:27:05.3940630Z
Failed qa: 1989-06-19T16:20:27.529576Z
Failed qa: 1989-06-19T16:20:51.506057Z
Failed qa: 1989-06-21T16:08:39.6720310Z
Failed qa: 1989-06-26T16:26:34.002541Z
Failed qa: 1989-06-26T16:26:45.9190690Z
..............Failed qa: 1989-07-05T16:20:12.913541Z
Failed qa: 1989-07-05T16:20:36.819538Z
Failed qa: 1989-07-07T16:08:24.6010560Z
Failed qa: 1989-07-14T16:13:39.3500250Z
Failed qa: 1989-07-14T16:14:27.0190500Z
Failed qa: 1989-07-21T16:19:53.099044Z
Failed qa: 1989-07-21T16:20:17.078515Z
Failed qa: 1989-07-23T16:08:05.6610130Z
Failed qa: 1989-07-28T16:25:56.530547Z
Failed qa: 1989-08-06T16:19:33.500531Z
Failed qa: 1989-08-06T16:19:45.4190500Z
Failed qa: 1989-08-13T16:25:33.858018Z
Failed qa: 1989-08-13T16:25:45.7770310Z
Failed qa: 1989-08-22T16:19:11.396535Z
Failed qa: 1989-08-22T16:19:35.379534Z
Failed qa: 1989-09-14T16:24:38.275575Z
Failed qa: 1989-09-14T16:24:50.1960880Z
..............Failed qa: 1989-09-23T16:18:22.135569Z
Failed qa: 1989-09-23T16:18:46.122032Z
Failed qa: 1989-09-25T16:06:36.6240810Z
Failed qa: 1989-09-30T16:24:19.5350000Z
..............Failed qa: 1989-10-09T16:18:05.507016Z
Failed qa: 1989-10-09T16:18:29.494559Z
Failed qa: 1989-10-11T16:06:13.2120440Z
Failed qa: 1989-10-16T16:24:06.6720880Z
Failed qa: 1989-10-16T16:24:06.6720880Z
..............Failed qa: 1989-10-25T16:17:23.850047Z
Failed qa: 1989-10-25T16:17:47.839525Z
..............Failed qa: 1989-11-10T16:17:40.1330750Z
Failed qa: 1989-11-17T16:23:07.3560440Z
Failed qa: 1989-11-17T16:23:07.3560440Z
..............Data has been pickled and saved to '/efs/timesync/1989/audit/1989_4987_1211_qa_rejects.p'.
Success tracking goes here
