{'project_id': '1211', 'year': '1989', 'x': -1721400, 'y': 2264640, 'plot_id': '4247', 'strata': '41'}
Pandas(Index=0, project_id='1211', plot_id='4247', x=-1721400, y=2264640)
called process_plot
Pandas(Index=0, project_id='1211', plot_id='4247', x=-1721400, y=2264640)
4247
Directory '/efs/timesync/1989/audit/' already exists.
Data has been pickled and saved to '/efs/timesync/1989/audit/1989_4247_1211.p'.
Failed qa: 1989-01-17T18:08:45.7150690Z
Failed qa: 1989-01-19T17:56:43.6450940Z
..............Failed qa: 1989-01-28T17:50:32.9540250Z
Failed qa: 1989-02-02T18:08:20.7850500Z
..............Failed qa: 1989-03-06T18:08:08.057066Z
..............Failed qa: 1989-03-17T17:49:39.0820440Z
Failed qa: 1989-03-22T18:07:27.369034Z
Failed qa: 1989-03-24T17:55:39.9520190Z
Failed qa: 1989-03-31T18:01:07.9400310Z
Failed qa: 1989-03-31T18:01:55.7350810Z
Failed qa: 1989-04-02T17:49:37.4900560Z
Failed qa: 1989-04-07T18:07:27.1060880Z
............................Failed qa: 1989-04-18T17:49:31.7800500Z
Failed qa: 1989-04-23T18:07:22.205038Z
............................Failed qa: 1989-05-04T17:49:18.4600190Z
Failed qa: 1989-05-09T18:07:09.706054Z
..............Failed qa: 1989-05-20T17:48:58.3050250Z
Failed qa: 1989-05-25T18:06:52.310060Z
..........................................Failed qa: 1989-06-05T17:48:45.7900440Z
Failed qa: 1989-06-10T18:06:34.270012Z
..............Failed qa: 1989-06-13T17:53:55.1070250Z
..............Failed qa: 1989-06-21T17:48:20.3930560Z
..............Failed qa: 1989-06-29T17:54:01.0720630Z
..............Failed qa: 1989-07-07T17:48:05.4220190Z
..............Failed qa: 1989-07-15T17:54:04.8100130Z
..............Failed qa: 1989-07-23T17:47:46.4720250Z
Failed qa: 1989-07-28T18:05:37.411543Z
............................Failed qa: 1989-07-31T17:54:03.7980880Z
..............Failed qa: 1989-08-08T17:47:25.5170630Z
Failed qa: 1989-08-13T18:05:14.604522Z
............................Failed qa: 1989-08-16T17:54:00.2320560Z
..............Failed qa: 1989-08-24T17:47:03.9680190Z
Failed qa: 1989-08-29T18:04:54.934082Z
............................Failed qa: 1989-09-09T17:46:39.4500500Z
............................Failed qa: 1989-09-25T17:46:17.4000130Z
Failed qa: 1989-09-30T18:04:12.300563Z
Failed qa: 1989-10-02T17:52:24.9820130Z
Failed qa: 1989-10-11T17:45:53.6750310Z
Failed qa: 1989-10-16T18:03:35.510560Z
..............Failed qa: 1989-10-25T17:56:52.7730880Z
Failed qa: 1989-10-25T17:57:40.6080880Z
Failed qa: 1989-10-27T17:45:17.1210500Z
Failed qa: 1989-11-01T18:03:13.383057Z
Failed qa: 1989-11-10T17:57:20.8110380Z
Failed qa: 1989-11-17T18:02:48.1190500Z
Data has been pickled and saved to '/efs/timesync/1989/audit/1989_4247_1211_qa_rejects.p'.
Success tracking goes here
