{'project_id': '1211', 'year': '1989', 'x': -2146320, 'y': 2712540, 'plot_id': '34', 'strata': '41'}
Pandas(Index=0, project_id='1211', plot_id='34', x=-2146320, y=2712540)
called process_plot
Pandas(Index=0, project_id='1211', plot_id='34', x=-2146320, y=2712540)
34
Directory '/efs/timesync/1989/audit/' already exists.
Data has been pickled and saved to '/efs/timesync/1989/audit/1989_0034_1211.p'.
Failed qa: 1989-01-15T18:20:47.0120750Z
..............Failed qa: 1989-03-20T18:19:41.5970810Z
..............Failed qa: 1989-04-05T18:19:47.5810250Z
..........................................Failed qa: 1989-05-07T18:19:10.374563Z
..............Failed qa: 1989-05-23T18:18:51.601531Z
..............Failed qa: 1989-06-08T18:18:35.306057Z
..............Failed qa: 1989-06-24T18:18:13.351522Z
Failed qa: 1989-07-01T18:24:31.1710250Z
Failed qa: 1989-07-08T18:30:32.4990440Z
Failed qa: 1989-07-10T18:17:56.662022Z
Failed qa: 1989-07-17T18:23:22.7990440Z
Failed qa: 1989-07-17T18:24:10.6130000Z
..............Failed qa: 1989-07-26T18:17:37.467051Z
Failed qa: 1989-08-02T18:23:03.1190750Z
Failed qa: 1989-08-02T18:23:50.9370060Z
Failed qa: 1989-08-09T18:29:03.9630310Z
Failed qa: 1989-08-09T18:29:51.7820000Z
Failed qa: 1989-08-11T18:17:15.382035Z
..........................................Failed qa: 1989-09-12T18:16:36.2910880Z
..............Failed qa: 1989-09-26T18:28:45.4090810Z
Failed qa: 1989-09-28T18:16:11.004584Z
..............Failed qa: 1989-10-14T18:15:39.066566Z
Failed qa: 1989-10-21T18:20:55.7260750Z
..............Failed qa: 1989-10-30T18:15:12.023026Z
Failed qa: 1989-11-06T18:21:26.9460630Z
Failed qa: 1989-11-15T18:14:49.2250880Z
Failed qa: 1989-11-22T18:20:48.7900440Z
Failed qa: 1989-12-01T18:14:31.7920440Z
Data has been pickled and saved to '/efs/timesync/1989/audit/1989_0034_1211_qa_rejects.p'.
Success tracking goes here
