{'project_id': '1211', 'year': '1989', 'x': -12030, 'y': 1543980, 'plot_id': '4695', 'strata': '41'}
Pandas(Index=0, project_id='1211', plot_id='4695', x=-12030, y=1543980)
called process_plot
Pandas(Index=0, project_id='1211', plot_id='4695', x=-12030, y=1543980)
4695
Directory '/efs/timesync/1989/audit/' already exists.
Data has been pickled and saved to '/efs/timesync/1989/audit/1989_4695_1211.p'.
Failed qa: 1989-01-10T16:25:15.099519Z
Failed qa: 1989-01-15T16:43:17.572569Z
..............Failed qa: 1989-01-24T16:37:08.297547Z
Failed qa: 1989-01-24T16:36:56.315063Z
Failed qa: 1989-01-26T16:24:47.0230440Z
Failed qa: 1989-01-31T16:43:12.191547Z
Failed qa: 1989-02-09T16:37:10.269572Z
Failed qa: 1989-02-11T16:25:01.969078Z
Failed qa: 1989-02-16T16:43:09.166050Z
Failed qa: 1989-02-18T16:31:22.4170310Z
Failed qa: 1989-02-18T16:31:22.4170310Z
Failed qa: 1989-02-25T16:37:02.443047Z
Failed qa: 1989-02-27T16:24:38.6330750Z
Failed qa: 1989-03-04T16:42:51.985025Z
..............Failed qa: 1989-03-13T16:36:46.252069Z
Failed qa: 1989-03-13T16:36:34.2680940Z
..............Failed qa: 1989-03-31T16:24:02.003037Z
Failed qa: 1989-04-05T16:42:17.938525Z
..............Failed qa: 1989-04-16T16:24:04.110568Z
Failed qa: 1989-04-21T16:42:03.755556Z
..............Failed qa: 1989-04-30T16:35:58.923568Z
Failed qa: 1989-05-02T16:23:48.154588Z
Failed qa: 1989-05-07T16:41:52.919044Z
..............Failed qa: 1989-05-16T16:35:40.217066Z
Failed qa: 1989-05-23T16:41:34.079515Z
Failed qa: 1989-06-03T16:23:16.594576Z
Failed qa: 1989-06-10T16:29:28.6720500Z
Failed qa: 1989-06-10T16:29:28.6720500Z
Failed qa: 1989-06-16T16:46:45.2050630Z
Failed qa: 1989-06-17T16:35:02.176050Z
Failed qa: 1989-06-19T16:22:50.885075Z
..............Failed qa: 1989-07-03T16:34:49.220034Z
Failed qa: 1989-07-05T16:22:36.062075Z
Failed qa: 1989-07-10T16:40:39.093591Z
Failed qa: 1989-07-19T16:34:28.411519Z
Failed qa: 1989-07-21T16:22:04.3390310Z
Failed qa: 1989-07-26T16:40:19.997519Z
Failed qa: 1989-07-27T16:40:41.266541Z
..............Failed qa: 1989-08-04T16:34:09.160534Z
Failed qa: 1989-08-06T16:21:56.740047Z
Failed qa: 1989-08-11T16:39:57.856050Z
Failed qa: 1989-08-12T16:40:53.511544Z
..............Failed qa: 1989-08-20T16:33:58.146569Z
Failed qa: 1989-08-22T16:21:34.719547Z
Failed qa: 1989-08-27T16:39:37.829085Z
Failed qa: 1989-08-28T16:40:40.270019Z
Failed qa: 1989-09-05T16:33:50.2830250Z
Failed qa: 1989-09-23T16:20:45.550029Z
..............Failed qa: 1989-10-07T16:32:44.177072Z
Failed qa: 1989-10-09T16:20:28.860056Z
Failed qa: 1989-10-14T16:38:21.685566Z
Failed qa: 1989-10-23T16:32:00.797581Z
Failed qa: 1989-10-25T16:19:47.139560Z
..............Failed qa: 1989-11-08T16:31:42.877572Z
Failed qa: 1989-11-10T16:19:27.372060Z
Failed qa: 1989-11-15T16:37:19.723535Z
..............Failed qa: 1989-12-01T16:37:02.300531Z
Data has been pickled and saved to '/efs/timesync/1989/audit/1989_4695_1211_qa_rejects.p'.
Success tracking goes here
