{'project_id': '1211', 'year': '1989', 'x': 4260, 'y': 1350270, 'plot_id': '728', 'strata': '41'}
Pandas(Index=0, project_id='1211', plot_id='728', x=4260, y=1350270)
called process_plot
Pandas(Index=0, project_id='1211', plot_id='728', x=4260, y=1350270)
728
Directory '/efs/timesync/1989/audit/' already exists.
Data has been pickled and saved to '/efs/timesync/1989/audit/1989_0728_1211.p'.
Failed qa: 1989-01-03T16:19:57.584544Z
..............Failed qa: 1989-01-19T16:19:38.205075Z
.......Failed qa: 1989-02-04T16:19:29.0720310Z
.....................Failed qa: 1989-03-08T16:19:12.187556Z
.......Failed qa: 1989-03-24T16:18:34.177019Z
..............Failed qa: 1989-04-09T16:18:47.617591Z
..............Failed qa: 1989-04-25T16:18:28.823069Z
..............Failed qa: 1989-05-11T16:18:14.986569Z
Failed qa: 1989-05-27T16:17:59.880563Z
..............Failed qa: 1989-06-12T16:17:38.132022Z
..............Failed qa: 1989-06-28T16:17:10.2210310Z
.......Failed qa: 1989-07-14T16:17:02.088034Z
Failed qa: 1989-07-21T16:23:15.9900060Z
.......Failed qa: 1989-07-30T16:16:43.291066Z
..............Failed qa: 1989-08-15T16:16:19.819041Z
.......Failed qa: 1989-09-16T16:15:27.306557Z
..............Failed qa: 1989-10-02T16:15:19.289591Z
............................Failed qa: 1989-11-03T16:14:20.155072Z
..............Failed qa: 1989-11-19T16:13:39.493566Z
Data has been pickled and saved to '/efs/timesync/1989/audit/1989_0728_1211_qa_rejects.p'.
Success tracking goes here
