{'project_id': '1211', 'year': '1989', 'x': -1185270, 'y': 1155210, 'plot_id': '2073', 'strata': '41'}
Pandas(Index=0, project_id='1211', plot_id='2073', x=-1185270, y=1155210)
called process_plot
Pandas(Index=0, project_id='1211', plot_id='2073', x=-1185270, y=1155210)
2073
Directory '/efs/timesync/1989/audit/' already exists.
Data has been pickled and saved to '/efs/timesync/1989/audit/1989_2073_1211.p'.
..............Failed qa: 1989-04-01T17:08:43.3140380Z
..............Failed qa: 1989-04-17T17:08:29.628047Z
..............Failed qa: 1989-05-03T17:08:15.020541Z
..............Failed qa: 1989-05-19T17:07:54.076559Z
..............Failed qa: 1989-06-04T17:07:42.841047Z
............................Failed qa: 1989-06-20T17:07:17.428557Z
...................................Failed qa: 1989-07-14T17:13:00.523566Z
.......Failed qa: 1989-07-22T17:06:42.893544Z
..............Failed qa: 1989-08-07T17:06:22.715560Z
.......Failed qa: 1989-08-15T17:12:57.324529Z
.......Failed qa: 1989-08-23T17:06:01.045525Z
.......Failed qa: 1989-08-31T17:12:57.796560Z
..............Failed qa: 1989-09-08T17:05:37.827050Z
..............Failed qa: 1989-09-24T17:05:13.076050Z
..............Failed qa: 1989-10-10T17:04:53.035543Z
..............Data has been pickled and saved to '/efs/timesync/1989/audit/1989_2073_1211_qa_rejects.p'.
Success tracking goes here
