{'project_id': '1211', 'year': '1989', 'x': 1931970, 'y': 2593620, 'plot_id': '4600', 'strata': '41'}
Pandas(Index=0, project_id='1211', plot_id='4600', x=1931970, y=2593620)
called process_plot
Pandas(Index=0, project_id='1211', plot_id='4600', x=1931970, y=2593620)
4600
Directory '/efs/timesync/1989/audit/' already exists.
Data has been pickled and saved to '/efs/timesync/1989/audit/1989_4600_1211.p'.
Failed qa: 1989-01-01T14:50:39.141056Z
Failed qa: 1989-01-06T15:08:46.371575Z
Failed qa: 1989-01-15T15:03:00.9300250Z
Failed qa: 1989-01-15T15:03:00.9300250Z
Failed qa: 1989-01-17T14:50:23.919028Z
Failed qa: 1989-01-22T15:08:38.0160250Z
............................Failed qa: 1989-02-02T14:50:10.3660630Z
Failed qa: 1989-02-07T15:08:29.463037Z
............................Failed qa: 1989-02-18T14:50:17.971550Z
Failed qa: 1989-02-23T15:08:21.060506Z
Failed qa: 1989-03-04T15:02:11.508040Z
Failed qa: 1989-03-04T15:02:35.4750310Z
Failed qa: 1989-03-06T14:49:58.107516Z
Failed qa: 1989-03-11T15:08:08.2630060Z
............................Failed qa: 1989-03-22T14:49:17.554537Z
Failed qa: 1989-03-27T15:07:26.706035Z
..............Failed qa: 1989-04-07T14:49:40.6830000Z
Failed qa: 1989-04-12T15:07:36.461556Z
............................Failed qa: 1989-04-23T14:49:12.124072Z
Failed qa: 1989-04-28T15:07:28.1160690Z
..............Failed qa: 1989-05-09T14:48:59.789069Z
Failed qa: 1989-05-14T15:07:12.5640310Z
....................................................................................Failed qa: 1989-06-26T14:48:04.817519Z
..............Failed qa: 1989-07-17T15:05:48.635537Z
..............Failed qa: 1989-07-20T14:53:37.9450500Z
Failed qa: 1989-07-25T15:12:10.3360310Z
..............Failed qa: 1989-07-28T14:47:27.340078Z
Failed qa: 1989-08-02T15:05:29.039047Z
Failed qa: 1989-08-03T15:06:24.0580000Z
Failed qa: 1989-08-03T15:06:24.0580000Z
..............Failed qa: 1989-08-10T15:12:11.0430310Z
..............Failed qa: 1989-08-18T15:05:04.742553Z
..............Failed qa: 1989-08-26T15:11:56.975572Z
............................Failed qa: 1989-08-29T14:46:44.895581Z
Failed qa: 1989-09-03T15:04:46.785069Z
..............Failed qa: 1989-09-06T14:53:47.053034Z
..............Failed qa: 1989-09-19T15:04:14.647075Z
............................Failed qa: 1989-09-30T14:46:02.162556Z
Failed qa: 1989-10-05T15:04:05.234551Z
..............Failed qa: 1989-10-21T15:03:33.4510190Z
............................Failed qa: 1989-11-01T14:45:03.238041Z
Failed qa: 1989-11-06T15:03:17.0460810Z
..............Failed qa: 1989-11-17T14:44:26.341588Z
Failed qa: 1989-11-22T15:02:26.691034Z
Data has been pickled and saved to '/efs/timesync/1989/audit/1989_4600_1211_qa_rejects.p'.
Success tracking goes here
