{'project_id': '1211', 'year': '1989', 'x': -14430, 'y': 1295520, 'plot_id': '1495', 'strata': '41'}
Pandas(Index=0, project_id='1211', plot_id='1495', x=-14430, y=1295520)
called process_plot
Pandas(Index=0, project_id='1211', plot_id='1495', x=-14430, y=1295520)
1495
Directory '/efs/timesync/1989/audit/' already exists.
Data has been pickled and saved to '/efs/timesync/1989/audit/1989_1495_1211.p'.
Failed qa: 1989-01-03T16:19:57.584544Z
............................Failed qa: 1989-01-19T16:19:38.205075Z
Failed qa: 1989-01-24T16:37:44.029522Z
..............Failed qa: 1989-02-04T16:19:29.0720310Z
Failed qa: 1989-02-09T16:37:46.003062Z
..............Failed qa: 1989-02-18T16:31:22.4170310Z
Failed qa: 1989-02-18T16:31:22.4170310Z
Failed qa: 1989-02-25T16:37:38.178044Z
..............Failed qa: 1989-03-08T16:19:12.187556Z
Failed qa: 1989-03-13T16:37:10.148038Z
..............Failed qa: 1989-03-24T16:18:34.177019Z
Failed qa: 1989-03-31T16:24:49.799000Z
Failed qa: 1989-03-31T16:24:25.901022Z
..............Failed qa: 1989-04-09T16:18:47.617591Z
............................Failed qa: 1989-04-25T16:18:28.823069Z
Failed qa: 1989-04-30T16:36:34.666565Z
............................Failed qa: 1989-05-11T16:18:14.986569Z
Failed qa: 1989-05-16T16:36:16.033554Z
Failed qa: 1989-05-27T16:17:59.880563Z
............................Failed qa: 1989-06-12T16:17:38.132022Z
Failed qa: 1989-06-17T16:35:37.925038Z
............................Failed qa: 1989-06-28T16:17:10.2210310Z
Failed qa: 1989-07-03T16:35:24.899066Z
..............Failed qa: 1989-07-14T16:17:02.088034Z
Failed qa: 1989-07-19T16:35:04.164507Z
Failed qa: 1989-07-21T16:23:15.9900060Z
Failed qa: 1989-07-21T16:23:15.9900060Z
Failed qa: 1989-07-27T16:41:17.007525Z
..............Failed qa: 1989-07-30T16:16:43.291066Z
Failed qa: 1989-08-04T16:34:44.844509Z
..............Failed qa: 1989-08-12T16:41:17.410047Z
..............Failed qa: 1989-08-15T16:16:19.819041Z
Failed qa: 1989-08-20T16:34:22.057557Z
..............Failed qa: 1989-08-28T16:41:16.010528Z
Failed qa: 1989-08-29T16:28:37.2040810Z
Failed qa: 1989-09-05T16:34:02.203041Z
Failed qa: 1989-09-16T16:15:27.306557Z
............................Failed qa: 1989-10-02T16:15:19.289591Z
Failed qa: 1989-10-07T16:33:19.943044Z
............................Failed qa: 1989-10-23T16:32:36.494069Z
............................Failed qa: 1989-11-03T16:14:20.155072Z
Failed qa: 1989-11-08T16:32:18.575547Z
............................Failed qa: 1989-11-19T16:13:39.493566Z
Data has been pickled and saved to '/efs/timesync/1989/audit/1989_1495_1211_qa_rejects.p'.
Success tracking goes here
