{'project_id': '1211', 'year': '1989', 'x': -311880, 'y': 2140800, 'plot_id': '2175', 'strata': '41'}
Pandas(Index=0, project_id='1211', plot_id='2175', x=-311880, y=2140800)
called process_plot
Pandas(Index=0, project_id='1211', plot_id='2175', x=-311880, y=2140800)
2175
Directory '/efs/timesync/1989/audit/' already exists.
Data has been pickled and saved to '/efs/timesync/1989/audit/1989_2175_1211.p'.
Failed qa: 1989-01-15T16:42:05.896062Z
..............Failed qa: 1989-01-31T16:42:00.440013Z
..............Failed qa: 1989-02-16T16:41:57.482525Z
..............Failed qa: 1989-03-04T16:41:52.2110500Z
............................Failed qa: 1989-03-20T16:41:00.562065Z
Failed qa: 1989-03-25T16:59:27.786534Z
............................Failed qa: 1989-04-05T16:41:06.314594Z
Failed qa: 1989-04-10T16:59:40.092513Z
..........................................Failed qa: 1989-04-21T16:40:52.056069Z
............................Failed qa: 1989-05-07T16:40:41.216506Z
............................Failed qa: 1989-05-23T16:40:34.2880690Z
Failed qa: 1989-05-28T16:58:51.704572Z
..............Failed qa: 1989-06-13T16:58:40.1290190Z
Failed qa: 1989-06-21T17:03:56.317562Z
............................Failed qa: 1989-07-07T17:03:59.985562Z
..............Failed qa: 1989-07-10T16:39:27.446550Z
............................Failed qa: 1989-07-26T16:39:08.416575Z
Failed qa: 1989-07-31T16:57:34.512585Z
............................Failed qa: 1989-08-11T16:38:46.270091Z
Failed qa: 1989-08-16T16:57:10.029025Z
..............Failed qa: 1989-09-01T16:56:51.890012Z
............................Failed qa: 1989-09-12T16:37:43.5620310Z
Failed qa: 1989-09-17T16:56:18.939569Z
............................Failed qa: 1989-10-14T16:37:10.079538Z
..............Failed qa: 1989-10-28T16:48:52.3890250Z
Failed qa: 1989-10-28T16:48:52.3890250Z
Failed qa: 1989-11-15T16:36:20.0340310Z
Failed qa: 1989-12-01T16:35:50.612531Z
Data has been pickled and saved to '/efs/timesync/1989/audit/1989_2175_1211_qa_rejects.p'.
Success tracking goes here
