{'project_id': '1211', 'year': '1989', 'x': -1206360, 'y': 2678550, 'plot_id': '3716', 'strata': '41'}
Pandas(Index=0, project_id='1211', plot_id='3716', x=-1206360, y=2678550)
called process_plot
Pandas(Index=0, project_id='1211', plot_id='3716', x=-1206360, y=2678550)
3716
Directory '/efs/timesync/1989/audit/' already exists.
Data has been pickled and saved to '/efs/timesync/1989/audit/1989_3716_1211.p'.
Failed qa: 1989-01-14T17:37:08.1450500Z
Failed qa: 1989-01-30T17:37:01.3530310Z
Failed qa: 1989-02-15T17:36:59.7020380Z
Failed qa: 1989-03-17T17:47:51.726516Z
Failed qa: 1989-03-26T17:41:20.8400310Z
Failed qa: 1989-04-02T17:47:49.985041Z
Failed qa: 1989-04-04T17:35:42.911506Z
.......Failed qa: 1989-04-13T17:29:44.225060Z
Failed qa: 1989-04-18T17:47:44.411553Z
Failed qa: 1989-04-29T17:29:24.883041Z
Failed qa: 1989-05-04T17:47:30.941579Z
Failed qa: 1989-05-06T17:35:19.860025Z
Failed qa: 1989-05-15T17:29:07.812551Z
Failed qa: 1989-05-20T17:47:10.782053Z
Failed qa: 1989-05-22T17:35:00.466544Z
.......Failed qa: 1989-05-31T17:28:55.278566Z
Failed qa: 1989-06-05T17:46:58.261550Z
Failed qa: 1989-06-07T17:34:45.582041Z
Failed qa: 1989-06-13T17:52:07.599594Z
.......Failed qa: 1989-06-16T17:28:28.131041Z
Failed qa: 1989-06-21T17:46:33.001547Z
Failed qa: 1989-06-23T17:34:21.921043Z
Failed qa: 1989-06-24T17:34:04.584550Z
Failed qa: 1989-06-29T17:52:13.706575Z
.......Failed qa: 1989-07-01T17:40:04.253006Z
Failed qa: 1989-07-02T17:28:16.614022Z
Failed qa: 1989-07-07T17:46:18.023544Z
Failed qa: 1989-07-10T17:34:08.293541Z
.......Failed qa: 1989-07-17T17:40:07.072522Z
Failed qa: 1989-07-18T17:27:55.996538Z
Failed qa: 1989-07-23T17:45:58.995072Z
Failed qa: 1989-07-25T17:33:47.132035Z
Failed qa: 1989-07-26T17:34:06.999531Z
.......Failed qa: 1989-08-02T17:40:06.311562Z
Failed qa: 1989-08-03T17:27:36.049572Z
Failed qa: 1989-08-08T17:45:38.105066Z
Failed qa: 1989-08-10T17:33:24.593538Z
Failed qa: 1989-08-11T17:34:07.953531Z
.......Failed qa: 1989-08-18T17:39:52.190560Z
Failed qa: 1989-08-19T17:27:13.007503Z
Failed qa: 1989-08-26T17:33:04.894544Z
Failed qa: 1989-08-27T17:34:06.130512Z
.......Failed qa: 1989-09-04T17:26:53.987060Z
Failed qa: 1989-09-09T17:44:51.879578Z
Failed qa: 1989-09-11T17:32:36.251065Z
Failed qa: 1989-09-12T17:34:04.688581Z
Failed qa: 1989-09-18T17:38:10.0920750Z
Failed qa: 1989-09-20T17:26:22.272550Z
Failed qa: 1989-09-25T17:44:29.820553Z
Failed qa: 1989-09-27T17:32:20.061009Z
Failed qa: 1989-09-28T17:34:01.858578Z
.......Failed qa: 1989-10-06T17:26:24.0400130Z
Failed qa: 1989-10-11T17:44:06.231066Z
Failed qa: 1989-10-13T17:31:50.422038Z
.......Failed qa: 1989-10-22T17:25:28.616034Z
Failed qa: 1989-10-27T17:43:29.671044Z
Failed qa: 1989-10-29T17:31:20.479069Z
Data has been pickled and saved to '/efs/timesync/1989/audit/1989_3716_1211_qa_rejects.p'.
Success tracking goes here
