{'project_id': '1211', 'year': '1989', 'x': 643800, 'y': 2573790, 'plot_id': '2765', 'strata': '41'}
Pandas(Index=0, project_id='1211', plot_id='2765', x=643800, y=2573790)
called process_plot
Pandas(Index=0, project_id='1211', plot_id='2765', x=643800, y=2573790)
2765
Directory '/efs/timesync/1989/audit/' already exists.
Data has been pickled and saved to '/efs/timesync/1989/audit/1989_2765_1211.p'.
Failed qa: 1989-01-03T16:16:10.8020940Z
.....................Failed qa: 1989-01-30T15:57:44.1880810Z
Failed qa: 1989-02-04T16:15:54.1010500Z
.......Failed qa: 1989-02-15T15:57:42.7060690Z
.....................Failed qa: 1989-03-19T15:56:46.5700750Z
.......Failed qa: 1989-04-04T15:56:49.7340810Z
Failed qa: 1989-04-09T16:15:00.8310060Z
..............Failed qa: 1989-04-20T15:56:36.9480940Z
Failed qa: 1989-05-06T15:56:26.7810690Z
Failed qa: 1989-05-11T16:14:28.1040500Z
..............Failed qa: 1989-05-22T15:56:07.2640690Z
..............Failed qa: 1989-06-07T15:55:52.5230130Z
Failed qa: 1989-06-14T16:01:24.4890380Z
.......Failed qa: 1989-06-23T15:55:28.7190690Z
..............Failed qa: 1989-07-09T15:55:13.0390060Z
Failed qa: 1989-07-14T16:13:15.3720060Z
..............Failed qa: 1989-07-25T15:54:54.0170060Z
..............Failed qa: 1989-08-15T16:12:33.0650190Z
Failed qa: 1989-08-26T15:54:11.8050310Z
.......Failed qa: 1989-09-16T16:11:40.3810190Z
..............Failed qa: 1989-09-27T15:53:26.8260560Z
..............Failed qa: 1989-10-13T15:52:57.5030560Z
Failed qa: 1989-10-18T16:10:50.3050060Z
..............Failed qa: 1989-11-19T16:09:52.7290440Z
.......Data has been pickled and saved to '/efs/timesync/1989/audit/1989_2765_1211_qa_rejects.p'.
Success tracking goes here
