{'project_id': '1211', 'year': '1989', 'x': -1649520, 'y': 1253040, 'plot_id': '1101', 'strata': '41'}
Pandas(Index=0, project_id='1211', plot_id='1101', x=-1649520, y=1253040)
called process_plot
Pandas(Index=0, project_id='1211', plot_id='1101', x=-1649520, y=1253040)
1101
Directory '/efs/timesync/1989/audit/' already exists.
Data has been pickled and saved to '/efs/timesync/1989/audit/1989_1101_1211.p'.
Failed qa: 1989-02-16T17:36:49.485072Z
..............Failed qa: 1989-04-13T17:33:07.116535Z
Failed qa: 1989-04-29T17:32:47.928579Z
.......Failed qa: 1989-05-15T17:32:30.867569Z
.......Failed qa: 1989-05-31T17:32:18.344528Z
.......Failed qa: 1989-06-16T17:31:51.209528Z
.......Failed qa: 1989-06-24T17:37:27.543047Z
Failed qa: 1989-07-02T17:31:39.562034Z
.......Failed qa: 1989-07-10T17:37:31.181531Z
Failed qa: 1989-07-18T17:31:18.882091Z
.......Failed qa: 1989-07-26T17:37:30.030572Z
Failed qa: 1989-08-03T17:30:58.951547Z
.......Failed qa: 1989-08-11T17:37:31.056028Z
Failed qa: 1989-08-19T17:30:35.998019Z
.......Failed qa: 1989-08-27T17:37:29.160500Z
Failed qa: 1989-09-04T17:30:17.060553Z
.......Failed qa: 1989-09-12T17:37:27.860572Z
Failed qa: 1989-09-20T17:29:45.433075Z
.......Failed qa: 1989-09-28T17:37:24.888550Z
Failed qa: 1989-10-06T17:29:35.149547Z
.......Failed qa: 1989-10-22T17:28:51.589557Z
.......Failed qa: 1989-11-07T17:28:34.277569Z
Data has been pickled and saved to '/efs/timesync/1989/audit/1989_1101_1211_qa_rejects.p'.
Success tracking goes here
