{'project_id': '1211', 'year': '1989', 'x': -747480, 'y': 2500080, 'plot_id': '4303', 'strata': '41'}
Pandas(Index=0, project_id='1211', plot_id='4303', x=-747480, y=2500080)
called process_plot
Pandas(Index=0, project_id='1211', plot_id='4303', x=-747480, y=2500080)
4303
Directory '/efs/timesync/1989/audit/' already exists.
Data has been pickled and saved to '/efs/timesync/1989/audit/1989_4303_1211.p'.
Failed qa: 1989-03-21T17:23:14.2430190Z
Failed qa: 1989-04-01T17:05:08.4490500Z
Failed qa: 1989-04-08T17:11:14.367569Z
.......Failed qa: 1989-04-17T17:05:06.6620810Z
Failed qa: 1989-04-24T17:11:08.2560060Z
.......Failed qa: 1989-05-03T17:04:51.9000630Z
Failed qa: 1989-05-10T17:10:43.091069Z
.......Failed qa: 1989-05-19T17:04:30.8750630Z
Failed qa: 1989-05-26T17:10:26.796041Z
.......Failed qa: 1989-06-04T17:04:19.7000940Z
Failed qa: 1989-06-11T17:10:07.059075Z
.......Failed qa: 1989-06-19T17:15:18.0520250Z
Failed qa: 1989-06-20T17:03:54.2750130Z
..............Failed qa: 1989-07-05T17:15:31.928566Z
.......Failed qa: 1989-07-13T17:09:41.3650060Z
.......Failed qa: 1989-07-22T17:03:20.0030060Z
Failed qa: 1989-07-29T17:09:10.994540Z
.......Failed qa: 1989-08-07T17:02:59.8110750Z
Failed qa: 1989-08-14T17:08:48.023507Z
Failed qa: 1989-08-15T17:09:34.2220250Z
.......Failed qa: 1989-08-23T17:02:37.9800190Z
Failed qa: 1989-08-30T17:08:28.411040Z
Failed qa: 1989-08-31T17:09:34.5530250Z
.......Failed qa: 1989-09-07T17:15:32.634516Z
Failed qa: 1989-09-08T17:02:14.7500560Z
Failed qa: 1989-09-15T17:07:53.746053Z
.......Failed qa: 1989-09-24T17:01:49.8400190Z
Failed qa: 1989-10-01T17:07:46.415541Z
.......Failed qa: 1989-10-10T17:01:29.9280630Z
Failed qa: 1989-10-17T17:07:07.181587Z
.......Data has been pickled and saved to '/efs/timesync/1989/audit/1989_4303_1211_qa_rejects.p'.
Success tracking goes here
