{'project_id': '1211', 'year': '1989', 'x': 1376130, 'y': 2114400, 'plot_id': '634', 'strata': '41'}
Pandas(Index=0, project_id='1211', plot_id='634', x=1376130, y=2114400)
called process_plot
Pandas(Index=0, project_id='1211', plot_id='634', x=1376130, y=2114400)
634
Directory '/efs/timesync/1989/audit/' already exists.
Data has been pickled and saved to '/efs/timesync/1989/audit/1989_0634_1211.p'.
Failed qa: 1989-01-04T15:22:20.597041Z
Failed qa: 1989-01-04T15:22:44.559538Z
..............Failed qa: 1989-01-18T15:34:01.499556Z
Failed qa: 1989-01-18T15:34:25.392035Z
Failed qa: 1989-01-20T15:21:48.7930880Z
Failed qa: 1989-01-20T15:22:36.7220560Z
..............Failed qa: 1989-02-03T15:33:50.2830560Z
Failed qa: 1989-02-05T15:21:52.1020130Z
..............Failed qa: 1989-02-19T15:33:57.255572Z
Failed qa: 1989-02-19T15:34:21.150550Z
..............Failed qa: 1989-03-07T15:33:23.7070690Z
Failed qa: 1989-03-07T15:34:11.4980560Z
Failed qa: 1989-03-09T15:21:33.154560Z
Failed qa: 1989-03-09T15:21:57.122044Z
..............Failed qa: 1989-03-23T15:32:54.439550Z
Failed qa: 1989-03-23T15:33:18.336578Z
Failed qa: 1989-03-25T15:20:46.3820440Z
Failed qa: 1989-03-25T15:21:34.3200690Z
Failed qa: 1989-04-08T15:33:08.880525Z
Failed qa: 1989-04-08T15:33:32.779044Z
Failed qa: 1989-04-10T15:20:58.8040880Z
..............Failed qa: 1989-04-24T15:32:50.980050Z
Failed qa: 1989-04-24T15:33:14.880040Z
Failed qa: 1989-04-26T15:20:51.022550Z
Failed qa: 1989-04-26T15:21:14.994088Z
Failed qa: 1989-05-10T15:32:25.9500810Z
..............Failed qa: 1989-05-26T15:32:21.405537Z
Failed qa: 1989-05-26T15:32:45.308006Z
Failed qa: 1989-05-28T15:20:22.468522Z
Failed qa: 1989-05-28T15:20:46.442544Z
Failed qa: 1989-06-11T15:32:01.876009Z
Failed qa: 1989-06-11T15:32:25.779534Z
Failed qa: 1989-06-13T15:20:34.9910630Z
Failed qa: 1989-06-29T15:19:44.588560Z
Failed qa: 1989-06-29T15:20:08.565579Z
..............Failed qa: 1989-07-15T15:19:12.4470440Z
..............Failed qa: 1989-07-29T15:31:05.696047Z
Failed qa: 1989-07-29T15:31:29.532544Z
Failed qa: 1989-07-31T15:18:53.3620060Z
Failed qa: 1989-08-07T15:24:54.4980630Z
Failed qa: 1989-08-14T15:30:42.711544Z
Failed qa: 1989-08-14T15:31:06.621563Z
Failed qa: 1989-08-16T15:18:40.853572Z
Failed qa: 1989-08-16T15:19:04.764068Z
..............Failed qa: 1989-08-30T15:30:23.138079Z
Failed qa: 1989-08-30T15:30:46.978056Z
Failed qa: 1989-09-01T15:18:34.5710500Z
Failed qa: 1989-09-01T15:18:46.563034Z
Failed qa: 1989-09-08T15:24:09.5390380Z
Failed qa: 1989-09-08T15:24:57.5080190Z
Failed qa: 1989-09-15T15:29:36.5000000Z
Failed qa: 1989-09-17T15:18:01.6760810Z
Failed qa: 1989-09-17T15:18:13.669050Z
..............Failed qa: 1989-10-01T15:29:41.168516Z
Failed qa: 1989-10-01T15:29:53.0900310Z
Failed qa: 1989-10-03T15:17:53.3980940Z
Failed qa: 1989-10-03T15:18:05.391594Z
............................Failed qa: 1989-11-02T15:28:42.187515Z
Failed qa: 1989-11-02T15:29:06.034003Z
..............Failed qa: 1989-11-18T15:28:04.027532Z
Failed qa: 1989-11-18T15:28:27.874557Z
Failed qa: 1989-11-20T15:16:11.9360250Z
Failed qa: 1989-11-20T15:16:23.931522Z
Data has been pickled and saved to '/efs/timesync/1989/audit/1989_0634_1211_qa_rejects.p'.
Success tracking goes here
