{'project_id': '1211', 'year': '1989', 'x': 786720, 'y': 1962120, 'plot_id': '3123', 'strata': '41'}
Pandas(Index=0, project_id='1211', plot_id='3123', x=786720, y=1962120)
called process_plot
Pandas(Index=0, project_id='1211', plot_id='3123', x=786720, y=1962120)
3123
Directory '/efs/timesync/1989/audit/' already exists.
Data has been pickled and saved to '/efs/timesync/1989/audit/1989_3123_1211.p'.
..............Failed qa: 1989-01-16T15:47:27.0950250Z
..............Failed qa: 1989-01-30T15:59:43.8700250Z
Failed qa: 1989-02-01T15:47:23.3820380Z
..............Failed qa: 1989-02-17T15:47:19.7010250Z
............................Failed qa: 1989-03-12T15:52:57.4630500Z
..............Failed qa: 1989-04-04T15:58:01.3570690Z
Failed qa: 1989-04-06T15:46:29.4150690Z
............................Failed qa: 1989-04-22T15:46:13.9540250Z
............................Failed qa: 1989-05-08T15:46:02.3980750Z
Failed qa: 1989-05-15T15:51:14.4720250Z
Failed qa: 1989-05-15T15:52:02.4180690Z
Failed qa: 1989-05-22T15:57:19.0420190Z
Failed qa: 1989-05-24T15:45:44.2720250Z
............................Failed qa: 1989-06-09T15:45:27.1600810Z
............................Failed qa: 1989-06-24T15:56:11.0710190Z
Failed qa: 1989-06-25T15:45:06.3700560Z
Failed qa: 1989-07-02T15:50:23.1920560Z
..............Failed qa: 1989-07-11T15:44:48.5070940Z
............................Failed qa: 1989-07-27T15:44:29.4750750Z
Failed qa: 1989-08-12T15:44:07.3740630Z
............................Failed qa: 1989-08-28T15:43:47.5000250Z
..............Failed qa: 1989-09-13T15:43:14.2980000Z
............................Failed qa: 1989-09-29T15:42:51.937538Z
Failed qa: 1989-10-06T15:48:18.8140130Z
Failed qa: 1989-10-15T15:42:29.8830880Z
..............Data has been pickled and saved to '/efs/timesync/1989/audit/1989_3123_1211_qa_rejects.p'.
Success tracking goes here
