{'project_id': '1211', 'year': '1989', 'x': 1832910, 'y': 2248200, 'plot_id': '1092', 'strata': '41'}
Pandas(Index=0, project_id='1211', plot_id='1092', x=1832910, y=2248200)
called process_plot
Pandas(Index=0, project_id='1211', plot_id='1092', x=1832910, y=2248200)
1092
Directory '/efs/timesync/1989/audit/' already exists.
Data has been pickled and saved to '/efs/timesync/1989/audit/1989_1092_1211.p'.
..............Failed qa: 1989-01-24T14:57:15.204059Z
.......Failed qa: 1989-02-09T14:57:17.335078Z
.......Failed qa: 1989-02-25T14:57:09.578044Z
..............Failed qa: 1989-03-13T14:56:41.759569Z
.......Failed qa: 1989-03-27T15:08:50.3110940Z
..............Failed qa: 1989-04-14T14:56:24.313544Z
..........................................Failed qa: 1989-06-01T14:55:23.4630560Z
Failed qa: 1989-06-17T14:55:09.227041Z
..............Failed qa: 1989-07-03T14:54:56.398063Z
.......Failed qa: 1989-07-17T15:07:12.2730690Z
Failed qa: 1989-07-19T14:54:35.646568Z
.....................Failed qa: 1989-08-04T14:54:16.320553Z
.......Failed qa: 1989-08-12T15:01:00.7640310Z
..............Failed qa: 1989-08-20T14:53:53.413066Z
.......Failed qa: 1989-08-28T15:00:47.321072Z
.......Failed qa: 1989-09-05T14:53:33.612031Z
............................Failed qa: 1989-10-07T14:52:39.4270060Z
..............Failed qa: 1989-10-23T14:52:07.965525Z
.......Failed qa: 1989-11-08T14:51:50.095012Z
.......Data has been pickled and saved to '/efs/timesync/1989/audit/1989_1092_1211_qa_rejects.p'.
Success tracking goes here
