{'project_id': '1211', 'year': '1989', 'x': -744690, 'y': 2376330, 'plot_id': '512', 'strata': '41'}
Pandas(Index=0, project_id='1211', plot_id='512', x=-744690, y=2376330)
called process_plot
Pandas(Index=0, project_id='1211', plot_id='512', x=-744690, y=2376330)
512
Directory '/efs/timesync/1989/audit/' already exists.
Data has been pickled and saved to '/efs/timesync/1989/audit/1989_0512_1211.p'.
Failed qa: 1989-04-01T17:05:20.505553Z
..............Failed qa: 1989-04-17T17:05:06.6620810Z
..............Failed qa: 1989-05-03T17:04:51.9000630Z
..............Failed qa: 1989-05-19T17:04:42.933572Z
..............Failed qa: 1989-06-04T17:04:31.759569Z
.....................Failed qa: 1989-06-20T17:04:06.335019Z
...................................Failed qa: 1989-07-14T17:10:01.6760880Z
.......Failed qa: 1989-07-22T17:03:31.992522Z
..............Failed qa: 1989-08-07T17:03:11.801572Z
.......Failed qa: 1989-08-15T17:09:46.278057Z
.......Failed qa: 1989-08-23T17:02:49.971516Z
.......Failed qa: 1989-08-31T17:09:46.609047Z
..............Failed qa: 1989-09-08T17:02:14.7500560Z
..............Failed qa: 1989-09-24T17:02:01.905013Z
..............Failed qa: 1989-10-10T17:01:41.994038Z
..............Data has been pickled and saved to '/efs/timesync/1989/audit/1989_0512_1211_qa_rejects.p'.
Success tracking goes here
