{'project_id': '1211', 'year': '1989', 'x': -1049340, 'y': 2784810, 'plot_id': '1394', 'strata': '41'}
Pandas(Index=0, project_id='1211', plot_id='1394', x=-1049340, y=2784810)
called process_plot
Pandas(Index=0, project_id='1211', plot_id='1394', x=-1049340, y=2784810)
1394
Directory '/efs/timesync/1989/audit/' already exists.
Data has been pickled and saved to '/efs/timesync/1989/audit/1989_1394_1211.p'.
Failed qa: 1989-03-19T17:34:51.9680810Z
..............Failed qa: 1989-04-11T17:41:19.787062Z
Failed qa: 1989-04-13T17:29:08.483591Z
Failed qa: 1989-04-29T17:28:49.139588Z
.......Failed qa: 1989-05-15T17:28:31.996516Z
.......Failed qa: 1989-05-31T17:28:19.460544Z
.......Failed qa: 1989-06-14T17:40:05.397069Z
Failed qa: 1989-06-16T17:27:52.382525Z
.......Failed qa: 1989-06-24T17:33:28.844041Z
Failed qa: 1989-06-30T17:39:52.961003Z
.......Failed qa: 1989-07-02T17:27:40.863019Z
Failed qa: 1989-07-09T17:33:18.5170250Z
Failed qa: 1989-07-10T17:33:44.466522Z
Failed qa: 1989-07-16T17:39:32.537541Z
.......Failed qa: 1989-07-18T17:27:20.244013Z
.......Failed qa: 1989-07-26T17:33:31.258541Z
Failed qa: 1989-08-01T17:39:13.143584Z
.......Failed qa: 1989-08-03T17:27:00.294075Z
.......Failed qa: 1989-08-11T17:33:32.212547Z
Failed qa: 1989-08-17T17:38:47.684509Z
.......Failed qa: 1989-08-19T17:26:37.249003Z
.......Failed qa: 1989-08-27T17:33:30.318519Z
Failed qa: 1989-09-02T17:38:30.704047Z
Failed qa: 1989-09-04T17:26:18.226566Z
.......Failed qa: 1989-09-12T17:33:28.948078Z
.......Failed qa: 1989-09-20T17:25:46.509087Z
.......Failed qa: 1989-09-28T17:33:26.046584Z
Failed qa: 1989-10-04T17:37:49.488056Z
Failed qa: 1989-10-06T17:25:24.430057Z
..............Failed qa: 1989-10-22T17:24:52.847572Z
.......Data has been pickled and saved to '/efs/timesync/1989/audit/1989_1394_1211_qa_rejects.p'.
Success tracking goes here
