{'project_id': '1211', 'year': '1989', 'x': 741270, 'y': 1708440, 'plot_id': '4256', 'strata': '41'}
Pandas(Index=0, project_id='1211', plot_id='4256', x=741270, y=1708440)
called process_plot
Pandas(Index=0, project_id='1211', plot_id='4256', x=741270, y=1708440)
4256
Directory '/efs/timesync/1989/audit/' already exists.
Data has been pickled and saved to '/efs/timesync/1989/audit/1989_4256_1211.p'.
Failed qa: 1989-01-07T15:53:48.9290750Z
Failed qa: 1989-01-16T15:47:38.933525Z
..............Failed qa: 1989-02-01T15:47:35.221047Z
.......Failed qa: 1989-02-17T15:47:19.7010250Z
............................Failed qa: 1989-03-21T15:46:20.6420250Z
Failed qa: 1989-04-06T15:46:41.256566Z
..............Failed qa: 1989-04-22T15:46:25.796047Z
..............Failed qa: 1989-05-08T15:46:14.241059Z
Failed qa: 1989-05-15T15:52:02.4180690Z
Failed qa: 1989-05-24T15:45:56.115515Z
..............Failed qa: 1989-06-09T15:45:39.004087Z
Failed qa: 1989-06-16T15:51:22.7480630Z
.......Failed qa: 1989-06-25T15:45:18.215047Z
.......Failed qa: 1989-07-11T15:45:00.353047Z
..............Failed qa: 1989-07-27T15:44:41.321563Z
Failed qa: 1989-08-12T15:44:19.149551Z
..............Failed qa: 1989-08-28T15:43:59.348022Z
.......Failed qa: 1989-09-13T15:43:26.146528Z
..............Failed qa: 1989-09-29T15:43:03.9310250Z
Failed qa: 1989-10-15T15:42:41.734050Z
.......Data has been pickled and saved to '/efs/timesync/1989/audit/1989_4256_1211_qa_rejects.p'.
Success tracking goes here
