{'project_id': '1211', 'year': '1989', 'x': -903390, 'y': 1926690, 'plot_id': '1499', 'strata': '41'}
Pandas(Index=0, project_id='1211', plot_id='1499', x=-903390, y=1926690)
called process_plot
Pandas(Index=0, project_id='1211', plot_id='1499', x=-903390, y=1926690)
1499
Directory '/efs/timesync/1989/audit/' already exists.
Data has been pickled and saved to '/efs/timesync/1989/audit/1989_1499_1211.p'.
Failed qa: 1989-04-01T17:06:32.199028Z
..............Failed qa: 1989-04-17T17:06:30.418050Z
..............Failed qa: 1989-05-03T17:06:15.660528Z
Failed qa: 1989-05-10T17:12:30.7540630Z
.......Failed qa: 1989-05-19T17:05:42.6520880Z
..............Failed qa: 1989-06-04T17:05:55.4570060Z
.....................Failed qa: 1989-06-20T17:05:18.049022Z
...................................Failed qa: 1989-07-14T17:11:01.316041Z
.......Failed qa: 1989-07-22T17:04:43.643047Z
..............Failed qa: 1989-08-07T17:04:23.457534Z
.......Failed qa: 1989-08-15T17:10:57.974038Z
.......Failed qa: 1989-08-23T17:04:01.632591Z
.......Failed qa: 1989-08-31T17:10:58.447044Z
..............Failed qa: 1989-09-08T17:03:50.4000810Z
..............Failed qa: 1989-09-24T17:03:13.648016Z
..............Failed qa: 1989-10-10T17:02:53.742057Z
..............Data has been pickled and saved to '/efs/timesync/1989/audit/1989_1499_1211_qa_rejects.p'.
Success tracking goes here
