{'project_id': '1211', 'year': '1989', 'x': 829860, 'y': 1822830, 'plot_id': '3938', 'strata': '41'}
Pandas(Index=0, project_id='1211', plot_id='3938', x=829860, y=1822830)
called process_plot
Pandas(Index=0, project_id='1211', plot_id='3938', x=829860, y=1822830)
3938
Directory '/efs/timesync/1989/audit/' already exists.
Data has been pickled and saved to '/efs/timesync/1989/audit/1989_3938_1211.p'.
.......Failed qa: 1989-01-16T15:47:27.0950250Z
.......Failed qa: 1989-01-30T15:59:43.8700250Z
Failed qa: 1989-02-01T15:47:23.3820380Z
.......Failed qa: 1989-02-17T15:47:19.7010250Z
.......Failed qa: 1989-03-03T15:59:14.063050Z
.......Failed qa: 1989-03-19T15:58:34.142519Z
Failed qa: 1989-04-06T15:46:29.4150690Z
.......Failed qa: 1989-04-20T15:58:24.532562Z
Failed qa: 1989-04-22T15:46:13.9540250Z
.......Failed qa: 1989-05-06T15:58:14.371522Z
Failed qa: 1989-05-08T15:46:02.3980750Z
.......Failed qa: 1989-05-24T15:45:44.2720250Z
.......Failed qa: 1989-06-07T15:57:40.123544Z
Failed qa: 1989-06-09T15:45:27.1600810Z
.......Failed qa: 1989-06-23T15:57:16.327063Z
Failed qa: 1989-06-25T15:45:06.3700560Z
Failed qa: 1989-07-09T15:57:00.581019Z
Failed qa: 1989-07-11T15:44:48.5070940Z
.......Failed qa: 1989-07-25T15:56:41.566087Z
Failed qa: 1989-07-27T15:44:29.4750750Z
Failed qa: 1989-08-12T15:44:07.3740630Z
.......Failed qa: 1989-08-26T15:55:59.298510Z
Failed qa: 1989-08-28T15:43:47.5000250Z
.......Failed qa: 1989-09-13T15:43:14.2980000Z
.......Failed qa: 1989-09-27T15:55:14.478566Z
Failed qa: 1989-09-29T15:42:51.937538Z
Failed qa: 1989-10-15T15:42:29.8830880Z
.......Data has been pickled and saved to '/efs/timesync/1989/audit/1989_3938_1211_qa_rejects.p'.
Success tracking goes here
