{'project_id': '1211', 'year': '1989', 'x': -92220, 'y': 1585080, 'plot_id': '3874', 'strata': '41'}
Pandas(Index=0, project_id='1211', plot_id='3874', x=-92220, y=1585080)
called process_plot
Pandas(Index=0, project_id='1211', plot_id='3874', x=-92220, y=1585080)
3874
Directory '/efs/timesync/1989/audit/' already exists.
Data has been pickled and saved to '/efs/timesync/1989/audit/1989_3874_1211.p'.
Failed qa: 1989-01-15T16:43:17.572569Z
Failed qa: 1989-01-17T16:31:16.346547Z
.......Failed qa: 1989-01-31T16:43:12.191547Z
.......Failed qa: 1989-02-16T16:43:09.166050Z
Failed qa: 1989-02-18T16:31:22.4170310Z
.......Failed qa: 1989-03-04T16:42:51.985025Z
Failed qa: 1989-03-06T16:30:50.532522Z
.......Failed qa: 1989-03-22T16:30:09.881531Z
Failed qa: 1989-04-05T16:42:17.938525Z
Failed qa: 1989-04-07T16:30:21.256037Z
Failed qa: 1989-04-21T16:42:03.755556Z
Failed qa: 1989-04-23T16:30:04.657084Z
.......Failed qa: 1989-05-07T16:41:52.919044Z
..............Failed qa: 1989-05-23T16:41:34.079515Z
Failed qa: 1989-06-10T16:29:28.6720500Z
Failed qa: 1989-06-16T16:46:45.2050630Z
..............Failed qa: 1989-07-03T16:34:49.220034Z
Failed qa: 1989-07-10T16:40:39.093591Z
.......Failed qa: 1989-07-26T16:40:19.997519Z
.....................Failed qa: 1989-08-11T16:39:57.856050Z
.....................Failed qa: 1989-08-27T16:39:37.829085Z
.......Failed qa: 1989-09-05T16:33:50.2830250Z
..............Failed qa: 1989-10-14T16:38:21.685566Z
.......Failed qa: 1989-11-01T16:25:55.701029Z
.......Failed qa: 1989-11-15T16:37:19.723535Z
Failed qa: 1989-11-17T16:25:18.730572Z
Failed qa: 1989-12-01T16:37:02.300531Z
Data has been pickled and saved to '/efs/timesync/1989/audit/1989_3874_1211_qa_rejects.p'.
Success tracking goes here
