{'project_id': '1211', 'year': '1989', 'x': -1940910, 'y': 1517010, 'plot_id': '1058', 'strata': '41'}
Pandas(Index=0, project_id='1211', plot_id='1058', x=-1940910, y=1517010)
called process_plot
Pandas(Index=0, project_id='1211', plot_id='1058', x=-1940910, y=1517010)
1058
Directory '/efs/timesync/1989/audit/' already exists.
Data has been pickled and saved to '/efs/timesync/1989/audit/1989_1058_1211.p'.
........................................................Failed qa: 1989-03-26T17:45:07.616015Z
............................Failed qa: 1989-04-11T17:45:06.5760810Z
Failed qa: 1989-04-11T17:45:18.490047Z
............................Failed qa: 1989-04-27T17:44:45.7220060Z
Failed qa: 1989-04-27T17:44:57.636025Z
............................Failed qa: 1989-05-13T17:44:31.3960810Z
Failed qa: 1989-05-13T17:44:43.382587Z
Failed qa: 1989-05-20T17:50:09.9380880Z
Failed qa: 1989-05-20T17:50:57.7420690Z
..............Failed qa: 1989-05-29T17:44:18.0200060Z
Failed qa: 1989-05-29T17:44:29.935047Z
..............Failed qa: 1989-06-06T17:49:23.2850690Z
Failed qa: 1989-06-06T17:49:23.2850690Z
..............Failed qa: 1989-06-13T17:55:06.7310000Z
Failed qa: 1989-06-14T17:43:52.3050940Z
Failed qa: 1989-06-14T17:44:04.221556Z
............................Failed qa: 1989-06-29T17:55:12.6970190Z
Failed qa: 1989-06-30T17:43:39.8130750Z
Failed qa: 1989-06-30T17:43:51.730072Z
............................Failed qa: 1989-07-16T17:43:19.2550940Z
Failed qa: 1989-07-16T17:43:31.172582Z
............................Failed qa: 1989-08-01T17:42:59.8800190Z
Failed qa: 1989-08-01T17:43:11.798053Z
............................Failed qa: 1989-08-17T17:42:34.4400310Z
Failed qa: 1989-08-17T17:42:46.431050Z
............................Failed qa: 1989-09-02T17:42:17.6140690Z
Failed qa: 1989-09-02T17:42:29.534063Z
..............Failed qa: 1989-09-16T17:54:32.3740940Z
Failed qa: 1989-09-18T17:41:45.0970630Z
Failed qa: 1989-09-18T17:41:57.018044Z
............................Failed qa: 1989-10-04T17:41:36.3610750Z
Failed qa: 1989-10-04T17:41:48.283053Z
............................Failed qa: 1989-10-20T17:41:03.970507Z
................................................................................................................Data has been pickled and saved to '/efs/timesync/1989/audit/1989_1058_1211_qa_rejects.p'.
Success tracking goes here
