{'project_id': '1211', 'year': '1989', 'x': -1992390, 'y': 2718840, 'plot_id': '4265', 'strata': '41'}
Pandas(Index=0, project_id='1211', plot_id='4265', x=-1992390, y=2718840)
called process_plot
Pandas(Index=0, project_id='1211', plot_id='4265', x=-1992390, y=2718840)
4265
Directory '/efs/timesync/1989/audit/' already exists.
Data has been pickled and saved to '/efs/timesync/1989/audit/1989_4265_1211.p'.
Failed qa: 1989-03-18T18:31:29.974028Z
.......Failed qa: 1989-04-03T18:31:43.0440500Z
.......Failed qa: 1989-04-12T18:25:22.574054Z
Failed qa: 1989-04-21T18:18:45.3820500Z
.......Failed qa: 1989-05-05T18:31:10.046537Z
.....................Failed qa: 1989-06-06T18:30:36.374047Z
............................Failed qa: 1989-07-17T18:23:22.7990440Z
Failed qa: 1989-07-24T18:29:37.576003Z
.......Failed qa: 1989-08-02T18:23:03.1190750Z
Failed qa: 1989-08-09T18:29:03.9630310Z
..............Failed qa: 1989-09-03T18:22:32.816069Z
Failed qa: 1989-09-10T18:28:28.584578Z
.....................Failed qa: 1989-10-05T18:21:51.335034Z
.......Failed qa: 1989-10-21T18:20:55.7260750Z
Failed qa: 1989-10-28T18:27:09.575062Z
.......Data has been pickled and saved to '/efs/timesync/1989/audit/1989_4265_1211_qa_rejects.p'.
Success tracking goes here
