{'project_id': '1211', 'year': '1989', 'x': 619050, 'y': 1916370, 'plot_id': '4939', 'strata': '41'}
Pandas(Index=0, project_id='1211', plot_id='4939', x=619050, y=1916370)
called process_plot
Pandas(Index=0, project_id='1211', plot_id='4939', x=619050, y=1916370)
4939
Directory '/efs/timesync/1989/audit/' already exists.
Data has been pickled and saved to '/efs/timesync/1989/audit/1989_4939_1211.p'.
.......Failed qa: 1989-01-30T15:59:43.8700250Z
Failed qa: 1989-02-06T16:05:55.3660750Z
.......Failed qa: 1989-03-03T15:59:14.063050Z
.......Failed qa: 1989-03-19T15:58:34.142519Z
..............Failed qa: 1989-04-20T15:58:24.532562Z
Failed qa: 1989-05-06T15:58:14.371522Z
..............Failed qa: 1989-06-07T15:57:40.123544Z
.......Failed qa: 1989-06-23T15:57:16.327063Z
.......Failed qa: 1989-07-09T15:57:00.581019Z
.......Failed qa: 1989-07-25T15:56:41.566087Z
.......Failed qa: 1989-08-26T15:55:59.298510Z
..............Failed qa: 1989-09-27T15:55:14.478566Z
.......Failed qa: 1989-10-20T16:00:47.5160440Z
.......Data has been pickled and saved to '/efs/timesync/1989/audit/1989_4939_1211_qa_rejects.p'.
Success tracking goes here
