{'project_id': '1211', 'year': '1989', 'x': 267060, 'y': 2013450, 'plot_id': '270', 'strata': '41'}
Pandas(Index=0, project_id='1211', plot_id='270', x=267060, y=2013450)
called process_plot
Pandas(Index=0, project_id='1211', plot_id='270', x=267060, y=2013450)
270
Directory '/efs/timesync/1989/audit/' already exists.
Data has been pickled and saved to '/efs/timesync/1989/audit/1989_0270_1211.p'.
..............Failed qa: 1989-01-17T16:30:04.742000Z
Failed qa: 1989-01-19T16:17:38.743040Z
..............Failed qa: 1989-02-20T16:17:23.9630940Z
Failed qa: 1989-02-27T16:23:50.9870190Z
Failed qa: 1989-03-06T16:29:38.918513Z
.......Failed qa: 1989-03-22T16:28:58.333547Z
Failed qa: 1989-03-24T16:16:34.833535Z
.......Failed qa: 1989-04-07T16:29:21.6170880Z
..............Failed qa: 1989-04-23T16:28:53.029556Z
..............Failed qa: 1989-05-09T16:28:40.623563Z
.....................Failed qa: 1989-06-04T16:20:53.1260000Z
Failed qa: 1989-06-10T16:27:53.2010750Z
.......Failed qa: 1989-06-19T16:21:51.2320000Z
Failed qa: 1989-06-26T16:27:45.718541Z
............................Failed qa: 1989-07-28T16:27:08.255047Z
Failed qa: 1989-07-30T16:14:31.9750500Z
Failed qa: 1989-08-06T16:20:57.0750190Z
Failed qa: 1989-08-13T16:26:45.444544Z
..............Failed qa: 1989-09-14T16:25:37.8790310Z
..............Failed qa: 1989-09-30T16:25:43.058053Z
............................Failed qa: 1989-11-01T16:24:44.090544Z
..............Failed qa: 1989-11-17T16:24:07.189522Z
.......Data has been pickled and saved to '/efs/timesync/1989/audit/1989_0270_1211_qa_rejects.p'.
Success tracking goes here
