{'project_id': '1211', 'year': '1989', 'x': -1363740, 'y': 1212990, 'plot_id': '3165', 'strata': '41'}
Pandas(Index=0, project_id='1211', plot_id='3165', x=-1363740, y=1212990)
called process_plot
Pandas(Index=0, project_id='1211', plot_id='3165', x=-1363740, y=1212990)
3165
Directory '/efs/timesync/1989/audit/' already exists.
Data has been pickled and saved to '/efs/timesync/1989/audit/1989_3165_1211.p'.
............................Failed qa: 1989-02-16T17:36:37.572075Z
Failed qa: 1989-02-16T17:37:01.398066Z
............................Failed qa: 1989-02-27T17:18:34.382554Z
Failed qa: 1989-03-07T17:15:03.7600060Z
............................Failed qa: 1989-04-08T17:14:49.169035Z
Failed qa: 1989-04-13T17:32:55.202566Z
Failed qa: 1989-04-13T17:33:19.102031Z
Failed qa: 1989-04-15T17:20:54.925528Z
Failed qa: 1989-04-15T17:20:31.098035Z
Failed qa: 1989-04-15T17:20:54.925528Z
............................Failed qa: 1989-04-24T17:14:31.226006Z
Failed qa: 1989-04-29T17:32:36.014547Z
Failed qa: 1989-04-29T17:32:59.843057Z
Failed qa: 1989-05-01T17:20:37.883526Z
Failed qa: 1989-05-01T17:20:13.983025Z
Failed qa: 1989-05-01T17:20:37.883526Z
............................Failed qa: 1989-05-10T17:14:18.058040Z
Failed qa: 1989-05-15T17:32:18.953031Z
Failed qa: 1989-05-15T17:32:42.854538Z
Failed qa: 1989-05-17T17:20:17.582050Z
Failed qa: 1989-05-17T17:19:53.680088Z
Failed qa: 1989-05-17T17:20:17.582050Z
............................Failed qa: 1989-05-26T17:14:01.772059Z
Failed qa: 1989-05-31T17:32:06.429034Z
Failed qa: 1989-05-31T17:32:30.331557Z
Failed qa: 1989-06-02T17:20:06.618050Z
Failed qa: 1989-06-02T17:19:42.715512Z
Failed qa: 1989-06-02T17:20:06.618050Z
............................Failed qa: 1989-06-10T17:25:27.2670750Z
Failed qa: 1989-06-10T17:25:03.2980060Z
Failed qa: 1989-06-10T17:25:15.282540Z
Failed qa: 1989-06-11T17:13:42.050000Z
Failed qa: 1989-06-16T17:31:39.293053Z
Failed qa: 1989-06-16T17:32:03.197531Z
............................Failed qa: 1989-06-18T17:19:40.771553Z
Failed qa: 1989-06-18T17:19:16.867060Z
Failed qa: 1989-06-18T17:19:40.771553Z
Failed qa: 1989-06-19T17:19:04.909082Z
Failed qa: 1989-06-24T17:37:15.629541Z
Failed qa: 1989-06-24T17:37:39.456556Z
............................Failed qa: 1989-06-26T17:25:30.0650000Z
Failed qa: 1989-06-26T17:24:54.181043Z
Failed qa: 1989-06-26T17:25:18.080003Z
Failed qa: 1989-07-02T17:31:27.645034Z
Failed qa: 1989-07-02T17:31:51.551013Z
Failed qa: 1989-07-04T17:19:26.790031Z
Failed qa: 1989-07-04T17:19:02.956028Z
Failed qa: 1989-07-04T17:19:26.790031Z
Failed qa: 1989-07-05T17:19:06.731013Z
Failed qa: 1989-07-10T17:37:19.268013Z
Failed qa: 1989-07-10T17:37:43.166525Z
Failed qa: 1989-07-12T17:25:21.964575Z
Failed qa: 1989-07-12T17:24:58.137541Z
Failed qa: 1989-07-12T17:25:21.964575Z
Failed qa: 1989-07-13T17:13:04.244053Z
Failed qa: 1989-07-18T17:31:06.964584Z
Failed qa: 1989-07-18T17:31:30.871581Z
Failed qa: 1989-07-20T17:19:05.922534Z
Failed qa: 1989-07-20T17:18:42.015525Z
Failed qa: 1989-07-20T17:19:05.922534Z
Failed qa: 1989-07-26T17:37:18.045569Z
Failed qa: 1989-07-26T17:37:41.944091Z
Failed qa: 1989-07-29T17:12:45.809069Z
Failed qa: 1989-08-03T17:30:47.032594Z
Failed qa: 1989-08-03T17:31:10.870047Z
Failed qa: 1989-08-05T17:18:47.124519Z
Failed qa: 1989-08-05T17:18:23.287506Z
Failed qa: 1989-08-05T17:18:47.124519Z
Failed qa: 1989-08-11T17:37:19.142516Z
Failed qa: 1989-08-11T17:37:42.969543Z
............................Failed qa: 1989-08-14T17:12:22.927056Z
Failed qa: 1989-08-19T17:30:24.078066Z
Failed qa: 1989-08-19T17:30:47.989047Z
Failed qa: 1989-08-21T17:18:24.971519Z
Failed qa: 1989-08-21T17:18:01.060532Z
Failed qa: 1989-08-21T17:18:24.971519Z
Failed qa: 1989-08-27T17:37:17.246544Z
Failed qa: 1989-08-27T17:37:41.145044Z
............................Failed qa: 1989-08-30T17:12:03.399069Z
Failed qa: 1989-09-04T17:30:05.140541Z
Failed qa: 1989-09-04T17:30:28.981018Z
Failed qa: 1989-09-06T17:18:03.788047Z
Failed qa: 1989-09-06T17:17:39.947562Z
Failed qa: 1989-09-06T17:18:03.788047Z
Failed qa: 1989-09-07T17:18:55.7350750Z
Failed qa: 1989-09-12T17:37:15.875585Z
Failed qa: 1989-09-12T17:37:39.774076Z
............................Failed qa: 1989-09-15T17:11:28.749050Z
Failed qa: 1989-09-20T17:29:33.440085Z
Failed qa: 1989-09-20T17:29:57.354084Z
Failed qa: 1989-09-22T17:17:34.464547Z
Failed qa: 1989-09-22T17:17:10.550535Z
Failed qa: 1989-09-22T17:17:34.464547Z
Failed qa: 1989-09-28T17:37:12.975040Z
Failed qa: 1989-09-28T17:37:36.873541Z
............................Failed qa: 1989-10-01T17:11:21.435556Z
Failed qa: 1989-10-06T17:29:23.227553Z
Failed qa: 1989-10-06T17:29:47.143069Z
Failed qa: 1989-10-08T17:17:20.862066Z
Failed qa: 1989-10-08T17:16:56.946065Z
Failed qa: 1989-10-08T17:17:20.862066Z
............................Failed qa: 1989-10-17T17:10:42.075506Z
Failed qa: 1989-10-22T17:28:39.666581Z
Failed qa: 1989-10-22T17:29:03.584063Z
Failed qa: 1989-10-24T17:16:50.2040630Z
Failed qa: 1989-10-24T17:16:14.292057Z
Failed qa: 1989-10-24T17:16:38.209550Z
Failed qa: 1989-11-07T17:28:22.354544Z
Failed qa: 1989-11-07T17:28:46.201044Z
Data has been pickled and saved to '/efs/timesync/1989/audit/1989_3165_1211_qa_rejects.p'.
Success tracking goes here
