{'project_id': '1211', 'year': '1989', 'x': 178290, 'y': 2127840, 'plot_id': '143', 'strata': '41'}
Pandas(Index=0, project_id='1211', plot_id='143', x=178290, y=2127840)
called process_plot
Pandas(Index=0, project_id='1211', plot_id='143', x=178290, y=2127840)
143
Directory '/efs/timesync/1989/audit/' already exists.
Data has been pickled and saved to '/efs/timesync/1989/audit/1989_0143_1211.p'.
Failed qa: 1989-01-03T16:17:46.2220130Z
............................Failed qa: 1989-02-20T16:17:23.9630940Z
Failed qa: 1989-02-27T16:23:03.1970130Z
.......Failed qa: 1989-03-08T16:17:00.7980560Z
..............Failed qa: 1989-04-07T16:28:33.9640630Z
Failed qa: 1989-04-09T16:16:36.2820880Z
..............Failed qa: 1989-04-25T16:16:17.4090380Z
..............Failed qa: 1989-05-11T16:16:03.5660000Z
Failed qa: 1989-05-27T16:15:48.3820690Z
.......Failed qa: 1989-06-04T16:20:53.1260000Z
.......Failed qa: 1989-06-19T16:21:03.5660500Z
.......Failed qa: 1989-06-28T16:15:10.7640940Z
.......Failed qa: 1989-07-14T16:14:50.8540130Z
..............Failed qa: 1989-07-30T16:14:31.9750500Z
.......Failed qa: 1989-08-15T16:14:08.4190810Z
..............Failed qa: 1989-09-16T16:13:15.8910250Z
..............Failed qa: 1989-10-02T16:13:07.9360810Z
.......Failed qa: 1989-10-18T16:12:25.8290130Z
..............Failed qa: 1989-11-03T16:12:08.9280310Z
..............Data has been pickled and saved to '/efs/timesync/1989/audit/1989_0143_1211_qa_rejects.p'.
Success tracking goes here
