{'project_id': '1211', 'year': '1989', 'x': -761790, 'y': 1770810, 'plot_id': '4112', 'strata': '41'}
Pandas(Index=0, project_id='1211', plot_id='4112', x=-761790, y=1770810)
called process_plot
Pandas(Index=0, project_id='1211', plot_id='4112', x=-761790, y=1770810)
4112
Directory '/efs/timesync/1989/audit/' already exists.
Data has been pickled and saved to '/efs/timesync/1989/audit/1989_4112_1211.p'.
Failed qa: 1989-03-07T17:13:52.1450690Z
Failed qa: 1989-03-25T17:00:39.335069Z
..............Failed qa: 1989-04-08T17:13:13.717556Z
Failed qa: 1989-04-10T17:00:51.717035Z
..............Failed qa: 1989-04-19T16:54:40.0430190Z
Failed qa: 1989-04-24T17:12:55.841522Z
Failed qa: 1989-04-26T17:00:31.878557Z
..............Failed qa: 1989-05-05T16:54:28.3440810Z
Failed qa: 1989-05-10T17:12:42.597053Z
Failed qa: 1989-05-19T17:06:30.3130000Z
Failed qa: 1989-05-19T17:06:30.3130000Z
Failed qa: 1989-05-21T16:54:08.4930940Z
Failed qa: 1989-05-26T17:12:26.307047Z
Failed qa: 1989-05-28T17:00:03.411575Z
..............Failed qa: 1989-06-06T16:53:54.8260630Z
Failed qa: 1989-06-11T17:12:06.506531Z
Failed qa: 1989-06-13T16:59:39.781041Z
..............Failed qa: 1989-06-21T17:05:08.013060Z
Failed qa: 1989-07-05T17:17:31.350063Z
Failed qa: 1989-07-07T17:05:11.610094Z
Failed qa: 1989-07-08T16:53:14.7840750Z
Failed qa: 1989-07-13T17:11:28.834563Z
..............Failed qa: 1989-07-15T16:59:05.209500Z
..............Failed qa: 1989-07-24T16:52:55.7840000Z
Failed qa: 1989-07-29T17:11:10.463576Z
Failed qa: 1989-07-31T16:58:46.166550Z
..............Failed qa: 1989-08-09T16:52:34.1250750Z
Failed qa: 1989-08-14T17:10:47.502051Z
..............Failed qa: 1989-08-16T16:58:21.616516Z
..............Failed qa: 1989-08-30T17:10:27.897038Z
..............Failed qa: 1989-09-01T16:58:03.553056Z
Failed qa: 1989-09-07T17:17:32.197562Z
..............Failed qa: 1989-09-10T16:51:47.1210000Z
Failed qa: 1989-09-15T17:09:53.312034Z
Failed qa: 1989-09-17T16:57:30.680034Z
..............Failed qa: 1989-09-26T16:51:27.6820880Z
Failed qa: 1989-10-01T17:09:45.990566Z
Failed qa: 1989-10-03T16:57:34.1590690Z
..............Failed qa: 1989-10-17T17:09:06.623025Z
Data has been pickled and saved to '/efs/timesync/1989/audit/1989_4112_1211_qa_rejects.p'.
Success tracking goes here
