{'project_id': '1211', 'year': '1989', 'x': -1514970, 'y': 2527710, 'plot_id': '2017', 'strata': '41'}
Pandas(Index=0, project_id='1211', plot_id='2017', x=-1514970, y=2527710)
called process_plot
Pandas(Index=0, project_id='1211', plot_id='2017', x=-1514970, y=2527710)
2017
Directory '/efs/timesync/1989/audit/' already exists.
Data has been pickled and saved to '/efs/timesync/1989/audit/1989_2017_1211.p'.
Failed qa: 1989-02-27T18:01:56.2100310Z
Failed qa: 1989-03-15T18:01:11.676057Z
Failed qa: 1989-03-17T17:48:51.4320630Z
Failed qa: 1989-03-17T17:48:39.448041Z
Failed qa: 1989-03-22T18:06:51.4160060Z
..............Failed qa: 1989-03-31T18:00:55.955053Z
Failed qa: 1989-04-02T17:48:49.6940500Z
Failed qa: 1989-04-02T17:48:37.709065Z
..............Failed qa: 1989-04-11T17:42:31.340572Z
Failed qa: 1989-04-16T18:00:57.737554Z
Failed qa: 1989-04-18T17:48:32.067053Z
Failed qa: 1989-04-18T17:48:32.067053Z
..............Failed qa: 1989-05-02T18:00:41.848537Z
Failed qa: 1989-05-04T17:48:18.744006Z
Failed qa: 1989-05-04T17:48:18.744006Z
..............Failed qa: 1989-05-18T18:00:07.9260750Z
Failed qa: 1989-05-20T17:47:58.514053Z
Failed qa: 1989-05-20T17:47:58.514053Z
Failed qa: 1989-05-26T18:05:20.330034Z
..............Failed qa: 1989-05-29T17:41:42.689038Z
Failed qa: 1989-06-03T18:00:10.278044Z
Failed qa: 1989-06-05T17:47:46.068034Z
Failed qa: 1989-06-05T17:47:46.068034Z
..............Failed qa: 1989-06-13T17:53:07.4530250Z
Failed qa: 1989-06-13T17:52:55.396556Z
Failed qa: 1989-06-14T17:41:17.037534Z
Failed qa: 1989-06-19T17:59:44.560057Z
Failed qa: 1989-06-21T17:47:20.739060Z
Failed qa: 1989-06-21T17:47:20.739060Z
..............Failed qa: 1989-06-29T17:53:13.4180130Z
Failed qa: 1989-06-29T17:53:01.433013Z
Failed qa: 1989-06-30T17:41:04.534044Z
Failed qa: 1989-07-05T17:59:29.747532Z
Failed qa: 1989-07-07T17:47:05.692072Z
Failed qa: 1989-07-07T17:47:05.692072Z
..............Failed qa: 1989-07-15T17:53:17.1550310Z
Failed qa: 1989-07-15T17:53:05.170028Z
Failed qa: 1989-07-16T17:40:44.114028Z
Failed qa: 1989-07-21T17:59:10.110572Z
Failed qa: 1989-07-23T17:46:46.738559Z
Failed qa: 1989-07-23T17:46:46.738559Z
Failed qa: 1989-07-29T18:05:25.676544Z
..............Failed qa: 1989-07-31T17:53:16.0010630Z
Failed qa: 1989-07-31T17:53:04.016066Z
Failed qa: 1989-08-01T17:40:24.726041Z
Failed qa: 1989-08-06T17:58:50.440551Z
Failed qa: 1989-08-08T17:46:25.780066Z
Failed qa: 1989-08-08T17:46:25.780066Z
Failed qa: 1989-08-14T18:05:24.304078Z
..............Failed qa: 1989-08-16T17:53:12.4350250Z
Failed qa: 1989-08-16T17:53:00.450025Z
Failed qa: 1989-08-17T17:39:59.272535Z
Failed qa: 1989-08-22T17:58:28.362056Z
Failed qa: 1989-08-24T17:46:04.225538Z
Failed qa: 1989-08-24T17:46:04.225538Z
..............Failed qa: 1989-09-02T17:39:42.295566Z
Failed qa: 1989-09-07T17:58:06.237060Z
Failed qa: 1989-09-09T17:45:39.705032Z
Failed qa: 1989-09-09T17:45:39.705032Z
..............Failed qa: 1989-09-18T17:39:21.7610060Z
Failed qa: 1989-09-23T17:57:39.249069Z
Failed qa: 1989-09-25T17:45:17.649088Z
Failed qa: 1989-09-25T17:45:17.649088Z
Failed qa: 1989-10-04T17:39:13.1560380Z
Failed qa: 1989-10-11T17:44:53.992041Z
Failed qa: 1989-10-11T17:44:53.992041Z
..............Failed qa: 1989-10-20T17:38:16.838531Z
Failed qa: 1989-10-25T17:56:40.778575Z
Data has been pickled and saved to '/efs/timesync/1989/audit/1989_2017_1211_qa_rejects.p'.
Success tracking goes here
