{'project_id': '1211', 'year': '1989', 'x': 541830, 'y': 1513980, 'plot_id': '4202', 'strata': '41'}
Pandas(Index=0, project_id='1211', plot_id='4202', x=541830, y=1513980)
called process_plot
Pandas(Index=0, project_id='1211', plot_id='4202', x=541830, y=1513980)
4202
Directory '/efs/timesync/1989/audit/' already exists.
Data has been pickled and saved to '/efs/timesync/1989/audit/1989_4202_1211.p'.
Failed qa: 1989-01-12T16:12:38.5610750Z
Failed qa: 1989-01-12T16:12:38.5610750Z
..............Failed qa: 1989-01-28T16:12:27.4670000Z
Failed qa: 1989-01-28T16:12:51.360016Z
Failed qa: 1989-01-30T16:00:19.530531Z
Failed qa: 1989-01-30T16:00:43.495531Z
............................Failed qa: 1989-03-01T16:12:26.178528Z
Failed qa: 1989-03-01T16:12:38.162025Z
Failed qa: 1989-03-03T16:00:01.709578Z
Failed qa: 1989-03-03T16:00:13.6930750Z
..............Failed qa: 1989-03-17T16:11:45.916594Z
Failed qa: 1989-03-17T16:11:57.901062Z
Failed qa: 1989-03-19T15:59:33.7770190Z
Failed qa: 1989-03-19T15:59:45.689525Z
............................Failed qa: 1989-04-18T16:11:38.507525Z
Failed qa: 1989-04-18T16:11:50.421516Z
Failed qa: 1989-04-20T15:59:12.188541Z
Failed qa: 1989-04-20T15:59:36.088057Z
Failed qa: 1989-05-06T15:58:50.0430630Z
Failed qa: 1989-05-06T15:59:37.8450440Z
Failed qa: 1989-05-13T16:04:50.5390130Z
Failed qa: 1989-05-20T16:11:04.822009Z
Failed qa: 1989-05-20T16:11:04.822009Z
Failed qa: 1989-05-22T15:58:54.6490880Z
Failed qa: 1989-05-22T15:59:06.564547Z
..............Failed qa: 1989-06-05T16:10:40.3930310Z
Failed qa: 1989-06-05T16:11:04.296037Z
Failed qa: 1989-06-07T15:58:27.786556Z
Failed qa: 1989-06-07T15:58:51.761566Z
Failed qa: 1989-06-14T16:04:11.4580630Z
Failed qa: 1989-06-21T16:10:27.063547Z
Failed qa: 1989-06-21T16:10:38.980044Z
Failed qa: 1989-06-23T15:57:52.0050560Z
Failed qa: 1989-06-23T15:58:39.8150380Z
..............Failed qa: 1989-07-07T16:10:11.927066Z
Failed qa: 1989-07-07T16:10:23.844535Z
Failed qa: 1989-07-09T15:57:48.178019Z
Failed qa: 1989-07-09T15:58:12.084041Z
..............Failed qa: 1989-07-23T16:09:52.922057Z
Failed qa: 1989-07-23T16:09:52.922057Z
Failed qa: 1989-07-25T15:57:29.167025Z
Failed qa: 1989-07-25T15:57:53.075010Z
..............Failed qa: 1989-08-26T15:56:46.977510Z
Failed qa: 1989-08-26T15:57:10.888535Z
..............Failed qa: 1989-09-09T16:08:46.215559Z
Failed qa: 1989-09-09T16:08:58.136047Z
..............Failed qa: 1989-09-25T16:08:23.916576Z
Failed qa: 1989-09-25T16:08:23.916576Z
Failed qa: 1989-09-27T15:56:02.164572Z
Failed qa: 1989-09-27T15:56:26.079553Z
..............Failed qa: 1989-10-11T16:08:00.512541Z
Failed qa: 1989-10-11T16:08:12.434572Z
..............Failed qa: 1989-11-12T16:06:59.166050Z
Failed qa: 1989-11-12T16:07:11.089547Z
..............Data has been pickled and saved to '/efs/timesync/1989/audit/1989_4202_1211_qa_rejects.p'.
Success tracking goes here
