{'project_id': '1211', 'year': '1989', 'x': -215970, 'y': 1963920, 'plot_id': '465', 'strata': '41'}
Pandas(Index=0, project_id='1211', plot_id='465', x=-215970, y=1963920)
called process_plot
Pandas(Index=0, project_id='1211', plot_id='465', x=-215970, y=1963920)
465
Directory '/efs/timesync/1989/audit/' already exists.
Data has been pickled and saved to '/efs/timesync/1989/audit/1989_0465_1211.p'.
............................Failed qa: 1989-01-24T16:36:44.4760810Z
............................Failed qa: 1989-02-09T16:36:46.4470940Z
............................Failed qa: 1989-02-25T16:36:38.6910940Z
............................Failed qa: 1989-03-18T16:53:36.5940000Z
Failed qa: 1989-03-20T16:41:12.4030500Z
..............Failed qa: 1989-04-03T16:53:37.5240810Z
............................Failed qa: 1989-04-19T16:53:28.4160440Z
..........................................Failed qa: 1989-04-30T16:35:35.0950560Z
Failed qa: 1989-05-05T16:53:16.7130880Z
............................Failed qa: 1989-05-16T16:35:16.3870940Z
Failed qa: 1989-05-21T16:52:56.7160690Z
............................Failed qa: 1989-06-06T16:52:43.1880810Z
Failed qa: 1989-06-17T16:34:38.3430940Z
Failed qa: 1989-06-30T16:58:00.0430810Z
..............Failed qa: 1989-07-03T16:34:25.4580060Z
Failed qa: 1989-07-08T16:52:03.1380250Z
............................Failed qa: 1989-07-19T16:34:04.6480250Z
Failed qa: 1989-07-24T16:51:44.1320750Z
..............Failed qa: 1989-07-27T16:40:17.4390690Z
..............Failed qa: 1989-08-04T16:33:45.3950560Z
Failed qa: 1989-08-09T16:51:22.4690440Z
..........................................Failed qa: 1989-08-28T16:40:16.4430130Z
Failed qa: 1989-09-02T16:58:00.8670380Z
............................Failed qa: 1989-09-26T16:50:16.0110130Z
Failed qa: 1989-10-07T16:32:20.3330940Z
............................Failed qa: 1989-10-23T16:31:37.0240690Z
..............Failed qa: 1989-11-08T16:31:19.1030690Z
..............Failed qa: 1989-12-01T16:36:02.4650060Z
Failed qa: 1989-12-01T16:36:50.4480560Z
Data has been pickled and saved to '/efs/timesync/1989/audit/1989_0465_1211_qa_rejects.p'.
Success tracking goes here
