{'project_id': '1211', 'year': '1989', 'x': 346380, 'y': 2324880, 'plot_id': '2796', 'strata': '41'}
Pandas(Index=0, project_id='1211', plot_id='2796', x=346380, y=2324880)
called process_plot
Pandas(Index=0, project_id='1211', plot_id='2796', x=346380, y=2324880)
2796
Directory '/efs/timesync/1989/audit/' already exists.
Data has been pickled and saved to '/efs/timesync/1989/audit/1989_2796_1211.p'.
.................................................Failed qa: 1989-03-01T16:10:38.9730380Z
Failed qa: 1989-03-06T16:28:39.1440560Z
..............Failed qa: 1989-04-07T16:28:09.9940380Z
..............Failed qa: 1989-04-18T16:09:51.2110000Z
Failed qa: 1989-04-23T16:27:53.3160380Z
..............Failed qa: 1989-05-09T16:27:40.7630440Z
.......Failed qa: 1989-05-20T16:09:17.4430500Z
.....................Failed qa: 1989-06-05T16:09:05.0670810Z
Failed qa: 1989-06-10T16:27:05.3940630Z
.......Failed qa: 1989-06-21T16:08:39.6720310Z
Failed qa: 1989-06-26T16:26:45.9190690Z
..............Failed qa: 1989-07-07T16:08:24.6010560Z
..............Failed qa: 1989-07-23T16:08:05.6610130Z
.......Failed qa: 1989-08-13T16:25:45.7770310Z
.......Failed qa: 1989-09-14T16:24:50.1960880Z
..............Failed qa: 1989-09-25T16:06:36.6240810Z
Failed qa: 1989-10-02T16:12:20.1060500Z
.......Failed qa: 1989-10-11T16:06:13.2120440Z
Failed qa: 1989-10-16T16:24:06.6720880Z
............................Failed qa: 1989-11-17T16:23:07.3560440Z
.......Data has been pickled and saved to '/efs/timesync/1989/audit/1989_2796_1211_qa_rejects.p'.
Success tracking goes here
