{'project_id': '1211', 'year': '1989', 'x': -2013840, 'y': 1446000, 'plot_id': '3974', 'strata': '41'}
Pandas(Index=0, project_id='1211', plot_id='3974', x=-2013840, y=1446000)
called process_plot
Pandas(Index=0, project_id='1211', plot_id='3974', x=-2013840, y=1446000)
3974
Directory '/efs/timesync/1989/audit/' already exists.
Data has been pickled and saved to '/efs/timesync/1989/audit/1989_3974_1211.p'.
.......Failed qa: 1989-01-26T18:04:28.0850250Z
Failed qa: 1989-01-28T17:52:08.5260250Z
Failed qa: 1989-02-27T18:04:31.348037Z
Failed qa: 1989-03-15T18:03:58.735531Z
Failed qa: 1989-03-17T17:51:26.509544Z
.......Failed qa: 1989-03-31T18:03:43.024050Z
Failed qa: 1989-04-02T17:51:24.780044Z
.......Failed qa: 1989-04-16T18:03:32.9760380Z
Failed qa: 1989-04-18T17:51:19.220525Z
.......Failed qa: 1989-05-02T18:03:29.009525Z
Failed qa: 1989-05-04T17:51:05.906028Z
.......Failed qa: 1989-05-18T18:03:07.225057Z
Failed qa: 1989-05-20T17:50:57.7420690Z
.......Failed qa: 1989-06-03T18:02:45.4680810Z
Failed qa: 1989-06-05T17:50:33.246541Z
.......Failed qa: 1989-06-19T18:02:31.676515Z
Failed qa: 1989-06-21T17:50:07.856531Z
.......Failed qa: 1989-07-05T18:02:16.873034Z
Failed qa: 1989-07-07T17:49:52.820022Z
.......Failed qa: 1989-07-21T18:01:57.174550Z
Failed qa: 1989-07-23T17:49:33.804544Z
.......Failed qa: 1989-08-06T18:01:37.516056Z
Failed qa: 1989-08-08T17:49:12.929050Z
.......Failed qa: 1989-08-22T18:01:15.594569Z
Failed qa: 1989-08-24T17:48:51.389063Z
.......Failed qa: 1989-09-07T18:00:53.480044Z
Failed qa: 1989-09-09T17:48:26.948547Z
Failed qa: 1989-09-16T17:54:32.3740940Z
Failed qa: 1989-09-23T18:00:26.505013Z
Failed qa: 1989-09-25T17:48:04.907043Z
.......Failed qa: 1989-10-11T17:47:41.190091Z
.......Failed qa: 1989-10-25T17:59:27.914028Z
Failed qa: 1989-10-27T17:47:04.428016Z
.......Failed qa: 1989-11-04T17:55:34.234059Z
Failed qa: 1989-11-10T17:59:08.121522Z
.......Failed qa: 1989-11-12T17:46:27.9500060Z
Failed qa: 1989-11-18T18:07:41.865065Z
.......Failed qa: 1989-11-20T17:55:21.657047Z
Failed qa: 1989-11-26T17:58:40.087084Z
Failed qa: 1989-11-28T17:46:16.517091Z
Data has been pickled and saved to '/efs/timesync/1989/audit/1989_3974_1211_qa_rejects.p'.
Success tracking goes here
