{'project_id': '1211', 'year': '1989', 'x': 1376730, 'y': 1716090, 'plot_id': '1366', 'strata': '41'}
Pandas(Index=0, project_id='1211', plot_id='1366', x=1376730, y=1716090)
called process_plot
Pandas(Index=0, project_id='1211', plot_id='1366', x=1376730, y=1716090)
1366
Directory '/efs/timesync/1989/audit/' already exists.
Data has been pickled and saved to '/efs/timesync/1989/audit/1989_1366_1211.p'.
Failed qa: 1989-01-04T15:23:08.378538Z
.......Failed qa: 1989-01-20T15:22:48.560575Z
..............Failed qa: 1989-02-28T15:28:36.3910810Z
Failed qa: 1989-03-09T15:22:20.946025Z
.......Failed qa: 1989-03-25T15:21:46.161075Z
Failed qa: 1989-04-26T15:21:38.822572Z
.......Failed qa: 1989-05-12T15:21:35.8730310Z
.......Failed qa: 1989-05-28T15:21:22.260069Z
.......Failed qa: 1989-06-13T15:20:46.835544Z
Failed qa: 1989-06-29T15:20:32.399544Z
.......Failed qa: 1989-07-31T15:20:28.8520560Z
.......Failed qa: 1989-08-16T15:19:40.594053Z
Failed qa: 1989-09-01T15:19:10.403037Z
.......Failed qa: 1989-09-17T15:18:49.431553Z
.......Failed qa: 1989-10-03T15:18:29.235088Z
.....................Failed qa: 1989-11-20T15:16:59.702519Z
Data has been pickled and saved to '/efs/timesync/1989/audit/1989_1366_1211_qa_rejects.p'.
Success tracking goes here
