{'project_id': '1211', 'year': '1989', 'x': -1129740, 'y': 1661580, 'plot_id': '503', 'strata': '41'}
Pandas(Index=0, project_id='1211', plot_id='503', x=-1129740, y=1661580)
called process_plot
Pandas(Index=0, project_id='1211', plot_id='503', x=-1129740, y=1661580)
503
Directory '/efs/timesync/1989/audit/' already exists.
Data has been pickled and saved to '/efs/timesync/1989/audit/1989_0503_1211.p'.
Failed qa: 1989-02-25T17:29:55.6980190Z
Failed qa: 1989-02-27T17:17:34.6740880Z
Failed qa: 1989-03-07T17:14:16.1120810Z
..............Failed qa: 1989-04-08T17:13:49.5300250Z
Failed qa: 1989-04-13T17:31:31.7350630Z
............................Failed qa: 1989-04-24T17:13:31.5120130Z
Failed qa: 1989-04-29T17:31:12.6140750Z
............................Failed qa: 1989-05-10T17:13:18.2690810Z
Failed qa: 1989-05-15T17:30:55.4770440Z
............................Failed qa: 1989-05-26T17:13:01.9810250Z
Failed qa: 1989-05-31T17:30:42.9490190Z
............................Failed qa: 1989-06-11T17:12:42.3260500Z
Failed qa: 1989-06-16T17:30:15.8080250Z
............................Failed qa: 1989-06-24T17:35:52.2340940Z
............................Failed qa: 1989-07-02T17:30:04.1540630Z
..............Failed qa: 1989-07-05T17:18:07.0910500Z
Failed qa: 1989-07-10T17:35:55.8010560Z
..............Failed qa: 1989-07-13T17:12:04.5140940Z
Failed qa: 1989-07-18T17:29:43.6130940Z
..............Failed qa: 1989-07-26T17:35:54.6500630Z
Failed qa: 1989-07-29T17:11:46.1460940Z
Failed qa: 1989-08-03T17:29:23.6040000Z
..............Failed qa: 1989-08-11T17:35:55.6040500Z
..............Failed qa: 1989-08-14T17:11:23.1880130Z
Failed qa: 1989-08-19T17:29:00.5700250Z
..............Failed qa: 1989-08-27T17:35:53.7800630Z
..............Failed qa: 1989-08-30T17:11:03.6560940Z
Failed qa: 1989-09-04T17:28:41.6990690Z
..............Failed qa: 1989-09-07T17:18:07.9380810Z
Failed qa: 1989-09-12T17:35:52.4810630Z
..............Failed qa: 1989-09-15T17:10:29.0020560Z
Failed qa: 1989-09-20T17:28:09.9930440Z
..............Failed qa: 1989-09-28T17:35:49.5090190Z
..............Failed qa: 1989-10-01T17:10:21.6840250Z
Failed qa: 1989-10-06T17:27:59.7020560Z
............................Failed qa: 1989-10-17T17:09:42.4620810Z
Failed qa: 1989-10-22T17:27:16.2800000Z
..............Data has been pickled and saved to '/efs/timesync/1989/audit/1989_0503_1211_qa_rejects.p'.
Success tracking goes here
