{'project_id': '1211', 'year': '1989', 'x': -632970, 'y': 2449290, 'plot_id': '4786', 'strata': '41'}
Pandas(Index=0, project_id='1211', plot_id='4786', x=-632970, y=2449290)
called process_plot
Pandas(Index=0, project_id='1211', plot_id='4786', x=-632970, y=2449290)
4786
Directory '/efs/timesync/1989/audit/' already exists.
Data has been pickled and saved to '/efs/timesync/1989/audit/1989_4786_1211.p'.
Failed qa: 1989-03-21T17:23:14.2430190Z
Failed qa: 1989-04-01T17:05:08.4490500Z
.......Failed qa: 1989-04-15T17:17:20.047057Z
..............Failed qa: 1989-05-01T17:17:02.850534Z
..............Failed qa: 1989-05-17T17:16:42.467550Z
..............Failed qa: 1989-06-02T17:16:31.563069Z
..............Failed qa: 1989-06-18T17:16:05.775050Z
Failed qa: 1989-06-19T17:15:18.0520250Z
Failed qa: 1989-06-20T17:03:54.2750130Z
Failed qa: 1989-06-26T17:21:43.206531Z
Failed qa: 1989-07-04T17:15:51.924057Z
.......Failed qa: 1989-07-12T17:21:47.162566Z
.......Failed qa: 1989-07-20T17:15:31.045519Z
..............Failed qa: 1989-08-05T17:15:12.231028Z
..............Failed qa: 1989-08-15T17:09:34.2220250Z
Failed qa: 1989-08-21T17:14:49.916563Z
..............Failed qa: 1989-08-31T17:09:34.5530250Z
Failed qa: 1989-09-06T17:14:28.793560Z
.....................Failed qa: 1989-09-22T17:14:11.3020810Z
..............Failed qa: 1989-10-08T17:13:45.834016Z
..............Failed qa: 1989-10-24T17:13:03.311085Z
Data has been pickled and saved to '/efs/timesync/1989/audit/1989_4786_1211_qa_rejects.p'.
Success tracking goes here
