{'project_id': '1211', 'year': '1989', 'x': -549120, 'y': 2430870, 'plot_id': '2937', 'strata': '41'}
Pandas(Index=0, project_id='1211', plot_id='2937', x=-549120, y=2430870)
called process_plot
Pandas(Index=0, project_id='1211', plot_id='2937', x=-549120, y=2430870)
2937
Directory '/efs/timesync/1989/audit/' already exists.
Data has been pickled and saved to '/efs/timesync/1989/audit/1989_2937_1211.p'.
Failed qa: 1989-03-25T16:58:39.991544Z
.......Failed qa: 1989-04-08T17:11:14.367569Z
Failed qa: 1989-04-10T16:58:52.294541Z
.......Failed qa: 1989-04-24T17:11:08.2560060Z
.......Failed qa: 1989-05-10T17:10:43.091069Z
.......Failed qa: 1989-05-26T17:10:26.796041Z
Failed qa: 1989-05-28T16:58:03.900040Z
.......Failed qa: 1989-06-11T17:10:07.059075Z
Failed qa: 1989-06-19T17:15:18.0520250Z
.......Failed qa: 1989-07-05T17:15:31.928566Z
Failed qa: 1989-07-07T17:03:12.188525Z
Failed qa: 1989-07-13T17:09:41.3650060Z
Failed qa: 1989-07-15T16:57:05.820526Z
.......Failed qa: 1989-07-29T17:09:10.994540Z
Failed qa: 1989-07-31T16:56:46.695588Z
.......Failed qa: 1989-08-14T17:08:48.023507Z
.......Failed qa: 1989-08-16T16:56:22.208053Z
.......Failed qa: 1989-08-30T17:08:28.411040Z
.......Failed qa: 1989-09-01T16:56:03.994081Z
Failed qa: 1989-09-07T17:15:32.634516Z
.......Failed qa: 1989-09-15T17:07:53.746053Z
Failed qa: 1989-09-17T16:55:31.113038Z
.......Failed qa: 1989-10-01T17:07:46.415541Z
Failed qa: 1989-10-03T16:55:22.733579Z
.......Failed qa: 1989-10-17T17:07:07.181587Z
Data has been pickled and saved to '/efs/timesync/1989/audit/1989_2937_1211_qa_rejects.p'.
Success tracking goes here
