{'project_id': '1211', 'year': '1989', 'x': -15270, 'y': 2742330, 'plot_id': '3085', 'strata': '41'}
Pandas(Index=0, project_id='1211', plot_id='3085', x=-15270, y=2742330)
called process_plot
Pandas(Index=0, project_id='1211', plot_id='3085', x=-15270, y=2742330)
3085
Directory '/efs/timesync/1989/audit/' already exists.
Data has been pickled and saved to '/efs/timesync/1989/audit/1989_3085_1211.p'.
Failed qa: 1989-01-08T16:34:16.5380630Z
Failed qa: 1989-01-24T16:34:09.065506Z
Failed qa: 1989-02-09T16:33:59.1180190Z
............................Failed qa: 1989-03-18T16:51:49.237550Z
..........................................Failed qa: 1989-04-19T16:51:41.047544Z
..........................................Failed qa: 1989-04-30T16:32:59.778059Z
Failed qa: 1989-05-05T16:51:29.338581Z
............................Failed qa: 1989-05-16T16:32:41.063065Z
Failed qa: 1989-05-21T16:51:09.337056Z
............................Failed qa: 1989-06-06T16:50:55.803056Z
Failed qa: 1989-06-17T16:32:03.001038Z
..............Failed qa: 1989-06-30T16:56:12.677550Z
..............Failed qa: 1989-07-03T16:31:50.105081Z
Failed qa: 1989-07-08T16:50:15.883528Z
............................Failed qa: 1989-07-19T16:31:29.431554Z
Failed qa: 1989-07-24T16:49:56.871013Z
..............Failed qa: 1989-07-27T16:37:54.0480630Z
..............Failed qa: 1989-08-04T16:31:10.023550Z
Failed qa: 1989-08-09T16:49:35.200019Z
..........................................Failed qa: 1989-08-28T16:37:53.0530060Z
Failed qa: 1989-09-02T16:56:13.502541Z
Failed qa: 1989-09-03T16:42:40.1760940Z
Failed qa: 1989-09-03T16:42:40.1760940Z
Failed qa: 1989-09-05T16:30:27.208547Z
Failed qa: 1989-09-10T16:48:48.027509Z
............................Failed qa: 1989-09-26T16:48:28.646072Z
Failed qa: 1989-10-07T16:29:45.061069Z
............................Failed qa: 1989-10-23T16:29:01.741069Z
Failed qa: 1989-10-28T16:47:28.784047Z
............................Failed qa: 1989-12-01T16:34:03.2240130Z
Failed qa: 1989-12-01T16:34:03.2240130Z
Data has been pickled and saved to '/efs/timesync/1989/audit/1989_3085_1211_qa_rejects.p'.
Success tracking goes here
