{'project_id': '1211', 'year': '1989', 'x': -294780, 'y': 1891230, 'plot_id': '1643', 'strata': '41'}
Pandas(Index=0, project_id='1211', plot_id='1643', x=-294780, y=1891230)
called process_plot
Pandas(Index=0, project_id='1211', plot_id='1643', x=-294780, y=1891230)
1643
Directory '/efs/timesync/1989/audit/' already exists.
Data has been pickled and saved to '/efs/timesync/1989/audit/1989_1643_1211.p'.
Failed qa: 1989-01-15T16:42:53.752075Z
.......Failed qa: 1989-01-24T16:36:44.4760810Z
Failed qa: 1989-01-31T16:42:48.298053Z
.......Failed qa: 1989-02-09T16:36:46.4470940Z
Failed qa: 1989-02-16T16:42:45.343072Z
.......Failed qa: 1989-02-25T16:36:38.6910940Z
Failed qa: 1989-03-04T16:42:28.161538Z
..............Failed qa: 1989-04-05T16:41:54.112012Z
..............Failed qa: 1989-04-21T16:41:39.927553Z
.......Failed qa: 1989-04-30T16:35:35.0950560Z
Failed qa: 1989-05-07T16:41:29.089576Z
.......Failed qa: 1989-05-16T16:35:16.3870940Z
Failed qa: 1989-05-23T16:41:10.249040Z
.......Failed qa: 1989-06-17T16:34:38.3430940Z
.......Failed qa: 1989-07-03T16:34:25.4580060Z
Failed qa: 1989-07-10T16:40:15.259079Z
.......Failed qa: 1989-07-19T16:34:04.6480250Z
Failed qa: 1989-07-26T16:39:56.233028Z
Failed qa: 1989-07-27T16:40:17.4390690Z
.......Failed qa: 1989-08-04T16:33:45.3950560Z
Failed qa: 1989-08-11T16:39:34.018053Z
.......Failed qa: 1989-08-27T16:39:13.989568Z
Failed qa: 1989-08-28T16:40:16.4430130Z
..............Failed qa: 1989-10-07T16:32:20.3330940Z
Failed qa: 1989-10-14T16:37:57.841031Z
.......Failed qa: 1989-10-23T16:31:37.0240690Z
.......Failed qa: 1989-11-08T16:31:19.1030690Z
Failed qa: 1989-11-15T16:36:55.948506Z
Failed qa: 1989-12-01T16:36:50.4480560Z
Data has been pickled and saved to '/efs/timesync/1989/audit/1989_1643_1211_qa_rejects.p'.
Success tracking goes here
