{'project_id': '1211', 'year': '1989', 'x': -1493580, 'y': 1368270, 'plot_id': '426', 'strata': '41'}
Pandas(Index=0, project_id='1211', plot_id='426', x=-1493580, y=1368270)
called process_plot
Pandas(Index=0, project_id='1211', plot_id='426', x=-1493580, y=1368270)
426
Directory '/efs/timesync/1989/audit/' already exists.
Data has been pickled and saved to '/efs/timesync/1989/audit/1989_0426_1211.p'.
Failed qa: 1989-02-09T17:30:12.7570250Z
Failed qa: 1989-02-09T17:30:24.741513Z
..............Failed qa: 1989-02-25T17:30:07.682522Z
Failed qa: 1989-02-25T17:30:31.580044Z
Failed qa: 1989-03-19T17:38:38.737553Z
Failed qa: 1989-03-21T17:26:13.220541Z
Failed qa: 1989-03-21T17:26:37.117550Z
Failed qa: 1989-04-04T17:38:42.040566Z
..............Failed qa: 1989-04-22T17:26:06.585072Z
Failed qa: 1989-04-22T17:26:30.485044Z
..............Failed qa: 1989-05-06T17:38:19.009541Z
Failed qa: 1989-05-08T17:25:55.102572Z
Failed qa: 1989-05-08T17:26:19.003575Z
..............Failed qa: 1989-05-22T17:37:59.624037Z
Failed qa: 1989-05-24T17:25:36.902029Z
Failed qa: 1989-05-24T17:26:00.804034Z
..............Failed qa: 1989-06-07T17:37:44.749550Z
Failed qa: 1989-06-09T17:25:19.798569Z
Failed qa: 1989-06-09T17:25:43.702050Z
..............Failed qa: 1989-06-17T17:31:13.4280940Z
Failed qa: 1989-06-23T17:37:20.956525Z
..............Failed qa: 1989-06-25T17:24:59.011037Z
Failed qa: 1989-06-25T17:25:22.916050Z
..............Failed qa: 1989-07-09T17:37:05.159003Z
............................Failed qa: 1989-07-25T17:36:46.189547Z
............................Failed qa: 1989-08-10T17:36:35.5830250Z
..............Failed qa: 1989-08-12T17:23:59.921047Z
Failed qa: 1989-08-12T17:24:23.830569Z
..............Failed qa: 1989-08-26T17:36:03.976566Z
..............Failed qa: 1989-08-28T17:23:40.118584Z
Failed qa: 1989-08-28T17:24:04.030047Z
..............Failed qa: 1989-09-11T17:35:35.487576Z
..............Failed qa: 1989-09-13T17:23:06.803044Z
Failed qa: 1989-09-13T17:23:30.715575Z
..............Failed qa: 1989-09-27T17:35:19.169572Z
..............Failed qa: 1989-09-29T17:22:56.552522Z
Failed qa: 1989-09-29T17:23:20.467510Z
..............Failed qa: 1989-10-13T17:34:49.545044Z
Failed qa: 1989-10-15T17:22:22.419519Z
Failed qa: 1989-10-15T17:22:46.264507Z
..............Failed qa: 1989-10-29T17:34:19.436044Z
..............Data has been pickled and saved to '/efs/timesync/1989/audit/1989_0426_1211_qa_rejects.p'.
Success tracking goes here
