{'project_id': '1211', 'year': '1989', 'x': -762120, 'y': 1249110, 'plot_id': '3219', 'strata': '41'}
Pandas(Index=0, project_id='1211', plot_id='3219', x=-762120, y=1249110)
called process_plot
Pandas(Index=0, project_id='1211', plot_id='3219', x=-762120, y=1249110)
3219
Directory '/efs/timesync/1989/audit/' already exists.
Data has been pickled and saved to '/efs/timesync/1989/audit/1989_3219_1211.p'.
Failed qa: 1989-03-18T16:55:59.8300500Z
..............Failed qa: 1989-03-26T16:59:33.220522Z
Failed qa: 1989-04-01T17:07:55.6620310Z
Failed qa: 1989-04-03T16:55:36.9430810Z
..............Failed qa: 1989-04-17T17:08:05.800538Z
Failed qa: 1989-04-19T16:55:39.755557Z
..............Failed qa: 1989-05-03T17:07:51.119569Z
Failed qa: 1989-05-05T16:55:28.132540Z
Failed qa: 1989-05-19T17:07:30.175028Z
Failed qa: 1989-05-21T16:55:08.212060Z
..............Failed qa: 1989-06-04T17:07:19.009566Z
Failed qa: 1989-06-06T16:54:54.548531Z
..............Failed qa: 1989-06-20T17:06:53.524041Z
..............Failed qa: 1989-06-30T17:00:11.379525Z
..............Failed qa: 1989-07-08T16:54:14.514012Z
Failed qa: 1989-07-14T17:12:36.696535Z
..............Failed qa: 1989-07-22T17:06:19.058019Z
Failed qa: 1989-07-24T16:53:55.517032Z
..............Failed qa: 1989-08-07T17:05:58.878529Z
Failed qa: 1989-08-09T16:53:33.862553Z
Failed qa: 1989-08-15T17:12:33.497050Z
..............Failed qa: 1989-08-23T17:05:37.134503Z
Failed qa: 1989-08-31T17:12:33.898059Z
Failed qa: 1989-09-01T16:58:39.3850310Z
Failed qa: 1989-09-02T17:00:12.344510Z
Failed qa: 1989-09-08T17:05:13.986534Z
..............Failed qa: 1989-09-24T17:04:49.162016Z
Failed qa: 1989-09-26T16:52:27.505029Z
..............Failed qa: 1989-10-10T17:04:29.191066Z
Failed qa: 1989-10-28T16:51:27.459069Z
Data has been pickled and saved to '/efs/timesync/1989/audit/1989_3219_1211_qa_rejects.p'.
Success tracking goes here
