{'project_id': '1211', 'year': '1989', 'x': -2215470, 'y': 1766220, 'plot_id': '750', 'strata': '41'}
Pandas(Index=0, project_id='1211', plot_id='750', x=-2215470, y=1766220)
called process_plot
Pandas(Index=0, project_id='1211', plot_id='750', x=-2215470, y=1766220)
750
Directory '/efs/timesync/1989/audit/' already exists.
Data has been pickled and saved to '/efs/timesync/1989/audit/1989_0750_1211.p'.
Failed qa: 1989-01-08T18:16:44.3930190Z
.......Failed qa: 1989-01-24T18:16:13.195025Z
Failed qa: 1989-01-26T18:04:04.120532Z
Failed qa: 1989-02-02T18:09:56.2160440Z
Failed qa: 1989-02-09T18:16:27.1170440Z
.......Failed qa: 1989-02-25T18:16:07.315566Z
Failed qa: 1989-02-27T18:03:55.541066Z
.......Failed qa: 1989-03-13T18:15:39.201047Z
Failed qa: 1989-03-15T18:03:11.014544Z
.......Failed qa: 1989-03-31T18:03:07.141550Z
.......Failed qa: 1989-04-14T18:15:22.021594Z
Failed qa: 1989-04-16T18:03:09.076547Z
Failed qa: 1989-04-23T18:09:09.646535Z
Failed qa: 1989-05-02T18:02:53.194516Z
Failed qa: 1989-05-09T18:08:33.2520940Z
Failed qa: 1989-05-16T18:14:45.101037Z
Failed qa: 1989-05-18T18:02:31.336560Z
.......Failed qa: 1989-05-26T18:07:07.7660060Z
Failed qa: 1989-06-01T18:14:33.191569Z
Failed qa: 1989-06-03T18:02:21.565075Z
.......Failed qa: 1989-06-17T18:14:07.077078Z
Failed qa: 1989-06-19T18:01:55.855534Z
Failed qa: 1989-07-03T18:13:53.979013Z
Failed qa: 1989-07-05T18:01:40.978059Z
Failed qa: 1989-07-11T18:19:35.5850440Z
Failed qa: 1989-07-19T18:13:33.300525Z
Failed qa: 1989-07-21T18:01:21.277563Z
Failed qa: 1989-07-27T18:19:34.2830250Z
.......Failed qa: 1989-07-29T18:07:13.0420380Z
Failed qa: 1989-08-04T18:13:14.023547Z
Failed qa: 1989-08-06T18:01:01.688094Z
.......Failed qa: 1989-08-14T18:07:11.7410440Z
Failed qa: 1989-08-20T18:12:51.207038Z
Failed qa: 1989-08-22T18:00:39.692547Z
.......Failed qa: 1989-09-05T18:12:31.305022Z
Failed qa: 1989-09-07T18:00:17.575547Z
Failed qa: 1989-09-21T18:11:59.768047Z
Failed qa: 1989-09-23T17:59:50.597544Z
.......Failed qa: 1989-10-07T18:11:48.940041Z
.......Failed qa: 1989-10-25T17:58:52.073553Z
.......Failed qa: 1989-11-08T18:10:47.568062Z
.......Failed qa: 1989-11-10T17:58:32.279518Z
.......Failed qa: 1989-11-18T18:07:18.037544Z
Failed qa: 1989-11-26T17:58:04.243587Z
Data has been pickled and saved to '/efs/timesync/1989/audit/1989_0750_1211_qa_rejects.p'.
Success tracking goes here
