{'project_id': '1211', 'year': '1989', 'x': 585660, 'y': 2262210, 'plot_id': '2173', 'strata': '41'}
Pandas(Index=0, project_id='1211', plot_id='2173', x=585660, y=2262210)
called process_plot
Pandas(Index=0, project_id='1211', plot_id='2173', x=585660, y=2262210)
2173
Directory '/efs/timesync/1989/audit/' already exists.
Data has been pickled and saved to '/efs/timesync/1989/audit/1989_2173_1211.p'.
Failed qa: 1989-01-03T16:17:46.2220130Z
........................................................Failed qa: 1989-01-19T16:16:50.958059Z
Failed qa: 1989-01-19T16:17:14.850547Z
........................................................Failed qa: 1989-01-30T15:58:08.0100250Z
Failed qa: 1989-02-04T16:16:53.799507Z
Failed qa: 1989-02-04T16:17:05.8540000Z
............................Failed qa: 1989-02-15T15:58:06.5290380Z
Failed qa: 1989-02-20T16:16:48.157053Z
Failed qa: 1989-02-20T16:17:12.051587Z
........................................................Failed qa: 1989-03-08T16:17:00.7980560Z
............................Failed qa: 1989-03-19T15:57:22.451547Z
Failed qa: 1989-03-19T15:57:46.348540Z
Failed qa: 1989-03-24T16:15:47.038566Z
Failed qa: 1989-03-24T16:16:10.936053Z
........................................................Failed qa: 1989-04-04T15:57:25.546025Z
Failed qa: 1989-04-04T15:57:49.444047Z
Failed qa: 1989-04-09T16:16:00.542022Z
Failed qa: 1989-04-09T16:16:24.440559Z
........................................................Failed qa: 1989-04-20T15:57:12.762047Z
Failed qa: 1989-04-20T15:57:36.661553Z
Failed qa: 1989-04-25T16:15:41.666550Z
Failed qa: 1989-04-25T16:16:05.566553Z
Failed qa: 1989-05-06T15:57:02.596563Z
Failed qa: 1989-05-06T15:57:26.497554Z
Failed qa: 1989-05-11T16:15:27.749544Z
Failed qa: 1989-05-11T16:15:51.651022Z
........................................................Failed qa: 1989-05-22T15:56:43.153037Z
Failed qa: 1989-05-22T15:57:07.127010Z
Failed qa: 1989-05-27T16:15:12.636540Z
Failed qa: 1989-05-27T16:15:36.538572Z
............................Failed qa: 1989-06-04T16:20:17.385072Z
Failed qa: 1989-06-04T16:20:41.283541Z
............................Failed qa: 1989-06-07T15:56:28.413553Z
Failed qa: 1989-06-07T15:56:52.317032Z
Failed qa: 1989-06-14T16:02:59.8180380Z
Failed qa: 1989-06-14T16:02:59.8180380Z
............................Failed qa: 1989-06-23T15:56:04.612547Z
Failed qa: 1989-06-23T15:56:28.517541Z
Failed qa: 1989-06-28T16:14:34.942035Z
Failed qa: 1989-06-28T16:14:58.847550Z
........................................................Failed qa: 1989-07-09T15:55:48.862056Z
Failed qa: 1989-07-09T15:56:12.768531Z
Failed qa: 1989-07-14T16:14:27.0190500Z
Failed qa: 1989-07-14T16:14:38.936532Z
........................................................Failed qa: 1989-07-25T15:55:29.842559Z
Failed qa: 1989-07-25T15:55:53.750550Z
Failed qa: 1989-07-30T16:14:31.9750500Z
............................Failed qa: 1989-08-15T16:14:08.4190810Z
Failed qa: 1989-08-26T15:54:47.636041Z
Failed qa: 1989-08-26T15:55:11.547528Z
............................Failed qa: 1989-09-16T16:12:40.056547Z
Failed qa: 1989-09-16T16:13:03.970040Z
........................................................Failed qa: 1989-09-27T15:54:02.734068Z
Failed qa: 1989-09-27T15:54:26.649050Z
Failed qa: 1989-10-02T16:12:20.1060500Z
Failed qa: 1989-10-02T16:13:07.9360810Z
........................................................Failed qa: 1989-10-13T15:53:21.2040750Z
Failed qa: 1989-10-18T16:11:49.989515Z
Failed qa: 1989-10-18T16:12:13.906510Z
Failed qa: 1989-11-03T16:11:33.086091Z
Failed qa: 1989-11-03T16:11:57.004562Z
............................Failed qa: 1989-11-19T16:10:52.419503Z
Failed qa: 1989-11-19T16:11:16.266532Z
............................Data has been pickled and saved to '/efs/timesync/1989/audit/1989_2173_1211_qa_rejects.p'.
Success tracking goes here
