{'project_id': '1211', 'year': '1989', 'x': 39000, 'y': 1512990, 'plot_id': '3592', 'strata': '41'}
Pandas(Index=0, project_id='1211', plot_id='3592', x=39000, y=1512990)
called process_plot
Pandas(Index=0, project_id='1211', plot_id='3592', x=39000, y=1512990)
3592
Directory '/efs/timesync/1989/audit/' already exists.
Data has been pickled and saved to '/efs/timesync/1989/audit/1989_3592_1211.p'.
............................Failed qa: 1989-01-24T16:36:56.315063Z
Failed qa: 1989-01-26T16:24:47.0230440Z
Failed qa: 1989-01-26T16:25:34.9520630Z
............................Failed qa: 1989-02-27T16:24:38.6330750Z
..............Failed qa: 1989-03-13T16:36:34.2680940Z
..................................................................................................Failed qa: 1989-05-11T16:18:03.0000690Z
Failed qa: 1989-05-27T16:17:47.9650880Z
............................Failed qa: 1989-06-12T16:17:26.2160190Z
............................Failed qa: 1989-06-28T16:17:10.2210310Z
..............Failed qa: 1989-07-14T16:16:50.1710000Z
Failed qa: 1989-07-21T16:22:04.3390310Z
..............Failed qa: 1989-07-30T16:16:31.3010630Z
......................................................................Failed qa: 1989-10-02T16:14:55.374581Z
..............Failed qa: 1989-10-16T16:26:54.0180000Z
............................Failed qa: 1989-11-03T16:14:08.1600690Z
............................Data has been pickled and saved to '/efs/timesync/1989/audit/1989_3592_1211_qa_rejects.p'.
Success tracking goes here
