{'project_id': '1211', 'year': '1989', 'x': -1468920, 'y': 2930700, 'plot_id': '2996', 'strata': '41'}
Pandas(Index=0, project_id='1211', plot_id='2996', x=-1468920, y=2930700)
called process_plot
Pandas(Index=0, project_id='1211', plot_id='2996', x=-1468920, y=2930700)
2996
Directory '/efs/timesync/1989/audit/' already exists.
Data has been pickled and saved to '/efs/timesync/1989/audit/1989_2996_1211.p'.
Failed qa: 1989-02-02T18:06:57.122013Z
Failed qa: 1989-02-18T18:06:40.5710000Z
.......Failed qa: 1989-03-22T18:05:51.923575Z
Failed qa: 1989-03-24T17:53:28.695531Z
.......Failed qa: 1989-04-07T18:06:03.497550Z
Failed qa: 1989-04-09T17:53:42.117569Z
.......Failed qa: 1989-04-23T18:05:46.749057Z
Failed qa: 1989-04-25T17:53:35.0090750Z
Failed qa: 1989-05-09T18:05:34.173506Z
Failed qa: 1989-05-11T17:52:57.2000380Z
Failed qa: 1989-05-25T18:05:16.773047Z
.......Failed qa: 1989-05-27T17:52:54.060038Z
.......Failed qa: 1989-06-10T18:04:58.727044Z
Failed qa: 1989-06-12T17:52:32.297085Z
Failed qa: 1989-06-19T17:58:21.0020500Z
Failed qa: 1989-06-28T17:52:16.426550Z
.......Failed qa: 1989-07-14T17:51:56.546578Z
.......Failed qa: 1989-07-28T18:04:01.923019Z
.......Failed qa: 1989-07-30T17:51:37.734069Z
.......Failed qa: 1989-08-13T18:03:39.179543Z
.......Failed qa: 1989-08-15T17:51:14.109006Z
Failed qa: 1989-08-22T17:57:04.9250310Z
Failed qa: 1989-08-29T18:03:19.432534Z
.......Failed qa: 1989-09-16T17:50:21.537519Z
.......Failed qa: 1989-09-30T18:02:24.7900880Z
Failed qa: 1989-10-02T17:50:13.556041Z
Failed qa: 1989-10-16T18:02:00.059532Z
Failed qa: 1989-10-18T17:49:31.269506Z
.......Data has been pickled and saved to '/efs/timesync/1989/audit/1989_2996_1211_qa_rejects.p'.
Success tracking goes here
