{'project_id': '1211', 'year': '1989', 'x': -1667640, 'y': 1940430, 'plot_id': '151', 'strata': '41'}
Pandas(Index=0, project_id='1211', plot_id='151', x=-1667640, y=1940430)
called process_plot
Pandas(Index=0, project_id='1211', plot_id='151', x=-1667640, y=1940430)
151
Directory '/efs/timesync/1989/audit/' already exists.
Data has been pickled and saved to '/efs/timesync/1989/audit/1989_0151_1211.p'.
Failed qa: 1989-01-14T17:38:44.0000500Z
Failed qa: 1989-01-19T17:57:19.448512Z
..............Failed qa: 1989-02-15T17:38:35.4240000Z
..............Failed qa: 1989-03-19T17:37:51.015553Z
Failed qa: 1989-03-24T17:56:15.762037Z
Failed qa: 1989-03-26T17:44:07.7640560Z
Failed qa: 1989-03-26T17:43:55.994569Z
..............Failed qa: 1989-04-04T17:37:54.315588Z
Failed qa: 1989-04-09T17:56:29.122059Z
Failed qa: 1989-04-11T17:44:18.7780810Z
Failed qa: 1989-04-11T17:44:06.936550Z
..............Failed qa: 1989-04-25T17:56:10.252515Z
Failed qa: 1989-04-27T17:43:57.7780000Z
Failed qa: 1989-04-27T17:43:46.007035Z
..............Failed qa: 1989-05-06T17:37:31.279075Z
Failed qa: 1989-05-11T17:56:08.1230500Z
Failed qa: 1989-05-13T17:43:43.5940130Z
Failed qa: 1989-05-13T17:43:31.751013Z
..............Failed qa: 1989-05-22T17:37:11.891559Z
Failed qa: 1989-05-27T17:55:41.231591Z
Failed qa: 1989-05-29T17:43:30.0710380Z
Failed qa: 1989-05-29T17:43:18.227531Z
..............Failed qa: 1989-06-07T17:36:57.015003Z
Failed qa: 1989-06-12T17:55:19.481069Z
..............Failed qa: 1989-06-14T17:43:04.4980000Z
Failed qa: 1989-06-14T17:42:52.653519Z
..............Failed qa: 1989-06-23T17:36:45.2070130Z
Failed qa: 1989-06-28T17:55:03.622056Z
..............Failed qa: 1989-06-30T17:42:51.8580750Z
Failed qa: 1989-06-30T17:42:40.085040Z
..............Failed qa: 1989-07-14T17:54:43.603582Z
..............Failed qa: 1989-07-16T17:42:31.4420750Z
Failed qa: 1989-07-16T17:42:19.596566Z
..............Failed qa: 1989-07-25T17:35:58.445560Z
Failed qa: 1989-07-30T17:54:24.804578Z
..............Failed qa: 1989-08-01T17:42:12.0630310Z
Failed qa: 1989-08-01T17:42:00.216528Z
..............Failed qa: 1989-08-10T17:35:36.060062Z
Failed qa: 1989-08-15T17:54:01.265044Z
..............Failed qa: 1989-08-17T17:41:46.6190190Z
Failed qa: 1989-08-17T17:41:34.771056Z
..............Failed qa: 1989-08-26T17:35:16.298054Z
Failed qa: 1989-08-31T17:53:41.849541Z
Failed qa: 1989-09-02T17:41:29.7910250Z
Failed qa: 1989-09-02T17:41:17.942556Z
..............Failed qa: 1989-09-11T17:34:47.734547Z
Failed qa: 1989-09-16T17:53:08.786056Z
Failed qa: 1989-09-18T17:40:57.2700810Z
Failed qa: 1989-09-18T17:40:45.421088Z
..............Failed qa: 1989-09-27T17:34:31.412062Z
Failed qa: 1989-10-02T17:53:00.675034Z
Failed qa: 1989-10-04T17:40:48.5310000Z
Failed qa: 1989-10-04T17:40:48.5310000Z
..............Failed qa: 1989-10-13T17:34:01.927528Z
Failed qa: 1989-10-18T17:52:18.400060Z
Failed qa: 1989-10-20T17:40:04.1420060Z
Failed qa: 1989-10-20T17:39:52.363013Z
Failed qa: 1989-10-27T17:46:04.6690690Z
Failed qa: 1989-10-27T17:46:04.6690690Z
Failed qa: 1989-10-29T17:33:31.824075Z
Failed qa: 1989-11-03T17:52:13.5110190Z
Failed qa: 1989-11-19T17:51:20.810066Z
Failed qa: 1989-11-28T17:45:16.7540560Z
Failed qa: 1989-11-28T17:45:16.7540560Z
Data has been pickled and saved to '/efs/timesync/1989/audit/1989_0151_1211_qa_rejects.p'.
Success tracking goes here
