{'project_id': '1211', 'year': '1989', 'x': 1211070, 'y': 1035720, 'plot_id': '1510', 'strata': '41'}
Pandas(Index=0, project_id='1211', plot_id='1510', x=1211070, y=1035720)
called process_plot
Pandas(Index=0, project_id='1211', plot_id='1510', x=1211070, y=1035720)
1510
Directory '/efs/timesync/1989/audit/' already exists.
Data has been pickled and saved to '/efs/timesync/1989/audit/1989_1510_1211.p'.
..............Failed qa: 1989-01-27T15:30:58.446056Z
.......Failed qa: 1989-02-12T15:31:00.359065Z
Failed qa: 1989-02-19T15:37:20.4690940Z
Failed qa: 1989-02-28T15:30:47.707053Z
Failed qa: 1989-03-16T15:30:10.790553Z
Failed qa: 1989-03-23T15:36:17.5300810Z
.......Failed qa: 1989-04-17T15:30:00.550534Z
.......Failed qa: 1989-05-03T15:29:33.8780630Z
.......Failed qa: 1989-05-19T15:29:24.894047Z
.......Failed qa: 1989-06-04T15:29:13.735050Z
.......Failed qa: 1989-06-20T15:28:48.315022Z
Failed qa: 1989-07-06T15:28:32.616078Z
Failed qa: 1989-07-22T15:28:13.756528Z
.......Failed qa: 1989-08-07T15:27:53.709059Z
.......Failed qa: 1989-08-23T15:27:31.877044Z
.......Failed qa: 1989-09-08T15:27:08.776003Z
..............Failed qa: 1989-10-26T15:25:55.2300560Z
Failed qa: 1989-11-02T15:32:05.2400880Z
Failed qa: 1989-11-11T15:25:22.515056Z
Data has been pickled and saved to '/efs/timesync/1989/audit/1989_1510_1211_qa_rejects.p'.
Success tracking goes here
