{'project_id': '1211', 'year': '1989', 'x': -1106280, 'y': 2539320, 'plot_id': '1560', 'strata': '41'}
Pandas(Index=0, project_id='1211', plot_id='1560', x=-1106280, y=2539320)
called process_plot
Pandas(Index=0, project_id='1211', plot_id='1560', x=-1106280, y=2539320)
1560
Directory '/efs/timesync/1989/audit/' already exists.
Data has been pickled and saved to '/efs/timesync/1989/audit/1989_1560_1211.p'.
.....................Failed qa: 1989-03-19T17:36:27.5560560Z
.......Failed qa: 1989-04-11T17:42:07.441579Z
Failed qa: 1989-04-13T17:29:56.210550Z
Failed qa: 1989-04-29T17:29:24.883041Z
.......Failed qa: 1989-05-15T17:29:19.799513Z
.......Failed qa: 1989-05-29T17:41:18.714557Z
..............Failed qa: 1989-06-14T17:40:53.133541Z
Failed qa: 1989-06-16T17:28:40.191022Z
.......Failed qa: 1989-06-24T17:34:04.584550Z
Failed qa: 1989-06-30T17:40:40.628078Z
.......Failed qa: 1989-07-02T17:28:28.602557Z
Failed qa: 1989-07-09T17:34:53.9980440Z
Failed qa: 1989-07-10T17:34:20.278531Z
Failed qa: 1989-07-16T17:40:20.207515Z
.......Failed qa: 1989-07-18T17:28:08.057553Z
.......Failed qa: 1989-07-26T17:34:19.056013Z
Failed qa: 1989-08-01T17:40:00.817538Z
.......Failed qa: 1989-08-03T17:27:48.040053Z
.......Failed qa: 1989-08-11T17:34:20.010013Z
Failed qa: 1989-08-17T17:39:35.361578Z
Failed qa: 1989-08-18T17:40:28.002575Z
Failed qa: 1989-08-19T17:27:24.998531Z
.......Failed qa: 1989-08-27T17:34:18.115050Z
Failed qa: 1989-09-02T17:39:18.384038Z
Failed qa: 1989-09-04T17:27:05.979054Z
.......Failed qa: 1989-09-12T17:34:16.745050Z
Failed qa: 1989-09-20T17:26:22.272550Z
.......Failed qa: 1989-09-28T17:34:13.843565Z
Failed qa: 1989-10-04T17:38:25.3250810Z
..............Failed qa: 1989-10-20T17:37:52.849554Z
Failed qa: 1989-10-22T17:25:40.682069Z
.......Data has been pickled and saved to '/efs/timesync/1989/audit/1989_1560_1211_qa_rejects.p'.
Success tracking goes here
