{'project_id': '1211', 'year': '1989', 'x': 1336200, 'y': 585060, 'plot_id': '2551', 'strata': '41'}
Pandas(Index=0, project_id='1211', plot_id='2551', x=1336200, y=585060)
called process_plot
Pandas(Index=0, project_id='1211', plot_id='2551', x=1336200, y=585060)
2551
Directory '/efs/timesync/1989/audit/' already exists.
Data has been pickled and saved to '/efs/timesync/1989/audit/1989_2551_1211.p'.
..............Failed qa: 1989-01-05T15:22:17.5580380Z
..............Failed qa: 1989-01-13T15:19:58.757044Z
............................Failed qa: 1989-01-29T15:19:50.363553Z
............................Failed qa: 1989-02-14T15:19:50.158572Z
............................Failed qa: 1989-03-02T15:19:34.585062Z
............................Failed qa: 1989-03-18T15:18:54.282578Z
Failed qa: 1989-03-25T15:24:57.125547Z
Failed qa: 1989-03-25T15:24:57.125547Z
Failed qa: 1989-04-03T15:18:55.082547Z
..............Failed qa: 1989-04-19T15:18:46.272047Z
..............Failed qa: 1989-05-05T15:18:34.590585Z
............................Failed qa: 1989-05-21T15:18:14.577037Z
............................Failed qa: 1989-06-06T15:18:01.053559Z
............................Failed qa: 1989-06-22T15:17:35.367535Z
............................Failed qa: 1989-07-08T15:17:20.797522Z
..............Failed qa: 1989-07-24T15:17:01.849066Z
............................Failed qa: 1989-08-09T15:16:40.279069Z
........................................................Failed qa: 1989-09-10T15:15:53.480528Z
......................................................................Failed qa: 1989-11-13T15:14:05.320050Z
..............Data has been pickled and saved to '/efs/timesync/1989/audit/1989_2551_1211_qa_rejects.p'.
Success tracking goes here
