{'project_id': '1211', 'year': '1989', 'x': -911970, 'y': 1457760, 'plot_id': '3726', 'strata': '41'}
Pandas(Index=0, project_id='1211', plot_id='3726', x=-911970, y=1457760)
called process_plot
Pandas(Index=0, project_id='1211', plot_id='3726', x=-911970, y=1457760)
3726
Directory '/efs/timesync/1989/audit/' already exists.
Data has been pickled and saved to '/efs/timesync/1989/audit/1989_3726_1211.p'.
..............Failed qa: 1989-03-07T17:14:28.024065Z
Failed qa: 1989-03-07T17:14:16.1120810Z
Failed qa: 1989-03-25T17:01:27.058075Z
..............Failed qa: 1989-04-08T17:14:01.443522Z
Failed qa: 1989-04-08T17:13:49.5300250Z
Failed qa: 1989-04-10T17:01:39.443032Z
Failed qa: 1989-04-15T17:19:55.2130560Z
..............Failed qa: 1989-04-24T17:13:43.497547Z
Failed qa: 1989-04-24T17:13:31.5120130Z
Failed qa: 1989-04-26T17:01:19.679013Z
Failed qa: 1989-05-01T17:19:38.1680440Z
..............Failed qa: 1989-05-10T17:13:18.2690810Z
Failed qa: 1989-05-10T17:13:18.2690810Z
Failed qa: 1989-05-17T17:19:17.7920560Z
..............Failed qa: 1989-05-26T17:13:13.968022Z
Failed qa: 1989-05-26T17:13:01.9810250Z
Failed qa: 1989-05-28T17:00:51.144559Z
Failed qa: 1989-06-02T17:19:06.9680880Z
..............Failed qa: 1989-06-11T17:12:54.314028Z
Failed qa: 1989-06-11T17:12:42.3260500Z
Failed qa: 1989-06-13T17:00:27.589038Z
Failed qa: 1989-06-18T17:18:41.0460810Z
Failed qa: 1989-06-19T17:18:29.0970690Z
..............Failed qa: 1989-06-21T17:05:55.667544Z
Failed qa: 1989-06-26T17:24:18.4400500Z
Failed qa: 1989-07-04T17:18:27.0610630Z
..............Failed qa: 1989-07-07T17:05:59.337012Z
Failed qa: 1989-07-12T17:24:22.2540310Z
Failed qa: 1989-07-13T17:12:16.503094Z
Failed qa: 1989-07-13T17:12:04.5140940Z
..............Failed qa: 1989-07-15T16:59:52.950057Z
Failed qa: 1989-07-20T17:18:06.2620810Z
..............Failed qa: 1989-07-29T17:11:58.136091Z
Failed qa: 1989-07-29T17:11:46.1460940Z
Failed qa: 1989-07-31T16:59:33.911576Z
Failed qa: 1989-08-05T17:17:47.3880310Z
..............Failed qa: 1989-08-14T17:11:35.179009Z
Failed qa: 1989-08-14T17:11:23.1880130Z
..............Failed qa: 1989-08-16T16:59:09.365066Z
Failed qa: 1989-08-21T17:17:25.2300500Z
..............Failed qa: 1989-08-30T17:11:15.648060Z
Failed qa: 1989-08-30T17:11:03.6560940Z
..............Failed qa: 1989-09-01T16:58:39.3850310Z
Failed qa: 1989-09-06T17:17:04.0440000Z
..........................................Failed qa: 1989-09-17T16:58:18.363043Z
Failed qa: 1989-09-22T17:16:34.7870380Z
..............Failed qa: 1989-10-01T17:10:33.677522Z
Failed qa: 1989-10-01T17:10:21.6840250Z
Failed qa: 1989-10-03T16:58:10.068035Z
Failed qa: 1989-10-08T17:16:21.1080560Z
............................Failed qa: 1989-10-24T17:15:38.5240130Z
Data has been pickled and saved to '/efs/timesync/1989/audit/1989_3726_1211_qa_rejects.p'.
Success tracking goes here
