{'project_id': '1211', 'year': '1989', 'x': 476790, 'y': 2122710, 'plot_id': '3836', 'strata': '41'}
Pandas(Index=0, project_id='1211', plot_id='3836', x=476790, y=2122710)
called process_plot
Pandas(Index=0, project_id='1211', plot_id='3836', x=476790, y=2122710)
3836
Directory '/efs/timesync/1989/audit/' already exists.
Data has been pickled and saved to '/efs/timesync/1989/audit/1989_3836_1211.p'.
Failed qa: 1989-01-03T16:17:46.2220130Z
Failed qa: 1989-01-05T16:05:00.3790560Z
.......Failed qa: 1989-01-19T16:17:14.850547Z
Failed qa: 1989-01-21T16:04:52.185579Z
.......Failed qa: 1989-02-04T16:17:05.8540000Z
Failed qa: 1989-02-06T16:04:43.6130500Z
Failed qa: 1989-02-20T16:17:12.051587Z
Failed qa: 1989-02-22T16:04:47.748044Z
.......Failed qa: 1989-03-08T16:17:00.7980560Z
Failed qa: 1989-03-10T16:04:23.350038Z
.......Failed qa: 1989-03-26T16:03:51.195069Z
.......Failed qa: 1989-04-09T16:16:24.440559Z
Failed qa: 1989-04-11T16:04:02.111038Z
Failed qa: 1989-04-18T16:09:51.2110000Z
Failed qa: 1989-04-25T16:16:05.566553Z
Failed qa: 1989-05-11T16:15:51.651022Z
Failed qa: 1989-05-13T16:03:26.991534Z
.......Failed qa: 1989-05-27T16:15:36.538572Z
Failed qa: 1989-05-29T16:03:13.531575Z
Failed qa: 1989-06-04T16:20:41.283541Z
.......Failed qa: 1989-06-14T16:02:59.8180380Z
.......Failed qa: 1989-06-28T16:14:58.847550Z
Failed qa: 1989-06-30T16:02:35.453553Z
.......Failed qa: 1989-07-14T16:14:38.936532Z
Failed qa: 1989-07-16T16:02:14.967054Z
.......Failed qa: 1989-07-30T16:14:31.9750500Z
Failed qa: 1989-08-01T16:01:55.594535Z
Failed qa: 1989-08-15T16:14:08.4190810Z
Failed qa: 1989-09-02T16:01:13.141541Z
Failed qa: 1989-09-16T16:13:03.970040Z
Failed qa: 1989-09-18T16:00:40.639069Z
.......Failed qa: 1989-10-02T16:13:07.9360810Z
Failed qa: 1989-10-04T16:00:31.951034Z
.......Failed qa: 1989-10-18T16:12:13.906510Z
Failed qa: 1989-11-03T16:11:57.004562Z
.......Failed qa: 1989-11-19T16:11:16.266532Z
Failed qa: 1989-11-21T15:58:51.790540Z
Data has been pickled and saved to '/efs/timesync/1989/audit/1989_3836_1211_qa_rejects.p'.
Success tracking goes here
