{'project_id': '1211', 'year': '1989', 'x': 1173000, 'y': 2093670, 'plot_id': '1004', 'strata': '41'}
Pandas(Index=0, project_id='1211', plot_id='1004', x=1173000, y=2093670)
called process_plot
Pandas(Index=0, project_id='1211', plot_id='1004', x=1173000, y=2093670)
1004
Directory '/efs/timesync/1989/audit/' already exists.
Data has been pickled and saved to '/efs/timesync/1989/audit/1989_1004_1211.p'.
Failed qa: 1989-01-16T15:46:51.077053Z
.......Failed qa: 1989-02-01T15:46:47.362522Z
.......Failed qa: 1989-02-17T15:46:43.751050Z
..............Failed qa: 1989-03-21T15:45:44.688547Z
.......Failed qa: 1989-04-06T15:45:53.460072Z
..............Failed qa: 1989-04-22T15:45:37.996538Z
..............Failed qa: 1989-05-08T15:45:26.439057Z
.......Failed qa: 1989-05-24T15:45:08.239056Z
..............Failed qa: 1989-06-09T15:44:51.197560Z
..............Failed qa: 1989-06-25T15:44:30.404569Z
.......Failed qa: 1989-07-11T15:44:12.540047Z
Failed qa: 1989-07-27T15:43:53.505544Z
..............Failed qa: 1989-08-12T15:43:31.402022Z
..............Failed qa: 1989-08-28T15:43:11.525513Z
..............Failed qa: 1989-09-13T15:42:50.3130190Z
.......Failed qa: 1989-09-29T15:42:27.950565Z
Failed qa: 1989-10-01T15:29:53.0900310Z
.......Failed qa: 1989-10-15T15:41:53.900547Z
............................Data has been pickled and saved to '/efs/timesync/1989/audit/1989_1004_1211_qa_rejects.p'.
Success tracking goes here
