{'project_id': '1211', 'year': '1989', 'x': -1366710, 'y': 2458920, 'plot_id': '2275', 'strata': '41'}
Pandas(Index=0, project_id='1211', plot_id='2275', x=-1366710, y=2458920)
called process_plot
Pandas(Index=0, project_id='1211', plot_id='2275', x=-1366710, y=2458920)
2275
Directory '/efs/timesync/1989/audit/' already exists.
Data has been pickled and saved to '/efs/timesync/1989/audit/1989_2275_1211.p'.
Failed qa: 1989-01-14T17:37:20.198562Z
Failed qa: 1989-01-30T17:37:13.335528Z
Failed qa: 1989-02-15T17:37:11.685050Z
..............Failed qa: 1989-03-19T17:36:27.5560560Z
Failed qa: 1989-03-24T17:54:28.1880310Z
..............Failed qa: 1989-04-04T17:36:18.794544Z
Failed qa: 1989-04-09T17:54:53.670556Z
............................Failed qa: 1989-04-25T17:54:34.652044Z
..............Failed qa: 1989-05-06T17:35:55.675528Z
Failed qa: 1989-05-11T17:54:20.746569Z
..............Failed qa: 1989-05-22T17:35:36.284009Z
Failed qa: 1989-05-27T17:54:05.695034Z
............................Failed qa: 1989-06-07T17:35:21.473040Z
Failed qa: 1989-06-12T17:53:43.865559Z
..........................................Failed qa: 1989-06-23T17:34:45.7540560Z
Failed qa: 1989-06-28T17:53:27.999575Z
............................Failed qa: 1989-07-01T17:40:28.0800130Z
..............Failed qa: 1989-07-09T17:34:53.9980440Z
Failed qa: 1989-07-14T17:53:08.122075Z
............................Failed qa: 1989-07-17T17:40:42.956034Z
..............Failed qa: 1989-07-25T17:34:22.958028Z
Failed qa: 1989-07-30T17:52:49.244022Z
............................Failed qa: 1989-08-02T17:40:42.124022Z
..............Failed qa: 1989-08-10T17:34:00.422041Z
Failed qa: 1989-08-15T17:52:25.624047Z
............................Failed qa: 1989-08-18T17:40:51.9010810Z
..............Failed qa: 1989-08-26T17:33:40.725538Z
Failed qa: 1989-08-31T17:52:06.202566Z
............................Failed qa: 1989-09-11T17:33:12.156056Z
Failed qa: 1989-09-16T17:51:33.205510Z
............................Failed qa: 1989-09-27T17:32:55.897025Z
............................Failed qa: 1989-10-13T17:32:26.261035Z
Failed qa: 1989-10-18T17:50:42.876519Z
..............Failed qa: 1989-10-27T17:43:41.5940380Z
Failed qa: 1989-10-29T17:31:56.313562Z
Data has been pickled and saved to '/efs/timesync/1989/audit/1989_2275_1211_qa_rejects.p'.
Success tracking goes here
