{'project_id': '1211', 'year': '1989', 'x': -167070, 'y': 1587930, 'plot_id': '338', 'strata': '41'}
Pandas(Index=0, project_id='1211', plot_id='338', x=-167070, y=1587930)
called process_plot
Pandas(Index=0, project_id='1211', plot_id='338', x=-167070, y=1587930)
338
Directory '/efs/timesync/1989/audit/' already exists.
Data has been pickled and saved to '/efs/timesync/1989/audit/1989_0338_1211.p'.
Failed qa: 1989-01-15T16:43:29.554563Z
Failed qa: 1989-01-15T16:43:17.572569Z
Failed qa: 1989-01-17T16:31:16.346547Z
Failed qa: 1989-01-22T16:49:18.766563Z
..............Failed qa: 1989-01-31T16:43:24.102082Z
Failed qa: 1989-01-31T16:43:12.191547Z
Failed qa: 1989-02-07T16:49:22.206044Z
..............Failed qa: 1989-02-16T16:43:21.077091Z
Failed qa: 1989-02-16T16:43:09.166050Z
Failed qa: 1989-02-18T16:31:22.4170310Z
Failed qa: 1989-02-23T16:49:13.525047Z
..............Failed qa: 1989-03-04T16:42:51.985025Z
Failed qa: 1989-03-04T16:42:51.985025Z
Failed qa: 1989-03-06T16:30:50.532522Z
Failed qa: 1989-03-11T16:48:48.768534Z
..............Failed qa: 1989-03-22T16:30:09.881531Z
Failed qa: 1989-03-27T16:48:07.4770000Z
Failed qa: 1989-04-05T16:42:29.852009Z
Failed qa: 1989-04-05T16:42:17.938525Z
Failed qa: 1989-04-07T16:30:21.256037Z
Failed qa: 1989-04-12T16:48:29.023063Z
Failed qa: 1989-04-20T16:52:33.919022Z
Failed qa: 1989-04-21T16:42:15.669563Z
Failed qa: 1989-04-21T16:42:03.755556Z
Failed qa: 1989-04-23T16:30:04.657084Z
Failed qa: 1989-04-28T16:48:08.925050Z
..............Failed qa: 1989-05-07T16:42:04.905535Z
Failed qa: 1989-05-07T16:41:52.919044Z
Failed qa: 1989-05-09T16:29:52.255544Z
..............Failed qa: 1989-05-23T16:41:46.066059Z
Failed qa: 1989-05-23T16:41:34.079515Z
Failed qa: 1989-05-30T16:47:40.036566Z
Failed qa: 1989-06-10T16:29:28.6720500Z
Failed qa: 1989-06-16T16:46:45.2050630Z
Failed qa: 1989-06-16T16:46:45.2050630Z
..............Failed qa: 1989-06-24T16:41:31.5910750Z
Failed qa: 1989-06-26T16:28:57.291034Z
Failed qa: 1989-07-01T16:47:01.728553Z
Failed qa: 1989-07-03T16:35:12.9820630Z
Failed qa: 1989-07-03T16:34:49.220034Z
Failed qa: 1989-07-10T16:40:51.011072Z
Failed qa: 1989-07-10T16:40:39.093591Z
Failed qa: 1989-07-17T16:46:41.133022Z
..............Failed qa: 1989-07-26T16:40:31.987053Z
Failed qa: 1989-07-26T16:40:19.997519Z
..............Failed qa: 1989-07-28T16:28:19.764056Z
Failed qa: 1989-08-02T16:46:21.496034Z
..............Failed qa: 1989-08-11T16:40:09.847025Z
Failed qa: 1989-08-11T16:39:57.856050Z
..............Failed qa: 1989-08-13T16:27:57.103057Z
Failed qa: 1989-08-18T16:45:57.369050Z
..............Failed qa: 1989-08-27T16:39:49.821041Z
Failed qa: 1989-08-27T16:39:37.829085Z
..............Failed qa: 1989-09-03T16:45:39.337038Z
Failed qa: 1989-09-05T16:33:50.2830250Z
Failed qa: 1989-09-05T16:33:50.2830250Z
Failed qa: 1989-09-19T16:45:07.247079Z
Failed qa: 1989-09-30T16:26:54.731550Z
..............Failed qa: 1989-10-14T16:38:33.680047Z
Failed qa: 1989-10-14T16:38:21.685566Z
Failed qa: 1989-10-21T16:44:14.141056Z
..............Failed qa: 1989-11-01T16:25:55.701029Z
Failed qa: 1989-11-06T16:43:57.510538Z
..............Failed qa: 1989-11-15T16:37:31.719022Z
Failed qa: 1989-11-15T16:37:19.723535Z
Failed qa: 1989-11-17T16:25:18.730572Z
Failed qa: 1989-12-01T16:37:14.224544Z
Failed qa: 1989-12-01T16:37:02.300531Z
Data has been pickled and saved to '/efs/timesync/1989/audit/1989_0338_1211_qa_rejects.p'.
Success tracking goes here
