{'project_id': '1211', 'year': '1989', 'x': 132360, 'y': 1224210, 'plot_id': '2108', 'strata': '41'}
Pandas(Index=0, project_id='1211', plot_id='2108', x=132360, y=1224210)
called process_plot
Pandas(Index=0, project_id='1211', plot_id='2108', x=132360, y=1224210)
2108
Directory '/efs/timesync/1989/audit/' already exists.
Data has been pickled and saved to '/efs/timesync/1989/audit/1989_2108_1211.p'.
............................Failed qa: 1989-01-17T16:31:40.310094Z
............................Failed qa: 1989-01-28T16:13:27.235525Z
............................Failed qa: 1989-02-18T16:31:22.4170310Z
Failed qa: 1989-03-01T16:13:13.968562Z
Failed qa: 1989-03-06T16:31:14.427559Z
..............Failed qa: 1989-03-17T16:12:33.710528Z
Failed qa: 1989-03-22T16:30:33.778538Z
............................Failed qa: 1989-04-07T16:30:45.154528Z
............................Failed qa: 1989-04-18T16:12:26.234557Z
Failed qa: 1989-04-23T16:30:28.557059Z
............................Failed qa: 1989-05-09T16:30:16.156557Z
..............Failed qa: 1989-05-20T16:12:04.5400560Z
............................Failed qa: 1989-06-05T16:11:28.1990440Z
Failed qa: 1989-06-10T16:29:40.659566Z
............................Failed qa: 1989-06-21T16:11:14.801060Z
Failed qa: 1989-06-26T16:29:21.196513Z
............................Failed qa: 1989-07-07T16:10:59.668016Z
..............Failed qa: 1989-07-21T16:23:15.9900060Z
Failed qa: 1989-07-23T16:10:52.6550630Z
Failed qa: 1989-07-28T16:28:43.672075Z
............................Failed qa: 1989-08-08T16:10:31.7410380Z
Failed qa: 1989-08-13T16:28:21.013066Z
............................Failed qa: 1989-09-09T16:09:33.969044Z
............................Failed qa: 1989-09-25T16:09:11.745578Z
Failed qa: 1989-09-30T16:27:18.646566Z
............................Failed qa: 1989-10-11T16:08:48.273543Z
Failed qa: 1989-10-16T16:26:54.0180000Z
..............Failed qa: 1989-11-01T16:26:19.619034Z
............................Failed qa: 1989-11-12T16:07:46.931569Z
Failed qa: 1989-11-17T16:25:42.649572Z
..............Data has been pickled and saved to '/efs/timesync/1989/audit/1989_2108_1211_qa_rejects.p'.
Success tracking goes here
