{'project_id': '1211', 'year': '1989', 'x': -1835910, 'y': 2365710, 'plot_id': '2852', 'strata': '41'}
Pandas(Index=0, project_id='1211', plot_id='2852', x=-1835910, y=2365710)
called process_plot
Pandas(Index=0, project_id='1211', plot_id='2852', x=-1835910, y=2365710)
2852
Directory '/efs/timesync/1989/audit/' already exists.
Data has been pickled and saved to '/efs/timesync/1989/audit/1989_2852_1211.p'.
Failed qa: 1989-01-08T18:14:45.1530440Z
.......Failed qa: 1989-01-24T18:14:37.695541Z
.......Failed qa: 1989-02-02T18:08:44.678560Z
Failed qa: 1989-02-09T18:14:39.629554Z
Failed qa: 1989-02-18T18:09:03.9380880Z
Failed qa: 1989-02-25T18:14:19.9680130Z
..............Failed qa: 1989-03-13T18:14:03.833528Z
..............Failed qa: 1989-03-31T18:01:07.9400310Z
Failed qa: 1989-04-07T18:07:27.1060880Z
Failed qa: 1989-04-14T18:13:46.569019Z
.....................Failed qa: 1989-05-08T18:18:00.077582Z
.......Failed qa: 1989-05-16T18:13:09.567026Z
Failed qa: 1989-05-24T18:17:52.8750000Z
..............Failed qa: 1989-06-01T18:12:57.652513Z
..............Failed qa: 1989-06-17T18:12:31.603544Z
.......Failed qa: 1989-06-25T18:18:08.334069Z
Failed qa: 1989-07-03T18:12:18.571037Z
.......Failed qa: 1989-07-11T18:18:12.117572Z
Failed qa: 1989-07-19T18:11:57.888025Z
.......Failed qa: 1989-07-27T18:18:10.816066Z
..............Failed qa: 1989-08-04T18:11:38.604050Z
.....................Failed qa: 1989-08-20T18:11:15.707547Z
..............Failed qa: 1989-09-05T18:10:55.800063Z
.......Failed qa: 1989-09-21T18:10:24.255538Z
..............Failed qa: 1989-10-07T18:10:01.5710440Z
.......Failed qa: 1989-10-25T17:56:52.7730880Z
..............Data has been pickled and saved to '/efs/timesync/1989/audit/1989_2852_1211_qa_rejects.p'.
Success tracking goes here
