{'project_id': '1211', 'year': '1989', 'x': 710370, 'y': 1189530, 'plot_id': '1454', 'strata': '41'}
Pandas(Index=0, project_id='1211', plot_id='1454', x=710370, y=1189530)
called process_plot
Pandas(Index=0, project_id='1211', plot_id='1454', x=710370, y=1189530)
1454
Directory '/efs/timesync/1989/audit/' already exists.
Data has been pickled and saved to '/efs/timesync/1989/audit/1989_1454_1211.p'.
.....................Failed qa: 1989-02-15T16:01:29.596565Z
.....................Failed qa: 1989-04-04T16:00:48.4300130Z
.......Failed qa: 1989-04-20T16:00:11.830044Z
.......Failed qa: 1989-05-06T15:59:49.831532Z
.......Failed qa: 1989-05-22T15:59:30.395016Z
.......Failed qa: 1989-06-07T15:59:15.665047Z
Failed qa: 1989-06-16T15:53:22.0540310Z
Failed qa: 1989-06-23T15:58:51.731544Z
.......Failed qa: 1989-07-09T15:58:35.990057Z
.......Failed qa: 1989-07-25T15:58:16.911016Z
.......Failed qa: 1989-08-26T15:57:34.799560Z
..............Failed qa: 1989-09-27T15:56:49.922550Z
..............Data has been pickled and saved to '/efs/timesync/1989/audit/1989_1454_1211_qa_rejects.p'.
Success tracking goes here
