{'project_id': '1211', 'year': '1989', 'x': -2169480, 'y': 2423340, 'plot_id': '1517', 'strata': '41'}
Pandas(Index=0, project_id='1211', plot_id='1517', x=-2169480, y=2423340)
called process_plot
Pandas(Index=0, project_id='1211', plot_id='1517', x=-2169480, y=2423340)
1517
Directory '/efs/timesync/1989/audit/' already exists.
Data has been pickled and saved to '/efs/timesync/1989/audit/1989_1517_1211.p'.
Failed qa: 1989-01-15T18:20:47.0120750Z
.......Failed qa: 1989-04-03T18:32:07.0140560Z
.....................Failed qa: 1989-05-05T18:31:46.0770690Z
.....................Failed qa: 1989-06-06T18:31:12.4080940Z
.......Failed qa: 1989-06-15T18:24:41.5520630Z
..............Failed qa: 1989-07-08T18:30:32.4990440Z
..............Failed qa: 1989-07-24T18:30:13.4730500Z
..............Failed qa: 1989-08-09T18:29:51.7820000Z
.....................Failed qa: 1989-09-10T18:29:04.6330630Z
..............Failed qa: 1989-09-26T18:28:45.4090810Z
.......Failed qa: 1989-10-05T18:22:39.166057Z
.......Failed qa: 1989-10-28T18:27:45.5600190Z
.................................................Data has been pickled and saved to '/efs/timesync/1989/audit/1989_1517_1211_qa_rejects.p'.
Success tracking goes here
