{'project_id': '1211', 'year': '1989', 'x': 214410, 'y': 1824480, 'plot_id': '4101', 'strata': '41'}
Pandas(Index=0, project_id='1211', plot_id='4101', x=214410, y=1824480)
called process_plot
Pandas(Index=0, project_id='1211', plot_id='4101', x=214410, y=1824480)
4101
Directory '/efs/timesync/1989/audit/' already exists.
Data has been pickled and saved to '/efs/timesync/1989/audit/1989_4101_1211.p'.
Failed qa: 1989-01-03T16:18:22.165075Z
.......Failed qa: 1989-01-17T16:30:28.706000Z
Failed qa: 1989-01-19T16:18:02.707513Z
.....................Failed qa: 1989-03-06T16:30:02.885516Z
Failed qa: 1989-03-08T16:17:36.821022Z
Failed qa: 1989-03-22T16:29:22.302538Z
Failed qa: 1989-03-24T16:16:58.802541Z
.......Failed qa: 1989-04-07T16:29:21.6170880Z
Failed qa: 1989-04-09T16:17:12.238072Z
.......Failed qa: 1989-04-23T16:29:17.073047Z
Failed qa: 1989-04-25T16:16:53.367007Z
.......Failed qa: 1989-05-09T16:28:52.6820440Z
Failed qa: 1989-05-11T16:16:39.525506Z
Failed qa: 1989-05-27T16:16:24.343075Z
.......Failed qa: 1989-06-12T16:15:50.7440310Z
.......Failed qa: 1989-06-26T16:28:09.695550Z
Failed qa: 1989-06-28T16:15:46.730550Z
.......Failed qa: 1989-07-14T16:15:26.749526Z
.......Failed qa: 1989-07-28T16:27:32.235041Z
.......Failed qa: 1989-08-13T16:27:09.426084Z
Failed qa: 1989-08-15T16:14:44.393012Z
.......Failed qa: 1989-09-16T16:13:51.868554Z
.......Failed qa: 1989-09-30T16:26:07.044588Z
Failed qa: 1989-10-02T16:13:43.845041Z
.......Failed qa: 1989-10-18T16:13:01.740050Z
.......Failed qa: 1989-11-01T16:25:08.080078Z
Failed qa: 1989-11-03T16:12:44.841069Z
.......Failed qa: 1989-11-17T16:24:31.180053Z
Failed qa: 1989-11-19T16:12:04.104559Z
Data has been pickled and saved to '/efs/timesync/1989/audit/1989_4101_1211_qa_rejects.p'.
Success tracking goes here
