{'project_id': '1211', 'year': '1989', 'x': 477030, 'y': 1212810, 'plot_id': '3789', 'strata': '41'}
Pandas(Index=0, project_id='1211', plot_id='3789', x=477030, y=1212810)
called process_plot
Pandas(Index=0, project_id='1211', plot_id='3789', x=477030, y=1212810)
3789
Directory '/efs/timesync/1989/audit/' already exists.
Data has been pickled and saved to '/efs/timesync/1989/audit/1989_3789_1211.p'.
Failed qa: 1989-01-05T16:08:11.3640130Z
..............Failed qa: 1989-01-28T16:13:15.2530310Z
Failed qa: 1989-01-28T16:13:15.2530310Z
Failed qa: 1989-01-30T16:01:07.388556Z
Failed qa: 1989-01-30T16:01:19.2990810Z
Failed qa: 1989-02-06T16:06:43.0110060Z
Failed qa: 1989-02-15T16:01:17.6850750Z
Failed qa: 1989-02-15T16:01:29.596565Z
..............Failed qa: 1989-03-01T16:12:50.073547Z
..............Failed qa: 1989-03-17T16:12:09.813562Z
Failed qa: 1989-03-17T16:12:33.710528Z
Failed qa: 1989-03-19T16:00:09.514535Z
Failed qa: 1989-03-19T16:00:33.339544Z
..............Failed qa: 1989-04-04T16:00:48.4300130Z
..............Failed qa: 1989-04-18T16:12:02.407028Z
Failed qa: 1989-04-20T15:59:59.916047Z
Failed qa: 1989-04-20T16:00:23.744041Z
Failed qa: 1989-05-06T15:59:49.831532Z
Failed qa: 1989-05-06T16:00:13.732529Z
Failed qa: 1989-05-20T16:11:16.7370060Z
Failed qa: 1989-05-22T15:59:30.395016Z
Failed qa: 1989-05-22T15:59:54.296559Z
..............Failed qa: 1989-06-05T16:11:28.1990440Z
Failed qa: 1989-06-07T15:59:15.665047Z
Failed qa: 1989-06-07T15:59:39.496553Z
..............Failed qa: 1989-06-21T16:10:50.896541Z
Failed qa: 1989-06-23T15:58:51.731544Z
Failed qa: 1989-06-23T15:59:15.564553Z
Failed qa: 1989-06-30T16:04:22.7780500Z
Failed qa: 1989-06-30T16:05:34.4230940Z
Failed qa: 1989-07-07T16:10:35.833531Z
Failed qa: 1989-07-09T15:58:35.990057Z
Failed qa: 1989-07-09T15:58:59.896072Z
..............Failed qa: 1989-07-23T16:10:04.8400500Z
Failed qa: 1989-07-25T15:58:16.911016Z
Failed qa: 1989-07-25T15:58:40.747022Z
..............Failed qa: 1989-08-26T15:57:34.799560Z
Failed qa: 1989-08-26T15:57:58.711041Z
..............Failed qa: 1989-09-09T16:09:10.056538Z
..............Failed qa: 1989-09-25T16:08:47.831079Z
Failed qa: 1989-09-27T15:56:49.922550Z
Failed qa: 1989-09-27T15:57:13.765547Z
..............Failed qa: 1989-10-11T16:08:24.357050Z
..............Failed qa: 1989-11-12T16:07:23.012591Z
..............Data has been pickled and saved to '/efs/timesync/1989/audit/1989_3789_1211_qa_rejects.p'.
Success tracking goes here
