{'project_id': '1211', 'year': '1989', 'x': 582960, 'y': 2224350, 'plot_id': '1151', 'strata': '41'}
Pandas(Index=0, project_id='1211', plot_id='1151', x=582960, y=2224350)
called process_plot
Pandas(Index=0, project_id='1211', plot_id='1151', x=582960, y=2224350)
1151
Directory '/efs/timesync/1989/audit/' already exists.
Data has been pickled and saved to '/efs/timesync/1989/audit/1989_1151_1211.p'.
Failed qa: 1989-01-03T16:17:46.2220130Z
............................Failed qa: 1989-01-19T16:17:14.850547Z
............................Failed qa: 1989-02-04T16:17:05.8540000Z
..............Failed qa: 1989-02-20T16:17:12.051587Z
............................Failed qa: 1989-03-08T16:17:00.7980560Z
..............Failed qa: 1989-03-19T15:57:46.348540Z
Failed qa: 1989-03-24T16:16:10.936053Z
............................Failed qa: 1989-04-04T15:57:49.444047Z
Failed qa: 1989-04-09T16:16:24.440559Z
............................Failed qa: 1989-04-20T15:57:36.661553Z
Failed qa: 1989-04-25T16:16:05.566553Z
Failed qa: 1989-05-06T15:57:26.497554Z
Failed qa: 1989-05-11T16:15:51.651022Z
............................Failed qa: 1989-05-22T15:57:07.127010Z
Failed qa: 1989-05-27T16:15:36.538572Z
..............Failed qa: 1989-06-04T16:20:41.283541Z
..............Failed qa: 1989-06-07T15:56:52.317032Z
Failed qa: 1989-06-14T16:02:59.8180380Z
Failed qa: 1989-06-14T16:02:59.8180380Z
..............Failed qa: 1989-06-23T15:56:28.517541Z
Failed qa: 1989-06-28T16:14:58.847550Z
............................Failed qa: 1989-07-09T15:56:12.768531Z
Failed qa: 1989-07-14T16:14:38.936532Z
............................Failed qa: 1989-07-25T15:55:53.750550Z
Failed qa: 1989-07-30T16:14:31.9750500Z
..............Failed qa: 1989-08-15T16:14:08.4190810Z
Failed qa: 1989-08-26T15:55:11.547528Z
..............Failed qa: 1989-09-16T16:13:03.970040Z
............................Failed qa: 1989-09-27T15:54:26.649050Z
Failed qa: 1989-10-02T16:13:07.9360810Z
............................Failed qa: 1989-10-18T16:12:13.906510Z
Failed qa: 1989-11-03T16:11:57.004562Z
..............Failed qa: 1989-11-19T16:11:16.266532Z
..............Data has been pickled and saved to '/efs/timesync/1989/audit/1989_1151_1211_qa_rejects.p'.
Success tracking goes here
