{'project_id': '1211', 'year': '1989', 'x': -1225290, 'y': 2060580, 'plot_id': '4486', 'strata': '41'}
Pandas(Index=0, project_id='1211', plot_id='4486', x=-1225290, y=2060580)
called process_plot
Pandas(Index=0, project_id='1211', plot_id='4486', x=-1225290, y=2060580)
4486
Directory '/efs/timesync/1989/audit/' already exists.
Data has been pickled and saved to '/efs/timesync/1989/audit/1989_4486_1211.p'.
Failed qa: 1989-01-14T17:38:07.982560Z
Failed qa: 1989-01-30T17:38:01.121559Z
Failed qa: 1989-02-15T17:37:59.474060Z
Failed qa: 1989-03-19T17:37:03.222038Z
Failed qa: 1989-03-26T17:43:20.2560500Z
Failed qa: 1989-04-04T17:37:06.519075Z
Failed qa: 1989-04-11T17:43:19.138559Z
.......Failed qa: 1989-04-27T17:43:10.2640690Z
.......Failed qa: 1989-05-06T17:36:43.477528Z
Failed qa: 1989-05-13T17:42:43.948503Z
.......Failed qa: 1989-05-22T17:36:24.087557Z
Failed qa: 1989-05-29T17:42:30.422075Z
.......Failed qa: 1989-06-07T17:36:09.207579Z
Failed qa: 1989-06-14T17:42:04.845076Z
.......Failed qa: 1989-06-23T17:35:45.552063Z
.......Failed qa: 1989-06-30T17:41:52.345531Z
.......Failed qa: 1989-07-09T17:35:29.678016Z
.......Failed qa: 1989-07-16T17:41:31.855532Z
.......Failed qa: 1989-07-25T17:35:10.630047Z
.......Failed qa: 1989-08-01T17:41:12.543041Z
Failed qa: 1989-08-03T17:28:59.623037Z
Failed qa: 1989-08-10T17:34:48.241044Z
.......Failed qa: 1989-08-17T17:40:47.021563Z
.......Failed qa: 1989-08-26T17:34:28.476031Z
.......Failed qa: 1989-09-02T17:40:30.119056Z
.......Failed qa: 1989-09-11T17:33:59.909531Z
.......Failed qa: 1989-09-18T17:39:57.594569Z
.......Failed qa: 1989-09-27T17:33:43.654085Z
.......Failed qa: 1989-10-04T17:39:48.849525Z
.......Failed qa: 1989-10-13T17:33:26.0880880Z
Failed qa: 1989-10-20T17:39:04.600544Z
.......Failed qa: 1989-10-29T17:32:43.997062Z
Data has been pickled and saved to '/efs/timesync/1989/audit/1989_4486_1211_qa_rejects.p'.
Success tracking goes here
