{'project_id': '1211', 'year': '1989', 'x': -659040, 'y': 2152200, 'plot_id': '4427', 'strata': '41'}
Pandas(Index=0, project_id='1211', plot_id='4427', x=-659040, y=2152200)
called process_plot
Pandas(Index=0, project_id='1211', plot_id='4427', x=-659040, y=2152200)
4427
Directory '/efs/timesync/1989/audit/' already exists.
Data has been pickled and saved to '/efs/timesync/1989/audit/1989_4427_1211.p'.
.......Failed qa: 1989-04-08T17:11:50.2520190Z
Failed qa: 1989-04-15T17:17:55.9320440Z
.......Failed qa: 1989-04-24T17:11:44.141547Z
Failed qa: 1989-05-01T17:17:38.7370560Z
.......Failed qa: 1989-05-10T17:11:18.9790500Z
Failed qa: 1989-05-17T17:17:18.3560250Z
Failed qa: 1989-05-19T17:04:54.9920810Z
Failed qa: 1989-05-26T17:11:14.528550Z
Failed qa: 1989-06-02T17:17:07.5250940Z
Failed qa: 1989-06-04T17:04:43.8190440Z
Failed qa: 1989-06-11T17:10:54.867028Z
Failed qa: 1989-06-18T17:16:41.7390810Z
Failed qa: 1989-06-19T17:16:17.833569Z
.......Failed qa: 1989-06-26T17:22:19.1610630Z
Failed qa: 1989-07-04T17:16:27.8910190Z
Failed qa: 1989-07-05T17:16:19.654541Z
Failed qa: 1989-07-12T17:22:23.1180000Z
Failed qa: 1989-07-13T17:10:17.188040Z
.......Failed qa: 1989-07-20T17:16:06.9420380Z
.......Failed qa: 1989-08-05T17:15:48.2020560Z
.......Failed qa: 1989-08-14T17:09:35.843540Z
.......Failed qa: 1989-08-21T17:15:25.8910310Z
.......Failed qa: 1989-08-30T17:09:16.162079Z
.......Failed qa: 1989-09-06T17:15:04.6980310Z
Failed qa: 1989-09-07T17:16:20.502528Z
Failed qa: 1989-09-15T17:08:41.501015Z
Failed qa: 1989-09-22T17:14:35.2880690Z
.......Failed qa: 1989-10-01T17:08:34.317534Z
Failed qa: 1989-10-08T17:14:21.7440130Z
.......Failed qa: 1989-10-24T17:13:39.1520250Z
Data has been pickled and saved to '/efs/timesync/1989/audit/1989_4427_1211_qa_rejects.p'.
Success tracking goes here
