{'project_id': '1211', 'year': '1989', 'x': -665040, 'y': 1818300, 'plot_id': '358', 'strata': '41'}
Pandas(Index=0, project_id='1211', plot_id='358', x=-665040, y=1818300)
called process_plot
Pandas(Index=0, project_id='1211', plot_id='358', x=-665040, y=1818300)
358
Directory '/efs/timesync/1989/audit/' already exists.
Data has been pickled and saved to '/efs/timesync/1989/audit/1989_0358_1211.p'.
............................Failed qa: 1989-04-08T17:12:37.9050940Z
............................Failed qa: 1989-04-19T16:54:40.0430190Z
Failed qa: 1989-04-24T17:12:20.0270810Z
............................Failed qa: 1989-05-05T16:54:28.3440810Z
Failed qa: 1989-05-19T17:05:42.6520880Z
Failed qa: 1989-05-19T17:06:30.3130000Z
Failed qa: 1989-05-21T16:54:08.4930940Z
Failed qa: 1989-05-26T17:11:50.4900000Z
............................Failed qa: 1989-06-06T16:53:54.8260630Z
Failed qa: 1989-06-11T17:11:30.6870060Z
..............Failed qa: 1989-06-19T17:16:53.6460250Z
............................Failed qa: 1989-07-05T17:16:55.6090750Z
..............Failed qa: 1989-07-08T16:53:14.7840750Z
Failed qa: 1989-07-13T17:10:53.0110810Z
..........................................Failed qa: 1989-07-24T16:52:55.7840000Z
Failed qa: 1989-07-29T17:10:34.6370810Z
............................Failed qa: 1989-08-09T16:52:34.1250750Z
Failed qa: 1989-08-14T17:10:11.6730190Z
..........................................Failed qa: 1989-08-30T17:09:52.1370810Z
............................Failed qa: 1989-09-07T17:17:08.299065Z
..............Failed qa: 1989-09-10T16:51:47.1210000Z
Failed qa: 1989-09-15T17:09:29.470553Z
............................Failed qa: 1989-09-26T16:51:27.6820880Z
Failed qa: 1989-10-01T17:09:10.1540560Z
Failed qa: 1989-10-03T16:57:34.1590690Z
..............Failed qa: 1989-10-17T17:08:42.777563Z
Data has been pickled and saved to '/efs/timesync/1989/audit/1989_0358_1211_qa_rejects.p'.
Success tracking goes here
