{'project_id': '1211', 'year': '1989', 'x': 60540, 'y': 1065930, 'plot_id': '1159', 'strata': '41'}
Pandas(Index=0, project_id='1211', plot_id='1159', x=60540, y=1065930)
called process_plot
Pandas(Index=0, project_id='1211', plot_id='1159', x=60540, y=1065930)
1159
Directory '/efs/timesync/1989/audit/' already exists.
Data has been pickled and saved to '/efs/timesync/1989/audit/1989_1159_1211.p'.
Failed qa: 1989-01-03T16:20:09.494047Z
Failed qa: 1989-01-03T16:20:21.475522Z
..............Failed qa: 1989-01-17T16:32:04.202572Z
Failed qa: 1989-01-19T16:19:38.205075Z
Failed qa: 1989-01-19T16:19:50.1870810Z
..............Failed qa: 1989-02-04T16:19:29.0720310Z
..............Failed qa: 1989-03-06T16:31:38.323044Z
Failed qa: 1989-03-08T16:19:24.099544Z
Failed qa: 1989-03-08T16:19:36.083063Z
Failed qa: 1989-03-22T16:30:57.675550Z
Failed qa: 1989-03-22T16:31:09.5880690Z
Failed qa: 1989-03-24T16:18:46.089554Z
Failed qa: 1989-03-24T16:18:58.002534Z
..............Failed qa: 1989-04-07T16:31:09.053019Z
Failed qa: 1989-04-09T16:18:47.617591Z
Failed qa: 1989-04-09T16:18:59.5310880Z
..............Failed qa: 1989-04-23T16:30:52.457038Z
Failed qa: 1989-04-25T16:18:40.737087Z
Failed qa: 1989-04-25T16:18:52.723075Z
..............Failed qa: 1989-05-09T16:30:40.057569Z
Failed qa: 1989-05-11T16:18:26.901544Z
Failed qa: 1989-05-11T16:18:38.888044Z
Failed qa: 1989-05-27T16:18:11.795582Z
Failed qa: 1989-05-27T16:18:23.711056Z
..............Failed qa: 1989-06-10T16:30:04.563072Z
Failed qa: 1989-06-12T16:17:50.119553Z
Failed qa: 1989-06-12T16:18:02.035557Z
..............Failed qa: 1989-06-26T16:29:45.101535Z
Failed qa: 1989-06-28T16:17:10.2210310Z
..............Failed qa: 1989-07-14T16:17:14.005512Z
Failed qa: 1989-07-14T16:17:25.922547Z
..............Failed qa: 1989-07-28T16:29:07.580088Z
Failed qa: 1989-07-30T16:16:55.209544Z
Failed qa: 1989-07-30T16:17:07.199547Z
..............Failed qa: 1989-08-13T16:28:44.923078Z
Failed qa: 1989-08-15T16:16:31.738519Z
Failed qa: 1989-08-15T16:16:43.657547Z
..............Failed qa: 1989-08-29T16:28:37.2040810Z
Failed qa: 1989-09-16T16:15:39.227531Z
Failed qa: 1989-09-16T16:15:51.148063Z
..............Failed qa: 1989-09-30T16:27:42.561572Z
Failed qa: 1989-10-02T16:15:31.211562Z
Failed qa: 1989-10-02T16:15:43.205060Z
..............Failed qa: 1989-10-16T16:27:05.940047Z
..............Failed qa: 1989-11-01T16:26:43.537043Z
Failed qa: 1989-11-03T16:14:32.078547Z
Failed qa: 1989-11-03T16:14:44.073550Z
..............Failed qa: 1989-11-17T16:26:06.497041Z
Failed qa: 1989-11-19T16:13:51.345550Z
Failed qa: 1989-11-19T16:14:03.341047Z
Data has been pickled and saved to '/efs/timesync/1989/audit/1989_1159_1211_qa_rejects.p'.
Success tracking goes here
