{'project_id': '1211', 'year': '1989', 'x': -153870, 'y': 2539140, 'plot_id': '3270', 'strata': '41'}
Pandas(Index=0, project_id='1211', plot_id='3270', x=-153870, y=2539140)
called process_plot
Pandas(Index=0, project_id='1211', plot_id='3270', x=-153870, y=2539140)
3270
Directory '/efs/timesync/1989/audit/' already exists.
Data has been pickled and saved to '/efs/timesync/1989/audit/1989_3270_1211.p'.
Failed qa: 1989-01-15T16:41:06.0580810Z
Failed qa: 1989-01-22T16:47:31.1410940Z
Failed qa: 1989-01-24T16:35:08.6180380Z
.......Failed qa: 1989-02-09T16:35:10.7280310Z
.......Failed qa: 1989-03-04T16:40:52.509041Z
Failed qa: 1989-03-11T16:47:01.2740190Z
Failed qa: 1989-03-18T16:52:25.1190000Z
Failed qa: 1989-03-20T16:40:12.696535Z
Failed qa: 1989-03-27T16:46:31.7420750Z
Failed qa: 1989-04-03T16:52:26.0450500Z
Failed qa: 1989-04-05T16:40:18.518519Z
.......Failed qa: 1989-04-19T16:52:16.7890750Z
.......Failed qa: 1989-04-21T16:40:04.257006Z
Failed qa: 1989-04-30T16:33:59.3500310Z
Failed qa: 1989-05-05T16:52:05.0830000Z
Failed qa: 1989-05-07T16:39:53.414522Z
.......Failed qa: 1989-05-16T16:33:40.6380130Z
Failed qa: 1989-05-21T16:51:45.2260380Z
Failed qa: 1989-05-23T16:39:22.6540500Z
Failed qa: 1989-06-06T16:51:31.5500880Z
Failed qa: 1989-06-17T16:33:02.5820750Z
Failed qa: 1989-06-24T16:38:44.4720250Z
Failed qa: 1989-06-30T16:56:48.5610690Z
.......Failed qa: 1989-07-03T16:32:49.6910000Z
Failed qa: 1989-07-08T16:50:51.6350380Z
Failed qa: 1989-07-10T16:38:39.705553Z
.......Failed qa: 1989-07-19T16:32:29.0200060Z
Failed qa: 1989-07-24T16:50:32.6250060Z
Failed qa: 1989-07-26T16:38:20.529041Z
Failed qa: 1989-07-27T16:38:41.8450630Z
.......Failed qa: 1989-08-04T16:32:09.6160690Z
Failed qa: 1989-08-09T16:50:10.9560690Z
Failed qa: 1989-08-11T16:37:58.451034Z
.......Failed qa: 1989-08-20T16:31:46.7450060Z
Failed qa: 1989-08-27T16:37:38.272538Z
Failed qa: 1989-08-28T16:38:40.7070000Z
Failed qa: 1989-09-02T16:56:49.2430500Z
Failed qa: 1989-09-03T16:43:51.6970500Z
Failed qa: 1989-09-05T16:31:26.9530560Z
Failed qa: 1989-09-12T16:37:07.513503Z
.......Failed qa: 1989-09-26T16:49:04.4820750Z
Failed qa: 1989-10-14T16:36:22.246047Z
.......Failed qa: 1989-10-23T16:30:01.2110880Z
Failed qa: 1989-11-06T16:42:09.9860060Z
Failed qa: 1989-12-01T16:35:14.7680690Z
Data has been pickled and saved to '/efs/timesync/1989/audit/1989_3270_1211_qa_rejects.p'.
Success tracking goes here
