{'project_id': '1211', 'year': '1989', 'x': -762480, 'y': 1028100, 'plot_id': '2290', 'strata': '41'}
Pandas(Index=0, project_id='1211', plot_id='2290', x=-762480, y=1028100)
called process_plot
Pandas(Index=0, project_id='1211', plot_id='2290', x=-762480, y=1028100)
2290
Directory '/efs/timesync/1989/audit/' already exists.
Data has been pickled and saved to '/efs/timesync/1989/audit/1989_2290_1211.p'.
Failed qa: 1989-02-23T16:51:00.9450060Z
..........................................Failed qa: 1989-03-27T16:50:06.7500190Z
Failed qa: 1989-04-01T17:08:43.3140380Z
..............Failed qa: 1989-04-10T17:02:39.226035Z
Failed qa: 1989-04-10T17:02:27.168575Z
Failed qa: 1989-04-12T16:50:16.3180190Z
Failed qa: 1989-04-17T17:08:41.5420250Z
..............Failed qa: 1989-04-20T16:54:21.3540060Z
Failed qa: 1989-04-26T17:02:19.464547Z
Failed qa: 1989-04-26T17:02:07.407035Z
Failed qa: 1989-05-03T17:08:26.9350380Z
..............Failed qa: 1989-05-19T17:08:06.0630880Z
..............Failed qa: 1989-05-28T17:01:51.008054Z
Failed qa: 1989-05-28T17:01:38.949069Z
Failed qa: 1989-06-04T17:07:54.7570130Z
..............Failed qa: 1989-06-13T17:01:27.384563Z
Failed qa: 1989-06-13T17:01:15.325047Z
Failed qa: 1989-06-20T17:07:17.428557Z
Failed qa: 1989-06-21T17:06:43.393516Z
Failed qa: 1989-06-21T17:06:43.393516Z
Failed qa: 1989-06-30T17:01:11.3760310Z
Failed qa: 1989-06-30T17:00:47.334540Z
Failed qa: 1989-07-07T17:06:59.119072Z
Failed qa: 1989-07-07T17:06:47.063031Z
..............Failed qa: 1989-07-14T17:13:12.4370810Z
Failed qa: 1989-07-15T17:00:52.680072Z
Failed qa: 1989-07-15T17:00:40.619532Z
Failed qa: 1989-07-22T17:06:54.8110810Z
..............Failed qa: 1989-07-31T17:00:33.647059Z
Failed qa: 1989-07-31T17:00:21.585515Z
Failed qa: 1989-08-07T17:06:34.6340750Z
..............Failed qa: 1989-08-15T17:12:57.324529Z
Failed qa: 1989-08-16T17:00:09.249025Z
Failed qa: 1989-08-16T16:59:57.186038Z
Failed qa: 1989-08-23T17:06:12.9650440Z
Failed qa: 1989-08-31T17:12:57.796560Z
..............Failed qa: 1989-09-08T17:05:49.7470810Z
..............Failed qa: 1989-09-17T16:59:18.182535Z
Failed qa: 1989-09-17T16:59:06.118044Z
Failed qa: 1989-09-24T17:05:24.9970750Z
..............Failed qa: 1989-10-03T16:59:09.820034Z
Failed qa: 1989-10-03T16:58:57.754554Z
Failed qa: 1989-10-10T17:05:04.9580060Z
Failed qa: 1989-10-21T16:45:37.7430750Z
..............Data has been pickled and saved to '/efs/timesync/1989/audit/1989_2290_1211_qa_rejects.p'.
Success tracking goes here
