{'project_id': '1211', 'year': '1989', 'x': -1840440, 'y': 2131620, 'plot_id': '4733', 'strata': '41'}
Pandas(Index=0, project_id='1211', plot_id='4733', x=-1840440, y=2131620)
called process_plot
Pandas(Index=0, project_id='1211', plot_id='4733', x=-1840440, y=2131620)
4733
Directory '/efs/timesync/1989/audit/' already exists.
Data has been pickled and saved to '/efs/timesync/1989/audit/1989_4733_1211.p'.
Failed qa: 1989-01-17T18:08:57.697069Z
Failed qa: 1989-01-19T17:56:43.6450940Z
Failed qa: 1989-01-24T18:14:49.6060440Z
.......Failed qa: 1989-02-02T18:09:08.5720690Z
Failed qa: 1989-02-18T18:09:03.9380880Z
.......Failed qa: 1989-03-06T18:08:31.952534Z
.......Failed qa: 1989-03-22T18:07:51.194522Z
Failed qa: 1989-03-24T17:55:39.9520190Z
.......Failed qa: 1989-04-09T17:55:53.4530810Z
.......Failed qa: 1989-04-23T18:07:46.033041Z
Failed qa: 1989-04-25T17:55:34.4380500Z
.......Failed qa: 1989-05-09T18:07:33.607522Z
Failed qa: 1989-05-11T17:55:20.4640500Z
Failed qa: 1989-05-25T18:07:16.212078Z
.......Failed qa: 1989-05-27T17:55:05.4150000Z
.......Failed qa: 1989-06-10T18:06:58.101544Z
Failed qa: 1989-06-12T17:54:43.6610750Z
.......Failed qa: 1989-06-28T17:54:27.8000060Z
.......Failed qa: 1989-07-14T17:54:07.9240380Z
.......Failed qa: 1989-07-28T18:06:01.248022Z
.......Failed qa: 1989-07-30T17:53:48.9780810Z
.......Failed qa: 1989-08-13T18:05:38.443003Z
.......Failed qa: 1989-08-15T17:53:25.4350940Z
.......Failed qa: 1989-08-29T18:05:18.845579Z
Failed qa: 1989-08-31T17:53:06.0180190Z
.......Failed qa: 1989-09-16T17:52:33.0240500Z
.......Failed qa: 1989-09-30T18:04:36.143591Z
Failed qa: 1989-10-02T17:52:24.9820130Z
Failed qa: 1989-10-16T18:03:59.355553Z
Failed qa: 1989-10-18T17:51:42.7040880Z
.......Failed qa: 1989-11-01T18:03:37.229082Z
.......Failed qa: 1989-11-17T18:03:00.114547Z
Data has been pickled and saved to '/efs/timesync/1989/audit/1989_4733_1211_qa_rejects.p'.
Success tracking goes here
