{'project_id': '1211', 'year': '1989', 'x': -188010, 'y': 2515920, 'plot_id': '4199', 'strata': '41'}
Pandas(Index=0, project_id='1211', plot_id='4199', x=-188010, y=2515920)
called process_plot
Pandas(Index=0, project_id='1211', plot_id='4199', x=-188010, y=2515920)
4199
Directory '/efs/timesync/1989/audit/' already exists.
Data has been pickled and saved to '/efs/timesync/1989/audit/1989_4199_1211.p'.
Failed qa: 1989-01-22T16:47:31.1410940Z
..............Failed qa: 1989-03-11T16:47:01.2740190Z
.......Failed qa: 1989-03-25T16:58:39.991544Z
Failed qa: 1989-03-27T16:46:31.7420750Z
.......Failed qa: 1989-04-10T16:58:52.294541Z
..........................................Failed qa: 1989-05-28T16:58:03.900040Z
.....................Failed qa: 1989-07-07T17:03:12.188525Z
.......Failed qa: 1989-07-15T16:57:05.820526Z
..............Failed qa: 1989-07-31T16:56:46.695588Z
..............Failed qa: 1989-08-16T16:56:22.208053Z
.......Failed qa: 1989-09-01T16:56:03.994081Z
.......Failed qa: 1989-09-03T16:43:51.6970500Z
Failed qa: 1989-09-17T16:55:31.113038Z
..............Failed qa: 1989-10-03T16:55:22.733579Z
.......Failed qa: 1989-10-28T16:48:28.3990630Z
Failed qa: 1989-11-06T16:42:09.9860060Z
Data has been pickled and saved to '/efs/timesync/1989/audit/1989_4199_1211_qa_rejects.p'.
Success tracking goes here
