{'project_id': '1211', 'year': '1989', 'x': -195510, 'y': 2200740, 'plot_id': '1287', 'strata': '41'}
Pandas(Index=0, project_id='1211', plot_id='1287', x=-195510, y=2200740)
called process_plot
Pandas(Index=0, project_id='1211', plot_id='1287', x=-195510, y=2200740)
1287
Directory '/efs/timesync/1989/audit/' already exists.
Data has been pickled and saved to '/efs/timesync/1989/audit/1989_1287_1211.p'.
...................................Failed qa: 1989-02-23T16:48:13.7520130Z
Failed qa: 1989-03-04T16:41:52.2110500Z
.......Failed qa: 1989-03-18T16:53:24.753025Z
Failed qa: 1989-03-20T16:41:00.562065Z
.......Failed qa: 1989-04-03T16:53:25.682584Z
..............Failed qa: 1989-04-19T16:53:16.502057Z
.....................Failed qa: 1989-05-05T16:53:04.798581Z
..............Failed qa: 1989-05-21T16:52:44.873047Z
Failed qa: 1989-05-23T16:40:34.2880690Z
Failed qa: 1989-06-06T16:52:31.272562Z
Failed qa: 1989-06-30T16:57:48.201047Z
.......Failed qa: 1989-07-08T16:51:51.292538Z
..............Failed qa: 1989-07-24T16:51:32.286060Z
..............Failed qa: 1989-08-09T16:51:10.622047Z
..............Failed qa: 1989-09-02T16:57:49.025019Z
.....................Failed qa: 1989-09-26T16:50:04.161506Z
..............Failed qa: 1989-10-28T16:48:52.3890250Z
Failed qa: 1989-11-15T16:36:20.0340310Z
.......Data has been pickled and saved to '/efs/timesync/1989/audit/1989_1287_1211_qa_rejects.p'.
Success tracking goes here
