{'project_id': '1211', 'year': '1989', 'x': -2075160, 'y': 1925640, 'plot_id': '3546', 'strata': '41'}
Pandas(Index=0, project_id='1211', plot_id='3546', x=-2075160, y=1925640)
called process_plot
Pandas(Index=0, project_id='1211', plot_id='3546', x=-2075160, y=1925640)
3546
Directory '/efs/timesync/1989/audit/' already exists.
Data has been pickled and saved to '/efs/timesync/1989/audit/1989_3546_1211.p'.
.......Failed qa: 1989-01-19T17:57:31.2870190Z
Failed qa: 1989-01-26T18:03:28.317519Z
..............Failed qa: 1989-02-27T18:03:19.806078Z
.......Failed qa: 1989-03-15T18:02:47.189581Z
.......Failed qa: 1989-03-31T18:02:43.387081Z
.......Failed qa: 1989-04-09T17:56:40.9640380Z
Failed qa: 1989-04-16T18:02:33.335050Z
.......Failed qa: 1989-04-25T17:56:22.0950000Z
Failed qa: 1989-05-02T18:02:17.451037Z
.......Failed qa: 1989-05-11T17:56:08.1230500Z
Failed qa: 1989-05-18T18:02:07.3630560Z
.......Failed qa: 1989-05-26T18:06:55.923537Z
Failed qa: 1989-05-27T17:55:53.0750880Z
Failed qa: 1989-06-03T18:01:45.818538Z
.......Failed qa: 1989-06-12T17:55:31.3250940Z
Failed qa: 1989-06-19T18:01:20.106531Z
Failed qa: 1989-06-28T17:55:15.4670690Z
Failed qa: 1989-07-05T18:01:05.227047Z
Failed qa: 1989-07-14T17:54:55.4490750Z
Failed qa: 1989-07-21T18:00:45.596066Z
.......Failed qa: 1989-07-29T18:07:01.199557Z
Failed qa: 1989-07-30T17:54:36.6510690Z
Failed qa: 1989-08-06T18:00:25.932569Z
.......Failed qa: 1989-08-14T18:06:59.898566Z
Failed qa: 1989-08-15T17:54:13.1120880Z
Failed qa: 1989-08-22T18:00:03.934034Z
.......Failed qa: 1989-08-31T17:53:53.6980060Z
Failed qa: 1989-09-07T17:59:41.742588Z
Failed qa: 1989-09-16T17:53:20.5630630Z
Failed qa: 1989-09-23T17:59:14.834040Z
.......Failed qa: 1989-10-02T17:53:12.5250190Z
.......Failed qa: 1989-10-18T17:52:30.2510310Z
Failed qa: 1989-10-25T17:58:16.305060Z
.......Failed qa: 1989-11-03T17:52:13.5110190Z
Failed qa: 1989-11-10T17:57:56.509503Z
.......Failed qa: 1989-11-18T18:07:06.1240060Z
Failed qa: 1989-11-19T17:51:32.6620380Z
Failed qa: 1989-11-26T17:57:28.472081Z
Data has been pickled and saved to '/efs/timesync/1989/audit/1989_3546_1211_qa_rejects.p'.
Success tracking goes here
