{'project_id': '1211', 'year': '1989', 'x': -1984050, 'y': 2018490, 'plot_id': '4793', 'strata': '41'}
Pandas(Index=0, project_id='1211', plot_id='4793', x=-1984050, y=2018490)
called process_plot
Pandas(Index=0, project_id='1211', plot_id='4793', x=-1984050, y=2018490)
4793
Directory '/efs/timesync/1989/audit/' already exists.
Data has been pickled and saved to '/efs/timesync/1989/audit/1989_4793_1211.p'.
.......Failed qa: 1989-01-24T18:15:25.553022Z
..............Failed qa: 1989-02-09T18:15:15.5070000Z
.......Failed qa: 1989-02-25T18:15:19.741038Z
..............Failed qa: 1989-03-13T18:14:51.624572Z
............................Failed qa: 1989-04-14T18:14:34.367509Z
.....................Failed qa: 1989-05-09T18:08:09.423059Z
Failed qa: 1989-05-16T18:13:57.441554Z
Failed qa: 1989-05-18T18:02:07.3630560Z
..............Failed qa: 1989-06-01T18:13:45.529557Z
..............Failed qa: 1989-06-17T18:13:19.412069Z
.......Failed qa: 1989-07-03T18:13:06.382544Z
.......Failed qa: 1989-07-11T18:18:59.915072Z
Failed qa: 1989-07-19T18:12:45.701563Z
.......Failed qa: 1989-07-27T18:18:58.613075Z
..............Failed qa: 1989-08-04T18:12:26.421544Z
.....................Failed qa: 1989-08-20T18:12:03.529050Z
..............Failed qa: 1989-09-05T18:11:43.624072Z
.......Failed qa: 1989-09-21T18:11:12.083547Z
..............Failed qa: 1989-10-07T18:11:01.252069Z
.......Failed qa: 1989-10-23T18:10:17.934047Z
...................................Data has been pickled and saved to '/efs/timesync/1989/audit/1989_4793_1211_qa_rejects.p'.
Success tracking goes here
