{'project_id': '1211', 'year': '1989', 'x': 362070, 'y': 2205570, 'plot_id': '786', 'strata': '41'}
Pandas(Index=0, project_id='1211', plot_id='786', x=362070, y=2205570)
called process_plot
Pandas(Index=0, project_id='1211', plot_id='786', x=362070, y=2205570)
786
Directory '/efs/timesync/1989/audit/' already exists.
Data has been pickled and saved to '/efs/timesync/1989/audit/1989_0786_1211.p'.
Failed qa: 1989-01-03T16:17:46.2220130Z
.......Failed qa: 1989-01-12T16:11:15.047091Z
..............Failed qa: 1989-01-28T16:11:03.948529Z
.....................Failed qa: 1989-02-27T16:23:03.1970130Z
Failed qa: 1989-03-01T16:10:50.813028Z
Failed qa: 1989-03-08T16:17:00.7980560Z
..............Failed qa: 1989-04-02T16:10:08.391059Z
..............Failed qa: 1989-04-18T16:09:51.2110000Z
.....................Failed qa: 1989-05-20T16:09:29.286525Z
.......Failed qa: 1989-06-03T16:21:41.126069Z
.......Failed qa: 1989-06-05T16:09:16.911072Z
.......Failed qa: 1989-06-21T16:08:51.588531Z
.......Failed qa: 1989-07-05T16:21:00.653557Z
Failed qa: 1989-07-07T16:08:36.446540Z
.......Failed qa: 1989-07-21T16:20:40.986012Z
Failed qa: 1989-07-23T16:08:17.507025Z
Failed qa: 1989-07-30T16:14:31.9750500Z
Failed qa: 1989-08-15T16:14:08.4190810Z
Failed qa: 1989-08-22T16:19:59.290547Z
..............Failed qa: 1989-09-25T16:06:48.473585Z
Failed qa: 1989-10-02T16:13:07.9360810Z
Failed qa: 1989-10-09T16:18:53.410576Z
Failed qa: 1989-10-11T16:06:25.062538Z
............................Failed qa: 1989-11-12T16:05:23.706566Z
.......Data has been pickled and saved to '/efs/timesync/1989/audit/1989_0786_1211_qa_rejects.p'.
Success tracking goes here
