{'project_id': '1211', 'year': '1989', 'x': -1803990, 'y': 2573430, 'plot_id': '219', 'strata': '41'}
Pandas(Index=0, project_id='1211', plot_id='219', x=-1803990, y=2573430)
called process_plot
Pandas(Index=0, project_id='1211', plot_id='219', x=-1803990, y=2573430)
219
Directory '/efs/timesync/1989/audit/' already exists.
Data has been pickled and saved to '/efs/timesync/1989/audit/1989_0219_1211.p'.
...................................Failed qa: 1989-03-15T18:00:47.779575Z
.......Failed qa: 1989-03-31T18:00:32.057072Z
..............Failed qa: 1989-04-16T18:00:33.838066Z
.......Failed qa: 1989-05-02T18:00:29.8620690Z
.....................Failed qa: 1989-05-18T17:59:56.011078Z
..............Failed qa: 1989-05-26T18:04:56.431547Z
Failed qa: 1989-06-01T18:12:09.846544Z
Failed qa: 1989-06-03T17:59:46.303516Z
Failed qa: 1989-06-09T18:17:05.9140130Z
..............Failed qa: 1989-06-19T17:59:20.583578Z
..............Failed qa: 1989-07-05T17:59:05.841544Z
..............Failed qa: 1989-07-21T17:58:46.203550Z
..............Failed qa: 1989-07-29T18:05:01.706550Z
.......Failed qa: 1989-08-06T17:58:26.531554Z
.......Failed qa: 1989-08-14T18:05:00.405572Z
.......Failed qa: 1989-08-22T17:58:16.2990380Z
..............Failed qa: 1989-09-07T17:57:42.324569Z
.......Failed qa: 1989-09-23T17:57:15.263069Z
Failed qa: 1989-10-07T18:09:25.662007Z
..............Failed qa: 1989-10-25T17:56:28.7840630Z
Data has been pickled and saved to '/efs/timesync/1989/audit/1989_0219_1211_qa_rejects.p'.
Success tracking goes here
