{'project_id': '1211', 'year': '1989', 'x': -1865520, 'y': 1986660, 'plot_id': '796', 'strata': '41'}
Pandas(Index=0, project_id='1211', plot_id='796', x=-1865520, y=1986660)
called process_plot
Pandas(Index=0, project_id='1211', plot_id='796', x=-1865520, y=1986660)
796
Directory '/efs/timesync/1989/audit/' already exists.
Data has been pickled and saved to '/efs/timesync/1989/audit/1989_0796_1211.p'.
Failed qa: 1989-01-17T18:09:21.661066Z
..............Failed qa: 1989-02-02T18:09:20.555037Z
Failed qa: 1989-02-18T18:09:15.921563Z
.......Failed qa: 1989-03-06T18:08:55.919535Z
.......Failed qa: 1989-03-22T18:08:15.163516Z
..............Failed qa: 1989-04-07T18:08:38.7300690Z
..............Failed qa: 1989-04-23T18:08:10.004550Z
..............Failed qa: 1989-05-09T18:07:45.5940250Z
Failed qa: 1989-05-11T17:55:20.4640500Z
Failed qa: 1989-05-25T18:07:40.186069Z
.....................Failed qa: 1989-06-10T18:07:22.077031Z
..........................................Failed qa: 1989-07-28T18:06:25.156028Z
.....................Failed qa: 1989-08-13T18:06:02.424540Z
.....................Failed qa: 1989-08-29T18:05:42.829047Z
............................Failed qa: 1989-09-30T18:05:00.130582Z
.......Failed qa: 1989-10-16T18:04:23.344063Z
..............Failed qa: 1989-11-01T18:04:01.147537Z
.......Failed qa: 1989-11-17T18:03:24.105538Z
..............Data has been pickled and saved to '/efs/timesync/1989/audit/1989_0796_1211_qa_rejects.p'.
Success tracking goes here
