{'project_id': '1211', 'year': '1989', 'x': -1314090, 'y': 1034250, 'plot_id': '2643', 'strata': '41'}
Pandas(Index=0, project_id='1211', plot_id='2643', x=-1314090, y=1034250)
called process_plot
Pandas(Index=0, project_id='1211', plot_id='2643', x=-1314090, y=1034250)
2643
Directory '/efs/timesync/1989/audit/' already exists.
Data has been pickled and saved to '/efs/timesync/1989/audit/1989_2643_1211.p'.
Failed qa: 1989-02-25T17:31:07.3200000Z
Failed qa: 1989-02-27T17:18:46.2960130Z
Failed qa: 1989-03-21T17:27:12.9270750Z
Failed qa: 1989-04-08T17:15:13.211053Z
.......Failed qa: 1989-04-22T17:27:06.2990130Z
Failed qa: 1989-04-24T17:14:55.269047Z
.......Failed qa: 1989-05-08T17:26:54.7480060Z
Failed qa: 1989-05-10T17:14:42.102553Z
.......Failed qa: 1989-05-24T17:26:36.6210560Z
Failed qa: 1989-05-26T17:14:25.818031Z
.......Failed qa: 1989-06-09T17:26:19.5210690Z
.......Failed qa: 1989-06-11T17:14:06.025503Z
Failed qa: 1989-06-17T17:31:37.2560060Z
.......Failed qa: 1989-06-19T17:19:28.950557Z
Failed qa: 1989-06-25T17:25:58.7380250Z
..............Failed qa: 1989-07-05T17:19:30.772047Z
.......Failed qa: 1989-07-13T17:13:28.222053Z
.......Failed qa: 1989-07-29T17:13:09.861044Z
.......Failed qa: 1989-08-12T17:24:59.6590750Z
Failed qa: 1989-08-14T17:12:46.909053Z
.......Failed qa: 1989-08-28T17:24:39.7890500Z
Failed qa: 1989-08-30T17:12:27.382540Z
.......Failed qa: 1989-09-13T17:24:06.4770750Z
Failed qa: 1989-09-15T17:11:52.734053Z
.......Failed qa: 1989-09-29T17:23:56.2320250Z
Failed qa: 1989-10-01T17:11:45.422547Z
.......Failed qa: 1989-10-15T17:23:22.0310880Z
Failed qa: 1989-10-17T17:11:06.064031Z
.......Data has been pickled and saved to '/efs/timesync/1989/audit/1989_2643_1211_qa_rejects.p'.
Success tracking goes here
