{'project_id': '1211', 'year': '1989', 'x': -378900, 'y': 2538000, 'plot_id': '2160', 'strata': '41'}
Pandas(Index=0, project_id='1211', plot_id='2160', x=-378900, y=2538000)
called process_plot
Pandas(Index=0, project_id='1211', plot_id='2160', x=-378900, y=2538000)
2160
Directory '/efs/timesync/1989/audit/' already exists.
Data has been pickled and saved to '/efs/timesync/1989/audit/1989_2160_1211.p'.
Failed qa: 1989-03-18T16:52:37.031047Z
.......Failed qa: 1989-04-01T17:04:56.536047Z
Failed qa: 1989-04-03T16:52:37.958072Z
.......Failed qa: 1989-04-17T17:05:06.6620810Z
Failed qa: 1989-04-19T16:52:28.703063Z
Failed qa: 1989-05-03T17:04:51.9000630Z
Failed qa: 1989-05-05T16:52:16.997503Z
Failed qa: 1989-05-19T17:04:18.960056Z
Failed qa: 1989-05-21T16:51:57.141047Z
.......Failed qa: 1989-06-04T17:04:07.784575Z
Failed qa: 1989-06-06T16:51:43.466066Z
Failed qa: 1989-06-20T17:03:42.430047Z
Failed qa: 1989-06-30T16:57:00.403553Z
.......Failed qa: 1989-07-08T16:51:03.552050Z
.......Failed qa: 1989-07-22T17:03:08.085015Z
Failed qa: 1989-07-24T16:50:44.542550Z
.......Failed qa: 1989-08-07T17:02:47.892553Z
Failed qa: 1989-08-09T16:50:22.875050Z
Failed qa: 1989-08-15T17:09:22.308512Z
.......Failed qa: 1989-08-23T17:02:26.060047Z
Failed qa: 1989-08-31T17:09:34.5530250Z
.......Failed qa: 1989-09-02T16:57:01.156553Z
Failed qa: 1989-09-08T17:02:02.829569Z
.......Failed qa: 1989-09-24T17:01:37.990522Z
Failed qa: 1989-09-26T16:49:16.403569Z
.......Failed qa: 1989-10-10T17:01:18.006047Z
Failed qa: 1989-10-28T16:48:28.3990630Z
Data has been pickled and saved to '/efs/timesync/1989/audit/1989_2160_1211_qa_rejects.p'.
Success tracking goes here
