{'project_id': '1211', 'year': '1989', 'x': -313650, 'y': 2454150, 'plot_id': '595', 'strata': '41'}
Pandas(Index=0, project_id='1211', plot_id='595', x=-313650, y=2454150)
called process_plot
Pandas(Index=0, project_id='1211', plot_id='595', x=-313650, y=2454150)
595
Directory '/efs/timesync/1989/audit/' already exists.
Data has been pickled and saved to '/efs/timesync/1989/audit/1989_0595_1211.p'.
Failed qa: 1989-01-22T16:47:31.1410940Z
Failed qa: 1989-02-07T16:47:10.6820250Z
Failed qa: 1989-02-23T16:47:02.1390060Z
Failed qa: 1989-03-11T16:47:01.2740190Z
............................Failed qa: 1989-03-27T16:46:31.7420750Z
Failed qa: 1989-04-01T17:04:56.536047Z
..............Failed qa: 1989-04-10T16:58:52.294541Z
Failed qa: 1989-04-10T16:58:52.294541Z
Failed qa: 1989-04-12T16:46:29.528035Z
Failed qa: 1989-04-17T17:05:06.6620810Z
..............Failed qa: 1989-04-20T16:50:34.428051Z
Failed qa: 1989-05-03T17:04:51.9000630Z
..............Failed qa: 1989-05-14T16:45:53.715047Z
Failed qa: 1989-05-19T17:04:18.960056Z
..............Failed qa: 1989-05-28T16:58:03.900040Z
Failed qa: 1989-05-28T16:58:03.900040Z
Failed qa: 1989-06-04T17:04:07.784575Z
..............Failed qa: 1989-06-20T17:03:42.430047Z
..............Failed qa: 1989-07-01T16:45:02.271544Z
............................Failed qa: 1989-07-15T16:57:05.820526Z
Failed qa: 1989-07-15T16:57:05.820526Z
Failed qa: 1989-07-17T16:44:41.670566Z
Failed qa: 1989-07-22T17:03:08.085015Z
..............Failed qa: 1989-07-31T16:56:46.695588Z
Failed qa: 1989-07-31T16:56:46.695588Z
Failed qa: 1989-08-02T16:44:22.024525Z
Failed qa: 1989-08-07T17:02:47.892553Z
..............Failed qa: 1989-08-15T17:09:22.308512Z
..............Failed qa: 1989-08-18T16:43:57.887538Z
Failed qa: 1989-08-23T17:02:26.060047Z
Failed qa: 1989-08-31T17:09:34.5530250Z
Failed qa: 1989-09-01T16:56:03.994081Z
Failed qa: 1989-09-01T16:56:03.994081Z
..............Failed qa: 1989-09-03T16:43:51.6970500Z
Failed qa: 1989-09-08T17:02:02.829569Z
..............Failed qa: 1989-09-19T16:43:07.750062Z
Failed qa: 1989-09-24T17:01:37.990522Z
..............Failed qa: 1989-10-03T16:55:22.733579Z
Failed qa: 1989-10-03T16:55:22.733579Z
Failed qa: 1989-10-10T17:01:18.006047Z
Failed qa: 1989-10-21T16:42:14.699053Z
..............Failed qa: 1989-11-06T16:42:09.9860060Z
Data has been pickled and saved to '/efs/timesync/1989/audit/1989_0595_1211_qa_rejects.p'.
Success tracking goes here
