{'project_id': '1211', 'year': '1989', 'x': -1355790, 'y': 1915320, 'plot_id': '3904', 'strata': '41'}
Pandas(Index=0, project_id='1211', plot_id='3904', x=-1355790, y=1915320)
called process_plot
Pandas(Index=0, project_id='1211', plot_id='3904', x=-1355790, y=1915320)
3904
Directory '/efs/timesync/1989/audit/' already exists.
Data has been pickled and saved to '/efs/timesync/1989/audit/1989_3904_1211.p'.
.......Failed qa: 1989-01-30T17:38:13.1040560Z
..............Failed qa: 1989-03-21T17:25:13.6570440Z
..............Failed qa: 1989-04-22T17:25:07.0150690Z
..............Failed qa: 1989-05-08T17:24:55.4580130Z
..............Failed qa: 1989-05-24T17:24:37.3260560Z
..............Failed qa: 1989-06-09T17:24:20.2200250Z
.......Failed qa: 1989-06-17T17:29:38.1200500Z
Failed qa: 1989-06-23T17:35:57.5400940Z
Failed qa: 1989-06-24T17:35:40.249553Z
Failed qa: 1989-06-25T17:23:59.4270880Z
.......Failed qa: 1989-07-09T17:35:41.6670130Z
Failed qa: 1989-07-10T17:35:43.887547Z
..............Failed qa: 1989-07-26T17:35:42.665063Z
..............Failed qa: 1989-08-11T17:35:43.619053Z
Failed qa: 1989-08-12T17:23:00.3260630Z
..............Failed qa: 1989-08-27T17:35:41.795072Z
Failed qa: 1989-08-28T17:22:40.5920690Z
..............Failed qa: 1989-09-12T17:35:40.425044Z
Failed qa: 1989-09-13T17:22:07.2720630Z
Failed qa: 1989-09-20T17:27:58.000053Z
.......Failed qa: 1989-09-28T17:35:37.524032Z
Failed qa: 1989-09-29T17:21:57.0160810Z
..............Failed qa: 1989-10-15T17:21:22.8070500Z
Failed qa: 1989-10-22T17:27:04.285044Z
.......Data has been pickled and saved to '/efs/timesync/1989/audit/1989_3904_1211_qa_rejects.p'.
Success tracking goes here
