{'project_id': '1211', 'year': '1989', 'x': -484950, 'y': 1998810, 'plot_id': '4219', 'strata': '41'}
Pandas(Index=0, project_id='1211', plot_id='4219', x=-484950, y=1998810)
called process_plot
Pandas(Index=0, project_id='1211', plot_id='4219', x=-484950, y=1998810)
4219
Directory '/efs/timesync/1989/audit/' already exists.
Data has been pickled and saved to '/efs/timesync/1989/audit/1989_4219_1211.p'.
..............Failed qa: 1989-04-01T17:06:08.229525Z
..............Failed qa: 1989-04-17T17:06:06.446587Z
..............Failed qa: 1989-05-03T17:05:51.688031Z
.......Failed qa: 1989-05-19T17:05:42.6520880Z
............................Failed qa: 1989-06-20T17:04:54.072528Z
............................Failed qa: 1989-07-14T17:10:37.346047Z
.......Failed qa: 1989-07-22T17:04:19.663566Z
..............Failed qa: 1989-08-07T17:03:59.476541Z
.......Failed qa: 1989-08-15T17:10:34.004041Z
.......Failed qa: 1989-08-23T17:03:37.721569Z
Failed qa: 1989-08-31T17:10:34.477065Z
.......Failed qa: 1989-09-02T16:58:00.8670380Z
..............Failed qa: 1989-09-24T17:02:49.661550Z
.......Failed qa: 1989-10-10T17:02:29.754069Z
.......Data has been pickled and saved to '/efs/timesync/1989/audit/1989_4219_1211_qa_rejects.p'.
Success tracking goes here
