{'project_id': '1211', 'year': '1989', 'x': -380070, 'y': 951540, 'plot_id': '3236', 'strata': '41'}
Pandas(Index=0, project_id='1211', plot_id='3236', x=-380070, y=951540)
called process_plot
Pandas(Index=0, project_id='1211', plot_id='3236', x=-380070, y=951540)
3236
Directory '/efs/timesync/1989/audit/' already exists.
Data has been pickled and saved to '/efs/timesync/1989/audit/1989_3236_1211.p'.
.......Failed qa: 1989-01-22T16:50:42.4270750Z
Failed qa: 1989-01-23T16:46:58.0130690Z
..............Failed qa: 1989-02-07T16:50:45.7990500Z
..............Failed qa: 1989-02-23T16:50:37.1210880Z
..............Failed qa: 1989-03-04T16:44:15.5820250Z
Failed qa: 1989-03-11T16:50:12.2960190Z
..............Failed qa: 1989-03-27T16:50:06.7500190Z
.......Failed qa: 1989-04-20T16:54:09.440513Z
.......Failed qa: 1989-04-30T16:37:34.454019Z
Failed qa: 1989-05-07T16:43:16.5360810Z
.............................................................................Failed qa: 1989-10-21T16:45:37.7430750Z
.....................Failed qa: 1989-11-15T16:38:43.2600310Z
Failed qa: 1989-12-01T16:38:25.8410380Z
Data has been pickled and saved to '/efs/timesync/1989/audit/1989_3236_1211_qa_rejects.p'.
Success tracking goes here
