{'project_id': '1211', 'year': '1989', 'x': -596400, 'y': 2210130, 'plot_id': '173', 'strata': '41'}
Pandas(Index=0, project_id='1211', plot_id='173', x=-596400, y=2210130)
called process_plot
Pandas(Index=0, project_id='1211', plot_id='173', x=-596400, y=2210130)
173
Directory '/efs/timesync/1989/audit/' already exists.
Data has been pickled and saved to '/efs/timesync/1989/audit/1989_0173_1211.p'.
Failed qa: 1989-03-18T16:53:36.5940000Z
Failed qa: 1989-03-25T16:59:27.786534Z
.......Failed qa: 1989-04-03T16:53:37.5240810Z
Failed qa: 1989-04-10T16:59:40.092513Z
Failed qa: 1989-04-17T17:05:54.4610810Z
Failed qa: 1989-04-19T16:53:28.4160440Z
Failed qa: 1989-05-03T17:05:39.7020060Z
Failed qa: 1989-05-05T16:53:16.7130880Z
.......Failed qa: 1989-05-21T16:52:56.7160690Z
Failed qa: 1989-05-28T16:58:51.704572Z
.......Failed qa: 1989-06-06T16:52:43.1880810Z
Failed qa: 1989-06-13T16:58:40.1290190Z
.......Failed qa: 1989-06-21T17:03:56.317562Z
Failed qa: 1989-06-30T16:58:00.0430810Z
Failed qa: 1989-07-07T17:03:59.985562Z
Failed qa: 1989-07-08T16:52:03.1380250Z
..............Failed qa: 1989-07-24T16:51:44.1320750Z
Failed qa: 1989-07-31T16:57:34.512585Z
.......Failed qa: 1989-08-09T16:51:22.4690440Z
.......Failed qa: 1989-08-16T16:57:10.029025Z
..............Failed qa: 1989-09-01T16:56:51.890012Z
Failed qa: 1989-09-02T16:58:00.8670380Z
Failed qa: 1989-09-17T16:56:18.939569Z
.......Failed qa: 1989-09-26T16:50:16.0110130Z
.......Data has been pickled and saved to '/efs/timesync/1989/audit/1989_0173_1211_qa_rejects.p'.
Success tracking goes here
