{'project_id': '1211', 'year': '1989', 'x': -1636770, 'y': 2567460, 'plot_id': '2171', 'strata': '41'}
Pandas(Index=0, project_id='1211', plot_id='2171', x=-1636770, y=2567460)
called process_plot
Pandas(Index=0, project_id='1211', plot_id='2171', x=-1636770, y=2567460)
2171
Directory '/efs/timesync/1989/audit/' already exists.
Data has been pickled and saved to '/efs/timesync/1989/audit/1989_2171_1211.p'.
Failed qa: 1989-02-02T18:07:44.765082Z
Failed qa: 1989-02-27T18:01:56.2100310Z
..............Failed qa: 1989-03-17T17:48:51.4320630Z
Failed qa: 1989-03-22T18:06:39.575009Z
Failed qa: 1989-03-22T18:06:51.4160060Z
Failed qa: 1989-03-24T17:54:28.1880310Z
Failed qa: 1989-03-24T17:54:28.1880310Z
..............Failed qa: 1989-04-02T17:48:49.6940500Z
Failed qa: 1989-04-07T18:06:51.151043Z
Failed qa: 1989-04-09T17:54:29.771578Z
Failed qa: 1989-04-09T17:54:53.670556Z
..............Failed qa: 1989-04-18T17:48:32.067053Z
Failed qa: 1989-04-23T18:06:34.333091Z
Failed qa: 1989-04-25T17:54:10.752035Z
Failed qa: 1989-04-25T17:54:34.652044Z
..............Failed qa: 1989-05-04T17:48:18.744006Z
Failed qa: 1989-05-09T18:06:21.904028Z
Failed qa: 1989-05-11T17:54:08.6880880Z
Failed qa: 1989-05-11T17:54:20.746569Z
..............Failed qa: 1989-05-20T17:47:58.514053Z
Failed qa: 1989-05-25T18:06:04.506019Z
..............Failed qa: 1989-05-27T17:53:41.721035Z
Failed qa: 1989-05-27T17:54:05.695034Z
..............Failed qa: 1989-06-05T17:47:46.068034Z
Failed qa: 1989-06-10T18:05:46.391007Z
Failed qa: 1989-06-12T17:53:19.962019Z
Failed qa: 1989-06-12T17:53:43.865559Z
Failed qa: 1989-06-13T17:53:07.4530250Z
..............Failed qa: 1989-06-21T17:47:20.739060Z
Failed qa: 1989-06-28T17:53:04.094069Z
Failed qa: 1989-06-28T17:53:27.999575Z
Failed qa: 1989-06-29T17:53:13.4180130Z
..............Failed qa: 1989-07-07T17:47:05.692072Z
Failed qa: 1989-07-14T17:52:44.216050Z
Failed qa: 1989-07-14T17:53:08.122075Z
Failed qa: 1989-07-15T17:53:17.1550310Z
..............Failed qa: 1989-07-23T17:46:46.738559Z
Failed qa: 1989-07-28T18:04:49.595081Z
..............Failed qa: 1989-07-30T17:52:25.335550Z
Failed qa: 1989-07-30T17:52:49.244022Z
Failed qa: 1989-07-31T17:53:16.0010630Z
..............Failed qa: 1989-08-08T17:46:25.780066Z
Failed qa: 1989-08-13T18:04:26.856037Z
..............Failed qa: 1989-08-15T17:52:01.785550Z
Failed qa: 1989-08-15T17:52:25.624047Z
Failed qa: 1989-08-16T17:53:12.4350250Z
..............Failed qa: 1989-08-24T17:46:04.225538Z
Failed qa: 1989-08-29T18:04:07.111544Z
Failed qa: 1989-08-31T17:51:42.291047Z
Failed qa: 1989-08-31T17:52:06.202566Z
..............Failed qa: 1989-09-09T17:45:39.705032Z
Failed qa: 1989-09-16T17:51:09.292035Z
Failed qa: 1989-09-16T17:51:33.205510Z
..............Failed qa: 1989-09-25T17:45:17.649088Z
Failed qa: 1989-10-02T17:50:49.3210630Z
Failed qa: 1989-10-11T17:44:53.992041Z
Failed qa: 1989-10-16T18:02:47.749053Z
Failed qa: 1989-10-18T17:50:18.959525Z
Failed qa: 1989-10-18T17:50:42.876519Z
..............Data has been pickled and saved to '/efs/timesync/1989/audit/1989_2171_1211_qa_rejects.p'.
Success tracking goes here
