{'project_id': '1211', 'year': '1989', 'x': -1553940, 'y': 3005910, 'plot_id': '1154', 'strata': '41'}
Pandas(Index=0, project_id='1211', plot_id='1154', x=-1553940, y=3005910)
called process_plot
Pandas(Index=0, project_id='1211', plot_id='1154', x=-1553940, y=3005910)
1154
Directory '/efs/timesync/1989/audit/' already exists.
Data has been pickled and saved to '/efs/timesync/1989/audit/1989_1154_1211.p'.
.......Failed qa: 1989-02-09T18:13:04.125059Z
.......Failed qa: 1989-02-25T18:13:08.3540880Z
Failed qa: 1989-03-15T18:00:00.202532Z
.......Failed qa: 1989-03-31T17:59:44.405069Z
.......Failed qa: 1989-04-14T18:12:11.115516Z
Failed qa: 1989-04-16T17:59:46.183050Z
.......Failed qa: 1989-05-08T18:16:24.557041Z
.......Failed qa: 1989-05-16T18:11:34.032069Z
Failed qa: 1989-05-24T18:16:41.2510500Z
.......Failed qa: 1989-05-26T18:04:08.777541Z
Failed qa: 1989-06-01T18:11:22.112547Z
Failed qa: 1989-06-03T17:58:58.640572Z
.......Failed qa: 1989-06-17T18:10:56.057575Z
Failed qa: 1989-06-19T17:58:21.0020500Z
Failed qa: 1989-06-25T18:16:32.811560Z
Failed qa: 1989-07-03T18:10:43.163044Z
Failed qa: 1989-07-05T17:58:18.173072Z
Failed qa: 1989-07-11T18:16:36.737044Z
Failed qa: 1989-07-19T18:10:22.475506Z
Failed qa: 1989-07-21T17:57:58.604075Z
Failed qa: 1989-07-27T18:16:35.293535Z
.......Failed qa: 1989-07-29T18:04:14.052050Z
Failed qa: 1989-08-04T18:10:03.112569Z
Failed qa: 1989-08-06T17:57:38.857047Z
.......Failed qa: 1989-08-14T18:04:12.751529Z
Failed qa: 1989-08-20T18:09:40.279591Z
Failed qa: 1989-08-22T17:57:04.9250310Z
.......Failed qa: 1989-09-05T18:09:20.223556Z
Failed qa: 1989-09-07T17:56:54.643534Z
Failed qa: 1989-09-21T18:08:48.671041Z
Failed qa: 1989-09-23T17:56:27.578544Z
.......Failed qa: 1989-10-07T18:08:37.974032Z
.......Failed qa: 1989-10-25T17:55:29.170057Z
Data has been pickled and saved to '/efs/timesync/1989/audit/1989_1154_1211_qa_rejects.p'.
Success tracking goes here
