{'project_id': '1211', 'year': '1989', 'x': -1261230, 'y': 2578620, 'plot_id': '469', 'strata': '41'}
Pandas(Index=0, project_id='1211', plot_id='469', x=-1261230, y=2578620)
called process_plot
Pandas(Index=0, project_id='1211', plot_id='469', x=-1261230, y=2578620)
469
Directory '/efs/timesync/1989/audit/' already exists.
Data has been pickled and saved to '/efs/timesync/1989/audit/1989_0469_1211.p'.
Failed qa: 1989-01-14T17:37:08.1450500Z
Failed qa: 1989-01-30T17:37:01.3530310Z
Failed qa: 1989-02-15T17:36:59.7020380Z
Failed qa: 1989-03-17T17:48:03.639016Z
Failed qa: 1989-04-02T17:48:13.811068Z
Failed qa: 1989-04-04T17:36:06.7380130Z
Failed qa: 1989-04-09T17:54:17.8580750Z
.......Failed qa: 1989-04-18T17:48:08.167554Z
Failed qa: 1989-04-25T17:53:58.8380190Z
Failed qa: 1989-05-04T17:47:54.771044Z
Failed qa: 1989-05-06T17:35:43.6890440Z
Failed qa: 1989-05-20T17:47:22.697060Z
Failed qa: 1989-05-22T17:35:24.2970190Z
Failed qa: 1989-05-27T17:53:29.8060130Z
.......Failed qa: 1989-06-05T17:47:22.093037Z
Failed qa: 1989-06-07T17:35:09.4140060Z
Failed qa: 1989-06-12T17:53:08.0460130Z
Failed qa: 1989-06-13T17:52:31.426591Z
.......Failed qa: 1989-06-21T17:46:44.918044Z
Failed qa: 1989-06-23T17:34:45.7540560Z
Failed qa: 1989-06-28T17:52:52.1770810Z
Failed qa: 1989-06-29T17:52:25.620538Z
.......Failed qa: 1989-07-01T17:40:28.0800130Z
Failed qa: 1989-07-07T17:46:29.868585Z
Failed qa: 1989-07-14T17:52:32.2990250Z
Failed qa: 1989-07-15T17:52:53.1850250Z
.......Failed qa: 1989-07-17T17:40:30.9000000Z
Failed qa: 1989-07-23T17:46:10.913063Z
Failed qa: 1989-07-25T17:34:10.9680440Z
Failed qa: 1989-07-30T17:52:13.4890560Z
Failed qa: 1989-07-31T17:52:52.0310690Z
.......Failed qa: 1989-08-02T17:40:30.1390310Z
Failed qa: 1989-08-08T17:45:49.952063Z
Failed qa: 1989-08-10T17:33:48.4310750Z
Failed qa: 1989-08-15T17:51:49.9380560Z
Failed qa: 1989-08-16T17:52:48.4650250Z
.......Failed qa: 1989-08-24T17:45:52.1620500Z
Failed qa: 1989-08-26T17:33:28.7340380Z
Failed qa: 1989-08-31T17:51:30.3710500Z
.......Failed qa: 1989-09-09T17:45:15.720551Z
Failed qa: 1989-09-11T17:33:00.0920560Z
Failed qa: 1989-09-16T17:50:57.3710630Z
Failed qa: 1989-09-25T17:44:53.663063Z
Failed qa: 1989-09-27T17:32:43.9040000Z
Failed qa: 1989-10-02T17:50:49.3210630Z
Failed qa: 1989-10-04T17:38:25.3250810Z
Failed qa: 1989-10-11T17:44:30.075566Z
Failed qa: 1989-10-13T17:32:14.2670130Z
Failed qa: 1989-10-18T17:50:07.0370190Z
.......Failed qa: 1989-10-27T17:43:41.5940380Z
Failed qa: 1989-10-29T17:31:44.3210440Z
Data has been pickled and saved to '/efs/timesync/1989/audit/1989_0469_1211_qa_rejects.p'.
Success tracking goes here
