{'project_id': '1211', 'year': '1989', 'x': -1997760, 'y': 1664100, 'plot_id': '3668', 'strata': '41'}
Pandas(Index=0, project_id='1211', plot_id='3668', x=-1997760, y=1664100)
called process_plot
Pandas(Index=0, project_id='1211', plot_id='3668', x=-1997760, y=1664100)
3668
Directory '/efs/timesync/1989/audit/' already exists.
Data has been pickled and saved to '/efs/timesync/1989/audit/1989_3668_1211.p'.
Failed qa: 1989-01-17T18:10:09.302063Z
............................Failed qa: 1989-01-28T17:52:08.5260250Z
Failed qa: 1989-02-02T18:09:56.2160440Z
Failed qa: 1989-02-18T18:10:03.495572Z
..............Failed qa: 1989-03-06T18:09:43.423047Z
..............Failed qa: 1989-03-22T18:09:02.813578Z
............................Failed qa: 1989-04-07T18:09:14.398085Z
............................Failed qa: 1989-04-18T17:51:07.2350130Z
Failed qa: 1989-04-23T18:08:45.6750250Z
............................Failed qa: 1989-05-04T17:50:53.9200000Z
Failed qa: 1989-05-09T18:08:33.2520940Z
............................Failed qa: 1989-05-25T18:08:27.847034Z
Failed qa: 1989-05-26T18:07:07.7660060Z
..............Failed qa: 1989-06-03T18:02:09.649563Z
Failed qa: 1989-06-03T18:02:33.552568Z
Failed qa: 1989-06-05T17:50:21.2590440Z
Failed qa: 1989-06-10T18:08:09.740541Z
............................Failed qa: 1989-06-21T17:49:55.8680630Z
............................Failed qa: 1989-07-07T17:49:40.9030060Z
............................Failed qa: 1989-07-23T17:49:21.8150250Z
Failed qa: 1989-07-28T18:07:12.756550Z
Failed qa: 1989-07-29T18:07:13.0420380Z
............................Failed qa: 1989-08-08T17:49:01.0100810Z
Failed qa: 1989-08-13T18:06:50.029044Z
Failed qa: 1989-08-14T18:07:11.7410440Z
............................Failed qa: 1989-08-24T17:48:39.4690880Z
Failed qa: 1989-08-29T18:06:30.364554Z
............................Failed qa: 1989-09-09T17:48:14.9560880Z
Failed qa: 1989-09-16T17:53:20.5630630Z
..............Failed qa: 1989-09-25T17:47:52.9140310Z
Failed qa: 1989-09-30T18:05:47.745550Z
..............Failed qa: 1989-10-11T17:47:29.1960880Z
Failed qa: 1989-10-16T18:05:10.962513Z
............................Failed qa: 1989-10-27T17:46:52.5050190Z
Failed qa: 1989-11-01T18:04:48.768050Z
..............Failed qa: 1989-11-04T17:55:22.3200750Z
Failed qa: 1989-11-09T18:13:24.7610190Z
..............Failed qa: 1989-11-11T18:01:25.2420750Z
Failed qa: 1989-11-12T17:46:27.9500060Z
Failed qa: 1989-11-17T18:04:11.656534Z
............................Failed qa: 1989-11-20T17:55:09.6720250Z
..............Failed qa: 1989-11-28T17:46:04.5930940Z
Data has been pickled and saved to '/efs/timesync/1989/audit/1989_3668_1211_qa_rejects.p'.
Success tracking goes here
