{'project_id': '1211', 'year': '1989', 'x': 246270, 'y': 2261430, 'plot_id': '3202', 'strata': '41'}
Pandas(Index=0, project_id='1211', plot_id='3202', x=246270, y=2261430)
called process_plot
Pandas(Index=0, project_id='1211', plot_id='3202', x=246270, y=2261430)
3202
Directory '/efs/timesync/1989/audit/' already exists.
Data has been pickled and saved to '/efs/timesync/1989/audit/1989_3202_1211.p'.
Failed qa: 1989-01-03T16:17:46.2220130Z
Failed qa: 1989-01-08T16:35:51.9590380Z
............................Failed qa: 1989-01-24T16:35:08.6180380Z
..............Failed qa: 1989-02-09T16:35:22.711015Z
..............Failed qa: 1989-02-18T16:28:59.0480940Z
Failed qa: 1989-02-20T16:17:23.9630940Z
Failed qa: 1989-02-25T16:35:26.9350250Z
............................Failed qa: 1989-03-08T16:17:00.7980560Z
..........................................Failed qa: 1989-04-09T16:16:36.2820880Z
............................Failed qa: 1989-04-25T16:16:17.4090380Z
Failed qa: 1989-04-30T16:33:59.3500310Z
............................Failed qa: 1989-05-11T16:16:03.5660000Z
Failed qa: 1989-05-16T16:33:52.696509Z
Failed qa: 1989-05-27T16:15:48.3820690Z
..............Failed qa: 1989-06-04T16:20:53.1260000Z
..............Failed qa: 1989-06-17T16:33:14.570537Z
............................Failed qa: 1989-06-28T16:15:10.7640940Z
Failed qa: 1989-07-03T16:33:01.679532Z
..............Failed qa: 1989-07-14T16:14:50.8540130Z
Failed qa: 1989-07-19T16:32:41.009047Z
..............Failed qa: 1989-07-27T16:38:53.830053Z
..............Failed qa: 1989-07-30T16:14:31.9750500Z
Failed qa: 1989-08-04T16:32:21.606553Z
Failed qa: 1989-08-06T16:19:45.4190500Z
Failed qa: 1989-08-12T16:39:06.0750630Z
..............Failed qa: 1989-08-15T16:14:08.4190810Z
Failed qa: 1989-08-20T16:31:58.808022Z
..............Failed qa: 1989-08-28T16:38:40.7070000Z
Failed qa: 1989-09-05T16:31:38.945056Z
..............Failed qa: 1989-09-16T16:13:15.8910250Z
............................Failed qa: 1989-10-02T16:13:07.9360810Z
Failed qa: 1989-10-07T16:31:08.6580810Z
..............Failed qa: 1989-10-16T16:24:06.6720880Z
Failed qa: 1989-10-18T16:12:25.8290130Z
Failed qa: 1989-10-23T16:30:13.206044Z
..............Failed qa: 1989-11-01T16:24:32.0960000Z
Failed qa: 1989-11-03T16:12:08.9280310Z
............................Data has been pickled and saved to '/efs/timesync/1989/audit/1989_3202_1211_qa_rejects.p'.
Success tracking goes here
