{'project_id': '1211', 'year': '1989', 'x': 9690, 'y': 1485450, 'plot_id': '2943', 'strata': '41'}
Pandas(Index=0, project_id='1211', plot_id='2943', x=9690, y=1485450)
called process_plot
Pandas(Index=0, project_id='1211', plot_id='2943', x=9690, y=1485450)
2943
Directory '/efs/timesync/1989/audit/' already exists.
Data has been pickled and saved to '/efs/timesync/1989/audit/1989_2943_1211.p'.
Failed qa: 1989-01-10T16:25:39.062556Z
.......Failed qa: 1989-01-26T16:25:34.9520630Z
Failed qa: 1989-02-11T16:25:13.952081Z
.....................Failed qa: 1989-03-31T16:24:25.901022Z
.......Failed qa: 1989-04-16T16:24:28.010059Z
.......Failed qa: 1989-05-02T16:24:12.055553Z
.......Failed qa: 1989-05-11T16:18:03.0000690Z
Failed qa: 1989-05-27T16:17:47.9650880Z
Failed qa: 1989-06-03T16:23:40.569557Z
.......Failed qa: 1989-06-12T16:17:26.2160190Z
Failed qa: 1989-06-19T16:23:14.789578Z
.......Failed qa: 1989-06-28T16:17:10.2210310Z
Failed qa: 1989-07-05T16:22:59.968078Z
Failed qa: 1989-07-14T16:16:50.1710000Z
.......Failed qa: 1989-07-30T16:16:31.3010630Z
Failed qa: 1989-08-06T16:22:20.649054Z
.......Failed qa: 1989-08-22T16:21:58.630557Z
Failed qa: 1989-09-23T16:21:09.464060Z
.......Failed qa: 1989-10-02T16:14:55.374581Z
Failed qa: 1989-10-09T16:20:52.776072Z
Failed qa: 1989-10-16T16:26:54.0180000Z
Failed qa: 1989-10-25T16:20:11.057063Z
.......Failed qa: 1989-11-03T16:14:08.1600690Z
Failed qa: 1989-11-10T16:19:39.295547Z
.......Data has been pickled and saved to '/efs/timesync/1989/audit/1989_2943_1211_qa_rejects.p'.
Success tracking goes here
