{'project_id': '1211', 'year': '1989', 'x': -2295990, 'y': 1984950, 'plot_id': '1818', 'strata': '41'}
Pandas(Index=0, project_id='1211', plot_id='1818', x=-2295990, y=1984950)
called process_plot
Pandas(Index=0, project_id='1211', plot_id='1818', x=-2295990, y=1984950)
1818
Directory '/efs/timesync/1989/audit/' already exists.
Data has been pickled and saved to '/efs/timesync/1989/audit/1989_1818_1211.p'.
..........................................Failed qa: 1989-04-21T18:20:44.9530250Z
.......Failed qa: 1989-05-14T18:26:34.4300190Z
..........................................Failed qa: 1989-07-01T18:25:42.8160560Z
.....................Failed qa: 1989-07-17T18:25:22.2610190Z
.....................Failed qa: 1989-08-02T18:25:02.5900940Z
..............Failed qa: 1989-08-18T18:24:38.6010630Z
.......Failed qa: 1989-09-03T18:24:20.5280060Z
..............Failed qa: 1989-09-19T18:23:48.3930190Z
..............Failed qa: 1989-10-05T18:23:38.9190560Z
..............Failed qa: 1989-10-23T18:10:29.9290060Z
.......Failed qa: 1989-11-06T18:22:38.6290880Z
..............Failed qa: 1989-11-14T18:31:04.0420690Z
Failed qa: 1989-11-15T18:16:00.9100690Z
..............Data has been pickled and saved to '/efs/timesync/1989/audit/1989_1818_1211_qa_rejects.p'.
Success tracking goes here
