{'project_id': '1211', 'year': '1989', 'x': -1641840, 'y': 2110500, 'plot_id': '2577', 'strata': '41'}
Pandas(Index=0, project_id='1211', plot_id='2577', x=-1641840, y=2110500)
called process_plot
Pandas(Index=0, project_id='1211', plot_id='2577', x=-1641840, y=2110500)
2577
Directory '/efs/timesync/1989/audit/' already exists.
Data has been pickled and saved to '/efs/timesync/1989/audit/1989_2577_1211.p'.
............................Failed qa: 1989-03-26T17:43:32.240566Z
..............Failed qa: 1989-04-11T17:43:43.109534Z
..............Failed qa: 1989-04-27T17:43:22.250069Z
..............Failed qa: 1989-05-13T17:43:07.921510Z
..............Failed qa: 1989-05-29T17:42:54.396560Z
.....................Failed qa: 1989-06-14T17:42:28.821051Z
.....................Failed qa: 1989-06-30T17:42:16.323031Z
.....................Failed qa: 1989-07-16T17:41:55.762041Z
.....................Failed qa: 1989-08-01T17:41:36.451540Z
.....................Failed qa: 1989-08-17T17:41:10.932072Z
..............Failed qa: 1989-09-02T17:40:54.102559Z
..............Failed qa: 1989-09-18T17:40:21.579585Z
..............Failed qa: 1989-10-04T17:40:00.8430310Z
..............Failed qa: 1989-10-20T17:39:28.589528Z
.......Data has been pickled and saved to '/efs/timesync/1989/audit/1989_2577_1211_qa_rejects.p'.
Success tracking goes here
