{'project_id': '1211', 'year': '1989', 'x': -1200660, 'y': 2732190, 'plot_id': '3545', 'strata': '41'}
Pandas(Index=0, project_id='1211', plot_id='3545', x=-1200660, y=2732190)
called process_plot
Pandas(Index=0, project_id='1211', plot_id='3545', x=-1200660, y=2732190)
3545
Directory '/efs/timesync/1989/audit/' already exists.
Data has been pickled and saved to '/efs/timesync/1989/audit/1989_3545_1211.p'.
.......Failed qa: 1989-03-26T17:41:20.8400310Z
.......Failed qa: 1989-04-04T17:35:31.070006Z
.....................Failed qa: 1989-05-06T17:35:07.945516Z
.......Failed qa: 1989-05-22T17:34:48.551081Z
.......Failed qa: 1989-06-05T17:46:46.345578Z
Failed qa: 1989-06-07T17:34:33.666059Z
.....................Failed qa: 1989-06-23T17:34:10.004541Z
..............Failed qa: 1989-07-01T17:39:52.339503Z
..............Failed qa: 1989-07-17T17:39:55.230044Z
.......Failed qa: 1989-07-25T17:33:35.214031Z
.......Failed qa: 1989-08-02T17:39:54.398054Z
.......Failed qa: 1989-08-10T17:33:12.746528Z
.......Failed qa: 1989-08-18T17:39:52.190560Z
Failed qa: 1989-08-26T17:32:52.974569Z
..............Failed qa: 1989-09-11T17:32:24.330569Z
Failed qa: 1989-09-18T17:38:10.0920750Z
.......Failed qa: 1989-09-27T17:32:08.139516Z
..............Failed qa: 1989-10-13T17:31:38.499551Z
..............Failed qa: 1989-10-29T17:31:08.558082Z
Data has been pickled and saved to '/efs/timesync/1989/audit/1989_3545_1211_qa_rejects.p'.
Success tracking goes here
