{'project_id': '1211', 'year': '1989', 'x': -464970, 'y': 2045190, 'plot_id': '3533', 'strata': '41'}
Pandas(Index=0, project_id='1211', plot_id='3533', x=-464970, y=2045190)
called process_plot
Pandas(Index=0, project_id='1211', plot_id='3533', x=-464970, y=2045190)
3533
Directory '/efs/timesync/1989/audit/' already exists.
Data has been pickled and saved to '/efs/timesync/1989/audit/1989_3533_1211.p'.
Failed qa: 1989-01-22T16:48:30.909525Z
Failed qa: 1989-02-07T16:48:34.346525Z
Failed qa: 1989-02-23T16:48:25.735051Z
Failed qa: 1989-03-11T16:48:00.977047Z
............................Failed qa: 1989-03-27T16:47:31.522528Z
Failed qa: 1989-04-01T17:06:08.229525Z
............................Failed qa: 1989-04-12T16:47:41.225051Z
Failed qa: 1989-04-17T17:06:06.446587Z
..............Failed qa: 1989-04-20T16:51:46.122538Z
Failed qa: 1989-04-26T16:59:56.2080380Z
Failed qa: 1989-04-26T16:59:56.2080380Z
Failed qa: 1989-04-28T16:47:21.125006Z
Failed qa: 1989-05-03T17:05:51.688031Z
..............Failed qa: 1989-05-14T16:47:05.419512Z
Failed qa: 1989-05-19T17:05:42.6520880Z
............................Failed qa: 1989-05-30T16:47:04.2180940Z
............................Failed qa: 1989-06-20T17:04:54.072528Z
............................Failed qa: 1989-07-01T16:46:13.917047Z
............................Failed qa: 1989-07-14T17:10:37.346047Z
Failed qa: 1989-07-15T16:58:29.5290440Z
Failed qa: 1989-07-15T16:58:29.5290440Z
Failed qa: 1989-07-17T16:45:53.391041Z
Failed qa: 1989-07-22T17:04:19.663566Z
............................Failed qa: 1989-08-02T16:45:33.750525Z
Failed qa: 1989-08-07T17:03:59.476541Z
..............Failed qa: 1989-08-15T17:10:34.004041Z
..............Failed qa: 1989-08-18T16:45:09.619547Z
Failed qa: 1989-08-23T17:03:37.721569Z
Failed qa: 1989-08-31T17:10:34.477065Z
............................Failed qa: 1989-09-03T16:44:51.513047Z
Failed qa: 1989-09-10T16:50:59.4390500Z
Failed qa: 1989-09-10T16:50:59.4390500Z
..............Failed qa: 1989-09-19T16:44:19.420032Z
Failed qa: 1989-09-24T17:02:49.661550Z
..............Failed qa: 1989-10-10T17:02:29.754069Z
Failed qa: 1989-10-21T16:43:26.378572Z
Failed qa: 1989-10-28T16:49:40.0810130Z
Failed qa: 1989-10-28T16:49:40.0810130Z
Failed qa: 1989-11-06T16:43:21.6690250Z
Data has been pickled and saved to '/efs/timesync/1989/audit/1989_3533_1211_qa_rejects.p'.
Success tracking goes here
