{'project_id': '1211', 'year': '1989', 'x': -435150, 'y': 1867380, 'plot_id': '4817', 'strata': '41'}
Pandas(Index=0, project_id='1211', plot_id='4817', x=-435150, y=1867380)
called process_plot
Pandas(Index=0, project_id='1211', plot_id='4817', x=-435150, y=1867380)
4817
Directory '/efs/timesync/1989/audit/' already exists.
Data has been pickled and saved to '/efs/timesync/1989/audit/1989_4817_1211.p'.
Failed qa: 1989-01-22T16:48:54.874034Z
Failed qa: 1989-02-07T16:48:58.384022Z
Failed qa: 1989-02-23T16:48:49.701576Z
Failed qa: 1989-03-11T16:48:25.016066Z
.......Failed qa: 1989-03-25T17:00:03.6680940Z
Failed qa: 1989-03-26T16:58:09.8990810Z
Failed qa: 1989-03-27T16:47:55.492025Z
.......Failed qa: 1989-04-12T16:48:05.195582Z
.......Failed qa: 1989-04-20T16:52:10.092038Z
Failed qa: 1989-04-28T16:47:45.097006Z
.......Failed qa: 1989-05-14T16:47:17.4060250Z
.......Failed qa: 1989-05-30T16:47:16.205569Z
.......Failed qa: 1989-06-21T17:04:32.2010500Z
.......Failed qa: 1989-07-01T16:46:37.894553Z
Failed qa: 1989-07-07T17:04:35.8690880Z
.......Failed qa: 1989-07-17T16:46:17.369550Z
.......Failed qa: 1989-08-02T16:45:57.731025Z
.......Failed qa: 1989-08-18T16:45:33.602044Z
Failed qa: 1989-09-03T16:45:15.497026Z
.......Failed qa: 1989-09-17T16:56:54.8460130Z
Failed qa: 1989-09-19T16:44:43.405538Z
.......Failed qa: 1989-10-21T16:43:50.367563Z
.......Failed qa: 1989-11-06T16:43:33.664035Z
Data has been pickled and saved to '/efs/timesync/1989/audit/1989_4817_1211_qa_rejects.p'.
Success tracking goes here
