{'project_id': '1211', 'year': '1989', 'x': -1964010, 'y': 1979880, 'plot_id': '2553', 'strata': '41'}
Pandas(Index=0, project_id='1211', plot_id='2553', x=-1964010, y=1979880)
called process_plot
Pandas(Index=0, project_id='1211', plot_id='2553', x=-1964010, y=1979880)
2553
Directory '/efs/timesync/1989/audit/' already exists.
Data has been pickled and saved to '/efs/timesync/1989/audit/1989_2553_1211.p'.
Failed qa: 1989-01-17T18:09:21.661066Z
Failed qa: 1989-01-17T18:09:21.661066Z
Failed qa: 1989-01-19T17:56:55.627550Z
Failed qa: 1989-01-24T18:15:25.553022Z
..............Failed qa: 1989-02-02T18:09:20.555037Z
Failed qa: 1989-02-02T18:09:20.555037Z
Failed qa: 1989-02-09T18:15:15.5070000Z
Failed qa: 1989-02-18T18:09:15.921563Z
Failed qa: 1989-02-18T18:09:15.921563Z
Failed qa: 1989-02-25T18:15:19.741038Z
..............Failed qa: 1989-03-06T18:08:55.919535Z
Failed qa: 1989-03-06T18:08:55.919535Z
Failed qa: 1989-03-13T18:14:51.624572Z
..............Failed qa: 1989-03-22T18:08:15.163516Z
Failed qa: 1989-03-22T18:08:15.163516Z
Failed qa: 1989-03-24T17:55:51.936525Z
..............Failed qa: 1989-04-07T18:08:38.7300690Z
Failed qa: 1989-04-07T18:08:38.7300690Z
Failed qa: 1989-04-09T17:56:05.366581Z
Failed qa: 1989-04-14T18:14:34.367509Z
..............Failed qa: 1989-04-23T18:08:10.004550Z
Failed qa: 1989-04-23T18:08:10.004550Z
Failed qa: 1989-04-25T17:55:46.424040Z
..............Failed qa: 1989-05-09T18:08:09.423059Z
Failed qa: 1989-05-09T18:07:45.5940250Z
Failed qa: 1989-05-11T17:55:20.4640500Z
Failed qa: 1989-05-16T18:13:57.441554Z
Failed qa: 1989-05-18T18:02:07.3630560Z
Failed qa: 1989-05-25T18:07:40.186069Z
Failed qa: 1989-05-25T18:07:40.186069Z
..............Failed qa: 1989-05-27T17:55:17.401547Z
Failed qa: 1989-06-01T18:13:45.529557Z
..............Failed qa: 1989-06-10T18:07:22.077031Z
Failed qa: 1989-06-10T18:07:22.077031Z
Failed qa: 1989-06-12T17:54:55.649059Z
Failed qa: 1989-06-17T18:13:19.412069Z
..............Failed qa: 1989-06-28T17:54:39.788525Z
Failed qa: 1989-07-03T18:13:06.382544Z
..............Failed qa: 1989-07-11T18:18:59.915072Z
Failed qa: 1989-07-14T17:54:19.841063Z
Failed qa: 1989-07-19T18:12:45.701563Z
..............Failed qa: 1989-07-27T18:18:58.613075Z
Failed qa: 1989-07-28T18:06:25.156028Z
Failed qa: 1989-07-28T18:06:25.156028Z
..............Failed qa: 1989-07-30T17:54:00.968085Z
Failed qa: 1989-08-04T18:12:26.421544Z
..............Failed qa: 1989-08-13T18:06:02.424540Z
Failed qa: 1989-08-13T18:06:02.424540Z
..............Failed qa: 1989-08-15T17:53:37.426547Z
Failed qa: 1989-08-20T18:12:03.529050Z
..............Failed qa: 1989-08-29T18:05:42.829047Z
Failed qa: 1989-08-29T18:05:42.829047Z
Failed qa: 1989-08-31T17:53:18.009547Z
Failed qa: 1989-09-05T18:11:43.624072Z
..............Failed qa: 1989-09-16T17:52:45.016550Z
Failed qa: 1989-09-21T18:11:12.083547Z
..............Failed qa: 1989-09-30T18:05:00.130582Z
Failed qa: 1989-09-30T18:05:00.130582Z
Failed qa: 1989-10-02T17:52:36.903531Z
Failed qa: 1989-10-07T18:11:01.252069Z
Failed qa: 1989-10-16T18:04:23.344063Z
Failed qa: 1989-10-16T18:04:23.344063Z
Failed qa: 1989-10-18T17:51:54.626588Z
Failed qa: 1989-10-23T18:10:17.934047Z
..............Failed qa: 1989-11-01T18:04:01.147537Z
Failed qa: 1989-11-01T18:04:01.147537Z
..............Failed qa: 1989-11-17T18:03:24.105538Z
Failed qa: 1989-11-17T18:03:24.105538Z
Failed qa: 1989-11-19T17:51:08.9580940Z
..............Data has been pickled and saved to '/efs/timesync/1989/audit/1989_2553_1211_qa_rejects.p'.
Success tracking goes here
