{'project_id': '1211', 'year': '1989', 'x': 1013040, 'y': 1360830, 'plot_id': '567', 'strata': '41'}
Pandas(Index=0, project_id='1211', plot_id='567', x=1013040, y=1360830)
called process_plot
Pandas(Index=0, project_id='1211', plot_id='567', x=1013040, y=1360830)
567
Directory '/efs/timesync/1989/audit/' already exists.
Data has been pickled and saved to '/efs/timesync/1989/audit/1989_0567_1211.p'.
............................Failed qa: 1989-04-06T15:47:52.808050Z
Failed qa: 1989-04-22T15:47:37.352013Z
Failed qa: 1989-05-08T15:47:14.0300130Z
.......Failed qa: 1989-05-24T15:47:07.750019Z
.......Failed qa: 1989-06-09T15:46:38.6550690Z
.......Failed qa: 1989-06-25T15:46:29.787050Z
Failed qa: 1989-07-11T15:46:11.929047Z
Failed qa: 1989-07-27T15:45:52.902544Z
.......Failed qa: 1989-08-12T15:45:30.807063Z
Failed qa: 1989-08-28T15:45:10.938050Z
Failed qa: 1989-09-13T15:44:37.813538Z
Failed qa: 1989-09-22T15:38:29.4170000Z
Failed qa: 1989-10-15T15:43:53.340557Z
.......Failed qa: 1989-10-31T15:43:28.391050Z
.......Failed qa: 1989-11-16T15:42:52.380538Z
Data has been pickled and saved to '/efs/timesync/1989/audit/1989_0567_1211_qa_rejects.p'.
Success tracking goes here
