{'project_id': '1211', 'year': '1989', 'x': -345450, 'y': 1844310, 'plot_id': '1072', 'strata': '41'}
Pandas(Index=0, project_id='1211', plot_id='1072', x=-345450, y=1844310)
called process_plot
Pandas(Index=0, project_id='1211', plot_id='1072', x=-345450, y=1844310)
1072
Directory '/efs/timesync/1989/audit/' already exists.
Data has been pickled and saved to '/efs/timesync/1989/audit/1989_1072_1211.p'.
............................Failed qa: 1989-03-18T16:54:00.5620500Z
Failed qa: 1989-03-25T17:00:03.6680940Z
Failed qa: 1989-03-26T16:58:09.8990810Z
.......Failed qa: 1989-04-03T16:54:13.623022Z
.......Failed qa: 1989-04-19T16:54:04.373035Z
..............Failed qa: 1989-05-05T16:53:52.672544Z
Failed qa: 1989-05-14T16:47:17.4060250Z
Failed qa: 1989-05-21T16:53:32.820063Z
.......Failed qa: 1989-06-06T16:53:19.150575Z
Failed qa: 1989-06-21T17:04:32.2010500Z
Failed qa: 1989-06-30T16:58:35.998088Z
.......Failed qa: 1989-07-07T17:04:35.8690880Z
Failed qa: 1989-07-08T16:52:39.105007Z
.......Failed qa: 1989-07-24T16:52:20.101547Z
.......Failed qa: 1989-08-09T16:51:58.440572Z
..............Failed qa: 1989-09-10T16:50:59.4390500Z
Failed qa: 1989-09-17T16:56:54.8460130Z
.......Failed qa: 1989-09-26T16:50:52.134022Z
.......Failed qa: 1989-10-28T16:49:52.075544Z
.......Data has been pickled and saved to '/efs/timesync/1989/audit/1989_1072_1211_qa_rejects.p'.
Success tracking goes here
