{'project_id': '1211', 'year': '1989', 'x': -1756860, 'y': 2970720, 'plot_id': '1321', 'strata': '41'}
Pandas(Index=0, project_id='1211', plot_id='1321', x=-1756860, y=2970720)
called process_plot
Pandas(Index=0, project_id='1211', plot_id='1321', x=-1756860, y=2970720)
1321
Directory '/efs/timesync/1989/audit/' already exists.
Data has been pickled and saved to '/efs/timesync/1989/audit/1989_1321_1211.p'.
Failed qa: 1989-02-02T18:07:20.943544Z
.....................Failed qa: 1989-03-13T18:13:04.0580690Z
.......Failed qa: 1989-03-22T18:06:15.821044Z
.......Failed qa: 1989-04-07T18:06:27.396050Z
..............Failed qa: 1989-04-23T18:06:10.577063Z
..............Failed qa: 1989-05-09T18:05:58.074531Z
.....................Failed qa: 1989-05-25T18:05:40.675525Z
..............Failed qa: 1989-06-09T18:17:05.9140130Z
Failed qa: 1989-06-10T18:05:22.559022Z
Failed qa: 1989-06-15T18:23:17.852029Z
.......Failed qa: 1989-06-24T18:17:13.696528Z
.................................................Failed qa: 1989-07-28T18:04:25.759054Z
..............Failed qa: 1989-08-13T18:04:03.018016Z
.......Failed qa: 1989-08-29T18:03:43.272038Z
..............Failed qa: 1989-09-19T18:21:13.061047Z
............................Failed qa: 1989-10-16T18:02:23.904519Z
Failed qa: 1989-10-23T18:08:30.4140060Z
.......Data has been pickled and saved to '/efs/timesync/1989/audit/1989_1321_1211_qa_rejects.p'.
Success tracking goes here
