{'project_id': '1211', 'year': '1989', 'x': -1249500, 'y': 2823510, 'plot_id': '4144', 'strata': '41'}
Pandas(Index=0, project_id='1211', plot_id='4144', x=-1249500, y=2823510)
called process_plot
Pandas(Index=0, project_id='1211', plot_id='4144', x=-1249500, y=2823510)
4144
Directory '/efs/timesync/1989/audit/' already exists.
Data has been pickled and saved to '/efs/timesync/1989/audit/1989_4144_1211.p'.
.......Failed qa: 1989-03-24T17:53:40.6800500Z
Failed qa: 1989-03-26T17:41:20.8400310Z
.......Failed qa: 1989-04-09T17:54:05.944572Z
Failed qa: 1989-04-11T17:41:43.614550Z
.......Failed qa: 1989-04-25T17:53:46.923547Z
..............Failed qa: 1989-05-27T17:53:17.890538Z
Failed qa: 1989-05-29T17:41:06.7990690Z
.......Failed qa: 1989-06-12T17:52:56.129554Z
.......Failed qa: 1989-06-14T17:40:29.301072Z
.......Failed qa: 1989-06-28T17:52:40.260088Z
.......Failed qa: 1989-06-30T17:40:16.794544Z
.......Failed qa: 1989-07-14T17:52:20.381544Z
Failed qa: 1989-07-16T17:39:56.372532Z
.......Failed qa: 1989-07-30T17:52:01.570575Z
Failed qa: 1989-08-01T17:39:36.980563Z
.......Failed qa: 1989-08-15T17:51:38.019035Z
Failed qa: 1989-08-17T17:39:11.523044Z
Failed qa: 1989-08-31T17:51:30.3710500Z
Failed qa: 1989-09-02T17:38:54.544041Z
.......Failed qa: 1989-09-16T17:50:45.450541Z
Failed qa: 1989-09-18T17:38:10.0920750Z
.......Failed qa: 1989-10-02T17:50:37.399538Z
Failed qa: 1989-10-04T17:38:13.403550Z
.......Failed qa: 1989-10-18T17:49:55.114512Z
Failed qa: 1989-10-20T17:37:29.076059Z
.......Data has been pickled and saved to '/efs/timesync/1989/audit/1989_4144_1211_qa_rejects.p'.
Success tracking goes here
