{'project_id': '1211', 'year': '1989', 'x': -1512630, 'y': 2168190, 'plot_id': '2922', 'strata': '41'}
Pandas(Index=0, project_id='1211', plot_id='2922', x=-1512630, y=2168190)
called process_plot
Pandas(Index=0, project_id='1211', plot_id='2922', x=-1512630, y=2168190)
2922
Directory '/efs/timesync/1989/audit/' already exists.
Data has been pickled and saved to '/efs/timesync/1989/audit/1989_2922_1211.p'.
Failed qa: 1989-01-14T17:38:07.982560Z
Failed qa: 1989-01-19T17:56:43.6450940Z
Failed qa: 1989-01-28T17:50:32.9540250Z
Failed qa: 1989-01-28T17:50:32.9540250Z
Failed qa: 1989-01-30T17:38:01.121559Z
Failed qa: 1989-02-15T17:37:59.474060Z
..............Failed qa: 1989-03-19T17:37:03.222038Z
Failed qa: 1989-03-24T17:55:39.9520190Z
..............Failed qa: 1989-04-02T17:49:37.4900560Z
Failed qa: 1989-04-02T17:49:37.4900560Z
Failed qa: 1989-04-04T17:37:06.519075Z
Failed qa: 1989-04-09T17:55:41.396075Z
............................Failed qa: 1989-04-25T17:55:22.452057Z
............................Failed qa: 1989-05-06T17:36:43.477528Z
Failed qa: 1989-05-11T17:55:08.477550Z
............................Failed qa: 1989-05-22T17:36:24.087557Z
Failed qa: 1989-05-27T17:54:53.428003Z
............................Failed qa: 1989-06-07T17:36:09.207579Z
Failed qa: 1989-06-12T17:54:31.673540Z
..........................................Failed qa: 1989-06-23T17:35:45.552063Z
Failed qa: 1989-06-28T17:54:15.811037Z
..........................................Failed qa: 1989-07-09T17:35:29.678016Z
Failed qa: 1989-07-14T17:53:55.863053Z
..........................................Failed qa: 1989-07-25T17:35:10.630047Z
Failed qa: 1989-07-30T17:53:36.988081Z
..........................................Failed qa: 1989-08-10T17:34:48.241044Z
Failed qa: 1989-08-15T17:53:13.444094Z
..........................................Failed qa: 1989-08-26T17:34:28.476031Z
Failed qa: 1989-08-31T17:52:54.026044Z
............................Failed qa: 1989-09-11T17:33:59.909531Z
Failed qa: 1989-09-16T17:52:20.959569Z
............................Failed qa: 1989-09-27T17:33:43.654085Z
Failed qa: 1989-10-02T17:52:24.9820130Z
............................Failed qa: 1989-10-13T17:33:26.0880880Z
Failed qa: 1989-10-18T17:51:30.638072Z
............................Failed qa: 1989-10-29T17:32:43.997062Z
Data has been pickled and saved to '/efs/timesync/1989/audit/1989_2922_1211_qa_rejects.p'.
Success tracking goes here
