{'project_id': '1211', 'year': '1989', 'x': -1500, 'y': 1940820, 'plot_id': '4060', 'strata': '41'}
Pandas(Index=0, project_id='1211', plot_id='4060', x=-1500, y=1940820)
called process_plot
Pandas(Index=0, project_id='1211', plot_id='4060', x=-1500, y=1940820)
4060
Directory '/efs/timesync/1989/audit/' already exists.
Data has been pickled and saved to '/efs/timesync/1989/audit/1989_4060_1211.p'.
.......Failed qa: 1989-01-10T16:24:27.459554Z
..............Failed qa: 1989-01-26T16:24:11.363072Z
.......Failed qa: 1989-02-11T16:24:26.3070750Z
.......Failed qa: 1989-02-27T16:24:02.970057Z
.......Failed qa: 1989-03-22T16:29:22.302538Z
Failed qa: 1989-03-31T16:23:14.422559Z
.......Failed qa: 1989-04-16T16:23:16.455531Z
..............Failed qa: 1989-05-02T16:23:00.569044Z
..............Failed qa: 1989-06-03T16:22:28.932528Z
.......Failed qa: 1989-06-19T16:22:03.220019Z
..............Failed qa: 1989-07-05T16:21:48.466009Z
.......Failed qa: 1989-07-21T16:21:28.800562Z
.....................Failed qa: 1989-08-06T16:21:09.065519Z
.....................Failed qa: 1989-08-22T16:20:47.112572Z
.......Failed qa: 1989-09-23T16:19:57.865019Z
..............Failed qa: 1989-10-09T16:19:41.243069Z
.......Failed qa: 1989-10-25T16:18:59.592031Z
..............Failed qa: 1989-11-10T16:18:39.822056Z
.......Data has been pickled and saved to '/efs/timesync/1989/audit/1989_4060_1211_qa_rejects.p'.
Success tracking goes here
