{'project_id': '1211', 'year': '1989', 'x': 467340, 'y': 1549830, 'plot_id': '3895', 'strata': '41'}
Pandas(Index=0, project_id='1211', plot_id='3895', x=467340, y=1549830)
called process_plot
Pandas(Index=0, project_id='1211', plot_id='3895', x=467340, y=1549830)
3895
Directory '/efs/timesync/1989/audit/' already exists.
Data has been pickled and saved to '/efs/timesync/1989/audit/1989_3895_1211.p'.
.....................Failed qa: 1989-01-30T16:00:19.530531Z
.....................Failed qa: 1989-03-03T16:00:01.709578Z
..............Failed qa: 1989-03-19T15:59:33.7770190Z
.....................Failed qa: 1989-04-20T15:59:12.188541Z
Failed qa: 1989-05-06T15:58:50.0430630Z
..............Failed qa: 1989-05-22T15:58:54.6490880Z
..............Failed qa: 1989-06-07T15:58:27.786556Z
..............Failed qa: 1989-06-23T15:57:52.0050560Z
..............Failed qa: 1989-07-09T15:57:48.178019Z
..............Failed qa: 1989-07-25T15:57:29.167025Z
.......Failed qa: 1989-08-26T15:56:46.977510Z
............................Failed qa: 1989-09-27T15:56:02.164572Z
...................................Data has been pickled and saved to '/efs/timesync/1989/audit/1989_3895_1211_qa_rejects.p'.
Success tracking goes here
