{'project_id': '1211', 'year': '1989', 'x': 1186890, 'y': 1620540, 'plot_id': '3500', 'strata': '41'}
Pandas(Index=0, project_id='1211', plot_id='3500', x=1186890, y=1620540)
called process_plot
Pandas(Index=0, project_id='1211', plot_id='3500', x=1186890, y=1620540)
3500
Directory '/efs/timesync/1989/audit/' already exists.
Data has been pickled and saved to '/efs/timesync/1989/audit/1989_3500_1211.p'.
..............Failed qa: 1989-01-11T15:29:36.506569Z
Failed qa: 1989-01-16T15:48:02.682057Z
..............Failed qa: 1989-01-27T15:29:22.659063Z
Failed qa: 1989-02-01T15:47:59.042566Z
..............Failed qa: 1989-02-10T15:41:45.342081Z
Failed qa: 1989-02-12T15:29:24.710053Z
..............Failed qa: 1989-03-16T15:28:35.133037Z
..............Failed qa: 1989-04-06T15:47:05.011538Z
Failed qa: 1989-04-17T15:28:36.8670130Z
Failed qa: 1989-04-22T15:46:49.552066Z
..............Failed qa: 1989-05-03T15:28:10.189588Z
Failed qa: 1989-05-08T15:46:26.0840440Z
..............Failed qa: 1989-05-17T15:40:12.779572Z
Failed qa: 1989-05-19T15:27:49.215041Z
Failed qa: 1989-05-24T15:46:07.9590060Z
..............Failed qa: 1989-06-02T15:40:13.7300060Z
Failed qa: 1989-06-04T15:27:38.050566Z
Failed qa: 1989-06-09T15:45:50.8480940Z
..............Failed qa: 1989-06-18T15:39:35.985559Z
Failed qa: 1989-06-20T15:27:24.6130000Z
Failed qa: 1989-06-25T15:45:30.0600380Z
Failed qa: 1989-07-06T15:27:08.9810630Z
Failed qa: 1989-07-11T15:45:12.1990000Z
Failed qa: 1989-07-22T15:26:38.126059Z
Failed qa: 1989-07-27T15:44:53.1680500Z
..............Failed qa: 1989-08-05T15:38:42.366550Z
Failed qa: 1989-08-07T15:26:18.000563Z
Failed qa: 1989-08-12T15:44:30.9250380Z
..............Failed qa: 1989-08-23T15:26:08.1520190Z
Failed qa: 1989-08-28T15:44:11.1960190Z
..............Failed qa: 1989-09-06T15:37:47.0720810Z
Failed qa: 1989-09-08T15:25:33.125526Z
Failed qa: 1989-09-13T15:43:49.987544Z
..............Failed qa: 1989-09-24T15:25:08.150062Z
Failed qa: 1989-10-10T15:24:48.445054Z
Failed qa: 1989-10-15T15:42:53.5850130Z
Failed qa: 1989-10-24T15:36:33.533047Z
Failed qa: 1989-10-26T15:24:07.564569Z
Failed qa: 1989-11-09T15:36:14.071578Z
Failed qa: 1989-11-11T15:23:46.840538Z
Failed qa: 1989-11-16T15:42:16.6100380Z
..............Data has been pickled and saved to '/efs/timesync/1989/audit/1989_3500_1211_qa_rejects.p'.
Success tracking goes here
