{'project_id': '1211', 'year': '1989', 'x': -1288530, 'y': 1177140, 'plot_id': '3736', 'strata': '41'}
Pandas(Index=0, project_id='1211', plot_id='3736', x=-1288530, y=1177140)
called process_plot
Pandas(Index=0, project_id='1211', plot_id='3736', x=-1288530, y=1177140)
3736
Directory '/efs/timesync/1989/audit/' already exists.
Data has been pickled and saved to '/efs/timesync/1989/audit/1989_3736_1211.p'.
Failed qa: 1989-02-09T17:30:36.7260000Z
Failed qa: 1989-02-25T17:30:55.406531Z
Failed qa: 1989-02-27T17:18:34.382554Z
Failed qa: 1989-03-07T17:15:03.7600060Z
Failed qa: 1989-03-21T17:27:01.014560Z
Failed qa: 1989-04-08T17:14:49.169035Z
.......Failed qa: 1989-04-22T17:26:54.385016Z
Failed qa: 1989-04-24T17:14:31.226006Z
.......Failed qa: 1989-05-08T17:26:42.833047Z
Failed qa: 1989-05-10T17:14:18.058040Z
.......Failed qa: 1989-05-24T17:26:24.706041Z
Failed qa: 1989-05-26T17:14:01.772059Z
.......Failed qa: 1989-06-09T17:26:07.605538Z
.......Failed qa: 1989-06-11T17:13:42.050000Z
Failed qa: 1989-06-17T17:31:25.342050Z
.......Failed qa: 1989-06-19T17:19:04.909082Z
Failed qa: 1989-06-25T17:25:46.821060Z
..............Failed qa: 1989-07-05T17:19:06.731013Z
.......Failed qa: 1989-07-13T17:13:04.244053Z
.......Failed qa: 1989-07-29T17:12:45.809069Z
.......Failed qa: 1989-08-12T17:24:47.740084Z
Failed qa: 1989-08-14T17:12:22.927056Z
.......Failed qa: 1989-08-28T17:24:27.869531Z
Failed qa: 1989-08-30T17:12:03.399069Z
.......Failed qa: 1989-09-07T17:18:55.7350750Z
Failed qa: 1989-09-13T17:23:54.556575Z
Failed qa: 1989-09-15T17:11:28.749050Z
.......Failed qa: 1989-09-29T17:23:44.310519Z
Failed qa: 1989-10-01T17:11:21.435556Z
.......Failed qa: 1989-10-15T17:23:10.109044Z
Failed qa: 1989-10-17T17:10:42.075506Z
.......Data has been pickled and saved to '/efs/timesync/1989/audit/1989_3736_1211_qa_rejects.p'.
Success tracking goes here
