{'project_id': '1211', 'year': '1989', 'x': 137610, 'y': 2786550, 'plot_id': '838', 'strata': '41'}
Pandas(Index=0, project_id='1211', plot_id='838', x=137610, y=2786550)
called process_plot
Pandas(Index=0, project_id='1211', plot_id='838', x=137610, y=2786550)
838
Directory '/efs/timesync/1989/audit/' already exists.
Data has been pickled and saved to '/efs/timesync/1989/audit/1989_0838_1211.p'.
Failed qa: 1989-01-08T16:34:16.5380630Z
Failed qa: 1989-01-08T16:34:16.5380630Z
Failed qa: 1989-01-10T16:22:16.0920000Z
Failed qa: 1989-01-17T16:27:53.3700630Z
..............Failed qa: 1989-01-26T16:21:59.9890440Z
Failed qa: 1989-02-02T16:27:52.0830880Z
Failed qa: 1989-02-09T16:33:59.1180190Z
Failed qa: 1989-02-09T16:33:59.1180190Z
Failed qa: 1989-02-11T16:22:02.9420500Z
..............Failed qa: 1989-02-18T16:27:59.491503Z
Failed qa: 1989-02-23T16:46:26.403587Z
Failed qa: 1989-02-27T16:21:51.5830940Z
Failed qa: 1989-03-06T16:27:39.585063Z
..............Failed qa: 1989-03-22T16:27:10.9040440Z
..............Failed qa: 1989-04-07T16:27:10.427532Z
Failed qa: 1989-04-12T16:45:41.873535Z
Failed qa: 1989-04-16T16:21:05.1880500Z
Failed qa: 1989-04-20T16:49:58.6880380Z
..............Failed qa: 1989-04-23T16:26:53.674038Z
Failed qa: 1989-04-28T16:45:21.766547Z
..............Failed qa: 1989-05-02T16:20:49.1510500Z
..............Failed qa: 1989-05-09T16:26:41.189535Z
Failed qa: 1989-05-14T16:45:00.457519Z
............................Failed qa: 1989-05-30T16:44:52.860575Z
Failed qa: 1989-06-03T16:20:17.5020000Z
Failed qa: 1989-06-10T16:26:05.743037Z
..............Failed qa: 1989-06-19T16:19:51.7810190Z
..............Failed qa: 1989-07-01T16:44:14.603538Z
..............Failed qa: 1989-07-05T16:19:37.1620500Z
..............Failed qa: 1989-07-17T16:43:54.072553Z
..............Failed qa: 1989-07-21T16:19:17.4890500Z
............................Failed qa: 1989-07-28T16:25:08.930019Z
Failed qa: 1989-08-02T16:43:34.350538Z
..............Failed qa: 1989-08-06T16:18:57.7440810Z
..............Failed qa: 1989-08-13T16:24:46.181062Z
Failed qa: 1989-08-18T16:43:10.209569Z
............................Failed qa: 1989-08-29T16:24:38.3760880Z
Failed qa: 1989-09-03T16:42:40.1760940Z
............................Failed qa: 1989-09-14T16:23:50.521538Z
Failed qa: 1989-09-19T16:42:20.066069Z
Failed qa: 1989-09-23T16:17:46.3720560Z
Failed qa: 1989-09-30T16:23:43.697575Z
............................Failed qa: 1989-10-16T16:22:55.2810810Z
Failed qa: 1989-10-21T16:41:27.008541Z
..............Failed qa: 1989-10-25T16:16:48.2250500Z
Failed qa: 1989-11-01T16:22:44.788018Z
Failed qa: 1989-11-06T16:41:10.513034Z
..............Failed qa: 1989-11-17T16:22:07.881562Z
..............Data has been pickled and saved to '/efs/timesync/1989/audit/1989_0838_1211_qa_rejects.p'.
Success tracking goes here
