{'project_id': '1211', 'year': '1989', 'x': -1990920, 'y': 2449350, 'plot_id': '128', 'strata': '41'}
Pandas(Index=0, project_id='1211', plot_id='128', x=-1990920, y=2449350)
called process_plot
Pandas(Index=0, project_id='1211', plot_id='128', x=-1990920, y=2449350)
128
Directory '/efs/timesync/1989/audit/' already exists.
Data has been pickled and saved to '/efs/timesync/1989/audit/1989_0128_1211.p'.
.......Failed qa: 1989-01-15T18:20:47.0120750Z
............................Failed qa: 1989-03-20T18:19:41.525550Z
Failed qa: 1989-04-05T18:19:47.509051Z
Failed qa: 1989-04-12T18:25:58.4580880Z
.......Failed qa: 1989-04-28T18:25:38.3620060Z
Failed qa: 1989-05-07T18:19:22.289075Z
.......Failed qa: 1989-05-14T18:25:22.6540250Z
.......Failed qa: 1989-05-23T18:19:03.445019Z
..............Failed qa: 1989-06-08T18:18:47.150057Z
Failed qa: 1989-06-15T18:24:41.5520630Z
.......Failed qa: 1989-06-24T18:18:25.268037Z
.......Failed qa: 1989-07-01T18:24:31.1710250Z
.......Failed qa: 1989-07-10T18:18:08.507519Z
.......Failed qa: 1989-07-17T18:24:10.6130000Z
.......Failed qa: 1989-07-26T18:17:49.385057Z
.......Failed qa: 1989-08-02T18:23:50.9370060Z
.......Failed qa: 1989-08-11T18:17:27.300575Z
Failed qa: 1989-08-18T18:23:26.9410690Z
.......Failed qa: 1989-09-03T18:23:08.7200500Z
.......Failed qa: 1989-09-12T18:16:36.219556Z
Failed qa: 1989-09-19T18:22:36.7230630Z
.......Failed qa: 1989-09-28T18:16:22.926091Z
Failed qa: 1989-10-05T18:22:27.2440690Z
.......Failed qa: 1989-10-14T18:15:50.989054Z
Failed qa: 1989-10-30T18:15:23.874047Z
Failed qa: 1989-11-06T18:21:26.9460630Z
Failed qa: 1989-11-15T18:15:01.148591Z
Failed qa: 1989-11-22T18:20:48.7900440Z
Failed qa: 1989-12-01T18:14:43.716047Z
Data has been pickled and saved to '/efs/timesync/1989/audit/1989_0128_1211_qa_rejects.p'.
Success tracking goes here
