{'project_id': '1211', 'year': '1989', 'x': -889890, 'y': 1178100, 'plot_id': '1217', 'strata': '41'}
Pandas(Index=0, project_id='1211', plot_id='1217', x=-889890, y=1178100)
called process_plot
Pandas(Index=0, project_id='1211', plot_id='1217', x=-889890, y=1178100)
1217
Directory '/efs/timesync/1989/audit/' already exists.
Data has been pickled and saved to '/efs/timesync/1989/audit/1989_1217_1211.p'.
Failed qa: 1989-03-18T16:56:11.814525Z
.......Failed qa: 1989-03-26T16:59:57.118047Z
Failed qa: 1989-04-01T17:08:43.3140380Z
Failed qa: 1989-04-03T16:56:24.7400060Z
..............Failed qa: 1989-04-19T16:56:03.655060Z
..............Failed qa: 1989-05-05T16:55:52.033525Z
.......Failed qa: 1989-05-21T16:55:32.114044Z
..............Failed qa: 1989-06-06T16:55:18.451547Z
.....................Failed qa: 1989-06-30T17:00:23.2930500Z
.......Failed qa: 1989-07-08T16:54:38.348041Z
.....................Failed qa: 1989-07-24T16:54:19.353013Z
..............Failed qa: 1989-08-09T16:53:57.771587Z
............................Failed qa: 1989-09-02T17:00:36.242557Z
.......Failed qa: 1989-09-10T16:53:22.7710380Z
..............Failed qa: 1989-09-26T16:52:51.419532Z
..............Failed qa: 1989-10-28T16:51:51.377050Z
Data has been pickled and saved to '/efs/timesync/1989/audit/1989_1217_1211_qa_rejects.p'.
Success tracking goes here
