{'project_id': '1211', 'year': '1989', 'x': -220530, 'y': 2301090, 'plot_id': '440', 'strata': '41'}
Pandas(Index=0, project_id='1211', plot_id='440', x=-220530, y=2301090)
called process_plot
Pandas(Index=0, project_id='1211', plot_id='440', x=-220530, y=2301090)
440
Directory '/efs/timesync/1989/audit/' already exists.
Data has been pickled and saved to '/efs/timesync/1989/audit/1989_0440_1211.p'.
Failed qa: 1989-01-15T16:41:53.9860440Z
.......Failed qa: 1989-01-31T16:41:48.6010130Z
.......Failed qa: 1989-02-16T16:41:45.5710310Z
Failed qa: 1989-03-04T16:41:04.4210060Z
.......Failed qa: 1989-03-18T16:53:00.927572Z
Failed qa: 1989-03-20T16:40:48.7210810Z
.......Failed qa: 1989-04-03T16:53:01.856091Z
Failed qa: 1989-04-05T16:40:42.416559Z
.......Failed qa: 1989-04-19T16:52:52.602560Z
.......Failed qa: 1989-04-21T16:40:28.156538Z
.......Failed qa: 1989-05-05T16:52:40.898040Z
Failed qa: 1989-05-07T16:40:17.315515Z
.......Failed qa: 1989-05-21T16:52:21.043040Z
Failed qa: 1989-06-06T16:52:07.369544Z
Failed qa: 1989-06-30T16:57:24.302526Z
.......Failed qa: 1989-07-08T16:51:27.458057Z
Failed qa: 1989-07-10T16:39:03.612041Z
.......Failed qa: 1989-07-24T16:51:08.450069Z
Failed qa: 1989-07-26T16:38:44.508572Z
.......Failed qa: 1989-08-09T16:50:46.784541Z
Failed qa: 1989-08-11T16:38:22.360563Z
.......Failed qa: 1989-08-27T16:37:50.1920690Z
Failed qa: 1989-09-02T16:57:25.126528Z
.......Failed qa: 1989-09-12T16:37:31.498018Z
.......Failed qa: 1989-09-26T16:49:40.318531Z
Failed qa: 1989-10-14T16:36:46.162569Z
.......Failed qa: 1989-10-28T16:48:40.394044Z
Failed qa: 1989-11-06T16:42:09.9860060Z
Failed qa: 1989-12-01T16:35:26.764063Z
Data has been pickled and saved to '/efs/timesync/1989/audit/1989_0440_1211_qa_rejects.p'.
Success tracking goes here
