{'project_id': '1211', 'year': '1989', 'x': -1138500, 'y': 2816250, 'plot_id': '3867', 'strata': '41'}
Pandas(Index=0, project_id='1211', plot_id='3867', x=-1138500, y=2816250)
called process_plot
Pandas(Index=0, project_id='1211', plot_id='3867', x=-1138500, y=2816250)
3867
Directory '/efs/timesync/1989/audit/' already exists.
Data has been pickled and saved to '/efs/timesync/1989/audit/1989_3867_1211.p'.
Failed qa: 1989-03-17T17:47:39.814016Z
.......Failed qa: 1989-04-02T17:47:38.072028Z
Failed qa: 1989-04-04T17:35:31.070006Z
.......Failed qa: 1989-04-18T17:47:32.425585Z
Failed qa: 1989-05-04T17:47:19.027069Z
Failed qa: 1989-05-06T17:35:07.945516Z
Failed qa: 1989-05-20T17:46:46.880065Z
Failed qa: 1989-05-22T17:34:48.551081Z
Failed qa: 1989-05-29T17:41:06.7990690Z
Failed qa: 1989-06-05T17:46:46.345578Z
Failed qa: 1989-06-07T17:34:33.666059Z
Failed qa: 1989-06-13T17:51:55.686547Z
.......Failed qa: 1989-06-21T17:46:21.013069Z
Failed qa: 1989-06-23T17:34:10.004541Z
Failed qa: 1989-06-29T17:52:01.721579Z
.......Failed qa: 1989-07-01T17:39:52.339503Z
Failed qa: 1989-07-07T17:46:06.034547Z
.......Failed qa: 1989-07-17T17:39:55.230044Z
Failed qa: 1989-07-23T17:45:47.005550Z
Failed qa: 1989-07-25T17:33:35.214031Z
.......Failed qa: 1989-08-02T17:39:54.398054Z
Failed qa: 1989-08-08T17:45:26.114563Z
Failed qa: 1989-08-10T17:33:12.746528Z
.......Failed qa: 1989-08-18T17:39:52.190560Z
Failed qa: 1989-08-26T17:32:52.974569Z
.......Failed qa: 1989-09-09T17:44:51.879578Z
Failed qa: 1989-09-11T17:32:24.330569Z
.......Failed qa: 1989-09-25T17:44:17.899518Z
Failed qa: 1989-09-27T17:32:08.139516Z
.......Failed qa: 1989-10-11T17:43:54.308591Z
Failed qa: 1989-10-13T17:31:38.499551Z
.......Failed qa: 1989-10-27T17:43:17.748053Z
Failed qa: 1989-10-29T17:31:08.558082Z
Data has been pickled and saved to '/efs/timesync/1989/audit/1989_3867_1211_qa_rejects.p'.
Success tracking goes here
