{'project_id': '1211', 'year': '1989', 'x': -1360110, 'y': 2050410, 'plot_id': '3093', 'strata': '41'}
Pandas(Index=0, project_id='1211', plot_id='3093', x=-1360110, y=2050410)
called process_plot
Pandas(Index=0, project_id='1211', plot_id='3093', x=-1360110, y=2050410)
3093
Directory '/efs/timesync/1989/audit/' already exists.
Data has been pickled and saved to '/efs/timesync/1989/audit/1989_3093_1211.p'.
............................Failed qa: 1989-03-26T17:43:20.2560500Z
.......Failed qa: 1989-04-11T17:43:19.138559Z
Failed qa: 1989-04-13T17:31:07.764076Z
Failed qa: 1989-04-27T17:43:10.2640690Z
Failed qa: 1989-04-29T17:30:48.570078Z
.......Failed qa: 1989-05-13T17:42:43.948503Z
Failed qa: 1989-05-15T17:30:31.503566Z
.......Failed qa: 1989-05-29T17:42:30.422075Z
Failed qa: 1989-05-31T17:30:18.974516Z
.......Failed qa: 1989-06-14T17:42:04.845076Z
Failed qa: 1989-06-16T17:29:51.832022Z
.......Failed qa: 1989-06-24T17:35:28.264566Z
Failed qa: 1989-06-30T17:41:52.345531Z
Failed qa: 1989-07-02T17:29:40.176547Z
.......Failed qa: 1989-07-10T17:35:31.831069Z
Failed qa: 1989-07-16T17:41:31.855532Z
Failed qa: 1989-07-18T17:29:19.634572Z
.......Failed qa: 1989-07-26T17:35:30.680066Z
Failed qa: 1989-08-01T17:41:12.543041Z
Failed qa: 1989-08-03T17:28:59.623037Z
.......Failed qa: 1989-08-11T17:35:31.634057Z
Failed qa: 1989-08-17T17:40:47.021563Z
Failed qa: 1989-08-19T17:28:36.587060Z
.......Failed qa: 1989-08-27T17:35:29.810532Z
Failed qa: 1989-09-02T17:40:30.119056Z
Failed qa: 1989-09-04T17:28:17.715082Z
.......Failed qa: 1989-09-12T17:35:28.440056Z
Failed qa: 1989-09-18T17:39:57.594569Z
Failed qa: 1989-09-20T17:27:46.007069Z
.......Failed qa: 1989-09-28T17:35:25.539044Z
Failed qa: 1989-10-04T17:39:48.849525Z
Failed qa: 1989-10-06T17:27:35.714563Z
.......Failed qa: 1989-10-20T17:39:04.600544Z
Failed qa: 1989-10-22T17:26:52.290535Z
.......Data has been pickled and saved to '/efs/timesync/1989/audit/1989_3093_1211_qa_rejects.p'.
Success tracking goes here
