{'project_id': '1211', 'year': '1989', 'x': 977640, 'y': 1094190, 'plot_id': '1443', 'strata': '41'}
Pandas(Index=0, project_id='1211', plot_id='1443', x=977640, y=1094190)
called process_plot
Pandas(Index=0, project_id='1211', plot_id='1443', x=977640, y=1094190)
1443
Directory '/efs/timesync/1989/audit/' already exists.
Data has been pickled and saved to '/efs/timesync/1989/audit/1989_1443_1211.p'.
.......Failed qa: 1989-02-01T15:49:22.6340690Z
.......Failed qa: 1989-02-17T15:49:18.9590630Z
.......Failed qa: 1989-03-21T15:48:19.9120380Z
............................Failed qa: 1989-05-24T15:47:31.652029Z
.......Failed qa: 1989-06-09T15:47:26.4620500Z
.......Failed qa: 1989-06-25T15:46:53.620535Z
.......Failed qa: 1989-07-11T15:46:35.763578Z
Failed qa: 1989-07-27T15:46:16.739025Z
.......Failed qa: 1989-08-12T15:45:54.645063Z
Failed qa: 1989-08-28T15:45:34.777541Z
...................................Failed qa: 1989-10-31T15:43:52.309054Z
..............Data has been pickled and saved to '/efs/timesync/1989/audit/1989_1443_1211_qa_rejects.p'.
Success tracking goes here
