{'project_id': '1211', 'year': '1989', 'x': 483210, 'y': 2399190, 'plot_id': '4798', 'strata': '41'}
Pandas(Index=0, project_id='1211', plot_id='4798', x=483210, y=2399190)
called process_plot
Pandas(Index=0, project_id='1211', plot_id='4798', x=483210, y=2399190)
4798
Directory '/efs/timesync/1989/audit/' already exists.
Data has been pickled and saved to '/efs/timesync/1989/audit/1989_4798_1211.p'.
Failed qa: 1989-01-05T16:04:48.326047Z
..............Failed qa: 1989-01-21T16:04:28.293069Z
..............Failed qa: 1989-02-06T16:04:31.558547Z
.......Failed qa: 1989-02-22T16:04:23.853059Z
.......Failed qa: 1989-03-10T16:04:11.4380380Z
.......Failed qa: 1989-03-26T16:03:27.297568Z
..............Failed qa: 1989-04-11T16:03:38.283563Z
.....................Failed qa: 1989-05-13T16:03:03.090041Z
..............Failed qa: 1989-05-29T16:02:49.629072Z
............................Failed qa: 1989-06-30T16:02:11.547578Z
.......Failed qa: 1989-07-14T16:14:27.0190500Z
Failed qa: 1989-07-16T16:01:51.060085Z
.......Failed qa: 1989-08-01T16:01:31.757560Z
Failed qa: 1989-09-02T16:00:49.301538Z
.......Failed qa: 1989-09-18T16:00:16.725578Z
..............Failed qa: 1989-10-04T16:00:08.107531Z
...................................Failed qa: 1989-11-21T15:58:27.943503Z
Data has been pickled and saved to '/efs/timesync/1989/audit/1989_4798_1211_qa_rejects.p'.
Success tracking goes here
