{'project_id': '1211', 'year': '1989', 'x': 1896960, 'y': 2605530, 'plot_id': '4456', 'strata': '41'}
Pandas(Index=0, project_id='1211', plot_id='4456', x=1896960, y=2605530)
called process_plot
Pandas(Index=0, project_id='1211', plot_id='4456', x=1896960, y=2605530)
4456
Directory '/efs/timesync/1989/audit/' already exists.
Data has been pickled and saved to '/efs/timesync/1989/audit/1989_4456_1211.p'.
Failed qa: 1989-01-06T15:08:46.371575Z
Failed qa: 1989-01-15T15:03:00.9300250Z
Failed qa: 1989-01-22T15:08:38.0160250Z
Failed qa: 1989-01-24T14:56:27.490060Z
.......Failed qa: 1989-02-07T15:08:29.463037Z
Failed qa: 1989-02-09T14:56:29.619054Z
.......Failed qa: 1989-02-23T15:08:21.060506Z
Failed qa: 1989-03-04T15:02:11.508040Z
Failed qa: 1989-03-11T15:08:08.2630060Z
Failed qa: 1989-03-13T14:55:53.968541Z
.......Failed qa: 1989-03-27T15:07:26.706035Z
.......Failed qa: 1989-04-12T15:07:36.461556Z
Failed qa: 1989-04-14T14:55:36.586569Z
.......Failed qa: 1989-04-28T15:07:28.1160690Z
.......Failed qa: 1989-05-14T15:07:12.5640310Z
Failed qa: 1989-05-16T14:54:59.626053Z
.......Failed qa: 1989-06-01T14:54:47.644572Z
.......Failed qa: 1989-06-17T14:54:33.4780560Z
.......Failed qa: 1989-07-03T14:54:08.586547Z
Failed qa: 1989-07-17T15:05:48.635537Z
Failed qa: 1989-07-19T14:53:47.904538Z
Failed qa: 1989-07-25T15:12:10.3360310Z
.......Failed qa: 1989-08-02T15:05:29.039047Z
Failed qa: 1989-08-03T15:06:24.0580000Z
Failed qa: 1989-08-04T14:53:28.575025Z
Failed qa: 1989-08-10T15:12:11.0430310Z
.......Failed qa: 1989-08-18T15:05:04.742553Z
.......Failed qa: 1989-08-26T15:11:56.975572Z
.......Failed qa: 1989-08-28T14:59:59.524557Z
Failed qa: 1989-09-03T15:04:46.785069Z
Failed qa: 1989-09-05T14:52:45.859072Z
.......Failed qa: 1989-09-19T15:04:14.647075Z
Failed qa: 1989-09-21T14:52:14.242009Z
.......Failed qa: 1989-10-05T15:04:05.234551Z
.......Failed qa: 1989-10-21T15:03:33.4510190Z
Failed qa: 1989-10-23T14:51:20.202538Z
.......Failed qa: 1989-11-06T15:03:17.0460810Z
.......Failed qa: 1989-11-22T15:02:26.691034Z
Data has been pickled and saved to '/efs/timesync/1989/audit/1989_4456_1211_qa_rejects.p'.
Success tracking goes here
