{'project_id': '1211', 'year': '1989', 'x': 328650, 'y': 1147320, 'plot_id': '4351', 'strata': '41'}
Pandas(Index=0, project_id='1211', plot_id='4351', x=328650, y=1147320)
called process_plot
Pandas(Index=0, project_id='1211', plot_id='4351', x=328650, y=1147320)
4351
Directory '/efs/timesync/1989/audit/' already exists.
Data has been pickled and saved to '/efs/timesync/1989/audit/1989_4351_1211.p'.
Failed qa: 1989-01-03T16:19:57.584544Z
Failed qa: 1989-01-05T16:08:11.3640130Z
Failed qa: 1989-01-19T16:19:38.205075Z
Failed qa: 1989-01-21T16:07:27.452522Z
.......Failed qa: 1989-02-04T16:19:29.0720310Z
Failed qa: 1989-02-22T16:07:34.869063Z
.......Failed qa: 1989-03-08T16:19:12.187556Z
Failed qa: 1989-03-10T16:06:58.493025Z
.......Failed qa: 1989-03-24T16:18:34.177019Z
Failed qa: 1989-03-26T16:06:26.350040Z
Failed qa: 1989-04-09T16:18:47.617591Z
Failed qa: 1989-04-11T16:06:37.347041Z
.......Failed qa: 1989-04-25T16:18:28.823069Z
Failed qa: 1989-05-11T16:18:14.986569Z
.......Failed qa: 1989-05-27T16:17:59.880563Z
Failed qa: 1989-05-29T16:05:48.790553Z
Failed qa: 1989-06-05T16:11:28.1990440Z
Failed qa: 1989-06-12T16:17:38.132022Z
Failed qa: 1989-06-14T16:05:35.158041Z
.......Failed qa: 1989-06-28T16:17:10.2210310Z
Failed qa: 1989-06-30T16:05:34.4230940Z
.......Failed qa: 1989-07-14T16:17:02.088034Z
Failed qa: 1989-07-16T16:04:50.109040Z
.......Failed qa: 1989-07-30T16:16:43.291066Z
Failed qa: 1989-08-01T16:04:30.749041Z
.......Failed qa: 1989-08-15T16:16:19.819041Z
Failed qa: 1989-09-02T16:04:00.381041Z
.......Failed qa: 1989-09-16T16:15:27.306557Z
Failed qa: 1989-09-18T16:03:27.890028Z
.......Failed qa: 1989-10-02T16:15:07.2960940Z
Failed qa: 1989-10-04T16:03:07.221550Z
.......Failed qa: 1989-10-20T16:02:22.753553Z
Failed qa: 1989-11-03T16:14:20.155072Z
.......Failed qa: 1989-11-19T16:13:39.493566Z
Failed qa: 1989-11-21T16:01:38.794038Z
Data has been pickled and saved to '/efs/timesync/1989/audit/1989_4351_1211_qa_rejects.p'.
Success tracking goes here
