{'project_id': '1211', 'year': '1989', 'x': -467130, 'y': 1835160, 'plot_id': '2687', 'strata': '41'}
Pandas(Index=0, project_id='1211', plot_id='2687', x=-467130, y=1835160)
called process_plot
Pandas(Index=0, project_id='1211', plot_id='2687', x=-467130, y=1835160)
2687
Directory '/efs/timesync/1989/audit/' already exists.
Data has been pickled and saved to '/efs/timesync/1989/audit/1989_2687_1211.p'.
Failed qa: 1989-01-22T16:48:54.874034Z
Failed qa: 1989-02-07T16:48:58.384022Z
Failed qa: 1989-02-23T16:48:49.701576Z
Failed qa: 1989-03-11T16:48:25.016066Z
Failed qa: 1989-03-18T16:54:00.5620500Z
Failed qa: 1989-03-18T16:54:00.5620500Z
Failed qa: 1989-03-25T17:00:15.581078Z
Failed qa: 1989-03-25T17:00:03.6680940Z
..............Failed qa: 1989-03-27T16:47:55.492025Z
Failed qa: 1989-04-01T17:06:20.2140500Z
..............Failed qa: 1989-04-10T17:00:27.961550Z
Failed qa: 1989-04-12T16:48:05.195582Z
Failed qa: 1989-04-17T17:06:18.4320940Z
..............Failed qa: 1989-04-20T16:52:10.092038Z
Failed qa: 1989-04-26T17:00:08.122054Z
Failed qa: 1989-04-28T16:47:45.097006Z
Failed qa: 1989-05-03T17:06:03.6740560Z
..............Failed qa: 1989-05-14T16:47:17.4060250Z
Failed qa: 1989-05-19T17:05:42.6520880Z
..............Failed qa: 1989-05-28T16:59:39.581069Z
Failed qa: 1989-05-30T16:47:16.205569Z
..............Failed qa: 1989-06-13T16:59:16.020554Z
Failed qa: 1989-06-20T17:05:06.0610000Z
Failed qa: 1989-06-21T17:04:44.186044Z
Failed qa: 1989-06-21T17:04:32.2010500Z
..............Failed qa: 1989-07-01T16:46:37.894553Z
Failed qa: 1989-07-07T17:04:47.854091Z
Failed qa: 1989-07-07T17:04:35.8690880Z
..............Failed qa: 1989-07-14T17:10:49.3310440Z
Failed qa: 1989-07-15T16:58:41.446522Z
Failed qa: 1989-07-17T16:46:17.369550Z
Failed qa: 1989-07-22T17:04:31.6530810Z
..............Failed qa: 1989-07-31T16:58:22.330031Z
Failed qa: 1989-08-02T16:45:57.731025Z
Failed qa: 1989-08-07T17:04:11.4670380Z
..............Failed qa: 1989-08-15T17:10:45.9890380Z
Failed qa: 1989-08-16T16:57:57.849544Z
Failed qa: 1989-08-18T16:45:33.602044Z
Failed qa: 1989-08-23T17:03:49.6410880Z
Failed qa: 1989-08-31T17:10:46.4620560Z
Failed qa: 1989-09-01T16:57:39.713059Z
Failed qa: 1989-09-03T16:45:15.497026Z
Failed qa: 1989-09-10T16:50:59.4390500Z
Failed qa: 1989-09-10T16:50:59.4390500Z
Failed qa: 1989-09-17T16:57:06.838525Z
Failed qa: 1989-09-17T16:56:54.8460130Z
Failed qa: 1989-09-19T16:44:43.405538Z
Failed qa: 1989-09-24T17:03:01.6550060Z
..............Failed qa: 1989-10-10T17:02:41.7480630Z
Failed qa: 1989-10-21T16:43:50.367563Z
..............Failed qa: 1989-11-06T16:43:33.664035Z
Data has been pickled and saved to '/efs/timesync/1989/audit/1989_2687_1211_qa_rejects.p'.
Success tracking goes here
