{'project_id': '1211', 'year': '1989', 'x': 713490, 'y': 1247280, 'plot_id': '970', 'strata': '41'}
Pandas(Index=0, project_id='1211', plot_id='970', x=713490, y=1247280)
called process_plot
Pandas(Index=0, project_id='1211', plot_id='970', x=713490, y=1247280)
970
Directory '/efs/timesync/1989/audit/' already exists.
Data has been pickled and saved to '/efs/timesync/1989/audit/1989_0970_1211.p'.
Failed qa: 1989-01-21T16:06:51.649513Z
..............Failed qa: 1989-02-06T16:06:43.0110060Z
.......Failed qa: 1989-02-15T16:01:17.6850750Z
Failed qa: 1989-02-22T16:06:35.0960310Z
.......Failed qa: 1989-03-10T16:06:22.685047Z
..............Failed qa: 1989-03-26T16:05:50.539537Z
Failed qa: 1989-04-11T16:06:01.534522Z
..........................................Failed qa: 1989-05-29T16:05:12.973016Z
.....................Failed qa: 1989-06-30T16:04:22.7780500Z
..............Failed qa: 1989-07-16T16:04:14.285037Z
..............Failed qa: 1989-08-01T16:03:54.922047Z
..............Failed qa: 1989-09-02T16:03:00.6370630Z
.......Failed qa: 1989-09-18T16:02:40.063025Z
..............Failed qa: 1989-10-04T16:02:31.384075Z
.......Failed qa: 1989-10-20T16:01:46.985554Z
.......Failed qa: 1989-11-21T16:00:51.099050Z
Data has been pickled and saved to '/efs/timesync/1989/audit/1989_0970_1211_qa_rejects.p'.
Success tracking goes here
