{'project_id': '1211', 'year': '1989', 'x': -1188900, 'y': 1009140, 'plot_id': '1450', 'strata': '41'}
Pandas(Index=0, project_id='1211', plot_id='1450', x=-1188900, y=1009140)
called process_plot
Pandas(Index=0, project_id='1211', plot_id='1450', x=-1188900, y=1009140)
1450
Directory '/efs/timesync/1989/audit/' already exists.
Data has been pickled and saved to '/efs/timesync/1989/audit/1989_1450_1211.p'.
.......Failed qa: 1989-04-01T17:08:43.3140380Z
.......Failed qa: 1989-04-15T17:21:06.8390500Z
Failed qa: 1989-04-17T17:08:41.5420250Z
.......Failed qa: 1989-05-01T17:20:49.7980130Z
Failed qa: 1989-05-03T17:08:26.9350380Z
.......Failed qa: 1989-05-17T17:20:29.5690190Z
Failed qa: 1989-05-19T17:08:06.0630880Z
.......Failed qa: 1989-06-02T17:20:18.6050810Z
Failed qa: 1989-06-04T17:07:54.7570130Z
Failed qa: 1989-06-10T17:25:27.2670750Z
.......Failed qa: 1989-06-18T17:19:52.6880380Z
.......Failed qa: 1989-06-20T17:07:29.3450500Z
Failed qa: 1989-06-26T17:25:30.0650000Z
Failed qa: 1989-07-04T17:19:38.7070310Z
.......Failed qa: 1989-07-12T17:25:33.8780940Z
.......Failed qa: 1989-07-14T17:13:12.4370810Z
Failed qa: 1989-07-20T17:19:17.9120310Z
Failed qa: 1989-07-22T17:06:54.8110810Z
.......Failed qa: 1989-08-05T17:18:59.0430250Z
Failed qa: 1989-08-07T17:06:34.6340750Z
.......Failed qa: 1989-08-15T17:13:09.2380440Z
Failed qa: 1989-08-21T17:18:36.8910250Z
Failed qa: 1989-08-23T17:06:12.9650440Z
.......Failed qa: 1989-08-31T17:13:09.7100690Z
Failed qa: 1989-09-06T17:18:15.7080630Z
Failed qa: 1989-09-08T17:05:49.7470810Z
.......Failed qa: 1989-09-22T17:17:46.4570940Z
Failed qa: 1989-09-24T17:05:24.9970750Z
.......Failed qa: 1989-10-08T17:17:32.7840750Z
Failed qa: 1989-10-10T17:05:04.9580060Z
.......Failed qa: 1989-10-24T17:16:50.2040630Z
Data has been pickled and saved to '/efs/timesync/1989/audit/1989_1450_1211_qa_rejects.p'.
Success tracking goes here
