{'project_id': '1211', 'year': '1989', 'x': -2178780, 'y': 2261820, 'plot_id': '3656', 'strata': '41'}
Pandas(Index=0, project_id='1211', plot_id='3656', x=-2178780, y=2261820)
called process_plot
Pandas(Index=0, project_id='1211', plot_id='3656', x=-2178780, y=2261820)
3656
Directory '/efs/timesync/1989/audit/' already exists.
Data has been pickled and saved to '/efs/timesync/1989/audit/1989_3656_1211.p'.
Failed qa: 1989-01-24T18:15:01.588522Z
Failed qa: 1989-01-24T18:15:25.553022Z
............................Failed qa: 1989-02-18T18:09:27.9050380Z
..............Failed qa: 1989-03-13T18:14:27.657525Z
Failed qa: 1989-03-13T18:14:51.624572Z
............................Failed qa: 1989-04-12T18:26:34.271044Z
Failed qa: 1989-04-12T18:26:46.2560810Z
............................Failed qa: 1989-04-28T18:26:14.176072Z
Failed qa: 1989-04-28T18:26:26.1620750Z
..............Failed qa: 1989-05-08T18:18:11.9910690Z
Failed qa: 1989-05-14T18:25:58.398066Z
Failed qa: 1989-05-14T18:26:10.3130440Z
............................Failed qa: 1989-05-25T18:07:52.1730630Z
............................Failed qa: 1989-06-10T18:07:34.0650000Z
............................Failed qa: 1989-06-25T18:18:20.1760940Z
Failed qa: 1989-07-01T18:25:06.922007Z
Failed qa: 1989-07-01T18:25:18.8390000Z
..........................................Failed qa: 1989-07-17T18:24:46.293050Z
Failed qa: 1989-07-17T18:24:58.2820690Z
............................Failed qa: 1989-07-27T18:18:34.643088Z
Failed qa: 1989-07-27T18:18:58.613075Z
Failed qa: 1989-07-28T18:06:37.1460190Z
Failed qa: 1989-08-02T18:24:26.691569Z
Failed qa: 1989-08-02T18:24:38.6100560Z
............................Failed qa: 1989-08-13T18:06:14.4150810Z
Failed qa: 1989-08-18T18:24:02.627556Z
Failed qa: 1989-08-18T18:24:14.6190250Z
..............Failed qa: 1989-08-29T18:05:54.8210060Z
Failed qa: 1989-09-03T18:23:44.552053Z
Failed qa: 1989-09-03T18:23:56.5440380Z
............................Failed qa: 1989-09-19T18:23:12.486059Z
Failed qa: 1989-09-19T18:23:24.4070560Z
............................Failed qa: 1989-09-30T18:05:12.1240750Z
Failed qa: 1989-10-05T18:23:03.010034Z
Failed qa: 1989-10-05T18:23:14.9320250Z
............................Failed qa: 1989-10-23T18:10:05.9390880Z
Failed qa: 1989-10-23T18:10:17.934047Z
..............Failed qa: 1989-11-01T18:04:13.0710000Z
Failed qa: 1989-11-06T18:22:02.644062Z
Failed qa: 1989-11-06T18:22:14.6390750Z
..............Failed qa: 1989-11-14T18:30:28.087044Z
Failed qa: 1989-11-14T18:30:40.0720500Z
..............Failed qa: 1989-11-22T18:21:24.489537Z
Failed qa: 1989-11-22T18:21:36.4850440Z
Failed qa: 1989-11-30T18:30:26.032544Z
Failed qa: 1989-11-30T18:30:38.0180000Z
..............Data has been pickled and saved to '/efs/timesync/1989/audit/1989_3656_1211_qa_rejects.p'.
Success tracking goes here
