{'project_id': '1211', 'year': '1989', 'x': -1754400, 'y': 1947480, 'plot_id': '3599', 'strata': '41'}
Pandas(Index=0, project_id='1211', plot_id='3599', x=-1754400, y=1947480)
called process_plot
Pandas(Index=0, project_id='1211', plot_id='3599', x=-1754400, y=1947480)
3599
Directory '/efs/timesync/1989/audit/' already exists.
Data has been pickled and saved to '/efs/timesync/1989/audit/1989_3599_1211.p'.
............................Failed qa: 1989-03-26T17:44:07.7640560Z
..............Failed qa: 1989-04-11T17:44:18.7780810Z
..............Failed qa: 1989-04-27T17:43:57.7780000Z
.......Failed qa: 1989-05-11T17:56:08.1230500Z
Failed qa: 1989-05-13T17:43:43.5940130Z
..............Failed qa: 1989-05-29T17:43:30.0710380Z
.....................Failed qa: 1989-06-14T17:43:04.4980000Z
.....................Failed qa: 1989-06-30T17:42:51.8580750Z
.....................Failed qa: 1989-07-16T17:42:31.4420750Z
.....................Failed qa: 1989-08-01T17:42:12.0630310Z
.....................Failed qa: 1989-08-17T17:41:46.6190190Z
..............Failed qa: 1989-09-02T17:41:29.7910250Z
..............Failed qa: 1989-09-18T17:40:57.2700810Z
..............Failed qa: 1989-10-04T17:40:48.5310000Z
..............Failed qa: 1989-10-20T17:40:04.1420060Z
Failed qa: 1989-10-27T17:46:04.6690690Z
Failed qa: 1989-11-03T17:52:13.5110190Z
.......Failed qa: 1989-11-28T17:45:16.7540560Z
Data has been pickled and saved to '/efs/timesync/1989/audit/1989_3599_1211_qa_rejects.p'.
Success tracking goes here
