{'project_id': '1211', 'year': '1989', 'x': 595770, 'y': 889080, 'plot_id': '4066', 'strata': '41'}
Pandas(Index=0, project_id='1211', plot_id='4066', x=595770, y=889080)
called process_plot
Pandas(Index=0, project_id='1211', plot_id='4066', x=595770, y=889080)
4066
Directory '/efs/timesync/1989/audit/' already exists.
Data has been pickled and saved to '/efs/timesync/1989/audit/1989_4066_1211.p'.
Failed qa: 1989-01-07T15:56:24.329537Z
Failed qa: 1989-01-23T15:55:51.697535Z
.......Failed qa: 1989-02-08T15:55:55.207047Z
.......Failed qa: 1989-02-24T15:55:46.828072Z
Failed qa: 1989-03-12T15:55:20.551562Z
..............Failed qa: 1989-04-13T15:54:50.014056Z
.......Failed qa: 1989-04-29T15:54:42.672019Z
.......Failed qa: 1989-05-15T15:54:25.683531Z
.......Failed qa: 1989-05-31T15:54:13.162541Z
.......Failed qa: 1989-06-16T15:53:45.958047Z
.......Failed qa: 1989-07-02T15:53:22.377575Z
.......Failed qa: 1989-07-18T15:53:13.644569Z
.......Failed qa: 1989-08-19T15:52:30.793572Z
.......Failed qa: 1989-09-04T15:52:23.959025Z
Failed qa: 1989-09-20T15:51:28.304572Z
.......Failed qa: 1989-10-06T15:51:29.995519Z
Failed qa: 1989-10-22T15:50:46.365547Z
.......Data has been pickled and saved to '/efs/timesync/1989/audit/1989_4066_1211_qa_rejects.p'.
Success tracking goes here
