{'project_id': '1211', 'year': '1989', 'x': -763230, 'y': 2906190, 'plot_id': '2316', 'strata': '41'}
Pandas(Index=0, project_id='1211', plot_id='2316', x=-763230, y=2906190)
called process_plot
Pandas(Index=0, project_id='1211', plot_id='2316', x=-763230, y=2906190)
2316
Directory '/efs/timesync/1989/audit/' already exists.
Data has been pickled and saved to '/efs/timesync/1989/audit/1989_2316_1211.p'.
Failed qa: 1989-03-19T17:34:51.9680810Z
..............Failed qa: 1989-04-04T17:34:55.2580560Z
..............Failed qa: 1989-04-15T17:16:20.4780560Z
............................Failed qa: 1989-05-01T17:16:03.2780810Z
Failed qa: 1989-05-06T17:34:32.2010810Z
..............Failed qa: 1989-05-10T17:09:43.3740380Z
..............Failed qa: 1989-05-17T17:15:42.8930130Z
Failed qa: 1989-05-22T17:34:12.8060500Z
..............Failed qa: 1989-05-26T17:09:27.0760560Z
..............Failed qa: 1989-06-07T17:33:57.9190060Z
..............Failed qa: 1989-06-11T17:09:07.4070810Z
............................Failed qa: 1989-06-18T17:15:06.1210810Z
Failed qa: 1989-06-23T17:33:34.2550190Z
............................Failed qa: 1989-07-01T17:39:16.5980940Z
..............Failed qa: 1989-07-04T17:14:52.4100940Z
Failed qa: 1989-07-09T17:33:18.5170250Z
Failed qa: 1989-07-10T17:33:32.5530130Z
Failed qa: 1989-07-12T17:20:47.5230750Z
..............Failed qa: 1989-07-20T17:14:31.4570190Z
..............Failed qa: 1989-07-29T17:08:11.4750440Z
Failed qa: 1989-08-02T17:39:18.6570810Z
..............Failed qa: 1989-08-10T17:32:36.9180130Z
............................Failed qa: 1989-08-18T17:39:16.4500310Z
..............Failed qa: 1989-08-21T17:13:50.3900810Z
Failed qa: 1989-08-26T17:32:17.2160060Z
..............Failed qa: 1989-08-28T17:20:17.1250000Z
Failed qa: 1989-08-30T17:07:28.8110940Z
..............Failed qa: 1989-09-06T17:13:29.1920810Z
Failed qa: 1989-09-11T17:31:48.5690880Z
..........................................Failed qa: 1989-09-22T17:12:59.7750810Z
Failed qa: 1989-09-27T17:31:32.3750250Z
..........................................Failed qa: 1989-10-08T17:12:46.2230560Z
Failed qa: 1989-10-13T17:31:02.7320880Z
............................Failed qa: 1989-10-24T17:12:03.6250750Z
Failed qa: 1989-10-29T17:30:32.7960190Z
Data has been pickled and saved to '/efs/timesync/1989/audit/1989_2316_1211_qa_rejects.p'.
Success tracking goes here
