{'project_id': '1211', 'year': '1989', 'x': 540120, 'y': 1588740, 'plot_id': '3912', 'strata': '41'}
Pandas(Index=0, project_id='1211', plot_id='3912', x=540120, y=1588740)
called process_plot
Pandas(Index=0, project_id='1211', plot_id='3912', x=540120, y=1588740)
3912
Directory '/efs/timesync/1989/audit/' already exists.
Data has been pickled and saved to '/efs/timesync/1989/audit/1989_3912_1211.p'.
Failed qa: 1989-01-12T16:12:38.5610750Z
.......Failed qa: 1989-01-28T16:12:27.4670000Z
Failed qa: 1989-01-30T16:00:19.530531Z
..............Failed qa: 1989-03-01T16:12:26.178528Z
Failed qa: 1989-03-03T16:00:01.709578Z
.......Failed qa: 1989-03-17T16:11:45.916594Z
Failed qa: 1989-03-19T15:59:33.7770190Z
..............Failed qa: 1989-04-18T16:11:38.507525Z
Failed qa: 1989-04-20T15:59:12.188541Z
Failed qa: 1989-05-06T15:58:50.0430630Z
.......Failed qa: 1989-05-20T16:11:04.822009Z
Failed qa: 1989-05-22T15:58:54.6490880Z
.......Failed qa: 1989-06-05T16:10:40.3930310Z
Failed qa: 1989-06-07T15:58:27.786556Z
.......Failed qa: 1989-06-21T16:10:27.063547Z
Failed qa: 1989-06-23T15:57:52.0050560Z
.......Failed qa: 1989-07-07T16:10:11.927066Z
Failed qa: 1989-07-09T15:57:48.178019Z
.......Failed qa: 1989-07-23T16:09:52.922057Z
Failed qa: 1989-07-25T15:57:29.167025Z
.......Failed qa: 1989-08-26T15:56:46.977510Z
.......Failed qa: 1989-09-09T16:08:46.215559Z
.......Failed qa: 1989-09-25T16:08:23.916576Z
Failed qa: 1989-09-27T15:56:02.164572Z
.......Failed qa: 1989-10-11T16:08:00.512541Z
.......Failed qa: 1989-11-12T16:06:59.166050Z
.......Data has been pickled and saved to '/efs/timesync/1989/audit/1989_3912_1211_qa_rejects.p'.
Success tracking goes here
