{'project_id': '1211', 'year': '1989', 'x': -1968360, 'y': 2689170, 'plot_id': '3844', 'strata': '41'}
Pandas(Index=0, project_id='1211', plot_id='3844', x=-1968360, y=2689170)
called process_plot
Pandas(Index=0, project_id='1211', plot_id='3844', x=-1968360, y=2689170)
3844
Directory '/efs/timesync/1989/audit/' already exists.
Data has been pickled and saved to '/efs/timesync/1989/audit/1989_3844_1211.p'.
Failed qa: 1989-01-08T18:14:45.1530440Z
Failed qa: 1989-01-08T18:14:45.1530440Z
Failed qa: 1989-01-15T18:20:47.0120750Z
Failed qa: 1989-01-15T18:20:47.0120750Z
Failed qa: 1989-01-24T18:14:13.802563Z
Failed qa: 1989-01-24T18:14:13.802563Z
Failed qa: 1989-02-02T18:08:08.730563Z
Failed qa: 1989-02-09T18:14:15.735551Z
Failed qa: 1989-02-09T18:14:03.824088Z
Failed qa: 1989-02-25T18:14:07.984522Z
Failed qa: 1989-02-25T18:13:56.073010Z
Failed qa: 1989-03-06T18:07:56.1450940Z
Failed qa: 1989-03-13T18:13:39.937559Z
Failed qa: 1989-03-13T18:13:28.025563Z
..............Failed qa: 1989-03-22T18:07:03.472025Z
..............Failed qa: 1989-04-07T18:07:15.049547Z
Failed qa: 1989-04-12T18:25:46.473053Z
Failed qa: 1989-04-14T18:13:22.669541Z
Failed qa: 1989-04-14T18:13:10.827544Z
Failed qa: 1989-04-21T18:18:45.3820500Z
Failed qa: 1989-04-23T18:06:58.305054Z
Failed qa: 1989-04-28T18:25:26.375550Z
..............Failed qa: 1989-05-08T18:17:36.179572Z
Failed qa: 1989-05-08T18:17:24.266087Z
Failed qa: 1989-05-09T18:06:45.805044Z
Failed qa: 1989-05-14T18:25:10.595538Z
Failed qa: 1989-05-16T18:12:45.665522Z
Failed qa: 1989-05-16T18:12:33.750531Z
..............Failed qa: 1989-05-24T18:17:40.890019Z
Failed qa: 1989-05-24T18:17:28.976522Z
Failed qa: 1989-05-25T18:06:28.408038Z
Failed qa: 1989-06-01T18:12:33.749532Z
Failed qa: 1989-06-01T18:12:21.834026Z
..............Failed qa: 1989-06-09T18:17:05.9140130Z
Failed qa: 1989-06-10T18:06:10.366500Z
Failed qa: 1989-06-15T18:24:29.492541Z
Failed qa: 1989-06-17T18:12:07.699059Z
Failed qa: 1989-06-17T18:11:55.783035Z
..............Failed qa: 1989-06-25T18:17:44.435569Z
Failed qa: 1989-06-25T18:17:32.522063Z
Failed qa: 1989-07-01T18:24:31.1710250Z
Failed qa: 1989-07-03T18:11:54.737038Z
Failed qa: 1989-07-03T18:11:42.820034Z
..............Failed qa: 1989-07-11T18:17:48.290085Z
Failed qa: 1989-07-11T18:17:36.376569Z
Failed qa: 1989-07-17T18:24:10.6130000Z
Failed qa: 1989-07-19T18:11:33.981025Z
Failed qa: 1989-07-19T18:11:22.135041Z
..............Failed qa: 1989-07-27T18:17:46.917559Z
Failed qa: 1989-07-27T18:17:35.004051Z
Failed qa: 1989-07-28T18:05:13.503088Z
Failed qa: 1989-08-02T18:23:50.9370060Z
Failed qa: 1989-08-04T18:11:14.695075Z
Failed qa: 1989-08-04T18:11:02.848556Z
..............Failed qa: 1989-08-13T18:04:50.766044Z
Failed qa: 1989-08-18T18:23:14.878069Z
Failed qa: 1989-08-20T18:10:51.868560Z
Failed qa: 1989-08-20T18:10:39.949062Z
Failed qa: 1989-08-29T18:04:31.022585Z
Failed qa: 1989-09-03T18:22:56.728063Z
Failed qa: 1989-09-05T18:10:31.888060Z
Failed qa: 1989-09-05T18:10:19.968044Z
..............Failed qa: 1989-09-19T18:22:24.730538Z
Failed qa: 1989-09-21T18:10:00.341541Z
Failed qa: 1989-09-21T18:09:48.420078Z
..............Failed qa: 1989-09-30T18:04:00.4510310Z
Failed qa: 1989-10-05T18:22:15.250547Z
Failed qa: 1989-10-07T18:09:49.577522Z
Failed qa: 1989-10-07T18:09:37.655529Z
..............Failed qa: 1989-10-16T18:03:11.665569Z
Failed qa: 1989-10-23T18:08:54.2590560Z
Failed qa: 1989-10-23T18:08:42.336531Z
..............Failed qa: 1989-11-01T18:03:01.5320250Z
Failed qa: 1989-11-06T18:21:26.9460630Z
Failed qa: 1989-11-15T18:14:49.2250880Z
Failed qa: 1989-11-15T18:14:49.2250880Z
Failed qa: 1989-11-22T18:20:48.7900440Z
Failed qa: 1989-12-01T18:14:31.7920440Z
Failed qa: 1989-12-01T18:14:31.7920440Z
Data has been pickled and saved to '/efs/timesync/1989/audit/1989_3844_1211_qa_rejects.p'.
Success tracking goes here
