{'project_id': '1211', 'year': '1989', 'x': -300420, 'y': 1572390, 'plot_id': '3612', 'strata': '41'}
Pandas(Index=0, project_id='1211', plot_id='3612', x=-300420, y=1572390)
called process_plot
Pandas(Index=0, project_id='1211', plot_id='3612', x=-300420, y=1572390)
3612
Directory '/efs/timesync/1989/audit/' already exists.
Data has been pickled and saved to '/efs/timesync/1989/audit/1989_3612_1211.p'.
.......Failed qa: 1989-01-22T16:49:18.766563Z
Failed qa: 1989-01-24T16:37:20.136528Z
.......Failed qa: 1989-02-07T16:49:22.206044Z
Failed qa: 1989-02-09T16:37:22.109059Z
.......Failed qa: 1989-02-23T16:49:13.525047Z
Failed qa: 1989-02-25T16:37:14.211507Z
.......Failed qa: 1989-03-11T16:48:48.768534Z
Failed qa: 1989-03-13T16:36:46.252069Z
Failed qa: 1989-03-27T16:48:07.4770000Z
.......Failed qa: 1989-04-12T16:48:29.023063Z
Failed qa: 1989-04-20T16:52:33.919022Z
.......Failed qa: 1989-04-28T16:48:08.925050Z
Failed qa: 1989-04-30T16:36:10.766075Z
.......Failed qa: 1989-05-16T16:35:52.060525Z
.......Failed qa: 1989-05-30T16:47:40.036566Z
.......Failed qa: 1989-06-17T16:35:14.020550Z
Failed qa: 1989-06-24T16:41:31.5910750Z
Failed qa: 1989-07-01T16:47:01.728553Z
Failed qa: 1989-07-03T16:35:12.9820630Z
.......Failed qa: 1989-07-17T16:46:41.133022Z
Failed qa: 1989-07-19T16:34:40.257050Z
.......Failed qa: 1989-07-27T16:40:53.109019Z
Failed qa: 1989-08-02T16:46:21.496034Z
Failed qa: 1989-08-04T16:34:20.935528Z
.......Failed qa: 1989-08-12T16:40:53.511544Z
Failed qa: 1989-08-18T16:45:57.369050Z
Failed qa: 1989-08-20T16:33:58.146569Z
.......Failed qa: 1989-08-28T16:40:52.112038Z
Failed qa: 1989-09-03T16:45:39.337038Z
Failed qa: 1989-09-05T16:33:50.2830250Z
Failed qa: 1989-09-19T16:45:07.247079Z
Failed qa: 1989-10-07T16:32:56.027528Z
.......Failed qa: 1989-10-21T16:44:14.141056Z
Failed qa: 1989-10-23T16:32:12.576591Z
Failed qa: 1989-11-06T16:43:57.510538Z
Failed qa: 1989-11-08T16:31:54.657075Z
..............Data has been pickled and saved to '/efs/timesync/1989/audit/1989_3612_1211_qa_rejects.p'.
Success tracking goes here
