{'project_id': '1211', 'year': '1989', 'x': -2099790, 'y': 3127770, 'plot_id': '4961', 'strata': '41'}
Pandas(Index=0, project_id='1211', plot_id='4961', x=-2099790, y=3127770)
called process_plot
Pandas(Index=0, project_id='1211', plot_id='4961', x=-2099790, y=3127770)
4961
Directory '/efs/timesync/1989/audit/' already exists.
Data has been pickled and saved to '/efs/timesync/1989/audit/1989_4961_1211.p'.
Failed qa: 1989-03-18T18:30:42.323563Z
Failed qa: 1989-04-03T18:30:43.478041Z
.......Failed qa: 1989-04-12T18:24:34.919537Z
.......Failed qa: 1989-04-28T18:24:14.818056Z
Failed qa: 1989-05-05T18:30:34.3030190Z
.......Failed qa: 1989-05-14T18:23:58.963019Z
Failed qa: 1989-05-19T18:42:12.4410630Z
Failed qa: 1989-05-21T18:30:02.459019Z
.......Failed qa: 1989-06-06T18:29:48.711041Z
Failed qa: 1989-06-15T18:23:17.852029Z
Failed qa: 1989-06-22T18:29:11.2310440Z
Failed qa: 1989-07-08T18:28:56.8750000Z
.......Failed qa: 1989-07-17T18:22:47.046553Z
Failed qa: 1989-07-24T18:28:49.904009Z
Failed qa: 1989-08-02T18:22:39.2820940Z
Failed qa: 1989-08-09T18:28:28.206538Z
.......Failed qa: 1989-08-18T18:22:03.218519Z
Failed qa: 1989-09-03T18:21:45.064075Z
Failed qa: 1989-09-10T18:27:40.903507Z
Failed qa: 1989-09-19T18:21:13.061047Z
Failed qa: 1989-09-26T18:27:21.744050Z
.......Failed qa: 1989-10-05T18:21:03.647072Z
Failed qa: 1989-10-19T18:32:54.9700190Z
Failed qa: 1989-10-28T18:26:21.955038Z
Data has been pickled and saved to '/efs/timesync/1989/audit/1989_4961_1211_qa_rejects.p'.
Success tracking goes here
