{'project_id': '1211', 'year': '1989', 'x': -1945590, 'y': 2456160, 'plot_id': '1837', 'strata': '41'}
Pandas(Index=0, project_id='1211', plot_id='1837', x=-1945590, y=2456160)
called process_plot
Pandas(Index=0, project_id='1211', plot_id='1837', x=-1945590, y=2456160)
1837
Directory '/efs/timesync/1989/audit/' already exists.
Data has been pickled and saved to '/efs/timesync/1989/audit/1989_1837_1211.p'.
.......Failed qa: 1989-01-15T18:20:47.0120750Z
Failed qa: 1989-01-17T18:08:45.7150690Z
.......Failed qa: 1989-02-02T18:08:08.730563Z
..............Failed qa: 1989-02-27T18:01:56.2100310Z
Failed qa: 1989-03-06T18:08:08.057066Z
.......Failed qa: 1989-03-20T18:19:29.612588Z
Failed qa: 1989-03-22T18:07:15.313016Z
Failed qa: 1989-04-05T18:19:35.596019Z
Failed qa: 1989-04-07T18:07:15.049547Z
.......Failed qa: 1989-04-16T18:01:09.7230630Z
Failed qa: 1989-04-23T18:07:10.147078Z
Failed qa: 1989-05-02T18:00:53.8350060Z
Failed qa: 1989-05-07T18:19:10.374563Z
.......Failed qa: 1989-05-09T18:06:57.720010Z
.......Failed qa: 1989-05-23T18:18:51.601531Z
.......Failed qa: 1989-05-25T18:06:40.323060Z
Failed qa: 1989-05-26T18:05:32.3150190Z
.......Failed qa: 1989-06-03T18:00:22.3370630Z
Failed qa: 1989-06-08T18:18:35.306057Z
Failed qa: 1989-06-10T18:06:22.210512Z
.......Failed qa: 1989-06-19T17:59:56.6200500Z
Failed qa: 1989-06-24T18:18:13.351522Z
..............Failed qa: 1989-07-05T17:59:41.7360630Z
Failed qa: 1989-07-10T18:17:56.662022Z
..............Failed qa: 1989-07-21T17:59:22.1720500Z
Failed qa: 1989-07-26T18:17:37.467051Z
.......Failed qa: 1989-07-28T18:05:25.421550Z
Failed qa: 1989-07-29T18:05:37.7330250Z
.......Failed qa: 1989-08-06T17:59:02.4310380Z
Failed qa: 1989-08-11T18:17:15.382035Z
Failed qa: 1989-08-13T18:05:02.613528Z
Failed qa: 1989-08-14T18:05:36.2890750Z
.......Failed qa: 1989-08-22T17:58:40.4250750Z
Failed qa: 1989-08-29T18:04:42.942572Z
.......Failed qa: 1989-09-07T17:58:18.2290690Z
Failed qa: 1989-09-12T18:16:24.299063Z
.......Failed qa: 1989-09-23T17:57:51.3140500Z
Failed qa: 1989-09-28T18:16:11.004584Z
Failed qa: 1989-09-30T18:04:12.300563Z
.......Failed qa: 1989-10-14T18:15:39.066566Z
Failed qa: 1989-10-16T18:03:23.516084Z
Failed qa: 1989-10-23T18:08:54.2590560Z
Failed qa: 1989-10-25T17:56:52.7730880Z
Failed qa: 1989-10-30T18:15:12.023026Z
Failed qa: 1989-11-01T18:03:13.383057Z
Failed qa: 1989-11-15T18:14:49.2250880Z
Failed qa: 1989-11-17T18:02:48.1190500Z
Failed qa: 1989-12-01T18:14:31.7920440Z
Data has been pickled and saved to '/efs/timesync/1989/audit/1989_1837_1211_qa_rejects.p'.
Success tracking goes here
