{'project_id': '1211', 'year': '1989', 'x': 1337520, 'y': 2079690, 'plot_id': '1250', 'strata': '41'}
Pandas(Index=0, project_id='1211', plot_id='1250', x=1337520, y=2079690)
called process_plot
Pandas(Index=0, project_id='1211', plot_id='1250', x=1337520, y=2079690)
1250
Directory '/efs/timesync/1989/audit/' already exists.
Data has been pickled and saved to '/efs/timesync/1989/audit/1989_1250_1211.p'.
Failed qa: 1989-01-04T15:22:44.559538Z
............................Failed qa: 1989-01-20T15:22:36.7220560Z
..............Failed qa: 1989-02-10T15:40:33.731078Z
........................................................Failed qa: 1989-03-09T15:21:57.122044Z
............................Failed qa: 1989-03-25T15:21:34.3200690Z
..............Failed qa: 1989-04-15T15:39:26.7000060Z
............................Failed qa: 1989-04-26T15:21:14.994088Z
Failed qa: 1989-05-01T15:39:09.4950500Z
Failed qa: 1989-05-17T15:39:01.146569Z
............................Failed qa: 1989-05-28T15:20:46.442544Z
Failed qa: 1989-06-02T15:38:50.248565Z
..............Failed qa: 1989-06-13T15:20:34.9910630Z
Failed qa: 1989-06-18T15:38:24.416031Z
Failed qa: 1989-06-29T15:20:08.565579Z
Failed qa: 1989-07-04T15:37:58.4810630Z
..........................................Failed qa: 1989-08-05T15:37:30.783057Z
..............Failed qa: 1989-08-16T15:19:04.764068Z
Failed qa: 1989-08-21T15:37:08.487513Z
............................Failed qa: 1989-09-01T15:18:46.563034Z
Failed qa: 1989-09-06T15:36:47.399547Z
Failed qa: 1989-09-08T15:24:57.5080190Z
Failed qa: 1989-09-08T15:24:57.5080190Z
Failed qa: 1989-09-17T15:18:13.669050Z
Failed qa: 1989-09-22T15:36:05.9310880Z
..............Failed qa: 1989-10-01T15:29:53.0900310Z
Failed qa: 1989-10-01T15:29:53.0900310Z
Failed qa: 1989-10-03T15:18:05.391594Z
Failed qa: 1989-10-08T15:35:52.6040440Z
..............Failed qa: 1989-10-24T15:35:21.924056Z
............................Failed qa: 1989-11-09T15:35:02.604018Z
............................Failed qa: 1989-11-20T15:16:23.931522Z
Data has been pickled and saved to '/efs/timesync/1989/audit/1989_1250_1211_qa_rejects.p'.
Success tracking goes here
