{'project_id': '1211', 'year': '1989', 'x': -466890, 'y': 2690670, 'plot_id': '3437', 'strata': '41'}
Pandas(Index=0, project_id='1211', plot_id='3437', x=-466890, y=2690670)
called process_plot
Pandas(Index=0, project_id='1211', plot_id='3437', x=-466890, y=2690670)
3437
Directory '/efs/timesync/1989/audit/' already exists.
Data has been pickled and saved to '/efs/timesync/1989/audit/1989_3437_1211.p'.
..............Failed qa: 1989-03-18T16:52:13.134525Z
Failed qa: 1989-03-25T16:58:28.0790130Z
..............Failed qa: 1989-04-03T16:52:26.0450500Z
Failed qa: 1989-04-08T17:10:50.540562Z
Failed qa: 1989-04-10T16:58:40.3810310Z
Failed qa: 1989-04-10T16:58:28.467525Z
Failed qa: 1989-04-15T17:16:56.219544Z
..............Failed qa: 1989-04-19T16:52:04.875082Z
Failed qa: 1989-05-01T17:16:39.021550Z
..............Failed qa: 1989-05-05T16:51:53.168044Z
Failed qa: 1989-05-10T17:10:19.261569Z
Failed qa: 1989-05-17T17:16:18.638009Z
..............Failed qa: 1989-05-21T16:51:33.239051Z
Failed qa: 1989-05-26T17:10:02.965544Z
Failed qa: 1989-05-28T16:57:51.9850060Z
Failed qa: 1989-05-28T16:57:40.069522Z
Failed qa: 1989-06-02T17:16:07.803566Z
..............Failed qa: 1989-06-06T16:51:19.634559Z
Failed qa: 1989-06-11T17:09:43.299053Z
Failed qa: 1989-06-18T17:15:30.0980190Z
Failed qa: 1989-06-19T17:15:06.138519Z
..............Failed qa: 1989-06-26T17:21:07.5370380Z
Failed qa: 1989-06-30T16:56:36.576069Z
Failed qa: 1989-07-04T17:15:16.1010500Z
Failed qa: 1989-07-05T17:15:08.101550Z
Failed qa: 1989-07-07T17:03:00.2750060Z
Failed qa: 1989-07-07T17:02:48.361041Z
Failed qa: 1989-07-08T16:50:39.718019Z
Failed qa: 1989-07-12T17:21:23.335091Z
Failed qa: 1989-07-13T17:08:53.6960130Z
..............Failed qa: 1989-07-15T16:56:53.9030380Z
Failed qa: 1989-07-15T16:56:41.985553Z
Failed qa: 1989-07-20T17:15:07.210028Z
..............Failed qa: 1989-07-24T16:50:20.707009Z
Failed qa: 1989-07-29T17:08:47.229572Z
Failed qa: 1989-07-31T16:56:34.8490880Z
Failed qa: 1989-07-31T16:56:22.931053Z
Failed qa: 1989-08-05T17:14:48.465531Z
..............Failed qa: 1989-08-09T16:49:59.037534Z
Failed qa: 1989-08-14T17:08:24.256538Z
..............Failed qa: 1989-08-16T16:56:10.2890250Z
Failed qa: 1989-08-16T16:55:58.369540Z
Failed qa: 1989-08-21T17:14:26.149518Z
..............Failed qa: 1989-08-30T17:08:04.571059Z
Failed qa: 1989-09-01T16:55:52.0740810Z
Failed qa: 1989-09-01T16:55:40.154081Z
Failed qa: 1989-09-02T16:56:37.329547Z
Failed qa: 1989-09-06T17:14:04.953063Z
Failed qa: 1989-09-07T17:15:08.807513Z
..............Failed qa: 1989-09-10T16:48:59.9480000Z
Failed qa: 1989-09-15T17:07:29.904556Z
Failed qa: 1989-09-17T16:55:19.1920500Z
Failed qa: 1989-09-17T16:55:07.271065Z
Failed qa: 1989-09-22T17:13:23.6180250Z
..............Failed qa: 1989-09-26T16:48:52.560584Z
Failed qa: 1989-10-01T17:07:34.4940250Z
Failed qa: 1989-10-03T16:55:10.8120630Z
Failed qa: 1989-10-03T16:54:58.962076Z
Failed qa: 1989-10-08T17:13:10.0670810Z
..............Failed qa: 1989-10-17T17:06:43.336572Z
Failed qa: 1989-10-24T17:12:39.465562Z
Failed qa: 1989-10-28T16:47:40.7070500Z
Data has been pickled and saved to '/efs/timesync/1989/audit/1989_3437_1211_qa_rejects.p'.
Success tracking goes here
