{'project_id': '1211', 'year': '1989', 'x': -1231800, 'y': 1512060, 'plot_id': '2913', 'strata': '41'}
Pandas(Index=0, project_id='1211', plot_id='2913', x=-1231800, y=1512060)
called process_plot
Pandas(Index=0, project_id='1211', plot_id='2913', x=-1231800, y=1512060)
2913
Directory '/efs/timesync/1989/audit/' already exists.
Data has been pickled and saved to '/efs/timesync/1989/audit/1989_2913_1211.p'.
Failed qa: 1989-02-09T17:30:12.7570250Z
Failed qa: 1989-02-16T17:36:25.6590810Z
............................Failed qa: 1989-04-13T17:32:07.404544Z
Failed qa: 1989-04-13T17:32:31.303554Z
............................Failed qa: 1989-04-29T17:31:48.142050Z
Failed qa: 1989-04-29T17:32:12.114066Z
............................Failed qa: 1989-05-15T17:31:31.149572Z
Failed qa: 1989-05-15T17:31:55.051076Z
Failed qa: 1989-05-17T17:19:17.7920560Z
Failed qa: 1989-05-17T17:19:29.778575Z
..............Failed qa: 1989-05-31T17:31:18.623531Z
Failed qa: 1989-05-31T17:31:42.526506Z
............................Failed qa: 1989-06-16T17:30:51.485006Z
Failed qa: 1989-06-16T17:31:15.389028Z
Failed qa: 1989-06-17T17:30:01.8040880Z
Failed qa: 1989-06-18T17:18:41.0460810Z
Failed qa: 1989-06-18T17:18:52.962565Z
Failed qa: 1989-06-24T17:36:27.832547Z
Failed qa: 1989-06-24T17:36:51.731044Z
..............Failed qa: 1989-06-26T17:24:18.4400500Z
Failed qa: 1989-06-26T17:24:30.353566Z
Failed qa: 1989-07-02T17:30:39.833534Z
Failed qa: 1989-07-02T17:31:03.739059Z
..............Failed qa: 1989-07-10T17:36:31.471007Z
Failed qa: 1989-07-10T17:36:55.369510Z
Failed qa: 1989-07-12T17:24:22.2540310Z
Failed qa: 1989-07-12T17:24:34.239028Z
Failed qa: 1989-07-18T17:30:19.222562Z
Failed qa: 1989-07-18T17:30:43.057585Z
Failed qa: 1989-07-20T17:18:06.2620810Z
Failed qa: 1989-07-20T17:18:18.180047Z
Failed qa: 1989-07-26T17:36:30.248537Z
Failed qa: 1989-07-26T17:36:54.147050Z
Failed qa: 1989-08-03T17:29:59.215547Z
Failed qa: 1989-08-03T17:30:23.124069Z
..............Failed qa: 1989-08-11T17:36:31.274009Z
Failed qa: 1989-08-11T17:36:55.244003Z
..............Failed qa: 1989-08-19T17:29:36.256547Z
Failed qa: 1989-08-19T17:30:00.167531Z
..............Failed qa: 1989-08-27T17:36:29.449547Z
Failed qa: 1989-08-27T17:36:53.348044Z
..............Failed qa: 1989-09-04T17:29:17.316060Z
Failed qa: 1989-09-04T17:29:41.228078Z
..............Failed qa: 1989-09-12T17:36:28.079503Z
Failed qa: 1989-09-12T17:36:51.977544Z
..............Failed qa: 1989-09-20T17:28:45.612544Z
Failed qa: 1989-09-20T17:29:09.526538Z
Failed qa: 1989-09-22T17:16:34.7870380Z
Failed qa: 1989-09-22T17:16:46.708054Z
Failed qa: 1989-09-28T17:36:25.106569Z
Failed qa: 1989-09-28T17:36:49.005063Z
..............Failed qa: 1989-10-06T17:28:35.396063Z
Failed qa: 1989-10-06T17:28:59.312038Z
............................Failed qa: 1989-10-22T17:27:51.832528Z
Failed qa: 1989-10-22T17:28:15.749553Z
Failed qa: 1989-10-24T17:15:38.5240130Z
Failed qa: 1989-10-24T17:15:50.446544Z
Failed qa: 1989-11-07T17:27:46.5850310Z
Failed qa: 1989-11-07T17:27:58.508050Z
Data has been pickled and saved to '/efs/timesync/1989/audit/1989_2913_1211_qa_rejects.p'.
Success tracking goes here
