{'project_id': '1211', 'year': '1989', 'x': 1272180, 'y': 1025130, 'plot_id': '4023', 'strata': '41'}
Pandas(Index=0, project_id='1211', plot_id='4023', x=1272180, y=1025130)
called process_plot
Pandas(Index=0, project_id='1211', plot_id='4023', x=1272180, y=1025130)
4023
Directory '/efs/timesync/1989/audit/' already exists.
Data has been pickled and saved to '/efs/timesync/1989/audit/1989_4023_1211.p'.
Failed qa: 1989-01-02T15:37:29.911069Z
Failed qa: 1989-01-18T15:37:12.710066Z
.......Failed qa: 1989-02-03T15:37:13.487516Z
.......Failed qa: 1989-02-19T15:37:20.4690940Z
..............Failed qa: 1989-03-23T15:36:17.5300810Z
Failed qa: 1989-04-08T15:36:19.998060Z
.......Failed qa: 1989-04-24T15:36:02.179556Z
.......Failed qa: 1989-05-10T15:35:37.0160690Z
.......Failed qa: 1989-05-26T15:35:32.623053Z
.......Failed qa: 1989-06-11T15:35:13.033563Z
.....................Failed qa: 1989-07-29T15:34:16.747053Z
.......Failed qa: 1989-08-14T15:33:41.8590060Z
.......Failed qa: 1989-08-30T15:33:34.359503Z
.......Failed qa: 1989-09-15T15:32:59.582041Z
Failed qa: 1989-10-17T15:32:13.142016Z
Failed qa: 1989-10-26T15:25:55.2300560Z
Failed qa: 1989-11-02T15:32:05.2400880Z
.......Data has been pickled and saved to '/efs/timesync/1989/audit/1989_4023_1211_qa_rejects.p'.
Success tracking goes here
