{'project_id': '1211', 'year': '1989', 'x': -884490, 'y': 2849730, 'plot_id': '947', 'strata': '41'}
Pandas(Index=0, project_id='1211', plot_id='947', x=-884490, y=2849730)
called process_plot
Pandas(Index=0, project_id='1211', plot_id='947', x=-884490, y=2849730)
947
Directory '/efs/timesync/1989/audit/' already exists.
Data has been pickled and saved to '/efs/timesync/1989/audit/1989_0947_1211.p'.
Failed qa: 1989-03-19T17:34:51.9680810Z
Failed qa: 1989-03-21T17:22:50.345556Z
Failed qa: 1989-04-04T17:35:07.171528Z
.......Failed qa: 1989-04-15T17:16:44.3060130Z
Failed qa: 1989-04-22T17:22:43.616056Z
.......Failed qa: 1989-05-01T17:16:27.1070560Z
Failed qa: 1989-05-06T17:34:44.116043Z
Failed qa: 1989-05-08T17:22:20.136529Z
.......Failed qa: 1989-05-17T17:16:06.7230130Z
Failed qa: 1989-05-22T17:34:24.721060Z
Failed qa: 1989-05-24T17:22:13.842025Z
.......Failed qa: 1989-06-02T17:15:55.8880500Z
Failed qa: 1989-06-07T17:34:09.834540Z
Failed qa: 1989-06-09T17:21:56.799050Z
.......Failed qa: 1989-06-17T17:27:02.815594Z
Failed qa: 1989-06-18T17:15:30.0980190Z
Failed qa: 1989-06-23T17:33:46.171525Z
.......Failed qa: 1989-06-25T17:21:36.068025Z
Failed qa: 1989-06-26T17:21:07.5370380Z
Failed qa: 1989-07-01T17:39:28.512047Z
.......Failed qa: 1989-07-04T17:15:16.1010500Z
Failed qa: 1989-07-09T17:33:18.5170250Z
.......Failed qa: 1989-07-12T17:21:11.3500940Z
Failed qa: 1989-07-17T17:39:43.2450440Z
.......Failed qa: 1989-07-20T17:14:55.2920560Z
Failed qa: 1989-07-25T17:33:23.2960250Z
.......Failed qa: 1989-08-02T17:39:30.570587Z
.......Failed qa: 1989-08-05T17:14:36.5470190Z
Failed qa: 1989-08-10T17:32:48.837007Z
.......Failed qa: 1989-08-12T17:20:37.011084Z
Failed qa: 1989-08-18T17:39:28.363541Z
.......Failed qa: 1989-08-21T17:14:14.2300060Z
Failed qa: 1989-08-26T17:32:29.135528Z
.......Failed qa: 1989-08-28T17:20:29.044525Z
.......Failed qa: 1989-09-06T17:13:53.0330380Z
Failed qa: 1989-09-11T17:32:00.489582Z
.......Failed qa: 1989-09-13T17:19:43.723072Z
.......Failed qa: 1989-09-22T17:13:23.6180250Z
Failed qa: 1989-09-27T17:31:44.296522Z
.......Failed qa: 1989-09-29T17:19:21.605513Z
.......Failed qa: 1989-10-08T17:13:10.0670810Z
Failed qa: 1989-10-13T17:31:14.654576Z
Failed qa: 1989-10-15T17:18:59.450553Z
.......Failed qa: 1989-10-24T17:12:27.4710440Z
Failed qa: 1989-10-29T17:30:44.716557Z
Data has been pickled and saved to '/efs/timesync/1989/audit/1989_0947_1211_qa_rejects.p'.
Success tracking goes here
