{'project_id': '1211', 'year': '1989', 'x': 303090, 'y': 2117910, 'plot_id': '332', 'strata': '41'}
Pandas(Index=0, project_id='1211', plot_id='332', x=303090, y=2117910)
called process_plot
Pandas(Index=0, project_id='1211', plot_id='332', x=303090, y=2117910)
332
Directory '/efs/timesync/1989/audit/' already exists.
Data has been pickled and saved to '/efs/timesync/1989/audit/1989_0332_1211.p'.
............................Failed qa: 1989-01-12T16:11:15.047091Z
Failed qa: 1989-01-12T16:11:38.939072Z
............................Failed qa: 1989-01-28T16:11:03.948529Z
Failed qa: 1989-01-28T16:11:27.841532Z
Failed qa: 1989-02-04T16:17:05.8540000Z
............................Failed qa: 1989-02-27T16:23:03.1970130Z
Failed qa: 1989-02-27T16:23:50.9870190Z
Failed qa: 1989-03-01T16:10:50.813028Z
Failed qa: 1989-03-01T16:11:14.636516Z
..............Failed qa: 1989-03-17T16:10:46.3550130Z
............................Failed qa: 1989-04-02T16:10:08.391059Z
Failed qa: 1989-04-02T16:10:20.2320940Z
............................Failed qa: 1989-04-18T16:09:51.2110000Z
..........................................Failed qa: 1989-05-20T16:09:29.286525Z
Failed qa: 1989-05-20T16:09:53.116528Z
..........................................Failed qa: 1989-06-05T16:09:16.911072Z
Failed qa: 1989-06-05T16:09:40.742563Z
Failed qa: 1989-06-12T16:15:50.7440310Z
Failed qa: 1989-06-19T16:21:03.5660500Z
Failed qa: 1989-06-19T16:21:51.2320000Z
Failed qa: 1989-06-21T16:08:51.588531Z
Failed qa: 1989-06-21T16:09:15.493056Z
............................Failed qa: 1989-07-07T16:08:36.446540Z
Failed qa: 1989-07-07T16:09:00.352550Z
............................Failed qa: 1989-07-23T16:08:17.507025Z
Failed qa: 1989-07-23T16:08:41.342560Z
..............Failed qa: 1989-08-06T16:20:57.0750190Z
............................Failed qa: 1989-09-09T16:07:46.6140130Z
............................Failed qa: 1989-09-25T16:06:48.473585Z
Failed qa: 1989-09-25T16:07:12.316556Z
............................Failed qa: 1989-10-11T16:06:25.062538Z
Failed qa: 1989-10-11T16:06:48.907043Z
........................................................Failed qa: 1989-11-12T16:05:23.706566Z
Failed qa: 1989-11-12T16:05:47.553550Z
..............Data has been pickled and saved to '/efs/timesync/1989/audit/1989_0332_1211_qa_rejects.p'.
Success tracking goes here
