{'project_id': '1211', 'year': '1989', 'x': -1354500, 'y': 1452810, 'plot_id': '448', 'strata': '41'}
Pandas(Index=0, project_id='1211', plot_id='448', x=-1354500, y=1452810)
called process_plot
Pandas(Index=0, project_id='1211', plot_id='448', x=-1354500, y=1452810)
448
Directory '/efs/timesync/1989/audit/' already exists.
Data has been pickled and saved to '/efs/timesync/1989/audit/1989_0448_1211.p'.
...................................Failed qa: 1989-04-15T17:20:07.198560Z
..............Failed qa: 1989-05-01T17:19:50.082528Z
..............Failed qa: 1989-05-17T17:19:29.778575Z
..............Failed qa: 1989-06-02T17:19:18.884047Z
..............Failed qa: 1989-06-18T17:18:52.962565Z
..............Failed qa: 1989-06-26T17:24:30.353566Z
.......Failed qa: 1989-07-04T17:18:39.050044Z
.......Failed qa: 1989-07-12T17:24:34.239028Z
.......Failed qa: 1989-07-20T17:18:18.180047Z
..............Failed qa: 1989-08-05T17:17:59.378515Z
.....................Failed qa: 1989-08-21T17:17:37.149550Z
.....................Failed qa: 1989-09-06T17:17:16.035547Z
.....................Failed qa: 1989-09-22T17:16:46.708054Z
.....................Failed qa: 1989-10-08T17:16:33.030066Z
..............Failed qa: 1989-10-24T17:15:50.446544Z
.......Data has been pickled and saved to '/efs/timesync/1989/audit/1989_0448_1211_qa_rejects.p'.
Success tracking goes here
