{'project_id': '1211', 'year': '1989', 'x': -1198140, 'y': 2378130, 'plot_id': '4570', 'strata': '41'}
Pandas(Index=0, project_id='1211', plot_id='4570', x=-1198140, y=2378130)
called process_plot
Pandas(Index=0, project_id='1211', plot_id='4570', x=-1198140, y=2378130)
4570
Directory '/efs/timesync/1989/audit/' already exists.
Data has been pickled and saved to '/efs/timesync/1989/audit/1989_4570_1211.p'.
............................Failed qa: 1989-03-21T17:24:13.878053Z
.......Failed qa: 1989-04-13T17:30:19.966059Z
Failed qa: 1989-04-22T17:24:07.229559Z
Failed qa: 1989-04-29T17:30:00.626040Z
.......Failed qa: 1989-05-08T17:23:55.669053Z
Failed qa: 1989-05-15T17:29:43.628588Z
.......Failed qa: 1989-05-24T17:23:25.5480440Z
Failed qa: 1989-05-31T17:29:31.097038Z
.......Failed qa: 1989-06-09T17:23:20.425072Z
Failed qa: 1989-06-14T17:41:05.0500000Z
Failed qa: 1989-06-16T17:29:03.951541Z
Failed qa: 1989-06-17T17:28:26.3530880Z
Failed qa: 1989-06-23T17:34:45.7540560Z
Failed qa: 1989-06-24T17:34:40.396547Z
Failed qa: 1989-06-25T17:22:59.700066Z
Failed qa: 1989-07-01T17:40:28.0800130Z
Failed qa: 1989-07-02T17:28:52.365028Z
.......Failed qa: 1989-07-10T17:34:44.034066Z
.......Failed qa: 1989-07-18T17:28:31.749057Z
.......Failed qa: 1989-07-26T17:34:42.811556Z
.......Failed qa: 1989-08-03T17:28:11.805075Z
.......Failed qa: 1989-08-11T17:34:43.765554Z
Failed qa: 1989-08-12T17:21:48.6690190Z
Failed qa: 1989-08-17T17:39:47.2810690Z
.......Failed qa: 1989-08-19T17:27:48.765547Z
.......Failed qa: 1989-08-27T17:34:41.942509Z
Failed qa: 1989-08-28T17:21:28.7870000Z
Failed qa: 1989-09-04T17:27:29.819085Z
.......Failed qa: 1989-09-12T17:34:40.500565Z
Failed qa: 1989-09-13T17:21:07.382535Z
Failed qa: 1989-09-18T17:39:21.7610060Z
Failed qa: 1989-09-20T17:26:58.107550Z
.......Failed qa: 1989-09-28T17:34:37.670575Z
Failed qa: 1989-09-29T17:20:57.193047Z
Failed qa: 1989-10-06T17:26:47.883541Z
.......Failed qa: 1989-10-15T17:20:34.9740060Z
Failed qa: 1989-10-20T17:38:16.838531Z
Failed qa: 1989-10-22T17:26:04.384044Z
.......Data has been pickled and saved to '/efs/timesync/1989/audit/1989_4570_1211_qa_rejects.p'.
Success tracking goes here
