{'project_id': '1211', 'year': '1989', 'x': -1082430, 'y': 2405340, 'plot_id': '2159', 'strata': '41'}
Pandas(Index=0, project_id='1211', plot_id='2159', x=-1082430, y=2405340)
called process_plot
Pandas(Index=0, project_id='1211', plot_id='2159', x=-1082430, y=2405340)
2159
Directory '/efs/timesync/1989/audit/' already exists.
Data has been pickled and saved to '/efs/timesync/1989/audit/1989_2159_1211.p'.
Failed qa: 1989-01-14T17:37:20.198562Z
Failed qa: 1989-01-30T17:37:13.335528Z
Failed qa: 1989-02-15T17:37:11.685050Z
Failed qa: 1989-03-19T17:36:27.5560560Z
Failed qa: 1989-03-21T17:24:13.878053Z
Failed qa: 1989-04-04T17:36:18.794544Z
.......Failed qa: 1989-04-22T17:24:07.229559Z
.......Failed qa: 1989-05-06T17:35:55.675528Z
Failed qa: 1989-05-08T17:23:55.669053Z
.......Failed qa: 1989-05-22T17:35:36.284009Z
Failed qa: 1989-05-24T17:23:25.5480440Z
.......Failed qa: 1989-06-07T17:35:21.473040Z
Failed qa: 1989-06-09T17:23:20.425072Z
Failed qa: 1989-06-14T17:41:05.0500000Z
.......Failed qa: 1989-06-17T17:28:26.3530880Z
Failed qa: 1989-06-23T17:34:45.7540560Z
.......Failed qa: 1989-06-25T17:22:59.700066Z
Failed qa: 1989-07-01T17:40:28.0800130Z
.......Failed qa: 1989-07-09T17:34:53.9980440Z
.......Failed qa: 1989-07-17T17:40:42.956034Z
.......Failed qa: 1989-07-25T17:34:22.958028Z
.......Failed qa: 1989-08-02T17:40:42.124022Z
.......Failed qa: 1989-08-10T17:34:00.422041Z
.......Failed qa: 1989-08-12T17:21:48.6690190Z
Failed qa: 1989-08-17T17:39:47.2810690Z
Failed qa: 1989-08-18T17:40:51.9010810Z
.......Failed qa: 1989-08-26T17:33:40.725538Z
.......Failed qa: 1989-08-28T17:21:28.7870000Z
.......Failed qa: 1989-09-11T17:33:12.156056Z
.......Failed qa: 1989-09-13T17:21:07.382535Z
Failed qa: 1989-09-18T17:39:21.7610060Z
.......Failed qa: 1989-09-27T17:32:55.897025Z
.......Failed qa: 1989-09-29T17:20:57.193047Z
.......Failed qa: 1989-10-13T17:32:26.261035Z
Failed qa: 1989-10-15T17:20:34.9740060Z
Failed qa: 1989-10-20T17:38:16.838531Z
.......Failed qa: 1989-10-29T17:31:56.313562Z
Data has been pickled and saved to '/efs/timesync/1989/audit/1989_2159_1211_qa_rejects.p'.
Success tracking goes here
