{'project_id': '1211', 'year': '1989', 'x': -1948290, 'y': 1588980, 'plot_id': '2661', 'strata': '41'}
Pandas(Index=0, project_id='1211', plot_id='2661', x=-1948290, y=1588980)
called process_plot
Pandas(Index=0, project_id='1211', plot_id='2661', x=-1948290, y=1588980)
2661
Directory '/efs/timesync/1989/audit/' already exists.
Data has been pickled and saved to '/efs/timesync/1989/audit/1989_2661_1211.p'.
.......Failed qa: 1989-01-28T17:51:56.543534Z
Failed qa: 1989-03-17T17:51:02.612572Z
.......Failed qa: 1989-04-02T17:51:00.882043Z
.......Failed qa: 1989-04-11T17:45:06.5760810Z
Failed qa: 1989-04-18T17:50:55.321022Z
.......Failed qa: 1989-04-27T17:44:45.7220060Z
Failed qa: 1989-05-04T17:50:42.005047Z
.......Failed qa: 1989-05-13T17:44:31.3960810Z
Failed qa: 1989-05-20T17:50:09.9380880Z
.......Failed qa: 1989-05-29T17:44:18.0200060Z
Failed qa: 1989-06-05T17:50:09.343522Z
Failed qa: 1989-06-06T17:49:23.2850690Z
.......Failed qa: 1989-06-13T17:55:06.7310000Z
Failed qa: 1989-06-14T17:43:52.3050940Z
Failed qa: 1989-06-21T17:49:43.951572Z
.......Failed qa: 1989-06-29T17:55:12.6970190Z
Failed qa: 1989-06-30T17:43:39.8130750Z
Failed qa: 1989-07-07T17:49:28.914009Z
.......Failed qa: 1989-07-16T17:43:19.2550940Z
Failed qa: 1989-07-23T17:49:09.897038Z
.......Failed qa: 1989-08-01T17:42:59.8800190Z
Failed qa: 1989-08-08T17:48:49.019581Z
.......Failed qa: 1989-08-17T17:42:34.4400310Z
Failed qa: 1989-08-24T17:48:27.549563Z
.......Failed qa: 1989-09-02T17:42:17.6140690Z
Failed qa: 1989-09-09T17:48:03.036057Z
Failed qa: 1989-09-18T17:41:45.0970630Z
Failed qa: 1989-09-25T17:47:40.992550Z
.......Failed qa: 1989-10-04T17:41:36.3610750Z
Failed qa: 1989-10-11T17:47:17.274066Z
.......Failed qa: 1989-10-27T17:46:40.582022Z
.......Failed qa: 1989-11-04T17:55:22.3200750Z
.......Failed qa: 1989-11-12T17:46:15.954531Z
.......Failed qa: 1989-11-20T17:55:09.6720250Z
Failed qa: 1989-11-28T17:45:52.669550Z
Data has been pickled and saved to '/efs/timesync/1989/audit/1989_2661_1211_qa_rejects.p'.
Success tracking goes here
