{'project_id': '1211', 'year': '1989', 'x': 884070, 'y': 1505670, 'plot_id': '3328', 'strata': '41'}
Pandas(Index=0, project_id='1211', plot_id='3328', x=884070, y=1505670)
called process_plot
Pandas(Index=0, project_id='1211', plot_id='3328', x=884070, y=1505670)
3328
Directory '/efs/timesync/1989/audit/' already exists.
Data has been pickled and saved to '/efs/timesync/1989/audit/1989_3328_1211.p'.
..........................................Failed qa: 1989-01-30T16:00:43.495531Z
............................Failed qa: 1989-02-10T15:42:09.236553Z
..............Failed qa: 1989-02-26T15:42:11.8240500Z
Failed qa: 1989-03-03T16:00:13.6930750Z
..............Failed qa: 1989-03-19T15:59:45.689525Z
Failed qa: 1989-03-30T15:41:20.4220940Z
............................Failed qa: 1989-04-20T15:59:36.088057Z
............................Failed qa: 1989-05-06T15:59:37.8450440Z
............................Failed qa: 1989-05-17T15:40:36.753062Z
Failed qa: 1989-05-22T15:59:06.564547Z
............................Failed qa: 1989-06-02T15:40:25.717047Z
Failed qa: 1989-06-07T15:58:51.761566Z
..............Failed qa: 1989-06-18T15:39:59.890054Z
Failed qa: 1989-06-23T15:58:39.8150380Z
..............Failed qa: 1989-07-09T15:58:12.084041Z
............................Failed qa: 1989-07-25T15:57:53.075010Z
..............Failed qa: 1989-08-05T15:39:06.275553Z
............................Failed qa: 1989-08-26T15:57:10.888535Z
........................................................Failed qa: 1989-09-27T15:56:26.079553Z
..........................................Failed qa: 1989-10-24T15:36:57.378563Z
Failed qa: 1989-10-31T15:43:16.3960560Z
Failed qa: 1989-10-31T15:43:16.3960560Z
Failed qa: 1989-11-09T15:36:37.990079Z
..............Data has been pickled and saved to '/efs/timesync/1989/audit/1989_3328_1211_qa_rejects.p'.
Success tracking goes here
