{'project_id': '1211', 'year': '1989', 'x': -253380, 'y': 1499610, 'plot_id': '2497', 'strata': '41'}
Pandas(Index=0, project_id='1211', plot_id='2497', x=-253380, y=1499610)
called process_plot
Pandas(Index=0, project_id='1211', plot_id='2497', x=-253380, y=1499610)
2497
Directory '/efs/timesync/1989/audit/' already exists.
Data has been pickled and saved to '/efs/timesync/1989/audit/1989_2497_1211.p'.
.......Failed qa: 1989-01-23T16:46:34.1880000Z
Failed qa: 1989-01-24T16:37:44.029522Z
.......Failed qa: 1989-02-09T16:37:46.003062Z
.......Failed qa: 1989-02-25T16:37:38.178044Z
Failed qa: 1989-03-04T16:43:03.8250190Z
Failed qa: 1989-03-13T16:37:10.148038Z
..............Failed qa: 1989-04-30T16:36:34.666565Z
.......Failed qa: 1989-05-16T16:36:16.033554Z
.......Failed qa: 1989-06-16T16:46:45.2050630Z
Failed qa: 1989-06-17T16:35:37.925038Z
.......Failed qa: 1989-07-03T16:35:24.899066Z
.......Failed qa: 1989-07-19T16:35:04.164507Z
.......Failed qa: 1989-07-27T16:41:17.007525Z
Failed qa: 1989-08-04T16:34:44.844509Z
.......Failed qa: 1989-08-12T16:41:17.410047Z
Failed qa: 1989-08-20T16:34:22.057557Z
.......Failed qa: 1989-08-28T16:41:16.010528Z
Failed qa: 1989-09-05T16:34:02.203041Z
Failed qa: 1989-10-07T16:33:19.943044Z
.......Failed qa: 1989-10-23T16:32:36.494069Z
Failed qa: 1989-10-30T16:38:54.0540000Z
Failed qa: 1989-11-08T16:32:18.575547Z
..............Data has been pickled and saved to '/efs/timesync/1989/audit/1989_2497_1211_qa_rejects.p'.
Success tracking goes here
