{'project_id': '1211', 'year': '1989', 'x': -1400310, 'y': 2718480, 'plot_id': '2857', 'strata': '41'}
Pandas(Index=0, project_id='1211', plot_id='2857', x=-1400310, y=2718480)
called process_plot
Pandas(Index=0, project_id='1211', plot_id='2857', x=-1400310, y=2718480)
2857
Directory '/efs/timesync/1989/audit/' already exists.
Data has been pickled and saved to '/efs/timesync/1989/audit/1989_2857_1211.p'.
Failed qa: 1989-02-02T18:07:09.0330000Z
Failed qa: 1989-03-15T18:00:24.027044Z
Failed qa: 1989-03-15T18:00:47.779575Z
..............Failed qa: 1989-03-22T18:06:03.9080750Z
Failed qa: 1989-03-24T17:53:40.6800500Z
Failed qa: 1989-03-24T17:54:28.1880310Z
Failed qa: 1989-03-31T18:00:08.231069Z
Failed qa: 1989-03-31T18:00:32.057072Z
..............Failed qa: 1989-04-07T18:06:15.4830190Z
..............Failed qa: 1989-04-16T18:00:10.010559Z
Failed qa: 1989-04-16T18:00:33.838066Z
..............Failed qa: 1989-04-23T18:05:58.7350380Z
..............Failed qa: 1989-05-02T18:00:29.8620690Z
..............Failed qa: 1989-05-09T18:05:46.1600060Z
Failed qa: 1989-05-11T17:54:08.6880880Z
Failed qa: 1989-05-18T17:59:44.0960810Z
Failed qa: 1989-05-18T17:59:56.011078Z
..............Failed qa: 1989-05-25T18:05:28.7600500Z
Failed qa: 1989-05-26T18:04:32.604544Z
Failed qa: 1989-05-26T18:04:56.431547Z
..............Failed qa: 1989-06-03T17:59:22.472047Z
Failed qa: 1989-06-03T17:59:46.303516Z
..............Failed qa: 1989-06-10T18:05:10.6430310Z
............................Failed qa: 1989-06-19T17:59:08.6670940Z
Failed qa: 1989-06-19T17:59:20.583578Z
..........................................Failed qa: 1989-07-05T17:58:42.007085Z
Failed qa: 1989-07-05T17:59:05.841544Z
............................Failed qa: 1989-07-15T17:52:53.1850250Z
Failed qa: 1989-07-21T17:58:22.440031Z
Failed qa: 1989-07-21T17:58:46.203550Z
..............Failed qa: 1989-07-28T18:04:13.8410380Z
Failed qa: 1989-07-29T18:04:37.879525Z
Failed qa: 1989-07-29T18:05:01.706550Z
..............Failed qa: 1989-07-31T17:52:52.0310690Z
Failed qa: 1989-08-06T17:58:02.694529Z
Failed qa: 1989-08-06T17:58:26.531554Z
..............Failed qa: 1989-08-13T18:03:51.0990060Z
Failed qa: 1989-08-14T18:04:36.578550Z
Failed qa: 1989-08-14T18:05:00.405572Z
..............Failed qa: 1989-08-16T17:52:48.4650250Z
Failed qa: 1989-08-22T17:58:16.2990380Z
Failed qa: 1989-08-24T17:45:52.1620500Z
Failed qa: 1989-08-29T18:03:31.3520630Z
..............Failed qa: 1989-09-07T17:57:18.484053Z
Failed qa: 1989-09-07T17:57:42.324569Z
............................Failed qa: 1989-09-23T17:56:51.421031Z
Failed qa: 1989-09-23T17:57:15.263069Z
..........................................Failed qa: 1989-10-16T18:02:11.9820250Z
..............Failed qa: 1989-10-25T17:55:41.0930380Z
Failed qa: 1989-10-25T17:56:28.7840630Z
..............Data has been pickled and saved to '/efs/timesync/1989/audit/1989_2857_1211_qa_rejects.p'.
Success tracking goes here
