{'project_id': '1211', 'year': '1989', 'x': 1204590, 'y': 1437090, 'plot_id': '1000', 'strata': '41'}
Pandas(Index=0, project_id='1211', plot_id='1000', x=1204590, y=1437090)
called process_plot
Pandas(Index=0, project_id='1211', plot_id='1000', x=1204590, y=1437090)
1000
Directory '/efs/timesync/1989/audit/' already exists.
Data has been pickled and saved to '/efs/timesync/1989/audit/1989_1000_1211.p'.
.......Failed qa: 1989-01-11T15:29:48.4880940Z
.......Failed qa: 1989-01-27T15:29:46.623575Z
.......Failed qa: 1989-02-12T15:29:48.676062Z
Failed qa: 1989-03-16T15:28:59.029538Z
Failed qa: 1989-04-17T15:28:48.852522Z
.......Failed qa: 1989-05-03T15:28:34.090553Z
.......Failed qa: 1989-05-19T15:28:13.117025Z
.......Failed qa: 1989-06-04T15:28:02.025559Z
.......Failed qa: 1989-06-20T15:27:36.529044Z
Failed qa: 1989-07-06T15:27:20.898072Z
Failed qa: 1989-07-22T15:27:02.033560Z
.......Failed qa: 1989-08-07T15:26:41.910035Z
.......Failed qa: 1989-08-23T15:26:20.143519Z
Failed qa: 1989-08-30T15:32:10.6330060Z
Failed qa: 1989-09-08T15:25:57.038031Z
.......Failed qa: 1989-09-24T15:25:32.136537Z
Failed qa: 1989-10-10T15:25:12.361072Z
Failed qa: 1989-10-26T15:24:31.482084Z
Failed qa: 1989-11-11T15:24:10.759063Z
.......Data has been pickled and saved to '/efs/timesync/1989/audit/1989_1000_1211_qa_rejects.p'.
Success tracking goes here
