{'project_id': '1211', 'year': '1989', 'x': 437160, 'y': 2395530, 'plot_id': '1970', 'strata': '41'}
Pandas(Index=0, project_id='1211', plot_id='1970', x=437160, y=2395530)
called process_plot
Pandas(Index=0, project_id='1211', plot_id='1970', x=437160, y=2395530)
1970
Directory '/efs/timesync/1989/audit/' already exists.
Data has been pickled and saved to '/efs/timesync/1989/audit/1989_1970_1211.p'.
Failed qa: 1989-01-05T16:04:48.326047Z
Failed qa: 1989-01-10T16:23:15.784563Z
Failed qa: 1989-01-12T16:10:51.155559Z
..............Failed qa: 1989-01-21T16:04:28.293069Z
Failed qa: 1989-01-26T16:22:59.613522Z
Failed qa: 1989-01-28T16:10:40.055519Z
..............Failed qa: 1989-02-06T16:04:31.558547Z
Failed qa: 1989-02-11T16:23:02.570044Z
..............Failed qa: 1989-02-22T16:04:23.853059Z
Failed qa: 1989-02-27T16:23:03.1970130Z
Failed qa: 1989-03-01T16:10:38.9730380Z
Failed qa: 1989-03-01T16:10:26.918019Z
Failed qa: 1989-03-06T16:28:39.1440560Z
Failed qa: 1989-03-10T16:04:11.4380380Z
..............Failed qa: 1989-03-26T16:03:27.297568Z
Failed qa: 1989-03-31T16:22:14.7860380Z
Failed qa: 1989-04-02T16:09:44.493512Z
Failed qa: 1989-04-07T16:28:09.9940380Z
..............Failed qa: 1989-04-11T16:03:38.283563Z
Failed qa: 1989-04-16T16:22:04.757053Z
Failed qa: 1989-04-18T16:09:51.2110000Z
Failed qa: 1989-04-18T16:09:39.153509Z
Failed qa: 1989-04-23T16:27:53.3160380Z
..............Failed qa: 1989-05-02T16:21:48.795053Z
Failed qa: 1989-05-09T16:27:40.7630440Z
..............Failed qa: 1989-05-13T16:03:03.090041Z
Failed qa: 1989-05-20T16:09:17.4430500Z
Failed qa: 1989-05-20T16:09:05.384544Z
..............Failed qa: 1989-05-29T16:02:49.629072Z
Failed qa: 1989-06-03T16:21:17.223072Z
..............Failed qa: 1989-06-05T16:09:05.0670810Z
Failed qa: 1989-06-05T16:08:53.008060Z
Failed qa: 1989-06-10T16:27:05.3940630Z
Failed qa: 1989-06-19T16:20:51.506057Z
Failed qa: 1989-06-21T16:08:39.6720310Z
Failed qa: 1989-06-21T16:08:27.683550Z
Failed qa: 1989-06-26T16:26:45.9190690Z
..............Failed qa: 1989-06-30T16:02:11.547578Z
Failed qa: 1989-07-05T16:20:36.819538Z
Failed qa: 1989-07-07T16:08:24.6010560Z
Failed qa: 1989-07-07T16:08:12.612056Z
Failed qa: 1989-07-14T16:14:27.0190500Z
Failed qa: 1989-07-14T16:14:27.0190500Z
Failed qa: 1989-07-16T16:01:51.060085Z
Failed qa: 1989-07-21T16:20:17.078515Z
Failed qa: 1989-07-23T16:08:05.6610130Z
Failed qa: 1989-07-23T16:07:53.671038Z
Failed qa: 1989-08-01T16:01:31.757560Z
Failed qa: 1989-08-06T16:19:45.4190500Z
Failed qa: 1989-08-13T16:25:45.7770310Z
Failed qa: 1989-08-22T16:19:35.379534Z
Failed qa: 1989-09-02T16:00:49.301538Z
Failed qa: 1989-09-14T16:24:50.1960880Z
..............Failed qa: 1989-09-18T16:00:16.725578Z
Failed qa: 1989-09-23T16:18:46.122032Z
Failed qa: 1989-09-25T16:06:36.6240810Z
Failed qa: 1989-09-25T16:06:24.559078Z
..............Failed qa: 1989-10-04T16:00:08.107531Z
Failed qa: 1989-10-09T16:18:29.494559Z
Failed qa: 1989-10-11T16:06:13.2120440Z
Failed qa: 1989-10-11T16:06:01.146057Z
Failed qa: 1989-10-16T16:24:06.6720880Z
..............Failed qa: 1989-10-25T16:17:47.839525Z
..............Failed qa: 1989-11-10T16:17:40.1330750Z
Failed qa: 1989-11-12T16:04:59.860028Z
Failed qa: 1989-11-17T16:23:07.3560440Z
..............Failed qa: 1989-11-21T15:58:27.943503Z
Data has been pickled and saved to '/efs/timesync/1989/audit/1989_1970_1211_qa_rejects.p'.
Success tracking goes here
