{'project_id': '1211', 'year': '1989', 'x': -1799070, 'y': 2079630, 'plot_id': '4834', 'strata': '41'}
Pandas(Index=0, project_id='1211', plot_id='4834', x=-1799070, y=2079630)
called process_plot
Pandas(Index=0, project_id='1211', plot_id='4834', x=-1799070, y=2079630)
4834
Directory '/efs/timesync/1989/audit/' already exists.
Data has been pickled and saved to '/efs/timesync/1989/audit/1989_4834_1211.p'.
..............Failed qa: 1989-01-28T17:50:44.936057Z
..............Failed qa: 1989-03-17T17:49:51.066066Z
..............Failed qa: 1989-04-02T17:49:49.403068Z
..............Failed qa: 1989-04-18T17:49:43.765566Z
..............Failed qa: 1989-05-04T17:49:30.446047Z
.......Failed qa: 1989-05-20T17:49:10.291553Z
.....................Failed qa: 1989-06-05T17:48:57.777538Z
.......Failed qa: 1989-06-13T17:54:07.091559Z
.......Failed qa: 1989-06-21T17:48:32.381531Z
.......Failed qa: 1989-06-29T17:54:13.057063Z
.......Failed qa: 1989-07-07T17:48:17.411009Z
.......Failed qa: 1989-07-15T17:54:16.795016Z
.......Failed qa: 1989-07-23T17:47:58.461544Z
..............Failed qa: 1989-07-31T17:54:15.783088Z
.......Failed qa: 1989-08-08T17:47:37.507563Z
..............Failed qa: 1989-08-16T17:54:12.217060Z
.......Failed qa: 1989-08-24T17:47:15.959525Z
..............Failed qa: 1989-09-09T17:46:51.442066Z
..............Failed qa: 1989-09-25T17:46:29.393029Z
.......Failed qa: 1989-10-11T17:46:05.669041Z
..............Failed qa: 1989-10-27T17:45:17.1210500Z
.......Failed qa: 1989-11-19T17:51:08.9580940Z
Failed qa: 1989-11-26T17:57:16.6200810Z
Data has been pickled and saved to '/efs/timesync/1989/audit/1989_4834_1211_qa_rejects.p'.
Success tracking goes here
