{'project_id': '1211', 'year': '1989', 'x': -1886010, 'y': 2583690, 'plot_id': '318', 'strata': '41'}
Pandas(Index=0, project_id='1211', plot_id='318', x=-1886010, y=2583690)
called process_plot
Pandas(Index=0, project_id='1211', plot_id='318', x=-1886010, y=2583690)
318
Directory '/efs/timesync/1989/audit/' already exists.
Data has been pickled and saved to '/efs/timesync/1989/audit/1989_0318_1211.p'.
Failed qa: 1989-01-08T18:14:45.1530440Z
Failed qa: 1989-01-15T18:20:47.0120750Z
.......Failed qa: 1989-02-02T18:08:08.730563Z
..............Failed qa: 1989-03-06T18:07:56.1450940Z
.......Failed qa: 1989-03-20T18:19:05.715575Z
Failed qa: 1989-03-22T18:07:03.472025Z
Failed qa: 1989-04-05T18:19:11.697528Z
Failed qa: 1989-04-07T18:07:15.049547Z
.......Failed qa: 1989-04-21T18:18:45.3820500Z
Failed qa: 1989-04-23T18:06:58.305054Z
Failed qa: 1989-05-07T18:18:46.473562Z
.......Failed qa: 1989-05-09T18:06:45.805044Z
.......Failed qa: 1989-05-23T18:18:27.627550Z
.......Failed qa: 1989-05-25T18:06:28.408038Z
.......Failed qa: 1989-06-08T18:18:11.331032Z
Failed qa: 1989-06-09T18:17:05.9140130Z
Failed qa: 1989-06-10T18:06:10.366500Z
.......Failed qa: 1989-06-24T18:18:01.435010Z
..............Failed qa: 1989-07-10T18:17:44.744547Z
..............Failed qa: 1989-07-26T18:17:25.621019Z
.......Failed qa: 1989-07-28T18:05:13.503088Z
.......Failed qa: 1989-08-11T18:17:03.463037Z
Failed qa: 1989-08-13T18:04:50.766044Z
.......Failed qa: 1989-08-29T18:04:31.022585Z
.......Failed qa: 1989-09-12T18:16:12.378566Z
.......Failed qa: 1989-09-28T18:15:59.083072Z
Failed qa: 1989-09-30T18:04:00.4510310Z
.......Failed qa: 1989-10-14T18:15:15.150050Z
Failed qa: 1989-10-16T18:03:11.665569Z
.......Failed qa: 1989-10-30T18:15:00.100019Z
Failed qa: 1989-11-01T18:03:01.5320250Z
Failed qa: 1989-11-15T18:14:49.2250880Z
Failed qa: 1989-12-01T18:14:31.7920440Z
Data has been pickled and saved to '/efs/timesync/1989/audit/1989_0318_1211_qa_rejects.p'.
Success tracking goes here
