{'project_id': '1211', 'year': '1989', 'x': -1064640, 'y': 2685150, 'plot_id': '3923', 'strata': '41'}
Pandas(Index=0, project_id='1211', plot_id='3923', x=-1064640, y=2685150)
called process_plot
Pandas(Index=0, project_id='1211', plot_id='3923', x=-1064640, y=2685150)
3923
Directory '/efs/timesync/1989/audit/' already exists.
Data has been pickled and saved to '/efs/timesync/1989/audit/1989_3923_1211.p'.
Failed qa: 1989-01-14T17:37:08.1450500Z
Failed qa: 1989-01-30T17:37:01.3530310Z
Failed qa: 1989-02-15T17:36:59.7020380Z
Failed qa: 1989-03-17T17:47:51.726516Z
Failed qa: 1989-03-21T17:23:26.084013Z
Failed qa: 1989-03-26T17:41:20.8400310Z
Failed qa: 1989-04-02T17:47:49.985041Z
..............Failed qa: 1989-04-11T17:41:55.528059Z
Failed qa: 1989-04-13T17:29:44.225060Z
Failed qa: 1989-04-13T17:29:20.397566Z
Failed qa: 1989-04-18T17:47:44.411553Z
Failed qa: 1989-04-22T17:23:19.358066Z
Failed qa: 1989-04-29T17:29:24.883041Z
Failed qa: 1989-04-29T17:29:01.126047Z
Failed qa: 1989-05-04T17:47:30.941579Z
..............Failed qa: 1989-05-15T17:29:07.812551Z
Failed qa: 1989-05-15T17:28:43.983032Z
Failed qa: 1989-05-20T17:47:10.782053Z
..............Failed qa: 1989-05-24T17:22:49.659047Z
Failed qa: 1989-05-29T17:41:18.714557Z
Failed qa: 1989-05-31T17:28:55.278566Z
Failed qa: 1989-05-31T17:28:31.447572Z
Failed qa: 1989-06-05T17:46:58.261550Z
..............Failed qa: 1989-06-09T17:22:32.546553Z
Failed qa: 1989-06-13T17:52:07.599594Z
Failed qa: 1989-06-14T17:40:41.217531Z
Failed qa: 1989-06-16T17:28:28.131041Z
Failed qa: 1989-06-16T17:28:16.2150190Z
Failed qa: 1989-06-17T17:28:02.3840130Z
Failed qa: 1989-06-21T17:46:33.001547Z
..............Failed qa: 1989-06-24T17:34:04.584550Z
Failed qa: 1989-06-24T17:33:40.757541Z
Failed qa: 1989-06-25T17:21:59.9730500Z
Failed qa: 1989-06-29T17:52:13.706575Z
Failed qa: 1989-06-30T17:40:28.711534Z
..............Failed qa: 1989-07-02T17:28:16.614022Z
Failed qa: 1989-07-02T17:27:52.780019Z
Failed qa: 1989-07-07T17:46:18.023544Z
Failed qa: 1989-07-10T17:34:08.293541Z
Failed qa: 1989-07-10T17:33:44.466522Z
Failed qa: 1989-07-16T17:40:08.290022Z
..............Failed qa: 1989-07-18T17:27:55.996538Z
Failed qa: 1989-07-18T17:27:32.233054Z
Failed qa: 1989-07-23T17:45:58.995072Z
..............Failed qa: 1989-07-26T17:34:06.999531Z
Failed qa: 1989-07-26T17:33:43.172054Z
Failed qa: 1989-08-01T17:39:48.899050Z
..............Failed qa: 1989-08-03T17:27:36.049572Z
Failed qa: 1989-08-03T17:27:12.212572Z
Failed qa: 1989-08-08T17:45:38.105066Z
..............Failed qa: 1989-08-11T17:34:07.953531Z
Failed qa: 1989-08-11T17:33:44.126510Z
Failed qa: 1989-08-12T17:21:12.768072Z
Failed qa: 1989-08-17T17:39:23.442534Z
..............Failed qa: 1989-08-19T17:27:13.007503Z
Failed qa: 1989-08-19T17:26:49.168503Z
..............Failed qa: 1989-08-27T17:34:06.130512Z
Failed qa: 1989-08-27T17:33:42.303506Z
Failed qa: 1989-08-28T17:20:52.883572Z
Failed qa: 1989-09-02T17:39:06.464041Z
Failed qa: 1989-09-04T17:26:53.987060Z
Failed qa: 1989-09-04T17:26:30.147031Z
Failed qa: 1989-09-09T17:44:51.879578Z
..............Failed qa: 1989-09-12T17:34:04.688581Z
Failed qa: 1989-09-12T17:33:40.861578Z
Failed qa: 1989-09-13T17:20:19.556566Z
Failed qa: 1989-09-18T17:38:10.0920750Z
Failed qa: 1989-09-20T17:26:22.272550Z
Failed qa: 1989-09-20T17:25:58.430091Z
Failed qa: 1989-09-25T17:44:29.820553Z
..............Failed qa: 1989-09-28T17:34:01.858578Z
Failed qa: 1989-09-28T17:33:38.031572Z
Failed qa: 1989-09-29T17:19:57.370019Z
Failed qa: 1989-10-04T17:38:13.403550Z
Failed qa: 1989-10-06T17:26:24.0400130Z
Failed qa: 1989-10-06T17:26:00.196028Z
Failed qa: 1989-10-11T17:44:06.231066Z
..............Failed qa: 1989-10-15T17:19:23.2950940Z
Failed qa: 1989-10-20T17:37:40.998569Z
Failed qa: 1989-10-22T17:25:28.616034Z
Failed qa: 1989-10-22T17:25:04.842528Z
Failed qa: 1989-10-27T17:43:29.671044Z
..............Data has been pickled and saved to '/efs/timesync/1989/audit/1989_3923_1211_qa_rejects.p'.
Success tracking goes here
