{'project_id': '1211', 'year': '1989', 'x': -484200, 'y': 1821180, 'plot_id': '3778', 'strata': '41'}
Pandas(Index=0, project_id='1211', plot_id='3778', x=-484200, y=1821180)
called process_plot
Pandas(Index=0, project_id='1211', plot_id='3778', x=-484200, y=1821180)
3778
Directory '/efs/timesync/1989/audit/' already exists.
Data has been pickled and saved to '/efs/timesync/1989/audit/1989_3778_1211.p'.
Failed qa: 1989-03-18T16:54:00.5620500Z
Failed qa: 1989-03-25T17:00:15.581078Z
.......Failed qa: 1989-04-01T17:06:20.2140500Z
.......Failed qa: 1989-04-10T17:00:27.961550Z
Failed qa: 1989-04-17T17:06:18.4320940Z
.......Failed qa: 1989-04-26T17:00:08.122054Z
Failed qa: 1989-05-03T17:06:03.6740560Z
.......Failed qa: 1989-05-19T17:05:42.6520880Z
.......Failed qa: 1989-05-28T16:59:39.581069Z
.......Failed qa: 1989-06-13T16:59:16.020554Z
Failed qa: 1989-06-20T17:05:06.0610000Z
Failed qa: 1989-06-21T17:04:44.186044Z
.......Failed qa: 1989-07-07T17:04:47.854091Z
.......Failed qa: 1989-07-14T17:10:49.3310440Z
Failed qa: 1989-07-15T16:58:41.446522Z
Failed qa: 1989-07-22T17:04:31.6530810Z
.......Failed qa: 1989-07-31T16:58:22.330031Z
Failed qa: 1989-08-07T17:04:11.4670380Z
.......Failed qa: 1989-08-15T17:10:45.9890380Z
Failed qa: 1989-08-16T16:57:57.849544Z
Failed qa: 1989-08-23T17:03:49.6410880Z
Failed qa: 1989-08-31T17:10:46.4620560Z
Failed qa: 1989-09-01T16:57:39.713059Z
Failed qa: 1989-09-10T16:50:59.4390500Z
Failed qa: 1989-09-17T16:57:06.838525Z
Failed qa: 1989-09-24T17:03:01.6550060Z
.......Failed qa: 1989-10-10T17:02:41.7480630Z
.......Data has been pickled and saved to '/efs/timesync/1989/audit/1989_3778_1211_qa_rejects.p'.
Success tracking goes here
