{'project_id': '1211', 'year': '1989', 'x': 1778970, 'y': 2432640, 'plot_id': '2233', 'strata': '41'}
Pandas(Index=0, project_id='1211', plot_id='2233', x=1778970, y=2432640)
called process_plot
Pandas(Index=0, project_id='1211', plot_id='2233', x=1778970, y=2432640)
2233
Directory '/efs/timesync/1989/audit/' already exists.
Data has been pickled and saved to '/efs/timesync/1989/audit/1989_2233_1211.p'.
Failed qa: 1989-01-06T15:08:58.2810880Z
Failed qa: 1989-01-13T15:15:11.982500Z
.......Failed qa: 1989-01-29T15:14:51.5910310Z
Failed qa: 1989-02-07T15:08:41.3740440Z
.......Failed qa: 1989-03-02T15:14:47.987547Z
.....................Failed qa: 1989-04-19T15:13:59.621053Z
..............Failed qa: 1989-05-21T15:13:27.826550Z
Failed qa: 1989-06-06T15:13:14.286506Z
Failed qa: 1989-06-22T15:12:48.724551Z
.......Failed qa: 1989-07-08T15:12:34.282566Z
.......Failed qa: 1989-07-24T15:12:15.315066Z
..............Failed qa: 1989-08-09T15:11:53.725050Z
............................Failed qa: 1989-09-10T15:11:06.672031Z
Failed qa: 1989-09-19T15:04:26.5680750Z
Failed qa: 1989-09-26T15:10:47.064554Z
..............Failed qa: 1989-10-28T15:09:35.1760060Z
.......Failed qa: 1989-11-13T15:09:30.8630690Z
.......Data has been pickled and saved to '/efs/timesync/1989/audit/1989_2233_1211_qa_rejects.p'.
Success tracking goes here
