{'project_id': '1211', 'year': '1989', 'x': -482550, 'y': 1244700, 'plot_id': '4420', 'strata': '41'}
Pandas(Index=0, project_id='1211', plot_id='4420', x=-482550, y=1244700)
called process_plot
Pandas(Index=0, project_id='1211', plot_id='4420', x=-482550, y=1244700)
4420
Directory '/efs/timesync/1989/audit/' already exists.
Data has been pickled and saved to '/efs/timesync/1989/audit/1989_4420_1211.p'.
............................Failed qa: 1989-03-18T16:55:59.8300500Z
Failed qa: 1989-03-26T16:59:09.322550Z
Failed qa: 1989-04-03T16:55:25.030062Z
Failed qa: 1989-04-19T16:55:15.856054Z
..............Failed qa: 1989-05-05T16:55:04.231550Z
Failed qa: 1989-05-07T16:43:16.5360810Z
Failed qa: 1989-05-21T16:54:56.225532Z
Failed qa: 1989-06-06T16:54:30.717038Z
Failed qa: 1989-06-30T16:59:47.552035Z
Failed qa: 1989-07-08T16:53:50.608003Z
Failed qa: 1989-07-24T16:53:43.527056Z
Failed qa: 1989-08-09T16:53:10.025050Z
Failed qa: 1989-09-02T16:59:48.446013Z
Failed qa: 1989-09-10T16:52:11.1050440Z
Failed qa: 1989-09-26T16:52:15.583537Z
.......Failed qa: 1989-10-28T16:51:03.541091Z
.......Data has been pickled and saved to '/efs/timesync/1989/audit/1989_4420_1211_qa_rejects.p'.
Success tracking goes here
