{'project_id': '1211', 'year': '1989', 'x': 248190, 'y': 1645770, 'plot_id': '4076', 'strata': '41'}
Pandas(Index=0, project_id='1211', plot_id='4076', x=248190, y=1645770)
called process_plot
Pandas(Index=0, project_id='1211', plot_id='4076', x=248190, y=1645770)
4076
Directory '/efs/timesync/1989/audit/' already exists.
Data has been pickled and saved to '/efs/timesync/1989/audit/1989_4076_1211.p'.
.......Failed qa: 1989-01-10T16:25:03.261053Z
.....................Failed qa: 1989-02-11T16:24:38.146575Z
Failed qa: 1989-02-27T16:24:26.793084Z
.....................Failed qa: 1989-04-16T16:23:52.268560Z
.......Failed qa: 1989-05-02T16:23:36.312072Z
..............Failed qa: 1989-06-03T16:23:04.751041Z
Failed qa: 1989-06-19T16:22:39.040563Z
.......Failed qa: 1989-07-05T16:22:24.217044Z
.......Failed qa: 1989-07-21T16:21:52.564553Z
.......Failed qa: 1989-08-06T16:21:44.893057Z
.......Failed qa: 1989-08-22T16:21:22.871566Z
.......Failed qa: 1989-09-23T16:20:33.700531Z
.......Failed qa: 1989-10-09T16:20:17.009572Z
Failed qa: 1989-10-25T16:19:35.360538Z
.......Failed qa: 1989-11-10T16:19:15.592081Z
.......Data has been pickled and saved to '/efs/timesync/1989/audit/1989_4076_1211_qa_rejects.p'.
Success tracking goes here
