{'project_id': '1211', 'year': '1989', 'x': 585420, 'y': 2033490, 'plot_id': '3351', 'strata': '41'}
Pandas(Index=0, project_id='1211', plot_id='3351', x=585420, y=2033490)
called process_plot
Pandas(Index=0, project_id='1211', plot_id='3351', x=585420, y=2033490)
3351
Directory '/efs/timesync/1989/audit/' already exists.
Data has been pickled and saved to '/efs/timesync/1989/audit/1989_3351_1211.p'.
Failed qa: 1989-01-03T16:17:58.203035Z
Failed qa: 1989-01-12T16:11:38.939072Z
Failed qa: 1989-01-12T16:11:26.9570940Z
Failed qa: 1989-01-19T16:17:38.743040Z
..............Failed qa: 1989-01-28T16:11:27.841532Z
Failed qa: 1989-01-28T16:11:15.8590440Z
Failed qa: 1989-02-20T16:17:23.9630940Z
..............Failed qa: 1989-03-01T16:11:14.636516Z
Failed qa: 1989-03-01T16:11:02.6530190Z
Failed qa: 1989-03-03T15:59:02.0800060Z
Failed qa: 1989-03-08T16:17:12.853547Z
..............Failed qa: 1989-03-17T16:10:46.3550130Z
Failed qa: 1989-03-17T16:10:46.3550130Z
Failed qa: 1989-03-19T15:58:10.173557Z
Failed qa: 1989-03-24T16:16:34.833535Z
..............Failed qa: 1989-04-02T16:10:20.2320940Z
Failed qa: 1989-04-02T16:10:20.2320940Z
Failed qa: 1989-04-04T15:58:01.3570690Z
Failed qa: 1989-04-09T16:16:48.267569Z
..............Failed qa: 1989-04-20T15:58:00.561069Z
Failed qa: 1989-04-25T16:16:29.395026Z
Failed qa: 1989-05-06T15:57:50.398551Z
Failed qa: 1989-05-11T16:16:15.552503Z
..............Failed qa: 1989-05-20T16:09:53.116528Z
Failed qa: 1989-05-20T16:09:41.1300000Z
Failed qa: 1989-05-22T15:57:19.0420190Z
Failed qa: 1989-05-27T16:16:00.369072Z
..............Failed qa: 1989-06-04T16:20:53.1260000Z
Failed qa: 1989-06-05T16:09:40.742563Z
Failed qa: 1989-06-05T16:09:28.7550630Z
Failed qa: 1989-06-07T15:57:16.148531Z
Failed qa: 1989-06-12T16:15:50.7440310Z
..............Failed qa: 1989-06-21T16:09:15.493056Z
Failed qa: 1989-06-21T16:09:03.5050310Z
Failed qa: 1989-06-23T15:56:52.350550Z
Failed qa: 1989-06-28T16:15:22.753062Z
..............Failed qa: 1989-07-07T16:09:00.352550Z
Failed qa: 1989-07-07T16:08:48.2920250Z
Failed qa: 1989-07-09T15:56:36.675003Z
Failed qa: 1989-07-14T16:15:02.843025Z
..............Failed qa: 1989-07-23T16:08:41.342560Z
Failed qa: 1989-07-23T16:08:29.3530380Z
Failed qa: 1989-07-25T15:56:17.658544Z
Failed qa: 1989-07-30T16:14:31.9750500Z
..............Failed qa: 1989-08-15T16:14:20.410541Z
Failed qa: 1989-08-26T15:55:35.387028Z
..............Failed qa: 1989-09-09T16:07:46.6140130Z
Failed qa: 1989-09-16T16:13:27.883535Z
..............Failed qa: 1989-09-25T16:07:12.316556Z
Failed qa: 1989-09-25T16:07:00.3230880Z
Failed qa: 1989-09-27T15:54:50.492053Z
Failed qa: 1989-10-02T16:13:19.929578Z
..............Failed qa: 1989-10-11T16:06:48.907043Z
Failed qa: 1989-10-11T16:06:36.9130310Z
Failed qa: 1989-10-18T16:12:37.823053Z
Failed qa: 1989-11-03T16:12:20.923037Z
Failed qa: 1989-11-12T16:05:47.553550Z
Failed qa: 1989-11-12T16:05:35.5580750Z
Failed qa: 1989-11-19T16:11:40.113563Z
..............Data has been pickled and saved to '/efs/timesync/1989/audit/1989_3351_1211_qa_rejects.p'.
Success tracking goes here
