{'project_id': '1211', 'year': '1989', 'x': -956550, 'y': 2252010, 'plot_id': '2640', 'strata': '41'}
Pandas(Index=0, project_id='1211', plot_id='2640', x=-956550, y=2252010)
called process_plot
Pandas(Index=0, project_id='1211', plot_id='2640', x=-956550, y=2252010)
2640
Directory '/efs/timesync/1989/audit/' already exists.
Data has been pickled and saved to '/efs/timesync/1989/audit/1989_2640_1211.p'.
.......Failed qa: 1989-04-13T17:30:31.951551Z
..............Failed qa: 1989-04-29T17:30:24.5260810Z
..............Failed qa: 1989-05-15T17:29:55.615551Z
..............Failed qa: 1989-05-31T17:29:43.084516Z
..............Failed qa: 1989-06-16T17:29:16.011522Z
.......Failed qa: 1989-06-18T17:16:53.583587Z
Failed qa: 1989-06-24T17:35:04.2950380Z
.......Failed qa: 1989-06-26T17:22:31.003538Z
Failed qa: 1989-07-02T17:29:04.353562Z
.......Failed qa: 1989-07-10T17:34:56.019056Z
Failed qa: 1989-07-12T17:22:23.1180000Z
Failed qa: 1989-07-18T17:28:43.810072Z
.......Failed qa: 1989-07-26T17:34:54.868038Z
Failed qa: 1989-08-03T17:28:23.795556Z
.......Failed qa: 1989-08-11T17:34:55.822034Z
.......Failed qa: 1989-08-19T17:28:00.756575Z
.......Failed qa: 1989-08-27T17:34:53.927047Z
.......Failed qa: 1989-09-04T17:27:41.811079Z
.......Failed qa: 1989-09-12T17:34:52.557035Z
.......Failed qa: 1989-09-20T17:27:22.0210940Z
Failed qa: 1989-09-22T17:14:47.209535Z
Failed qa: 1989-09-28T17:34:49.655562Z
.......Failed qa: 1989-10-06T17:26:59.877062Z
.......Failed qa: 1989-10-15T17:20:34.9740060Z
Failed qa: 1989-10-22T17:26:16.450078Z
Failed qa: 1989-10-24T17:13:51.074559Z
Data has been pickled and saved to '/efs/timesync/1989/audit/1989_2640_1211_qa_rejects.p'.
Success tracking goes here
