{'project_id': '1211', 'year': '1989', 'x': 2085090, 'y': 2749860, 'plot_id': '2118', 'strata': '41'}
Pandas(Index=0, project_id='1211', plot_id='2118', x=2085090, y=2749860)
called process_plot
Pandas(Index=0, project_id='1211', plot_id='2118', x=2085090, y=2749860)
2118
Directory '/efs/timesync/1989/audit/' already exists.
Data has been pickled and saved to '/efs/timesync/1989/audit/1989_2118_1211.p'.
..............Failed qa: 1989-01-10T14:43:58.802551Z
............................Failed qa: 1989-01-31T15:02:19.381553Z
............................Failed qa: 1989-02-16T15:02:16.494550Z
..............Failed qa: 1989-02-27T14:43:34.151554Z
Failed qa: 1989-03-04T15:01:47.5410500Z
............................Failed qa: 1989-03-20T15:01:19.650522Z
..............Failed qa: 1989-04-05T15:01:25.331550Z
..............Failed qa: 1989-04-21T15:01:11.049075Z
..............Failed qa: 1989-04-30T14:54:42.3340690Z
Failed qa: 1989-04-30T14:54:42.3340690Z
Failed qa: 1989-05-07T15:01:00.340587Z
............................Failed qa: 1989-05-18T14:42:10.062050Z
Failed qa: 1989-05-23T15:00:41.505079Z
Failed qa: 1989-05-25T14:48:06.4780190Z
Failed qa: 1989-05-25T14:48:06.4780190Z
..............Failed qa: 1989-06-03T14:42:00.182050Z
Failed qa: 1989-06-08T15:00:25.338078Z
Failed qa: 1989-06-19T14:41:34.470538Z
Failed qa: 1989-06-24T15:00:03.153043Z
............................Failed qa: 1989-07-05T14:41:19.817056Z
............................Failed qa: 1989-07-21T14:40:59.987534Z
Failed qa: 1989-07-26T14:59:27.482569Z
............................Failed qa: 1989-08-06T14:40:28.4740190Z
Failed qa: 1989-08-11T14:59:05.313025Z
Failed qa: 1989-08-19T15:05:45.773572Z
Failed qa: 1989-08-22T14:40:18.372556Z
Failed qa: 1989-08-27T14:58:45.253544Z
........................................................Failed qa: 1989-09-12T14:58:14.588566Z
..............Failed qa: 1989-09-23T14:39:28.974022Z
Failed qa: 1989-09-28T14:58:00.935525Z
..............Failed qa: 1989-10-09T14:39:12.602060Z
Failed qa: 1989-10-14T14:57:29.329582Z
..............Failed qa: 1989-10-25T14:38:30.904047Z
Failed qa: 1989-10-30T14:57:01.854085Z
..............Failed qa: 1989-11-10T14:38:11.199509Z
Failed qa: 1989-11-15T14:56:39.1940630Z
..............Data has been pickled and saved to '/efs/timesync/1989/audit/1989_2118_1211_qa_rejects.p'.
Success tracking goes here
