{'project_id': '1211', 'year': '1989', 'x': -219510, 'y': 2761980, 'plot_id': '1880', 'strata': '41'}
Pandas(Index=0, project_id='1211', plot_id='1880', x=-219510, y=2761980)
called process_plot
Pandas(Index=0, project_id='1211', plot_id='1880', x=-219510, y=2761980)
1880
Directory '/efs/timesync/1989/audit/' already exists.
Data has been pickled and saved to '/efs/timesync/1989/audit/1989_1880_1211.p'.
Failed qa: 1989-02-23T16:46:38.3150940Z
Failed qa: 1989-03-16T17:04:05.1450810Z
.......Failed qa: 1989-04-01T17:03:56.9710190Z
.......Failed qa: 1989-04-12T16:45:53.7870440Z
Failed qa: 1989-04-17T17:03:55.1790560Z
.......Failed qa: 1989-04-20T16:49:58.6880380Z
Failed qa: 1989-04-26T16:57:32.8070690Z
Failed qa: 1989-04-28T16:45:33.6810250Z
Failed qa: 1989-05-03T17:03:40.4130750Z
.......Failed qa: 1989-05-14T16:45:17.9710000Z
..............Failed qa: 1989-05-30T16:45:04.7760750Z
Failed qa: 1989-06-04T17:03:08.2060810Z
.......Failed qa: 1989-06-20T17:02:42.7760440Z
Failed qa: 1989-06-21T17:02:08.9530380Z
.......Failed qa: 1989-07-01T16:44:26.5920690Z
..............Failed qa: 1989-07-14T17:08:26.0820500Z
.......Failed qa: 1989-07-17T16:44:06.0620310Z
Failed qa: 1989-07-22T17:02:08.4950690Z
..............Failed qa: 1989-08-02T16:43:46.2690310Z
Failed qa: 1989-08-07T17:01:48.2990380Z
.......Failed qa: 1989-08-15T17:08:22.7400560Z
.......Failed qa: 1989-08-18T16:43:22.1290630Z
Failed qa: 1989-08-23T17:01:26.4610690Z
Failed qa: 1989-08-31T17:08:23.0720130Z
..............Failed qa: 1989-09-08T17:01:03.0840630Z
..............Failed qa: 1989-09-19T16:42:32.0590500Z
Failed qa: 1989-09-24T17:00:38.3120380Z
.......Failed qa: 1989-10-03T16:54:35.118588Z
Failed qa: 1989-10-10T17:00:18.3950630Z
Failed qa: 1989-10-21T16:41:39.0030380Z
.......Failed qa: 1989-11-06T16:41:22.4360630Z
Data has been pickled and saved to '/efs/timesync/1989/audit/1989_1880_1211_qa_rejects.p'.
Success tracking goes here
