{'project_id': '1211', 'year': '1989', 'x': -213330, 'y': 896490, 'plot_id': '1744', 'strata': '41'}
Pandas(Index=0, project_id='1211', plot_id='1744', x=-213330, y=896490)
called process_plot
Pandas(Index=0, project_id='1211', plot_id='1744', x=-213330, y=896490)
1744
Directory '/efs/timesync/1989/audit/' already exists.
Data has been pickled and saved to '/efs/timesync/1989/audit/1989_1744_1211.p'.
..............Failed qa: 1989-02-09T16:38:57.757041Z
Failed qa: 1989-02-25T16:38:37.9520000Z
...................................Failed qa: 1989-04-30T16:37:58.4980130Z
.......Failed qa: 1989-05-16T16:37:15.8230630Z
.......Failed qa: 1989-06-17T16:36:37.6500380Z
.......Failed qa: 1989-07-03T16:36:24.6280500Z
Failed qa: 1989-07-19T16:36:03.8240500Z
..............Failed qa: 1989-08-04T16:35:44.5800810Z
..............Failed qa: 1989-08-20T16:35:21.7270310Z
..............Failed qa: 1989-09-05T16:35:14.011069Z
..............Failed qa: 1989-10-07T16:34:31.690047Z
.....................Failed qa: 1989-11-08T16:33:30.258553Z
.......Data has been pickled and saved to '/efs/timesync/1989/audit/1989_1744_1211_qa_rejects.p'.
Success tracking goes here
