{'project_id': '1211', 'year': '1989', 'x': -2066010, 'y': 2617470, 'plot_id': '2789', 'strata': '41'}
Pandas(Index=0, project_id='1211', plot_id='2789', x=-2066010, y=2617470)
called process_plot
Pandas(Index=0, project_id='1211', plot_id='2789', x=-2066010, y=2617470)
2789
Directory '/efs/timesync/1989/audit/' already exists.
Data has been pickled and saved to '/efs/timesync/1989/audit/1989_2789_1211.p'.
Failed qa: 1989-01-08T18:14:45.1530440Z
.......Failed qa: 1989-01-24T18:14:13.802563Z
Failed qa: 1989-02-09T18:14:15.735551Z
Failed qa: 1989-02-25T18:14:07.984522Z
Failed qa: 1989-03-13T18:13:39.937559Z
.....................Failed qa: 1989-04-14T18:13:22.669541Z
..............Failed qa: 1989-05-08T18:17:36.179572Z
.......Failed qa: 1989-05-16T18:12:45.665522Z
.......Failed qa: 1989-05-24T18:17:40.890019Z
Failed qa: 1989-06-01T18:12:33.749532Z
..............Failed qa: 1989-06-17T18:12:07.699059Z
.......Failed qa: 1989-06-25T18:17:44.435569Z
Failed qa: 1989-07-01T18:24:31.1710250Z
Failed qa: 1989-07-03T18:11:54.737038Z
.......Failed qa: 1989-07-11T18:17:48.290085Z
Failed qa: 1989-07-17T18:24:10.6130000Z
Failed qa: 1989-07-19T18:11:33.981025Z
.......Failed qa: 1989-07-27T18:17:46.917559Z
Failed qa: 1989-08-02T18:23:50.9370060Z
Failed qa: 1989-08-04T18:11:14.695075Z
..............Failed qa: 1989-08-20T18:10:51.868560Z
.......Failed qa: 1989-09-05T18:10:31.888060Z
..............Failed qa: 1989-09-21T18:10:00.341541Z
..............Failed qa: 1989-10-07T18:09:49.577522Z
.......Failed qa: 1989-10-23T18:08:54.2590560Z
.......Failed qa: 1989-11-06T18:21:26.9460630Z
.......Failed qa: 1989-11-22T18:20:48.7900440Z
.......Data has been pickled and saved to '/efs/timesync/1989/audit/1989_2789_1211_qa_rejects.p'.
Success tracking goes here
