{'project_id': '1211', 'year': '1989', 'x': -927630, 'y': 1543440, 'plot_id': '2889', 'strata': '41'}
Pandas(Index=0, project_id='1211', plot_id='2889', x=-927630, y=1543440)
called process_plot
Pandas(Index=0, project_id='1211', plot_id='2889', x=-927630, y=1543440)
2889
Directory '/efs/timesync/1989/audit/' already exists.
Data has been pickled and saved to '/efs/timesync/1989/audit/1989_2889_1211.p'.
............................Failed qa: 1989-04-15T17:19:43.227553Z
..............Failed qa: 1989-05-01T17:19:26.182029Z
..............Failed qa: 1989-05-17T17:19:05.805541Z
..............Failed qa: 1989-06-02T17:18:54.981053Z
..............Failed qa: 1989-06-18T17:18:29.058068Z
.......Failed qa: 1989-06-26T17:24:06.455050Z
Failed qa: 1989-07-04T17:18:15.144060Z
.......Failed qa: 1989-07-12T17:24:10.340518Z
..............Failed qa: 1989-07-20T17:17:54.272584Z
..............Failed qa: 1989-08-05T17:17:35.469522Z
.....................Failed qa: 1989-08-21T17:17:13.238565Z
.....................Failed qa: 1989-09-06T17:16:52.052003Z
.....................Failed qa: 1989-09-22T17:16:22.794041Z
..............Failed qa: 1989-10-08T17:16:09.114065Z
..............Failed qa: 1989-10-24T17:15:26.529047Z
Data has been pickled and saved to '/efs/timesync/1989/audit/1989_2889_1211_qa_rejects.p'.
Success tracking goes here
