{'project_id': '1211', 'year': '1989', 'x': -1701210, 'y': 1548540, 'plot_id': '4928', 'strata': '41'}
Pandas(Index=0, project_id='1211', plot_id='4928', x=-1701210, y=1548540)
called process_plot
Pandas(Index=0, project_id='1211', plot_id='4928', x=-1701210, y=1548540)
4928
Directory '/efs/timesync/1989/audit/' already exists.
Data has been pickled and saved to '/efs/timesync/1989/audit/1989_4928_1211.p'.
Failed qa: 1989-01-28T17:51:56.543534Z
Failed qa: 1989-03-17T17:51:02.612572Z
.......Failed qa: 1989-04-02T17:51:00.882043Z
Failed qa: 1989-04-04T17:38:53.9540380Z
.......Failed qa: 1989-04-18T17:50:55.321022Z
.......Failed qa: 1989-05-04T17:50:42.005047Z
Failed qa: 1989-05-06T17:38:30.9240500Z
.......Failed qa: 1989-05-20T17:50:09.9380880Z
Failed qa: 1989-05-22T17:38:11.5390500Z
.......Failed qa: 1989-06-05T17:50:09.343522Z
.......Failed qa: 1989-06-07T17:37:56.6650810Z
Failed qa: 1989-06-13T17:55:06.7310000Z
.......Failed qa: 1989-06-21T17:49:43.951572Z
Failed qa: 1989-06-23T17:37:32.8730310Z
Failed qa: 1989-06-29T17:55:12.6970190Z
.......Failed qa: 1989-07-07T17:49:28.914009Z
Failed qa: 1989-07-09T17:37:17.1480000Z
.......Failed qa: 1989-07-23T17:49:09.897038Z
Failed qa: 1989-07-25T17:36:58.1080000Z
.......Failed qa: 1989-08-08T17:48:49.019581Z
Failed qa: 1989-08-10T17:36:35.5830250Z
.......Failed qa: 1989-08-24T17:48:27.549563Z
Failed qa: 1989-08-26T17:36:15.8960810Z
.......Failed qa: 1989-09-09T17:48:03.036057Z
Failed qa: 1989-09-11T17:35:47.4080630Z
.......Failed qa: 1989-09-25T17:47:40.992550Z
Failed qa: 1989-09-27T17:35:31.0910630Z
.......Failed qa: 1989-10-11T17:47:17.274066Z
Failed qa: 1989-10-13T17:35:01.4670810Z
.......Failed qa: 1989-10-27T17:46:40.582022Z
Failed qa: 1989-10-29T17:34:31.3570310Z
Failed qa: 1989-11-04T17:55:22.3200750Z
Failed qa: 1989-11-12T17:46:15.954531Z
Failed qa: 1989-11-20T17:55:09.6720250Z
Failed qa: 1989-11-28T17:45:52.669550Z
Data has been pickled and saved to '/efs/timesync/1989/audit/1989_4928_1211_qa_rejects.p'.
Success tracking goes here
