{'project_id': '1211', 'year': '1989', 'x': 127350, 'y': 709260, 'plot_id': '2211', 'strata': '41'}
Pandas(Index=0, project_id='1211', plot_id='2211', x=127350, y=709260)
called process_plot
Pandas(Index=0, project_id='1211', plot_id='2211', x=127350, y=709260)
2211
Directory '/efs/timesync/1989/audit/' already exists.
Data has been pickled and saved to '/efs/timesync/1989/audit/1989_2211_1211.p'.
..............Failed qa: 1989-02-27T16:26:50.092056Z
..............Failed qa: 1989-03-31T16:26:01.564019Z
Failed qa: 1989-04-16T16:26:03.751066Z
.......Failed qa: 1989-05-02T16:25:47.873541Z
..............Failed qa: 1989-06-03T16:25:04.3380380Z
.......Failed qa: 1989-06-19T16:24:50.551557Z
Failed qa: 1989-06-21T16:12:38.5750690Z
.......Failed qa: 1989-07-05T16:24:23.7470560Z
Failed qa: 1989-07-14T16:18:01.9620000Z
Failed qa: 1989-07-21T16:24:15.866038Z
.......Failed qa: 1989-08-06T16:23:56.285547Z
.......Failed qa: 1989-08-22T16:23:22.4270690Z
Failed qa: 1989-09-09T16:10:57.7710130Z
.......Failed qa: 1989-09-23T16:22:45.265025Z
Failed qa: 1989-09-25T16:10:35.4830250Z
.......Failed qa: 1989-10-09T16:22:28.512562Z
Failed qa: 1989-10-11T16:10:12.0890000Z
.......Failed qa: 1989-10-25T16:21:46.727059Z
.......Failed qa: 1989-11-10T16:21:26.965519Z
Failed qa: 1989-11-12T16:09:10.6110750Z
Data has been pickled and saved to '/efs/timesync/1989/audit/1989_2211_1211_qa_rejects.p'.
Success tracking goes here
