{'project_id': '1211', 'year': '1989', 'x': -778290, 'y': 2342010, 'plot_id': '4401', 'strata': '41'}
Pandas(Index=0, project_id='1211', plot_id='4401', x=-778290, y=2342010)
called process_plot
Pandas(Index=0, project_id='1211', plot_id='4401', x=-778290, y=2342010)
4401
Directory '/efs/timesync/1989/audit/' already exists.
Data has been pickled and saved to '/efs/timesync/1989/audit/1989_4401_1211.p'.
Failed qa: 1989-03-21T17:23:49.981031Z
..............Failed qa: 1989-04-22T17:23:43.329572Z
..............Failed qa: 1989-05-08T17:23:43.8260630Z
..............Failed qa: 1989-05-24T17:23:13.561053Z
..............Failed qa: 1989-06-09T17:22:56.521578Z
.......Failed qa: 1989-06-17T17:28:14.368551Z
..............Failed qa: 1989-06-25T17:22:47.7830940Z
..........................................Failed qa: 1989-07-29T17:09:22.8410310Z
.......Failed qa: 1989-08-12T17:21:36.678044Z
..............Failed qa: 1989-08-28T17:21:16.795047Z
.....................Failed qa: 1989-09-13T17:20:43.469550Z
..............Failed qa: 1989-09-29T17:20:33.278047Z
..............Failed qa: 1989-10-17T17:07:19.1040940Z
.......Data has been pickled and saved to '/efs/timesync/1989/audit/1989_4401_1211_qa_rejects.p'.
Success tracking goes here
