{'project_id': '1211', 'year': '1989', 'x': 1594530, 'y': 2351100, 'plot_id': '3898', 'strata': '41'}
Pandas(Index=0, project_id='1211', plot_id='3898', x=1594530, y=2351100)
called process_plot
Pandas(Index=0, project_id='1211', plot_id='3898', x=1594530, y=2351100)
3898
Directory '/efs/timesync/1989/audit/' already exists.
Data has been pickled and saved to '/efs/timesync/1989/audit/1989_3898_1211.p'.
.......Failed qa: 1989-01-11T15:28:01.083556Z
.......Failed qa: 1989-01-20T15:21:48.7930880Z
Failed qa: 1989-01-27T15:27:59.0700560Z
Failed qa: 1989-01-29T15:15:39.3780250Z
.......Failed qa: 1989-02-12T15:27:37.4370190Z
Failed qa: 1989-02-28T15:27:24.7780190Z
..............Failed qa: 1989-03-16T15:26:59.690547Z
Failed qa: 1989-03-25T15:20:46.3820440Z
.......Failed qa: 1989-04-17T15:26:37.5850500Z
..............Failed qa: 1989-05-19T15:26:01.7640880Z
..............Failed qa: 1989-06-04T15:25:50.7380190Z
.....................Failed qa: 1989-07-06T15:25:09.6660810Z
..............Failed qa: 1989-07-22T15:24:50.8650810Z
............................Failed qa: 1989-09-08T15:23:45.6980630Z
.......Failed qa: 1989-09-24T15:23:20.7870060Z
.......Failed qa: 1989-10-10T15:23:01.1460060Z
Failed qa: 1989-10-26T15:22:32.181537Z
.......Data has been pickled and saved to '/efs/timesync/1989/audit/1989_3898_1211_qa_rejects.p'.
Success tracking goes here
