{'project_id': '1211', 'year': '1989', 'x': -840570, 'y': 2910780, 'plot_id': '1932', 'strata': '41'}
Pandas(Index=0, project_id='1211', plot_id='1932', x=-840570, y=2910780)
called process_plot
Pandas(Index=0, project_id='1211', plot_id='1932', x=-840570, y=2910780)
1932
Directory '/efs/timesync/1989/audit/' already exists.
Data has been pickled and saved to '/efs/timesync/1989/audit/1989_1932_1211.p'.
Failed qa: 1989-03-19T17:34:51.9680810Z
Failed qa: 1989-03-21T17:22:26.4480940Z
Failed qa: 1989-04-04T17:34:55.2580560Z
.......Failed qa: 1989-04-22T17:22:31.702050Z
.......Failed qa: 1989-05-06T17:34:32.2010810Z
Failed qa: 1989-05-08T17:22:20.136529Z
.......Failed qa: 1989-05-22T17:34:12.8060500Z
Failed qa: 1989-05-24T17:22:01.927013Z
.......Failed qa: 1989-06-07T17:33:57.9190060Z
Failed qa: 1989-06-09T17:21:44.883065Z
.......Failed qa: 1989-06-17T17:27:02.815594Z
Failed qa: 1989-06-23T17:33:34.2550190Z
.......Failed qa: 1989-06-25T17:21:24.151503Z
Failed qa: 1989-07-01T17:39:16.5980940Z
.......Failed qa: 1989-07-09T17:33:18.5170250Z
Failed qa: 1989-07-10T17:33:32.5530130Z
..............Failed qa: 1989-08-02T17:39:18.6570810Z
.......Failed qa: 1989-08-10T17:32:36.9180130Z
.......Failed qa: 1989-08-12T17:20:25.092091Z
Failed qa: 1989-08-18T17:39:16.4500310Z
.......Failed qa: 1989-08-26T17:32:17.2160060Z
.......Failed qa: 1989-08-28T17:20:17.1250000Z
.......Failed qa: 1989-09-11T17:31:48.5690880Z
.......Failed qa: 1989-09-13T17:19:31.802565Z
.......Failed qa: 1989-09-27T17:31:32.3750250Z
.......Failed qa: 1989-09-29T17:19:21.605513Z
.......Failed qa: 1989-10-13T17:31:02.7320880Z
Failed qa: 1989-10-15T17:18:47.528509Z
.......Failed qa: 1989-10-29T17:30:32.7960190Z
Data has been pickled and saved to '/efs/timesync/1989/audit/1989_1932_1211_qa_rejects.p'.
Success tracking goes here
