{'project_id': '1211', 'year': '1989', 'x': -51450, 'y': 2870040, 'plot_id': '3339', 'strata': '41'}
Pandas(Index=0, project_id='1211', plot_id='3339', x=-51450, y=2870040)
called process_plot
Pandas(Index=0, project_id='1211', plot_id='3339', x=-51450, y=2870040)
3339
Directory '/efs/timesync/1989/audit/' already exists.
Data has been pickled and saved to '/efs/timesync/1989/audit/1989_3339_1211.p'.
Failed qa: 1989-02-07T16:45:59.0720060Z
Failed qa: 1989-02-16T16:40:09.9930130Z
.......Failed qa: 1989-03-18T16:51:37.3250500Z
Failed qa: 1989-03-20T16:39:13.1330810Z
Failed qa: 1989-04-05T16:39:18.8800380Z
Failed qa: 1989-04-10T16:57:52.7270000Z
.......Failed qa: 1989-04-19T16:51:29.1340000Z
Failed qa: 1989-04-20T16:49:10.8920190Z
Failed qa: 1989-04-21T16:39:04.5430560Z
Failed qa: 1989-04-26T16:57:32.8070690Z
.......Failed qa: 1989-05-05T16:51:17.4240750Z
Failed qa: 1989-05-07T16:38:53.6980190Z
.......Failed qa: 1989-05-21T16:50:57.4220500Z
Failed qa: 1989-05-23T16:38:34.9930880Z
Failed qa: 1989-05-28T16:57:04.1800190Z
.......Failed qa: 1989-06-06T16:50:43.8870810Z
Failed qa: 1989-06-21T17:02:08.9530380Z
Failed qa: 1989-06-24T16:37:56.6620190Z
Failed qa: 1989-06-30T16:56:00.7640310Z
.......Failed qa: 1989-07-07T17:02:12.6200440Z
Failed qa: 1989-07-08T16:50:03.9660560Z
Failed qa: 1989-07-10T16:37:40.1190380Z
Failed qa: 1989-07-15T16:56:06.2330880Z
.......Failed qa: 1989-07-24T16:49:44.9530130Z
Failed qa: 1989-07-26T16:37:20.9380940Z
Failed qa: 1989-07-31T16:55:47.1760440Z
.......Failed qa: 1989-08-09T16:49:23.2810380Z
Failed qa: 1989-08-11T16:36:58.8560630Z
Failed qa: 1989-08-16T16:55:22.6110810Z
.......Failed qa: 1989-08-27T16:36:38.6730940Z
Failed qa: 1989-09-01T16:55:04.3940880Z
Failed qa: 1989-09-02T16:56:01.5890380Z
.......Failed qa: 1989-09-10T16:48:36.1070190Z
Failed qa: 1989-09-12T16:36:07.9100940Z
Failed qa: 1989-09-17T16:54:31.3650440Z
.......Failed qa: 1989-09-26T16:48:16.6530500Z
Failed qa: 1989-10-03T16:54:23.1250880Z
Failed qa: 1989-10-14T16:35:22.6340310Z
.......Failed qa: 1989-10-28T16:47:16.8610440Z
.......Failed qa: 1989-11-15T16:34:20.7990130Z
Failed qa: 1989-12-01T16:34:03.2240130Z
Data has been pickled and saved to '/efs/timesync/1989/audit/1989_3339_1211_qa_rejects.p'.
Success tracking goes here
