{'project_id': '1211', 'year': '1989', 'x': -1084080, 'y': 1340250, 'plot_id': '2737', 'strata': '41'}
Pandas(Index=0, project_id='1211', plot_id='2737', x=-1084080, y=1340250)
called process_plot
Pandas(Index=0, project_id='1211', plot_id='2737', x=-1084080, y=1340250)
2737
Directory '/efs/timesync/1989/audit/' already exists.
Data has been pickled and saved to '/efs/timesync/1989/audit/1989_2737_1211.p'.
.....................Failed qa: 1989-04-15T17:20:31.098035Z
.......Failed qa: 1989-05-01T17:20:13.983025Z
Failed qa: 1989-05-10T17:14:06.0720000Z
Failed qa: 1989-05-17T17:19:53.680088Z
.......Failed qa: 1989-06-02T17:19:42.715512Z
Failed qa: 1989-06-10T17:25:03.2980060Z
.......Failed qa: 1989-06-18T17:19:16.867060Z
.......Failed qa: 1989-06-26T17:24:54.181043Z
Failed qa: 1989-07-04T17:19:02.956028Z
.......Failed qa: 1989-07-12T17:24:58.137541Z
.......Failed qa: 1989-07-20T17:18:42.015525Z
.......Failed qa: 1989-08-05T17:18:23.287506Z
.......Failed qa: 1989-08-21T17:18:01.060532Z
.......Failed qa: 1989-09-06T17:17:39.947562Z
..............Failed qa: 1989-09-22T17:17:10.550535Z
.......Failed qa: 1989-10-08T17:16:56.946065Z
.......Failed qa: 1989-10-24T17:16:14.292057Z
Data has been pickled and saved to '/efs/timesync/1989/audit/1989_2737_1211_qa_rejects.p'.
Success tracking goes here
