{'project_id': '1211', 'year': '1989', 'x': -688230, 'y': 1614030, 'plot_id': '4367', 'strata': '41'}
Pandas(Index=0, project_id='1211', plot_id='4367', x=-688230, y=1614030)
called process_plot
Pandas(Index=0, project_id='1211', plot_id='4367', x=-688230, y=1614030)
4367
Directory '/efs/timesync/1989/audit/' already exists.
Data has been pickled and saved to '/efs/timesync/1989/audit/1989_4367_1211.p'.
Failed qa: 1989-03-18T16:54:48.2120250Z
.......Failed qa: 1989-03-26T16:58:45.496062Z
Failed qa: 1989-04-01T17:07:19.779066Z
Failed qa: 1989-04-03T16:55:01.132050Z
.......Failed qa: 1989-04-17T17:07:18.001550Z
Failed qa: 1989-04-19T16:54:51.956553Z
.......Failed qa: 1989-05-03T17:07:03.318522Z
Failed qa: 1989-05-05T16:54:40.330563Z
Failed qa: 1989-05-19T17:06:42.299532Z
Failed qa: 1989-05-21T16:54:20.408547Z
.......Failed qa: 1989-06-04T17:06:31.131575Z
Failed qa: 1989-06-06T16:54:06.813563Z
.......Failed qa: 1989-06-20T17:06:05.714550Z
.......Failed qa: 1989-06-30T16:59:23.653066Z
.......Failed qa: 1989-07-08T16:53:26.701541Z
Failed qa: 1989-07-14T17:11:48.899060Z
.......Failed qa: 1989-07-22T17:05:31.243019Z
Failed qa: 1989-07-24T16:53:07.701544Z
.......Failed qa: 1989-08-07T17:05:11.060518Z
Failed qa: 1989-08-09T16:52:46.115575Z
Failed qa: 1989-08-15T17:11:45.628091Z
.......Failed qa: 1989-08-23T17:04:49.311563Z
Failed qa: 1989-08-31T17:11:46.029581Z
.......Failed qa: 1989-09-02T16:59:24.547516Z
Failed qa: 1989-09-08T17:04:26.089556Z
Failed qa: 1989-09-10T16:51:59.113022Z
.......Failed qa: 1989-09-24T17:04:01.333037Z
Failed qa: 1989-09-26T16:51:39.675560Z
.......Failed qa: 1989-10-10T17:03:41.359035Z
Failed qa: 1989-10-28T16:50:39.695547Z
Data has been pickled and saved to '/efs/timesync/1989/audit/1989_4367_1211_qa_rejects.p'.
Success tracking goes here
