{'project_id': '1211', 'year': '1989', 'x': -1365630, 'y': 1339830, 'plot_id': '1430', 'strata': '41'}
Pandas(Index=0, project_id='1211', plot_id='1430', x=-1365630, y=1339830)
called process_plot
Pandas(Index=0, project_id='1211', plot_id='1430', x=-1365630, y=1339830)
1430
Directory '/efs/timesync/1989/audit/' already exists.
Data has been pickled and saved to '/efs/timesync/1989/audit/1989_1430_1211.p'.
..............Failed qa: 1989-02-16T17:36:37.572075Z
............................Failed qa: 1989-04-13T17:32:55.202566Z
Failed qa: 1989-04-15T17:20:31.098035Z
..............Failed qa: 1989-04-29T17:32:36.014547Z
Failed qa: 1989-05-01T17:20:13.983025Z
..............Failed qa: 1989-05-15T17:32:18.953031Z
Failed qa: 1989-05-17T17:19:53.680088Z
..............Failed qa: 1989-05-31T17:32:06.429034Z
Failed qa: 1989-06-02T17:19:42.715512Z
..............Failed qa: 1989-06-10T17:25:03.2980060Z
Failed qa: 1989-06-16T17:31:39.293053Z
Failed qa: 1989-06-17T17:31:13.4280940Z
Failed qa: 1989-06-17T17:31:13.4280940Z
Failed qa: 1989-06-18T17:19:16.867060Z
Failed qa: 1989-06-24T17:37:15.629541Z
..............Failed qa: 1989-06-26T17:24:54.181043Z
Failed qa: 1989-07-02T17:31:27.645034Z
Failed qa: 1989-07-04T17:19:02.956028Z
Failed qa: 1989-07-10T17:37:19.268013Z
Failed qa: 1989-07-12T17:24:58.137541Z
Failed qa: 1989-07-18T17:31:06.964584Z
Failed qa: 1989-07-20T17:18:42.015525Z
Failed qa: 1989-07-26T17:37:18.045569Z
Failed qa: 1989-08-03T17:30:47.032594Z
Failed qa: 1989-08-05T17:18:23.287506Z
Failed qa: 1989-08-11T17:37:19.142516Z
..............Failed qa: 1989-08-19T17:30:24.078066Z
Failed qa: 1989-08-21T17:18:01.060532Z
Failed qa: 1989-08-27T17:37:17.246544Z
..............Failed qa: 1989-09-04T17:30:05.140541Z
Failed qa: 1989-09-06T17:17:39.947562Z
Failed qa: 1989-09-12T17:37:15.875585Z
..............Failed qa: 1989-09-20T17:29:33.440085Z
Failed qa: 1989-09-22T17:17:10.550535Z
Failed qa: 1989-09-28T17:37:12.975040Z
..............Failed qa: 1989-10-06T17:29:23.227553Z
Failed qa: 1989-10-08T17:16:56.946065Z
..............Failed qa: 1989-10-22T17:28:39.666581Z
Failed qa: 1989-10-24T17:16:14.292057Z
Failed qa: 1989-11-07T17:28:22.354544Z
Data has been pickled and saved to '/efs/timesync/1989/audit/1989_1430_1211_qa_rejects.p'.
Success tracking goes here
