{'project_id': '1211', 'year': '1989', 'x': -1173000, 'y': 2176920, 'plot_id': '2065', 'strata': '41'}
Pandas(Index=0, project_id='1211', plot_id='2065', x=-1173000, y=2176920)
called process_plot
Pandas(Index=0, project_id='1211', plot_id='2065', x=-1173000, y=2176920)
2065
Directory '/efs/timesync/1989/audit/' already exists.
Data has been pickled and saved to '/efs/timesync/1989/audit/1989_2065_1211.p'.
Failed qa: 1989-01-14T17:37:44.090563Z
Failed qa: 1989-01-30T17:37:37.228544Z
Failed qa: 1989-02-15T17:37:35.579553Z
Failed qa: 1989-03-19T17:36:39.397034Z
Failed qa: 1989-03-21T17:24:13.878053Z
Failed qa: 1989-04-04T17:36:42.692575Z
.......Failed qa: 1989-04-22T17:24:07.229559Z
.......Failed qa: 1989-05-06T17:36:19.576525Z
Failed qa: 1989-05-08T17:23:55.669053Z
.......Failed qa: 1989-05-22T17:36:00.186010Z
Failed qa: 1989-05-24T17:23:37.463062Z
.......Failed qa: 1989-06-07T17:35:45.376072Z
Failed qa: 1989-06-09T17:23:20.425072Z
.......Failed qa: 1989-06-17T17:28:26.3530880Z
Failed qa: 1989-06-23T17:35:33.5640310Z
.......Failed qa: 1989-06-25T17:23:11.616591Z
.......Failed qa: 1989-07-09T17:35:05.843532Z
.......Failed qa: 1989-07-17T17:40:55.0120690Z
.......Failed qa: 1989-07-25T17:34:46.794041Z
.......Failed qa: 1989-08-02T17:40:54.1090130Z
.......Failed qa: 1989-08-10T17:34:24.331540Z
.......Failed qa: 1989-08-12T17:21:48.6690190Z
Failed qa: 1989-08-18T17:40:51.9010810Z
.......Failed qa: 1989-08-26T17:34:04.565022Z
.......Failed qa: 1989-08-28T17:21:28.7870000Z
.......Failed qa: 1989-09-11T17:33:36.068560Z
.......Failed qa: 1989-09-13T17:21:07.382535Z
.......Failed qa: 1989-09-27T17:33:19.739562Z
.......Failed qa: 1989-09-29T17:20:57.193047Z
.......Failed qa: 1989-10-13T17:32:38.2550560Z
Failed qa: 1989-10-15T17:20:34.9740060Z
.......Failed qa: 1989-10-29T17:32:20.155087Z
Data has been pickled and saved to '/efs/timesync/1989/audit/1989_2065_1211_qa_rejects.p'.
Success tracking goes here
