{'project_id': '1211', 'year': '1989', 'x': 820650, 'y': 911970, 'plot_id': '3073', 'strata': '41'}
Pandas(Index=0, project_id='1211', plot_id='3073', x=820650, y=911970)
called process_plot
Pandas(Index=0, project_id='1211', plot_id='3073', x=820650, y=911970)
3073
Directory '/efs/timesync/1989/audit/' already exists.
Data has been pickled and saved to '/efs/timesync/1989/audit/1989_3073_1211.p'.
Failed qa: 1989-01-07T15:56:12.4200190Z
Failed qa: 1989-01-07T15:56:12.4200190Z
..............Failed qa: 1989-01-23T15:55:15.822054Z
Failed qa: 1989-01-23T15:55:39.787025Z
..............Failed qa: 1989-02-08T15:55:19.258066Z
Failed qa: 1989-02-08T15:55:43.295578Z
..............Failed qa: 1989-02-24T15:55:10.878044Z
Failed qa: 1989-02-24T15:55:34.916554Z
Failed qa: 1989-03-12T15:54:44.672035Z
Failed qa: 1989-03-12T15:55:08.639556Z
............................Failed qa: 1989-04-13T15:54:25.971541Z
Failed qa: 1989-04-13T15:54:50.014056Z
..............Failed qa: 1989-04-29T15:54:06.714006Z
Failed qa: 1989-04-29T15:54:30.757544Z
Failed qa: 1989-05-15T15:53:49.795072Z
Failed qa: 1989-05-15T15:54:13.768547Z
..............Failed qa: 1989-05-31T15:53:37.200569Z
Failed qa: 1989-05-31T15:54:01.247047Z
..............Failed qa: 1989-06-16T15:53:22.0540310Z
Failed qa: 1989-06-16T15:53:34.113553Z
..............Failed qa: 1989-07-02T15:52:58.400072Z
Failed qa: 1989-07-02T15:53:22.377575Z
..............Failed qa: 1989-07-18T15:52:37.748535Z
Failed qa: 1989-07-18T15:53:01.727062Z
............................Failed qa: 1989-08-19T15:51:54.891554Z
Failed qa: 1989-08-19T15:52:18.874069Z
..............Failed qa: 1989-09-04T15:51:48.055019Z
Failed qa: 1989-09-04T15:52:12.0390060Z
..............Failed qa: 1989-09-20T15:51:04.247063Z
Failed qa: 1989-09-20T15:51:28.304572Z
Failed qa: 1989-10-06T15:50:54.086022Z
Failed qa: 1989-10-06T15:51:18.073525Z
..............Failed qa: 1989-10-22T15:50:10.525544Z
Failed qa: 1989-10-22T15:50:34.514557Z
............................Data has been pickled and saved to '/efs/timesync/1989/audit/1989_3073_1211_qa_rejects.p'.
Success tracking goes here
