{'project_id': '1211', 'year': '1989', 'x': 597450, 'y': 1541970, 'plot_id': '2374', 'strata': '41'}
Pandas(Index=0, project_id='1211', plot_id='2374', x=597450, y=1541970)
called process_plot
Pandas(Index=0, project_id='1211', plot_id='2374', x=597450, y=1541970)
2374
Directory '/efs/timesync/1989/audit/' already exists.
Data has been pickled and saved to '/efs/timesync/1989/audit/1989_2374_1211.p'.
Failed qa: 1989-01-07T15:54:36.5680500Z
.......Failed qa: 1989-01-23T15:54:04.143540Z
..............Failed qa: 1989-02-08T15:54:07.576025Z
.......Failed qa: 1989-02-24T15:53:59.264563Z
..............Failed qa: 1989-03-12T15:53:33.056031Z
.....................Failed qa: 1989-04-13T15:53:14.345566Z
.......Failed qa: 1989-04-29T15:52:55.084072Z
Failed qa: 1989-05-06T15:58:50.0430630Z
.......Failed qa: 1989-05-15T15:52:50.0780000Z
..............Failed qa: 1989-05-31T15:52:25.564535Z
..............Failed qa: 1989-06-23T15:57:52.0050560Z
.....................Failed qa: 1989-07-18T15:51:26.171053Z
..............Failed qa: 1989-08-19T15:50:43.159522Z
..............Failed qa: 1989-09-04T15:50:24.254091Z
.......Failed qa: 1989-09-20T15:49:52.577063Z
..............Failed qa: 1989-10-06T15:49:54.3320940Z
.......Failed qa: 1989-10-22T15:48:58.845528Z
.......Data has been pickled and saved to '/efs/timesync/1989/audit/1989_2374_1211_qa_rejects.p'.
Success tracking goes here
