{'project_id': '1211', 'year': '1989', 'x': -783270, 'y': 831780, 'plot_id': '60', 'strata': '41'}
Pandas(Index=0, project_id='1211', plot_id='60', x=-783270, y=831780)
called process_plot
Pandas(Index=0, project_id='1211', plot_id='60', x=-783270, y=831780)
60
Directory '/efs/timesync/1989/audit/' already exists.
Data has been pickled and saved to '/efs/timesync/1989/audit/1989_0060_1211.p'.
.......Failed qa: 1989-03-25T17:02:38.822515Z
Failed qa: 1989-03-26T17:00:09.0310690Z
.......Failed qa: 1989-04-10T17:02:51.139541Z
.......Failed qa: 1989-04-26T17:02:31.378556Z
..............Failed qa: 1989-05-28T17:02:02.923078Z
.......Failed qa: 1989-06-13T17:01:39.300572Z
Failed qa: 1989-06-21T17:06:55.3070250Z
.......Failed qa: 1989-07-07T17:07:11.033040Z
.......Failed qa: 1989-07-15T17:01:04.597553Z
.......Failed qa: 1989-07-31T17:00:45.565544Z
.......Failed qa: 1989-08-16T17:00:21.168051Z
..............Failed qa: 1989-09-17T16:59:30.103515Z
.......Failed qa: 1989-10-03T16:59:21.741550Z
.......Data has been pickled and saved to '/efs/timesync/1989/audit/1989_0060_1211_qa_rejects.p'.
Success tracking goes here
