{'project_id': '1211', 'year': '1989', 'x': 614100, 'y': 2018970, 'plot_id': '4027', 'strata': '41'}
Pandas(Index=0, project_id='1211', plot_id='4027', x=614100, y=2018970)
called process_plot
Pandas(Index=0, project_id='1211', plot_id='4027', x=614100, y=2018970)
4027
Directory '/efs/timesync/1989/audit/' already exists.
Data has been pickled and saved to '/efs/timesync/1989/audit/1989_4027_1211.p'.
Failed qa: 1989-01-12T16:11:26.9570940Z
.......Failed qa: 1989-01-28T16:11:15.8590440Z
.......Failed qa: 1989-03-01T16:11:02.6530190Z
Failed qa: 1989-03-03T15:59:02.0800060Z
.......Failed qa: 1989-03-17T16:10:46.3550130Z
Failed qa: 1989-03-19T15:58:10.173557Z
.......Failed qa: 1989-04-02T16:10:20.2320940Z
Failed qa: 1989-04-04T15:58:01.3570690Z
.......Failed qa: 1989-04-20T15:58:00.561069Z
Failed qa: 1989-05-06T15:57:50.398551Z
.......Failed qa: 1989-05-20T16:09:41.1300000Z
Failed qa: 1989-05-22T15:57:19.0420190Z
.......Failed qa: 1989-06-05T16:09:28.7550630Z
Failed qa: 1989-06-07T15:57:16.148531Z
.......Failed qa: 1989-06-21T16:09:03.5050310Z
Failed qa: 1989-06-23T15:56:52.350550Z
.......Failed qa: 1989-07-07T16:08:48.2920250Z
Failed qa: 1989-07-09T15:56:36.675003Z
.......Failed qa: 1989-07-23T16:08:29.3530380Z
Failed qa: 1989-07-25T15:56:17.658544Z
.......Failed qa: 1989-08-26T15:55:35.387028Z
..............Failed qa: 1989-09-25T16:07:00.3230880Z
Failed qa: 1989-09-27T15:54:50.492053Z
.......Failed qa: 1989-10-11T16:06:36.9130310Z
Failed qa: 1989-11-12T16:05:35.5580750Z
.......Data has been pickled and saved to '/efs/timesync/1989/audit/1989_4027_1211_qa_rejects.p'.
Success tracking goes here
