{'project_id': '1211', 'year': '1989', 'x': -1525980, 'y': 2849610, 'plot_id': '1797', 'strata': '41'}
Pandas(Index=0, project_id='1211', plot_id='1797', x=-1525980, y=2849610)
called process_plot
Pandas(Index=0, project_id='1211', plot_id='1797', x=-1525980, y=2849610)
1797
Directory '/efs/timesync/1989/audit/' already exists.
Data has been pickled and saved to '/efs/timesync/1989/audit/1989_1797_1211.p'.
.......Failed qa: 1989-02-09T18:13:16.1080500Z
Failed qa: 1989-02-25T18:13:08.3540880Z
Failed qa: 1989-03-13T18:13:04.0580690Z
............................Failed qa: 1989-04-09T17:54:17.8580750Z
Failed qa: 1989-04-14T18:12:23.1010130Z
..............Failed qa: 1989-04-25T17:53:58.8380190Z
Failed qa: 1989-05-08T18:16:36.5420060Z
.......Failed qa: 1989-05-16T18:11:46.0190440Z
Failed qa: 1989-05-18T17:59:44.0960810Z
Failed qa: 1989-05-24T18:16:53.164547Z
..............Failed qa: 1989-05-27T17:53:29.8060130Z
Failed qa: 1989-06-01T18:11:34.1000250Z
.......Failed qa: 1989-06-09T18:17:05.9140130Z
.......Failed qa: 1989-06-12T17:53:08.0460130Z
Failed qa: 1989-06-17T18:11:07.9740560Z
Failed qa: 1989-06-19T17:59:08.6670940Z
Failed qa: 1989-06-25T18:16:44.7250690Z
Failed qa: 1989-06-28T17:52:52.1770810Z
Failed qa: 1989-07-03T18:10:55.0800440Z
.......Failed qa: 1989-07-11T18:16:48.6510130Z
Failed qa: 1989-07-14T17:52:32.2990250Z
Failed qa: 1989-07-19T18:10:34.3930130Z
.......Failed qa: 1989-07-27T18:16:47.2070440Z
..............Failed qa: 1989-07-30T17:52:13.4890560Z
Failed qa: 1989-08-04T18:10:15.1030440Z
.....................Failed qa: 1989-08-15T17:51:49.9380560Z
Failed qa: 1989-08-20T18:09:52.1990880Z
.......Failed qa: 1989-08-31T17:51:30.3710500Z
Failed qa: 1989-09-05T18:09:32.1440190Z
.......Failed qa: 1989-09-16T17:50:57.3710630Z
Failed qa: 1989-09-21T18:09:00.5920560Z
.......Failed qa: 1989-10-02T17:50:49.3210630Z
Failed qa: 1989-10-07T18:08:49.8960250Z
.......Failed qa: 1989-10-18T17:50:07.0370190Z
Failed qa: 1989-10-23T18:08:30.4140060Z
.......Data has been pickled and saved to '/efs/timesync/1989/audit/1989_1797_1211_qa_rejects.p'.
Success tracking goes here
