{'project_id': '1211', 'year': '1989', 'x': -1048590, 'y': 1664790, 'plot_id': '3135', 'strata': '41'}
Pandas(Index=0, project_id='1211', plot_id='3135', x=-1048590, y=1664790)
called process_plot
Pandas(Index=0, project_id='1211', plot_id='3135', x=-1048590, y=1664790)
3135
Directory '/efs/timesync/1989/audit/' already exists.
Data has been pickled and saved to '/efs/timesync/1989/audit/1989_3135_1211.p'.
Failed qa: 1989-02-27T17:17:34.6740880Z
Failed qa: 1989-03-07T17:13:52.1450690Z
Failed qa: 1989-03-07T17:14:04.128575Z
Failed qa: 1989-03-21T17:25:13.6570440Z
Failed qa: 1989-04-01T17:07:19.779066Z
Failed qa: 1989-04-08T17:13:13.717556Z
Failed qa: 1989-04-08T17:13:37.544550Z
..............Failed qa: 1989-04-17T17:07:18.001550Z
Failed qa: 1989-04-22T17:25:07.0150690Z
Failed qa: 1989-04-24T17:12:55.841522Z
Failed qa: 1989-04-24T17:13:19.598006Z
..............Failed qa: 1989-05-03T17:07:03.318522Z
Failed qa: 1989-05-08T17:24:55.4580130Z
Failed qa: 1989-05-10T17:12:42.597053Z
Failed qa: 1989-05-10T17:13:06.354562Z
..............Failed qa: 1989-05-19T17:06:42.299532Z
Failed qa: 1989-05-24T17:24:37.3260560Z
Failed qa: 1989-05-26T17:12:26.307047Z
Failed qa: 1989-05-26T17:12:50.065560Z
..............Failed qa: 1989-06-04T17:06:31.131575Z
Failed qa: 1989-06-09T17:24:20.2200250Z
Failed qa: 1989-06-11T17:12:06.506531Z
Failed qa: 1989-06-11T17:12:30.338525Z
Failed qa: 1989-06-17T17:29:38.1200500Z
..............Failed qa: 1989-06-20T17:06:05.714550Z
Failed qa: 1989-06-25T17:23:59.4270880Z
............................Failed qa: 1989-07-05T17:17:31.350063Z
Failed qa: 1989-07-05T17:17:55.106053Z
..............Failed qa: 1989-07-13T17:11:28.834563Z
Failed qa: 1989-07-13T17:11:52.597075Z
Failed qa: 1989-07-14T17:11:48.899060Z
..............Failed qa: 1989-07-22T17:05:31.243019Z
Failed qa: 1989-07-29T17:11:10.463576Z
Failed qa: 1989-07-29T17:11:34.228079Z
..............Failed qa: 1989-08-07T17:05:11.060518Z
Failed qa: 1989-08-12T17:23:00.3260630Z
Failed qa: 1989-08-14T17:10:47.502051Z
Failed qa: 1989-08-14T17:11:11.268550Z
Failed qa: 1989-08-15T17:11:45.628091Z
..............Failed qa: 1989-08-23T17:04:49.311563Z
Failed qa: 1989-08-28T17:22:40.5920690Z
Failed qa: 1989-08-30T17:10:27.897038Z
Failed qa: 1989-08-30T17:10:51.664579Z
Failed qa: 1989-08-31T17:11:46.029581Z
..............Failed qa: 1989-09-07T17:17:32.197562Z
Failed qa: 1989-09-07T17:17:56.024575Z
Failed qa: 1989-09-08T17:04:26.089556Z
Failed qa: 1989-09-13T17:22:07.2720630Z
Failed qa: 1989-09-15T17:09:53.312034Z
Failed qa: 1989-09-15T17:10:17.081537Z
..............Failed qa: 1989-09-24T17:04:01.333037Z
Failed qa: 1989-09-29T17:21:57.0160810Z
Failed qa: 1989-10-01T17:09:45.990566Z
Failed qa: 1989-10-01T17:10:09.762060Z
..............Failed qa: 1989-10-10T17:03:41.359035Z
Failed qa: 1989-10-15T17:21:22.8070500Z
Failed qa: 1989-10-17T17:09:06.623025Z
Failed qa: 1989-10-17T17:09:30.468040Z
..............Data has been pickled and saved to '/efs/timesync/1989/audit/1989_3135_1211_qa_rejects.p'.
Success tracking goes here
