{'project_id': '1211', 'year': '1989', 'x': -1064010, 'y': 1573140, 'plot_id': '3225', 'strata': '41'}
Pandas(Index=0, project_id='1211', plot_id='3225', x=-1064010, y=1573140)
called process_plot
Pandas(Index=0, project_id='1211', plot_id='3225', x=-1064010, y=1573140)
3225
Directory '/efs/timesync/1989/audit/' already exists.
Data has been pickled and saved to '/efs/timesync/1989/audit/1989_3225_1211.p'.
Failed qa: 1989-02-25T17:29:55.6980190Z
Failed qa: 1989-02-27T17:17:34.6740880Z
Failed qa: 1989-02-27T17:17:34.6740880Z
..............Failed qa: 1989-03-21T17:25:49.323528Z
Failed qa: 1989-04-01T17:07:19.779066Z
............................Failed qa: 1989-04-17T17:07:18.001550Z
Failed qa: 1989-04-22T17:25:42.685547Z
............................Failed qa: 1989-05-03T17:07:03.318522Z
Failed qa: 1989-05-08T17:25:31.129588Z
............................Failed qa: 1989-05-19T17:06:42.299532Z
Failed qa: 1989-05-24T17:25:13.000019Z
............................Failed qa: 1989-06-04T17:06:31.131575Z
Failed qa: 1989-06-09T17:24:55.895537Z
..............Failed qa: 1989-06-17T17:30:01.8040880Z
..............Failed qa: 1989-06-20T17:06:05.714550Z
Failed qa: 1989-06-25T17:24:35.105569Z
............................Failed qa: 1989-07-05T17:18:07.0910500Z
Failed qa: 1989-07-05T17:17:55.106053Z
............................Failed qa: 1989-07-14T17:11:48.899060Z
..............Failed qa: 1989-07-22T17:05:31.243019Z
............................Failed qa: 1989-08-07T17:05:11.060518Z
Failed qa: 1989-08-12T17:23:36.011525Z
..............Failed qa: 1989-08-15T17:11:45.628091Z
..............Failed qa: 1989-08-23T17:04:49.311563Z
Failed qa: 1989-08-28T17:23:16.135588Z
..............Failed qa: 1989-08-31T17:11:46.029581Z
..............Failed qa: 1989-09-07T17:18:07.9380810Z
Failed qa: 1989-09-07T17:17:56.024575Z
Failed qa: 1989-09-08T17:04:26.089556Z
Failed qa: 1989-09-13T17:22:42.890510Z
Failed qa: 1989-09-15T17:10:29.0020560Z
Failed qa: 1989-09-15T17:10:17.081537Z
..............Failed qa: 1989-09-24T17:04:01.333037Z
Failed qa: 1989-09-29T17:22:32.637535Z
............................Failed qa: 1989-10-10T17:03:41.359035Z
Failed qa: 1989-10-15T17:21:58.502547Z
Failed qa: 1989-10-17T17:09:42.4620810Z
Failed qa: 1989-10-17T17:09:30.468040Z
..............Data has been pickled and saved to '/efs/timesync/1989/audit/1989_3225_1211_qa_rejects.p'.
Success tracking goes here
