{'project_id': '1211', 'year': '1989', 'x': 6780, 'y': 1796220, 'plot_id': '4170', 'strata': '41'}
Pandas(Index=0, project_id='1211', plot_id='4170', x=6780, y=1796220)
called process_plot
Pandas(Index=0, project_id='1211', plot_id='4170', x=6780, y=1796220)
4170
Directory '/efs/timesync/1989/audit/' already exists.
Data has been pickled and saved to '/efs/timesync/1989/audit/1989_4170_1211.p'.
Failed qa: 1989-01-10T16:24:51.279535Z
..............Failed qa: 1989-01-26T16:24:35.184069Z
.......Failed qa: 1989-02-11T16:24:38.146575Z
.......Failed qa: 1989-02-27T16:24:26.793084Z
.......Failed qa: 1989-03-13T16:36:34.2680940Z
.......Failed qa: 1989-03-31T16:23:38.248560Z
Failed qa: 1989-04-07T16:30:09.2710310Z
Failed qa: 1989-04-16T16:23:40.283047Z
..............Failed qa: 1989-05-02T16:23:24.397579Z
Failed qa: 1989-05-09T16:29:40.3410250Z
.......Failed qa: 1989-06-03T16:22:52.763553Z
.......Failed qa: 1989-06-19T16:22:27.052550Z
..............Failed qa: 1989-07-05T16:22:12.300032Z
.......Failed qa: 1989-07-21T16:21:52.564553Z
.....................Failed qa: 1989-08-06T16:21:32.903009Z
Failed qa: 1989-08-12T16:40:41.5270000Z
.......Failed qa: 1989-08-22T16:21:10.952050Z
.......Failed qa: 1989-09-23T16:20:21.707522Z
..............Failed qa: 1989-10-09T16:20:05.087553Z
.......Failed qa: 1989-10-25T16:19:23.366022Z
..............Failed qa: 1989-11-10T16:19:03.597059Z
.......Data has been pickled and saved to '/efs/timesync/1989/audit/1989_4170_1211_qa_rejects.p'.
Success tracking goes here
