{'project_id': '1211', 'year': '1989', 'x': 421380, 'y': 1446510, 'plot_id': '1983', 'strata': '41'}
Pandas(Index=0, project_id='1211', plot_id='1983', x=421380, y=1446510)
called process_plot
Pandas(Index=0, project_id='1211', plot_id='1983', x=421380, y=1446510)
1983
Directory '/efs/timesync/1989/audit/' already exists.
Data has been pickled and saved to '/efs/timesync/1989/audit/1989_1983_1211.p'.
Failed qa: 1989-01-03T16:19:09.803060Z
Failed qa: 1989-01-19T16:18:50.420081Z
Failed qa: 1989-01-21T16:06:51.649513Z
Failed qa: 1989-01-28T16:13:15.2530310Z
Failed qa: 1989-02-04T16:18:53.267531Z
Failed qa: 1989-02-06T16:06:43.0110060Z
Failed qa: 1989-02-22T16:06:35.0960310Z
.......Failed qa: 1989-03-08T16:18:36.308531Z
Failed qa: 1989-03-10T16:06:22.685047Z
.......Failed qa: 1989-03-24T16:17:46.310512Z
Failed qa: 1989-03-26T16:05:50.539537Z
Failed qa: 1989-04-09T16:18:35.7040940Z
Failed qa: 1989-04-11T16:06:01.534522Z
.......Failed qa: 1989-04-25T16:17:41.023065Z
Failed qa: 1989-05-11T16:17:27.184510Z
.......Failed qa: 1989-05-27T16:17:12.004075Z
Failed qa: 1989-05-29T16:05:12.973016Z
Failed qa: 1989-06-05T16:11:28.1990440Z
Failed qa: 1989-06-12T16:17:26.2160190Z
.......Failed qa: 1989-06-28T16:16:34.326544Z
Failed qa: 1989-06-30T16:04:22.7780500Z
.......Failed qa: 1989-07-14T16:16:14.347025Z
Failed qa: 1989-07-16T16:04:14.285037Z
.......Failed qa: 1989-07-30T16:15:55.475006Z
Failed qa: 1989-08-01T16:03:54.922047Z
Failed qa: 1989-08-15T16:15:32.070047Z
Failed qa: 1989-09-02T16:03:00.6370630Z
.......Failed qa: 1989-09-16T16:14:39.480028Z
Failed qa: 1989-09-18T16:02:40.063025Z
.......Failed qa: 1989-10-02T16:14:31.459572Z
Failed qa: 1989-10-04T16:02:31.384075Z
.......Failed qa: 1989-10-20T16:01:46.985554Z
Failed qa: 1989-11-03T16:13:32.390550Z
.......Failed qa: 1989-11-19T16:13:03.651044Z
Failed qa: 1989-11-21T16:00:51.099050Z
Data has been pickled and saved to '/efs/timesync/1989/audit/1989_1983_1211_qa_rejects.p'.
Success tracking goes here
