{'project_id': '1211', 'year': '1989', 'x': -136320, 'y': 922650, 'plot_id': '506', 'strata': '41'}
Pandas(Index=0, project_id='1211', plot_id='506', x=-136320, y=922650)
called process_plot
Pandas(Index=0, project_id='1211', plot_id='506', x=-136320, y=922650)
506
Directory '/efs/timesync/1989/audit/' already exists.
Data has been pickled and saved to '/efs/timesync/1989/audit/1989_0506_1211.p'.
Failed qa: 1989-01-10T16:26:26.846035Z
.......Failed qa: 1989-01-26T16:25:58.7730690Z
Failed qa: 1989-02-11T16:26:13.652056Z
..............Failed qa: 1989-03-31T16:25:13.625003Z
.......Failed qa: 1989-04-16T16:25:15.809038Z
.......Failed qa: 1989-05-02T16:24:59.857028Z
.......Failed qa: 1989-06-03T16:24:28.304041Z
.......Failed qa: 1989-06-19T16:24:02.599044Z
.......Failed qa: 1989-07-05T16:23:47.709010Z
Failed qa: 1989-07-21T16:23:27.907538Z
.......Failed qa: 1989-08-06T16:23:08.323560Z
.......Failed qa: 1989-08-22T16:22:46.381054Z
.......Failed qa: 1989-09-23T16:21:57.292553Z
Failed qa: 1989-09-30T16:27:54.5550630Z
Failed qa: 1989-10-09T16:21:40.537016Z
.......Failed qa: 1989-10-25T16:20:58.748553Z
.......Failed qa: 1989-11-10T16:20:38.984519Z
.......Data has been pickled and saved to '/efs/timesync/1989/audit/1989_0506_1211_qa_rejects.p'.
Success tracking goes here
