{'project_id': '1211', 'year': '1989', 'x': -351690, 'y': 2079630, 'plot_id': '3916', 'strata': '41'}
Pandas(Index=0, project_id='1211', plot_id='3916', x=-351690, y=2079630)
called process_plot
Pandas(Index=0, project_id='1211', plot_id='3916', x=-351690, y=2079630)
3916
Directory '/efs/timesync/1989/audit/' already exists.
Data has been pickled and saved to '/efs/timesync/1989/audit/1989_3916_1211.p'.
...................................Failed qa: 1989-03-25T16:59:51.683581Z
..............Failed qa: 1989-04-10T17:00:03.991041Z
.....................Failed qa: 1989-04-26T16:59:56.2080380Z
............................Failed qa: 1989-05-28T16:59:15.607056Z
Failed qa: 1989-05-30T16:47:04.2180940Z
.......Failed qa: 1989-06-13T16:58:52.116557Z
Failed qa: 1989-06-21T17:04:20.216059Z
..............Failed qa: 1989-07-07T17:04:23.884085Z
.......Failed qa: 1989-07-15T16:58:29.5290440Z
..............Failed qa: 1989-07-31T16:57:58.349556Z
..............Failed qa: 1989-08-16T16:57:33.939060Z
.......Failed qa: 1989-09-01T16:57:15.729553Z
..............Failed qa: 1989-09-10T16:50:59.4390500Z
Failed qa: 1989-09-17T16:56:42.853054Z
.....................Failed qa: 1989-10-28T16:49:40.0810130Z
Failed qa: 1989-11-06T16:43:21.6690250Z
Data has been pickled and saved to '/efs/timesync/1989/audit/1989_3916_1211_qa_rejects.p'.
Success tracking goes here
