{'project_id': '1211', 'year': '1989', 'x': -831900, 'y': 2562870, 'plot_id': '2719', 'strata': '41'}
Pandas(Index=0, project_id='1211', plot_id='2719', x=-831900, y=2562870)
called process_plot
Pandas(Index=0, project_id='1211', plot_id='2719', x=-831900, y=2562870)
2719
Directory '/efs/timesync/1989/audit/' already exists.
Data has been pickled and saved to '/efs/timesync/1989/audit/1989_2719_1211.p'.
..............Failed qa: 1989-04-08T17:11:26.2810690Z
Failed qa: 1989-04-13T17:29:20.397566Z
Failed qa: 1989-04-13T17:29:44.225060Z
............................Failed qa: 1989-04-24T17:11:08.2560060Z
Failed qa: 1989-04-29T17:29:01.126047Z
Failed qa: 1989-04-29T17:29:24.883041Z
..............Failed qa: 1989-05-08T17:22:32.0510440Z
Failed qa: 1989-05-10T17:10:55.0060440Z
Failed qa: 1989-05-15T17:28:43.983032Z
Failed qa: 1989-05-15T17:29:07.812551Z
............................Failed qa: 1989-05-26T17:10:38.7110630Z
Failed qa: 1989-05-31T17:28:31.447572Z
Failed qa: 1989-05-31T17:28:43.3630690Z
............................Failed qa: 1989-06-11T17:10:18.9030940Z
Failed qa: 1989-06-16T17:28:16.2150190Z
Failed qa: 1989-06-16T17:28:28.131041Z
Failed qa: 1989-06-17T17:27:14.7290940Z
Failed qa: 1989-06-17T17:28:02.3840130Z
..............Failed qa: 1989-06-24T17:33:40.757541Z
Failed qa: 1989-06-24T17:34:04.584550Z
............................Failed qa: 1989-07-02T17:27:52.780019Z
Failed qa: 1989-07-02T17:28:16.614022Z
..............Failed qa: 1989-07-05T17:15:43.8420750Z
Failed qa: 1989-07-10T17:33:44.466522Z
Failed qa: 1989-07-10T17:34:08.293541Z
..............Failed qa: 1989-07-13T17:09:41.3650060Z
Failed qa: 1989-07-18T17:27:32.233054Z
Failed qa: 1989-07-18T17:27:55.996538Z
..............Failed qa: 1989-07-26T17:33:43.172054Z
Failed qa: 1989-07-26T17:34:06.999531Z
Failed qa: 1989-07-29T17:09:22.8410310Z
Failed qa: 1989-08-03T17:27:12.212572Z
Failed qa: 1989-08-03T17:27:36.049572Z
..............Failed qa: 1989-08-11T17:33:44.126510Z
Failed qa: 1989-08-11T17:34:07.953531Z
..............Failed qa: 1989-08-14T17:08:59.8710000Z
Failed qa: 1989-08-19T17:26:49.168503Z
Failed qa: 1989-08-19T17:27:13.007503Z
..............Failed qa: 1989-08-27T17:33:42.303506Z
Failed qa: 1989-08-27T17:34:06.130512Z
..............Failed qa: 1989-08-30T17:08:40.3310310Z
Failed qa: 1989-09-04T17:26:30.147031Z
Failed qa: 1989-09-04T17:26:53.987060Z
..............Failed qa: 1989-09-07T17:15:44.5480190Z
Failed qa: 1989-09-12T17:33:40.861578Z
Failed qa: 1989-09-12T17:34:04.688581Z
..............Failed qa: 1989-09-15T17:08:05.6670250Z
Failed qa: 1989-09-20T17:25:58.430091Z
Failed qa: 1989-09-20T17:26:22.272550Z
Failed qa: 1989-09-22T17:13:23.6180250Z
Failed qa: 1989-09-22T17:14:11.3020810Z
Failed qa: 1989-09-28T17:33:38.031572Z
Failed qa: 1989-09-28T17:34:01.858578Z
..............Failed qa: 1989-10-01T17:07:58.3370560Z
Failed qa: 1989-10-06T17:25:36.3520440Z
Failed qa: 1989-10-06T17:26:24.0400130Z
............................Failed qa: 1989-10-17T17:07:19.1040940Z
Failed qa: 1989-10-22T17:25:04.842528Z
Failed qa: 1989-10-22T17:25:28.616034Z
..............Data has been pickled and saved to '/efs/timesync/1989/audit/1989_2719_1211_qa_rejects.p'.
Success tracking goes here
