{'project_id': '1211', 'year': '1989', 'x': -320580, 'y': 1709970, 'plot_id': '256', 'strata': '41'}
Pandas(Index=0, project_id='1211', plot_id='256', x=-320580, y=1709970)
called process_plot
Pandas(Index=0, project_id='1211', plot_id='256', x=-320580, y=1709970)
256
Directory '/efs/timesync/1989/audit/' already exists.
Data has been pickled and saved to '/efs/timesync/1989/audit/1989_0256_1211.p'.
........................................................Failed qa: 1989-03-18T16:54:48.2120250Z
Failed qa: 1989-03-26T16:58:21.741063Z
.......Failed qa: 1989-04-03T16:54:37.377537Z
..............Failed qa: 1989-04-19T16:54:28.201010Z
.....................Failed qa: 1989-05-05T16:54:16.501553Z
.......Failed qa: 1989-05-21T16:53:56.650069Z
..............Failed qa: 1989-06-06T16:53:42.982069Z
.......Failed qa: 1989-06-30T16:58:59.825576Z
.......Failed qa: 1989-07-08T16:53:02.939038Z
..............Failed qa: 1989-07-24T16:52:43.937535Z
..............Failed qa: 1989-08-09T16:52:22.278078Z
.....................Failed qa: 1989-09-02T16:59:12.6340060Z
.......Failed qa: 1989-09-10T16:51:47.1210000Z
.......Failed qa: 1989-09-26T16:51:15.904563Z
..............Failed qa: 1989-10-28T16:50:15.921537Z
.....................Data has been pickled and saved to '/efs/timesync/1989/audit/1989_0256_1211_qa_rejects.p'.
Success tracking goes here
