{'project_id': '1211', 'year': '1989', 'x': -444120, 'y': 2266140, 'plot_id': '3906', 'strata': '41'}
Pandas(Index=0, project_id='1211', plot_id='3906', x=-444120, y=2266140)
called process_plot
Pandas(Index=0, project_id='1211', plot_id='3906', x=-444120, y=2266140)
3906
Directory '/efs/timesync/1989/audit/' already exists.
Data has been pickled and saved to '/efs/timesync/1989/audit/1989_3906_1211.p'.
Failed qa: 1989-01-22T16:48:07.088066Z
Failed qa: 1989-02-07T16:48:10.452528Z
Failed qa: 1989-02-23T16:48:13.7520130Z
Failed qa: 1989-03-11T16:47:37.081531Z
Failed qa: 1989-03-18T16:53:00.927572Z
Failed qa: 1989-03-18T16:53:24.753025Z
..............Failed qa: 1989-03-27T16:47:07.696537Z
Failed qa: 1989-04-01T17:05:08.4490500Z
Failed qa: 1989-04-03T16:53:01.856091Z
Failed qa: 1989-04-03T16:53:25.682584Z
..............Failed qa: 1989-04-12T16:47:17.398026Z
Failed qa: 1989-04-17T17:05:06.6620810Z
Failed qa: 1989-04-19T16:52:52.602560Z
Failed qa: 1989-04-19T16:53:16.502057Z
Failed qa: 1989-04-20T16:51:22.296006Z
Failed qa: 1989-04-28T16:46:57.224525Z
Failed qa: 1989-05-03T17:04:51.9000630Z
Failed qa: 1989-05-05T16:52:40.898040Z
Failed qa: 1989-05-05T16:53:04.798581Z
Failed qa: 1989-05-14T16:46:41.518019Z
Failed qa: 1989-05-19T17:04:30.8750630Z
Failed qa: 1989-05-21T16:52:21.043040Z
Failed qa: 1989-05-21T16:52:44.873047Z
..............Failed qa: 1989-06-04T17:04:19.7000940Z
Failed qa: 1989-06-06T16:52:07.369544Z
Failed qa: 1989-06-06T16:52:31.272562Z
Failed qa: 1989-06-13T16:58:40.1290190Z
Failed qa: 1989-06-20T17:03:54.2750130Z
..............Failed qa: 1989-06-30T16:57:24.302526Z
Failed qa: 1989-06-30T16:57:48.201047Z
Failed qa: 1989-07-01T16:45:50.083054Z
..............Failed qa: 1989-07-08T16:51:27.458057Z
Failed qa: 1989-07-08T16:51:51.292538Z
Failed qa: 1989-07-15T16:57:17.7380130Z
Failed qa: 1989-07-17T16:45:29.484516Z
Failed qa: 1989-07-22T17:03:20.0030060Z
Failed qa: 1989-07-24T16:51:08.450069Z
Failed qa: 1989-07-24T16:51:32.286060Z
..............Failed qa: 1989-08-02T16:45:09.841557Z
Failed qa: 1989-08-07T17:02:59.8110750Z
Failed qa: 1989-08-09T16:50:46.784541Z
Failed qa: 1989-08-09T16:51:10.622047Z
Failed qa: 1989-08-15T17:09:34.2220250Z
..............Failed qa: 1989-08-18T16:44:45.708582Z
Failed qa: 1989-08-23T17:02:37.9800190Z
Failed qa: 1989-08-31T17:09:34.5530250Z
..............Failed qa: 1989-09-02T16:57:25.126528Z
Failed qa: 1989-09-02T16:57:49.025019Z
Failed qa: 1989-09-03T16:44:27.672575Z
Failed qa: 1989-09-08T17:02:14.7500560Z
..............Failed qa: 1989-09-19T16:43:55.578031Z
Failed qa: 1989-09-24T17:01:49.8400190Z
Failed qa: 1989-09-26T16:49:40.318531Z
Failed qa: 1989-09-26T16:50:04.161506Z
Failed qa: 1989-10-03T16:55:34.6550940Z
Failed qa: 1989-10-10T17:01:29.9280630Z
Failed qa: 1989-10-21T16:43:02.533540Z
Failed qa: 1989-10-28T16:48:40.394044Z
Failed qa: 1989-10-28T16:48:52.3890250Z
Data has been pickled and saved to '/efs/timesync/1989/audit/1989_3906_1211_qa_rejects.p'.
Success tracking goes here
