{'project_id': '1211', 'year': '1989', 'x': -1439820, 'y': 1633470, 'plot_id': '3375', 'strata': '41'}
Pandas(Index=0, project_id='1211', plot_id='3375', x=-1439820, y=1633470)
called process_plot
Pandas(Index=0, project_id='1211', plot_id='3375', x=-1439820, y=1633470)
3375
Directory '/efs/timesync/1989/audit/' already exists.
Data has been pickled and saved to '/efs/timesync/1989/audit/1989_3375_1211.p'.
Failed qa: 1989-02-16T17:36:25.6590810Z
Failed qa: 1989-02-25T17:29:55.6980190Z
.....................Failed qa: 1989-04-22T17:25:54.6710750Z
..............Failed qa: 1989-05-08T17:25:43.1160810Z
..............Failed qa: 1989-05-24T17:25:24.9870130Z
..............Failed qa: 1989-06-09T17:25:07.8830440Z
.....................Failed qa: 1989-06-25T17:24:47.0940690Z
...............................................................Failed qa: 1989-08-12T17:23:48.0020500Z
.....................Failed qa: 1989-08-28T17:23:28.1270880Z
.....................Failed qa: 1989-09-13T17:22:54.8110130Z
.....................Failed qa: 1989-09-29T17:22:44.5590380Z
..............Failed qa: 1989-10-15T17:22:10.4970250Z
.....................Data has been pickled and saved to '/efs/timesync/1989/audit/1989_3375_1211_qa_rejects.p'.
Success tracking goes here
