{'project_id': '1211', 'year': '1989', 'x': 1044570, 'y': 2245470, 'plot_id': '4943', 'strata': '41'}
Pandas(Index=0, project_id='1211', plot_id='4943', x=1044570, y=2245470)
called process_plot
Pandas(Index=0, project_id='1211', plot_id='4943', x=1044570, y=2245470)
4943
Directory '/efs/timesync/1989/audit/' already exists.
Data has been pickled and saved to '/efs/timesync/1989/audit/1989_4943_1211.p'.
.......Failed qa: 1989-01-18T15:34:13.481559Z
Failed qa: 1989-02-01T15:46:35.3080310Z
Failed qa: 1989-02-03T15:33:50.2830560Z
Failed qa: 1989-02-10T15:40:09.837050Z
.......Failed qa: 1989-02-19T15:34:09.239047Z
Failed qa: 1989-03-07T15:33:47.602563Z
.......Failed qa: 1989-03-23T15:33:06.424053Z
Failed qa: 1989-03-30T15:38:57.1800690Z
.......Failed qa: 1989-04-08T15:33:20.937525Z
Failed qa: 1989-04-15T15:39:14.786031Z
.......Failed qa: 1989-04-24T15:33:02.966034Z
Failed qa: 1989-05-01T15:38:57.580569Z
.......Failed qa: 1989-05-10T15:32:25.9500810Z
Failed qa: 1989-05-17T15:38:37.317031Z
.......Failed qa: 1989-05-26T15:32:33.392537Z
Failed qa: 1989-06-02T15:38:26.345566Z
.......Failed qa: 1989-06-11T15:32:13.863538Z
Failed qa: 1989-06-18T15:38:00.511532Z
.......Failed qa: 1989-07-04T15:37:46.636034Z
..............Failed qa: 1989-07-29T15:31:17.686503Z
Failed qa: 1989-08-05T15:37:06.946038Z
.......Failed qa: 1989-08-14T15:30:54.774075Z
Failed qa: 1989-08-21T15:36:44.648040Z
.......Failed qa: 1989-08-30T15:30:35.130047Z
Failed qa: 1989-09-06T15:36:23.559057Z
Failed qa: 1989-09-15T15:29:36.5000000Z
Failed qa: 1989-09-22T15:36:05.9310880Z
.......Failed qa: 1989-10-01T15:29:41.168516Z
Failed qa: 1989-10-08T15:35:52.6040440Z
.......Failed qa: 1989-10-24T15:34:58.078088Z
Failed qa: 1989-11-02T15:28:54.182519Z
Failed qa: 1989-11-09T15:34:50.6090060Z
Failed qa: 1989-11-18T15:28:04.027532Z
Data has been pickled and saved to '/efs/timesync/1989/audit/1989_4943_1211_qa_rejects.p'.
Success tracking goes here
