{'project_id': '1211', 'year': '1989', 'x': -1705800, 'y': 2808750, 'plot_id': '2009', 'strata': '41'}
Pandas(Index=0, project_id='1211', plot_id='2009', x=-1705800, y=2808750)
called process_plot
Pandas(Index=0, project_id='1211', plot_id='2009', x=-1705800, y=2808750)
2009
Directory '/efs/timesync/1989/audit/' already exists.
Data has been pickled and saved to '/efs/timesync/1989/audit/1989_2009_1211.p'.
Failed qa: 1989-01-24T18:14:01.8200880Z
.....................Failed qa: 1989-03-04T18:19:09.7880060Z
.......Failed qa: 1989-03-20T18:18:41.890541Z
.......Failed qa: 1989-04-05T18:18:47.870566Z
..............Failed qa: 1989-04-16T18:00:21.9240880Z
Failed qa: 1989-04-21T18:18:33.468050Z
.......Failed qa: 1989-05-07T18:18:22.644541Z
.....................Failed qa: 1989-05-18T17:59:44.0960810Z
Failed qa: 1989-05-23T18:18:03.797072Z
..............Failed qa: 1989-05-26T18:04:44.5180440Z
.......Failed qa: 1989-06-03T17:59:34.3880060Z
Failed qa: 1989-06-08T18:17:47.499059Z
.....................Failed qa: 1989-06-19T17:59:08.6670940Z
Failed qa: 1989-06-24T18:17:37.5300060Z
..............Failed qa: 1989-07-05T17:58:53.9240880Z
Failed qa: 1989-07-10T18:17:08.921044Z
..............Failed qa: 1989-07-21T17:58:34.3580060Z
Failed qa: 1989-07-26T18:16:49.795009Z
..............Failed qa: 1989-07-29T18:04:49.7930380Z
.......Failed qa: 1989-08-06T17:58:14.6130440Z
Failed qa: 1989-08-11T18:16:27.634075Z
.......Failed qa: 1989-08-14T18:04:48.4920630Z
.....................Failed qa: 1989-09-07T17:57:30.4040880Z
Failed qa: 1989-09-12T18:15:36.545547Z
.......Failed qa: 1989-09-23T17:57:03.3420500Z
Failed qa: 1989-09-28T18:15:23.246560Z
.......Failed qa: 1989-10-14T18:14:51.305513Z
..............Failed qa: 1989-10-30T18:14:24.259022Z
Data has been pickled and saved to '/efs/timesync/1989/audit/1989_2009_1211_qa_rejects.p'.
Success tracking goes here
