{'project_id': '1211', 'year': '1989', 'x': -671730, 'y': 954990, 'plot_id': '1295', 'strata': '41'}
Pandas(Index=0, project_id='1211', plot_id='1295', x=-671730, y=954990)
called process_plot
Pandas(Index=0, project_id='1211', plot_id='1295', x=-671730, y=954990)
1295
Directory '/efs/timesync/1989/audit/' already exists.
Data has been pickled and saved to '/efs/timesync/1989/audit/1989_1295_1211.p'.
..............Failed qa: 1989-03-25T17:02:14.853050Z
.....................Failed qa: 1989-04-10T17:02:27.168575Z
.....................Failed qa: 1989-04-26T17:02:07.407035Z
..............Failed qa: 1989-05-28T17:01:38.949069Z
.......Failed qa: 1989-06-13T17:01:15.325047Z
Failed qa: 1989-06-21T17:06:43.393516Z
Failed qa: 1989-06-30T17:00:47.334540Z
Failed qa: 1989-07-07T17:06:47.063031Z
.......Failed qa: 1989-07-15T17:00:40.619532Z
.......Failed qa: 1989-07-31T17:00:21.585515Z
.......Failed qa: 1989-08-16T16:59:57.186038Z
..............Failed qa: 1989-09-17T16:59:06.118044Z
.......Failed qa: 1989-10-03T16:58:57.754554Z
Failed qa: 1989-10-21T16:45:37.7430750Z
.......Data has been pickled and saved to '/efs/timesync/1989/audit/1989_1295_1211_qa_rejects.p'.
Success tracking goes here
