{'project_id': '1211', 'year': '1989', 'x': -1501920, 'y': 2893230, 'plot_id': '1807', 'strata': '41'}
Pandas(Index=0, project_id='1211', plot_id='1807', x=-1501920, y=2893230)
called process_plot
Pandas(Index=0, project_id='1211', plot_id='1807', x=-1501920, y=2893230)
1807
Directory '/efs/timesync/1989/audit/' already exists.
Data has been pickled and saved to '/efs/timesync/1989/audit/1989_1807_1211.p'.
.......Failed qa: 1989-02-18T18:06:40.5710000Z
..............Failed qa: 1989-03-24T17:53:28.695531Z
..............Failed qa: 1989-04-09T17:53:42.117569Z
..............Failed qa: 1989-04-25T17:53:35.0090750Z
.......Failed qa: 1989-05-11T17:52:57.2000380Z
..............Failed qa: 1989-05-27T17:52:54.060038Z
..............Failed qa: 1989-06-12T17:52:32.297085Z
Failed qa: 1989-06-19T17:58:21.0020500Z
Failed qa: 1989-06-28T17:52:16.426550Z
.......Failed qa: 1989-07-14T17:51:56.546578Z
.....................Failed qa: 1989-07-30T17:51:37.734069Z
.....................Failed qa: 1989-08-15T17:51:14.109006Z
Failed qa: 1989-08-22T17:57:04.9250310Z
..............Failed qa: 1989-09-16T17:50:21.537519Z
.......Failed qa: 1989-09-30T18:02:24.7900880Z
Failed qa: 1989-10-02T17:50:13.556041Z
.......Failed qa: 1989-10-18T17:49:31.269506Z
.......Data has been pickled and saved to '/efs/timesync/1989/audit/1989_1807_1211_qa_rejects.p'.
Success tracking goes here
