{'project_id': '1211', 'year': '1989', 'x': -1895940, 'y': 1666290, 'plot_id': '2396', 'strata': '41'}
Pandas(Index=0, project_id='1211', plot_id='2396', x=-1895940, y=1666290)
called process_plot
Pandas(Index=0, project_id='1211', plot_id='2396', x=-1895940, y=1666290)
2396
Directory '/efs/timesync/1989/audit/' already exists.
Data has been pickled and saved to '/efs/timesync/1989/audit/1989_2396_1211.p'.
..............Failed qa: 1989-01-26T18:03:52.138060Z
Failed qa: 1989-01-28T17:51:32.578553Z
Failed qa: 1989-01-28T17:51:56.543534Z
Failed qa: 1989-02-27T18:03:43.629551Z
Failed qa: 1989-03-15T18:03:11.014544Z
Failed qa: 1989-03-17T17:50:38.716053Z
Failed qa: 1989-03-17T17:51:02.612572Z
..............Failed qa: 1989-03-31T18:02:55.228553Z
Failed qa: 1989-04-02T17:50:36.984040Z
Failed qa: 1989-04-02T17:51:00.882043Z
..............Failed qa: 1989-04-11T17:45:06.5760810Z
Failed qa: 1989-04-16T18:02:57.162566Z
............................Failed qa: 1989-04-27T17:44:45.7220060Z
Failed qa: 1989-05-02T18:02:41.280019Z
............................Failed qa: 1989-05-13T17:44:31.3960810Z
Failed qa: 1989-05-18T18:02:19.350031Z
..............Failed qa: 1989-05-26T18:07:07.7660060Z
..............Failed qa: 1989-05-29T17:44:18.0200060Z
Failed qa: 1989-06-03T18:02:09.649563Z
..............Failed qa: 1989-06-06T17:49:23.2850690Z
..............Failed qa: 1989-06-13T17:54:54.746013Z
Failed qa: 1989-06-13T17:55:06.7310000Z
Failed qa: 1989-06-14T17:43:52.3050940Z
Failed qa: 1989-06-19T18:01:43.939050Z
............................Failed qa: 1989-06-29T17:55:00.712022Z
Failed qa: 1989-06-29T17:55:12.6970190Z
Failed qa: 1989-06-30T17:43:39.8130750Z
Failed qa: 1989-07-05T18:01:29.061053Z
............................Failed qa: 1989-07-15T17:54:52.4640880Z
Failed qa: 1989-07-16T17:43:19.2550940Z
Failed qa: 1989-07-21T18:01:09.359587Z
..............Failed qa: 1989-07-29T18:07:13.0420380Z
..............Failed qa: 1989-07-31T17:54:51.4530440Z
Failed qa: 1989-08-01T17:42:59.8800190Z
Failed qa: 1989-08-06T18:00:49.769584Z
..............Failed qa: 1989-08-14T18:07:11.7410440Z
..............Failed qa: 1989-08-16T17:54:47.8870310Z
Failed qa: 1989-08-17T17:42:34.4400310Z
Failed qa: 1989-08-22T18:00:27.773044Z
............................Failed qa: 1989-09-02T17:42:17.6140690Z
Failed qa: 1989-09-07T18:00:05.583087Z
..............Failed qa: 1989-09-16T17:53:20.5630630Z
Failed qa: 1989-09-18T17:41:45.0970630Z
Failed qa: 1989-09-23T17:59:38.676075Z
............................Failed qa: 1989-10-04T17:41:36.3610750Z
............................Failed qa: 1989-10-25T17:58:40.150575Z
Failed qa: 1989-10-27T17:46:16.664047Z
Failed qa: 1989-10-27T17:46:40.582022Z
..............Failed qa: 1989-11-04T17:55:22.3200750Z
Failed qa: 1989-11-10T17:58:20.356028Z
Failed qa: 1989-11-11T18:01:25.2420750Z
Failed qa: 1989-11-12T17:46:03.9590560Z
Failed qa: 1989-11-12T17:46:15.954531Z
Failed qa: 1989-11-18T18:07:06.1240060Z
..............Failed qa: 1989-11-20T17:55:09.6720250Z
Failed qa: 1989-11-26T17:57:52.320050Z
..............Data has been pickled and saved to '/efs/timesync/1989/audit/1989_2396_1211_qa_rejects.p'.
Success tracking goes here
