{'project_id': '1211', 'year': '1989', 'x': 117000, 'y': 1830990, 'plot_id': '1480', 'strata': '41'}
Pandas(Index=0, project_id='1211', plot_id='1480', x=117000, y=1830990)
called process_plot
Pandas(Index=0, project_id='1211', plot_id='1480', x=117000, y=1830990)
1480
Directory '/efs/timesync/1989/audit/' already exists.
Data has been pickled and saved to '/efs/timesync/1989/audit/1989_1480_1211.p'.
Failed qa: 1989-01-08T16:36:39.7410500Z
..............Failed qa: 1989-01-24T16:36:32.494053Z
.......Failed qa: 1989-02-09T16:36:34.464553Z
.......Failed qa: 1989-02-25T16:36:26.708059Z
.................................................Failed qa: 1989-04-30T16:35:23.109047Z
..............Failed qa: 1989-05-16T16:35:04.400581Z
.......Failed qa: 1989-06-17T16:34:26.355085Z
..............Failed qa: 1989-07-03T16:34:13.469022Z
.......Failed qa: 1989-07-19T16:33:52.658534Z
.......Failed qa: 1989-07-27T16:40:05.454075Z
.......Failed qa: 1989-08-04T16:33:33.404575Z
.......Failed qa: 1989-08-12T16:39:53.8720630Z
.......Failed qa: 1989-08-20T16:32:58.5490440Z
.......Failed qa: 1989-08-28T16:40:04.458028Z
..............Failed qa: 1989-10-07T16:32:08.339572Z
.......Failed qa: 1989-10-23T16:31:25.029562Z
..............Failed qa: 1989-11-08T16:31:07.108066Z
..............Data has been pickled and saved to '/efs/timesync/1989/audit/1989_1480_1211_qa_rejects.p'.
Success tracking goes here
