{'project_id': '1211', 'year': '1989', 'x': -1399440, 'y': 2117580, 'plot_id': '4628', 'strata': '41'}
Pandas(Index=0, project_id='1211', plot_id='4628', x=-1399440, y=2117580)
called process_plot
Pandas(Index=0, project_id='1211', plot_id='4628', x=-1399440, y=2117580)
4628
Directory '/efs/timesync/1989/audit/' already exists.
Data has been pickled and saved to '/efs/timesync/1989/audit/1989_4628_1211.p'.
..............Failed qa: 1989-01-28T17:50:32.9540250Z
Failed qa: 1989-01-28T17:50:32.9540250Z
............................Failed qa: 1989-03-17T17:49:15.257053Z
Failed qa: 1989-03-17T17:49:39.0820440Z
............................Failed qa: 1989-04-02T17:49:37.4900560Z
Failed qa: 1989-04-02T17:49:37.4900560Z
............................Failed qa: 1989-04-18T17:49:19.794535Z
Failed qa: 1989-04-18T17:49:31.7800500Z
..............Failed qa: 1989-05-04T17:49:06.473541Z
Failed qa: 1989-05-04T17:49:18.4600190Z
............................Failed qa: 1989-05-20T17:48:46.318040Z
Failed qa: 1989-05-20T17:48:58.3050250Z
............................Failed qa: 1989-06-05T17:48:33.802547Z
Failed qa: 1989-06-05T17:48:45.7900440Z
..............Failed qa: 1989-06-13T17:53:43.122040Z
Failed qa: 1989-06-13T17:53:55.1070250Z
..............Failed qa: 1989-06-21T17:48:08.405035Z
Failed qa: 1989-06-21T17:48:20.3930560Z
..............Failed qa: 1989-06-29T17:53:49.087066Z
Failed qa: 1989-06-29T17:54:01.0720630Z
..............Failed qa: 1989-07-07T17:47:53.433022Z
Failed qa: 1989-07-07T17:48:05.4220190Z
..............Failed qa: 1989-07-15T17:53:52.825010Z
Failed qa: 1989-07-15T17:54:04.8100130Z
..............Failed qa: 1989-07-23T17:47:34.482053Z
Failed qa: 1989-07-23T17:47:46.4720250Z
..............Failed qa: 1989-07-31T17:53:51.813091Z
Failed qa: 1989-07-31T17:54:03.7980880Z
..............Failed qa: 1989-08-08T17:47:13.526566Z
Failed qa: 1989-08-08T17:47:25.5170630Z
..............Failed qa: 1989-08-16T17:53:48.247056Z
Failed qa: 1989-08-16T17:54:00.2320560Z
..............Failed qa: 1989-08-24T17:46:51.976516Z
Failed qa: 1989-08-24T17:47:03.9680190Z
............................Failed qa: 1989-09-09T17:46:27.458037Z
Failed qa: 1989-09-09T17:46:39.4500500Z
............................Failed qa: 1989-09-25T17:46:05.406547Z
Failed qa: 1989-09-25T17:46:17.4000130Z
............................Failed qa: 1989-10-11T17:45:41.681025Z
Failed qa: 1989-10-11T17:45:53.6750310Z
............................Failed qa: 1989-10-27T17:45:05.126525Z
Failed qa: 1989-10-27T17:45:17.1210500Z
..............Data has been pickled and saved to '/efs/timesync/1989/audit/1989_4628_1211_qa_rejects.p'.
Success tracking goes here
