{'project_id': '1211', 'year': '1989', 'x': 93450, 'y': 1754550, 'plot_id': '82', 'strata': '41'}
Pandas(Index=0, project_id='1211', plot_id='82', x=93450, y=1754550)
called process_plot
Pandas(Index=0, project_id='1211', plot_id='82', x=93450, y=1754550)
82
Directory '/efs/timesync/1989/audit/' already exists.
Data has been pickled and saved to '/efs/timesync/1989/audit/1989_0082_1211.p'.
..............Failed qa: 1989-01-24T16:36:56.315063Z
.......Failed qa: 1989-02-09T16:36:46.4470940Z
.......Failed qa: 1989-02-25T16:36:38.6910940Z
..............Failed qa: 1989-03-13T16:36:34.2680940Z
..............Failed qa: 1989-04-07T16:30:09.2710310Z
..............Failed qa: 1989-04-30T16:35:35.0950560Z
.......Failed qa: 1989-05-09T16:29:40.3410250Z
Failed qa: 1989-05-16T16:35:16.3870940Z
.......Failed qa: 1989-06-17T16:34:38.3430940Z
..............Failed qa: 1989-07-03T16:34:25.4580060Z
.......Failed qa: 1989-07-19T16:34:04.6480250Z
.......Failed qa: 1989-07-27T16:40:29.281547Z
.......Failed qa: 1989-08-04T16:33:45.3950560Z
.......Failed qa: 1989-08-12T16:40:41.5270000Z
..............Failed qa: 1989-08-28T16:40:28.285031Z
..............Failed qa: 1989-10-07T16:32:20.3330940Z
.......Failed qa: 1989-10-23T16:31:37.0240690Z
..............Failed qa: 1989-11-08T16:31:19.1030690Z
..............Data has been pickled and saved to '/efs/timesync/1989/audit/1989_0082_1211_qa_rejects.p'.
Success tracking goes here
