{'project_id': '1211', 'year': '1989', 'x': -454020, 'y': 2795670, 'plot_id': '73', 'strata': '41'}
Pandas(Index=0, project_id='1211', plot_id='73', x=-454020, y=2795670)
called process_plot
Pandas(Index=0, project_id='1211', plot_id='73', x=-454020, y=2795670)
73
Directory '/efs/timesync/1989/audit/' already exists.
Data has been pickled and saved to '/efs/timesync/1989/audit/1989_0073_1211.p'.
.....................Failed qa: 1989-04-10T16:58:04.640510Z
.......Failed qa: 1989-04-26T16:57:32.8070690Z
............................Failed qa: 1989-05-28T16:57:16.167029Z
............................Failed qa: 1989-06-21T17:02:08.9530380Z
.......Failed qa: 1989-07-07T17:02:24.533560Z
..............Failed qa: 1989-07-15T16:56:18.150578Z
..............Failed qa: 1989-07-31T16:55:59.094532Z
.....................Failed qa: 1989-08-16T16:55:34.530569Z
..............Failed qa: 1989-08-31T17:08:23.0720130Z
Failed qa: 1989-09-01T16:55:16.314084Z
.....................Failed qa: 1989-09-17T16:54:43.357562Z
.......Failed qa: 1989-10-03T16:54:35.118588Z
..............Data has been pickled and saved to '/efs/timesync/1989/audit/1989_0073_1211_qa_rejects.p'.
Success tracking goes here
