{'project_id': '1211', 'year': '1989', 'x': -1235880, 'y': 1304550, 'plot_id': '993', 'strata': '41'}
Pandas(Index=0, project_id='1211', plot_id='993', x=-1235880, y=1304550)
called process_plot
Pandas(Index=0, project_id='1211', plot_id='993', x=-1235880, y=1304550)
993
Directory '/efs/timesync/1989/audit/' already exists.
Data has been pickled and saved to '/efs/timesync/1989/audit/1989_0993_1211.p'.
Failed qa: 1989-02-09T17:30:24.741513Z
Failed qa: 1989-02-25T17:30:31.580044Z
Failed qa: 1989-03-21T17:26:37.117550Z
.......Failed qa: 1989-04-22T17:26:30.485044Z
.......Failed qa: 1989-05-08T17:26:19.003575Z
.......Failed qa: 1989-05-24T17:26:00.804034Z
.......Failed qa: 1989-06-09T17:25:43.702050Z
Failed qa: 1989-06-10T17:25:03.2980060Z
Failed qa: 1989-06-17T17:31:13.4280940Z
.......Failed qa: 1989-06-25T17:25:22.916050Z
...................................Failed qa: 1989-08-12T17:24:23.830569Z
.......Failed qa: 1989-08-28T17:24:04.030047Z
.......Failed qa: 1989-09-13T17:23:30.715575Z
.......Failed qa: 1989-09-29T17:23:20.467510Z
.......Failed qa: 1989-10-15T17:22:46.264507Z
.......Data has been pickled and saved to '/efs/timesync/1989/audit/1989_0993_1211_qa_rejects.p'.
Success tracking goes here
