{'project_id': '1211', 'year': '1989', 'x': 764370, 'y': 1310820, 'plot_id': '2901', 'strata': '41'}
Pandas(Index=0, project_id='1211', plot_id='2901', x=764370, y=1310820)
called process_plot
Pandas(Index=0, project_id='1211', plot_id='2901', x=764370, y=1310820)
2901
Directory '/efs/timesync/1989/audit/' already exists.
Data has been pickled and saved to '/efs/timesync/1989/audit/1989_2901_1211.p'.
Failed qa: 1989-01-16T15:48:50.538088Z
.......Failed qa: 1989-01-30T16:00:55.4780310Z
.....................Failed qa: 1989-03-19T15:59:57.6020310Z
Failed qa: 1989-04-06T15:47:52.808050Z
.......Failed qa: 1989-04-20T15:59:48.0020500Z
Failed qa: 1989-04-22T15:47:37.352013Z
.......Failed qa: 1989-05-08T15:47:14.0300130Z
.......Failed qa: 1989-05-22T15:59:18.4800060Z
Failed qa: 1989-05-24T15:47:07.750019Z
.......Failed qa: 1989-06-09T15:46:38.6550690Z
Failed qa: 1989-06-23T15:58:39.8150380Z
Failed qa: 1989-06-25T15:46:29.787050Z
Failed qa: 1989-07-02T15:52:46.4830750Z
Failed qa: 1989-07-11T15:46:11.929047Z
.......Failed qa: 1989-07-27T15:45:52.902544Z
Failed qa: 1989-08-12T15:45:30.807063Z
.......Failed qa: 1989-08-28T15:45:10.938050Z
.......Failed qa: 1989-09-13T15:44:37.813538Z
..............Failed qa: 1989-10-15T15:43:53.340557Z
.......Failed qa: 1989-10-31T15:43:28.391050Z
Failed qa: 1989-11-16T15:42:52.380538Z
Data has been pickled and saved to '/efs/timesync/1989/audit/1989_2901_1211_qa_rejects.p'.
Success tracking goes here
