{'project_id': '1211', 'year': '1989', 'x': -89040, 'y': 2769660, 'plot_id': '2332', 'strata': '41'}
Pandas(Index=0, project_id='1211', plot_id='2332', x=-89040, y=2769660)
called process_plot
Pandas(Index=0, project_id='1211', plot_id='2332', x=-89040, y=2769660)
2332
Directory '/efs/timesync/1989/audit/' already exists.
Data has been pickled and saved to '/efs/timesync/1989/audit/1989_2332_1211.p'.
Failed qa: 1989-02-16T16:40:21.976025Z
..............Failed qa: 1989-03-20T16:39:25.046043Z
Failed qa: 1989-04-05T16:39:30.865044Z
.......Failed qa: 1989-04-19T16:51:41.047544Z
.......Failed qa: 1989-04-21T16:39:16.529031Z
.......Failed qa: 1989-05-05T16:51:29.338581Z
Failed qa: 1989-05-07T16:39:05.684053Z
.......Failed qa: 1989-05-21T16:51:09.337056Z
Failed qa: 1989-05-23T16:38:46.908554Z
.......Failed qa: 1989-06-06T16:50:55.803056Z
Failed qa: 1989-06-24T16:38:08.650513Z
Failed qa: 1989-06-30T16:56:12.677550Z
.......Failed qa: 1989-07-08T16:50:15.883528Z
Failed qa: 1989-07-10T16:37:52.036522Z
.......Failed qa: 1989-07-24T16:49:56.871013Z
Failed qa: 1989-07-26T16:37:32.928082Z
.......Failed qa: 1989-08-09T16:49:35.200019Z
Failed qa: 1989-08-11T16:37:10.775057Z
.......Failed qa: 1989-08-27T16:36:50.665054Z
Failed qa: 1989-09-02T16:56:13.502541Z
Failed qa: 1989-09-03T16:42:40.1760940Z
Failed qa: 1989-09-10T16:48:48.027509Z
Failed qa: 1989-09-12T16:36:19.830594Z
.......Failed qa: 1989-09-26T16:48:28.646072Z
Failed qa: 1989-10-14T16:35:34.556525Z
.......Failed qa: 1989-10-28T16:47:28.784047Z
.......Failed qa: 1989-11-15T16:34:32.722513Z
Failed qa: 1989-12-01T16:34:03.2240130Z
Data has been pickled and saved to '/efs/timesync/1989/audit/1989_2332_1211_qa_rejects.p'.
Success tracking goes here
