{'project_id': '1211', 'year': '1989', 'x': -24390, 'y': 2184030, 'plot_id': '2925', 'strata': '41'}
Pandas(Index=0, project_id='1211', plot_id='2925', x=-24390, y=2184030)
called process_plot
Pandas(Index=0, project_id='1211', plot_id='2925', x=-24390, y=2184030)
2925
Directory '/efs/timesync/1989/audit/' already exists.
Data has been pickled and saved to '/efs/timesync/1989/audit/1989_2925_1211.p'.
..............Failed qa: 1989-01-22T16:48:07.088066Z
.......Failed qa: 1989-02-07T16:48:10.452528Z
..............Failed qa: 1989-02-23T16:48:13.7520130Z
.......Failed qa: 1989-03-04T16:41:52.2110500Z
Failed qa: 1989-03-11T16:47:37.081531Z
.......Failed qa: 1989-03-27T16:47:07.696537Z
.......Failed qa: 1989-04-12T16:47:17.398026Z
Failed qa: 1989-04-20T16:51:22.296006Z
.......Failed qa: 1989-04-28T16:46:57.224525Z
Failed qa: 1989-04-30T16:34:47.1510130Z
.......Failed qa: 1989-05-14T16:46:41.518019Z
.......Failed qa: 1989-05-23T16:40:34.2880690Z
.......Failed qa: 1989-07-01T16:45:50.083054Z
..............Failed qa: 1989-07-17T16:45:29.484516Z
.....................Failed qa: 1989-08-02T16:45:09.841557Z
.....................Failed qa: 1989-08-18T16:44:45.708582Z
.......Failed qa: 1989-09-03T16:44:27.672575Z
..............Failed qa: 1989-09-19T16:43:55.578031Z
..............Failed qa: 1989-10-21T16:43:02.533540Z
.......Failed qa: 1989-11-08T16:30:31.1230440Z
Failed qa: 1989-11-15T16:36:20.0340310Z
.......Data has been pickled and saved to '/efs/timesync/1989/audit/1989_2925_1211_qa_rejects.p'.
Success tracking goes here
