{'project_id': '1211', 'year': '1989', 'x': -571860, 'y': 2868030, 'plot_id': '3088', 'strata': '41'}
Pandas(Index=0, project_id='1211', plot_id='3088', x=-571860, y=2868030)
called process_plot
Pandas(Index=0, project_id='1211', plot_id='3088', x=-571860, y=2868030)
3088
Directory '/efs/timesync/1989/audit/' already exists.
Data has been pickled and saved to '/efs/timesync/1989/audit/1989_3088_1211.p'.
Failed qa: 1989-03-16T17:04:05.1450810Z
Failed qa: 1989-03-16T17:04:17.057569Z
Failed qa: 1989-03-21T17:22:26.4480940Z
Failed qa: 1989-04-01T17:03:56.9710190Z
Failed qa: 1989-04-01T17:04:08.884029Z
............................Failed qa: 1989-04-17T17:03:55.1790560Z
Failed qa: 1989-04-17T17:04:07.093044Z
Failed qa: 1989-04-22T17:22:19.7880440Z
..............Failed qa: 1989-05-03T17:03:40.4130750Z
Failed qa: 1989-05-03T17:03:52.327575Z
Failed qa: 1989-05-08T17:22:08.2220130Z
............................Failed qa: 1989-05-19T17:03:43.2150440Z
Failed qa: 1989-05-24T17:21:49.9400190Z
..............Failed qa: 1989-06-02T17:15:55.8880500Z
Failed qa: 1989-06-04T17:03:08.2060810Z
Failed qa: 1989-06-04T17:03:20.122050Z
Failed qa: 1989-06-09T17:21:32.9670810Z
..............Failed qa: 1989-06-17T17:26:50.9020940Z
............................Failed qa: 1989-06-20T17:02:42.7760440Z
Failed qa: 1989-06-20T17:02:54.764066Z
Failed qa: 1989-06-25T17:21:12.1630000Z
Failed qa: 1989-06-26T17:21:07.5370380Z
........................................................Failed qa: 1989-07-14T17:08:26.0820500Z
Failed qa: 1989-07-14T17:08:37.995562Z
..............Failed qa: 1989-07-22T17:02:08.4950690Z
Failed qa: 1989-07-22T17:02:20.413059Z
..............Failed qa: 1989-08-05T17:14:36.5470190Z
Failed qa: 1989-08-07T17:01:48.2990380Z
Failed qa: 1989-08-07T17:02:00.217560Z
Failed qa: 1989-08-12T17:20:13.1730940Z
..............Failed qa: 1989-08-15T17:08:22.7400560Z
Failed qa: 1989-08-15T17:08:34.653568Z
..............Failed qa: 1989-08-23T17:01:26.4610690Z
Failed qa: 1989-08-23T17:01:38.381044Z
..............Failed qa: 1989-08-31T17:08:23.0720130Z
Failed qa: 1989-08-31T17:08:23.0720130Z
............................Failed qa: 1989-09-08T17:01:03.0840630Z
Failed qa: 1989-09-08T17:01:15.076535Z
Failed qa: 1989-09-13T17:19:19.8100810Z
............................Failed qa: 1989-09-24T17:00:38.3120380Z
Failed qa: 1989-09-24T17:00:50.305054Z
Failed qa: 1989-09-29T17:19:09.6840130Z
..............Failed qa: 1989-10-10T17:00:18.3950630Z
Failed qa: 1989-10-10T17:00:30.389063Z
Failed qa: 1989-10-15T17:18:35.6060130Z
............................Data has been pickled and saved to '/efs/timesync/1989/audit/1989_3088_1211_qa_rejects.p'.
Success tracking goes here
