{'project_id': '1211', 'year': '1989', 'x': 295170, 'y': 2209860, 'plot_id': '774', 'strata': '41'}
Pandas(Index=0, project_id='1211', plot_id='774', x=295170, y=2209860)
called process_plot
Pandas(Index=0, project_id='1211', plot_id='774', x=295170, y=2209860)
774
Directory '/efs/timesync/1989/audit/' already exists.
Data has been pickled and saved to '/efs/timesync/1989/audit/1989_0774_1211.p'.
Failed qa: 1989-01-03T16:17:46.2220130Z
.......Failed qa: 1989-01-12T16:11:15.047091Z
Failed qa: 1989-01-19T16:17:14.850547Z
.......Failed qa: 1989-01-28T16:11:03.948529Z
Failed qa: 1989-02-04T16:17:05.8540000Z
.......Failed qa: 1989-02-20T16:17:12.051587Z
.......Failed qa: 1989-03-01T16:10:50.813028Z
Failed qa: 1989-03-08T16:17:00.7980560Z
Failed qa: 1989-03-24T16:16:10.936053Z
.......Failed qa: 1989-04-02T16:10:08.391059Z
Failed qa: 1989-04-09T16:16:24.440559Z
.......Failed qa: 1989-04-18T16:09:51.2110000Z
Failed qa: 1989-04-25T16:16:05.566553Z
.......Failed qa: 1989-05-11T16:15:51.651022Z
Failed qa: 1989-05-20T16:09:29.286525Z
Failed qa: 1989-05-27T16:15:36.538572Z
.......Failed qa: 1989-06-04T16:20:41.283541Z
Failed qa: 1989-06-05T16:09:16.911072Z
.......Failed qa: 1989-06-21T16:08:51.588531Z
Failed qa: 1989-06-28T16:14:58.847550Z
.......Failed qa: 1989-07-07T16:08:36.446540Z
Failed qa: 1989-07-14T16:14:38.936532Z
.......Failed qa: 1989-07-23T16:08:17.507025Z
Failed qa: 1989-07-30T16:14:31.9750500Z
Failed qa: 1989-08-15T16:14:08.4190810Z
.......Failed qa: 1989-09-16T16:13:03.970040Z
.......Failed qa: 1989-09-25T16:06:48.473585Z
Failed qa: 1989-10-02T16:13:07.9360810Z
.......Failed qa: 1989-10-11T16:06:25.062538Z
Failed qa: 1989-10-18T16:12:13.906510Z
.......Failed qa: 1989-11-03T16:11:57.004562Z
.......Failed qa: 1989-11-12T16:05:23.706566Z
Failed qa: 1989-11-19T16:11:16.266532Z
Data has been pickled and saved to '/efs/timesync/1989/audit/1989_0774_1211_qa_rejects.p'.
Success tracking goes here
