{'project_id': '1211', 'year': '1989', 'x': 446850, 'y': 1662540, 'plot_id': '3168', 'strata': '41'}
Pandas(Index=0, project_id='1211', plot_id='3168', x=446850, y=1662540)
called process_plot
Pandas(Index=0, project_id='1211', plot_id='3168', x=446850, y=1662540)
3168
Directory '/efs/timesync/1989/audit/' already exists.
Data has been pickled and saved to '/efs/timesync/1989/audit/1989_3168_1211.p'.
..............Failed qa: 1989-01-21T16:06:03.935550Z
Failed qa: 1989-01-21T16:06:27.756547Z
..............Failed qa: 1989-01-30T16:00:19.530531Z
Failed qa: 1989-02-06T16:06:07.205557Z
Failed qa: 1989-02-06T16:06:31.028022Z
Failed qa: 1989-02-22T16:05:59.433028Z
Failed qa: 1989-02-22T16:06:23.184522Z
..............Failed qa: 1989-03-03T16:00:01.709578Z
Failed qa: 1989-03-10T16:05:35.037047Z
Failed qa: 1989-03-10T16:05:58.789069Z
..............Failed qa: 1989-03-19T15:59:33.7770190Z
Failed qa: 1989-03-26T16:05:02.888029Z
Failed qa: 1989-03-26T16:05:26.642032Z
Failed qa: 1989-04-11T16:05:13.808041Z
Failed qa: 1989-04-11T16:05:37.563540Z
..............Failed qa: 1989-04-20T15:59:12.188541Z
Failed qa: 1989-05-06T15:58:50.0430630Z
Failed qa: 1989-05-13T16:04:38.696006Z
Failed qa: 1989-05-13T16:04:50.5390130Z
..............Failed qa: 1989-05-22T15:58:54.6490880Z
Failed qa: 1989-05-29T16:04:25.167554Z
Failed qa: 1989-05-29T16:04:48.998531Z
..............Failed qa: 1989-06-07T15:58:27.786556Z
Failed qa: 1989-06-14T16:03:59.613578Z
Failed qa: 1989-06-14T16:04:11.4580630Z
..............Failed qa: 1989-06-23T15:57:52.0050560Z
Failed qa: 1989-06-30T16:03:47.099041Z
Failed qa: 1989-06-30T16:04:10.861053Z
..............Failed qa: 1989-07-09T15:57:48.178019Z
Failed qa: 1989-07-16T16:03:26.615522Z
Failed qa: 1989-07-16T16:03:50.378528Z
..............Failed qa: 1989-07-25T15:57:29.167025Z
Failed qa: 1989-08-01T16:03:07.248541Z
Failed qa: 1989-08-01T16:03:31.013538Z
Failed qa: 1989-08-26T15:56:46.977510Z
Failed qa: 1989-09-02T16:02:24.877044Z
Failed qa: 1989-09-02T16:02:48.645076Z
..............Failed qa: 1989-09-18T16:01:52.308016Z
Failed qa: 1989-09-18T16:02:16.149531Z
..............Failed qa: 1989-09-27T15:56:02.164572Z
Failed qa: 1989-10-04T16:01:43.625063Z
Failed qa: 1989-10-04T16:02:07.468579Z
..............Failed qa: 1989-10-20T16:00:59.295044Z
Failed qa: 1989-10-20T16:01:23.068541Z
..............Failed qa: 1989-11-21T16:00:03.404078Z
Failed qa: 1989-11-21T16:00:27.179581Z
Data has been pickled and saved to '/efs/timesync/1989/audit/1989_3168_1211_qa_rejects.p'.
Success tracking goes here
