{'project_id': '1211', 'year': '1989', 'x': -146040, 'y': 2155350, 'plot_id': '1422', 'strata': '41'}
Pandas(Index=0, project_id='1211', plot_id='1422', x=-146040, y=2155350)
called process_plot
Pandas(Index=0, project_id='1211', plot_id='1422', x=-146040, y=2155350)
1422
Directory '/efs/timesync/1989/audit/' already exists.
Data has been pickled and saved to '/efs/timesync/1989/audit/1989_1422_1211.p'.
Failed qa: 1989-01-08T16:36:03.868550Z
.......Failed qa: 1989-01-22T16:48:07.088066Z
.......Failed qa: 1989-02-07T16:48:10.452528Z
Failed qa: 1989-02-09T16:35:46.605016Z
.......Failed qa: 1989-02-23T16:48:13.7520130Z
Failed qa: 1989-02-25T16:35:38.846537Z
.......Failed qa: 1989-03-11T16:47:37.081531Z
.....................Failed qa: 1989-04-12T16:47:17.398026Z
Failed qa: 1989-04-20T16:51:22.296006Z
.......Failed qa: 1989-04-28T16:46:57.224525Z
Failed qa: 1989-04-30T16:34:47.1510130Z
.......Failed qa: 1989-05-14T16:46:41.518019Z
Failed qa: 1989-05-16T16:34:16.598018Z
.......Failed qa: 1989-06-17T16:33:38.475028Z
Failed qa: 1989-07-01T16:45:50.083054Z
Failed qa: 1989-07-03T16:33:25.585066Z
.......Failed qa: 1989-07-17T16:45:29.484516Z
Failed qa: 1989-07-19T16:33:04.844072Z
.......Failed qa: 1989-07-27T16:39:17.657069Z
Failed qa: 1989-08-02T16:45:09.841557Z
Failed qa: 1989-08-04T16:32:45.515538Z
.......Failed qa: 1989-08-12T16:39:06.0750630Z
Failed qa: 1989-08-18T16:44:45.708582Z
Failed qa: 1989-08-20T16:32:22.718563Z
Failed qa: 1989-09-03T16:44:27.672575Z
Failed qa: 1989-09-05T16:32:02.785550Z
Failed qa: 1989-09-12T16:37:43.5620310Z
Failed qa: 1989-09-19T16:43:55.578031Z
Failed qa: 1989-10-07T16:31:20.508543Z
.......Failed qa: 1989-10-21T16:43:02.533540Z
Failed qa: 1989-10-23T16:30:37.123522Z
Failed qa: 1989-11-08T16:30:31.1230440Z
..............Data has been pickled and saved to '/efs/timesync/1989/audit/1989_1422_1211_qa_rejects.p'.
Success tracking goes here
