{'project_id': '1211', 'year': '1989', 'x': -541170, 'y': 2372220, 'plot_id': '2185', 'strata': '41'}
Pandas(Index=0, project_id='1211', plot_id='2185', x=-541170, y=2372220)
called process_plot
Pandas(Index=0, project_id='1211', plot_id='2185', x=-541170, y=2372220)
2185
Directory '/efs/timesync/1989/audit/' already exists.
Data has been pickled and saved to '/efs/timesync/1989/audit/1989_2185_1211.p'.
Failed qa: 1989-03-25T16:59:03.889037Z
.......Failed qa: 1989-04-08T17:11:38.266544Z
Failed qa: 1989-04-10T16:59:16.193532Z
.......Failed qa: 1989-04-24T17:11:20.241547Z
.......Failed qa: 1989-05-10T17:11:06.992547Z
.......Failed qa: 1989-05-26T17:10:50.698059Z
Failed qa: 1989-05-28T16:58:27.802085Z
.......Failed qa: 1989-06-11T17:10:30.963050Z
Failed qa: 1989-06-19T17:16:05.9910940Z
.......Failed qa: 1989-06-21T17:03:44.4040560Z
Failed qa: 1989-07-05T17:15:55.827069Z
Failed qa: 1989-07-07T17:03:36.087044Z
Failed qa: 1989-07-13T17:09:53.354003Z
Failed qa: 1989-07-14T17:10:01.6760880Z
Failed qa: 1989-07-15T16:57:17.7380130Z
.......Failed qa: 1989-07-29T17:09:22.8410310Z
Failed qa: 1989-07-31T16:57:10.604082Z
.......Failed qa: 1989-08-14T17:09:11.933528Z
.......Failed qa: 1989-08-16T16:56:46.118541Z
.......Failed qa: 1989-08-30T17:08:52.322550Z
.......Failed qa: 1989-09-01T16:56:27.978041Z
Failed qa: 1989-09-07T17:15:56.604037Z
.......Failed qa: 1989-09-15T17:08:17.659528Z
Failed qa: 1989-09-17T16:55:55.026535Z
.......Failed qa: 1989-10-01T17:08:10.402531Z
Failed qa: 1989-10-03T16:55:34.6550940Z
.......Failed qa: 1989-10-17T17:07:19.1040940Z
Data has been pickled and saved to '/efs/timesync/1989/audit/1989_2185_1211_qa_rejects.p'.
Success tracking goes here
