{'project_id': '1211', 'year': '1989', 'x': 756180, 'y': 2032050, 'plot_id': '1472', 'strata': '41'}
Pandas(Index=0, project_id='1211', plot_id='1472', x=756180, y=2032050)
called process_plot
Pandas(Index=0, project_id='1211', plot_id='1472', x=756180, y=2032050)
1472
Directory '/efs/timesync/1989/audit/' already exists.
Data has been pickled and saved to '/efs/timesync/1989/audit/1989_1472_1211.p'.
Failed qa: 1989-01-07T15:53:24.9660940Z
Failed qa: 1989-01-23T15:52:52.465022Z
Failed qa: 1989-02-08T15:52:55.965084Z
Failed qa: 1989-02-24T15:52:47.651525Z
.....................Failed qa: 1989-04-13T15:52:02.719588Z
.......Failed qa: 1989-04-29T15:51:43.455029Z
.......Failed qa: 1989-05-15T15:51:14.4720250Z
.......Failed qa: 1989-05-31T15:51:13.928041Z
.......Failed qa: 1989-06-16T15:50:58.7720690Z
.......Failed qa: 1989-06-24T15:56:11.0710190Z
Failed qa: 1989-07-02T15:50:23.1920560Z
.......Failed qa: 1989-07-18T15:50:26.5110690Z
.......Failed qa: 1989-08-19T15:49:31.642063Z
.......Failed qa: 1989-09-04T15:49:12.590025Z
Failed qa: 1989-09-20T15:48:40.907075Z
.......Failed qa: 1989-10-06T15:48:18.8140130Z
Failed qa: 1989-10-22T15:47:47.237503Z
Data has been pickled and saved to '/efs/timesync/1989/audit/1989_1472_1211_qa_rejects.p'.
Success tracking goes here
