{'project_id': '1211', 'year': '1989', 'x': -867930, 'y': 1510740, 'plot_id': '2877', 'strata': '41'}
Pandas(Index=0, project_id='1211', plot_id='2877', x=-867930, y=1510740)
called process_plot
Pandas(Index=0, project_id='1211', plot_id='2877', x=-867930, y=1510740)
2877
Directory '/efs/timesync/1989/audit/' already exists.
Data has been pickled and saved to '/efs/timesync/1989/audit/1989_2877_1211.p'.
Failed qa: 1989-02-27T17:17:34.6740880Z
Failed qa: 1989-03-07T17:14:16.1120810Z
Failed qa: 1989-03-25T17:01:27.058075Z
.......Failed qa: 1989-04-08T17:13:49.5300250Z
Failed qa: 1989-04-10T17:01:39.443032Z
.......Failed qa: 1989-04-24T17:13:31.5120130Z
Failed qa: 1989-04-26T17:01:19.679013Z
.......Failed qa: 1989-05-10T17:13:18.2690810Z
.......Failed qa: 1989-05-26T17:13:01.9810250Z
Failed qa: 1989-05-28T17:00:51.144559Z
.......Failed qa: 1989-06-11T17:12:42.3260500Z
Failed qa: 1989-06-13T17:00:27.589038Z
.......Failed qa: 1989-06-21T17:05:55.667544Z
Failed qa: 1989-07-05T17:18:07.0910500Z
Failed qa: 1989-07-07T17:05:59.337012Z
Failed qa: 1989-07-13T17:12:04.5140940Z
.......Failed qa: 1989-07-15T16:59:52.950057Z
.......Failed qa: 1989-07-29T17:11:46.1460940Z
Failed qa: 1989-07-31T16:59:33.911576Z
.......Failed qa: 1989-08-14T17:11:23.1880130Z
.......Failed qa: 1989-08-16T16:59:09.365066Z
.......Failed qa: 1989-08-30T17:11:03.6560940Z
.......Failed qa: 1989-09-01T16:58:39.3850310Z
Failed qa: 1989-09-07T17:18:07.9380810Z
.......Failed qa: 1989-09-15T17:10:29.0020560Z
Failed qa: 1989-09-17T16:58:18.363043Z
.......Failed qa: 1989-10-01T17:10:21.6840250Z
Failed qa: 1989-10-03T16:58:10.068035Z
.......Failed qa: 1989-10-17T17:09:42.4620810Z
Data has been pickled and saved to '/efs/timesync/1989/audit/1989_2877_1211_qa_rejects.p'.
Success tracking goes here
