{'project_id': '1211', 'year': '1989', 'x': -1774890, 'y': 2084550, 'plot_id': '1710', 'strata': '41'}
Pandas(Index=0, project_id='1211', plot_id='1710', x=-1774890, y=2084550)
called process_plot
Pandas(Index=0, project_id='1211', plot_id='1710', x=-1774890, y=2084550)
1710
Directory '/efs/timesync/1989/audit/' already exists.
Data has been pickled and saved to '/efs/timesync/1989/audit/1989_1710_1211.p'.
.......Failed qa: 1989-01-26T18:03:04.496537Z
Failed qa: 1989-01-28T17:50:44.936057Z
Failed qa: 1989-02-27T18:02:55.983057Z
.......Failed qa: 1989-03-17T17:49:51.066066Z
.......Failed qa: 1989-03-31T18:02:07.648081Z
Failed qa: 1989-04-02T17:49:49.403068Z
.......Failed qa: 1989-04-16T18:02:09.507537Z
Failed qa: 1989-04-18T17:49:43.765566Z
.......Failed qa: 1989-05-02T18:01:53.622056Z
Failed qa: 1989-05-04T17:49:30.446047Z
.......Failed qa: 1989-05-20T17:49:10.291553Z
Failed qa: 1989-05-26T18:06:32.096082Z
.......Failed qa: 1989-06-03T18:01:21.987515Z
Failed qa: 1989-06-05T17:48:57.777538Z
.......Failed qa: 1989-06-13T17:54:07.091559Z
Failed qa: 1989-06-19T18:00:56.274012Z
Failed qa: 1989-06-21T17:48:32.381531Z
.......Failed qa: 1989-06-29T17:54:13.057063Z
Failed qa: 1989-07-05T18:00:41.465025Z
Failed qa: 1989-07-07T17:48:17.411009Z
.......Failed qa: 1989-07-15T17:54:16.795016Z
Failed qa: 1989-07-21T18:00:21.832550Z
Failed qa: 1989-07-23T17:47:58.461544Z
Failed qa: 1989-07-29T18:06:37.372078Z
.......Failed qa: 1989-07-31T17:54:15.783088Z
Failed qa: 1989-08-06T18:00:02.167537Z
Failed qa: 1989-08-08T17:47:37.507563Z
Failed qa: 1989-08-14T18:06:36.071091Z
.......Failed qa: 1989-08-16T17:54:12.217060Z
Failed qa: 1989-08-22T17:59:40.166553Z
Failed qa: 1989-08-24T17:47:15.959525Z
.......Failed qa: 1989-09-07T17:59:17.974069Z
Failed qa: 1989-09-09T17:46:51.442066Z
.......Failed qa: 1989-09-23T17:58:50.992013Z
Failed qa: 1989-09-25T17:46:29.393029Z
.......Failed qa: 1989-10-11T17:46:05.669041Z
.......Failed qa: 1989-10-25T17:57:52.531072Z
Failed qa: 1989-10-27T17:45:17.1210500Z
Failed qa: 1989-11-10T17:57:32.734519Z
Failed qa: 1989-11-19T17:51:08.9580940Z
Failed qa: 1989-11-26T17:57:16.6200810Z
Data has been pickled and saved to '/efs/timesync/1989/audit/1989_1710_1211_qa_rejects.p'.
Success tracking goes here
