{'project_id': '1211', 'year': '1989', 'x': -436020, 'y': 917010, 'plot_id': '134', 'strata': '41'}
Pandas(Index=0, project_id='1211', plot_id='134', x=-436020, y=917010)
called process_plot
Pandas(Index=0, project_id='1211', plot_id='134', x=-436020, y=917010)
134
Directory '/efs/timesync/1989/audit/' already exists.
Data has been pickled and saved to '/efs/timesync/1989/audit/1989_0134_1211.p'.
..............Failed qa: 1989-01-22T16:50:42.4270750Z
Failed qa: 1989-01-23T16:46:58.0130690Z
Failed qa: 1989-01-24T16:38:31.815516Z
Failed qa: 1989-01-24T16:38:55.780035Z
..............Failed qa: 1989-02-07T16:50:45.7990500Z
..............Failed qa: 1989-02-09T16:38:45.846031Z
Failed qa: 1989-02-09T16:38:57.757041Z
Failed qa: 1989-02-23T16:50:37.1210880Z
..............Failed qa: 1989-02-25T16:38:25.968507Z
Failed qa: 1989-02-25T16:38:37.9520000Z
Failed qa: 1989-03-04T16:44:15.5820250Z
Failed qa: 1989-03-04T16:45:03.5160250Z
Failed qa: 1989-03-11T16:50:12.2960190Z
Failed qa: 1989-03-13T16:37:57.939078Z
Failed qa: 1989-03-13T16:38:21.906572Z
..............Failed qa: 1989-03-27T16:50:06.7500190Z
..............Failed qa: 1989-04-20T16:54:09.440513Z
..............Failed qa: 1989-04-30T16:37:34.454019Z
Failed qa: 1989-04-30T16:37:58.4980130Z
Failed qa: 1989-05-07T16:43:16.5360810Z
Failed qa: 1989-05-16T16:37:03.836547Z
Failed qa: 1989-05-16T16:37:15.8230630Z
Failed qa: 1989-06-17T16:36:25.662031Z
Failed qa: 1989-06-17T16:36:37.6500380Z
Failed qa: 1989-07-03T16:36:12.639065Z
Failed qa: 1989-07-03T16:36:24.6280500Z
Failed qa: 1989-07-19T16:35:51.906541Z
Failed qa: 1989-07-19T16:36:03.8240500Z
Failed qa: 1989-07-27T16:42:04.733057Z
Failed qa: 1989-07-27T16:42:16.7180500Z
Failed qa: 1989-08-04T16:35:32.661578Z
Failed qa: 1989-08-04T16:35:44.5800810Z
Failed qa: 1989-08-12T16:42:17.192047Z
Failed qa: 1989-08-12T16:42:29.177041Z
Failed qa: 1989-08-20T16:35:09.807531Z
Failed qa: 1989-08-20T16:35:21.7270310Z
Failed qa: 1989-08-28T16:42:03.878544Z
Failed qa: 1989-08-28T16:42:27.848072Z
Failed qa: 1989-09-05T16:34:50.027069Z
Failed qa: 1989-09-05T16:35:14.011069Z
Failed qa: 1989-10-07T16:34:19.696522Z
Failed qa: 1989-10-07T16:34:31.690047Z
Failed qa: 1989-10-21T16:45:37.7430750Z
Failed qa: 1989-10-23T16:33:36.252025Z
Failed qa: 1989-10-23T16:33:48.246535Z
..............Failed qa: 1989-11-08T16:33:18.335079Z
Failed qa: 1989-11-08T16:33:30.258553Z
Failed qa: 1989-11-15T16:38:43.2600310Z
Failed qa: 1989-11-15T16:39:31.2410750Z
Failed qa: 1989-12-01T16:38:25.8410380Z
Data has been pickled and saved to '/efs/timesync/1989/audit/1989_0134_1211_qa_rejects.p'.
Success tracking goes here
