{'project_id': '3132', 'year': '1990', 'x': -611910, 'y': 1362270, 'plot_id': '159', 'strata': '41'}
Pandas(Index=0, project_id='3132', plot_id='159', x=-611910, y=1362270)
called process_plot
Pandas(Index=0, project_id='3132', plot_id='159', x=-611910, y=1362270)
159
Writing pickle: dev-nlcd-developer timesync/1990/audit/1990_0159_3132.p
Failed qa: 1990-01-09T16:42:45.853056Z
Failed qa: 1990-01-09T16:43:09.775022Z
Failed qa: 1990-01-14T17:00:58.9100250Z
Failed qa: 1990-02-15T16:59:58.3490060Z
............................Failed qa: 1990-03-28T16:52:38.679563Z
Failed qa: 1990-03-28T16:52:50.609050Z
Failed qa: 1990-03-28T16:52:26.7500810Z
Failed qa: 1990-04-04T16:58:31.5030880Z
............................Failed qa: 1990-04-13T16:52:43.175012Z
Failed qa: 1990-04-13T16:52:55.105016Z
Failed qa: 1990-04-13T16:52:31.2450060Z
Failed qa: 1990-04-15T16:40:22.792047Z
Failed qa: 1990-04-15T16:40:46.724541Z
Failed qa: 1990-04-20T16:58:43.8290000Z
............................Failed qa: 1990-04-29T16:52:36.742565Z
Failed qa: 1990-04-29T16:52:48.674059Z
Failed qa: 1990-04-29T16:52:24.8110750Z
Failed qa: 1990-05-06T16:58:39.8500690Z
............................Failed qa: 1990-05-15T16:52:46.632072Z
Failed qa: 1990-05-15T16:52:58.564065Z
Failed qa: 1990-05-15T16:52:34.7000750Z
Failed qa: 1990-05-17T16:40:12.5770190Z
Failed qa: 1990-05-22T16:58:42.3020880Z
............................Failed qa: 1990-05-25T16:50:47.6530880Z
Failed qa: 1990-05-25T16:50:59.567088Z
Failed qa: 1990-05-31T16:52:41.015569Z
Failed qa: 1990-05-31T16:52:53.020053Z
Failed qa: 1990-05-31T16:52:29.0830750Z
Failed qa: 1990-06-02T16:40:07.6980560Z
............................Failed qa: 1990-06-16T16:52:40.059069Z
Failed qa: 1990-06-16T16:52:51.992054Z
Failed qa: 1990-06-16T16:52:28.1260880Z
Failed qa: 1990-06-18T16:40:07.0080630Z
Failed qa: 1990-06-23T16:58:39.4370560Z
............................Failed qa: 1990-07-02T16:52:51.7360380Z
Failed qa: 1990-07-02T16:53:03.669532Z
Failed qa: 1990-07-04T16:40:05.4620380Z
Failed qa: 1990-07-11T16:47:03.5180440Z
Failed qa: 1990-07-11T16:47:03.5180440Z
Failed qa: 1990-07-20T16:40:00.8800380Z
Failed qa: 1990-08-05T16:39:57.1420560Z
Failed qa: 1990-08-10T16:58:28.5340440Z
............................Failed qa: 1990-08-19T16:52:27.676553Z
Failed qa: 1990-08-19T16:52:39.612041Z
Failed qa: 1990-08-19T16:52:15.7410690Z
Failed qa: 1990-08-21T16:39:52.9430810Z
............................Failed qa: 1990-09-04T16:52:20.225069Z
Failed qa: 1990-09-04T16:52:32.161075Z
Failed qa: 1990-09-04T16:52:08.2890630Z
Failed qa: 1990-09-06T16:39:45.1900250Z
Failed qa: 1990-09-11T16:58:20.3930940Z
............................Failed qa: 1990-09-20T16:52:05.4850380Z
Failed qa: 1990-09-20T16:52:29.358063Z
Failed qa: 1990-09-20T16:52:05.4850380Z
Failed qa: 1990-09-22T16:39:43.5090250Z
Failed qa: 1990-09-27T16:58:11.9790060Z
Failed qa: 1990-10-06T16:52:04.906531Z
Failed qa: 1990-10-06T16:52:16.843550Z
Failed qa: 1990-10-06T16:51:52.9690560Z
Failed qa: 1990-10-13T16:58:05.5480750Z
............................Failed qa: 1990-10-22T16:52:03.253053Z
Failed qa: 1990-10-22T16:52:15.191037Z
Failed qa: 1990-10-22T16:51:51.3150750Z
Failed qa: 1990-10-24T16:39:28.9520630Z
Failed qa: 1990-10-29T16:57:57.1520130Z
............................Failed qa: 1990-11-09T16:39:39.329025Z
Failed qa: 1990-11-09T16:39:51.3390380Z
Failed qa: 1990-11-18T16:33:49.553585Z
Failed qa: 1990-11-25T16:39:28.845025Z
Failed qa: 1990-11-25T16:39:52.722534Z
Writing pickle: dev-nlcd-developer timesync/1990/audit/1990_0159_3132_qa_rejects.p
Success tracking goes here
