{'project_id': '3132', 'year': '1990', 'x': -514500, 'y': 1216020, 'plot_id': '228', 'strata': '41'}
Pandas(Index=0, project_id='3132', plot_id='228', x=-514500, y=1216020)
called process_plot
Pandas(Index=0, project_id='3132', plot_id='228', x=-514500, y=1216020)
228
Writing pickle: dev-nlcd-developer timesync/1990/audit/1990_0228_3132.p
..............Failed qa: 1990-03-21T16:46:50.071525Z
Failed qa: 1990-03-21T16:47:02.000037Z
Failed qa: 1990-04-06T16:46:24.629560Z
Failed qa: 1990-04-06T16:46:36.6310690Z
..............Failed qa: 1990-04-22T16:46:34.588544Z
Failed qa: 1990-04-22T16:46:46.5200000Z
Failed qa: 1990-05-08T16:46:32.386032Z
Failed qa: 1990-05-08T16:46:56.249544Z
Failed qa: 1990-05-24T16:46:29.664050Z
Failed qa: 1990-05-24T16:46:53.528563Z
..............Failed qa: 1990-06-09T16:46:30.699035Z
Failed qa: 1990-06-09T16:46:54.636503Z
Failed qa: 1990-06-25T16:46:29.658072Z
Failed qa: 1990-06-25T16:46:53.596081Z
Failed qa: 1990-07-11T16:47:03.5180440Z
Failed qa: 1990-07-11T16:47:03.5180440Z
Failed qa: 1990-08-12T16:46:18.814025Z
Failed qa: 1990-08-12T16:46:42.684031Z
Failed qa: 1990-08-28T16:46:24.322050Z
Failed qa: 1990-08-28T16:46:36.258038Z
Failed qa: 1990-09-13T16:46:10.833559Z
Failed qa: 1990-09-13T16:46:34.706534Z
Failed qa: 1990-10-08T16:40:44.2490940Z
Failed qa: 1990-10-15T16:45:54.722537Z
Failed qa: 1990-10-15T16:46:18.597550Z
Failed qa: 1990-10-31T16:45:56.899554Z
Failed qa: 1990-10-31T16:46:08.838010Z
..............Failed qa: 1990-11-18T16:33:49.553585Z
Failed qa: 1990-11-18T16:34:13.359050Z
..............Writing pickle: dev-nlcd-developer timesync/1990/audit/1990_0228_3132_qa_rejects.p
Success tracking goes here
