{'project_id': '3132', 'year': '1990', 'x': -614880, 'y': 1253430, 'plot_id': '107', 'strata': '41'}
Pandas(Index=0, project_id='3132', plot_id='107', x=-614880, y=1253430)
called process_plot
Pandas(Index=0, project_id='3132', plot_id='107', x=-614880, y=1253430)
107
Writing pickle: dev-nlcd-developer timesync/1990/audit/1990_0107_3132.p
Failed qa: 1990-01-09T16:43:09.775022Z
..............Failed qa: 1990-03-28T16:52:50.609050Z
..............Failed qa: 1990-04-13T16:52:55.105016Z
Failed qa: 1990-04-15T16:40:46.724541Z
..............Failed qa: 1990-04-29T16:52:48.674059Z
..............Failed qa: 1990-05-15T16:52:58.564065Z
..............Failed qa: 1990-05-25T16:50:59.567088Z
Failed qa: 1990-05-31T16:52:53.020053Z
..............Failed qa: 1990-06-16T16:52:51.992054Z
..............Failed qa: 1990-07-02T16:53:03.669532Z
Failed qa: 1990-07-11T16:47:03.5180440Z
Failed qa: 1990-07-11T16:47:03.5180440Z
..............Failed qa: 1990-08-19T16:52:39.612041Z
..............Failed qa: 1990-09-04T16:52:32.161075Z
..............Failed qa: 1990-09-20T16:52:29.358063Z
Failed qa: 1990-10-06T16:52:16.843550Z
..............Failed qa: 1990-10-22T16:52:15.191037Z
..............Failed qa: 1990-11-09T16:39:51.3390380Z
Failed qa: 1990-11-18T16:33:49.553585Z
Failed qa: 1990-11-25T16:39:52.722534Z
Writing pickle: dev-nlcd-developer timesync/1990/audit/1990_0107_3132_qa_rejects.p
Success tracking goes here
