{'project_id': '3132', 'year': '1990', 'x': -467460, 'y': 1299150, 'plot_id': '352', 'strata': '41'}
Pandas(Index=0, project_id='3132', plot_id='352', x=-467460, y=1299150)
called process_plot
Pandas(Index=0, project_id='3132', plot_id='352', x=-467460, y=1299150)
352
Writing pickle: dev-nlcd-developer timesync/1990/audit/1990_0352_3132.p
..............Failed qa: 1990-03-21T16:46:50.071525Z
Failed qa: 1990-04-06T16:46:24.629560Z
..............Failed qa: 1990-04-22T16:46:34.588544Z
Failed qa: 1990-04-24T16:34:00.0180060Z
Failed qa: 1990-05-03T16:28:17.951554Z
Failed qa: 1990-05-08T16:46:32.386032Z
Failed qa: 1990-05-10T16:34:00.4110190Z
Failed qa: 1990-05-17T16:40:12.5770190Z
Failed qa: 1990-05-19T16:28:26.584541Z
Failed qa: 1990-05-24T16:46:29.664050Z
..............Failed qa: 1990-05-26T16:33:56.5360000Z
Failed qa: 1990-06-02T16:40:07.6980560Z
Failed qa: 1990-06-04T16:28:33.9950560Z
Failed qa: 1990-06-09T16:46:30.699035Z
Failed qa: 1990-06-11T16:33:56.8720310Z
Failed qa: 1990-06-18T16:40:07.0080630Z
Failed qa: 1990-06-20T16:28:08.9350810Z
Failed qa: 1990-06-25T16:46:29.658072Z
Failed qa: 1990-06-27T16:33:55.8080000Z
Failed qa: 1990-07-04T16:40:05.4620380Z
Failed qa: 1990-07-06T16:28:19.311047Z
Failed qa: 1990-07-11T16:47:03.5180440Z
Failed qa: 1990-07-13T16:33:53.4060560Z
Failed qa: 1990-07-20T16:40:00.8800380Z
Failed qa: 1990-07-22T16:28:27.0160810Z
Failed qa: 1990-07-29T16:34:01.028053Z
Failed qa: 1990-08-05T16:39:57.1420560Z
Failed qa: 1990-08-07T16:28:10.877540Z
Failed qa: 1990-08-12T16:46:18.814025Z
Failed qa: 1990-08-14T16:33:56.567012Z
Failed qa: 1990-08-21T16:39:52.9430810Z
Failed qa: 1990-08-23T16:28:05.070531Z
Failed qa: 1990-08-28T16:46:24.322050Z
Failed qa: 1990-08-30T16:33:49.267065Z
Failed qa: 1990-09-06T16:39:45.1900250Z
Failed qa: 1990-09-08T16:28:00.930041Z
Failed qa: 1990-09-13T16:46:10.833559Z
Failed qa: 1990-09-15T16:33:36.6490940Z
Failed qa: 1990-09-22T16:39:43.5090250Z
Failed qa: 1990-09-24T16:27:56.340528Z
Failed qa: 1990-10-01T16:33:23.5140380Z
Failed qa: 1990-10-10T16:27:47.632572Z
Failed qa: 1990-10-15T16:45:54.722537Z
Failed qa: 1990-10-17T16:33:31.015037Z
Failed qa: 1990-10-24T16:39:28.9520630Z
Failed qa: 1990-10-26T16:27:41.639044Z
Failed qa: 1990-10-31T16:45:56.899554Z
Failed qa: 1990-11-02T16:33:34.7320130Z
..............Failed qa: 1990-11-11T16:27:41.649522Z
Failed qa: 1990-11-18T16:33:49.553585Z
Failed qa: 1990-11-18T16:33:37.543091Z
..............Failed qa: 1990-11-27T16:27:28.259538Z
Writing pickle: dev-nlcd-developer timesync/1990/audit/1990_0352_3132_qa_rejects.p
Success tracking goes here
