{'project_id': '3132', 'year': '1991', 'x': -611910, 'y': 1362270, 'plot_id': '159', 'strata': '41'}
Pandas(Index=0, project_id='3132', plot_id='159', x=-611910, y=1362270)
called process_plot
Pandas(Index=0, project_id='3132', plot_id='159', x=-611910, y=1362270)
159
Writing pickle: dev-nlcd-developer timesync/1991/audit/1991_0159_3132.p
Failed qa: 1991-01-28T16:40:42.824066Z
Failed qa: 1991-01-28T16:41:06.706553Z
Failed qa: 1991-02-13T16:40:56.297550Z
Failed qa: 1991-02-13T16:41:20.180569Z
Failed qa: 1991-03-01T16:41:12.819060Z
Failed qa: 1991-03-01T16:41:36.775544Z
Failed qa: 1991-03-15T16:53:51.699047Z
Failed qa: 1991-03-15T16:54:03.641560Z
Failed qa: 1991-03-15T16:53:39.7560880Z
Failed qa: 1991-03-17T16:41:34.961047Z
Failed qa: 1991-03-17T16:41:58.918506Z
Failed qa: 1991-03-22T17:00:02.8110940Z
............................Failed qa: 1991-03-31T16:54:07.996537Z
Failed qa: 1991-03-31T16:54:20.011537Z
Failed qa: 1991-03-31T16:53:56.1250750Z
Failed qa: 1991-04-02T16:41:48.097029Z
Failed qa: 1991-04-02T16:42:12.055056Z
Failed qa: 1991-04-07T17:00:15.7030310Z
............................Failed qa: 1991-04-16T16:55:03.4800190Z
Failed qa: 1991-04-18T16:42:05.136544Z
Failed qa: 1991-04-18T16:42:17.0800380Z
Failed qa: 1991-04-23T17:00:31.2960190Z
............................Failed qa: 1991-05-02T16:54:44.832535Z
Failed qa: 1991-05-02T16:54:56.776043Z
Failed qa: 1991-05-02T16:54:32.8890310Z
Failed qa: 1991-05-09T17:00:50.3660440Z
Failed qa: 1991-05-18T16:54:59.230544Z
Failed qa: 1991-05-18T16:55:11.175034Z
Failed qa: 1991-05-18T16:54:47.2860560Z
Failed qa: 1991-05-25T17:01:06.8820690Z
............................Failed qa: 1991-06-03T16:55:15.876065Z
Failed qa: 1991-06-03T16:55:27.821057Z
Failed qa: 1991-06-03T16:55:03.9310750Z
Failed qa: 1991-06-10T17:01:17.3860060Z
Failed qa: 1991-06-12T16:48:54.6000130Z
Failed qa: 1991-06-12T16:48:42.654547Z
Failed qa: 1991-06-12T16:48:54.6000130Z
Failed qa: 1991-06-19T16:55:26.894050Z
Failed qa: 1991-06-19T16:55:38.767535Z
Failed qa: 1991-06-19T16:55:14.9490190Z
Failed qa: 1991-06-21T16:43:07.806538Z
Failed qa: 1991-06-21T16:43:31.769513Z
Failed qa: 1991-06-26T17:01:33.1270690Z
............................Failed qa: 1991-07-05T16:55:42.995044Z
Failed qa: 1991-07-05T16:55:54.941044Z
Failed qa: 1991-07-05T16:55:31.0490380Z
Failed qa: 1991-07-07T16:43:21.930544Z
Failed qa: 1991-07-07T16:43:45.823006Z
Failed qa: 1991-07-12T17:01:42.7340440Z
Failed qa: 1991-07-14T16:49:00.6080130Z
Failed qa: 1991-07-21T16:55:55.253587Z
Failed qa: 1991-07-21T16:56:07.200547Z
Failed qa: 1991-07-21T16:55:43.3070810Z
Failed qa: 1991-07-23T16:43:35.205541Z
Failed qa: 1991-07-23T16:43:59.098568Z
Failed qa: 1991-07-28T17:01:57.8760380Z
Failed qa: 1991-07-30T16:49:36.2890630Z
Failed qa: 1991-07-30T16:50:24.0770310Z
Failed qa: 1991-07-30T16:49:24.342069Z
Failed qa: 1991-07-30T16:50:00.183047Z
Failed qa: 1991-08-06T16:56:01.622041Z
Failed qa: 1991-08-06T16:56:13.569516Z
Failed qa: 1991-08-06T16:55:49.6750130Z
Failed qa: 1991-08-13T17:02:00.3090500Z
............................Failed qa: 1991-08-22T16:56:06.048025Z
Failed qa: 1991-08-22T16:56:17.924025Z
Failed qa: 1991-08-22T16:55:54.1000250Z
Failed qa: 1991-08-29T17:02:09.3550690Z
............................Failed qa: 1991-09-07T16:56:20.865575Z
Failed qa: 1991-09-07T16:56:32.814075Z
Failed qa: 1991-09-07T16:56:08.9170750Z
Failed qa: 1991-09-14T17:02:23.4170560Z
............................Failed qa: 1991-09-23T16:56:27.920031Z
Failed qa: 1991-09-23T16:56:39.797510Z
Failed qa: 1991-09-23T16:56:15.9710060Z
Failed qa: 1991-09-25T16:43:53.1860750Z
Failed qa: 1991-09-30T17:02:27.8380060Z
Failed qa: 1991-10-09T16:56:34.104019Z
Failed qa: 1991-10-09T16:56:46.053553Z
Failed qa: 1991-10-09T16:56:22.2260310Z
Failed qa: 1991-10-16T17:02:38.6000000Z
............................Failed qa: 1991-10-25T16:56:37.928563Z
Failed qa: 1991-10-25T16:56:49.879043Z
Failed qa: 1991-10-25T16:56:25.9780810Z
Failed qa: 1991-10-27T16:44:05.4560810Z
Failed qa: 1991-11-01T17:02:37.1630880Z
Failed qa: 1991-11-17T17:02:41.8400940Z
Failed qa: 1991-11-28T16:44:42.8720000Z
Failed qa: 1991-11-28T16:44:54.823034Z
Writing pickle: dev-nlcd-developer timesync/1991/audit/1991_0159_3132_qa_rejects.p
Success tracking goes here
