{'project_id': '3132', 'year': '1991', 'x': -468180, 'y': 1262430, 'plot_id': '266', 'strata': '41'}
Pandas(Index=0, project_id='3132', plot_id='266', x=-468180, y=1262430)
called process_plot
Pandas(Index=0, project_id='3132', plot_id='266', x=-468180, y=1262430)
266
Writing pickle: dev-nlcd-developer timesync/1991/audit/1991_0266_3132.p
Failed qa: 1991-01-14T16:28:25.326072Z
Failed qa: 1991-01-21T16:34:24.183003Z
..............Failed qa: 1991-01-30T16:28:45.632532Z
Failed qa: 1991-02-06T16:34:42.828085Z
..............Failed qa: 1991-02-15T16:29:01.571056Z
Failed qa: 1991-02-22T16:35:08.684019Z
..............Failed qa: 1991-03-03T16:29:30.1460880Z
Failed qa: 1991-03-10T16:35:28.024557Z
..............Failed qa: 1991-03-19T16:29:52.6380250Z
Failed qa: 1991-03-24T16:47:55.218032Z
Failed qa: 1991-03-26T16:35:32.950025Z
..............Failed qa: 1991-04-04T16:29:39.0760380Z
Failed qa: 1991-04-09T16:48:08.989031Z
Failed qa: 1991-04-11T16:36:00.897566Z
..............Failed qa: 1991-04-20T16:30:10.025050Z
Failed qa: 1991-04-25T16:48:22.615531Z
Failed qa: 1991-04-27T16:36:16.757075Z
Failed qa: 1991-05-06T16:30:30.164015Z
Failed qa: 1991-05-13T16:36:10.5660190Z
Failed qa: 1991-05-22T16:30:45.357519Z
Failed qa: 1991-05-27T16:49:10.510031Z
Failed qa: 1991-05-29T16:36:49.785557Z
Failed qa: 1991-06-07T16:31:10.7590190Z
Failed qa: 1991-06-12T16:48:54.6000130Z
Failed qa: 1991-06-14T16:36:57.843553Z
..............Failed qa: 1991-06-23T16:31:12.343547Z
Failed qa: 1991-06-28T16:49:25.661031Z
Failed qa: 1991-06-30T16:37:18.471547Z
..............Failed qa: 1991-07-09T16:31:24.035010Z
Failed qa: 1991-07-16T16:37:29.220053Z
..............Failed qa: 1991-07-30T16:50:00.183047Z
Failed qa: 1991-08-01T16:37:14.0920190Z
Failed qa: 1991-08-10T16:31:42.461040Z
Failed qa: 1991-08-15T16:49:49.778518Z
Failed qa: 1991-08-17T16:37:18.5300060Z
Failed qa: 1991-08-26T16:31:50.352550Z
Failed qa: 1991-08-31T16:50:02.780037Z
Failed qa: 1991-09-11T16:32:02.747588Z
Failed qa: 1991-09-16T16:50:15.533038Z
Failed qa: 1991-09-25T16:43:53.1860750Z
Failed qa: 1991-09-27T16:32:07.245519Z
Failed qa: 1991-10-13T16:32:18.219038Z
Failed qa: 1991-10-18T16:50:41.353054Z
Failed qa: 1991-10-20T16:38:19.364054Z
Failed qa: 1991-10-27T16:44:05.4560810Z
Failed qa: 1991-11-05T16:38:31.790044Z
Failed qa: 1991-11-21T16:38:08.330044Z
..............Writing pickle: dev-nlcd-developer timesync/1991/audit/1991_0266_3132_qa_rejects.p
Success tracking goes here
