{'project_id': '3132', 'year': '1991', 'x': -504330, 'y': 1361730, 'plot_id': '87', 'strata': '41'}
Pandas(Index=0, project_id='3132', plot_id='87', x=-504330, y=1361730)
called process_plot
Pandas(Index=0, project_id='3132', plot_id='87', x=-504330, y=1361730)
87
Writing pickle: dev-nlcd-developer timesync/1991/audit/1991_0087_3132.p
..........................................Failed qa: 1991-03-15T16:53:39.7560880Z
..............Failed qa: 1991-03-24T16:47:43.203050Z
Failed qa: 1991-03-24T16:47:55.218032Z
Failed qa: 1991-03-31T16:53:56.1250750Z
..............Failed qa: 1991-04-09T16:47:57.045553Z
Failed qa: 1991-04-09T16:48:08.989031Z
..............Failed qa: 1991-04-25T16:48:10.672025Z
Failed qa: 1991-04-25T16:48:22.615531Z
Failed qa: 1991-05-02T16:54:32.8890310Z
Failed qa: 1991-05-18T16:54:47.2860560Z
Failed qa: 1991-05-27T16:48:46.692560Z
Failed qa: 1991-05-27T16:49:10.510031Z
Failed qa: 1991-06-03T16:55:03.9310750Z
Failed qa: 1991-06-12T16:48:42.654547Z
Failed qa: 1991-06-12T16:48:54.6000130Z
Failed qa: 1991-06-19T16:55:14.9490190Z
..............Failed qa: 1991-06-28T16:49:13.715513Z
Failed qa: 1991-06-28T16:49:25.661031Z
Failed qa: 1991-07-05T16:55:31.0490380Z
..............Failed qa: 1991-07-14T16:49:00.6080130Z
Failed qa: 1991-07-21T16:55:43.3070810Z
..............Failed qa: 1991-07-30T16:49:24.342069Z
Failed qa: 1991-07-30T16:50:00.183047Z
Failed qa: 1991-08-06T16:55:49.6750130Z
Failed qa: 1991-08-15T16:49:37.830550Z
Failed qa: 1991-08-15T16:49:49.778518Z
Failed qa: 1991-08-22T16:55:54.1000250Z
Failed qa: 1991-08-31T16:49:50.831565Z
Failed qa: 1991-08-31T16:50:02.780037Z
Failed qa: 1991-09-07T16:56:08.9170750Z
Failed qa: 1991-09-16T16:50:03.584050Z
Failed qa: 1991-09-16T16:50:15.533038Z
Failed qa: 1991-09-23T16:56:15.9710060Z
Failed qa: 1991-09-25T16:43:53.1860750Z
Failed qa: 1991-10-09T16:56:22.2260310Z
Failed qa: 1991-10-18T16:50:17.453041Z
Failed qa: 1991-10-18T16:50:41.353054Z
Failed qa: 1991-10-25T16:56:25.9780810Z
Failed qa: 1991-10-27T16:44:05.4560810Z
..............Writing pickle: dev-nlcd-developer timesync/1991/audit/1991_0087_3132_qa_rejects.p
Success tracking goes here
