{'project_id': '3132', 'year': '1991', 'x': -581040, 'y': 1362720, 'plot_id': '164', 'strata': '41'}
Pandas(Index=0, project_id='3132', plot_id='164', x=-581040, y=1362720)
called process_plot
Pandas(Index=0, project_id='3132', plot_id='164', x=-581040, y=1362720)
164
Writing pickle: dev-nlcd-developer timesync/1991/audit/1991_0164_3132.p
Failed qa: 1991-01-28T16:40:42.824066Z
Failed qa: 1991-01-28T16:41:06.706553Z
Failed qa: 1991-02-13T16:40:56.297550Z
Failed qa: 1991-02-13T16:41:20.180569Z
Failed qa: 1991-03-01T16:41:12.819060Z
Failed qa: 1991-03-01T16:41:36.775544Z
Failed qa: 1991-03-15T16:53:39.7560880Z
Failed qa: 1991-03-17T16:41:34.961047Z
Failed qa: 1991-03-17T16:41:58.918506Z
..............Failed qa: 1991-03-31T16:53:56.1250750Z
Failed qa: 1991-04-02T16:41:48.097029Z
Failed qa: 1991-04-02T16:42:12.055056Z
..............Failed qa: 1991-04-18T16:42:05.136544Z
Failed qa: 1991-04-18T16:42:17.0800380Z
..............Failed qa: 1991-05-02T16:54:32.8890310Z
Failed qa: 1991-05-18T16:54:47.2860560Z
..............Failed qa: 1991-06-03T16:55:03.9310750Z
Failed qa: 1991-06-12T16:48:42.654547Z
Failed qa: 1991-06-12T16:48:54.6000130Z
Failed qa: 1991-06-19T16:55:14.9490190Z
Failed qa: 1991-06-21T16:43:07.806538Z
Failed qa: 1991-06-21T16:43:31.769513Z
..............Failed qa: 1991-07-05T16:55:31.0490380Z
Failed qa: 1991-07-07T16:43:21.930544Z
Failed qa: 1991-07-07T16:43:45.823006Z
Failed qa: 1991-07-14T16:49:00.6080130Z
Failed qa: 1991-07-21T16:55:43.3070810Z
Failed qa: 1991-07-23T16:43:35.205541Z
Failed qa: 1991-07-23T16:43:59.098568Z
Failed qa: 1991-07-30T16:49:24.342069Z
Failed qa: 1991-07-30T16:50:00.183047Z
Failed qa: 1991-08-06T16:55:49.6750130Z
..............Failed qa: 1991-08-22T16:55:54.1000250Z
..............Failed qa: 1991-09-07T16:56:08.9170750Z
..............Failed qa: 1991-09-23T16:56:15.9710060Z
Failed qa: 1991-09-25T16:43:53.1860750Z
Failed qa: 1991-10-09T16:56:22.2260310Z
..............Failed qa: 1991-10-25T16:56:25.9780810Z
Failed qa: 1991-10-27T16:44:05.4560810Z
Failed qa: 1991-11-28T16:44:42.8720000Z
Failed qa: 1991-11-28T16:44:54.823034Z
Writing pickle: dev-nlcd-developer timesync/1991/audit/1991_0164_3132_qa_rejects.p
Success tracking goes here
