{'project_id': '3132', 'year': '1991', 'x': -614880, 'y': 1253430, 'plot_id': '107', 'strata': '41'}
Pandas(Index=0, project_id='3132', plot_id='107', x=-614880, y=1253430)
called process_plot
Pandas(Index=0, project_id='3132', plot_id='107', x=-614880, y=1253430)
107
Writing pickle: dev-nlcd-developer timesync/1991/audit/1991_0107_3132.p
Failed qa: 1991-01-28T16:41:06.706553Z
Failed qa: 1991-02-13T16:41:20.180569Z
Failed qa: 1991-03-01T16:41:36.775544Z
Failed qa: 1991-03-15T16:54:03.641560Z
Failed qa: 1991-03-17T16:41:58.918506Z
..............Failed qa: 1991-03-31T16:54:20.011537Z
Failed qa: 1991-04-02T16:42:12.055056Z
..............Failed qa: 1991-04-16T16:55:03.4800190Z
Failed qa: 1991-04-18T16:42:17.0800380Z
..............Failed qa: 1991-05-02T16:54:56.776043Z
Failed qa: 1991-05-18T16:55:11.175034Z
..............Failed qa: 1991-06-03T16:55:27.821057Z
Failed qa: 1991-06-12T16:48:54.6000130Z
Failed qa: 1991-06-19T16:55:38.767535Z
Failed qa: 1991-06-21T16:43:31.769513Z
..............Failed qa: 1991-07-05T16:55:54.941044Z
Failed qa: 1991-07-07T16:43:45.823006Z
Failed qa: 1991-07-21T16:56:07.200547Z
Failed qa: 1991-07-23T16:43:59.098568Z
Failed qa: 1991-07-30T16:50:24.0770310Z
Failed qa: 1991-07-30T16:50:00.183047Z
Failed qa: 1991-08-06T16:56:13.569516Z
..............Failed qa: 1991-08-22T16:56:17.924025Z
..............Failed qa: 1991-09-07T16:56:32.814075Z
..............Failed qa: 1991-09-23T16:56:39.797510Z
Failed qa: 1991-10-09T16:56:46.053553Z
..............Failed qa: 1991-10-25T16:56:49.879043Z
Failed qa: 1991-11-28T16:44:54.823034Z
Writing pickle: dev-nlcd-developer timesync/1991/audit/1991_0107_3132_qa_rejects.p
Success tracking goes here
