{'project_id': '3132', 'year': '1991', 'x': -592830, 'y': 1215120, 'plot_id': '278', 'strata': '41'}
Pandas(Index=0, project_id='3132', plot_id='278', x=-592830, y=1215120)
called process_plot
Pandas(Index=0, project_id='3132', plot_id='278', x=-592830, y=1215120)
278
Writing pickle: dev-nlcd-developer timesync/1991/audit/1991_0278_3132.p
..............Failed qa: 1991-02-06T16:35:18.652578Z
..............Failed qa: 1991-02-22T16:35:44.509544Z
..............Failed qa: 1991-03-10T16:36:03.851576Z
........................................................Failed qa: 1991-04-11T16:36:36.727547Z
Failed qa: 1991-04-18T16:42:17.0800380Z
Failed qa: 1991-04-18T16:42:17.0800380Z
..............Failed qa: 1991-04-27T16:36:52.588054Z
..............Failed qa: 1991-05-29T16:37:13.6750380Z
Failed qa: 1991-06-12T16:48:54.6000130Z
Failed qa: 1991-06-14T16:37:33.607063Z
............................Failed qa: 1991-06-30T16:37:54.308560Z
..............Failed qa: 1991-07-16T16:38:05.059534Z
....................................................................................Failed qa: 1991-10-20T16:38:43.2640690Z
Failed qa: 1991-11-05T16:38:55.691553Z
..............Writing pickle: dev-nlcd-developer timesync/1991/audit/1991_0278_3132_qa_rejects.p
Success tracking goes here
