{'project_id': '3132', 'year': '1992', 'x': -491190, 'y': 1215120, 'plot_id': '114', 'strata': '41'}
Pandas(Index=0, project_id='3132', plot_id='114', x=-491190, y=1215120)
called process_plot
Pandas(Index=0, project_id='3132', plot_id='114', x=-491190, y=1215120)
114
Writing pickle: dev-nlcd-developer timesync/1992/audit/1992_0114_3132.p
Failed qa: 1992-01-08T16:39:00.663516Z
..............Failed qa: 1992-01-24T16:39:02.640047Z
..............Failed qa: 1992-02-09T16:38:56.616529Z
..............Failed qa: 1992-02-25T16:38:57.360072Z
..............Failed qa: 1992-03-10T16:50:42.363022Z
Failed qa: 1992-03-10T16:50:54.317525Z
Failed qa: 1992-03-12T16:38:43.6680500Z
Failed qa: 1992-03-12T16:38:55.622553Z
..............Failed qa: 1992-03-26T16:50:35.433044Z
Failed qa: 1992-03-26T16:50:47.316047Z
Failed qa: 1992-03-28T16:38:38.3350130Z
Failed qa: 1992-03-28T16:38:50.218016Z
..............Failed qa: 1992-04-11T16:50:30.877085Z
Failed qa: 1992-04-11T16:50:42.832588Z
Failed qa: 1992-04-13T16:38:56.8250440Z
..............Failed qa: 1992-04-27T16:50:22.834569Z
Failed qa: 1992-04-27T16:50:34.719037Z
Failed qa: 1992-05-13T16:50:14.197544Z
Failed qa: 1992-05-13T16:50:26.082066Z
Failed qa: 1992-05-15T16:38:15.2220250Z
Failed qa: 1992-05-15T16:38:27.178550Z
..............Failed qa: 1992-05-29T16:49:41.4900500Z
Failed qa: 1992-06-16T16:38:17.6420130Z
Failed qa: 1992-07-02T16:37:43.2960130Z
Failed qa: 1992-07-02T16:37:43.2960130Z
..............Failed qa: 1992-07-18T16:37:55.6880060Z
Failed qa: 1992-07-25T16:44:00.6100310Z
Failed qa: 1992-08-01T16:49:18.988066Z
Failed qa: 1992-08-01T16:49:30.948581Z
Failed qa: 1992-08-03T16:37:19.6460880Z
Failed qa: 1992-08-03T16:37:31.607069Z
..............Failed qa: 1992-08-17T16:48:51.133535Z
Failed qa: 1992-08-17T16:49:15.056556Z
Failed qa: 1992-08-19T16:37:26.6740250Z
..............Failed qa: 1992-09-02T16:48:36.574584Z
Failed qa: 1992-09-02T16:49:00.427578Z
Failed qa: 1992-09-18T16:48:33.886559Z
Failed qa: 1992-09-18T16:48:45.778019Z
Failed qa: 1992-09-20T16:36:33.6500000Z
Failed qa: 1992-09-20T16:36:45.541012Z
..............Failed qa: 1992-10-06T16:36:20.941069Z
Failed qa: 1992-10-20T16:47:59.067091Z
Failed qa: 1992-10-20T16:48:11.032044Z
Failed qa: 1992-10-22T16:36:00.2450380Z
Failed qa: 1992-10-22T16:36:12.137522Z
..............Failed qa: 1992-11-05T16:47:32.276535Z
Failed qa: 1992-11-05T16:47:56.207016Z
Failed qa: 1992-11-07T16:35:43.6070560Z
Failed qa: 1992-11-07T16:35:55.500066Z
..............Failed qa: 1992-11-23T16:35:47.085560Z
..............Writing pickle: dev-nlcd-developer timesync/1992/audit/1992_0114_3132_qa_rejects.p
Success tracking goes here
