{'project_id': '3132', 'year': '1992', 'x': -465750, 'y': 1296420, 'plot_id': '167', 'strata': '41'}
Pandas(Index=0, project_id='3132', plot_id='167', x=-465750, y=1296420)
called process_plot
Pandas(Index=0, project_id='3132', plot_id='167', x=-465750, y=1296420)
167
Writing pickle: dev-nlcd-developer timesync/1992/audit/1992_0167_3132.p
Failed qa: 1992-01-01T16:32:27.813034Z
Failed qa: 1992-01-08T16:38:24.805531Z
..............Failed qa: 1992-01-24T16:38:26.852560Z
..............Failed qa: 1992-02-02T16:32:17.8420690Z
Failed qa: 1992-02-09T16:38:20.755532Z
..............Failed qa: 1992-02-18T16:32:19.650057Z
Failed qa: 1992-02-25T16:38:21.570060Z
..............Failed qa: 1992-03-05T16:32:21.020572Z
Failed qa: 1992-03-10T16:50:42.363022Z
Failed qa: 1992-03-12T16:38:43.6680500Z
Failed qa: 1992-03-12T16:38:19.759041Z
..............Failed qa: 1992-03-21T16:32:21.442569Z
Failed qa: 1992-03-26T16:50:35.433044Z
Failed qa: 1992-03-28T16:38:38.3350130Z
Failed qa: 1992-03-28T16:38:14.424550Z
..............Failed qa: 1992-04-11T16:50:30.877085Z
Failed qa: 1992-04-13T16:37:57.191035Z
..............Failed qa: 1992-04-22T16:32:03.865032Z
Failed qa: 1992-04-27T16:50:22.834569Z
Failed qa: 1992-05-08T16:31:55.493581Z
Failed qa: 1992-05-13T16:50:14.197544Z
Failed qa: 1992-05-15T16:38:15.2220250Z
Failed qa: 1992-05-15T16:38:15.2220250Z
Failed qa: 1992-05-22T16:44:21.0210500Z
Failed qa: 1992-05-22T16:44:21.0210500Z
Failed qa: 1992-05-29T16:49:41.4900500Z
Failed qa: 1992-06-01T16:14:58.1430190Z
Failed qa: 1992-06-16T16:37:29.8090750Z
Failed qa: 1992-06-25T16:31:25.662509Z
Failed qa: 1992-07-02T16:37:43.2960130Z
Failed qa: 1992-07-02T16:37:19.378044Z
..............Failed qa: 1992-07-11T16:31:13.949066Z
Failed qa: 1992-08-01T16:49:18.988066Z
Failed qa: 1992-08-03T16:37:19.6460880Z
Failed qa: 1992-08-03T16:36:55.796585Z
..............Failed qa: 1992-08-17T16:48:51.133535Z
Failed qa: 1992-08-19T16:36:15.0480060Z
..............Failed qa: 1992-08-28T16:30:32.707537Z
Failed qa: 1992-09-02T16:48:36.574584Z
Failed qa: 1992-09-04T16:36:01.5980880Z
Failed qa: 1992-09-11T16:42:06.6520130Z
Failed qa: 1992-09-18T16:48:33.886559Z
Failed qa: 1992-09-20T16:36:33.6500000Z
Failed qa: 1992-09-20T16:36:09.723515Z
..............Failed qa: 1992-09-29T16:29:58.320562Z
Failed qa: 1992-10-06T16:35:45.121091Z
Failed qa: 1992-10-15T16:29:40.915547Z
Failed qa: 1992-10-20T16:47:59.067091Z
Failed qa: 1992-10-22T16:36:00.2450380Z
Failed qa: 1992-10-22T16:35:36.316038Z
..............Failed qa: 1992-10-31T16:29:30.034009Z
Failed qa: 1992-11-05T16:47:32.276535Z
Failed qa: 1992-11-07T16:35:43.6070560Z
Failed qa: 1992-11-07T16:35:19.677028Z
..............Failed qa: 1992-11-16T16:29:12.395050Z
Failed qa: 1992-11-23T16:35:11.260566Z
..............Writing pickle: dev-nlcd-developer timesync/1992/audit/1992_0167_3132_qa_rejects.p
Success tracking goes here
