{'project_id': '3132', 'year': '1992', 'x': -597210, 'y': 1228020, 'plot_id': '83', 'strata': '41'}
Pandas(Index=0, project_id='3132', plot_id='83', x=-597210, y=1228020)
called process_plot
Pandas(Index=0, project_id='3132', plot_id='83', x=-597210, y=1228020)
83
Writing pickle: dev-nlcd-developer timesync/1992/audit/1992_0083_3132.p
Failed qa: 1992-01-15T16:44:36.2240440Z
..............Failed qa: 1992-03-03T16:44:29.5500630Z
.......Failed qa: 1992-03-12T16:38:43.6680500Z
..............Failed qa: 1992-03-28T16:38:38.3350130Z
..............Failed qa: 1992-04-20T16:44:16.3520750Z
..............Failed qa: 1992-05-15T16:38:15.2220250Z
.......Failed qa: 1992-05-29T16:49:41.4900500Z
Failed qa: 1992-07-02T16:37:43.2960130Z
..............Failed qa: 1992-08-03T16:37:19.6460880Z
...................................Failed qa: 1992-09-20T16:36:33.6500000Z
..............Failed qa: 1992-10-22T16:36:00.2450380Z
..............Failed qa: 1992-11-07T16:35:43.6070560Z
..............Writing pickle: dev-nlcd-developer timesync/1992/audit/1992_0083_3132_qa_rejects.p
Success tracking goes here
