{'project_id': '3132', 'year': '1992', 'x': -503100, 'y': 1359480, 'plot_id': '93', 'strata': '41'}
Pandas(Index=0, project_id='3132', plot_id='93', x=-503100, y=1359480)
called process_plot
Pandas(Index=0, project_id='3132', plot_id='93', x=-503100, y=1359480)
93
Writing pickle: dev-nlcd-developer timesync/1992/audit/1992_0093_3132.p
............................Failed qa: 1992-03-10T16:50:42.363022Z
Failed qa: 1992-03-12T16:38:43.6680500Z
.......Failed qa: 1992-03-26T16:50:35.433044Z
Failed qa: 1992-03-28T16:38:38.3350130Z
.......Failed qa: 1992-04-11T16:50:30.877085Z
.......Failed qa: 1992-04-27T16:50:22.834569Z
Failed qa: 1992-05-13T16:50:14.197544Z
Failed qa: 1992-05-15T16:38:15.2220250Z
Failed qa: 1992-05-22T16:44:21.0210500Z
Failed qa: 1992-05-29T16:49:41.4900500Z
Failed qa: 1992-07-02T16:37:43.2960130Z
.......Failed qa: 1992-08-01T16:49:18.988066Z
Failed qa: 1992-08-03T16:37:19.6460880Z
.......Failed qa: 1992-08-17T16:48:51.133535Z
.......Failed qa: 1992-09-02T16:48:36.574584Z
Failed qa: 1992-09-18T16:48:33.886559Z
Failed qa: 1992-09-20T16:36:33.6500000Z
.......Failed qa: 1992-10-20T16:47:59.067091Z
Failed qa: 1992-10-22T16:36:00.2450380Z
.......Failed qa: 1992-11-05T16:47:32.276535Z
Failed qa: 1992-11-07T16:35:43.6070560Z
..............Writing pickle: dev-nlcd-developer timesync/1992/audit/1992_0093_3132_qa_rejects.p
Success tracking goes here
