{'project_id': '3132', 'year': '1992', 'x': -612030, 'y': 1308180, 'plot_id': '19', 'strata': '41'}
Pandas(Index=0, project_id='3132', plot_id='19', x=-612030, y=1308180)
called process_plot
Pandas(Index=0, project_id='3132', plot_id='19', x=-612030, y=1308180)
19
Writing pickle: dev-nlcd-developer timesync/1992/audit/1992_0019_3132.p
Failed qa: 1992-01-15T16:44:36.2240440Z
Failed qa: 1992-01-31T16:44:52.842557Z
Failed qa: 1992-02-16T16:44:40.689534Z
Failed qa: 1992-03-03T16:44:29.5500630Z
..............Failed qa: 1992-03-12T16:38:43.6680500Z
Failed qa: 1992-03-17T16:56:54.284584Z
Failed qa: 1992-03-19T16:44:44.198569Z
..............Failed qa: 1992-03-28T16:38:38.3350130Z
Failed qa: 1992-04-02T16:56:46.4480560Z
Failed qa: 1992-04-04T16:44:35.723034Z
..............Failed qa: 1992-04-18T16:56:39.603041Z
Failed qa: 1992-04-20T16:44:16.3520750Z
..............Failed qa: 1992-05-04T16:56:29.680575Z
..............Failed qa: 1992-05-15T16:38:15.2220250Z
Failed qa: 1992-05-20T16:56:19.902012Z
Failed qa: 1992-05-22T16:44:21.0210500Z
Failed qa: 1992-05-29T16:49:41.4900500Z
Failed qa: 1992-06-05T16:56:24.080566Z
Failed qa: 1992-06-21T16:55:58.911529Z
Failed qa: 1992-07-02T16:37:43.2960130Z
Failed qa: 1992-07-07T16:55:48.083547Z
Failed qa: 1992-07-09T16:43:36.710019Z
Failed qa: 1992-07-23T16:55:47.674025Z
..............Failed qa: 1992-08-03T16:37:19.6460880Z
Failed qa: 1992-08-08T16:55:23.989566Z
Failed qa: 1992-08-10T16:43:12.281035Z
..............Failed qa: 1992-08-24T16:55:07.494029Z
Failed qa: 1992-08-26T16:42:56.194072Z
..............Failed qa: 1992-09-09T16:54:54.067056Z
..............Failed qa: 1992-09-20T16:36:33.6500000Z
Failed qa: 1992-09-25T16:54:23.479509Z
Failed qa: 1992-09-27T16:42:22.988553Z
Failed qa: 1992-10-11T16:54:13.322094Z
..............Failed qa: 1992-10-22T16:36:00.2450380Z
Failed qa: 1992-10-27T16:54:05.285034Z
Failed qa: 1992-10-29T16:41:53.746015Z
..............Failed qa: 1992-11-07T16:35:43.6070560Z
Failed qa: 1992-11-12T16:53:57.277028Z
Failed qa: 1992-11-14T16:41:35.005565Z
Failed qa: 1992-11-28T16:53:48.833557Z
Failed qa: 1992-11-30T16:41:41.392007Z
Writing pickle: dev-nlcd-developer timesync/1992/audit/1992_0019_3132_qa_rejects.p
Success tracking goes here
