{'project_id': '3132', 'year': '1992', 'x': -485730, 'y': 1363710, 'plot_id': '157', 'strata': '41'}
Pandas(Index=0, project_id='3132', plot_id='157', x=-485730, y=1363710)
called process_plot
Pandas(Index=0, project_id='3132', plot_id='157', x=-485730, y=1363710)
157
Writing pickle: dev-nlcd-developer timesync/1992/audit/1992_0157_3132.p
........................................................Failed qa: 1992-03-10T16:50:18.454016Z
Failed qa: 1992-03-10T16:50:42.363022Z
Failed qa: 1992-03-12T16:38:43.6680500Z
Failed qa: 1992-03-17T16:56:30.3750940Z
..............Failed qa: 1992-03-26T16:50:11.523044Z
Failed qa: 1992-03-26T16:50:35.433044Z
Failed qa: 1992-03-28T16:38:38.3350130Z
Failed qa: 1992-04-02T16:56:22.5380190Z
..............Failed qa: 1992-04-11T16:50:07.038081Z
Failed qa: 1992-04-11T16:50:30.877085Z
Failed qa: 1992-04-18T16:56:15.6910750Z
..............Failed qa: 1992-04-27T16:49:58.922540Z
Failed qa: 1992-04-27T16:50:22.834569Z
Failed qa: 1992-05-04T16:56:05.8400560Z
Failed qa: 1992-05-13T16:49:50.284047Z
Failed qa: 1992-05-13T16:50:14.197544Z
Failed qa: 1992-05-15T16:38:15.2220250Z
Failed qa: 1992-05-20T16:55:55.9880000Z
Failed qa: 1992-05-22T16:44:21.0210500Z
Failed qa: 1992-05-29T16:49:29.532559Z
Failed qa: 1992-05-29T16:49:41.4900500Z
Failed qa: 1992-06-05T16:55:48.2080060Z
Failed qa: 1992-06-14T16:49:05.9400940Z
Failed qa: 1992-06-21T16:55:34.9950130Z
Failed qa: 1992-07-02T16:37:43.2960130Z
Failed qa: 1992-07-07T16:55:24.2370750Z
..............Failed qa: 1992-07-16T16:48:43.4030440Z
Failed qa: 1992-08-01T16:48:55.067038Z
Failed qa: 1992-08-01T16:49:18.988066Z
Failed qa: 1992-08-03T16:37:19.6460880Z
Failed qa: 1992-08-08T16:55:00.1390880Z
..............Failed qa: 1992-08-17T16:48:51.133535Z
Failed qa: 1992-08-17T16:48:51.133535Z
Failed qa: 1992-08-24T16:54:43.6420190Z
..............Failed qa: 1992-09-02T16:48:24.612084Z
Failed qa: 1992-09-02T16:48:36.574584Z
Failed qa: 1992-09-09T16:54:30.2130940Z
Failed qa: 1992-09-11T16:42:06.6520130Z
Failed qa: 1992-09-18T16:48:09.960522Z
Failed qa: 1992-09-18T16:48:33.886559Z
Failed qa: 1992-09-20T16:36:33.6500000Z
Failed qa: 1992-09-25T16:54:11.5160190Z
..............Failed qa: 1992-10-11T16:53:49.4660940Z
Failed qa: 1992-10-20T16:47:35.210547Z
Failed qa: 1992-10-20T16:47:59.067091Z
Failed qa: 1992-10-22T16:36:00.2450380Z
Failed qa: 1992-10-27T16:53:41.4280440Z
..............Failed qa: 1992-11-05T16:47:20.311515Z
Failed qa: 1992-11-05T16:47:32.276535Z
Failed qa: 1992-11-07T16:35:43.6070560Z
Failed qa: 1992-11-12T16:53:21.3810380Z
..............Failed qa: 1992-11-28T16:53:24.9020250Z
..............Writing pickle: dev-nlcd-developer timesync/1992/audit/1992_0157_3132_qa_rejects.p
Success tracking goes here
