{'project_id': '3132', 'year': '1993', 'x': -586800, 'y': 1363500, 'plot_id': '123', 'strata': '41'}
Pandas(Index=0, project_id='3132', plot_id='123', x=-586800, y=1363500)
called process_plot
Pandas(Index=0, project_id='3132', plot_id='123', x=-586800, y=1363500)
123
Writing pickle: dev-nlcd-developer timesync/1993/audit/1993_0123_3132.p
Failed qa: 1993-01-15T16:53:57.0040310Z
Failed qa: 1993-01-17T16:42:24.6660060Z
..............Failed qa: 1993-01-31T16:54:07.6230630Z
Failed qa: 1993-02-02T16:41:59.381050Z
Failed qa: 1993-02-02T16:42:23.317022Z
..............Failed qa: 1993-02-16T16:54:15.6410560Z
..............Failed qa: 1993-03-04T16:54:24.4490630Z
Failed qa: 1993-03-06T16:42:16.229031Z
Failed qa: 1993-03-06T16:42:40.167035Z
..............Failed qa: 1993-03-20T16:54:29.0530630Z
Failed qa: 1993-03-22T16:42:18.775575Z
Failed qa: 1993-03-22T16:42:42.642591Z
..............Failed qa: 1993-04-05T16:54:33.8910060Z
Failed qa: 1993-04-07T16:42:24.290553Z
Failed qa: 1993-04-07T16:42:48.159522Z
..............Failed qa: 1993-04-21T16:54:42.8150500Z
..............Failed qa: 1993-05-07T16:54:46.0250690Z
..............Failed qa: 1993-05-23T16:54:49.0860750Z
Failed qa: 1993-05-25T16:43:15.7710810Z
..............Failed qa: 1993-06-17T16:49:25.7700750Z
Failed qa: 1993-06-24T16:54:46.3420000Z
..............Failed qa: 1993-07-10T16:54:43.1360690Z
Failed qa: 1993-07-12T16:42:33.534553Z
Failed qa: 1993-07-12T16:42:57.411575Z
..............Failed qa: 1993-07-26T16:54:42.2470940Z
Failed qa: 1993-07-28T16:42:32.106056Z
Failed qa: 1993-07-28T16:42:55.985515Z
..............Failed qa: 1993-08-11T16:54:42.8460060Z
Failed qa: 1993-08-13T16:43:08.9250250Z
..............Failed qa: 1993-08-29T16:42:31.389038Z
Failed qa: 1993-08-29T16:42:55.271081Z
............................Failed qa: 1993-09-28T16:54:35.5240810Z
Failed qa: 1993-09-30T16:42:25.392575Z
Failed qa: 1993-09-30T16:42:49.277575Z
Failed qa: 1993-10-14T16:54:30.4570130Z
Failed qa: 1993-10-16T16:42:19.860541Z
Failed qa: 1993-10-16T16:42:43.819547Z
..............Failed qa: 1993-10-30T16:54:24.6040310Z
Failed qa: 1993-11-01T16:42:14.161072Z
Failed qa: 1993-11-01T16:42:38.049044Z
..............Failed qa: 1993-11-15T16:54:15.3180440Z
Failed qa: 1993-11-17T16:42:04.083556Z
Failed qa: 1993-11-17T16:42:27.972525Z
Failed qa: 1993-11-24T16:47:38.9970060Z
Failed qa: 1993-11-24T16:48:50.5920250Z
Failed qa: 1993-12-01T16:54:12.6300130Z
Writing pickle: dev-nlcd-developer timesync/1993/audit/1993_0123_3132_qa_rejects.p
Success tracking goes here
