{'project_id': '3132', 'year': '1993', 'x': -593010, 'y': 1356900, 'plot_id': '290', 'strata': '41'}
Pandas(Index=0, project_id='3132', plot_id='290', x=-593010, y=1356900)
called process_plot
Pandas(Index=0, project_id='3132', plot_id='290', x=-593010, y=1356900)
290
Writing pickle: dev-nlcd-developer timesync/1993/audit/1993_0290_3132.p
Failed qa: 1993-01-17T16:42:24.6660060Z
.......Failed qa: 1993-02-02T16:42:23.317022Z
..............Failed qa: 1993-03-06T16:42:40.167035Z
.......Failed qa: 1993-03-22T16:42:42.642591Z
.......Failed qa: 1993-04-07T16:42:48.159522Z
.....................Failed qa: 1993-05-25T16:43:15.7710810Z
.......Failed qa: 1993-06-17T16:49:25.7700750Z
.......Failed qa: 1993-07-12T16:42:57.411575Z
.......Failed qa: 1993-07-28T16:42:55.985515Z
.......Failed qa: 1993-08-13T16:43:08.9250250Z
.......Failed qa: 1993-08-29T16:42:55.271081Z
..............Failed qa: 1993-09-30T16:42:49.277575Z
Failed qa: 1993-10-16T16:42:43.819547Z
.......Failed qa: 1993-11-01T16:42:38.049044Z
.......Failed qa: 1993-11-17T16:42:27.972525Z
Failed qa: 1993-11-24T16:48:50.5920250Z
Writing pickle: dev-nlcd-developer timesync/1993/audit/1993_0290_3132_qa_rejects.p
Success tracking goes here
