{'project_id': '3132', 'year': '1993', 'x': -513930, 'y': 1225710, 'plot_id': '359', 'strata': '41'}
Pandas(Index=0, project_id='3132', plot_id='359', x=-513930, y=1225710)
called process_plot
Pandas(Index=0, project_id='3132', plot_id='359', x=-513930, y=1225710)
359
Writing pickle: dev-nlcd-developer timesync/1993/audit/1993_0359_3132.p
.......Failed qa: 1993-01-24T16:48:03.955547Z
.......Failed qa: 1993-02-09T16:48:14.489069Z
Failed qa: 1993-02-25T16:48:18.075072Z
.......Failed qa: 1993-03-13T16:48:42.252047Z
.......Failed qa: 1993-03-29T16:48:32.269551Z
.......Failed qa: 1993-04-14T16:48:40.192041Z
Failed qa: 1993-04-30T16:48:58.296013Z
Failed qa: 1993-05-16T16:49:12.515075Z
.......Failed qa: 1993-06-01T16:49:04.178578Z
Failed qa: 1993-06-17T16:49:25.7700750Z
Failed qa: 1993-07-03T16:48:43.428047Z
.......Failed qa: 1993-07-19T16:48:56.090547Z
.......Failed qa: 1993-08-04T16:49:07.674053Z
.......Failed qa: 1993-08-20T16:48:55.085569Z
.......Failed qa: 1993-09-05T16:48:41.304032Z
Failed qa: 1993-09-21T16:48:37.832079Z
..............Failed qa: 1993-10-23T16:48:27.975579Z
.......Failed qa: 1993-11-08T16:48:21.272057Z
.......Failed qa: 1993-11-24T16:48:50.5920250Z
Writing pickle: dev-nlcd-developer timesync/1993/audit/1993_0359_3132_qa_rejects.p
Success tracking goes here
