{'project_id': '3132', 'year': '1993', 'x': -519930, 'y': 1335930, 'plot_id': '272', 'strata': '41'}
Pandas(Index=0, project_id='3132', plot_id='272', x=-519930, y=1335930)
called process_plot
Pandas(Index=0, project_id='3132', plot_id='272', x=-519930, y=1335930)
272
Writing pickle: dev-nlcd-developer timesync/1993/audit/1993_0272_3132.p
Failed qa: 1993-01-17T16:42:24.6660060Z
Failed qa: 1993-01-24T16:48:03.955547Z
.......Failed qa: 1993-02-09T16:48:14.489069Z
..............Failed qa: 1993-03-13T16:48:42.252047Z
.......Failed qa: 1993-03-29T16:48:32.269551Z
.......Failed qa: 1993-04-14T16:48:40.192041Z
Failed qa: 1993-04-30T16:48:58.296013Z
Failed qa: 1993-05-16T16:49:12.515075Z
Failed qa: 1993-05-25T16:43:15.7710810Z
Failed qa: 1993-06-01T16:49:04.178578Z
Failed qa: 1993-06-17T16:49:25.7700750Z
...................................Failed qa: 1993-08-13T16:43:08.9250250Z
......................................................................Failed qa: 1993-11-24T16:48:50.5920250Z
Writing pickle: dev-nlcd-developer timesync/1993/audit/1993_0272_3132_qa_rejects.p
Success tracking goes here
