{'project_id': '3132', 'year': '1994', 'x': -611910, 'y': 1362270, 'plot_id': '159', 'strata': '41'}
Pandas(Index=0, project_id='3132', plot_id='159', x=-611910, y=1362270)
called process_plot
Pandas(Index=0, project_id='3132', plot_id='159', x=-611910, y=1362270)
159
Writing pickle: dev-nlcd-developer timesync/1994/audit/1994_0159_3132.p
Failed qa: 1994-01-02T16:54:05.711563Z
Failed qa: 1994-01-02T16:54:17.694050Z
Failed qa: 1994-01-02T16:53:53.8010880Z
Failed qa: 1994-01-04T16:41:30.3650000Z
Failed qa: 1994-01-09T16:59:57.9140690Z
............................Failed qa: 1994-01-18T16:53:49.210041Z
Failed qa: 1994-01-18T16:54:01.121544Z
Failed qa: 1994-01-18T16:53:37.2260690Z
Failed qa: 1994-01-25T16:59:44.6750380Z
............................Failed qa: 1994-02-03T16:53:53.2410750Z
Failed qa: 1994-02-03T16:54:05.225581Z
Failed qa: 1994-02-05T16:41:18.420537Z
Failed qa: 1994-02-05T16:41:42.389550Z
Failed qa: 1994-02-10T16:59:35.4670880Z
............................Failed qa: 1994-02-19T16:53:28.797513Z
Failed qa: 1994-02-19T16:53:40.782019Z
Failed qa: 1994-02-19T16:53:16.8850190Z
Failed qa: 1994-02-26T16:59:21.2210380Z
............................Failed qa: 1994-03-07T16:53:14.388053Z
Failed qa: 1994-03-07T16:53:26.301572Z
Failed qa: 1994-03-07T16:53:02.4740750Z
Failed qa: 1994-03-09T16:40:50.752018Z
Failed qa: 1994-03-09T16:41:02.7380310Z
Failed qa: 1994-03-14T16:59:07.2230000Z
............................Failed qa: 1994-03-25T16:40:24.9900130Z
Failed qa: 1994-03-30T16:58:52.0170380Z
............................Failed qa: 1994-04-08T16:52:42.453578Z
Failed qa: 1994-04-08T16:52:54.369066Z
Failed qa: 1994-04-08T16:52:30.5380880Z
Failed qa: 1994-04-10T16:40:54.0550810Z
Failed qa: 1994-04-15T16:58:32.9520250Z
............................Failed qa: 1994-04-24T16:52:24.688050Z
Failed qa: 1994-04-24T16:52:36.676050Z
Failed qa: 1994-04-24T16:52:12.7720690Z
Failed qa: 1994-04-26T16:40:00.945544Z
Failed qa: 1994-04-26T16:40:24.849540Z
Failed qa: 1994-05-01T16:58:15.6300750Z
............................Failed qa: 1994-05-17T16:57:57.7470750Z
............................Failed qa: 1994-05-21T16:33:58.3940190Z
Failed qa: 1994-05-26T16:52:01.6060190Z
Failed qa: 1994-05-26T16:52:13.595031Z
Failed qa: 1994-05-28T16:39:25.909022Z
Failed qa: 1994-05-28T16:39:49.815034Z
Failed qa: 1994-06-02T16:57:40.5960440Z
............................Failed qa: 1994-06-11T16:51:30.868560Z
Failed qa: 1994-06-11T16:51:42.786056Z
Failed qa: 1994-06-11T16:51:18.8790380Z
Failed qa: 1994-06-13T16:39:06.671544Z
Failed qa: 1994-06-13T16:39:30.579025Z
Failed qa: 1994-06-18T16:57:20.4000630Z
............................Failed qa: 1994-06-22T16:33:19.3620750Z
Failed qa: 1994-06-27T16:51:08.694547Z
Failed qa: 1994-06-27T16:51:20.612556Z
Failed qa: 1994-06-27T16:50:56.7760940Z
Failed qa: 1994-06-29T16:38:44.108031Z
Failed qa: 1994-06-29T16:39:08.016532Z
Failed qa: 1994-07-04T16:56:55.9880060Z
............................Failed qa: 1994-07-08T16:32:54.2080190Z
Failed qa: 1994-07-13T16:50:42.683069Z
Failed qa: 1994-07-13T16:50:54.601594Z
Failed qa: 1994-07-13T16:50:30.7640940Z
Failed qa: 1994-07-15T16:38:17.729547Z
Failed qa: 1994-07-15T16:38:41.639522Z
Failed qa: 1994-07-20T16:56:29.8110190Z
............................Failed qa: 1994-07-29T16:50:15.163550Z
Failed qa: 1994-07-29T16:50:27.155050Z
Failed qa: 1994-07-29T16:50:03.2440810Z
Failed qa: 1994-07-31T16:37:50.005047Z
Failed qa: 1994-07-31T16:38:13.915569Z
............................Failed qa: 1994-08-14T16:49:50.754025Z
Failed qa: 1994-08-14T16:50:02.674009Z
Failed qa: 1994-08-14T16:49:38.7620130Z
Failed qa: 1994-08-16T16:37:26.224538Z
Failed qa: 1994-08-16T16:37:50.064057Z
Failed qa: 1994-08-21T16:55:39.4010060Z
............................Failed qa: 1994-08-30T16:49:27.215569Z
Failed qa: 1994-08-30T16:49:39.136066Z
Failed qa: 1994-08-30T16:49:15.2230500Z
Failed qa: 1994-09-06T16:55:15.4340750Z
............................Failed qa: 1994-09-17T16:36:37.469509Z
Failed qa: 1994-09-17T16:37:01.384016Z
Failed qa: 1994-09-22T16:54:49.6560880Z
............................Failed qa: 1994-10-01T16:48:35.656056Z
Failed qa: 1994-10-01T16:48:47.650059Z
Failed qa: 1994-10-01T16:48:23.7340810Z
Failed qa: 1994-10-03T16:36:10.551066Z
Failed qa: 1994-10-03T16:36:34.467059Z
Failed qa: 1994-10-08T16:54:21.5900250Z
............................Failed qa: 1994-10-17T16:48:06.002531Z
Failed qa: 1994-10-17T16:48:17.925034Z
Failed qa: 1994-10-17T16:47:54.0080060Z
Failed qa: 1994-10-19T16:35:40.403047Z
Failed qa: 1994-10-19T16:36:04.320525Z
Failed qa: 1994-10-24T16:53:50.5470060Z
Failed qa: 1994-10-26T16:41:00.9330190Z
Failed qa: 1994-11-02T16:47:31.959081Z
Failed qa: 1994-11-02T16:47:43.882541Z
Failed qa: 1994-11-02T16:47:20.0360690Z
Failed qa: 1994-11-04T16:35:18.3940560Z
Failed qa: 1994-11-04T16:35:30.317066Z
Failed qa: 1994-11-09T16:53:16.9850000Z
............................Failed qa: 1994-11-18T16:47:34.8360000Z
Failed qa: 1994-11-25T16:52:44.0200130Z
............................Writing pickle: dev-nlcd-developer timesync/1994/audit/1994_0159_3132_qa_rejects.p
Success tracking goes here
