{'project_id': '3132', 'year': '1994', 'x': -466680, 'y': 1310280, 'plot_id': '188', 'strata': '41'}
Pandas(Index=0, project_id='3132', plot_id='188', x=-466680, y=1310280)
called process_plot
Pandas(Index=0, project_id='3132', plot_id='188', x=-466680, y=1310280)
188
Writing pickle: dev-nlcd-developer timesync/1994/audit/1994_0188_3132.p
Failed qa: 1994-01-04T16:41:30.3650000Z
Failed qa: 1994-01-06T16:29:42.677572Z
Failed qa: 1994-01-11T16:47:46.144075Z
Failed qa: 1994-01-13T16:35:34.360047Z
Failed qa: 1994-01-27T16:47:34.229553Z
Failed qa: 1994-01-29T16:35:11.661528Z
..............Failed qa: 1994-02-07T16:29:19.410541Z
Failed qa: 1994-02-12T16:47:24.164028Z
Failed qa: 1994-02-14T16:35:12.821582Z
Failed qa: 1994-02-28T16:47:21.903025Z
Failed qa: 1994-03-02T16:34:58.545513Z
..............Failed qa: 1994-03-16T16:46:55.958547Z
Failed qa: 1994-03-18T16:34:44.575550Z
Failed qa: 1994-03-25T16:40:24.9900130Z
Failed qa: 1994-03-27T16:28:37.026554Z
Failed qa: 1994-04-01T16:46:52.083522Z
Failed qa: 1994-04-03T16:34:28.142500Z
Failed qa: 1994-04-10T16:40:54.0550810Z
Failed qa: 1994-04-10T16:40:54.0550810Z
Failed qa: 1994-04-12T16:28:17.876044Z
Failed qa: 1994-04-17T16:46:21.272585Z
Failed qa: 1994-04-19T16:34:09.567528Z
..............Failed qa: 1994-04-28T16:28:00.921018Z
Failed qa: 1994-05-03T16:46:03.624540Z
Failed qa: 1994-05-05T16:33:51.513534Z
Failed qa: 1994-05-14T16:27:42.413062Z
Failed qa: 1994-05-19T16:45:58.065525Z
Failed qa: 1994-05-21T16:33:58.3940190Z
Failed qa: 1994-05-21T16:33:34.416034Z
..............Failed qa: 1994-05-30T16:27:25.885050Z
Failed qa: 1994-06-04T16:45:28.632535Z
..............Failed qa: 1994-06-20T16:45:19.955044Z
Failed qa: 1994-06-22T16:33:19.3620750Z
Failed qa: 1994-06-22T16:32:55.454550Z
..............Failed qa: 1994-07-01T16:26:42.240537Z
Failed qa: 1994-07-06T16:44:55.114026Z
Failed qa: 1994-07-08T16:32:54.2080190Z
Failed qa: 1994-07-08T16:32:30.298541Z
..............Failed qa: 1994-07-17T16:26:16.606532Z
Failed qa: 1994-07-22T16:44:16.699003Z
..............Failed qa: 1994-08-02T16:25:48.670540Z
Failed qa: 1994-08-07T16:43:49.880512Z
Failed qa: 1994-08-09T16:31:37.389569Z
..............Failed qa: 1994-08-18T16:25:25.616550Z
Failed qa: 1994-08-23T16:43:38.737557Z
Failed qa: 1994-08-25T16:31:14.064553Z
Failed qa: 1994-09-03T16:25:01.823054Z
Failed qa: 1994-09-08T16:43:02.637528Z
Failed qa: 1994-09-10T16:30:49.901060Z
..............Failed qa: 1994-09-19T16:24:36.490537Z
Failed qa: 1994-09-24T16:42:48.692547Z
Failed qa: 1994-09-26T16:30:23.723010Z
..............Failed qa: 1994-10-10T16:42:20.562041Z
Failed qa: 1994-10-12T16:29:55.171031Z
..............Failed qa: 1994-10-21T16:23:38.567579Z
Failed qa: 1994-10-28T16:28:58.7300440Z
..............Failed qa: 1994-11-06T16:23:04.701554Z
Failed qa: 1994-11-11T16:41:15.072541Z
Failed qa: 1994-11-13T16:28:37.299547Z
Failed qa: 1994-11-27T16:40:42.836572Z
Failed qa: 1994-11-29T16:28:17.764544Z
Writing pickle: dev-nlcd-developer timesync/1994/audit/1994_0188_3132_qa_rejects.p
Success tracking goes here
