{'project_id': '3132', 'year': '1994', 'x': -600150, 'y': 1256790, 'plot_id': '66', 'strata': '41'}
Pandas(Index=0, project_id='3132', plot_id='66', x=-600150, y=1256790)
called process_plot
Pandas(Index=0, project_id='3132', plot_id='66', x=-600150, y=1256790)
66
Writing pickle: dev-nlcd-developer timesync/1994/audit/1994_0066_3132.p
..............Failed qa: 1994-02-05T16:41:42.389550Z
..............Failed qa: 1994-03-09T16:41:02.7380310Z
..............Failed qa: 1994-04-10T16:40:54.0550810Z
.......Failed qa: 1994-04-26T16:40:24.849540Z
..............Failed qa: 1994-05-21T16:33:58.3940190Z
Failed qa: 1994-05-28T16:39:49.815034Z
.......Failed qa: 1994-06-13T16:39:30.579025Z
.......Failed qa: 1994-06-22T16:33:19.3620750Z
Failed qa: 1994-06-29T16:39:08.016532Z
.......Failed qa: 1994-07-08T16:32:54.2080190Z
Failed qa: 1994-07-15T16:38:41.639522Z
.......Failed qa: 1994-07-31T16:38:13.915569Z
.......Failed qa: 1994-08-16T16:37:50.064057Z
..............Failed qa: 1994-09-17T16:37:01.384016Z
.......Failed qa: 1994-10-03T16:36:34.467059Z
.......Failed qa: 1994-10-19T16:36:04.320525Z
Failed qa: 1994-11-04T16:35:30.317066Z
..............Writing pickle: dev-nlcd-developer timesync/1994/audit/1994_0066_3132_qa_rejects.p
Success tracking goes here
