{'project_id': '3132', 'year': '1994', 'x': -615210, 'y': 1261260, 'plot_id': '343', 'strata': '41'}
Pandas(Index=0, project_id='3132', plot_id='343', x=-615210, y=1261260)
called process_plot
Pandas(Index=0, project_id='3132', plot_id='343', x=-615210, y=1261260)
343
Writing pickle: dev-nlcd-developer timesync/1994/audit/1994_0343_3132.p
Failed qa: 1994-01-02T16:54:17.694050Z
..............Failed qa: 1994-01-18T16:54:01.121544Z
..............Failed qa: 1994-02-03T16:54:05.225581Z
Failed qa: 1994-02-05T16:41:42.389550Z
..............Failed qa: 1994-02-19T16:53:40.782019Z
..............Failed qa: 1994-03-07T16:53:26.301572Z
Failed qa: 1994-03-09T16:41:02.7380310Z
............................Failed qa: 1994-04-08T16:52:54.369066Z
Failed qa: 1994-04-10T16:40:54.0550810Z
..............Failed qa: 1994-04-24T16:52:36.676050Z
Failed qa: 1994-04-26T16:40:24.849540Z
............................Failed qa: 1994-05-21T16:33:58.3940190Z
Failed qa: 1994-05-26T16:52:13.595031Z
Failed qa: 1994-05-28T16:39:49.815034Z
..............Failed qa: 1994-06-11T16:51:42.786056Z
Failed qa: 1994-06-13T16:39:30.579025Z
..............Failed qa: 1994-06-22T16:33:19.3620750Z
Failed qa: 1994-06-27T16:51:20.612556Z
Failed qa: 1994-06-29T16:39:08.016532Z
..............Failed qa: 1994-07-08T16:32:54.2080190Z
Failed qa: 1994-07-13T16:50:54.601594Z
Failed qa: 1994-07-15T16:38:41.639522Z
..............Failed qa: 1994-07-29T16:50:27.155050Z
Failed qa: 1994-07-31T16:38:13.915569Z
..............Failed qa: 1994-08-14T16:50:02.674009Z
Failed qa: 1994-08-16T16:37:50.064057Z
..............Failed qa: 1994-08-30T16:49:39.136066Z
..............Failed qa: 1994-09-17T16:37:01.384016Z
..............Failed qa: 1994-10-01T16:48:47.650059Z
Failed qa: 1994-10-03T16:36:34.467059Z
..............Failed qa: 1994-10-17T16:48:17.925034Z
Failed qa: 1994-10-19T16:36:04.320525Z
Failed qa: 1994-11-02T16:47:43.882541Z
Failed qa: 1994-11-04T16:35:30.317066Z
..............Failed qa: 1994-11-18T16:47:34.8360000Z
..............Writing pickle: dev-nlcd-developer timesync/1994/audit/1994_0343_3132_qa_rejects.p
Success tracking goes here
