{'project_id': '3132', 'year': '1994', 'x': -558810, 'y': 1224510, 'plot_id': '356', 'strata': '41'}
Pandas(Index=0, project_id='3132', plot_id='356', x=-558810, y=1224510)
called process_plot
Pandas(Index=0, project_id='3132', plot_id='356', x=-558810, y=1224510)
356
Writing pickle: dev-nlcd-developer timesync/1994/audit/1994_0356_3132.p
.................................................Failed qa: 1994-04-01T16:46:52.083522Z
.......Failed qa: 1994-04-17T16:46:21.272585Z
.......Failed qa: 1994-05-03T16:46:03.624540Z
Failed qa: 1994-05-19T16:45:58.065525Z
Failed qa: 1994-05-21T16:33:58.3940190Z
.......Failed qa: 1994-06-04T16:45:28.632535Z
.......Failed qa: 1994-06-20T16:45:19.955044Z
Failed qa: 1994-06-22T16:33:19.3620750Z
.......Failed qa: 1994-07-06T16:44:55.114026Z
Failed qa: 1994-07-08T16:32:54.2080190Z
.......Failed qa: 1994-07-22T16:44:16.699003Z
........................................................Failed qa: 1994-10-10T16:42:20.562041Z
............................Writing pickle: dev-nlcd-developer timesync/1994/audit/1994_0356_3132_qa_rejects.p
Success tracking goes here
