{'project_id': '3132', 'year': '1995', 'x': -523080, 'y': 1352010, 'plot_id': '207', 'strata': '41'}
Pandas(Index=0, project_id='3132', plot_id='207', x=-523080, y=1352010)
called process_plot
Pandas(Index=0, project_id='3132', plot_id='207', x=-523080, y=1352010)
207
Writing pickle: dev-nlcd-developer timesync/1995/audit/1995_0207_3132.p
..........................................................................................................................................................Failed qa: 1995-07-09T16:31:13.0390880Z
............................Failed qa: 1995-08-12T16:18:06.6680440Z
Failed qa: 1995-08-19T16:23:57.9560630Z
Failed qa: 1995-08-26T16:29:13.312040Z
Failed qa: 1995-08-28T16:17:09.833063Z
.......Failed qa: 1995-09-11T16:28:27.147047Z
Failed qa: 1995-09-13T16:16:23.577557Z
Failed qa: 1995-09-27T16:27:51.024000Z
Failed qa: 1995-09-29T16:15:35.154554Z
.......Failed qa: 1995-10-13T16:26:48.040543Z
Failed qa: 1995-10-15T16:14:43.599057Z
.......Failed qa: 1995-10-29T16:25:41.7880130Z
.....................Writing pickle: dev-nlcd-developer timesync/1995/audit/1995_0207_3132_qa_rejects.p
Success tracking goes here
