{'project_id': '3132', 'year': '1995', 'x': -612060, 'y': 1260240, 'plot_id': '330', 'strata': '41'}
Pandas(Index=0, project_id='3132', plot_id='330', x=-612060, y=1260240)
called process_plot
Pandas(Index=0, project_id='3132', plot_id='330', x=-612060, y=1260240)
330
Writing pickle: dev-nlcd-developer timesync/1995/audit/1995_0330_3132.p
Failed qa: 1995-01-05T16:45:13.8550690Z
Failed qa: 1995-01-07T16:33:23.831078Z
..............Failed qa: 1995-01-21T16:45:02.614012Z
Failed qa: 1995-01-23T16:32:48.365594Z
..............Failed qa: 1995-02-06T16:44:24.823081Z
Failed qa: 1995-02-08T16:32:10.275557Z
..............Failed qa: 1995-02-22T16:43:46.503028Z
Failed qa: 1995-02-24T16:31:32.295522Z
..............Failed qa: 1995-03-10T16:43:08.222541Z
Failed qa: 1995-03-12T16:30:53.513022Z
..............Failed qa: 1995-03-26T16:42:27.941562Z
..............Failed qa: 1995-04-11T16:41:48.397528Z
Failed qa: 1995-04-13T16:29:33.637547Z
..............Failed qa: 1995-04-27T16:41:06.694588Z
Failed qa: 1995-04-29T16:28:51.702538Z
..............Failed qa: 1995-05-13T16:40:23.412060Z
Failed qa: 1995-05-15T16:28:08.433081Z
..............Failed qa: 1995-05-29T16:40:03.4210690Z
Failed qa: 1995-05-31T16:27:24.286079Z
..............Failed qa: 1995-06-14T16:38:55.812050Z
Failed qa: 1995-06-16T16:26:40.828551Z
..............Failed qa: 1995-06-30T16:38:36.6900560Z
Failed qa: 1995-07-02T16:25:57.689538Z
Failed qa: 1995-07-09T16:31:13.0390880Z
Failed qa: 1995-07-16T16:37:28.629566Z
Failed qa: 1995-07-18T16:25:01.7360690Z
..............Failed qa: 1995-08-01T16:36:45.345040Z
Failed qa: 1995-08-03T16:24:30.228538Z
..............Failed qa: 1995-08-12T16:18:06.6680440Z
Failed qa: 1995-08-17T16:36:13.236547Z
Failed qa: 1995-08-19T16:23:57.9560630Z
..............Failed qa: 1995-08-28T16:17:09.833063Z
Failed qa: 1995-09-02T16:35:28.035062Z
Failed qa: 1995-09-04T16:23:00.669016Z
..............Failed qa: 1995-09-13T16:16:23.577557Z
Failed qa: 1995-09-18T16:34:29.124576Z
..............Failed qa: 1995-09-29T16:15:35.154554Z
Failed qa: 1995-10-04T16:33:51.770562Z
Failed qa: 1995-10-06T16:21:23.825556Z
..............Failed qa: 1995-10-15T16:14:43.599057Z
Failed qa: 1995-10-20T16:32:47.4660630Z
Failed qa: 1995-10-22T16:20:31.025559Z
Failed qa: 1995-10-29T16:25:41.7880130Z
Failed qa: 1995-11-07T16:20:02.606569Z
..............Failed qa: 1995-11-21T16:32:22.623575Z
Failed qa: 1995-11-23T16:20:16.462540Z
Writing pickle: dev-nlcd-developer timesync/1995/audit/1995_0330_3132_qa_rejects.p
Success tracking goes here
