{'project_id': '3132', 'year': '1995', 'x': -485730, 'y': 1363710, 'plot_id': '157', 'strata': '41'}
Pandas(Index=0, project_id='3132', plot_id='157', x=-485730, y=1363710)
called process_plot
Pandas(Index=0, project_id='3132', plot_id='157', x=-485730, y=1363710)
157
Writing pickle: dev-nlcd-developer timesync/1995/audit/1995_0157_3132.p
Failed qa: 1995-01-05T16:45:13.8550690Z
..............Failed qa: 1995-01-14T16:38:43.547550Z
Failed qa: 1995-01-14T16:38:55.545050Z
Failed qa: 1995-01-21T16:44:38.6910060Z
..............Failed qa: 1995-01-30T16:38:07.070547Z
Failed qa: 1995-01-30T16:38:30.994528Z
Failed qa: 1995-02-06T16:44:00.8990810Z
..............Failed qa: 1995-02-15T16:37:27.464509Z
Failed qa: 1995-02-15T16:37:51.316556Z
Failed qa: 1995-02-22T16:43:22.6500380Z
..............Failed qa: 1995-03-03T16:37:02.679053Z
Failed qa: 1995-03-03T16:37:02.679053Z
Failed qa: 1995-03-10T16:42:44.2960810Z
..............Failed qa: 1995-03-19T16:36:22.497025Z
Failed qa: 1995-03-19T16:36:22.497025Z
Failed qa: 1995-03-26T16:42:04.0840560Z
Failed qa: 1995-04-04T16:35:31.304563Z
Failed qa: 1995-04-04T16:35:55.163544Z
Failed qa: 1995-04-11T16:41:24.5380380Z
..............Failed qa: 1995-04-20T16:34:50.455513Z
Failed qa: 1995-04-20T16:35:02.385522Z
Failed qa: 1995-04-27T16:40:42.8340880Z
..............Failed qa: 1995-05-06T16:34:07.539519Z
Failed qa: 1995-05-06T16:34:31.545034Z
Failed qa: 1995-05-13T16:39:59.4780880Z
..............Failed qa: 1995-05-22T16:33:24.343566Z
Failed qa: 1995-05-22T16:33:48.278047Z
..............Failed qa: 1995-06-07T16:32:38.931066Z
Failed qa: 1995-06-07T16:32:50.862572Z
Failed qa: 1995-06-14T16:38:31.9480940Z
..............Failed qa: 1995-06-23T16:31:57.228044Z
Failed qa: 1995-06-23T16:32:09.232081Z
..............Failed qa: 1995-07-09T16:31:01.106572Z
Failed qa: 1995-07-09T16:31:13.0390880Z
Failed qa: 1995-07-16T16:37:04.7630940Z
..............Failed qa: 1995-07-25T16:30:29.741562Z
Failed qa: 1995-07-25T16:30:53.609029Z
Failed qa: 1995-08-01T16:36:21.4050560Z
..............Failed qa: 1995-08-10T16:29:46.004053Z
Failed qa: 1995-08-10T16:29:57.938066Z
Failed qa: 1995-08-12T16:18:06.6680440Z
Failed qa: 1995-08-17T16:35:37.2880940Z
Failed qa: 1995-08-19T16:23:10.0740130Z
Failed qa: 1995-08-19T16:23:57.9560630Z
Failed qa: 1995-08-26T16:29:01.305019Z
Failed qa: 1995-08-26T16:29:13.312040Z
Failed qa: 1995-08-28T16:17:09.833063Z
Failed qa: 1995-09-02T16:34:52.0850690Z
..............Failed qa: 1995-09-11T16:28:15.212012Z
Failed qa: 1995-09-11T16:28:27.147047Z
Failed qa: 1995-09-13T16:16:23.577557Z
Failed qa: 1995-09-18T16:34:05.2530880Z
Failed qa: 1995-09-27T16:27:27.079509Z
Failed qa: 1995-09-27T16:27:51.024000Z
Failed qa: 1995-09-29T16:15:35.154554Z
..............Failed qa: 1995-10-13T16:26:36.104035Z
Failed qa: 1995-10-13T16:26:48.040543Z
Failed qa: 1995-10-15T16:14:43.599057Z
..............Failed qa: 1995-10-29T16:25:29.851032Z
Failed qa: 1995-10-29T16:25:41.7880130Z
..............Failed qa: 1995-11-14T16:25:34.832031Z
Failed qa: 1995-11-14T16:25:46.769535Z
Failed qa: 1995-11-21T16:31:58.7480560Z
..............Writing pickle: dev-nlcd-developer timesync/1995/audit/1995_0157_3132_qa_rejects.p
Success tracking goes here
