{'project_id': '3132', 'year': '1995', 'x': -560850, 'y': 1214910, 'plot_id': '280', 'strata': '41'}
Pandas(Index=0, project_id='3132', plot_id='280', x=-560850, y=1214910)
called process_plot
Pandas(Index=0, project_id='3132', plot_id='280', x=-560850, y=1214910)
280
Writing pickle: dev-nlcd-developer timesync/1995/audit/1995_0280_3132.p
............................Failed qa: 1995-01-16T16:27:17.309025Z
............................Failed qa: 1995-02-01T16:26:40.385541Z
............................Failed qa: 1995-02-17T16:26:01.121547Z
............................Failed qa: 1995-03-05T16:25:23.964544Z
............................Failed qa: 1995-03-21T16:24:43.456019Z
Failed qa: 1995-04-04T16:35:55.163544Z
Failed qa: 1995-04-04T16:36:07.092588Z
Failed qa: 1995-04-06T16:24:04.374041Z
..............Failed qa: 1995-04-20T16:35:02.385522Z
Failed qa: 1995-04-20T16:35:26.318019Z
............................Failed qa: 1995-05-08T16:22:40.219056Z
............................Failed qa: 1995-05-24T16:22:08.9030060Z
............................Failed qa: 1995-06-09T16:21:11.944544Z
..............Failed qa: 1995-06-23T16:32:09.232081Z
Failed qa: 1995-06-23T16:32:33.096547Z
Failed qa: 1995-06-25T16:20:29.861550Z
..............Failed qa: 1995-07-09T16:31:13.0390880Z
Failed qa: 1995-07-11T16:19:45.508022Z
Failed qa: 1995-07-18T16:25:01.7360690Z
Failed qa: 1995-07-18T16:25:25.530079Z
Failed qa: 1995-07-25T16:30:53.609029Z
Failed qa: 1995-07-25T16:31:05.542537Z
Failed qa: 1995-07-27T16:19:02.319562Z
..............Failed qa: 1995-08-10T16:29:57.938066Z
Failed qa: 1995-08-10T16:30:21.806550Z
Failed qa: 1995-08-12T16:18:06.6680440Z
Failed qa: 1995-08-12T16:18:18.602066Z
..............Failed qa: 1995-08-26T16:29:13.312040Z
Failed qa: 1995-08-26T16:29:37.182015Z
Failed qa: 1995-08-28T16:17:09.833063Z
Failed qa: 1995-08-28T16:17:33.703059Z
..............Failed qa: 1995-09-11T16:28:27.147047Z
Failed qa: 1995-09-11T16:28:51.090509Z
Failed qa: 1995-09-13T16:16:23.577557Z
Failed qa: 1995-09-13T16:16:47.448547Z
Failed qa: 1995-09-27T16:27:51.024000Z
Failed qa: 1995-09-27T16:28:02.960000Z
Failed qa: 1995-09-29T16:15:35.154554Z
Failed qa: 1995-09-29T16:15:59.027022Z
..............Failed qa: 1995-10-13T16:26:48.040543Z
Failed qa: 1995-10-13T16:27:11.913556Z
Failed qa: 1995-10-15T16:14:43.599057Z
Failed qa: 1995-10-15T16:15:07.544550Z
..............Failed qa: 1995-10-29T16:25:41.7880130Z
............................Failed qa: 1995-11-16T16:14:16.516581Z
..............Writing pickle: dev-nlcd-developer timesync/1995/audit/1995_0280_3132_qa_rejects.p
Success tracking goes here
