{'project_id': '3132', 'year': '1996', 'x': -503100, 'y': 1359480, 'plot_id': '93', 'strata': '41'}
Pandas(Index=0, project_id='3132', plot_id='93', x=-503100, y=1359480)
called process_plot
Pandas(Index=0, project_id='3132', plot_id='93', x=-503100, y=1359480)
93
Writing pickle: dev-nlcd-developer timesync/1996/audit/1996_0093_3132.p
..............Failed qa: 1996-01-17T16:29:47.085506Z
.......Failed qa: 1996-02-18T16:31:59.932044Z
.......Failed qa: 1996-03-05T16:33:04.071043Z
.......Failed qa: 1996-03-21T16:34:06.626016Z
.......Failed qa: 1996-04-06T16:35:06.944547Z
.......Failed qa: 1996-04-22T16:36:05.455063Z
.......Failed qa: 1996-05-08T16:37:02.031047Z
.......Failed qa: 1996-05-24T16:37:56.878091Z
.......Failed qa: 1996-06-09T16:38:50.221047Z
.......Failed qa: 1996-06-25T16:39:41.721069Z
.......Failed qa: 1996-07-11T16:40:31.452560Z
............................Failed qa: 1996-08-21T16:37:06.1230880Z
.................................................Failed qa: 1996-10-31T16:47:02.7240130Z
..............Writing pickle: dev-nlcd-developer timesync/1996/audit/1996_0093_3132_qa_rejects.p
Success tracking goes here
