{'project_id': '3132', 'year': '1996', 'x': -504330, 'y': 1361730, 'plot_id': '87', 'strata': '41'}
Pandas(Index=0, project_id='3132', plot_id='87', x=-504330, y=1361730)
called process_plot
Pandas(Index=0, project_id='3132', plot_id='87', x=-504330, y=1361730)
87
Writing pickle: dev-nlcd-developer timesync/1996/audit/1996_0087_3132.p
..........................................Failed qa: 1996-02-09T16:37:21.9350310Z
..............Failed qa: 1996-02-18T16:31:47.920019Z
Failed qa: 1996-02-18T16:31:59.932044Z
Failed qa: 1996-02-25T16:38:27.1630880Z
..............Failed qa: 1996-03-05T16:32:52.129035Z
Failed qa: 1996-03-05T16:33:04.071043Z
..............Failed qa: 1996-03-21T16:33:54.683012Z
Failed qa: 1996-03-21T16:34:06.626016Z
Failed qa: 1996-03-28T16:40:32.1930880Z
..............Failed qa: 1996-04-06T16:34:55.001057Z
Failed qa: 1996-04-06T16:35:06.944547Z
Failed qa: 1996-04-13T16:41:31.7850630Z
..............Failed qa: 1996-04-22T16:35:53.511060Z
Failed qa: 1996-04-22T16:36:05.455063Z
Failed qa: 1996-04-29T16:42:29.2730250Z
..............Failed qa: 1996-05-08T16:36:50.086559Z
Failed qa: 1996-05-08T16:37:02.031047Z
Failed qa: 1996-05-15T16:43:25.2710750Z
..............Failed qa: 1996-05-24T16:37:44.933091Z
Failed qa: 1996-05-24T16:37:56.878091Z
Failed qa: 1996-05-31T16:44:19.3510380Z
..............Failed qa: 1996-06-09T16:38:38.203059Z
Failed qa: 1996-06-09T16:38:50.221047Z
Failed qa: 1996-06-16T16:45:11.8660060Z
..............Failed qa: 1996-06-25T16:39:29.775072Z
Failed qa: 1996-06-25T16:39:41.721069Z
Failed qa: 1996-07-02T16:46:02.6190940Z
............................Failed qa: 1996-07-18T16:46:53.3470500Z
............................Failed qa: 1996-08-03T16:47:44.2520810Z
............................Failed qa: 1996-08-19T16:48:33.8410690Z
Failed qa: 1996-08-21T16:36:18.1860940Z
Failed qa: 1996-08-21T16:37:06.1230880Z
..............Failed qa: 1996-09-04T16:49:27.0150380Z
..............Failed qa: 1996-09-20T16:50:19.5730440Z
........................................................Failed qa: 1996-10-22T16:51:59.4790560Z
..............Failed qa: 1996-10-31T16:47:02.7240130Z
Failed qa: 1996-11-07T16:52:45.6540750Z
..............Failed qa: 1996-11-23T16:53:30.0880690Z
..............Writing pickle: dev-nlcd-developer timesync/1996/audit/1996_0087_3132_qa_rejects.p
Success tracking goes here
