{'project_id': '3132', 'year': '1996', 'x': -586800, 'y': 1363500, 'plot_id': '123', 'strata': '41'}
Pandas(Index=0, project_id='3132', plot_id='123', x=-586800, y=1363500)
called process_plot
Pandas(Index=0, project_id='3132', plot_id='123', x=-586800, y=1363500)
123
Writing pickle: dev-nlcd-developer timesync/1996/audit/1996_0123_3132.p
Failed qa: 1996-01-01T16:28:14.822551Z
Failed qa: 1996-01-01T16:28:26.7640880Z
Failed qa: 1996-01-10T16:23:06.424572Z
Failed qa: 1996-01-10T16:23:30.303525Z
..............Failed qa: 1996-02-09T16:37:21.9350310Z
Failed qa: 1996-02-11T16:25:20.412068Z
Failed qa: 1996-02-11T16:25:44.292543Z
..............Failed qa: 1996-02-25T16:38:27.1630880Z
Failed qa: 1996-02-27T16:26:25.350584Z
Failed qa: 1996-02-27T16:26:49.306057Z
..............Failed qa: 1996-03-14T16:27:28.662579Z
Failed qa: 1996-03-14T16:27:52.548060Z
..............Failed qa: 1996-03-28T16:40:32.1930880Z
Failed qa: 1996-03-30T16:28:41.9890940Z
Failed qa: 1996-03-30T16:28:53.860084Z
..............Failed qa: 1996-04-13T16:41:31.7850630Z
Failed qa: 1996-04-15T16:29:29.328016Z
Failed qa: 1996-04-15T16:29:53.215519Z
..............Failed qa: 1996-04-29T16:42:29.2730250Z
Failed qa: 1996-05-01T16:30:26.647044Z
Failed qa: 1996-05-01T16:30:50.608019Z
..............Failed qa: 1996-05-15T16:43:25.2710750Z
Failed qa: 1996-05-17T16:31:22.291053Z
Failed qa: 1996-05-17T16:31:46.253050Z
..............Failed qa: 1996-05-31T16:44:19.3510380Z
Failed qa: 1996-06-02T16:32:16.224556Z
Failed qa: 1996-06-02T16:32:40.115031Z
..............Failed qa: 1996-06-16T16:45:11.8660060Z
Failed qa: 1996-06-18T16:33:08.594075Z
Failed qa: 1996-06-18T16:33:32.486034Z
..............Failed qa: 1996-07-02T16:46:02.6190940Z
Failed qa: 1996-07-04T16:33:59.096588Z
Failed qa: 1996-07-04T16:34:22.989572Z
..............Failed qa: 1996-07-18T16:46:53.3470500Z
Failed qa: 1996-07-20T16:34:50.079063Z
Failed qa: 1996-07-20T16:35:13.973034Z
..............Failed qa: 1996-08-03T16:47:44.2520810Z
Failed qa: 1996-08-05T16:35:40.849538Z
Failed qa: 1996-08-05T16:36:04.744525Z
..............Failed qa: 1996-08-19T16:48:33.8410690Z
Failed qa: 1996-08-21T16:36:18.1860940Z
Failed qa: 1996-08-21T16:37:06.1230880Z
..............Failed qa: 1996-09-04T16:49:27.0150380Z
Failed qa: 1996-09-06T16:37:23.967044Z
Failed qa: 1996-09-06T16:37:47.937053Z
Failed qa: 1996-09-20T16:50:19.5730440Z
Failed qa: 1996-09-22T16:38:16.318576Z
Failed qa: 1996-09-22T16:38:40.217553Z
..............Failed qa: 1996-10-08T16:39:07.062013Z
Failed qa: 1996-10-08T16:39:30.961550Z
..............Failed qa: 1996-10-22T16:51:59.4790560Z
Failed qa: 1996-10-24T16:39:55.636525Z
Failed qa: 1996-10-24T16:40:19.537531Z
Failed qa: 1996-10-31T16:47:02.7240130Z
Failed qa: 1996-11-07T16:52:45.6540750Z
Failed qa: 1996-11-09T16:40:53.4570440Z
Failed qa: 1996-11-09T16:41:05.408522Z
Failed qa: 1996-11-23T16:53:30.0880690Z
Failed qa: 1996-11-25T16:41:26.475032Z
Failed qa: 1996-11-25T16:41:50.378538Z
Writing pickle: dev-nlcd-developer timesync/1996/audit/1996_0123_3132_qa_rejects.p
Success tracking goes here
