{'project_id': '3132', 'year': '1996', 'x': -565440, 'y': 1326000, 'plot_id': '296', 'strata': '41'}
Pandas(Index=0, project_id='3132', plot_id='296', x=-565440, y=1326000)
called process_plot
Pandas(Index=0, project_id='3132', plot_id='296', x=-565440, y=1326000)
296
Writing pickle: dev-nlcd-developer timesync/1996/audit/1996_0296_3132.p
Failed qa: 1996-01-01T16:28:26.7640880Z
Failed qa: 1996-01-10T16:23:30.303525Z
.......Failed qa: 1996-02-11T16:25:44.292543Z
.........................................................................................................Failed qa: 1996-06-18T16:33:32.486034Z
.......Failed qa: 1996-07-04T16:34:22.989572Z
.......Failed qa: 1996-07-20T16:35:13.973034Z
.......Failed qa: 1996-08-05T16:36:04.744525Z
.......Failed qa: 1996-08-21T16:37:06.1230880Z
.......Failed qa: 1996-09-06T16:37:47.937053Z
Failed qa: 1996-09-22T16:38:40.217553Z
.......Failed qa: 1996-10-08T16:39:30.961550Z
.......Failed qa: 1996-10-24T16:40:19.537531Z
Failed qa: 1996-10-31T16:47:02.7240130Z
Failed qa: 1996-11-09T16:41:05.408522Z
Failed qa: 1996-11-25T16:41:50.378538Z
Writing pickle: dev-nlcd-developer timesync/1996/audit/1996_0296_3132_qa_rejects.p
Success tracking goes here
