{'project_id': '3132', 'year': '1996', 'x': -613260, 'y': 1275600, 'plot_id': '155', 'strata': '41'}
Pandas(Index=0, project_id='3132', plot_id='155', x=-613260, y=1275600)
called process_plot
Pandas(Index=0, project_id='3132', plot_id='155', x=-613260, y=1275600)
155
Writing pickle: dev-nlcd-developer timesync/1996/audit/1996_0155_3132.p
Failed qa: 1996-01-01T16:28:26.7640880Z
Failed qa: 1996-01-10T16:23:30.303525Z
..............Failed qa: 1996-02-09T16:37:45.815053Z
Failed qa: 1996-02-11T16:25:44.292543Z
..............Failed qa: 1996-02-25T16:38:39.104550Z
Failed qa: 1996-02-27T16:26:49.306057Z
..............Failed qa: 1996-03-12T16:40:06.337525Z
Failed qa: 1996-03-14T16:27:52.548060Z
..............Failed qa: 1996-03-28T16:40:56.007547Z
Failed qa: 1996-03-30T16:28:53.860084Z
..............Failed qa: 1996-04-13T16:41:55.600053Z
Failed qa: 1996-04-15T16:29:53.215519Z
..............Failed qa: 1996-04-29T16:42:53.161059Z
Failed qa: 1996-05-01T16:30:50.608019Z
..............Failed qa: 1996-05-15T16:43:49.160572Z
Failed qa: 1996-05-17T16:31:46.253050Z
..............Failed qa: 1996-05-31T16:44:43.241054Z
Failed qa: 1996-06-02T16:32:40.115031Z
..............Failed qa: 1996-06-16T16:45:35.757050Z
Failed qa: 1996-06-18T16:33:32.486034Z
..............Failed qa: 1996-07-02T16:46:26.512054Z
Failed qa: 1996-07-04T16:34:22.989572Z
..............Failed qa: 1996-07-18T16:47:17.240572Z
Failed qa: 1996-07-20T16:35:13.973034Z
..............Failed qa: 1996-08-03T16:48:08.147063Z
Failed qa: 1996-08-05T16:36:04.744525Z
..............Failed qa: 1996-08-19T16:48:57.737066Z
Failed qa: 1996-08-21T16:37:06.1230880Z
..............Failed qa: 1996-09-04T16:49:50.912519Z
Failed qa: 1996-09-06T16:37:47.937053Z
Failed qa: 1996-09-20T16:50:43.471554Z
Failed qa: 1996-09-22T16:38:40.217553Z
..............Failed qa: 1996-10-08T16:39:30.961550Z
..............Failed qa: 1996-10-22T16:52:23.307553Z
Failed qa: 1996-10-24T16:40:19.537531Z
Failed qa: 1996-10-31T16:47:02.7240130Z
Failed qa: 1996-10-31T16:47:02.7240130Z
Failed qa: 1996-11-07T16:53:09.556563Z
Failed qa: 1996-11-09T16:41:05.408522Z
Failed qa: 1996-11-23T16:53:53.919066Z
Failed qa: 1996-11-25T16:41:50.378538Z
Writing pickle: dev-nlcd-developer timesync/1996/audit/1996_0155_3132_qa_rejects.p
Success tracking goes here
