{'project_id': '3132', 'year': '1996', 'x': -467490, 'y': 1295730, 'plot_id': '92', 'strata': '41'}
Pandas(Index=0, project_id='3132', plot_id='92', x=-467490, y=1295730)
called process_plot
Pandas(Index=0, project_id='3132', plot_id='92', x=-467490, y=1295730)
92
Writing pickle: dev-nlcd-developer timesync/1996/audit/1996_0092_3132.p
Failed qa: 1996-01-01T16:28:26.7640880Z
Failed qa: 1996-01-03T16:16:37.486085Z
..............Failed qa: 1996-01-17T16:29:47.085506Z
Failed qa: 1996-01-19T16:17:45.720062Z
Failed qa: 1996-02-04T16:18:52.671032Z
..............Failed qa: 1996-02-18T16:31:59.932044Z
Failed qa: 1996-02-20T16:19:58.290547Z
..............Failed qa: 1996-03-05T16:33:04.071043Z
Failed qa: 1996-03-07T16:21:02.287050Z
..............Failed qa: 1996-03-21T16:34:06.626016Z
Failed qa: 1996-03-23T16:22:04.487550Z
..............Failed qa: 1996-04-06T16:35:06.944547Z
Failed qa: 1996-04-08T16:23:04.629040Z
..............Failed qa: 1996-04-22T16:36:05.455063Z
Failed qa: 1996-04-24T16:24:02.906035Z
..............Failed qa: 1996-05-08T16:37:02.031047Z
Failed qa: 1996-05-10T16:25:11.295553Z
..............Failed qa: 1996-05-24T16:37:56.878091Z
Failed qa: 1996-05-26T16:25:53.906547Z
..............Failed qa: 1996-06-09T16:38:50.221047Z
Failed qa: 1996-06-11T16:26:46.964079Z
..............Failed qa: 1996-06-25T16:39:41.721069Z
Failed qa: 1996-06-27T16:27:38.300541Z
..............Failed qa: 1996-07-11T16:40:31.452560Z
Failed qa: 1996-07-13T16:28:28.464544Z
..............Failed qa: 1996-07-27T16:41:23.288569Z
Failed qa: 1996-07-29T16:29:19.944569Z
..............Failed qa: 1996-08-12T16:42:13.380050Z
Failed qa: 1996-08-14T16:30:09.834544Z
Failed qa: 1996-08-21T16:37:06.1230880Z
Failed qa: 1996-08-21T16:36:42.154591Z
Failed qa: 1996-08-28T16:43:04.832513Z
Failed qa: 1996-08-30T16:30:49.773509Z
..............Failed qa: 1996-09-15T16:32:06.727062Z
..............Failed qa: 1996-09-29T16:44:49.587050Z
Failed qa: 1996-10-01T16:32:46.162544Z
..............Failed qa: 1996-10-15T16:45:39.464538Z
..............Failed qa: 1996-10-31T16:47:02.7240130Z
Failed qa: 1996-11-02T16:34:22.822075Z
..............Failed qa: 1996-11-18T16:35:31.1480130Z
..............Writing pickle: dev-nlcd-developer timesync/1996/audit/1996_0092_3132_qa_rejects.p
Success tracking goes here
