{'project_id': '3132', 'year': '1996', 'x': -593790, 'y': 1216230, 'plot_id': '97', 'strata': '41'}
Pandas(Index=0, project_id='3132', plot_id='97', x=-593790, y=1216230)
called process_plot
Pandas(Index=0, project_id='3132', plot_id='97', x=-593790, y=1216230)
97
Writing pickle: dev-nlcd-developer timesync/1996/audit/1996_0097_3132.p
Failed qa: 1996-01-01T16:28:26.7640880Z
Failed qa: 1996-01-03T16:17:13.303544Z
............................Failed qa: 1996-01-19T16:18:21.538575Z
Failed qa: 1996-02-04T16:19:28.491007Z
............................Failed qa: 1996-02-20T16:20:34.111060Z
............................Failed qa: 1996-03-07T16:21:26.2440310Z
............................Failed qa: 1996-03-23T16:22:40.317022Z
............................Failed qa: 1996-04-08T16:23:40.459543Z
............................Failed qa: 1996-04-24T16:24:38.738047Z
............................Failed qa: 1996-05-10T16:25:35.112066Z
............................Failed qa: 1996-05-26T16:26:29.741082Z
............................Failed qa: 1996-06-11T16:27:22.801056Z
............................Failed qa: 1996-06-27T16:28:14.139012Z
............................Failed qa: 1996-07-13T16:29:04.304550Z
Failed qa: 1996-07-20T16:35:13.973034Z
Failed qa: 1996-07-20T16:35:13.973034Z
..............Failed qa: 1996-07-29T16:29:55.713562Z
Failed qa: 1996-08-05T16:36:04.744525Z
Failed qa: 1996-08-05T16:36:04.744525Z
..............Failed qa: 1996-08-14T16:30:45.678032Z
Failed qa: 1996-08-21T16:37:06.1230880Z
Failed qa: 1996-08-21T16:37:06.1230880Z
..............Failed qa: 1996-09-06T16:37:47.937053Z
Failed qa: 1996-09-06T16:37:47.937053Z
Failed qa: 1996-09-15T16:32:30.553035Z
Failed qa: 1996-09-22T16:38:40.217553Z
Failed qa: 1996-09-22T16:38:52.167047Z
..............Failed qa: 1996-10-01T16:33:22.011529Z
Failed qa: 1996-10-08T16:39:30.961550Z
Failed qa: 1996-10-08T16:39:30.961550Z
..........................................Failed qa: 1996-11-02T16:34:58.675081Z
Failed qa: 1996-11-09T16:41:05.408522Z
Failed qa: 1996-11-09T16:41:05.408522Z
Failed qa: 1996-11-18T16:35:43.099538Z
Failed qa: 1996-11-25T16:41:50.378538Z
Failed qa: 1996-11-25T16:41:50.378538Z
Writing pickle: dev-nlcd-developer timesync/1996/audit/1996_0097_3132_qa_rejects.p
Success tracking goes here
