{'project_id': '3132', 'year': '1996', 'x': -505530, 'y': 1216290, 'plot_id': '100', 'strata': '41'}
Pandas(Index=0, project_id='3132', plot_id='100', x=-505530, y=1216290)
called process_plot
Pandas(Index=0, project_id='3132', plot_id='100', x=-505530, y=1216290)
100
Writing pickle: dev-nlcd-developer timesync/1996/audit/1996_0100_3132.p
Failed qa: 1996-01-01T16:28:26.7640880Z
Failed qa: 1996-01-03T16:17:13.303544Z
..............Failed qa: 1996-01-17T16:29:47.085506Z
Failed qa: 1996-01-17T16:30:10.964506Z
Failed qa: 1996-01-19T16:18:21.538575Z
Failed qa: 1996-02-04T16:19:28.491007Z
..............Failed qa: 1996-02-18T16:31:59.932044Z
Failed qa: 1996-02-18T16:32:23.812032Z
Failed qa: 1996-02-20T16:20:34.111060Z
..............Failed qa: 1996-03-05T16:33:04.071043Z
Failed qa: 1996-03-05T16:33:27.955072Z
Failed qa: 1996-03-07T16:21:26.2440310Z
..............Failed qa: 1996-03-21T16:34:06.626016Z
Failed qa: 1996-03-21T16:34:30.512022Z
Failed qa: 1996-03-23T16:22:40.317022Z
..............Failed qa: 1996-04-06T16:35:06.944547Z
Failed qa: 1996-04-06T16:35:30.831526Z
Failed qa: 1996-04-08T16:23:40.459543Z
..............Failed qa: 1996-04-22T16:36:05.455063Z
Failed qa: 1996-04-22T16:36:29.343069Z
Failed qa: 1996-04-24T16:24:38.738047Z
..............Failed qa: 1996-05-08T16:37:02.031047Z
Failed qa: 1996-05-08T16:37:25.919576Z
Failed qa: 1996-05-10T16:25:35.112066Z
..............Failed qa: 1996-05-24T16:37:56.878091Z
Failed qa: 1996-05-24T16:38:20.768091Z
Failed qa: 1996-05-26T16:26:29.741082Z
..............Failed qa: 1996-06-09T16:38:50.221047Z
Failed qa: 1996-06-09T16:39:14.111594Z
Failed qa: 1996-06-11T16:27:22.801056Z
..............Failed qa: 1996-06-25T16:39:41.721069Z
Failed qa: 1996-06-25T16:40:05.613069Z
Failed qa: 1996-06-27T16:28:14.139012Z
..............Failed qa: 1996-07-11T16:40:31.452560Z
Failed qa: 1996-07-11T16:40:55.273544Z
Failed qa: 1996-07-13T16:29:04.304550Z
..............Failed qa: 1996-07-27T16:41:23.288569Z
Failed qa: 1996-07-27T16:41:47.110544Z
Failed qa: 1996-07-29T16:29:55.713562Z
..............Failed qa: 1996-08-12T16:42:13.380050Z
Failed qa: 1996-08-12T16:42:37.275550Z
Failed qa: 1996-08-14T16:30:45.678032Z
..............Failed qa: 1996-08-28T16:43:04.832513Z
Failed qa: 1996-08-28T16:43:16.7810000Z
..............Failed qa: 1996-09-15T16:32:30.553035Z
..............Failed qa: 1996-09-29T16:44:49.587050Z
Failed qa: 1996-09-29T16:45:13.486512Z
Failed qa: 1996-10-01T16:33:22.011529Z
..............Failed qa: 1996-10-15T16:45:39.464538Z
Failed qa: 1996-10-15T16:46:03.365038Z
..............Failed qa: 1996-10-31T16:47:02.7240130Z
Failed qa: 1996-10-31T16:47:02.7240130Z
Failed qa: 1996-11-02T16:34:58.675081Z
..............Failed qa: 1996-11-18T16:35:43.099538Z
..............Writing pickle: dev-nlcd-developer timesync/1996/audit/1996_0100_3132_qa_rejects.p
Success tracking goes here
