{'project_id': '3132', 'year': '1997', 'x': -498900, 'y': 1215570, 'plot_id': '315', 'strata': '41'}
Pandas(Index=0, project_id='3132', plot_id='315', x=-498900, y=1215570)
called process_plot
Pandas(Index=0, project_id='3132', plot_id='315', x=-498900, y=1215570)
315
Writing pickle: dev-nlcd-developer timesync/1997/audit/1997_0315_3132.p
Failed qa: 1997-01-03T16:49:28.459053Z
Failed qa: 1997-01-03T16:49:52.292044Z
Failed qa: 1997-01-05T16:38:12.1990130Z
Failed qa: 1997-01-19T16:50:13.133566Z
Failed qa: 1997-01-19T16:50:37.040063Z
..............Failed qa: 1997-02-04T16:50:55.953553Z
Failed qa: 1997-02-04T16:51:19.788563Z
Failed qa: 1997-02-20T16:51:36.888544Z
Failed qa: 1997-02-20T16:52:00.799050Z
Failed qa: 1997-02-22T16:40:07.957016Z
..............Failed qa: 1997-03-08T16:52:15.497544Z
Failed qa: 1997-03-08T16:52:27.4540380Z
Failed qa: 1997-03-10T16:40:46.421554Z
..............Failed qa: 1997-03-26T16:41:22.861026Z
Failed qa: 1997-04-02T16:48:00.9880560Z
............................Failed qa: 1997-05-11T16:54:33.497568Z
Failed qa: 1997-05-11T16:54:57.415041Z
Failed qa: 1997-05-13T16:43:03.635560Z
..............Failed qa: 1997-05-27T16:55:07.946547Z
Failed qa: 1997-05-27T16:55:31.865016Z
Failed qa: 1997-05-29T16:43:38.378047Z
..............Failed qa: 1997-06-12T16:55:40.851559Z
Failed qa: 1997-06-12T16:56:04.699028Z
Failed qa: 1997-06-14T16:44:10.885560Z
..............Failed qa: 1997-06-28T16:56:14.633547Z
Failed qa: 1997-06-28T16:56:26.5220190Z
Failed qa: 1997-06-30T16:44:45.065538Z
..............Failed qa: 1997-07-14T16:56:47.366075Z
Failed qa: 1997-07-14T16:57:11.216054Z
Failed qa: 1997-07-16T16:45:17.509550Z
..............Failed qa: 1997-07-30T16:57:19.304016Z
Failed qa: 1997-07-30T16:57:43.154550Z
Failed qa: 1997-08-01T16:45:49.379050Z
..............Failed qa: 1997-08-15T16:57:50.001541Z
Failed qa: 1997-08-15T16:58:13.853068Z
Failed qa: 1997-08-17T16:46:07.9680310Z
..............Failed qa: 1997-08-31T16:58:19.135554Z
Failed qa: 1997-08-31T16:58:43.060569Z
Failed qa: 1997-09-02T16:46:48.769078Z
..............Failed qa: 1997-09-16T16:58:45.908037Z
Failed qa: 1997-09-16T16:59:09.834066Z
Failed qa: 1997-09-18T16:47:15.180047Z
..............Failed qa: 1997-10-02T16:59:14.295028Z
Failed qa: 1997-10-02T16:59:38.149528Z
Failed qa: 1997-10-04T16:47:43.721056Z
Failed qa: 1997-10-18T16:59:40.311016Z
Failed qa: 1997-10-18T17:00:04.239047Z
Failed qa: 1997-10-20T16:48:21.8340000Z
..............Failed qa: 1997-11-03T17:00:06.197532Z
Failed qa: 1997-11-03T17:00:30.126519Z
Failed qa: 1997-11-05T16:48:35.254013Z
Failed qa: 1997-11-19T17:00:39.106565Z
Failed qa: 1997-11-19T17:00:51.071563Z
Failed qa: 1997-11-21T16:48:56.607059Z
..............Writing pickle: dev-nlcd-developer timesync/1997/audit/1997_0315_3132_qa_rejects.p
Success tracking goes here
