{'project_id': '3132', 'year': '1997', 'x': -466530, 'y': 1338810, 'plot_id': '11', 'strata': '41'}
Pandas(Index=0, project_id='3132', plot_id='11', x=-466530, y=1338810)
called process_plot
Pandas(Index=0, project_id='3132', plot_id='11', x=-466530, y=1338810)
11
Writing pickle: dev-nlcd-developer timesync/1997/audit/1997_0011_3132.p
Failed qa: 1997-01-03T16:49:28.459053Z
Failed qa: 1997-01-05T16:37:00.4820810Z
Failed qa: 1997-01-19T16:50:13.133566Z
Failed qa: 1997-01-21T16:37:44.9220500Z
..............Failed qa: 1997-02-04T16:50:55.953553Z
Failed qa: 1997-02-20T16:51:36.888544Z
Failed qa: 1997-02-22T16:39:32.163032Z
..............Failed qa: 1997-03-08T16:52:15.497544Z
Failed qa: 1997-03-10T16:40:10.624081Z
..............Failed qa: 1997-03-26T16:40:47.061519Z
............................Failed qa: 1997-05-11T16:54:33.497568Z
Failed qa: 1997-05-13T16:42:27.760022Z
..............Failed qa: 1997-05-27T16:55:07.946547Z
Failed qa: 1997-05-29T16:43:02.500556Z
..............Failed qa: 1997-06-12T16:55:40.851559Z
Failed qa: 1997-06-14T16:43:35.006551Z
..............Failed qa: 1997-06-28T16:56:14.633547Z
Failed qa: 1997-06-30T16:44:09.255556Z
..............Failed qa: 1997-07-14T16:56:47.366075Z
Failed qa: 1997-07-16T16:44:41.698081Z
..............Failed qa: 1997-07-30T16:57:19.304016Z
Failed qa: 1997-08-01T16:45:13.494040Z
..............Failed qa: 1997-08-15T16:57:50.001541Z
Failed qa: 1997-08-17T16:45:44.043553Z
..............Failed qa: 1997-08-31T16:58:19.135554Z
Failed qa: 1997-09-02T16:46:12.954062Z
..............Failed qa: 1997-09-16T16:58:45.908037Z
Failed qa: 1997-09-18T16:46:39.290556Z
..............Failed qa: 1997-10-02T16:59:14.295028Z
Failed qa: 1997-10-04T16:47:07.902563Z
Failed qa: 1997-10-18T16:59:40.311016Z
Failed qa: 1997-10-20T16:47:34.1220310Z
..............Failed qa: 1997-11-03T17:00:06.197532Z
Failed qa: 1997-11-05T16:47:59.433016Z
Failed qa: 1997-11-19T17:00:39.106565Z
Failed qa: 1997-11-21T16:48:20.784576Z
..............Writing pickle: dev-nlcd-developer timesync/1997/audit/1997_0011_3132_qa_rejects.p
Success tracking goes here
