{'project_id': '3132', 'year': '1997', 'x': -485730, 'y': 1363710, 'plot_id': '157', 'strata': '41'}
Pandas(Index=0, project_id='3132', plot_id='157', x=-485730, y=1363710)
called process_plot
Pandas(Index=0, project_id='3132', plot_id='157', x=-485730, y=1363710)
157
Writing pickle: dev-nlcd-developer timesync/1997/audit/1997_0157_3132.p
Failed qa: 1997-01-03T16:49:16.506538Z
Failed qa: 1997-01-03T16:49:28.459053Z
Failed qa: 1997-01-19T16:50:01.180544Z
Failed qa: 1997-01-19T16:50:13.133566Z
Failed qa: 1997-01-26T16:56:30.9260310Z
..............Failed qa: 1997-02-04T16:50:43.927525Z
Failed qa: 1997-02-04T16:50:55.953553Z
Failed qa: 1997-02-11T16:57:13.0020560Z
Failed qa: 1997-02-20T16:51:24.933516Z
Failed qa: 1997-02-20T16:51:36.888544Z
Failed qa: 1997-02-27T16:57:53.0840250Z
..............Failed qa: 1997-03-08T16:52:03.541053Z
Failed qa: 1997-03-08T16:52:15.497544Z
..............Failed qa: 1997-03-31T16:59:06.6460560Z
Failed qa: 1997-04-16T16:59:40.1380190Z
..............Failed qa: 1997-05-02T17:00:14.3120060Z
..............Failed qa: 1997-05-11T16:54:21.539060Z
Failed qa: 1997-05-11T16:54:33.497568Z
Failed qa: 1997-05-18T17:00:47.0560000Z
..............Failed qa: 1997-05-27T16:54:55.987541Z
Failed qa: 1997-05-27T16:55:07.946547Z
Failed qa: 1997-06-03T17:01:21.5570690Z
..............Failed qa: 1997-06-12T16:55:28.892029Z
Failed qa: 1997-06-12T16:55:40.851559Z
Failed qa: 1997-06-19T17:01:53.3720940Z
..............Failed qa: 1997-06-28T16:56:02.673032Z
Failed qa: 1997-06-28T16:56:14.633547Z
Failed qa: 1997-07-05T17:02:27.5490380Z
..............Failed qa: 1997-07-14T16:56:35.405063Z
Failed qa: 1997-07-14T16:56:47.366075Z
Failed qa: 1997-07-21T17:03:00.4990940Z
..............Failed qa: 1997-07-30T16:57:07.342050Z
Failed qa: 1997-07-30T16:57:19.304016Z
Failed qa: 1997-08-06T17:03:31.9130500Z
..............Failed qa: 1997-08-15T16:57:38.039528Z
Failed qa: 1997-08-15T16:57:50.001541Z
Failed qa: 1997-08-22T17:04:01.8100560Z
..............Failed qa: 1997-08-31T16:58:07.173047Z
Failed qa: 1997-08-31T16:58:19.135554Z
Failed qa: 1997-09-07T17:04:30.0970810Z
..............Failed qa: 1997-09-16T16:58:33.945028Z
Failed qa: 1997-09-16T16:58:45.908037Z
..............Failed qa: 1997-10-02T16:59:02.331525Z
Failed qa: 1997-10-02T16:59:14.295028Z
Failed qa: 1997-10-09T17:05:24.5750250Z
Failed qa: 1997-10-18T16:59:28.419056Z
Failed qa: 1997-10-18T16:59:40.311016Z
Failed qa: 1997-10-25T17:05:51.1860630Z
..............Failed qa: 1997-11-03T16:59:54.305534Z
Failed qa: 1997-11-03T17:00:06.197532Z
Failed qa: 1997-11-19T17:00:15.249075Z
Failed qa: 1997-11-19T17:00:39.106565Z
Failed qa: 1997-11-26T17:06:36.4740130Z
..............Writing pickle: dev-nlcd-developer timesync/1997/audit/1997_0157_3132_qa_rejects.p
Success tracking goes here
