{'project_id': '3132', 'year': '1997', 'x': -611910, 'y': 1362270, 'plot_id': '159', 'strata': '41'}
Pandas(Index=0, project_id='3132', plot_id='159', x=-611910, y=1362270)
called process_plot
Pandas(Index=0, project_id='3132', plot_id='159', x=-611910, y=1362270)
159
Writing pickle: dev-nlcd-developer timesync/1997/audit/1997_0159_3132.p
Failed qa: 1997-01-01T17:01:32.3840880Z
............................Failed qa: 1997-01-10T16:56:11.0080190Z
Failed qa: 1997-01-10T16:56:22.961022Z
Failed qa: 1997-01-17T17:02:17.2680000Z
............................Failed qa: 1997-01-26T16:56:42.879522Z
Failed qa: 1997-01-26T16:56:54.833019Z
Failed qa: 1997-01-26T16:56:30.9260310Z
Failed qa: 1997-01-28T16:44:26.629544Z
Failed qa: 1997-01-28T16:44:50.536560Z
Failed qa: 1997-02-02T17:03:00.3790810Z
............................Failed qa: 1997-02-11T16:57:24.956050Z
Failed qa: 1997-02-11T16:57:36.910047Z
Failed qa: 1997-02-11T16:57:13.0020560Z
Failed qa: 1997-02-18T17:03:41.6150810Z
............................Failed qa: 1997-02-27T16:58:04.967057Z
Failed qa: 1997-02-27T16:58:16.923037Z
Failed qa: 1997-02-27T16:57:53.0840250Z
Failed qa: 1997-03-01T16:45:48.212091Z
Failed qa: 1997-03-01T16:46:12.052047Z
Failed qa: 1997-03-06T17:04:20.6500060Z
............................Failed qa: 1997-03-17T16:46:25.658078Z
Failed qa: 1997-03-17T16:46:49.572051Z
Failed qa: 1997-03-22T17:04:57.5160190Z
Failed qa: 1997-03-31T16:59:18.603556Z
Failed qa: 1997-03-31T16:59:30.488550Z
Failed qa: 1997-03-31T16:59:06.6460560Z
Failed qa: 1997-04-07T17:05:32.4650880Z
Failed qa: 1997-04-16T16:59:52.023516Z
Failed qa: 1997-04-16T17:00:03.981513Z
Failed qa: 1997-04-16T16:59:40.1380190Z
Failed qa: 1997-04-18T16:47:35.109085Z
Failed qa: 1997-04-18T16:47:47.0670880Z
Failed qa: 1997-04-23T17:06:06.3630000Z
Failed qa: 1997-05-02T17:00:26.270031Z
Failed qa: 1997-05-02T17:00:38.228506Z
Failed qa: 1997-05-02T17:00:14.3120060Z
Failed qa: 1997-05-04T16:48:08.710576Z
Failed qa: 1997-05-04T16:48:32.627551Z
............................Failed qa: 1997-05-18T17:00:59.014528Z
Failed qa: 1997-05-18T17:01:10.901010Z
Failed qa: 1997-05-18T17:00:47.0560000Z
Failed qa: 1997-05-20T16:48:41.738072Z
Failed qa: 1997-05-20T16:49:05.656038Z
Failed qa: 1997-05-25T17:07:13.2790440Z
............................Failed qa: 1997-06-03T17:01:33.516547Z
Failed qa: 1997-06-03T17:01:45.475579Z
Failed qa: 1997-06-03T17:01:21.5570690Z
Failed qa: 1997-06-05T16:49:16.016522Z
Failed qa: 1997-06-05T16:49:39.934554Z
Failed qa: 1997-06-10T17:07:46.6140810Z
............................Failed qa: 1997-06-19T17:02:05.333047Z
Failed qa: 1997-06-19T17:02:17.221054Z
Failed qa: 1997-06-19T17:01:53.3720940Z
Failed qa: 1997-06-21T16:49:48.448554Z
Failed qa: 1997-06-21T16:50:12.369037Z
Failed qa: 1997-06-26T17:08:20.0010750Z
............................Failed qa: 1997-07-05T17:02:39.510034Z
Failed qa: 1997-07-05T17:02:51.398528Z
Failed qa: 1997-07-05T17:02:27.5490380Z
Failed qa: 1997-07-07T16:50:21.994000Z
Failed qa: 1997-07-07T16:50:45.916000Z
Failed qa: 1997-07-12T17:08:52.9520380Z
............................Failed qa: 1997-07-21T17:03:12.388091Z
Failed qa: 1997-07-21T17:03:24.349588Z
Failed qa: 1997-07-21T17:03:00.4990940Z
Failed qa: 1997-07-23T16:50:54.736509Z
Failed qa: 1997-07-23T16:51:18.659050Z
Failed qa: 1997-07-28T17:09:25.1070310Z
............................Failed qa: 1997-08-06T17:03:43.802534Z
Failed qa: 1997-08-06T17:03:55.764069Z
Failed qa: 1997-08-06T17:03:31.9130500Z
Failed qa: 1997-08-08T16:51:26.005551Z
Failed qa: 1997-08-08T16:51:49.856569Z
............................Failed qa: 1997-08-22T17:04:13.772540Z
Failed qa: 1997-08-22T17:04:25.734575Z
Failed qa: 1997-08-22T17:04:01.8100560Z
Failed qa: 1997-08-24T16:51:55.763572Z
Failed qa: 1997-08-24T16:52:19.688540Z
Failed qa: 1997-08-29T17:10:25.3050060Z
............................Failed qa: 1997-09-07T17:04:42.060075Z
Failed qa: 1997-09-07T17:04:54.023072Z
Failed qa: 1997-09-07T17:04:30.0970810Z
Failed qa: 1997-09-09T16:52:23.760072Z
Failed qa: 1997-09-09T16:52:47.686069Z
Failed qa: 1997-09-14T17:10:52.3810500Z
............................Failed qa: 1997-09-23T17:05:21.3140000Z
Failed qa: 1997-09-23T17:05:33.277034Z
Failed qa: 1997-09-25T16:52:51.344569Z
Failed qa: 1997-09-25T16:53:15.271534Z
Failed qa: 1997-09-30T17:11:20.5350190Z
............................Failed qa: 1997-10-09T17:05:36.466047Z
Failed qa: 1997-10-09T17:05:48.430022Z
Failed qa: 1997-10-09T17:05:24.5750250Z
Failed qa: 1997-10-16T17:11:46.4730690Z
............................Failed qa: 1997-10-25T17:06:03.078041Z
Failed qa: 1997-10-25T17:06:03.078041Z
Failed qa: 1997-10-25T17:05:51.1860630Z
Failed qa: 1997-10-27T16:53:44.595038Z
Failed qa: 1997-10-27T16:54:08.523541Z
Failed qa: 1997-11-01T17:12:12.9670310Z
............................Failed qa: 1997-11-17T17:12:34.5530130Z
............................Failed qa: 1997-11-26T17:06:48.439009Z
Failed qa: 1997-11-26T17:07:00.331509Z
Failed qa: 1997-11-26T17:06:36.4740130Z
Failed qa: 1997-11-28T16:54:30.424550Z
Failed qa: 1997-11-28T16:54:54.355016Z
Writing pickle: dev-nlcd-developer timesync/1997/audit/1997_0159_3132_qa_rejects.p
Success tracking goes here
