{'project_id': '3132', 'year': '1997', 'x': -519270, 'y': 1364580, 'plot_id': '124', 'strata': '41'}
Pandas(Index=0, project_id='3132', plot_id='124', x=-519270, y=1364580)
called process_plot
Pandas(Index=0, project_id='3132', plot_id='124', x=-519270, y=1364580)
124
Writing pickle: dev-nlcd-developer timesync/1997/audit/1997_0124_3132.p
............................Failed qa: 1997-01-26T16:56:30.9260310Z
............................Failed qa: 1997-02-11T16:57:13.0020560Z
..............Failed qa: 1997-02-27T16:57:53.0840250Z
..........................................Failed qa: 1997-03-31T16:59:06.6460560Z
Failed qa: 1997-04-16T16:59:40.1380190Z
..............Failed qa: 1997-05-02T17:00:14.3120060Z
............................Failed qa: 1997-05-18T17:00:47.0560000Z
............................Failed qa: 1997-06-03T17:01:21.5570690Z
............................Failed qa: 1997-06-19T17:01:53.3720940Z
............................Failed qa: 1997-07-05T17:02:27.5490380Z
............................Failed qa: 1997-07-21T17:03:00.4990940Z
............................Failed qa: 1997-08-06T17:03:31.9130500Z
............................Failed qa: 1997-08-22T17:04:01.8100560Z
............................Failed qa: 1997-09-07T17:04:30.0970810Z
........................................................Failed qa: 1997-10-09T17:05:24.5750250Z
..............Failed qa: 1997-10-25T17:05:51.1860630Z
..........................................Failed qa: 1997-11-26T17:06:36.4740130Z
..............Writing pickle: dev-nlcd-developer timesync/1997/audit/1997_0124_3132_qa_rejects.p
Success tracking goes here
