{'project_id': '3132', 'year': '1997', 'x': -585840, 'y': 1363800, 'plot_id': '224', 'strata': '41'}
Pandas(Index=0, project_id='3132', plot_id='224', x=-585840, y=1363800)
called process_plot
Pandas(Index=0, project_id='3132', plot_id='224', x=-585840, y=1363800)
224
Writing pickle: dev-nlcd-developer timesync/1997/audit/1997_0224_3132.p
............................Failed qa: 1997-01-26T16:56:30.9260310Z
Failed qa: 1997-01-28T16:44:26.629544Z
Failed qa: 1997-01-28T16:44:50.536560Z
..............Failed qa: 1997-02-11T16:57:13.0020560Z
..............Failed qa: 1997-02-27T16:57:53.0840250Z
Failed qa: 1997-03-01T16:45:48.212091Z
Failed qa: 1997-03-01T16:46:12.052047Z
..............Failed qa: 1997-03-17T16:46:25.658078Z
Failed qa: 1997-03-17T16:46:49.572051Z
Failed qa: 1997-03-31T16:59:06.6460560Z
Failed qa: 1997-04-16T16:59:40.1380190Z
Failed qa: 1997-04-18T16:47:35.109085Z
Failed qa: 1997-04-18T16:47:47.0670880Z
Failed qa: 1997-05-02T17:00:14.3120060Z
Failed qa: 1997-05-04T16:48:08.710576Z
Failed qa: 1997-05-04T16:48:32.627551Z
..............Failed qa: 1997-05-18T17:00:47.0560000Z
Failed qa: 1997-05-20T16:48:41.738072Z
Failed qa: 1997-05-20T16:49:05.656038Z
..............Failed qa: 1997-06-03T17:01:21.5570690Z
Failed qa: 1997-06-05T16:49:16.016522Z
Failed qa: 1997-06-05T16:49:39.934554Z
..............Failed qa: 1997-06-19T17:01:53.3720940Z
Failed qa: 1997-06-21T16:49:48.448554Z
Failed qa: 1997-06-21T16:50:12.369037Z
..............Failed qa: 1997-07-05T17:02:27.5490380Z
Failed qa: 1997-07-07T16:50:21.994000Z
Failed qa: 1997-07-07T16:50:45.916000Z
..............Failed qa: 1997-07-21T17:03:00.4990940Z
Failed qa: 1997-07-23T16:50:54.736509Z
Failed qa: 1997-07-23T16:51:18.659050Z
..............Failed qa: 1997-08-06T17:03:31.9130500Z
Failed qa: 1997-08-08T16:51:26.005551Z
Failed qa: 1997-08-08T16:51:49.856569Z
..............Failed qa: 1997-08-22T17:04:01.8100560Z
Failed qa: 1997-08-24T16:51:55.763572Z
Failed qa: 1997-08-24T16:52:19.688540Z
..............Failed qa: 1997-09-07T17:04:30.0970810Z
Failed qa: 1997-09-09T16:52:23.760072Z
Failed qa: 1997-09-09T16:52:47.686069Z
..............Failed qa: 1997-09-25T16:52:51.344569Z
Failed qa: 1997-09-25T16:53:15.271534Z
..............Failed qa: 1997-10-09T17:05:24.5750250Z
..............Failed qa: 1997-10-25T17:05:51.1860630Z
Failed qa: 1997-10-27T16:53:44.595038Z
Failed qa: 1997-10-27T16:54:08.523541Z
............................Failed qa: 1997-11-26T17:06:36.4740130Z
Failed qa: 1997-11-28T16:54:30.424550Z
Failed qa: 1997-11-28T16:54:54.355016Z
Writing pickle: dev-nlcd-developer timesync/1997/audit/1997_0224_3132_qa_rejects.p
Success tracking goes here
