{'project_id': '3132', 'year': '1997', 'x': -592710, 'y': 1215090, 'plot_id': '194', 'strata': '41'}
Pandas(Index=0, project_id='3132', plot_id='194', x=-592710, y=1215090)
called process_plot
Pandas(Index=0, project_id='3132', plot_id='194', x=-592710, y=1215090)
194
Writing pickle: dev-nlcd-developer timesync/1997/audit/1997_0194_3132.p
..............Failed qa: 1997-01-05T16:38:12.1990130Z
........................................................Failed qa: 1997-02-22T16:40:07.957016Z
............................Failed qa: 1997-03-10T16:40:46.421554Z
..............Failed qa: 1997-03-26T16:41:22.861026Z
Failed qa: 1997-04-02T16:48:00.9880560Z
Failed qa: 1997-04-18T16:47:47.0670880Z
Failed qa: 1997-04-18T16:47:47.0670880Z
............................Failed qa: 1997-05-13T16:43:03.635560Z
............................Failed qa: 1997-05-29T16:43:38.378047Z
............................Failed qa: 1997-06-14T16:44:10.885560Z
............................Failed qa: 1997-06-30T16:44:45.065538Z
............................Failed qa: 1997-07-16T16:45:17.509550Z
............................Failed qa: 1997-08-01T16:45:49.379050Z
............................Failed qa: 1997-08-17T16:46:07.9680310Z
............................Failed qa: 1997-09-02T16:46:48.769078Z
............................Failed qa: 1997-09-18T16:47:15.180047Z
............................Failed qa: 1997-10-04T16:47:43.721056Z
..............Failed qa: 1997-10-20T16:48:21.8340000Z
............................Failed qa: 1997-11-05T16:48:35.254013Z
..............Failed qa: 1997-11-21T16:48:56.607059Z
..............Writing pickle: dev-nlcd-developer timesync/1997/audit/1997_0194_3132_qa_rejects.p
Success tracking goes here
