{'project_id': '3132', 'year': '1998', 'x': -485730, 'y': 1363710, 'plot_id': '157', 'strata': '41'}
Pandas(Index=0, project_id='3132', plot_id='157', x=-485730, y=1363710)
called process_plot
Pandas(Index=0, project_id='3132', plot_id='157', x=-485730, y=1363710)
157
Writing pickle: dev-nlcd-developer timesync/1998/audit/1998_0157_3132.p
Failed qa: 1998-01-06T17:01:49.4740000Z
Failed qa: 1998-01-06T17:01:49.4740000Z
Failed qa: 1998-01-13T17:07:45.5010500Z
..............Failed qa: 1998-01-22T17:01:45.275041Z
Failed qa: 1998-01-22T17:02:09.136532Z
Failed qa: 1998-01-29T17:08:06.5940000Z
..............Failed qa: 1998-02-07T17:02:07.337053Z
Failed qa: 1998-02-07T17:02:31.2010250Z
Failed qa: 1998-02-14T17:08:26.5700440Z
Failed qa: 1998-02-16T16:56:54.8310130Z
Failed qa: 1998-02-23T17:02:25.040053Z
Failed qa: 1998-02-23T17:02:37.009035Z
Failed qa: 1998-03-02T17:08:42.1640130Z
..............Failed qa: 1998-03-11T17:02:40.637041Z
Failed qa: 1998-03-11T17:02:52.533566Z
............................Failed qa: 1998-04-19T17:09:21.0120940Z
..............Failed qa: 1998-04-28T17:03:28.618506Z
Failed qa: 1998-04-28T17:03:28.618506Z
Failed qa: 1998-05-05T17:09:35.6160750Z
Failed qa: 1998-05-14T17:03:33.494541Z
Failed qa: 1998-05-14T17:03:45.467534Z
Failed qa: 1998-05-21T17:09:50.6440130Z
..............Failed qa: 1998-05-30T17:03:49.2100880Z
Failed qa: 1998-05-30T17:04:13.083544Z
Failed qa: 1998-06-06T17:10:06.1590310Z
..............Failed qa: 1998-06-15T17:04:01.454025Z
Failed qa: 1998-06-15T17:04:13.355035Z
Failed qa: 1998-06-22T17:10:15.6240940Z
Failed qa: 1998-07-01T17:04:13.378535Z
Failed qa: 1998-07-01T17:04:25.352541Z
Failed qa: 1998-07-08T17:10:29.9430190Z
..............Failed qa: 1998-07-17T17:04:24.177047Z
Failed qa: 1998-07-17T17:04:36.151547Z
Failed qa: 1998-07-24T17:10:37.7980060Z
..............Failed qa: 1998-08-02T17:04:28.865566Z
Failed qa: 1998-08-02T17:04:40.840572Z
Failed qa: 1998-08-09T17:10:43.3170810Z
..............Failed qa: 1998-08-18T17:04:36.667084Z
Failed qa: 1998-08-18T17:04:48.642582Z
Failed qa: 1998-08-25T17:10:54.2440940Z
..............Failed qa: 1998-09-03T17:04:48.430544Z
Failed qa: 1998-09-03T17:05:00.333556Z
..............Failed qa: 1998-09-19T17:04:56.027038Z
Failed qa: 1998-09-19T17:05:08.003066Z
Failed qa: 1998-09-26T17:11:08.5360810Z
..............Failed qa: 1998-10-05T17:04:58.433557Z
Failed qa: 1998-10-05T17:05:10.337572Z
..............Failed qa: 1998-10-21T17:04:57.842038Z
Failed qa: 1998-10-21T17:05:09.746553Z
Failed qa: 1998-10-28T17:11:11.5940190Z
Failed qa: 1998-10-30T16:59:38.1390690Z
Failed qa: 1998-11-06T17:04:41.0740060Z
Failed qa: 1998-11-13T17:11:20.0930690Z
..............Failed qa: 1998-11-22T17:05:09.669556Z
Failed qa: 1998-11-22T17:05:21.647563Z
..............Writing pickle: dev-nlcd-developer timesync/1998/audit/1998_0157_3132_qa_rejects.p
Success tracking goes here
