{'project_id': '3132', 'year': '1998', 'x': -611910, 'y': 1362270, 'plot_id': '159', 'strata': '41'}
Pandas(Index=0, project_id='3132', plot_id='159', x=-611910, y=1362270)
called process_plot
Pandas(Index=0, project_id='3132', plot_id='159', x=-611910, y=1362270)
159
Writing pickle: dev-nlcd-developer timesync/1998/audit/1998_0159_3132.p
Failed qa: 1998-01-04T17:13:44.5320940Z
............................Failed qa: 1998-01-13T17:07:57.467066Z
Failed qa: 1998-01-13T17:08:09.433532Z
Failed qa: 1998-01-13T17:07:45.5010500Z
Failed qa: 1998-01-15T16:55:38.310032Z
Failed qa: 1998-01-15T16:56:02.242547Z
Failed qa: 1998-01-20T17:14:04.7390750Z
............................Failed qa: 1998-01-29T17:08:18.488547Z
Failed qa: 1998-01-29T17:08:30.456503Z
Failed qa: 1998-01-29T17:08:06.5940000Z
Failed qa: 1998-01-31T16:56:11.4920750Z
Failed qa: 1998-01-31T16:56:23.460044Z
Failed qa: 1998-02-05T17:14:26.4490560Z
............................Failed qa: 1998-02-14T17:08:38.466041Z
Failed qa: 1998-02-14T17:08:38.466041Z
Failed qa: 1998-02-14T17:08:26.5700440Z
Failed qa: 1998-02-16T16:56:54.8310130Z
............................Failed qa: 1998-03-02T17:08:42.1640130Z
Failed qa: 1998-03-02T17:09:06.029535Z
Failed qa: 1998-03-02T17:08:42.1640130Z
Failed qa: 1998-03-04T16:56:34.085044Z
Failed qa: 1998-03-04T16:56:57.950556Z
Failed qa: 1998-03-09T17:15:00.0380690Z
............................Failed qa: 1998-03-18T17:09:21.7800560Z
Failed qa: 1998-03-18T17:09:33.676568Z
Failed qa: 1998-03-20T16:56:49.784588Z
Failed qa: 1998-03-20T16:57:01.7540810Z
Failed qa: 1998-03-25T17:15:13.8290810Z
Failed qa: 1998-04-05T16:57:01.011557Z
Failed qa: 1998-04-05T16:57:24.953084Z
Failed qa: 1998-04-10T17:15:25.4180630Z
Failed qa: 1998-04-19T17:09:32.911594Z
Failed qa: 1998-04-19T17:09:44.884050Z
Failed qa: 1998-04-19T17:09:21.0120940Z
Failed qa: 1998-04-21T16:57:12.807072Z
Failed qa: 1998-04-21T16:57:36.751566Z
............................Failed qa: 1998-05-05T17:09:47.589044Z
Failed qa: 1998-05-05T17:09:59.489059Z
Failed qa: 1998-05-05T17:09:35.6160750Z
Failed qa: 1998-05-12T17:15:53.4880310Z
............................Failed qa: 1998-05-21T17:09:50.6440130Z
Failed qa: 1998-05-21T17:10:14.517509Z
Failed qa: 1998-05-21T17:09:50.6440130Z
Failed qa: 1998-05-23T16:57:43.158068Z
Failed qa: 1998-05-23T16:58:07.031587Z
Failed qa: 1998-05-28T17:16:08.8310130Z
Failed qa: 1998-05-30T17:03:49.2100880Z
Failed qa: 1998-05-30T17:04:36.9570000Z
Failed qa: 1998-05-30T17:03:49.2100880Z
Failed qa: 1998-05-30T17:04:13.083544Z
Failed qa: 1998-06-06T17:10:18.132528Z
Failed qa: 1998-06-06T17:10:30.033519Z
Failed qa: 1998-06-06T17:10:06.1590310Z
Failed qa: 1998-06-08T16:57:58.084554Z
Failed qa: 1998-06-08T16:58:21.959063Z
Failed qa: 1998-06-13T17:16:21.8740690Z
............................Failed qa: 1998-06-22T17:10:27.598075Z
Failed qa: 1998-06-22T17:10:39.499554Z
Failed qa: 1998-06-22T17:10:15.6240940Z
Failed qa: 1998-06-29T17:16:33.0640560Z
............................Failed qa: 1998-07-08T17:10:41.844541Z
Failed qa: 1998-07-08T17:10:53.819022Z
Failed qa: 1998-07-08T17:10:29.9430190Z
Failed qa: 1998-07-10T16:58:21.510559Z
Failed qa: 1998-07-10T16:58:45.386576Z
Failed qa: 1998-07-15T17:16:44.8950560Z
............................Failed qa: 1998-07-24T17:10:49.772528Z
Failed qa: 1998-07-24T17:11:01.674544Z
Failed qa: 1998-07-24T17:10:37.7980060Z
Failed qa: 1998-07-26T16:58:28.649069Z
Failed qa: 1998-07-26T16:58:52.526078Z
Failed qa: 1998-07-31T17:16:50.1450810Z
............................Failed qa: 1998-08-09T17:10:55.292559Z
Failed qa: 1998-08-09T17:11:07.195081Z
Failed qa: 1998-08-09T17:10:43.3170810Z
Failed qa: 1998-08-11T16:58:34.776562Z
Failed qa: 1998-08-11T16:58:58.654543Z
Failed qa: 1998-08-16T17:16:57.6720310Z
............................Failed qa: 1998-08-25T17:11:06.220054Z
Failed qa: 1998-08-25T17:11:18.123056Z
Failed qa: 1998-08-25T17:10:54.2440940Z
Failed qa: 1998-08-27T16:58:46.118541Z
Failed qa: 1998-08-27T16:59:10.069550Z
Failed qa: 1998-09-01T17:17:09.2450750Z
............................Failed qa: 1998-09-10T17:11:25.3400440Z
Failed qa: 1998-09-10T17:11:37.243541Z
Failed qa: 1998-09-12T16:58:53.160541Z
Failed qa: 1998-09-12T16:59:17.113022Z
Failed qa: 1998-09-17T17:17:16.7490310Z
............................Failed qa: 1998-09-26T17:11:20.512575Z
Failed qa: 1998-09-26T17:11:32.416556Z
Failed qa: 1998-09-26T17:11:08.5360810Z
Failed qa: 1998-09-28T16:58:58.888550Z
Failed qa: 1998-09-28T16:59:22.769040Z
Failed qa: 1998-10-03T17:17:19.8920630Z
............................Failed qa: 1998-10-14T16:58:57.958078Z
Failed qa: 1998-10-14T16:59:21.839557Z
Failed qa: 1998-10-19T17:17:19.4220310Z
............................Failed qa: 1998-10-28T17:11:23.499009Z
Failed qa: 1998-10-28T17:11:35.476516Z
Failed qa: 1998-10-28T17:11:11.5940190Z
Failed qa: 1998-10-30T16:59:38.1390690Z
Failed qa: 1998-11-04T17:17:24.5000940Z
Failed qa: 1998-11-06T17:04:41.0740060Z
Failed qa: 1998-11-13T17:11:31.998553Z
Failed qa: 1998-11-13T17:11:43.976550Z
Failed qa: 1998-11-13T17:11:20.0930690Z
Failed qa: 1998-11-15T16:59:10.831559Z
Failed qa: 1998-11-15T16:59:34.714575Z
Failed qa: 1998-11-20T17:17:31.5350500Z
............................Failed qa: 1998-12-01T16:59:07.420529Z
Failed qa: 1998-12-01T16:59:31.305044Z
Writing pickle: dev-nlcd-developer timesync/1998/audit/1998_0159_3132_qa_rejects.p
Success tracking goes here
