{'project_id': '3132', 'year': '1998', 'x': -592830, 'y': 1215120, 'plot_id': '278', 'strata': '41'}
Pandas(Index=0, project_id='3132', plot_id='278', x=-592830, y=1215120)
called process_plot
Pandas(Index=0, project_id='3132', plot_id='278', x=-592830, y=1215120)
278
Writing pickle: dev-nlcd-developer timesync/1998/audit/1998_0278_3132.p
..............Failed qa: 1998-01-08T16:50:06.352044Z
............................Failed qa: 1998-01-24T16:50:26.744579Z
............................Failed qa: 1998-02-09T16:50:59.8480630Z
........................................................Failed qa: 1998-03-20T16:57:01.7540810Z
Failed qa: 1998-03-20T16:57:01.7540810Z
Failed qa: 1998-03-29T16:51:32.534059Z
..............Failed qa: 1998-04-14T16:51:44.138554Z
............................Failed qa: 1998-04-30T16:51:55.951050Z
..............Failed qa: 1998-05-16T16:52:13.236013Z
............................Failed qa: 1998-06-01T16:52:29.085034Z
..........................................Failed qa: 1998-07-03T16:52:53.232047Z
............................Failed qa: 1998-07-19T16:53:03.126078Z
............................Failed qa: 1998-08-04T16:53:07.079541Z
............................Failed qa: 1998-08-20T16:53:16.991072Z
............................Failed qa: 1998-09-05T16:53:27.141072Z
............................Failed qa: 1998-09-21T16:53:34.810540Z
............................Failed qa: 1998-10-07T16:53:36.511041Z
..........................................Failed qa: 1998-11-08T16:53:56.8270880Z
............................Failed qa: 1998-11-24T16:53:47.427047Z
..............Writing pickle: dev-nlcd-developer timesync/1998/audit/1998_0278_3132_qa_rejects.p
Success tracking goes here
