{'project_id': '3132', 'year': '1998', 'x': -529710, 'y': 1364400, 'plot_id': '18', 'strata': '41'}
Pandas(Index=0, project_id='3132', plot_id='18', x=-529710, y=1364400)
called process_plot
Pandas(Index=0, project_id='3132', plot_id='18', x=-529710, y=1364400)
18
Writing pickle: dev-nlcd-developer timesync/1998/audit/1998_0018_3132.p
..............Failed qa: 1998-01-13T17:07:45.5010500Z
............................Failed qa: 1998-01-29T17:08:06.5940000Z
............................Failed qa: 1998-02-14T17:08:26.5700440Z
Failed qa: 1998-02-16T16:56:54.8310130Z
..............Failed qa: 1998-03-02T17:08:42.1640130Z
........................................................Failed qa: 1998-04-19T17:09:21.0120940Z
............................Failed qa: 1998-05-05T17:09:35.6160750Z
..............Failed qa: 1998-05-21T17:09:50.6440130Z
............................Failed qa: 1998-06-06T17:10:06.1590310Z
............................Failed qa: 1998-06-22T17:10:15.6240940Z
..............Failed qa: 1998-07-08T17:10:29.9430190Z
............................Failed qa: 1998-07-24T17:10:37.7980060Z
............................Failed qa: 1998-08-09T17:10:43.3170810Z
............................Failed qa: 1998-08-25T17:10:54.2440940Z
........................................................Failed qa: 1998-09-26T17:11:08.5360810Z
........................................................Failed qa: 1998-10-28T17:11:11.5940190Z
Failed qa: 1998-10-30T16:59:38.1390690Z
Failed qa: 1998-11-06T17:04:41.0740060Z
Failed qa: 1998-11-13T17:11:20.0930690Z
..........................................Writing pickle: dev-nlcd-developer timesync/1998/audit/1998_0018_3132_qa_rejects.p
Success tracking goes here
