{'project_id': '3132', 'year': '1998', 'x': -607290, 'y': 1239990, 'plot_id': '292', 'strata': '41'}
Pandas(Index=0, project_id='3132', plot_id='292', x=-607290, y=1239990)
called process_plot
Pandas(Index=0, project_id='3132', plot_id='292', x=-607290, y=1239990)
292
Writing pickle: dev-nlcd-developer timesync/1998/audit/1998_0292_3132.p
.......Failed qa: 1998-01-15T16:56:02.242547Z
.......Failed qa: 1998-01-31T16:56:23.460044Z
.......Failed qa: 1998-02-16T16:56:54.8310130Z
.......Failed qa: 1998-03-04T16:56:57.950556Z
.......Failed qa: 1998-03-20T16:57:01.7540810Z
Failed qa: 1998-04-05T16:57:24.953084Z
Failed qa: 1998-04-21T16:57:36.751566Z
..............Failed qa: 1998-05-23T16:58:07.031587Z
Failed qa: 1998-05-30T17:04:13.083544Z
Failed qa: 1998-06-08T16:58:21.959063Z
..............Failed qa: 1998-07-10T16:58:45.386576Z
.......Failed qa: 1998-07-26T16:58:52.526078Z
.......Failed qa: 1998-08-11T16:58:58.654543Z
.......Failed qa: 1998-08-27T16:59:10.069550Z
.......Failed qa: 1998-09-12T16:59:17.113022Z
.......Failed qa: 1998-09-28T16:59:22.769040Z
.......Failed qa: 1998-10-14T16:59:21.839557Z
.......Failed qa: 1998-10-30T16:59:38.1390690Z
Failed qa: 1998-11-15T16:59:34.714575Z
.......Failed qa: 1998-12-01T16:59:31.305044Z
Writing pickle: dev-nlcd-developer timesync/1998/audit/1998_0292_3132_qa_rejects.p
Success tracking goes here
