{'project_id': '3132', 'year': '1998', 'x': -498900, 'y': 1215570, 'plot_id': '315', 'strata': '41'}
Pandas(Index=0, project_id='3132', plot_id='315', x=-498900, y=1215570)
called process_plot
Pandas(Index=0, project_id='3132', plot_id='315', x=-498900, y=1215570)
315
Writing pickle: dev-nlcd-developer timesync/1998/audit/1998_0315_3132.p
Failed qa: 1998-01-06T17:01:49.4740000Z
Failed qa: 1998-01-06T17:02:01.439519Z
Failed qa: 1998-01-08T16:50:06.352044Z
..............Failed qa: 1998-01-22T17:02:09.136532Z
Failed qa: 1998-01-22T17:02:21.103532Z
Failed qa: 1998-01-24T16:50:26.744579Z
..............Failed qa: 1998-02-07T17:02:31.2010250Z
Failed qa: 1998-02-07T17:02:43.169041Z
Failed qa: 1998-02-09T16:50:59.8480630Z
..............Failed qa: 1998-02-23T17:02:37.009035Z
Failed qa: 1998-02-23T17:03:00.874038Z
..............Failed qa: 1998-03-11T17:02:52.533566Z
Failed qa: 1998-03-11T17:03:16.399563Z
..............Failed qa: 1998-03-29T16:51:32.534059Z
..............Failed qa: 1998-04-14T16:51:44.138554Z
..............Failed qa: 1998-04-28T17:03:28.618506Z
Failed qa: 1998-04-28T17:03:52.563050Z
Failed qa: 1998-04-30T16:51:55.951050Z
Failed qa: 1998-05-14T17:03:45.467534Z
Failed qa: 1998-05-14T17:04:09.341013Z
Failed qa: 1998-05-16T16:52:13.236013Z
..............Failed qa: 1998-05-30T17:04:13.083544Z
Failed qa: 1998-05-30T17:04:36.9570000Z
Failed qa: 1998-06-01T16:52:29.085034Z
..............Failed qa: 1998-06-15T17:04:13.355035Z
Failed qa: 1998-06-15T17:04:37.230010Z
Failed qa: 1998-07-01T17:04:25.352541Z
Failed qa: 1998-07-01T17:04:49.155541Z
Failed qa: 1998-07-03T16:52:53.232047Z
..............Failed qa: 1998-07-17T17:04:36.151547Z
Failed qa: 1998-07-17T17:05:00.027594Z
Failed qa: 1998-07-19T16:53:03.126078Z
..............Failed qa: 1998-08-02T17:04:40.840572Z
Failed qa: 1998-08-02T17:05:04.718069Z
Failed qa: 1998-08-04T16:53:07.079541Z
..............Failed qa: 1998-08-18T17:04:48.642582Z
Failed qa: 1998-08-18T17:05:12.521057Z
Failed qa: 1998-08-20T16:53:16.991072Z
..............Failed qa: 1998-09-03T17:05:00.333556Z
Failed qa: 1998-09-03T17:05:24.285050Z
Failed qa: 1998-09-05T16:53:27.141072Z
..............Failed qa: 1998-09-19T17:05:08.003066Z
Failed qa: 1998-09-19T17:05:31.883519Z
Failed qa: 1998-09-21T16:53:34.810540Z
..............Failed qa: 1998-10-05T17:05:10.337572Z
Failed qa: 1998-10-05T17:05:34.218562Z
Failed qa: 1998-10-07T16:53:36.511041Z
..............Failed qa: 1998-10-21T17:05:09.746553Z
Failed qa: 1998-10-21T17:05:21.7240250Z
..............Failed qa: 1998-11-08T16:53:56.8270880Z
..............Failed qa: 1998-11-22T17:05:21.647563Z
Failed qa: 1998-11-22T17:05:45.531056Z
Failed qa: 1998-11-24T16:53:47.427047Z
..............Writing pickle: dev-nlcd-developer timesync/1998/audit/1998_0315_3132_qa_rejects.p
Success tracking goes here
