{'project_id': '3132', 'year': '1999', 'x': -467460, 'y': 1299150, 'plot_id': '352', 'strata': '41'}
Pandas(Index=0, project_id='3132', plot_id='352', x=-467460, y=1299150)
called process_plot
Pandas(Index=0, project_id='3132', plot_id='352', x=-467460, y=1299150)
352
Writing pickle: dev-nlcd-developer timesync/1999/audit/1999_0352_3132.p
..............Failed qa: 1999-01-04T16:47:15.432091Z
Failed qa: 1999-01-09T17:05:21.835053Z
Failed qa: 1999-01-11T16:53:10.905047Z
..............Failed qa: 1999-01-25T17:05:34.4210630Z
Failed qa: 1999-01-27T16:53:12.832556Z
..............Failed qa: 1999-02-05T16:47:20.043082Z
Failed qa: 1999-02-10T17:05:32.258537Z
Failed qa: 1999-02-12T16:53:23.722025Z
..............Failed qa: 1999-02-21T16:47:26.833538Z
Failed qa: 1999-02-26T17:05:45.604531Z
Failed qa: 1999-03-09T16:47:16.728528Z
Failed qa: 1999-03-14T17:05:21.282034Z
..............Failed qa: 1999-03-25T16:47:00.911550Z
Failed qa: 1999-03-30T17:05:02.093050Z
Failed qa: 1999-04-01T16:53:04.266050Z
Failed qa: 1999-04-10T16:46:52.895025Z
Failed qa: 1999-04-26T16:46:54.163534Z
Failed qa: 1999-05-01T17:05:36.8980500Z
..............Failed qa: 1999-05-12T16:46:44.039025Z
Failed qa: 1999-05-17T17:04:45.706551Z
Failed qa: 1999-05-19T16:52:32.776547Z
Failed qa: 1999-05-26T16:58:07.1560250Z
Failed qa: 1999-05-26T16:58:07.1560250Z
Failed qa: 1999-05-28T16:46:20.181525Z
Failed qa: 1999-06-02T17:04:25.026525Z
Failed qa: 1999-06-04T16:52:13.451544Z
..............Failed qa: 1999-06-18T17:04:28.270043Z
Failed qa: 1999-06-20T16:51:41.5540000Z
..............Failed qa: 1999-06-29T16:46:10.3830630Z
Failed qa: 1999-07-04T17:04:19.387063Z
..............Failed qa: 1999-07-07T17:00:57.621879Z
Failed qa: 1999-07-12T17:19:07.548158Z
..............Failed qa: 1999-07-14T17:06:57.967658Z
Failed qa: 1999-07-15T16:45:54.539072Z
Failed qa: 1999-07-20T17:04:03.702019Z
..............Failed qa: 1999-07-22T16:51:53.891066Z
Failed qa: 1999-07-23T17:00:59.942703Z
Failed qa: 1999-07-28T17:19:12.134860Z
..............Failed qa: 1999-07-30T17:07:03.536169Z
Failed qa: 1999-07-31T16:45:53.575559Z
Failed qa: 1999-08-05T17:04:13.406044Z
..............Failed qa: 1999-08-07T16:52:03.027035Z
Failed qa: 1999-08-07T16:51:51.042022Z
Failed qa: 1999-08-08T17:01:05.591658Z
Failed qa: 1999-08-13T17:19:24.472222Z
..............Failed qa: 1999-08-15T17:07:01.895447Z
Failed qa: 1999-08-16T16:45:45.735559Z
Failed qa: 1999-08-21T17:03:49.105069Z
..............Failed qa: 1999-08-23T16:51:48.908022Z
Failed qa: 1999-08-23T16:51:36.922522Z
Failed qa: 1999-08-24T17:01:05.946489Z
Failed qa: 1999-08-29T17:19:16.829876Z
..............Failed qa: 1999-08-31T17:07:07.318314Z
Failed qa: 1999-09-01T16:45:22.350060Z
Failed qa: 1999-09-06T17:03:30.381079Z
..............Failed qa: 1999-09-08T16:51:03.445062Z
Failed qa: 1999-09-09T17:01:04.774981Z
Failed qa: 1999-09-14T17:19:09.657145Z
Failed qa: 1999-09-15T16:57:28.6010380Z
Failed qa: 1999-09-15T16:57:28.6010380Z
Failed qa: 1999-09-16T17:07:23.5817256Z
Failed qa: 1999-09-22T17:02:51.217510Z
..............Failed qa: 1999-09-24T16:50:41.242010Z
Failed qa: 1999-09-25T17:01:09.840772Z
Failed qa: 1999-09-30T17:19:33.163914Z
..............Failed qa: 1999-10-02T17:07:12.102457Z
Failed qa: 1999-10-03T16:44:45.691516Z
Failed qa: 1999-10-08T17:03:21.032041Z
..............Failed qa: 1999-10-10T16:51:11.9080630Z
Failed qa: 1999-10-10T16:50:48.007563Z
Failed qa: 1999-10-11T17:01:12.763761Z
Failed qa: 1999-10-16T17:19:29.040640Z
Failed qa: 1999-10-17T16:56:32.4690310Z
Failed qa: 1999-10-18T17:07:04.924825Z
Failed qa: 1999-10-19T16:44:44.862050Z
Failed qa: 1999-10-24T17:02:59.213037Z
..............Failed qa: 1999-10-26T16:50:46.244041Z
Failed qa: 1999-10-26T16:50:34.257056Z
Failed qa: 1999-10-27T17:01:04.168783Z
Failed qa: 1999-11-01T17:19:12.625770Z
..............Failed qa: 1999-11-03T17:07:02.195910Z
Failed qa: 1999-11-04T16:44:15.445057Z
Failed qa: 1999-11-11T16:50:01.181041Z
Failed qa: 1999-11-12T17:01:04.154501Z
Failed qa: 1999-11-17T17:19:12.460329Z
..............Failed qa: 1999-11-19T17:07:01.166688Z
Failed qa: 1999-11-20T16:43:52.2260750Z
Failed qa: 1999-11-25T17:01:39.873522Z
..............Failed qa: 1999-11-28T17:00:57.948025Z
Writing pickle: dev-nlcd-developer timesync/1999/audit/1999_0352_3132_qa_rejects.p
Success tracking goes here
