{'project_id': '3132', 'year': '1999', 'x': -595800, 'y': 1243470, 'plot_id': '109', 'strata': '41'}
Pandas(Index=0, project_id='3132', plot_id='109', x=-595800, y=1243470)
called process_plot
Pandas(Index=0, project_id='3132', plot_id='109', x=-595800, y=1243470)
109
Writing pickle: dev-nlcd-developer timesync/1999/audit/1999_0109_3132.p
..............Failed qa: 1999-01-18T16:59:33.026050Z
........................................................Failed qa: 1999-05-01T17:05:36.8980500Z
..............Failed qa: 1999-05-26T16:58:07.1560250Z
.......Failed qa: 1999-06-11T16:58:31.535026Z
.......Failed qa: 1999-06-27T16:58:22.624553Z
Failed qa: 1999-07-04T17:04:19.387063Z
Failed qa: 1999-07-05T17:13:18.301395Z
.....................Failed qa: 1999-07-21T17:13:19.997267Z
............................Failed qa: 1999-08-07T16:52:03.027035Z
............................Failed qa: 1999-08-23T16:51:48.908022Z
...................................Failed qa: 1999-09-15T16:57:28.6010380Z
..........................................Failed qa: 1999-10-10T16:51:11.9080630Z
.......Failed qa: 1999-10-24T17:02:59.213037Z
.......Failed qa: 1999-10-26T16:50:46.244041Z
.....................Failed qa: 1999-11-18T16:56:07.311566Z
.......Failed qa: 1999-11-26T17:13:19.436719Z
Writing pickle: dev-nlcd-developer timesync/1999/audit/1999_0109_3132_qa_rejects.p
Success tracking goes here
