{'project_id': '3132', 'year': '1999', 'x': -504330, 'y': 1361730, 'plot_id': '87', 'strata': '41'}
Pandas(Index=0, project_id='3132', plot_id='87', x=-504330, y=1361730)
called process_plot
Pandas(Index=0, project_id='3132', plot_id='87', x=-504330, y=1361730)
87
Writing pickle: dev-nlcd-developer timesync/1999/audit/1999_0087_3132.p
..............Failed qa: 1999-01-09T17:05:09.855069Z
Failed qa: 1999-01-09T17:05:21.835053Z
Failed qa: 1999-01-16T17:11:17.6040440Z
..............Failed qa: 1999-01-25T17:05:34.4210630Z
Failed qa: 1999-01-25T17:05:34.4210630Z
Failed qa: 1999-02-01T17:11:24.1630560Z
..............Failed qa: 1999-02-10T17:05:20.278015Z
Failed qa: 1999-02-10T17:05:32.258537Z
Failed qa: 1999-02-17T17:11:34.4070310Z
..............Failed qa: 1999-02-26T17:05:21.787522Z
Failed qa: 1999-02-26T17:05:45.604531Z
Failed qa: 1999-03-05T17:11:28.1330630Z
Failed qa: 1999-03-14T17:05:09.373047Z
Failed qa: 1999-03-14T17:05:21.282034Z
Failed qa: 1999-03-21T17:11:13.5510500Z
..............Failed qa: 1999-03-30T17:04:50.184038Z
Failed qa: 1999-03-30T17:05:02.093050Z
Failed qa: 1999-04-06T17:10:59.7180690Z
Failed qa: 1999-04-22T17:11:02.4230000Z
Failed qa: 1999-05-01T17:05:36.8980500Z
Failed qa: 1999-05-08T17:10:55.6170130Z
..............Failed qa: 1999-05-17T17:04:33.796069Z
Failed qa: 1999-05-17T17:04:45.706551Z
Failed qa: 1999-05-24T17:10:32.4420810Z
Failed qa: 1999-05-26T16:58:07.1560250Z
Failed qa: 1999-05-26T16:58:07.1560250Z
Failed qa: 1999-06-02T17:04:13.115557Z
Failed qa: 1999-06-02T17:04:25.026525Z
Failed qa: 1999-06-09T17:10:17.1850310Z
..............Failed qa: 1999-06-18T17:04:04.448043Z
Failed qa: 1999-06-18T17:04:28.270043Z
Failed qa: 1999-06-25T17:10:10.5650310Z
..............Failed qa: 1999-07-03T17:25:02.9294498Z
Failed qa: 1999-07-04T17:03:55.4910880Z
Failed qa: 1999-07-04T17:04:19.387063Z
..............Failed qa: 1999-07-11T17:10:03.0400440Z
Failed qa: 1999-07-12T17:18:55.598203Z
Failed qa: 1999-07-12T17:19:07.548158Z
..............Failed qa: 1999-07-19T17:25:06.1923659Z
Failed qa: 1999-07-20T17:03:51.717056Z
Failed qa: 1999-07-20T17:04:03.702019Z
..............Failed qa: 1999-07-27T17:10:01.4290310Z
Failed qa: 1999-07-28T17:19:00.183917Z
Failed qa: 1999-07-28T17:19:12.134860Z
..............Failed qa: 1999-08-05T17:03:49.508551Z
Failed qa: 1999-08-05T17:04:13.406044Z
..............Failed qa: 1999-08-07T16:52:03.027035Z
Failed qa: 1999-08-12T17:09:56.5410130Z
Failed qa: 1999-08-13T17:19:00.569571Z
Failed qa: 1999-08-13T17:19:24.472222Z
..............Failed qa: 1999-08-20T17:25:10.3287056Z
Failed qa: 1999-08-21T17:03:37.120025Z
Failed qa: 1999-08-21T17:03:49.105069Z
..............Failed qa: 1999-08-23T16:51:48.908022Z
Failed qa: 1999-08-28T17:09:37.7920000Z
Failed qa: 1999-08-29T17:19:04.881505Z
Failed qa: 1999-08-29T17:19:16.829876Z
..............Failed qa: 1999-09-05T17:25:14.4924040Z
Failed qa: 1999-09-06T17:03:06.555031Z
Failed qa: 1999-09-06T17:03:30.381079Z
..............Failed qa: 1999-09-13T17:09:05.5290250Z
Failed qa: 1999-09-14T17:18:57.708885Z
Failed qa: 1999-09-14T17:19:09.657145Z
Failed qa: 1999-09-15T16:57:28.6010380Z
Failed qa: 1999-09-21T17:25:14.0209712Z
Failed qa: 1999-09-22T17:02:39.231034Z
Failed qa: 1999-09-22T17:02:51.217510Z
..............Failed qa: 1999-09-29T17:08:49.7520750Z
Failed qa: 1999-09-30T17:19:09.263931Z
Failed qa: 1999-09-30T17:19:33.163914Z
..............Failed qa: 1999-10-07T17:25:21.1757255Z
Failed qa: 1999-10-08T17:02:45.217547Z
Failed qa: 1999-10-08T17:03:21.032041Z
..............Failed qa: 1999-10-10T16:51:11.9080630Z
Failed qa: 1999-10-15T17:08:55.5640750Z
Failed qa: 1999-10-16T17:19:17.094562Z
Failed qa: 1999-10-16T17:19:29.040640Z
Failed qa: 1999-10-17T16:56:32.4690310Z
Failed qa: 1999-10-23T17:25:09.9461646Z
Failed qa: 1999-10-24T17:02:35.3120250Z
Failed qa: 1999-10-24T17:02:59.213037Z
..............Failed qa: 1999-10-26T16:50:46.244041Z
Failed qa: 1999-10-31T17:08:32.8000940Z
Failed qa: 1999-11-01T17:19:00.673620Z
Failed qa: 1999-11-01T17:19:12.625770Z
..............Failed qa: 1999-11-08T17:25:13.7397622Z
Failed qa: 1999-11-16T17:07:56.6910310Z
Failed qa: 1999-11-17T17:19:00.511133Z
Failed qa: 1999-11-17T17:19:12.460329Z
..............Failed qa: 1999-11-25T17:01:27.958538Z
Failed qa: 1999-11-25T17:01:39.873522Z
..............Writing pickle: dev-nlcd-developer timesync/1999/audit/1999_0087_3132_qa_rejects.p
Success tracking goes here
