{'project_id': '3132', 'year': '1999', 'x': -482490, 'y': 1261080, 'plot_id': '311', 'strata': '41'}
Pandas(Index=0, project_id='3132', plot_id='311', x=-482490, y=1261080)
called process_plot
Pandas(Index=0, project_id='3132', plot_id='311', x=-482490, y=1261080)
311
Writing pickle: dev-nlcd-developer timesync/1999/audit/1999_0311_3132.p
.......Failed qa: 1999-01-09T17:05:21.835053Z
.......Failed qa: 1999-01-25T17:05:34.4210630Z
.......Failed qa: 1999-02-10T17:05:32.258537Z
.......Failed qa: 1999-02-26T17:05:45.604531Z
Failed qa: 1999-03-14T17:05:21.282034Z
.......Failed qa: 1999-03-30T17:05:02.093050Z
Failed qa: 1999-05-01T17:05:36.8980500Z
.......Failed qa: 1999-05-17T17:04:45.706551Z
Failed qa: 1999-05-26T16:58:07.1560250Z
Failed qa: 1999-06-02T17:04:25.026525Z
.......Failed qa: 1999-06-18T17:04:28.270043Z
.......Failed qa: 1999-07-04T17:04:19.387063Z
.......Failed qa: 1999-07-12T17:19:07.548158Z
.......Failed qa: 1999-07-20T17:04:03.702019Z
.......Failed qa: 1999-07-28T17:19:12.134860Z
.......Failed qa: 1999-08-05T17:04:13.406044Z
.......Failed qa: 1999-08-07T16:52:03.027035Z
Failed qa: 1999-08-13T17:19:24.472222Z
.......Failed qa: 1999-08-21T17:03:49.105069Z
.......Failed qa: 1999-08-23T16:51:48.908022Z
Failed qa: 1999-08-29T17:19:16.829876Z
.......Failed qa: 1999-09-06T17:03:30.381079Z
.......Failed qa: 1999-09-14T17:19:09.657145Z
Failed qa: 1999-09-15T16:57:28.6010380Z
Failed qa: 1999-09-22T17:02:51.217510Z
.......Failed qa: 1999-09-30T17:19:33.163914Z
.......Failed qa: 1999-10-08T17:03:21.032041Z
.......Failed qa: 1999-10-10T16:51:11.9080630Z
Failed qa: 1999-10-16T17:19:29.040640Z
Failed qa: 1999-10-24T17:02:59.213037Z
.......Failed qa: 1999-10-26T16:50:46.244041Z
Failed qa: 1999-11-01T17:19:12.625770Z
.......Failed qa: 1999-11-17T17:19:12.460329Z
.......Failed qa: 1999-11-25T17:01:39.873522Z
.......Writing pickle: dev-nlcd-developer timesync/1999/audit/1999_0311_3132_qa_rejects.p
Success tracking goes here
