{'project_id': '3132', 'year': '1999', 'x': -611910, 'y': 1362270, 'plot_id': '159', 'strata': '41'}
Pandas(Index=0, project_id='3132', plot_id='159', x=-611910, y=1362270)
called process_plot
Pandas(Index=0, project_id='3132', plot_id='159', x=-611910, y=1362270)
159
Writing pickle: dev-nlcd-developer timesync/1999/audit/1999_0159_3132.p
Failed qa: 1999-01-02T16:59:14.356062Z
Failed qa: 1999-01-02T16:59:14.356062Z
Failed qa: 1999-01-07T17:17:32.4510560Z
............................Failed qa: 1999-01-16T17:11:29.511541Z
Failed qa: 1999-01-16T17:11:41.491556Z
Failed qa: 1999-01-16T17:11:17.6040440Z
Failed qa: 1999-01-18T16:59:09.138081Z
Failed qa: 1999-01-18T16:59:33.026050Z
Failed qa: 1999-01-23T17:17:31.8350500Z
............................Failed qa: 1999-02-01T17:11:36.071044Z
Failed qa: 1999-02-01T17:11:48.051547Z
Failed qa: 1999-02-01T17:11:24.1630560Z
Failed qa: 1999-02-03T16:59:16.161547Z
Failed qa: 1999-02-03T16:59:40.050050Z
Failed qa: 1999-02-08T17:17:40.5590130Z
............................Failed qa: 1999-02-17T17:11:46.388025Z
Failed qa: 1999-02-17T17:11:58.296059Z
Failed qa: 1999-02-17T17:11:34.4070310Z
Failed qa: 1999-02-19T16:59:24.961553Z
Failed qa: 1999-02-19T16:59:48.851041Z
Failed qa: 1999-02-24T17:17:44.2350630Z
............................Failed qa: 1999-03-05T17:11:40.042035Z
Failed qa: 1999-03-05T17:11:40.042035Z
Failed qa: 1999-03-05T17:11:28.1330630Z
............................Failed qa: 1999-03-21T17:11:25.532547Z
Failed qa: 1999-03-21T17:11:37.441534Z
Failed qa: 1999-03-21T17:11:13.5510500Z
Failed qa: 1999-03-23T16:59:13.3610500Z
Failed qa: 1999-03-23T16:59:25.270040Z
Failed qa: 1999-03-28T17:17:14.7290940Z
............................Failed qa: 1999-04-06T17:11:11.700047Z
Failed qa: 1999-04-06T17:11:23.609069Z
Failed qa: 1999-04-06T17:10:59.7180690Z
Failed qa: 1999-04-22T17:11:14.405025Z
Failed qa: 1999-04-22T17:11:26.314540Z
Failed qa: 1999-04-22T17:11:02.4230000Z
Failed qa: 1999-04-29T17:17:11.4970750Z
Failed qa: 1999-05-01T17:05:36.8980500Z
Failed qa: 1999-05-01T17:05:36.8980500Z
Failed qa: 1999-05-08T17:11:07.527007Z
Failed qa: 1999-05-08T17:11:19.509513Z
Failed qa: 1999-05-08T17:10:55.6170130Z
Failed qa: 1999-05-10T16:58:43.984066Z
Failed qa: 1999-05-10T16:59:07.876581Z
Failed qa: 1999-05-15T17:16:58.3140060Z
............................Failed qa: 1999-05-24T17:10:44.352565Z
Failed qa: 1999-05-24T17:10:56.335563Z
Failed qa: 1999-05-24T17:10:32.4420810Z
Failed qa: 1999-05-26T16:58:07.1560250Z
Failed qa: 1999-05-26T16:58:07.1560250Z
Failed qa: 1999-05-31T17:16:36.4160060Z
............................Failed qa: 1999-06-09T17:10:29.168525Z
Failed qa: 1999-06-09T17:10:41.079053Z
Failed qa: 1999-06-09T17:10:17.1850310Z
Failed qa: 1999-06-11T16:58:07.640541Z
Failed qa: 1999-06-11T16:58:31.535026Z
Failed qa: 1999-06-16T17:16:26.7920190Z
............................Failed qa: 1999-06-25T17:10:22.476050Z
Failed qa: 1999-06-25T17:10:34.460041Z
Failed qa: 1999-06-25T17:10:10.5650310Z
Failed qa: 1999-06-27T16:57:58.729069Z
Failed qa: 1999-06-27T16:58:22.624553Z
Failed qa: 1999-07-02T17:16:17.1760630Z
Failed qa: 1999-07-03T17:25:14.871979Z
Failed qa: 1999-07-03T17:25:26.816563Z
Failed qa: 1999-07-03T17:25:02.9294498Z
Failed qa: 1999-07-04T17:03:55.4910880Z
Failed qa: 1999-07-04T17:04:43.2830380Z
Failed qa: 1999-07-04T17:03:55.4910880Z
Failed qa: 1999-07-04T17:04:19.387063Z
Failed qa: 1999-07-05T17:12:54.414222Z
Failed qa: 1999-07-05T17:13:18.301395Z
Failed qa: 1999-07-10T17:31:16.8910739Z
Failed qa: 1999-07-11T17:10:14.951566Z
Failed qa: 1999-07-11T17:10:26.936047Z
Failed qa: 1999-07-11T17:10:03.0400440Z
............................Failed qa: 1999-07-13T16:57:51.746525Z
Failed qa: 1999-07-13T16:58:15.642553Z
Failed qa: 1999-07-18T17:16:13.3140190Z
Failed qa: 1999-07-19T17:25:18.132911Z
Failed qa: 1999-07-19T17:25:30.080383Z
Failed qa: 1999-07-19T17:25:06.1923659Z
............................Failed qa: 1999-07-21T17:12:56.107099Z
Failed qa: 1999-07-21T17:13:19.997267Z
Failed qa: 1999-07-26T17:31:20.5086166Z
Failed qa: 1999-07-27T17:10:13.341047Z
Failed qa: 1999-07-27T17:10:25.326022Z
Failed qa: 1999-07-27T17:10:01.4290310Z
............................Failed qa: 1999-07-29T16:57:51.118022Z
Failed qa: 1999-07-29T16:58:15.015022Z
Failed qa: 1999-08-04T17:25:37.2214834Z
Failed qa: 1999-08-04T17:25:49.167259Z
............................Failed qa: 1999-08-06T17:13:03.637859Z
Failed qa: 1999-08-06T17:13:27.527106Z
Failed qa: 1999-08-07T16:52:03.027035Z
Failed qa: 1999-08-11T17:31:22.9829558Z
Failed qa: 1999-08-12T17:10:08.453525Z
Failed qa: 1999-08-12T17:10:20.438551Z
Failed qa: 1999-08-12T17:09:56.5410130Z
............................Failed qa: 1999-08-14T16:57:45.251572Z
Failed qa: 1999-08-14T16:58:09.149566Z
Failed qa: 1999-08-19T17:16:00.9200190Z
Failed qa: 1999-08-20T17:25:22.272536Z
Failed qa: 1999-08-20T17:25:34.216813Z
Failed qa: 1999-08-20T17:25:10.3287056Z
............................Failed qa: 1999-08-22T17:13:02.363616Z
Failed qa: 1999-08-22T17:13:26.252955Z
Failed qa: 1999-08-23T16:51:48.908022Z
Failed qa: 1999-08-27T17:31:26.0213050Z
Failed qa: 1999-08-28T17:09:49.704540Z
Failed qa: 1999-08-28T17:10:01.690047Z
Failed qa: 1999-08-28T17:09:37.7920000Z
............................Failed qa: 1999-08-30T16:57:24.195541Z
Failed qa: 1999-08-30T16:57:48.094047Z
Failed qa: 1999-09-04T17:15:33.3350380Z
Failed qa: 1999-09-05T17:25:26.437182Z
Failed qa: 1999-09-05T17:25:26.437182Z
Failed qa: 1999-09-05T17:25:14.4924040Z
............................Failed qa: 1999-09-07T17:13:03.729541Z
Failed qa: 1999-09-07T17:13:27.622559Z
Failed qa: 1999-09-12T17:31:20.9609980Z
Failed qa: 1999-09-13T17:09:05.5290250Z
Failed qa: 1999-09-13T17:09:29.355547Z
Failed qa: 1999-09-13T17:09:05.5290250Z
............................Failed qa: 1999-09-15T16:57:28.6010380Z
Failed qa: 1999-09-20T17:15:04.6250130Z
Failed qa: 1999-09-21T17:25:14.0209712Z
Failed qa: 1999-09-21T17:25:14.0209712Z
Failed qa: 1999-09-21T17:25:14.0209712Z
............................Failed qa: 1999-09-23T17:13:06.187979Z
Failed qa: 1999-09-23T17:13:30.076775Z
Failed qa: 1999-09-28T17:31:30.0834159Z
Failed qa: 1999-09-29T17:09:01.666053Z
Failed qa: 1999-09-29T17:09:13.652541Z
Failed qa: 1999-09-29T17:08:49.7520750Z
............................Failed qa: 1999-10-01T16:56:41.956534Z
Failed qa: 1999-10-01T16:57:05.856563Z
Failed qa: 1999-10-06T17:15:05.8900380Z
Failed qa: 1999-10-07T17:25:33.115199Z
Failed qa: 1999-10-07T17:25:45.063629Z
Failed qa: 1999-10-07T17:25:21.1757255Z
............................Failed qa: 1999-10-09T17:13:11.206569Z
Failed qa: 1999-10-09T17:13:35.093259Z
Failed qa: 1999-10-10T16:51:11.9080630Z
Failed qa: 1999-10-14T17:31:28.8454293Z
Failed qa: 1999-10-15T17:09:07.478075Z
Failed qa: 1999-10-15T17:09:19.392078Z
Failed qa: 1999-10-15T17:08:55.5640750Z
............................Failed qa: 1999-10-17T16:56:32.4690310Z
Failed qa: 1999-10-22T17:14:59.8700440Z
Failed qa: 1999-10-23T17:25:21.883867Z
Failed qa: 1999-10-23T17:25:33.834078Z
Failed qa: 1999-10-23T17:25:09.9461646Z
Failed qa: 1999-10-24T17:02:35.3120250Z
Failed qa: 1999-10-24T17:03:23.1140500Z
Failed qa: 1999-10-24T17:02:35.3120250Z
Failed qa: 1999-10-24T17:02:59.213037Z
Failed qa: 1999-10-25T17:13:01.258852Z
Failed qa: 1999-10-25T17:13:25.148802Z
Failed qa: 1999-10-26T16:50:46.244041Z
Failed qa: 1999-10-30T17:31:22.6373905Z
Failed qa: 1999-10-31T17:08:44.787091Z
Failed qa: 1999-10-31T17:08:44.787091Z
Failed qa: 1999-10-31T17:08:32.8000940Z
............................Failed qa: 1999-11-02T16:56:18.536038Z
Failed qa: 1999-11-02T16:56:42.437069Z
Failed qa: 1999-11-07T17:14:29.0530380Z
Failed qa: 1999-11-08T17:25:25.677064Z
Failed qa: 1999-11-08T17:25:37.625990Z
Failed qa: 1999-11-08T17:25:13.7397622Z
Failed qa: 1999-11-15T17:31:22.8236460Z
Failed qa: 1999-11-16T17:08:08.678059Z
Failed qa: 1999-11-16T17:08:20.593022Z
Failed qa: 1999-11-16T17:07:56.6910310Z
............................Failed qa: 1999-11-18T16:55:55.3240880Z
Failed qa: 1999-11-18T16:56:07.311566Z
Failed qa: 1999-11-23T17:13:51.9480630Z
Failed qa: 1999-11-24T17:25:28.4577043Z
Failed qa: 1999-11-24T17:25:40.404566Z
............................Failed qa: 1999-11-26T17:12:55.549222Z
Failed qa: 1999-11-26T17:13:19.436719Z
Failed qa: 1999-12-01T17:31:17.0063684Z
Writing pickle: dev-nlcd-developer timesync/1999/audit/1999_0159_3132_qa_rejects.p
Success tracking goes here
