{'project_id': '3132', 'year': '2000', 'x': -596550, 'y': 1218480, 'plot_id': '17', 'strata': '41'}
Pandas(Index=0, project_id='3132', plot_id='17', x=-596550, y=1218480)
called process_plot
Pandas(Index=0, project_id='3132', plot_id='17', x=-596550, y=1218480)
17
Writing pickle: dev-nlcd-developer timesync/2000/audit/2000_0017_3132.p
..............Failed qa: 2000-01-06T17:07:36.186443Z
............................Failed qa: 2000-01-14T16:49:17.618559Z
Failed qa: 2000-01-14T16:49:41.450066Z
............................Failed qa: 2000-01-22T17:07:33.840863Z
Failed qa: 2000-01-28T17:00:33.3150000Z
..............Failed qa: 2000-01-30T16:48:44.457551Z
Failed qa: 2000-01-30T16:49:08.289076Z
........................................................Failed qa: 2000-02-15T16:48:15.715547Z
Failed qa: 2000-02-15T16:48:39.548550Z
............................Failed qa: 2000-02-23T17:07:22.735844Z
..........................................Failed qa: 2000-03-09T16:54:00.837047Z
Failed qa: 2000-03-09T16:54:00.837047Z
Failed qa: 2000-03-10T17:07:20.345541Z
..............Failed qa: 2000-03-18T16:48:41.345044Z
............................Failed qa: 2000-03-26T17:07:20.155445Z
..............Failed qa: 2000-04-03T16:49:11.042519Z
..............Failed qa: 2000-04-10T16:54:44.349525Z
Failed qa: 2000-04-10T16:54:56.268025Z
Failed qa: 2000-04-11T17:07:05.238967Z
............................Failed qa: 2000-04-19T16:49:24.3330060Z
............................Failed qa: 2000-04-27T17:07:04.984733Z
............................Failed qa: 2000-05-05T16:50:07.6750750Z
............................Failed qa: 2000-05-13T17:06:53.462921Z
..............Failed qa: 2000-05-21T16:50:35.958059Z
............................Failed qa: 2000-05-29T17:06:42.473109Z
............................Failed qa: 2000-06-06T16:50:56.359047Z
............................Failed qa: 2000-06-14T17:06:49.7436498Z
............................Failed qa: 2000-06-22T16:51:16.951534Z
..............Failed qa: 2000-06-29T16:57:50.8230190Z
Failed qa: 2000-06-30T17:06:25.410288Z
............................Failed qa: 2000-07-08T16:51:38.578550Z
............................Failed qa: 2000-07-16T17:06:13.096864Z
............................Failed qa: 2000-07-24T16:51:52.349535Z
..............Failed qa: 2000-08-01T17:05:55.988057Z
............................Failed qa: 2000-08-09T16:52:14.252069Z
............................Failed qa: 2000-08-17T17:05:50.008767Z
............................Failed qa: 2000-08-25T16:52:34.439554Z
............................Failed qa: 2000-09-02T17:05:36.306978Z
............................Failed qa: 2000-09-10T16:52:57.519503Z
............................Failed qa: 2000-09-18T17:05:15.856089Z
............................Failed qa: 2000-09-26T16:53:08.052572Z
............................Failed qa: 2000-10-04T17:05:11.239629Z
..............Failed qa: 2000-10-12T16:53:04.5410630Z
............................Failed qa: 2000-10-20T17:04:58.887909Z
..............Failed qa: 2000-10-27T17:10:40.2323996Z
Failed qa: 2000-10-27T17:11:04.132522Z
Failed qa: 2000-11-03T17:16:29.3901079Z
............................Failed qa: 2000-11-21T17:05:04.187616Z
............................Failed qa: 2000-11-29T16:53:59.200579Z
Writing pickle: dev-nlcd-developer timesync/2000/audit/2000_0017_3132_qa_rejects.p
Success tracking goes here
