{'project_id': '3132', 'year': '2000', 'x': -513750, 'y': 1214970, 'plot_id': '34', 'strata': '41'}
Pandas(Index=0, project_id='3132', plot_id='34', x=-513750, y=1214970)
called process_plot
Pandas(Index=0, project_id='3132', plot_id='34', x=-513750, y=1214970)
34
Writing pickle: dev-nlcd-developer timesync/2000/audit/2000_0034_3132.p
Failed qa: 2000-01-04T17:19:21.442366Z
Failed qa: 2000-01-04T17:19:33.383239Z
Failed qa: 2000-01-06T17:07:36.186443Z
Failed qa: 2000-01-12T17:01:18.000582Z
Failed qa: 2000-01-12T17:01:41.905053Z
..............Failed qa: 2000-01-14T16:49:17.618559Z
Failed qa: 2000-01-14T16:49:41.450066Z
Failed qa: 2000-01-20T17:19:06.970223Z
Failed qa: 2000-01-20T17:19:30.860842Z
..............Failed qa: 2000-01-22T17:07:33.840863Z
Failed qa: 2000-01-28T17:00:33.3150000Z
..............Failed qa: 2000-01-30T16:48:44.457551Z
Failed qa: 2000-01-30T16:49:08.289076Z
Failed qa: 2000-02-05T17:19:05.590037Z
Failed qa: 2000-02-05T17:19:29.475995Z
..............Failed qa: 2000-02-13T17:00:18.391034Z
Failed qa: 2000-02-13T17:00:42.223553Z
..............Failed qa: 2000-02-15T16:48:15.715547Z
Failed qa: 2000-02-15T16:48:39.548550Z
Failed qa: 2000-02-21T17:18:57.452134Z
Failed qa: 2000-02-21T17:19:21.337626Z
..............Failed qa: 2000-02-23T17:07:22.735844Z
Failed qa: 2000-02-29T16:59:41.205066Z
Failed qa: 2000-02-29T17:00:05.112044Z
..............Failed qa: 2000-03-08T17:18:53.648375Z
Failed qa: 2000-03-08T17:19:17.536700Z
..............Failed qa: 2000-03-10T17:07:20.345541Z
..............Failed qa: 2000-03-18T16:48:41.345044Z
Failed qa: 2000-03-24T17:19:07.473809Z
Failed qa: 2000-03-24T17:19:19.414116Z
..............Failed qa: 2000-03-26T17:07:20.155445Z
..............Failed qa: 2000-04-03T16:49:11.042519Z
Failed qa: 2000-04-09T17:18:42.420561Z
Failed qa: 2000-04-09T17:19:06.305376Z
..............Failed qa: 2000-04-11T17:07:05.238967Z
Failed qa: 2000-04-17T17:01:02.684047Z
Failed qa: 2000-04-17T17:01:26.521529Z
..............Failed qa: 2000-04-19T16:49:24.3330060Z
Failed qa: 2000-04-25T17:18:39.018496Z
Failed qa: 2000-04-25T17:19:02.906095Z
..............Failed qa: 2000-04-27T17:07:04.984733Z
Failed qa: 2000-05-03T17:01:50.131550Z
Failed qa: 2000-05-03T17:02:14.042072Z
..............Failed qa: 2000-05-05T16:50:07.6750750Z
Failed qa: 2000-05-11T17:18:27.292801Z
Failed qa: 2000-05-11T17:18:51.176273Z
..............Failed qa: 2000-05-13T17:06:53.462921Z
..............Failed qa: 2000-05-21T16:50:35.958059Z
Failed qa: 2000-05-27T17:18:29.101092Z
Failed qa: 2000-05-27T17:18:41.038413Z
..............Failed qa: 2000-05-29T17:06:42.473109Z
Failed qa: 2000-06-04T17:02:27.836575Z
Failed qa: 2000-06-04T17:02:51.676047Z
..............Failed qa: 2000-06-06T16:50:56.359047Z
Failed qa: 2000-06-12T17:18:11.828652Z
Failed qa: 2000-06-12T17:18:35.715485Z
..............Failed qa: 2000-06-14T17:06:49.7436498Z
Failed qa: 2000-06-20T17:02:48.749088Z
Failed qa: 2000-06-20T17:03:12.589075Z
..............Failed qa: 2000-06-22T16:51:16.951534Z
Failed qa: 2000-06-28T17:18:24.075100Z
Failed qa: 2000-06-28T17:18:24.075100Z
Failed qa: 2000-06-29T16:57:50.8230190Z
Failed qa: 2000-06-30T17:06:25.410288Z
Failed qa: 2000-07-06T17:03:08.641031Z
Failed qa: 2000-07-06T17:03:32.554038Z
..............Failed qa: 2000-07-08T16:51:38.578550Z
Failed qa: 2000-07-14T17:17:48.246323Z
Failed qa: 2000-07-14T17:18:12.134744Z
..............Failed qa: 2000-07-16T17:06:13.096864Z
Failed qa: 2000-07-22T17:03:26.006022Z
Failed qa: 2000-07-22T17:03:49.919547Z
..............Failed qa: 2000-07-24T16:51:52.349535Z
Failed qa: 2000-07-30T17:17:42.755468Z
Failed qa: 2000-07-30T17:17:54.692673Z
Failed qa: 2000-08-01T17:05:55.988057Z
Failed qa: 2000-08-07T17:03:43.558015Z
Failed qa: 2000-08-07T17:04:07.399538Z
..............Failed qa: 2000-08-09T16:52:14.252069Z
Failed qa: 2000-08-15T17:17:24.722134Z
Failed qa: 2000-08-15T17:17:48.607218Z
..............Failed qa: 2000-08-17T17:05:50.008767Z
Failed qa: 2000-08-23T17:04:04.046072Z
Failed qa: 2000-08-23T17:04:27.961076Z
..............Failed qa: 2000-08-25T16:52:34.439554Z
Failed qa: 2000-08-31T17:17:24.533937Z
Failed qa: 2000-08-31T17:17:36.473852Z
..............Failed qa: 2000-09-02T17:05:36.306978Z
Failed qa: 2000-09-08T17:04:41.795059Z
Failed qa: 2000-09-08T17:04:53.716551Z
..............Failed qa: 2000-09-10T16:52:57.519503Z
Failed qa: 2000-09-16T17:16:53.124176Z
Failed qa: 2000-09-16T17:17:17.009631Z
..............Failed qa: 2000-09-18T17:05:15.856089Z
Failed qa: 2000-09-24T17:05:03.821041Z
Failed qa: 2000-09-24T17:05:03.821041Z
..............Failed qa: 2000-09-26T16:53:08.052572Z
Failed qa: 2000-10-02T17:16:57.808067Z
Failed qa: 2000-10-02T17:17:09.744727Z
..............Failed qa: 2000-10-04T17:05:11.239629Z
Failed qa: 2000-10-10T17:04:50.010057Z
Failed qa: 2000-10-10T17:05:13.926550Z
Failed qa: 2000-10-12T16:53:04.5410630Z
Failed qa: 2000-10-18T17:16:30.711335Z
Failed qa: 2000-10-18T17:16:54.603738Z
..............Failed qa: 2000-10-20T17:04:58.887909Z
Failed qa: 2000-10-26T17:05:05.008079Z
Failed qa: 2000-10-26T17:05:28.925084Z
..............Failed qa: 2000-11-03T17:16:29.3901079Z
..............Failed qa: 2000-11-19T17:16:39.159305Z
Failed qa: 2000-11-19T17:17:03.049886Z
Failed qa: 2000-11-21T17:05:04.187616Z
Failed qa: 2000-11-27T17:05:33.084059Z
Failed qa: 2000-11-27T17:05:57.002050Z
..............Failed qa: 2000-11-29T16:53:59.200579Z
Writing pickle: dev-nlcd-developer timesync/2000/audit/2000_0034_3132_qa_rejects.p
Success tracking goes here
