{'project_id': '3132', 'year': '2000', 'x': -602430, 'y': 1337670, 'plot_id': '154', 'strata': '41'}
Pandas(Index=0, project_id='3132', plot_id='154', x=-602430, y=1337670)
called process_plot
Pandas(Index=0, project_id='3132', plot_id='154', x=-602430, y=1337670)
154
Writing pickle: dev-nlcd-developer timesync/2000/audit/2000_0154_3132.p
..............Failed qa: 2000-01-13T17:13:22.644100Z
Failed qa: 2000-01-14T16:49:17.618559Z
.......Failed qa: 2000-01-21T16:55:15.712562Z
Failed qa: 2000-01-28T17:00:33.3150000Z
Failed qa: 2000-01-29T17:13:21.017508Z
Failed qa: 2000-01-30T16:48:44.457551Z
.......Failed qa: 2000-02-06T16:54:43.247066Z
.......Failed qa: 2000-02-14T17:13:16.133402Z
Failed qa: 2000-02-15T16:48:15.715547Z
.......Failed qa: 2000-02-22T16:54:18.6400940Z
.......Failed qa: 2000-03-01T17:13:11.158716Z
.......Failed qa: 2000-03-09T16:54:00.837047Z
Failed qa: 2000-03-17T17:13:08.079870Z
.......Failed qa: 2000-03-25T16:54:59.4330560Z
Failed qa: 2000-04-02T17:13:02.266404Z
.......Failed qa: 2000-04-10T16:54:44.349525Z
.......Failed qa: 2000-04-18T17:12:48.405424Z
.......Failed qa: 2000-04-26T16:55:46.998022Z
.......Failed qa: 2000-05-04T17:12:46.914155Z
.......Failed qa: 2000-05-12T16:56:17.092019Z
Failed qa: 2000-05-20T17:12:35.478339Z
.......Failed qa: 2000-05-28T16:56:31.017557Z
.......Failed qa: 2000-06-05T17:12:24.207992Z
.......Failed qa: 2000-06-13T16:56:52.261582Z
.......Failed qa: 2000-06-21T17:12:32.7992169Z
..............Failed qa: 2000-07-07T17:12:06.912708Z
.......Failed qa: 2000-07-15T16:57:34.516066Z
.......Failed qa: 2000-07-23T17:11:49.552514Z
..............Failed qa: 2000-08-08T17:11:36.631210Z
.......Failed qa: 2000-08-16T16:58:12.363044Z
.......Failed qa: 2000-08-24T17:11:31.715154Z
.......Failed qa: 2000-09-01T16:58:33.691022Z
.......Failed qa: 2000-09-09T17:11:15.454574Z
.......Failed qa: 2000-09-17T16:58:47.001585Z
.......Failed qa: 2000-09-25T17:10:59.640383Z
.......Failed qa: 2000-10-03T16:59:00.724063Z
..............Failed qa: 2000-10-19T16:59:08.391072Z
.......Failed qa: 2000-10-27T17:10:40.2323996Z
Failed qa: 2000-11-03T17:16:29.3901079Z
Failed qa: 2000-11-12T17:11:05.1150095Z
..............Failed qa: 2000-11-28T17:10:55.357688Z
Writing pickle: dev-nlcd-developer timesync/2000/audit/2000_0154_3132_qa_rejects.p
Success tracking goes here
