{'project_id': '3132', 'year': '2000', 'x': -468900, 'y': 1269570, 'plot_id': '131', 'strata': '41'}
Pandas(Index=0, project_id='3132', plot_id='131', x=-468900, y=1269570)
called process_plot
Pandas(Index=0, project_id='3132', plot_id='131', x=-468900, y=1269570)
131
Writing pickle: dev-nlcd-developer timesync/2000/audit/2000_0131_3132.p
Failed qa: 2000-01-04T17:19:21.442366Z
Failed qa: 2000-01-06T17:07:00.351160Z
Failed qa: 2000-01-07T16:43:01.8800000Z
Failed qa: 2000-01-12T17:01:18.000582Z
..............Failed qa: 2000-01-14T16:49:17.618559Z
Failed qa: 2000-01-14T16:49:05.630069Z
Failed qa: 2000-01-15T17:00:59.929791Z
Failed qa: 2000-01-20T17:19:06.970223Z
..............Failed qa: 2000-01-22T17:06:58.004475Z
Failed qa: 2000-01-23T16:42:49.528541Z
Failed qa: 2000-01-28T17:00:33.3150000Z
..............Failed qa: 2000-01-30T16:48:44.457551Z
Failed qa: 2000-01-30T16:48:32.469047Z
Failed qa: 2000-01-31T17:00:59.020000Z
Failed qa: 2000-02-05T17:19:05.590037Z
..............Failed qa: 2000-02-08T16:42:18.378544Z
Failed qa: 2000-02-13T17:00:18.391034Z
..............Failed qa: 2000-02-15T16:48:15.715547Z
Failed qa: 2000-02-15T16:48:03.726525Z
Failed qa: 2000-02-16T17:00:53.367744Z
Failed qa: 2000-02-21T17:18:57.452134Z
Failed qa: 2000-02-22T16:54:18.6400940Z
Failed qa: 2000-02-22T16:53:54.734069Z
Failed qa: 2000-02-23T17:06:46.900239Z
Failed qa: 2000-02-29T16:59:41.205066Z
..............Failed qa: 2000-03-03T17:01:00.5330866Z
Failed qa: 2000-03-08T17:18:53.648375Z
..............Failed qa: 2000-03-10T17:06:56.450943Z
..............Failed qa: 2000-03-18T16:48:29.3550000Z
Failed qa: 2000-03-19T17:00:47.341716Z
Failed qa: 2000-03-24T17:19:07.473809Z
Failed qa: 2000-03-25T16:54:59.4330560Z
Failed qa: 2000-03-25T16:54:59.4330560Z
Failed qa: 2000-03-26T17:06:44.321259Z
..............Failed qa: 2000-04-03T16:48:35.214557Z
Failed qa: 2000-04-04T17:00:37.415412Z
Failed qa: 2000-04-09T17:18:42.420561Z
..............Failed qa: 2000-04-11T17:06:29.406128Z
Failed qa: 2000-04-17T17:01:02.684047Z
..............Failed qa: 2000-04-19T16:49:00.422550Z
Failed qa: 2000-04-20T17:00:28.309345Z
Failed qa: 2000-04-25T17:18:39.018496Z
..............Failed qa: 2000-04-27T17:06:29.153098Z
Failed qa: 2000-04-28T16:43:30.728544Z
Failed qa: 2000-05-03T17:01:50.131550Z
..............Failed qa: 2000-05-05T16:50:07.6750750Z
Failed qa: 2000-05-06T17:00:22.838503Z
Failed qa: 2000-05-11T17:18:27.292801Z
..............Failed qa: 2000-05-13T17:06:17.630678Z
Failed qa: 2000-05-14T16:43:57.327054Z
..............Failed qa: 2000-05-21T16:50:00.127566Z
Failed qa: 2000-05-22T17:00:10.989198Z
Failed qa: 2000-05-27T17:18:29.101092Z
..............Failed qa: 2000-05-29T17:06:06.643936Z
Failed qa: 2000-05-30T16:44:12.285019Z
Failed qa: 2000-06-04T17:02:27.836575Z
..............Failed qa: 2000-06-06T16:50:20.527547Z
Failed qa: 2000-06-07T17:00:01.636537Z
Failed qa: 2000-06-12T17:18:11.828652Z
..............Failed qa: 2000-06-14T17:05:50.025544Z
Failed qa: 2000-06-15T16:44:32.424562Z
Failed qa: 2000-06-20T17:02:48.749088Z
Failed qa: 2000-06-21T17:12:32.7992169Z
Failed qa: 2000-06-21T17:12:32.7992169Z
Failed qa: 2000-06-22T16:50:41.119507Z
Failed qa: 2000-06-23T16:59:57.285447Z
Failed qa: 2000-06-28T17:18:24.075100Z
Failed qa: 2000-06-30T17:05:49.585002Z
Failed qa: 2000-07-01T16:44:55.652528Z
Failed qa: 2000-07-06T17:03:08.641031Z
..............Failed qa: 2000-07-08T16:51:02.745075Z
Failed qa: 2000-07-09T16:59:43.061865Z
Failed qa: 2000-07-14T17:17:48.246323Z
..............Failed qa: 2000-07-16T17:05:37.269653Z
Failed qa: 2000-07-17T16:45:13.604057Z
Failed qa: 2000-07-22T17:03:26.006022Z
..............Failed qa: 2000-07-24T16:51:16.515032Z
Failed qa: 2000-07-25T16:59:11.4383080Z
Failed qa: 2000-07-30T17:17:42.755468Z
Failed qa: 2000-08-01T17:05:20.152228Z
Failed qa: 2000-08-07T17:03:43.558015Z
..............Failed qa: 2000-08-09T16:51:38.416550Z
Failed qa: 2000-08-10T16:59:15.947042Z
Failed qa: 2000-08-15T17:17:24.722134Z
..............Failed qa: 2000-08-17T17:05:14.177770Z
Failed qa: 2000-08-18T16:45:52.577013Z
Failed qa: 2000-08-23T17:04:04.046072Z
..............Failed qa: 2000-08-25T16:51:58.603081Z
Failed qa: 2000-08-26T16:59:08.673806Z
Failed qa: 2000-08-31T17:17:24.533937Z
..............Failed qa: 2000-09-02T17:05:00.473671Z
Failed qa: 2000-09-03T16:46:15.227028Z
Failed qa: 2000-09-08T17:04:41.795059Z
..............Failed qa: 2000-09-10T16:52:21.682041Z
Failed qa: 2000-09-11T16:58:51.590600Z
Failed qa: 2000-09-16T17:16:53.124176Z
..............Failed qa: 2000-09-18T17:04:40.024147Z
Failed qa: 2000-09-19T16:46:25.112563Z
Failed qa: 2000-09-24T17:05:03.821041Z
..............Failed qa: 2000-09-26T16:52:44.209072Z
Failed qa: 2000-09-27T16:58:37.656519Z
Failed qa: 2000-10-02T17:16:57.808067Z
..............Failed qa: 2000-10-04T17:04:35.407059Z
Failed qa: 2000-10-05T16:46:38.910551Z
Failed qa: 2000-10-10T17:04:50.010057Z
Failed qa: 2000-10-12T16:52:40.624554Z
Failed qa: 2000-10-13T16:58:22.438203Z
Failed qa: 2000-10-18T17:16:30.711335Z
..............Failed qa: 2000-10-20T17:04:23.049380Z
Failed qa: 2000-10-26T17:05:05.008079Z
..............Failed qa: 2000-10-29T16:58:32.361829Z
Failed qa: 2000-11-03T17:16:29.3901079Z
Failed qa: 2000-11-12T17:11:05.1150095Z
Failed qa: 2000-11-12T17:10:41.226882Z
Failed qa: 2000-11-14T16:58:31.590402Z
Failed qa: 2000-11-19T17:16:39.159305Z
Failed qa: 2000-11-21T17:04:28.349463Z
Failed qa: 2000-11-22T16:47:07.4570630Z
Failed qa: 2000-11-27T17:05:33.084059Z
..............Failed qa: 2000-11-29T16:53:23.360069Z
Failed qa: 2000-11-30T16:58:33.318458Z
Writing pickle: dev-nlcd-developer timesync/2000/audit/2000_0131_3132_qa_rejects.p
Success tracking goes here
