{'project_id': '3132', 'year': '2000', 'x': -615300, 'y': 1258770, 'plot_id': '126', 'strata': '41'}
Pandas(Index=0, project_id='3132', plot_id='126', x=-615300, y=1258770)
called process_plot
Pandas(Index=0, project_id='3132', plot_id='126', x=-615300, y=1258770)
126
Writing pickle: dev-nlcd-developer timesync/2000/audit/2000_0126_3132.p
Failed qa: 2000-01-03T17:07:59.309572Z
..............Failed qa: 2000-01-11T17:25:32.959374Z
..............Failed qa: 2000-01-13T17:13:22.644100Z
Failed qa: 2000-01-14T16:49:17.618559Z
Failed qa: 2000-01-19T17:07:41.454572Z
..............Failed qa: 2000-01-21T16:55:27.7010690Z
Failed qa: 2000-01-21T16:55:15.712562Z
Failed qa: 2000-01-27T17:25:30.921999Z
Failed qa: 2000-01-28T17:00:33.3150000Z
Failed qa: 2000-01-29T17:13:21.017508Z
Failed qa: 2000-01-30T16:48:44.457551Z
..............Failed qa: 2000-02-06T16:54:43.247066Z
Failed qa: 2000-02-12T17:25:26.563323Z
..............Failed qa: 2000-02-14T17:13:16.133402Z
Failed qa: 2000-02-15T16:48:15.715547Z
Failed qa: 2000-02-20T17:06:22.373535Z
..............Failed qa: 2000-02-22T16:54:18.6400940Z
Failed qa: 2000-02-28T17:25:21.120881Z
..............Failed qa: 2000-03-01T17:13:11.158716Z
Failed qa: 2000-03-07T17:06:04.663035Z
..............Failed qa: 2000-03-09T16:54:00.837047Z
Failed qa: 2000-03-15T17:25:16.460696Z
Failed qa: 2000-03-17T17:13:08.079870Z
Failed qa: 2000-03-23T17:07:04.037544Z
..............Failed qa: 2000-03-25T16:54:59.4330560Z
Failed qa: 2000-03-31T17:25:37.7587554Z
Failed qa: 2000-04-02T17:13:02.266404Z
..............Failed qa: 2000-04-10T16:54:44.349525Z
Failed qa: 2000-04-16T17:24:59.934945Z
..............Failed qa: 2000-04-18T17:12:48.405424Z
..............Failed qa: 2000-04-26T16:55:46.998022Z
Failed qa: 2000-05-02T17:24:58.679046Z
..............Failed qa: 2000-05-04T17:12:46.914155Z
Failed qa: 2000-05-10T17:08:24.355034Z
..............Failed qa: 2000-05-12T16:56:17.092019Z
Failed qa: 2000-05-18T17:24:47.434221Z
Failed qa: 2000-05-20T17:12:35.478339Z
Failed qa: 2000-05-26T17:08:48.031534Z
..............Failed qa: 2000-05-28T16:56:31.017557Z
Failed qa: 2000-06-03T17:24:35.710145Z
..............Failed qa: 2000-06-05T17:12:24.207992Z
Failed qa: 2000-06-11T17:08:59.590515Z
..............Failed qa: 2000-06-13T16:56:52.261582Z
Failed qa: 2000-06-19T17:24:32.138760Z
..............Failed qa: 2000-06-21T17:12:32.7992169Z
Failed qa: 2000-06-27T17:09:34.105053Z
..............Failed qa: 2000-07-05T17:24:18.494723Z
..............Failed qa: 2000-07-07T17:12:06.912708Z
Failed qa: 2000-07-13T17:09:42.578553Z
..............Failed qa: 2000-07-15T16:57:34.516066Z
Failed qa: 2000-07-21T17:24:03.091330Z
..............Failed qa: 2000-07-23T17:11:49.552514Z
..............Failed qa: 2000-08-06T17:23:48.566571Z
..............Failed qa: 2000-08-08T17:11:36.631210Z
Failed qa: 2000-08-14T17:10:19.696041Z
..............Failed qa: 2000-08-16T16:58:12.363044Z
Failed qa: 2000-08-22T17:23:42.632511Z
..............Failed qa: 2000-08-24T17:11:31.715154Z
Failed qa: 2000-08-30T17:10:40.316047Z
..............Failed qa: 2000-09-01T16:58:33.691022Z
Failed qa: 2000-09-07T17:23:27.008427Z
..............Failed qa: 2000-09-09T17:11:15.454574Z
Failed qa: 2000-09-15T17:11:08.296044Z
..............Failed qa: 2000-09-17T16:58:47.001585Z
Failed qa: 2000-09-23T17:23:09.939458Z
..............Failed qa: 2000-09-25T17:10:59.640383Z
..............Failed qa: 2000-10-03T16:59:00.724063Z
Failed qa: 2000-10-09T17:22:40.5414921Z
..............Failed qa: 2000-10-17T17:11:17.345019Z
..............Failed qa: 2000-10-19T16:59:08.391072Z
Failed qa: 2000-10-25T17:22:59.445447Z
..............Failed qa: 2000-10-27T17:10:40.2323996Z
Failed qa: 2000-11-02T17:11:53.6710560Z
Failed qa: 2000-11-03T17:16:29.3901079Z
Failed qa: 2000-11-10T17:23:02.303952Z
Failed qa: 2000-11-12T17:11:05.1150095Z
Failed qa: 2000-11-18T17:11:33.699544Z
..............Failed qa: 2000-11-26T17:23:04.231431Z
..............Failed qa: 2000-11-28T17:10:55.357688Z
Writing pickle: dev-nlcd-developer timesync/2000/audit/2000_0126_3132_qa_rejects.p
Success tracking goes here
