{'project_id': '3132', 'year': '2000', 'x': -540780, 'y': 1273050, 'plot_id': '166', 'strata': '41'}
Pandas(Index=0, project_id='3132', plot_id='166', x=-540780, y=1273050)
called process_plot
Pandas(Index=0, project_id='3132', plot_id='166', x=-540780, y=1273050)
166
Writing pickle: dev-nlcd-developer timesync/2000/audit/2000_0166_3132.p
.......Failed qa: 2000-01-12T17:01:18.000582Z
.......Failed qa: 2000-01-14T16:49:17.618559Z
..............Failed qa: 2000-01-28T17:00:33.3150000Z
.......Failed qa: 2000-01-30T16:48:44.457551Z
..............Failed qa: 2000-02-13T17:00:18.391034Z
.......Failed qa: 2000-02-15T16:48:15.715547Z
.......Failed qa: 2000-02-22T16:54:18.6400940Z
...................................Failed qa: 2000-03-24T17:19:07.473809Z
Failed qa: 2000-03-25T16:54:59.4330560Z
...................................Failed qa: 2000-04-25T17:18:39.018496Z
.......Failed qa: 2000-05-03T17:01:50.131550Z
.......Failed qa: 2000-05-11T17:18:27.292801Z
..............Failed qa: 2000-05-27T17:18:29.101092Z
.......Failed qa: 2000-06-04T17:02:27.836575Z
.......Failed qa: 2000-06-12T17:18:11.828652Z
.......Failed qa: 2000-06-20T17:02:48.749088Z
Failed qa: 2000-06-21T17:12:32.7992169Z
Failed qa: 2000-06-28T17:18:24.075100Z
Failed qa: 2000-07-06T17:03:08.641031Z
.......Failed qa: 2000-07-14T17:17:48.246323Z
..........................................Failed qa: 2000-08-15T17:17:24.722134Z
.....................Failed qa: 2000-08-31T17:17:24.533937Z
.......Failed qa: 2000-09-08T17:04:41.795059Z
.......Failed qa: 2000-09-16T17:16:53.124176Z
.....................Failed qa: 2000-10-02T17:16:57.808067Z
..........................................Failed qa: 2000-11-03T17:16:29.3901079Z
Failed qa: 2000-11-12T17:11:05.1150095Z
.....................Writing pickle: dev-nlcd-developer timesync/2000/audit/2000_0166_3132_qa_rejects.p
Success tracking goes here
