{'project_id': '3132', 'year': '2001', 'x': -581040, 'y': 1362720, 'plot_id': '164', 'strata': '41'}
Pandas(Index=0, project_id='3132', plot_id='164', x=-581040, y=1362720)
called process_plot
Pandas(Index=0, project_id='3132', plot_id='164', x=-581040, y=1362720)
164
Writing pickle: dev-nlcd-developer timesync/2001/audit/2001_0164_3132.p
Failed qa: 2001-01-05T17:12:01.0870440Z
..............Failed qa: 2001-01-07T16:59:53.799516Z
Failed qa: 2001-01-07T17:00:17.646516Z
Failed qa: 2001-01-13T17:22:47.4715440Z
..............Failed qa: 2001-01-15T17:10:37.769322Z
Failed qa: 2001-01-15T17:11:01.659854Z
Failed qa: 2001-01-21T17:12:12.1260500Z
..............Failed qa: 2001-01-23T17:00:38.5070190Z
Failed qa: 2001-01-29T17:22:49.0378394Z
..............Failed qa: 2001-01-31T17:10:38.158492Z
Failed qa: 2001-01-31T17:11:02.058142Z
Failed qa: 2001-02-06T17:12:19.7800000Z
..............Failed qa: 2001-02-08T17:00:22.2560130Z
Failed qa: 2001-02-08T17:00:22.2560130Z
Failed qa: 2001-02-14T17:22:44.3648855Z
..............Failed qa: 2001-02-16T17:10:34.339255Z
Failed qa: 2001-02-16T17:10:58.227203Z
Failed qa: 2001-02-22T17:12:23.4130190Z
Failed qa: 2001-02-23T17:16:18.250059Z
Failed qa: 2001-02-23T17:16:30.2013838Z
Failed qa: 2001-02-24T17:00:15.433566Z
Failed qa: 2001-02-24T17:00:39.283053Z
Failed qa: 2001-03-02T17:22:38.5504707Z
Failed qa: 2001-03-03T17:06:04.668550Z
Failed qa: 2001-03-03T17:06:40.515572Z
Failed qa: 2001-03-04T17:10:29.317144Z
Failed qa: 2001-03-04T17:10:53.205967Z
Failed qa: 2001-03-10T17:12:25.5130750Z
..............Failed qa: 2001-03-12T17:00:14.539538Z
Failed qa: 2001-03-12T17:00:38.462079Z
Failed qa: 2001-03-18T17:22:32.4484670Z
..............Failed qa: 2001-03-20T17:10:20.403423Z
Failed qa: 2001-03-20T17:10:44.292421Z
Failed qa: 2001-04-03T17:22:21.6409993Z
..............Failed qa: 2001-04-05T17:10:11.428338Z
Failed qa: 2001-04-05T17:10:23.3681922Z
..............Failed qa: 2001-04-13T17:00:05.781556Z
Failed qa: 2001-04-13T17:00:29.706034Z
Failed qa: 2001-04-19T17:22:25.3315560Z
..............Failed qa: 2001-04-21T17:10:14.807475Z
Failed qa: 2001-04-21T17:10:38.696276Z
Failed qa: 2001-04-27T17:12:27.9320880Z
..............Failed qa: 2001-04-29T17:00:19.801044Z
Failed qa: 2001-04-29T17:00:43.726047Z
Failed qa: 2001-05-05T17:22:21.5428548Z
..............Failed qa: 2001-05-07T17:10:10.316415Z
Failed qa: 2001-05-07T17:10:34.203215Z
Failed qa: 2001-05-13T17:12:28.3260190Z
..............Failed qa: 2001-05-15T17:00:17.376544Z
Failed qa: 2001-05-15T17:00:41.302522Z
Failed qa: 2001-05-21T17:22:09.5707539Z
..............Failed qa: 2001-05-23T17:09:59.225845Z
Failed qa: 2001-05-23T17:10:23.109662Z
Failed qa: 2001-05-29T17:12:37.3400630Z
..............Failed qa: 2001-05-31T17:00:28.926047Z
Failed qa: 2001-05-31T17:00:52.780072Z
Failed qa: 2001-06-06T17:21:57.3284099Z
..............Failed qa: 2001-06-08T17:09:47.207042Z
Failed qa: 2001-06-08T17:10:11.091361Z
Failed qa: 2001-06-14T17:12:39.3870440Z
..............Failed qa: 2001-06-16T17:00:28.492050Z
Failed qa: 2001-06-16T17:00:52.419562Z
Failed qa: 2001-06-22T17:21:44.9311684Z
..............Failed qa: 2001-06-24T17:09:32.187420Z
Failed qa: 2001-06-24T17:09:56.075523Z
Failed qa: 2001-06-30T17:12:40.5990440Z
..............Failed qa: 2001-07-02T17:00:31.593551Z
Failed qa: 2001-07-02T17:00:55.449072Z
Failed qa: 2001-07-08T17:21:40.8656133Z
..............Failed qa: 2001-07-10T17:09:30.988604Z
Failed qa: 2001-07-10T17:09:54.875563Z
Failed qa: 2001-07-11T16:54:58.1990810Z
Failed qa: 2001-07-16T17:12:42.0340130Z
..............Failed qa: 2001-07-18T17:00:31.268028Z
Failed qa: 2001-07-18T17:00:55.124069Z
Failed qa: 2001-07-24T17:21:34.0757484Z
..............Failed qa: 2001-07-26T17:09:22.719982Z
Failed qa: 2001-07-26T17:09:46.604413Z
Failed qa: 2001-08-01T17:12:38.4610060Z
..............Failed qa: 2001-08-03T17:00:28.711022Z
Failed qa: 2001-08-03T17:00:52.568534Z
..............Failed qa: 2001-08-11T17:09:15.9652484Z
Failed qa: 2001-08-11T17:09:27.909878Z
Failed qa: 2001-08-17T17:12:36.7050880Z
..............