{'project_id': '3132', 'year': '2001', 'x': -583890, 'y': 1294650, 'plot_id': '110', 'strata': '41'}
Pandas(Index=0, project_id='3132', plot_id='110', x=-583890, y=1294650)
called process_plot
Pandas(Index=0, project_id='3132', plot_id='110', x=-583890, y=1294650)
110
Writing pickle: dev-nlcd-developer timesync/2001/audit/2001_0110_3132.p
.....................Failed qa: 2001-01-15T17:11:01.659854Z
.......Failed qa: 2001-01-23T17:00:38.5070190Z
.......Failed qa: 2001-01-31T17:11:02.058142Z
.....................Failed qa: 2001-02-16T17:10:58.227203Z
Failed qa: 2001-02-23T17:16:30.2013838Z
.......Failed qa: 2001-03-03T17:06:40.515572Z
Failed qa: 2001-03-04T17:10:53.205967Z
.......Failed qa: 2001-03-12T17:00:38.462079Z
.......Failed qa: 2001-03-20T17:10:44.292421Z
.......Failed qa: 2001-04-05T17:10:23.3681922Z
.......Failed qa: 2001-04-13T17:00:29.706034Z
.....................Failed qa: 2001-04-29T17:00:43.726047Z
.....................Failed qa: 2001-05-15T17:00:41.302522Z
...................................Failed qa: 2001-06-08T17:10:11.091361Z
.....................Failed qa: 2001-06-24T17:09:56.075523Z
............................Failed qa: 2001-07-11T16:54:58.1990810Z
.................................................Failed qa: 2001-08-11T17:09:27.909878Z
.............................................................................Failed qa: 2001-10-06T17:00:26.887515Z
.......Failed qa: 2001-10-14T17:08:45.675343Z
.......Failed qa: 2001-10-22T17:00:23.301551Z
.......Failed qa: 2001-10-30T17:08:48.717807Z
.......Failed qa: 2001-11-07T17:00:00.298562Z
............................Failed qa: 2001-12-01T17:08:52.4114745Z
Writing pickle: dev-nlcd-developer timesync/2001/audit/2001_0110_3132_qa_rejects.p
Success tracking goes here
