{'project_id': '3132', 'year': '2001', 'x': -613260, 'y': 1275600, 'plot_id': '155', 'strata': '41'}
Pandas(Index=0, project_id='3132', plot_id='155', x=-613260, y=1275600)
called process_plot
Pandas(Index=0, project_id='3132', plot_id='155', x=-613260, y=1275600)
155
Writing pickle: dev-nlcd-developer timesync/2001/audit/2001_0155_3132.p
Failed qa: 2001-01-05T17:12:24.934038Z
..............Failed qa: 2001-01-07T17:00:17.646516Z
Failed qa: 2001-01-13T17:23:11.358642Z
..............Failed qa: 2001-01-15T17:11:01.659854Z
Failed qa: 2001-01-21T17:12:36.046547Z
..............Failed qa: 2001-01-23T17:00:38.5070190Z
Failed qa: 2001-01-29T17:23:12.925553Z
..............Failed qa: 2001-01-31T17:11:02.058142Z
Failed qa: 2001-02-06T17:12:31.704022Z
..............Failed qa: 2001-02-08T17:00:22.2560130Z
Failed qa: 2001-02-14T17:23:08.257709Z
..............Failed qa: 2001-02-16T17:10:58.227203Z
Failed qa: 2001-02-22T17:12:47.334557Z
Failed qa: 2001-02-23T17:16:30.2013838Z
Failed qa: 2001-02-24T17:00:39.283053Z
Failed qa: 2001-03-02T17:23:02.439106Z
Failed qa: 2001-03-03T17:07:04.3650880Z
Failed qa: 2001-03-03T17:06:40.515572Z
Failed qa: 2001-03-04T17:10:53.205967Z
Failed qa: 2001-03-10T17:12:49.436050Z
..............Failed qa: 2001-03-12T17:00:38.462079Z
Failed qa: 2001-03-18T17:22:56.335772Z
..............Failed qa: 2001-03-20T17:10:44.292421Z
Failed qa: 2001-03-26T17:13:16.5190940Z
Failed qa: 2001-04-03T17:22:45.529945Z
..............Failed qa: 2001-04-05T17:10:23.3681922Z
..............Failed qa: 2001-04-13T17:00:29.706034Z
Failed qa: 2001-04-19T17:22:49.220290Z
..............Failed qa: 2001-04-21T17:10:38.696276Z
Failed qa: 2001-04-27T17:12:51.784563Z
..............Failed qa: 2001-04-29T17:00:43.726047Z
Failed qa: 2001-05-05T17:22:45.431012Z
..............Failed qa: 2001-05-07T17:10:34.203215Z
Failed qa: 2001-05-13T17:12:52.251537Z
..............Failed qa: 2001-05-15T17:00:41.302522Z
Failed qa: 2001-05-21T17:22:33.455011Z
..............Failed qa: 2001-05-23T17:10:23.109662Z
Failed qa: 2001-05-29T17:13:01.194072Z
..............Failed qa: 2001-05-31T17:00:52.780072Z
Failed qa: 2001-06-06T17:22:21.216457Z
..............Failed qa: 2001-06-08T17:10:11.091361Z
Failed qa: 2001-06-14T17:13:03.314550Z
..............Failed qa: 2001-06-16T17:00:52.419562Z
Failed qa: 2001-06-22T17:22:08.814082Z
..............Failed qa: 2001-06-24T17:09:56.075523Z
Failed qa: 2001-06-30T17:13:04.454562Z
..............Failed qa: 2001-07-02T17:00:55.449072Z
Failed qa: 2001-07-08T17:22:04.751698Z
..............Failed qa: 2001-07-10T17:09:54.875563Z
Failed qa: 2001-07-11T16:54:58.1990810Z
Failed qa: 2001-07-16T17:12:53.962035Z
..............Failed qa: 2001-07-18T17:00:55.124069Z
Failed qa: 2001-07-24T17:21:57.964298Z
..............Failed qa: 2001-07-26T17:09:46.604413Z
Failed qa: 2001-08-01T17:13:02.318503Z
..............Failed qa: 2001-08-03T17:00:52.568534Z
..............Failed qa: 2001-08-11T17:09:27.909878Z
Failed qa: 2001-08-17T17:13:00.563563Z
..............Failed qa: 2001-08-19T17:00:50.083085Z
Failed qa: 2001-08-25T17:21:28.820859Z
.....