{'project_id': '3132', 'year': '2001', 'x': -468420, 'y': 1296720, 'plot_id': '175', 'strata': '41'}
Pandas(Index=0, project_id='3132', plot_id='175', x=-468420, y=1296720)
called process_plot
Pandas(Index=0, project_id='3132', plot_id='175', x=-468420, y=1296720)
175
Writing pickle: dev-nlcd-developer timesync/2001/audit/2001_0175_3132.p
Failed qa: 2001-01-06T17:16:57.737614Z
..............Failed qa: 2001-01-08T17:04:37.379015Z
Failed qa: 2001-01-09T16:47:58.180510Z
Failed qa: 2001-01-14T17:06:10.595044Z
..............Failed qa: 2001-01-22T17:17:03.172713Z
Failed qa: 2001-01-23T17:00:38.5070190Z
Failed qa: 2001-01-23T17:00:38.5070190Z
Failed qa: 2001-01-24T17:04:41.747364Z
Failed qa: 2001-01-25T16:48:04.768076Z
Failed qa: 2001-01-30T17:06:17.504088Z
..............Failed qa: 2001-02-01T16:54:08.851566Z
Failed qa: 2001-02-02T16:58:38.883381Z
Failed qa: 2001-02-07T17:16:43.619255Z
..............Failed qa: 2001-02-09T17:04:34.876764Z
Failed qa: 2001-02-10T16:48:12.425044Z
Failed qa: 2001-02-15T17:06:19.020025Z
..............Failed qa: 2001-02-17T16:54:11.301035Z
Failed qa: 2001-02-18T16:58:36.049466Z
Failed qa: 2001-02-23T17:16:30.2013838Z
..............Failed qa: 2001-02-25T17:04:30.878298Z
Failed qa: 2001-02-26T16:48:18.779047Z
Failed qa: 2001-03-03T17:06:40.515572Z
..............Failed qa: 2001-03-05T16:54:18.859572Z
Failed qa: 2001-03-06T16:58:31.649690Z
Failed qa: 2001-03-11T17:16:50.962920Z
..............Failed qa: 2001-03-13T17:04:28.253149Z
Failed qa: 2001-03-19T17:06:41.123047Z
..............Failed qa: 2001-03-22T16:58:22.509637Z
Failed qa: 2001-03-29T17:04:07.591718Z
Failed qa: 2001-03-30T16:48:19.598050Z
Failed qa: 2001-04-04T17:06:16.363050Z
..............Failed qa: 2001-04-07T16:58:14.216441Z
Failed qa: 2001-04-12T17:16:26.955434Z
..............Failed qa: 2001-04-14T17:04:17.483785Z
Failed qa: 2001-04-20T17:06:31.309050Z
..............Failed qa: 2001-04-22T16:54:13.174054Z
Failed qa: 2001-04-23T16:58:15.793748Z
Failed qa: 2001-04-28T17:16:24.771414Z
..............Failed qa: 2001-04-30T17:04:15.022073Z
Failed qa: 2001-05-01T16:48:22.982562Z
Failed qa: 2001-05-06T17:06:32.095040Z
..............Failed qa: 2001-05-08T16:54:21.782544Z
Failed qa: 2001-05-09T16:58:10.649446Z
Failed qa: 2001-05-14T17:16:24.814635Z
..............Failed qa: 2001-05-16T17:04:01.524161Z
Failed qa: 2001-05-22T17:06:43.329550Z
..............Failed qa: 2001-05-24T16:54:24.144547Z
Failed qa: 2001-05-25T16:58:00.503626Z
Failed qa: 2001-05-30T17:16:17.354151Z
..............Failed qa: 2001-06-01T17:03:41.861145Z
Failed qa: 2001-06-02T16:48:32.142044Z
Failed qa: 2001-06-07T17:06:42.038038Z
..............Failed qa: 2001-06-09T16:54:32.296037Z
Failed qa: 2001-06-10T16:57:48.711961Z
Failed qa: 2001-06-15T17:16:06.056571Z
..............Failed qa: 2001-06-17T17:03:42.567405Z
Failed qa: 2001-06-18T16:48:29.028075Z
Failed qa: 2001-06-23T17:06:40.482512Z
..............Failed qa: 2001-06-25T16:54:30.913037Z
Failed qa: 2001-06-26T16:57:18.9883320Z
Failed qa: 2001-07-01T17:15:53.110767Z
..............Failed qa: 2001-07-03T17:03:31.972254Z
Failed qa: 2001-07-04T16:48:34.506056Z
Failed qa: 2001-07-09T17:06:55.936059Z
..............Failed qa: 2001-07-11T16:54:58.1990810Z
Failed qa: 2001-07-11T16:54:34.270088Z
Failed qa: 2001-07-12T16:57:32.844272Z
Failed qa: 2001-07-17T17:15:39.647785Z
..............