{'project_id': '3132', 'year': '2001', 'x': -529710, 'y': 1364400, 'plot_id': '18', 'strata': '41'}
Pandas(Index=0, project_id='3132', plot_id='18', x=-529710, y=1364400)
called process_plot
Pandas(Index=0, project_id='3132', plot_id='18', x=-529710, y=1364400)
18
Writing pickle: dev-nlcd-developer timesync/2001/audit/2001_0018_3132.p
Failed qa: 2001-01-05T17:12:01.0870440Z
............................Failed qa: 2001-01-13T17:22:47.4715440Z
............................Failed qa: 2001-01-21T17:12:12.1260500Z
..............Failed qa: 2001-01-23T17:00:38.5070190Z
Failed qa: 2001-01-29T17:22:49.0378394Z
............................Failed qa: 2001-02-06T17:12:19.7800000Z
............................Failed qa: 2001-02-14T17:22:44.3648855Z
............................Failed qa: 2001-02-22T17:12:23.4130190Z
............................Failed qa: 2001-03-02T17:22:38.5504707Z
............................Failed qa: 2001-03-10T17:12:25.5130750Z
............................Failed qa: 2001-03-18T17:22:32.4484670Z
............................Failed qa: 2001-04-03T17:22:21.6409993Z
........................................................Failed qa: 2001-04-19T17:22:25.3315560Z
............................Failed qa: 2001-04-27T17:12:27.9320880Z
............................Failed qa: 2001-05-05T17:22:21.5428548Z
............................Failed qa: 2001-05-13T17:12:28.3260190Z
............................Failed qa: 2001-05-21T17:22:09.5707539Z
............................Failed qa: 2001-05-29T17:12:37.3400630Z
............................Failed qa: 2001-06-06T17:21:57.3284099Z
............................Failed qa: 2001-06-14T17:12:39.3870440Z
............................Failed qa: 2001-06-22T17:21:44.9311684Z
............................Failed qa: 2001-06-30T17:12:40.5990440Z
............................Failed qa: 2001-07-08T17:21:40.8656133Z
............................Failed qa: 2001-07-11T16:54:58.1990810Z
Failed qa: 2001-07-16T17:12:42.0340130Z
............................Failed qa: 2001-07-24T17:21:34.0757484Z
............................Failed qa: 2001-08-01T17:12:38.4610060Z
........................................................Failed qa: 2001-08-17T17:12:36.7050880Z
............................Failed qa: 2001-08-25T17:21:04.9350286Z
............................