{'project_id': '3132', 'year': '2001', 'x': -489030, 'y': 1288020, 'plot_id': '219', 'strata': '41'}
Pandas(Index=0, project_id='3132', plot_id='219', x=-489030, y=1288020)
called process_plot
Pandas(Index=0, project_id='3132', plot_id='219', x=-489030, y=1288020)
219
Writing pickle: dev-nlcd-developer timesync/2001/audit/2001_0219_3132.p
Failed qa: 2001-01-06T17:16:57.737614Z
.......Failed qa: 2001-01-14T17:06:10.595044Z
.......Failed qa: 2001-01-22T17:17:03.172713Z
Failed qa: 2001-01-23T17:00:38.5070190Z
Failed qa: 2001-01-30T17:06:17.504088Z
.......Failed qa: 2001-02-07T17:16:43.619255Z
.......Failed qa: 2001-02-15T17:06:19.020025Z
.......Failed qa: 2001-02-23T17:16:30.2013838Z
.......Failed qa: 2001-03-03T17:06:40.515572Z
.......Failed qa: 2001-03-11T17:16:50.962920Z
.......Failed qa: 2001-03-19T17:06:41.123047Z
.......Failed qa: 2001-04-04T17:06:16.363050Z
.......Failed qa: 2001-04-12T17:16:26.955434Z
.......Failed qa: 2001-04-20T17:06:31.309050Z
.......Failed qa: 2001-04-28T17:16:24.771414Z
.......Failed qa: 2001-05-06T17:06:32.095040Z
.......Failed qa: 2001-05-14T17:16:24.814635Z
.......Failed qa: 2001-05-22T17:06:43.329550Z
.......Failed qa: 2001-05-30T17:16:17.354151Z
.......Failed qa: 2001-06-07T17:06:42.038038Z
.......