{'project_id': '3132', 'year': '2001', 'x': -615300, 'y': 1258770, 'plot_id': '126', 'strata': '41'}
Pandas(Index=0, project_id='3132', plot_id='126', x=-615300, y=1258770)
called process_plot
Pandas(Index=0, project_id='3132', plot_id='126', x=-615300, y=1258770)
126
Writing pickle: dev-nlcd-developer timesync/2001/audit/2001_0126_3132.p
Failed qa: 2001-01-05T17:12:24.934038Z
..............Failed qa: 2001-01-07T17:00:17.646516Z
Failed qa: 2001-01-13T17:23:11.358642Z
..............Failed qa: 2001-01-15T17:11:01.659854Z
Failed qa: 2001-01-21T17:12:36.046547Z
..............Failed qa: 2001-01-23T17:00:38.5070190Z
Failed qa: 2001-01-29T17:23:12.925553Z
..............Failed qa: 2001-01-31T17:11:02.058142Z
Failed qa: 2001-02-06T17:12:31.704022Z
..............Failed qa: 2001-02-08T17:00:22.2560130Z
Failed qa: 2001-02-14T17:23:08.257709Z
..............Failed qa: 2001-02-16T17:10:58.227203Z
Failed qa: 2001-02-22T17:12:47.334557Z
Failed qa: 2001-02-23T17:16:30.2013838Z
Failed qa: 2001-02-24T17:00:39.283053Z
Failed qa: 2001-03-02T17:23:02.439106Z
Failed qa: 2001-03-03T17:07:04.3650880Z
Failed qa: 2001-03-03T17:06:40.515572Z
Failed qa: 2001-03-04T17:10:53.205967Z
Failed qa: 2001-03-10T17:12:49.436050Z
..............Failed qa: 2001-03-12T17:00:38.462079Z
Failed qa: 2001-03-18T17:22:56.335772Z
..............Failed qa: 2001-03-20T17:10:44.292421Z
Failed qa: 2001-03-26T17:13:16.5190940Z
Failed qa: 2001-04-03T17:22:45.529945Z
..............Failed qa: 2001-04-05T17:10:23.3681922Z
..............Failed qa: 2001-04-13T17:00:29.706034Z
Failed qa: 2001-04-19T17:22:49.220290Z
..............Failed qa: 2001-04-21T17:10:38.696276Z
Failed qa: 2001-04-27T17:12:51.784563Z
..............Failed qa: 2001-04-29T17:00:43.726047Z
Failed qa: 2001-05-05T17:22:45.431012Z
..............Failed qa: 2001-05-07T17:10:34.203215Z
Failed qa: 2001-05-13T17:12:52.251537Z
..............Failed qa: 2001-05-15T17:00:41.302522Z
Failed qa: 2001-05-21T17:22:33.455011Z
..............Failed qa: 2001-05-23T17:10:23.109662Z
Failed qa: 2001-05-29T17:13:01.194072Z
..............Failed qa: 2001-05-31T17:00:52.780072Z
Failed qa: 2001-06-06T17:22:21.216457Z
..............Failed qa: 2001-06-08T17:10:11.091361Z
Failed qa: 2001-06-14T17:13:03.314550Z
..............Failed qa: 2001-06-16T17:00:52.419562Z
Failed qa: 2001-06-22T17:22:08.814082Z
..............Failed qa: 2001-06-24T17:09:56.075523Z
Failed qa: 2001-06-30T17:13:04.454562Z
..............Failed qa: 2001-07-02T17:00:55.449072Z
Failed qa: 2001-07-08T17:22:04.751698Z
..............Failed qa: 2001-07-10T17:09:54.875563Z
Failed qa: 2001-07-11T16:54:58.1990810Z
Failed qa: 2001-07-16T17:12:53.962035Z
..............Failed qa: 2001-07-18T17:00:55.124069Z
Failed qa: 2001-07-24T17:21:57.964298Z
..............Failed qa: 2001-07-26T17:09:46.604413Z
Failed qa: 2001-08-01T17:13:02.318503Z
..............Failed qa: 2001-08-03T17:00:52.568534Z
..............Failed qa: 2001-08-11T17:09:27.909878Z
Failed qa: 2001-08-17T17:13:00.563563Z
..............Failed qa: 2001-08-19T17:00:50.083085Z
Failed qa: 2001-08-25T17:21:28.820859Z
..............Failed qa: 2001-08-27T17:09:17.675598Z
Failed qa: 2001-09-02T17:12:52.966028Z
..............Failed qa: 2001-09-04T17:00:42.689575Z
Failed qa: 2001-09-10T17:21:17.298496Z
Failed qa: 2001-09-12T17:09:06.483960Z
Failed qa: 2001-09-18T17:12:46.445043Z
..............Failed qa: 2001-09-20T17:00:36.663050Z
Failed qa: 2001-09-26T17:21:08.890220Z
..............Failed qa: 2001-09-28T17:08:45.088833Z
Failed qa: 2001-10-04T17:12:37.242059Z
Failed qa: 2001-10-06T17:00:26.887515Z
Failed qa: 2001-10-12T17:21:03.925635Z
..............Failed qa: 2001-10-14T17:08:45.675343Z
Failed qa: 2001-10-20T17:12:36.635088Z
..............Failed qa: 2001-10-22T17:00:23.301551Z
Failed qa: 2001-10-28T17:21:00.333037Z
..............Failed qa: 2001-10-30T17:08:48.717807Z
Failed qa: 2001-11-05T17:12:20.781547Z
..............Failed qa: 2001-11-07T17:00:00.298562Z
Failed qa: 2001-11-13T17:21:10.896601Z
..............Failed qa: 2001-11-21T17:12:13.684569Z
..............Failed qa: 2001-11-23T17:00:05.771032Z
Failed qa: 2001-11-29T17:21:15.482191Z
..............Failed qa: 2001-12-01T17:08:52.4114745Z
Writing pickle: dev-nlcd-developer timesync/2001/audit/2001_0126_3132_qa_rejects.p
Success tracking goes here
