{'project_id': '3132', 'year': '2001', 'x': -611910, 'y': 1362270, 'plot_id': '159', 'strata': '41'}
Pandas(Index=0, project_id='3132', plot_id='159', x=-611910, y=1362270)
called process_plot
Pandas(Index=0, project_id='3132', plot_id='159', x=-611910, y=1362270)
159
Writing pickle: dev-nlcd-developer timesync/2001/audit/2001_0159_3132.p
Failed qa: 2001-01-04T17:28:53.8436904Z
Failed qa: 2001-01-05T17:12:13.010541Z
Failed qa: 2001-01-05T17:12:24.934038Z
Failed qa: 2001-01-05T17:12:01.0870440Z
............................Failed qa: 2001-01-07T16:59:53.799516Z
Failed qa: 2001-01-07T17:00:17.646516Z
Failed qa: 2001-01-12T17:18:19.0400380Z
Failed qa: 2001-01-13T17:22:59.411730Z
Failed qa: 2001-01-13T17:23:11.358642Z
Failed qa: 2001-01-13T17:22:47.4715440Z
............................Failed qa: 2001-01-15T17:10:37.769322Z
Failed qa: 2001-01-15T17:11:01.659854Z
Failed qa: 2001-01-20T17:29:00.2544732Z
Failed qa: 2001-01-21T17:12:24.122556Z
Failed qa: 2001-01-21T17:12:36.046547Z
Failed qa: 2001-01-21T17:12:12.1260500Z
............................Failed qa: 2001-01-23T17:00:38.5070190Z
Failed qa: 2001-01-28T17:18:25.8120190Z
Failed qa: 2001-01-29T17:23:00.977980Z
Failed qa: 2001-01-29T17:23:12.925553Z
Failed qa: 2001-01-29T17:22:49.0378394Z
............................Failed qa: 2001-01-31T17:10:38.158492Z
Failed qa: 2001-01-31T17:11:02.058142Z
Failed qa: 2001-02-05T17:28:54.2445676Z
Failed qa: 2001-02-06T17:12:31.704022Z
Failed qa: 2001-02-06T17:12:31.704022Z
Failed qa: 2001-02-06T17:12:19.7800000Z
............................Failed qa: 2001-02-08T17:00:22.2560130Z
Failed qa: 2001-02-08T17:00:22.2560130Z
Failed qa: 2001-02-13T17:18:29.8400250Z
Failed qa: 2001-02-14T17:22:56.304097Z
Failed qa: 2001-02-14T17:23:08.257709Z
Failed qa: 2001-02-14T17:22:44.3648855Z
............................Failed qa: 2001-02-16T17:10:34.339255Z
Failed qa: 2001-02-16T17:10:58.227203Z
Failed qa: 2001-02-21T17:28:53.0631132Z
Failed qa: 2001-02-22T17:12:35.337525Z
Failed qa: 2001-02-22T17:12:47.334557Z
Failed qa: 2001-02-22T17:12:23.4130190Z
Failed qa: 2001-02-23T17:16:30.2013838Z
Failed qa: 2001-02-23T17:16:18.250059Z
Failed qa: 2001-02-23T17:16:30.2013838Z
Failed qa: 2001-02-24T17:00:15.433566Z
Failed qa: 2001-02-24T17:00:39.283053Z
Failed qa: 2001-03-01T17:18:37.9010190Z
Failed qa: 2001-03-02T17:22:50.493226Z
Failed qa: 2001-03-02T17:23:02.439106Z
Failed qa: 2001-03-02T17:22:38.5504707Z
Failed qa: 2001-03-03T17:06:16.6660560Z
Failed qa: 2001-03-03T17:07:04.3650880Z
Failed qa: 2001-03-03T17:06:04.668550Z
Failed qa: 2001-03-03T17:06:40.515572Z
Failed qa: 2001-03-04T17:10:29.317144Z
Failed qa: 2001-03-04T17:10:53.205967Z
Failed qa: 2001-03-09T17:28:49.4266177Z
Failed qa: 2001-03-10T17:12:37.511050Z
Failed qa: 2001-03-10T17:12:49.436050Z
Failed qa: 2001-03-10T17:12:25.5130750Z
............................Failed qa: 2001-03-12T17:00:14.539538Z
Failed qa: 2001-03-12T17:00:38.462079Z
Failed qa: 2001-03-18T17:22:44.389530Z
Failed qa: 2001-03-18T17:22:56.335772Z
Failed qa: 2001-03-18T17:22:32.4484670Z
............................Failed qa: 2001-03-20T17:10:20.403423Z
Failed qa: 2001-03-20T17:10:44.292421Z
Failed qa: 2001-03-25T17:28:40.0740957Z
Failed qa: 2001-03-26T17:13:16.5190940Z
Failed qa: 2001-04-02T17:18:32.7930630Z
Failed qa: 2001-04-03T17:22:33.583601Z
Failed qa: 2001-04-03T17:22:45.529945Z
Failed qa: 2001-04-03T17:22:21.6409993Z
............................Failed qa: 2001-04-05T17:10:11.428338Z
Failed qa: 2001-04-05T17:10:23.3681922Z
Failed qa: 2001-04-10T17:28:35.4426656Z
............................Failed qa: 2001-04-13T17:00:05.781556Z
Failed qa: 2001-04-13T17:00:29.706034Z
Failed qa: 2001-04-18T17:18:28.7210810Z
Failed qa: 2001-04-19T17:22:37.271083Z
Failed qa: 2001-04-19T17:22:49.220290Z
Failed qa: 2001-04-19T17:22:25.3315560Z
............................Failed qa: 2001-04-21T17:10:14.807475Z
Failed qa: 2001-04-21T17:10:38.696276Z
Failed qa: 2001-04-26T17:28:33.9708356Z
Failed qa: 2001-04-27T17:12:39.858554Z
Failed qa: 2001-04-27T17:12:51.784563Z
Failed qa: 2001-04-27T17:12:27.9320880Z
............................Failed qa: 2001-04-29T17:00:19.801044Z
Failed qa: 2001-04-29T17:00:43.726047Z
Failed qa: 2001-05-04T17:18:42.1140880Z
Failed qa: 2001-05-05T17:22:33.485388Z
Failed qa: 2001-05-05T17:22:45.431012Z
Failed qa: 2001-05-05T17:22:21.5428548Z
............................Failed qa: 2001-05-07T17:10:10.316415Z
Failed qa: 2001-05-07T17:10:34.203215Z
Failed qa: 2001-05-12T17:28:25.2894045Z
Failed qa: 2001-05-13T17:12:40.252516Z
Failed qa: 2001-05-13T17:12:52.251537Z
Failed qa: 2001-05-13T17:12:28.3260190Z
............................Failed qa: 2001-05-15T17:00:17.376544Z
Failed qa: 2001-05-15T17:00:41.302522Z
Failed qa: 2001-05-20T17:18:40.4470630Z
Failed qa: 2001-05-21T17:22:21.507717Z
Failed qa: 2001-05-21T17:22:33.455011Z
Failed qa: 2001-05-21T17:22:09.5707539Z
............................Failed qa: 2001-05-23T17:09:59.225845Z
Failed qa: 2001-05-23T17:10:23.109662Z
Failed qa: 2001-05-28T17:28:16.8068506Z
Failed qa: 2001-05-29T17:12:49.267066Z
Failed qa: 2001-05-29T17:13:01.194072Z
Failed qa: 2001-05-29T17:12:37.3400630Z
...