{'project_id': '3132', 'year': '1995', 'x': -512100, 'y': 1319940, 'plot_id': '267', 'strata': '41'}
Pandas(Index=0, project_id='3132', plot_id='267', x=-512100, y=1319940)
called process_plot
Pandas(Index=0, project_id='3132', plot_id='267', x=-512100, y=1319940)
267
Writing pickle: dev-nlcd-developer timesync/1995/audit/1995_0267_3132.p
.......Failed qa: 1995-01-14T16:38:55.545050Z
.......Failed qa: 1995-01-30T16:38:30.994528Z
.......Failed qa: 1995-02-15T16:37:51.316556Z
.......Failed qa: 1995-03-03T16:37:02.679053Z
.......Failed qa: 1995-03-19T16:36:22.497025Z
Failed qa: 1995-04-04T16:35:55.163544Z
.......Failed qa: 1995-04-20T16:35:02.385522Z
.......Failed qa: 1995-05-06T16:34:31.545034Z
.......Failed qa: 1995-05-22T16:33:48.278047Z
.......Failed qa: 1995-06-07T16:32:50.862572Z
.......Failed qa: 1995-06-23T16:32:09.232081Z
.......Failed qa: 1995-07-09T16:31:13.0390880Z
.......Failed qa: 1995-07-25T16:30:53.609029Z
.......Failed qa: 1995-08-10T16:29:57.938066Z
Failed qa: 1995-08-12T16:18:06.6680440Z
Failed qa: 1995-08-19T16:23:57.9560630Z
Failed qa: 1995-08-26T16:29:13.312040Z
Failed qa: 1995-08-28T16:17:09.833063Z
.......Failed qa: 1995-09-11T16:28:27.147047Z
Failed qa: 1995-09-13T16:16:23.577557Z
Failed qa: 1995-09-27T16:27:51.024000Z
Failed qa: 1995-09-29T16:15:35.154554Z
.......Failed qa: 1995-10-13T16:26:48.040543Z
Failed qa: 1995-10-15T16:14:43.599057Z
.......Failed qa: 1995-10-29T16:25:41.7880130Z
.......Failed qa: 1995-11-14T16:25:46.769535Z
.......Writing pickle: dev-nlcd-developer timesync/1995/audit/1995_0267_3132_qa_rejects.p
Success tracking goes here
