{'project_id': '3132', 'year': '1995', 'x': -469110, 'y': 1304250, 'plot_id': '202', 'strata': '41'}
Pandas(Index=0, project_id='3132', plot_id='202', x=-469110, y=1304250)
called process_plot
Pandas(Index=0, project_id='3132', plot_id='202', x=-469110, y=1304250)
202
Writing pickle: dev-nlcd-developer timesync/1995/audit/1995_0202_3132.p
..............Failed qa: 1995-01-09T16:20:57.868050Z
Failed qa: 1995-01-14T16:38:55.545050Z
Failed qa: 1995-01-16T16:27:05.3840060Z
..............Failed qa: 1995-01-25T16:20:22.123544Z
Failed qa: 1995-01-30T16:38:30.994528Z
Failed qa: 1995-02-01T16:26:04.536519Z
..............Failed qa: 1995-02-10T16:19:43.640022Z
Failed qa: 1995-02-15T16:37:51.316556Z
Failed qa: 1995-02-17T16:25:25.343056Z
..............Failed qa: 1995-02-26T16:19:05.956584Z
Failed qa: 1995-03-03T16:37:02.679053Z
Failed qa: 1995-03-05T16:25:12.0380630Z
..............Failed qa: 1995-03-19T16:36:22.497025Z
Failed qa: 1995-03-21T16:24:07.599037Z
Failed qa: 1995-04-04T16:35:55.163544Z
Failed qa: 1995-04-06T16:23:28.585560Z
..............Failed qa: 1995-04-15T16:17:06.837087Z
Failed qa: 1995-04-20T16:35:02.385522Z
..............Failed qa: 1995-05-01T16:16:24.613528Z
Failed qa: 1995-05-06T16:34:31.545034Z
Failed qa: 1995-05-08T16:22:04.354594Z
..............Failed qa: 1995-05-17T16:15:41.425031Z
Failed qa: 1995-05-22T16:33:48.278047Z
..............Failed qa: 1995-06-02T16:14:56.905047Z
Failed qa: 1995-06-07T16:32:50.862572Z
Failed qa: 1995-06-09T16:20:48.081535Z
..............Failed qa: 1995-06-18T16:14:13.942068Z
Failed qa: 1995-06-23T16:32:09.232081Z
Failed qa: 1995-06-25T16:19:54.067031Z
..............Failed qa: 1995-07-04T16:13:30.487556Z
Failed qa: 1995-07-09T16:31:13.0390880Z
Failed qa: 1995-07-11T16:19:09.709547Z
..............Failed qa: 1995-07-20T16:12:46.583062Z
Failed qa: 1995-07-25T16:30:53.609029Z
Failed qa: 1995-07-27T16:18:26.519041Z
..............Failed qa: 1995-08-05T16:12:03.146072Z
Failed qa: 1995-08-10T16:29:57.938066Z
Failed qa: 1995-08-12T16:18:06.6680440Z
Failed qa: 1995-08-12T16:17:42.727069Z
Failed qa: 1995-08-19T16:23:57.9560630Z
Failed qa: 1995-08-19T16:23:34.015038Z
Failed qa: 1995-08-21T16:11:18.811550Z
Failed qa: 1995-08-26T16:29:13.312040Z
Failed qa: 1995-08-28T16:17:09.833063Z
Failed qa: 1995-08-28T16:16:57.898066Z
..............Failed qa: 1995-09-06T16:10:33.240563Z
Failed qa: 1995-09-11T16:28:27.147047Z
Failed qa: 1995-09-13T16:16:23.577557Z
Failed qa: 1995-09-13T16:16:11.569572Z
Failed qa: 1995-09-27T16:27:51.024000Z
Failed qa: 1995-09-29T16:15:35.154554Z
Failed qa: 1995-09-29T16:15:23.146516Z
..............Failed qa: 1995-10-08T16:08:55.747044Z
Failed qa: 1995-10-13T16:26:48.040543Z
Failed qa: 1995-10-15T16:14:43.599057Z
Failed qa: 1995-10-15T16:14:31.735041Z
..............Failed qa: 1995-10-24T16:08:02.495069Z
Failed qa: 1995-10-29T16:25:41.7880130Z
..............Failed qa: 1995-11-09T16:07:39.705569Z
Failed qa: 1995-11-14T16:25:46.769535Z
Failed qa: 1995-11-16T16:13:40.704050Z
..............Writing pickle: dev-nlcd-developer timesync/1995/audit/1995_0202_3132_qa_rejects.p
Success tracking goes here
